2c2
< # Date: Thu Sep 14 10:47:34 2023
---
> # Date: Mon Sep 18 11:20:02 2023
4c4
< # CMDline: makeFEP.py
---
> # CMDline: makeFEPcys.py
12,16c12,16
< 1               $49.SE$        #  49.SE           SEC.SE            !
< 2               $49.HG$        #  49.HG           SEC.HG            !
< 3               $49.CB$        #  49.CB           SEC.CB             
< 4               $49.HB2$       #  49.HB2          SEC.HB2            
< 5               $49.HB3$       #  49.HB3          SEC.HB3            
---
> 1               $49.SG$        #  49.SG           CYS.SG            !
> 2               $49.HG$        #  49.HG           CYS.HG            !
> 3               $49.CB$        #  49.CB           CYS.CB             
> 4               $49.HB2$       #  49.HB2          CYS.HB2            
> 5               $49.HB3$       #  49.HB3          CYS.HB3            
27,29c27,29
< sec.SE        3539.0052    72.7784      <FIX>        2.5  2502.4546    51.4621      78.96
< sen.SE1       3539.0052    72.7784      <FIX>        2.5  2502.4546    51.4621      78.96
< sec.HG          84.5728     5.4127      <FIX>        2.5     59.802     3.8274     1.0079
---
> SH              2001.57      44.74      <FIX>        2.5  1415.3237     31.636      32.06
> snn.SG        2593.9355     55.597      <FIX>        2.5  1834.1894     39.313     32.065
> HS                  0.0        0.0      <FIX>        2.5        0.0        0.0      1.008
31,36c31,35
< sec.CB          944.518    22.0296          1        2.5   667.8751    15.5773     12.011
< sen.CB          944.518    22.0296          1        2.5   667.8751    15.5773     12.011
< sec.HB2         84.5728     5.4127          1        2.5     59.802     3.8274     1.0079
< sen.HB2         84.5728     5.4127          1        2.5     59.802     3.8274     1.0079
< sec.HB3         84.5728     5.4127          1        2.5     59.802     3.8274     1.0079
< sen.HB3         84.5728     5.4127          1        2.5     59.802     3.8274     1.0079
---
> CT               944.52      22.03          1        2.5   667.8765    15.5776      12.01
> snn.CB          944.518    22.0296          1        2.5   667.8751    15.5773     12.011
> HC                84.57       5.41          1        2.5       59.8     3.8254      1.008
> snn.HB2         84.5728     5.4127          1        2.5     59.802     3.8274     1.0079
> snn.HB3         84.5728     5.4127          1        2.5     59.802     3.8274     1.0079
39c38
< sen.OS          760.645    25.0448      <FIX>        2.5   537.8572    17.7093     15.999
---
> snn.OS          760.645    25.0448      <FIX>        2.5   537.8572    17.7093     15.999
42c41
< sen.HG           0.0054     0.0433          1        2.5     0.0038     0.0306     1.0079
---
> snn.HG           0.0054     0.0433          1        2.5     0.0038     0.0306     1.0079
47,51c46,50
< 1           sec.SE       sen.SE1         #  49.SE
< 2           sec.HG       HW              #  49.HG
< 3           sec.CB       sen.CB          #  49.CB
< 4           sec.HB2      sen.HB2         #  49.HB2
< 5           sec.HB3      sen.HB3         #  49.HB3
---
> 1           SH           snn.SG          #  49.SG
> 2           HS           HW              #  49.HG
> 3           CT           snn.CB          #  49.CB
> 4           HC           snn.HB2         #  49.HB2
> 5           HC           snn.HB3         #  49.HB3
53c52
< 7           prx.O        sen.OS          #  199.O2
---
> 7           prx.O        snn.OS          #  199.O2
55c54
< 9           prx.H        sen.HG          #  199.H2
---
> 9           prx.H        snn.HG          #  199.H2
62,64c61,63
< 1                 -0.189       0.1207    #  49.SE            0.3097
< 2                 0.0872        0.417    #  49.HG            0.3298
< 3                -0.0182      -0.0182    #  49.CB               0.0
---
> 1                 -0.335       0.0475    #  49.SG            0.3825
> 2                  0.155        0.417    #  49.HG             0.262
> 3                   0.06       0.0475    #  49.CB      -0.012499999999999997
68c67
< 7                 -0.418      -0.6405    #  199.O2     -0.22249999999999998
---
> 7                 -0.418       -0.633    #  199.O2     -0.21500000000000002
104c103
< 4         <FIX_D>    <FIX_a>     <FIX_r0>   # sec.HG-sec.SE
---
> 4         <FIX_D>    <FIX_a>     <FIX_r0>   # HS-SH
107c106
< 7         <FIX_D>    <FIX_a>     <FIX_r0>   # sen.OS-sen.SE1
---
> 7         <FIX_D>    <FIX_a>     <FIX_r0>   # snn.OS-snn.SG
116c115
< $49.SE$    $49.HG$      4     0     # 49.SE-49.HG
---
> $49.SG$    $49.HG$      4     0     # 49.SG-49.HG
121c120
< $49.SE$    $199.O2$     0     7     # 49.SE-199.O2
---
> $49.SG$    $199.O2$     0     7     # 49.SG-199.O2
129c128
< 4             150.0       99.0   # sec.CB-sec.SE-sec.HG
---
> 4              88.0       96.0   # CT-SH-HS
131c130
< 6             150.0       99.0   # sen.CB-sen.SE1-sen.OS
---
> 6             220.0     100.78   # snn.CB-snn.SG-snn.OS
133c132
< 8             100.0      110.0   # sen.HG-sen.OS-sen.SE1
---
> 8             130.0     106.24   # snn.HG-snn.OS-snn.SG
142c141
< $49.CB$    $49.SE$    $49.HG$      4     0     # 49.CB-49.SE-49.HG
---
> $49.CB$    $49.SG$    $49.HG$      4     0     # 49.CB-49.SG-49.HG
147c146
< $49.CB$    $49.SE$    $199.O2$     0     6     # 49.CB-49.SE-199.O2
---
> $49.CB$    $49.SG$    $199.O2$     0     6     # 49.CB-49.SG-199.O2
150c149
< $49.SE$    $199.O2$   $199.H2$     0     8     # 49.SE-199.O2-199.H2
---
> $49.SG$    $199.O2$   $199.H2$     0     8     # 49.SG-199.O2-199.H2
155,159c154,157
< 2               0.0        1.0        0.0   # sec.HB2-sec.CB-sec.SE-sec.HG
< 3               0.0        1.0        0.0   # sec.HB3-sec.CB-sec.SE-sec.HG
< 4              -2.5        2.0      180.0   # sen.CB-sen.SE1-sen.OS-sen.HG
< 5               0.0        1.0        0.0   # sen.HB2-sen.CB-sen.SE1-sen.OS
< 6               0.0        1.0        0.0   # sen.HB3-sen.CB-sen.SE1-sen.OS
---
> 2              0.24        3.0        0.0   # HC-CT-SH-HS
> 3              -2.5        2.0      180.0   # snn.CB-snn.SG-snn.OS-snn.HG
> 4              0.24        3.0        0.0   # snn.HB2-snn.CB-snn.SG-snn.OS
> 5              0.24        3.0        0.0   # snn.HB3-snn.CB-snn.SG-snn.OS
164,168c162,166
< $49.HB2$   $49.CB$    $49.SE$    $49.HG$      2     0     # 49.HB2-49.CB-49.SE-49.HG
< $49.HB3$   $49.CB$    $49.SE$    $49.HG$      3     0     # 49.HB3-49.CB-49.SE-49.HG
< $49.CB$    $49.SE$    $199.O2$   $199.H2$     0     4     # 49.CB-49.SE-199.O2-199.H2
< $49.HB2$   $49.CB$    $49.SE$    $199.O2$     0     5     # 49.HB2-49.CB-49.SE-199.O2
< $49.HB3$   $49.CB$    $49.SE$    $199.O2$     0     6     # 49.HB3-49.CB-49.SE-199.O2
---
> $49.HB2$   $49.CB$    $49.SG$    $49.HG$      2     0     # 49.HB2-49.CB-49.SG-49.HG
> $49.HB3$   $49.CB$    $49.SG$    $49.HG$      2     0     # 49.HB3-49.CB-49.SG-49.HG
> $49.CB$    $49.SG$    $199.O2$   $199.H2$     0     3     # 49.CB-49.SG-199.O2-199.H2
> $49.HB2$   $49.CB$    $49.SG$    $199.O2$     0     4     # 49.HB2-49.CB-49.SG-199.O2
> $49.HB3$   $49.CB$    $49.SG$    $199.O2$     0     5     # 49.HB3-49.CB-49.SG-199.O2
