
Build and version information

Build number 6.0.9
Build date   20231024
Built:       
      by     nayanika
      on     nayanika-HP-Pavilion-Gaming-Laptop-15-ec0xxx
      git id adc28a635c78993922188615a73366ace3402081
      with   GNU Fortran Ubuntu 9.4.0-1ubuntu1~20.04.2 9.4.0
Qdyn version 6.0.9 , git id=adc28a635c78993922188615a73366ace3402081 initialising
Current date 2024- 1-22 and time 19:10:44

Welcome in qdyn modification date 20231024

 Q6, Copyright © 2017 Johan Åqvist, John Marelius, Shina Caroline Lynn Kamerlin and Paul Bauer
 Q6 comes with ABSOLUTELY NO WARRANTY.  This is free software, and you are welcome
 to redistribute it under certain conditions. For details, add the --help flag.
----------------------- Reading input from relax_004.inp ----------------------
Number of MD steps =       200  Stepsize (fs)    =     0.100
 Not being verbose in temperature print out
Target temperature =     50.00  T-relax time     =    100.00
 No thermostat chosen. Berendsen thermostat will be used.
 Leap frog integrator used by default.
Solute and solvent atoms coupled separately to heat bath.
May redefine groups in later section
 Using Shake as the constraint algorithm
Shake constraints on solvent bonds to hydrogens : on 
Shake constraints on solute bonds to any atoms : off
Nonbonded method   = standard cut-off
Using default temperature coupling groups
Boundary: sphere
Cut-off radii for non-bonded interactions:
Solute-solute:     10.00
Solvent-solvent:   10.00
Solute-solvent:    10.00
Q-atom-non-Q-atom: 99.00
 Radius of inner restrained shell set to 85% of exclusion shell radius.
Radius of inner restrained shell       =       0.850
Polarization force update at default 10/ps
Update every 1000 steps
temperature print-out interval set to default.
Non-bonded pair list update interval   =      30
Energy summary print-out interval      =     100
Temperature print-out interval         =      10
Trajectory write interval              =     100
No energy file written.
All atoms will be included in the trajectory.
Topology file      = GPX6cys_mouse.top
Initial coord. file= relax_003.re
Final coord. file  = relax_004.re
Trajectory file    = relax_004.dcd
FEP input file     = correctedGPX6_mousecys.fep

lambda-values      =  0.90000 0.10000

List of excluded atom groups
No QCP section found, will not try to use RPMD.

Listing of restraining data:
---------------------------- Reading topology file ---------------------------
GPX6cys_mouse.top                                                               

No. of solute atoms     =       3058
No. of solvent atoms    =       1740
Solvent dielectric*1000 =     80100
No. of coordinates      =      14394
No. of atom type codes  =       4798
No. of solute bonds     =       3104
No. of solvent bonds    =       1740
No. of solute angles    =       5597
No. of solvent angles   =        580
No. of solute torsions  =      10854
No. of solvent torsions =          0
No. of solute impropers =        650
No. of solvent impropers=          0
No. of atomic charges   =       4798
No. of solute chargegrps=        549
No. of solvent chargegps=        580
Charge group cut-off    : Switching atoms
vdW  rule [ 1=G / 2=A ] =          1
El-static 1-4 damping   =      0.500
Coulomb constant        =   332.0000
No. of atom types       =         86
No. of LJ type 2 pairs  =          0
No. of heavy atoms      =       2139
No. of 1-4 neighbours   =       8172
No. long-range 1-4 nbrs =          4
No. of nbor exclusions  =      11021
No. of long-range excls =          0
No. of residues         =        777
No of solute residues   =        197
No. of molecules        =        583
Atom type names         =         86
SYBYL atom types        =         86
Boundary: sphere
Exclusion radius        =     20.000
Eff. solvent radius     =     19.790
Solvent density         =   0.03350000
Solute centre           =     43.704    34.968    42.174
Solvent centre          =     43.704    34.968    42.174
No. of excluded atoms   =       1268
Molecular topology read successfully.

Found      536 solute atoms in the restrained shell region ( 17.00 to  20.00)
----------------------------- Reading restart file ----------------------------
Total number of atoms        =    4798
Number of waters encountered =     580

----------------------------- Reading Q atom list ----------------------------
No. of fep/evb states    =     2
No. of fep/evb atoms     =    12
Atom nos.:   730   733   729   731   732  3052  3053  3054  3055  3056
Atom nos.:  3057  3058
--------------------------- Reading fep/evb strategy --------------------------

No. of changing charges  =    12
Effective Q-atom charges for all Q-atoms
Q atom    charge in state 1 state 2
     1               -0.335   0.048
     2                0.155   0.417
     3                0.060   0.048
     4                0.060   0.060
     5                0.060   0.060
     6               -0.418  -0.800
     7               -0.418  -0.633
     8                0.418   0.400
     9                0.418   0.418
    10               -0.800  -0.834
    11                0.400   0.417
    12                0.400   0.400

   SUM               -0.000   0.000

No. of Q-atom types  =    16
Name            Ai      Bi      Ci     ai Ai(1-4) Bi(1-4)    Mass
SH         2001.57   44.74  165.00  1.58  1415.32   31.64   32.06
snn.SG     2593.94   55.60  165.00  1.58  1834.19   39.31   32.06
HS           84.57    5.41    1.00  1.58    59.80    3.83    1.01
HW           50.00    0.00    1.00  1.58     0.00    0.00    1.01
CT          944.52   22.03    1.00  1.58   667.88   15.58   12.01
snn.CB      944.52   22.03    1.00  1.58   667.88   15.58   12.01
HC           84.57    5.41    1.00  1.58    59.80    3.83    1.01
snn.HB2      84.57    5.41    1.00  1.58    59.80    3.83    1.01
snn.HB3      84.57    5.41    1.00  1.58    59.80    3.83    1.01
prx.O       760.64   25.04    1.00  1.58   537.86   17.71   16.00
HO2.ow      762.89   24.39    1.00  1.58   539.44   17.25   16.00
snn.OS      760.64   25.04    1.00  1.58   537.86   17.71   16.00
prx.H         0.01    0.04    1.00  1.58     0.00    0.03    1.01
HO2.hw       50.00    0.00    1.00  1.58     0.00    0.00    1.01
snn.HG        0.01    0.04    1.00  1.58     0.00    0.03    1.01
OW          762.89   24.39    1.00  1.58   539.44   17.25   16.00

Assigning Q-atom types to all Q atoms:
Q atom    atom type in  state 1  state 2
     1                  SH       snn.SG  
     2                  HS       HW      
     3                  CT       snn.CB  
     4                  HC       snn.HB2 
     5                  HC       snn.HB3 
     6                  prx.O    HO2.ow  
     7                  prx.O    snn.OS  
     8                  prx.H    HO2.hw  
     9                  prx.H    snn.HG  
    10                  HO2.ow   OW      
    11                  HO2.hw   HW      
    12                  HO2.hw   HO2.hw  

No. of soft repulsion non-bonded pairs =     9
q-atom_i q-atom_j
       6        7
      11       12
      10       12
       1        2
      12        8
       6       12
      11        2
      10        2
       1        7

No. of excluded non-bonded pairs =     1
atom_i atom_j    excluded in state 1 state 2
  3052   3053                      1       1

Q-bond types:
type #  Morse E_diss    alpha       b0  Harmonic force_k 
     1         54.00     2.32     1.32
     2        102.00     2.26     0.96
     3        104.00     1.99     0.74
     4        102.00     2.26     0.96
     5         81.00     1.87     1.32
     6        104.00     1.99     0.74
     7        102.00     2.26     0.96
     8        102.00     2.26     0.96
     9         81.00     1.87     1.32
    10        102.00     2.26     0.96
    11        102.00     2.26     0.96


No. of changing bonds    =    10
atom_i atom_j   bond type in state 1 state 2
  3052   3053                      1       0
  3057   3058                      2       0
  3056   3058                      3       0
   761    764                      4       0
  3054   3058                      0       2
  3052   3058                      0       3
   764   3057                      0       5
   764   3056                      0       6
   761   3053                      0       7
  3052   3054                      8       9

Q-angle types:
type #       force-k   theta0
     1        160.00   102.22
     2        200.00   104.52
     3          0.00   127.74
     4         88.00    96.00
     5          0.00   127.74
     6        220.00   100.78
     7        200.00   104.52
     8        130.00   106.24


No. of changing angles   =    14
atom_i atom_j atom_k    angle type in state 1 state 2
  3052   3053   3055                        1       0
  3053   3052   3054                        1       0
  3057   3056   3058                        2       0
  3056   3057   3058                        3       0
  3056   3058   3057                        3       0
   727    761    764                        4       0
  3054   3052   3058                        0       2
  3052   3054   3058                        0       3
  3052   3058   3054                        0       3
  3056    764   3057                        0       5
   727    761   3053                        0       6
   764   3057   3056                        0       5
   764   3056   3057                        0       7
   761   3053   3055                        0       8

Q-torsion types:
type #       force-k     mult    delta
     1         -2.50     2.00   180.00
     2          0.24     3.00     0.00
     3         -2.50     2.00   180.00
     4          0.24     3.00     0.00
     5          0.24     3.00     0.00


No. of changing torsions =     6
atom_i atom_j atom_k atom_l    torsion type in state 1 state 2
  3054   3052   3053   3055                          1       0
   728    727    761    764                          2       0
   729    727    761    764                          2       0
   727    761   3053   3055                          0       3
   728    727    761   3053                          0       4
   729    727    761   3053                          0       5

No. of offdiagonal (Hij) functions =     1
state_i state_j atom_k atom_l     Aij mu_ij
      1       2      1      7    1.00  0.45
No softcore section found. Using normal LJ potentials.

No. atom groups to monitor   =     1
group 1:     730     733     729     731     732    3052    3053
    3054    3055    3056    3057    3058

---------------- Removing redefined interactions from topology ---------------
type      atom1 atom2 atom3 atom4
bond       3054  3052
bond       3052  3053
bond       3056  3058
bond       3057  3058
angle      3054  3052  3053
angle      3052  3053  3055
angle      3057  3056  3058
torsion    3054  3052  3053  3055

---------------------------- Initialising dynamics ---------------------------
Total charge of non-Q atoms             =      -0.58
Total charge of excluded atoms          =      -3.30
Total charge of system                  =      -0.58
Target water sphere radius              =      19.79
Surface inward harmonic force constant  =      60.00
Surface attraction well depth           =       0.84
Surface attraction well width           =       0.48
Water polarisation restraints           : ON, Born correction enabled
Radial polarisation force constant      =      20.00

Setting up 3 water shells for polarisation restraints.
Loaded polarisation restraint data from restart file.
Shell #    outer radius    inner radius
      1           19.79           19.29
      2           19.29           18.29
      3           18.29           16.79

Number of shake constraints             =       1740
No. molecules with shake constraints    =        580
No. of Rcq indep. nb pairs involving q-atoms =   219 in state :  1
No. of Rcq indep. nb pairs involving q-atoms =   208 in state :  2

Coordinates for  4798 atoms will be written to the trajectory.
------------------------ Distribution of charge groups -----------------------
node value solute-solute solute-water  water-water     Q-solute      Q-water       #Shake       #Atoms   #Molecules
     total           549          549          580          549          580          580         4798          583
----------------------------- End of distribution ----------------------------

Initial System total temperatures are : Ttot =    163.87 Tfree =    231.85
Solute               temperatures are : Ttot =     32.77 Tfree =     51.78
Solvent              temperatures are : Ttot =    509.50 Tfree =    509.50

------------------------ Nonbonded pair list generation -----------------------
=======================  Energy summary at step      0 ========================
                          el         vdW        bond       angle     torsion    improper
solute              -4167.40     -362.81      113.28      544.43      451.94       31.59
solvent             -2986.73      -27.41        0.00        0.00        0.00        0.00
solute-solvent        -85.05      -19.80
Q-atom                -28.35       -2.23     -327.33       21.81       -4.05        0.00

                       total         fix   slvnt_rad   slvnt_pol       shell      solute
restraints            -18.22      142.29     -228.74       14.05       54.18        0.00

                       total   potential     kinetic
SUM                 -4807.85    -6866.32     2058.47
======================= Q-atom energies at step      0 ========================
type   st lambda        el       vdW      bond     angle   torsion  improper
Q-Q     1 0.9000      8.68      0.59
Q-Q     2 0.1000   -201.47     26.01

Q-prot  1 0.9000     -3.49     -5.84
Q-prot  2 0.1000     22.90     -1.05

Q-wat   1 0.9000    -15.55     -0.04
Q-wat   2 0.1000    -11.65      0.33

Q-surr. 1 0.9000    -19.05     -5.88
Q-surr. 2 0.1000     11.25     -0.72

Q-any   1 0.9000    -10.37     -5.29   -357.06      8.01     -4.35      0.00
Q-any   2 0.1000   -190.22     25.29    -59.71    146.05     -1.42      0.00

type   st lambda     total restraint
Q-SUM   1 0.9000   -369.06      0.00
Q-SUM   2 0.1000    -80.01      0.00
H( 1, 2) =    0.06 dist. between Q-atoms   1   7 =    6.21
===============================================================================
        Total System temperature at step      10 T=     163.2 Average =  163.519 +-    0.039
         Free System temperature at step      10 T=     230.8 Average =  231.296 +-    0.096
              Solute temperature at step      10 T=      51.8 Average =   51.803 +-    0.000
             Solvent temperature at step      10 T=     506.7 Average =  508.047 +-    0.652
        Total System temperature at step      20 T=     162.4 Average =  162.748 +-    0.059
         Free System temperature at step      20 T=     229.5 Average =  230.105 +-    0.138
              Solute temperature at step      20 T=      51.9 Average =   51.850 +-    0.000
             Solvent temperature at step      20 T=     503.4 Average =  504.948 +-    0.934
------------------------ Nonbonded pair list generation -----------------------
        Total System temperature at step      30 T=     161.4 Average =  161.854 +-    0.074
         Free System temperature at step      30 T=     228.1 Average =  228.741 +-    0.172
              Solute temperature at step      30 T=      51.9 Average =   51.904 +-    0.000
             Solvent temperature at step      30 T=     499.7 Average =  501.394 +-    1.171
        Total System temperature at step      40 T=     160.4 Average =  160.885 +-    0.079
         Free System temperature at step      40 T=     226.6 Average =  227.273 +-    0.181
              Solute temperature at step      40 T=      52.0 Average =   51.978 +-    0.001
             Solvent temperature at step      40 T=     495.8 Average =  497.546 +-    1.254
        Total System temperature at step      50 T=     159.4 Average =  159.876 +-    0.087
         Free System temperature at step      50 T=     225.1 Average =  225.755 +-    0.195
              Solute temperature at step      50 T=      52.1 Average =   52.081 +-    0.001
             Solvent temperature at step      50 T=     491.7 Average =  493.527 +-    1.383
------------------------ Nonbonded pair list generation -----------------------
        Total System temperature at step      60 T=     158.4 Average =  158.873 +-    0.078
         Free System temperature at step      60 T=     223.6 Average =  224.261 +-    0.172
              Solute temperature at step      60 T=      52.3 Average =   52.212 +-    0.002
             Solvent temperature at step      60 T=     487.8 Average =  489.525 +-    1.251
        Total System temperature at step      70 T=     157.5 Average =  157.915 +-    0.074
         Free System temperature at step      70 T=     222.2 Average =  222.848 +-    0.160
              Solute temperature at step      70 T=      52.4 Average =   52.368 +-    0.002
             Solvent temperature at step      70 T=     484.0 Average =  485.692 +-    1.189
        Total System temperature at step      80 T=     156.6 Average =  156.998 +-    0.063
         Free System temperature at step      80 T=     221.0 Average =  221.515 +-    0.131
              Solute temperature at step      80 T=      52.6 Average =   52.544 +-    0.003
             Solvent temperature at step      80 T=     480.5 Average =  482.029 +-    1.007
------------------------ Nonbonded pair list generation -----------------------
        Total System temperature at step      90 T=     155.9 Average =  156.188 +-    0.047
         Free System temperature at step      90 T=     219.9 Average =  220.356 +-    0.094
              Solute temperature at step      90 T=      52.8 Average =   52.735 +-    0.003
             Solvent temperature at step      90 T=     477.5 Average =  478.784 +-    0.752
=======================  Energy summary at step    100 ========================
                          el         vdW        bond       angle     torsion    improper
solute              -4183.80     -363.01      121.30      537.21      452.67       29.91
solvent             -3087.52       59.58        0.00        0.00        0.00        0.00
solute-solvent        -91.56      -22.47
Q-atom                -30.17       -2.57     -328.10       26.49       -0.77        0.00

                       total         fix   slvnt_rad   slvnt_pol       shell      solute
restraints            -26.78      132.78     -232.25        9.72       62.96        0.00

                       total   potential     kinetic
SUM                 -4958.92    -6909.60     1950.68
======================= Q-atom energies at step    100 ========================
type   st lambda        el       vdW      bond     angle   torsion  improper
Q-Q     1 0.9000      9.37     -0.21
Q-Q     2 0.1000   -194.49     13.11

Q-prot  1 0.9000     -0.68     -7.24
Q-prot  2 0.1000     26.78     -4.83

Q-wat   1 0.9000    -21.07      3.27
Q-wat   2 0.1000    -22.53      3.66

Q-surr. 1 0.9000    -21.75     -3.97
Q-surr. 2 0.1000      4.24     -1.17

Q-any   1 0.9000    -12.38     -4.18   -358.37     10.98     -0.82      0.00
Q-any   2 0.1000   -190.25     11.95    -55.72    166.04     -0.37      0.00

type   st lambda     total restraint
Q-SUM   1 0.9000   -364.76      0.00
Q-SUM   2 0.1000    -68.35      0.00
H( 1, 2) =    0.06 dist. between Q-atoms   1   7 =    6.34
===============================================================================
        Total System temperature at step     100 T=     155.2 Average =  155.509 +-    0.030
         Free System temperature at step     100 T=     219.0 Average =  219.404 +-    0.058
              Solute temperature at step     100 T=      53.0 Average =   52.939 +-    0.004
             Solvent temperature at step     100 T=     475.0 Average =  476.049 +-    0.495
        Total System temperature at step     110 T=     154.8 Average =  154.964 +-    0.019
         Free System temperature at step     110 T=     218.4 Average =  218.665 +-    0.033
              Solute temperature at step     110 T=      53.2 Average =   53.151 +-    0.004
             Solvent temperature at step     110 T=     473.0 Average =  473.842 +-    0.312
------------------------ Nonbonded pair list generation -----------------------
        Total System temperature at step     120 T=     154.4 Average =  154.554 +-    0.009
         Free System temperature at step     120 T=     218.0 Average =  218.134 +-    0.015
              Solute temperature at step     120 T=      53.5 Average =   53.366 +-    0.004
             Solvent temperature at step     120 T=     471.6 Average =  472.158 +-    0.163
        Total System temperature at step     130 T=     154.2 Average =  154.274 +-    0.004
         Free System temperature at step     130 T=     217.7 Average =  217.801 +-    0.005
              Solute temperature at step     130 T=      53.7 Average =   53.584 +-    0.004
             Solvent temperature at step     130 T=     470.5 Average =  470.974 +-    0.082
        Total System temperature at step     140 T=     154.0 Average =  154.093 +-    0.002
         Free System temperature at step     140 T=     217.6 Average =  217.615 +-    0.001
              Solute temperature at step     140 T=      53.9 Average =   53.811 +-    0.005
             Solvent temperature at step     140 T=     469.9 Average =  470.151 +-    0.038
------------------------ Nonbonded pair list generation -----------------------
        Total System temperature at step     150 T=     154.0 Average =  154.005 +-    0.000
         Free System temperature at step     150 T=     217.6 Average =  217.563 +-    0.000
              Solute temperature at step     150 T=      54.2 Average =   54.054 +-    0.005
             Solvent temperature at step     150 T=     469.5 Average =  469.643 +-    0.011
        Total System temperature at step     160 T=     154.0 Average =  153.994 +-    0.000
         Free System temperature at step     160 T=     217.7 Average =  217.616 +-    0.001
              Solute temperature at step     160 T=      54.4 Average =   54.310 +-    0.006
             Solvent temperature at step     160 T=     469.3 Average =  469.380 +-    0.003
        Total System temperature at step     170 T=     154.1 Average =  154.046 +-    0.001
         Free System temperature at step     170 T=     217.8 Average =  217.748 +-    0.003
              Solute temperature at step     170 T=      54.7 Average =   54.567 +-    0.005
             Solvent temperature at step     170 T=     469.4 Average =  469.318 +-    0.000
------------------------ Nonbonded pair list generation -----------------------
        Total System temperature at step     180 T=     154.3 Average =  154.188 +-    0.003
         Free System temperature at step     180 T=     218.1 Average =  217.994 +-    0.009
              Solute temperature at step     180 T=      54.9 Average =   54.810 +-    0.005
             Solvent temperature at step     180 T=     469.8 Average =  469.568 +-    0.018
        Total System temperature at step     190 T=     154.5 Average =  154.425 +-    0.005
         Free System temperature at step     190 T=     218.5 Average =  218.357 +-    0.012
              Solute temperature at step     190 T=      55.1 Average =   55.034 +-    0.004
             Solvent temperature at step     190 T=     470.4 Average =  470.143 +-    0.032

=========================== FINAL  Energy summary =============================
                          el         vdW        bond       angle     torsion    improper
solute              -4233.33     -365.13      120.07      531.00      459.39       30.35
solvent             -3322.64      165.66        0.00        0.00        0.00        0.00
solute-solvent        -91.56      -22.76
Q-atom                -29.99       -3.33     -325.30       23.24       -0.73        0.00

                       total         fix   slvnt_rad   slvnt_pol       shell      solute
restraints            -15.84      137.02     -234.15       12.90       68.40        0.00

                       total   potential     kinetic
SUM                 -5135.81    -7080.88     1945.07
=========================== FINAL Q-atom energies =============================
type   st lambda        el       vdW      bond     angle   torsion  improper
Q-Q     1 0.9000      9.19     -0.44
Q-Q     2 0.1000   -197.68     15.07

Q-prot  1 0.9000      0.42     -7.27
Q-prot  2 0.1000     29.85     -5.21

Q-wat   1 0.9000    -21.49      2.58
Q-wat   2 0.1000    -25.07      2.97

Q-surr. 1 0.9000    -21.08     -4.69
Q-surr. 2 0.1000      4.78     -2.23

Q-any   1 0.9000    -11.89     -5.13   -355.85      9.02     -0.75      0.00
Q-any   2 0.1000   -192.90     12.84    -50.31    151.26     -0.53      0.00

type   st lambda     total restraint
Q-SUM   1 0.9000   -364.60      0.00
Q-SUM   2 0.1000    -79.63      0.00
H( 1, 2) =    0.06 dist. between Q-atoms   1   7 =    6.43
===============================================================================
        Total System temperature at step     200 T=     154.8 Average =  154.693 +-    0.006
         Free System temperature at step     200 T=     218.9 Average =  218.745 +-    0.012
              Solute temperature at step     200 T=      55.3 Average =   55.241 +-    0.003
             Solvent temperature at step     200 T=     471.1 Average =  470.811 +-    0.039
Total time of main loop:                                35.1(s)
 QDyn version 6.0.9 , git id=adc28a635c78993922188615a73366ace3402081 terminated normally.
###############################################################################
