
Build and version information

Build number 6.0.9
Build date   20231024
Built:       
      by     nayanika
      on     nayanika-HP-Pavilion-Gaming-Laptop-15-ec0xxx
      git id adc28a635c78993922188615a73366ace3402081
      with   GNU Fortran Ubuntu 9.4.0-1ubuntu1~20.04.2 9.4.0
Qdyn version 6.0.9 , git id=adc28a635c78993922188615a73366ace3402081 initialising
Current date 2024- 1-22 and time 19:13:10

Welcome in qdyn modification date 20231024

 Q6, Copyright © 2017 Johan Åqvist, John Marelius, Shina Caroline Lynn Kamerlin and Paul Bauer
 Q6 comes with ABSOLUTELY NO WARRANTY.  This is free software, and you are welcome
 to redistribute it under certain conditions. For details, add the --help flag.
----------------------- Reading input from relax_008.inp ----------------------
Number of MD steps =       200  Stepsize (fs)    =     0.100
 Not being verbose in temperature print out
Target temperature =    300.00  T-relax time     =    100.00
 No thermostat chosen. Berendsen thermostat will be used.
 Leap frog integrator used by default.
Solute and solvent atoms coupled separately to heat bath.
May redefine groups in later section
 Using Shake as the constraint algorithm
Shake constraints on solvent bonds to hydrogens : on 
Shake constraints on solute bonds to any atoms : off
Nonbonded method   = standard cut-off
Using default temperature coupling groups
Boundary: sphere
Cut-off radii for non-bonded interactions:
Solute-solute:     10.00
Solvent-solvent:   10.00
Solute-solvent:    10.00
Q-atom-non-Q-atom: 99.00
 Radius of inner restrained shell set to 85% of exclusion shell radius.
Radius of inner restrained shell       =       0.850
Polarization force update at default 10/ps
Update every 1000 steps
temperature print-out interval set to default.
Non-bonded pair list update interval   =      30
Energy summary print-out interval      =     200
Temperature print-out interval         =      10
Trajectory write interval              =     200
No energy file written.
All atoms will be included in the trajectory.
Topology file      = GPX6cys_mouse.top
Initial coord. file= relax_007.re
Final coord. file  = relax_008.re
Trajectory file    = relax_008.dcd
FEP input file     = correctedGPX6_mousecys.fep

lambda-values      =  0.90000 0.10000

List of excluded atom groups
No QCP section found, will not try to use RPMD.

Listing of restraining data:
---------------------------- Reading topology file ---------------------------
GPX6cys_mouse.top                                                               

No. of solute atoms     =       3058
No. of solvent atoms    =       1740
Solvent dielectric*1000 =     80100
No. of coordinates      =      14394
No. of atom type codes  =       4798
No. of solute bonds     =       3104
No. of solvent bonds    =       1740
No. of solute angles    =       5597
No. of solvent angles   =        580
No. of solute torsions  =      10854
No. of solvent torsions =          0
No. of solute impropers =        650
No. of solvent impropers=          0
No. of atomic charges   =       4798
No. of solute chargegrps=        549
No. of solvent chargegps=        580
Charge group cut-off    : Switching atoms
vdW  rule [ 1=G / 2=A ] =          1
El-static 1-4 damping   =      0.500
Coulomb constant        =   332.0000
No. of atom types       =         86
No. of LJ type 2 pairs  =          0
No. of heavy atoms      =       2139
No. of 1-4 neighbours   =       8172
No. long-range 1-4 nbrs =          4
No. of nbor exclusions  =      11021
No. of long-range excls =          0
No. of residues         =        777
No of solute residues   =        197
No. of molecules        =        583
Atom type names         =         86
SYBYL atom types        =         86
Boundary: sphere
Exclusion radius        =     20.000
Eff. solvent radius     =     19.790
Solvent density         =   0.03350000
Solute centre           =     43.704    34.968    42.174
Solvent centre          =     43.704    34.968    42.174
No. of excluded atoms   =       1268
Molecular topology read successfully.

Found      536 solute atoms in the restrained shell region ( 17.00 to  20.00)
----------------------------- Reading restart file ----------------------------
Total number of atoms        =    4798
Number of waters encountered =     580

----------------------------- Reading Q atom list ----------------------------
No. of fep/evb states    =     2
No. of fep/evb atoms     =    12
Atom nos.:   730   733   729   731   732  3052  3053  3054  3055  3056
Atom nos.:  3057  3058
--------------------------- Reading fep/evb strategy --------------------------

No. of changing charges  =    12
Effective Q-atom charges for all Q-atoms
Q atom    charge in state 1 state 2
     1               -0.335   0.048
     2                0.155   0.417
     3                0.060   0.048
     4                0.060   0.060
     5                0.060   0.060
     6               -0.418  -0.800
     7               -0.418  -0.633
     8                0.418   0.400
     9                0.418   0.418
    10               -0.800  -0.834
    11                0.400   0.417
    12                0.400   0.400

   SUM               -0.000   0.000

No. of Q-atom types  =    16
Name            Ai      Bi      Ci     ai Ai(1-4) Bi(1-4)    Mass
SH         2001.57   44.74  165.00  1.58  1415.32   31.64   32.06
snn.SG     2593.94   55.60  165.00  1.58  1834.19   39.31   32.06
HS           84.57    5.41    1.00  1.58    59.80    3.83    1.01
HW           50.00    0.00    1.00  1.58     0.00    0.00    1.01
CT          944.52   22.03    1.00  1.58   667.88   15.58   12.01
snn.CB      944.52   22.03    1.00  1.58   667.88   15.58   12.01
HC           84.57    5.41    1.00  1.58    59.80    3.83    1.01
snn.HB2      84.57    5.41    1.00  1.58    59.80    3.83    1.01
snn.HB3      84.57    5.41    1.00  1.58    59.80    3.83    1.01
prx.O       760.64   25.04    1.00  1.58   537.86   17.71   16.00
HO2.ow      762.89   24.39    1.00  1.58   539.44   17.25   16.00
snn.OS      760.64   25.04    1.00  1.58   537.86   17.71   16.00
prx.H         0.01    0.04    1.00  1.58     0.00    0.03    1.01
HO2.hw       50.00    0.00    1.00  1.58     0.00    0.00    1.01
snn.HG        0.01    0.04    1.00  1.58     0.00    0.03    1.01
OW          762.89   24.39    1.00  1.58   539.44   17.25   16.00

Assigning Q-atom types to all Q atoms:
Q atom    atom type in  state 1  state 2
     1                  SH       snn.SG  
     2                  HS       HW      
     3                  CT       snn.CB  
     4                  HC       snn.HB2 
     5                  HC       snn.HB3 
     6                  prx.O    HO2.ow  
     7                  prx.O    snn.OS  
     8                  prx.H    HO2.hw  
     9                  prx.H    snn.HG  
    10                  HO2.ow   OW      
    11                  HO2.hw   HW      
    12                  HO2.hw   HO2.hw  

No. of soft repulsion non-bonded pairs =     9
q-atom_i q-atom_j
       6        7
      11       12
      10       12
       1        2
      12        8
       6       12
      11        2
      10        2
       1        7

No. of excluded non-bonded pairs =     1
atom_i atom_j    excluded in state 1 state 2
  3052   3053                      1       1

Q-bond types:
type #  Morse E_diss    alpha       b0  Harmonic force_k 
     1         54.00     2.32     1.32
     2        102.00     2.26     0.96
     3        104.00     1.99     0.74
     4        102.00     2.26     0.96
     5         81.00     1.87     1.32
     6        104.00     1.99     0.74
     7        102.00     2.26     0.96
     8        102.00     2.26     0.96
     9         81.00     1.87     1.32
    10        102.00     2.26     0.96
    11        102.00     2.26     0.96


No. of changing bonds    =    10
atom_i atom_j   bond type in state 1 state 2
  3052   3053                      1       0
  3057   3058                      2       0
  3056   3058                      3       0
   761    764                      4       0
  3054   3058                      0       2
  3052   3058                      0       3
   764   3057                      0       5
   764   3056                      0       6
   761   3053                      0       7
  3052   3054                      8       9

Q-angle types:
type #       force-k   theta0
     1        160.00   102.22
     2        200.00   104.52
     3          0.00   127.74
     4         88.00    96.00
     5          0.00   127.74
     6        220.00   100.78
     7        200.00   104.52
     8        130.00   106.24


No. of changing angles   =    14
atom_i atom_j atom_k    angle type in state 1 state 2
  3052   3053   3055                        1       0
  3053   3052   3054                        1       0
  3057   3056   3058                        2       0
  3056   3057   3058                        3       0
  3056   3058   3057                        3       0
   727    761    764                        4       0
  3054   3052   3058                        0       2
  3052   3054   3058                        0       3
  3052   3058   3054                        0       3
  3056    764   3057                        0       5
   727    761   3053                        0       6
   764   3057   3056                        0       5
   764   3056   3057                        0       7
   761   3053   3055                        0       8

Q-torsion types:
type #       force-k     mult    delta
     1         -2.50     2.00   180.00
     2          0.24     3.00     0.00
     3         -2.50     2.00   180.00
     4          0.24     3.00     0.00
     5          0.24     3.00     0.00


No. of changing torsions =     6
atom_i atom_j atom_k atom_l    torsion type in state 1 state 2
  3054   3052   3053   3055                          1       0
   728    727    761    764                          2       0
   729    727    761    764                          2       0
   727    761   3053   3055                          0       3
   728    727    761   3053                          0       4
   729    727    761   3053                          0       5

No. of offdiagonal (Hij) functions =     1
state_i state_j atom_k atom_l     Aij mu_ij
      1       2      1      7    1.00  0.45
No softcore section found. Using normal LJ potentials.

No. atom groups to monitor   =     1
group 1:     730     733     729     731     732    3052    3053
    3054    3055    3056    3057    3058

---------------- Removing redefined interactions from topology ---------------
type      atom1 atom2 atom3 atom4
bond       3054  3052
bond       3052  3053
bond       3056  3058
bond       3057  3058
angle      3054  3052  3053
angle      3052  3053  3055
angle      3057  3056  3058
torsion    3054  3052  3053  3055

---------------------------- Initialising dynamics ---------------------------
Total charge of non-Q atoms             =      -0.58
Total charge of excluded atoms          =      -3.30
Total charge of system                  =      -0.58
Target water sphere radius              =      19.79
Surface inward harmonic force constant  =      60.00
Surface attraction well depth           =       0.84
Surface attraction well width           =       0.48
Water polarisation restraints           : ON, Born correction enabled
Radial polarisation force constant      =      20.00

Setting up 3 water shells for polarisation restraints.
Loaded polarisation restraint data from restart file.
Shell #    outer radius    inner radius
      1           19.79           19.29
      2           19.29           18.29
      3           18.29           16.79

Number of shake constraints             =       1740
No. molecules with shake constraints    =        580
No. of Rcq indep. nb pairs involving q-atoms =   219 in state :  1
No. of Rcq indep. nb pairs involving q-atoms =   208 in state :  2

Coordinates for  4798 atoms will be written to the trajectory.
------------------------ Distribution of charge groups -----------------------
node value solute-solute solute-water  water-water     Q-solute      Q-water       #Shake       #Atoms   #Molecules
     total           549          549          580          549          580          580         4798          583
----------------------------- End of distribution ----------------------------

Initial System total temperatures are : Ttot =    156.66 Tfree =    220.66
Solute               temperatures are : Ttot =     52.52 Tfree =     84.00
Solvent              temperatures are : Ttot =    431.18 Tfree =    431.18

------------------------ Nonbonded pair list generation -----------------------
=======================  Energy summary at step      0 ========================
                          el         vdW        bond       angle     torsion    improper
solute              -4245.46     -333.52      128.72      567.69      444.40       35.15
solvent             -4318.16      660.94        0.00        0.00        0.00        0.00
solute-solvent        -99.63      -17.18
Q-atom                -37.41       -5.12     -327.58       20.46       -3.67        0.00

                       total         fix   slvnt_rad   slvnt_pol       shell      solute
restraints              9.12      145.06     -234.51       14.59       83.97        0.00

                       total   potential     kinetic
SUM                 -5551.60    -7521.26     1969.66
======================= Q-atom energies at step      0 ========================
type   st lambda        el       vdW      bond     angle   torsion  improper
Q-Q     1 0.9000      9.11     -0.42
Q-Q     2 0.1000   -203.01     15.99

Q-prot  1 0.9000     -5.95     -8.33
Q-prot  2 0.1000     24.11     -5.85

Q-wat   1 0.9000    -22.75      1.71
Q-wat   2 0.1000    -18.86      2.01

Q-surr. 1 0.9000    -28.70     -6.62
Q-surr. 2 0.1000      5.25     -3.84

Q-any   1 0.9000    -19.59     -7.04   -358.78      9.61     -4.13      0.00
Q-any   2 0.1000   -197.76     12.15    -46.75    118.08      0.54      0.00

type   st lambda     total restraint
Q-SUM   1 0.9000   -379.94      0.00
Q-SUM   2 0.1000   -113.75      0.00
H( 1, 2) =    0.04 dist. between Q-atoms   1   7 =    7.02
===============================================================================
        Total System temperature at step      10 T=     157.7 Average =  157.211 +-    0.081
         Free System temperature at step      10 T=     222.0 Average =  221.396 +-    0.144
              Solute temperature at step      10 T=      85.6 Average =   84.880 +-    0.216
             Solvent temperature at step      10 T=     432.0 Average =  431.688 +-    0.060
        Total System temperature at step      20 T=     158.4 Average =  158.088 +-    0.049
         Free System temperature at step      20 T=     223.0 Average =  222.557 +-    0.085
              Solute temperature at step      20 T=      87.1 Average =   86.426 +-    0.179
             Solvent temperature at step      20 T=     432.4 Average =  432.249 +-    0.007
------------------------ Nonbonded pair list generation -----------------------
        Total System temperature at step      30 T=     159.1 Average =  158.818 +-    0.039
         Free System temperature at step      30 T=     223.9 Average =  223.511 +-    0.066
              Solute temperature at step      30 T=      88.6 Average =   87.901 +-    0.179
             Solvent temperature at step      30 T=     432.4 Average =  432.394 +-    0.000
        Total System temperature at step      40 T=     159.7 Average =  159.437 +-    0.025
         Free System temperature at step      40 T=     224.6 Average =  224.308 +-    0.040
              Solute temperature at step      40 T=      90.0 Average =   89.365 +-    0.175
             Solvent temperature at step      40 T=     431.9 Average =  432.153 +-    0.019
        Total System temperature at step      50 T=     160.1 Average =  159.923 +-    0.014
         Free System temperature at step      50 T=     225.1 Average =  224.916 +-    0.021
              Solute temperature at step      50 T=      91.5 Average =   90.809 +-    0.170
             Solvent temperature at step      50 T=     431.0 Average =  431.466 +-    0.070
------------------------ Nonbonded pair list generation -----------------------
>>> WARNING: hot atom, i =       613 Temp(i)=3651665.39
        Total System temperature at step      60 T=    1076.7 Average =  251.904 +- ********
         Free System temperature at step      60 T=    1535.7 Average =  356.352 +- ********
              Solute temperature at step      60 T=    2127.2 Average =  295.675 +- ********
             Solvent temperature at step      60 T=     613.7 Average =  448.709 +- 3023.060
>>> WARNING: hot atom, i =       613 Temp(i)=3748252.23
        Total System temperature at step      70 T=    1106.0 Average = 1146.009 +-  248.062
         Free System temperature at step      70 T=    1577.5 Average = 1634.760 +-  506.747
              Solute temperature at step      70 T=    2181.6 Average = 2276.265 +- 1393.467
             Solvent temperature at step      70 T=     636.0 Average =  635.039 +-    1.296
>>> WARNING: hot atom, i =       613 Temp(i)=2185295.38
        Total System temperature at step      80 T=     752.0 Average =  930.265 +- ********
         Free System temperature at step      80 T=    1071.5 Average = 1326.326 +- ********
              Solute temperature at step      80 T=    1351.0 Average = 1769.222 +- ********
             Solvent temperature at step      80 T=     634.3 Average =  635.266 +-    0.307
------------------------ Nonbonded pair list generation -----------------------
>>> WARNING: hot atom, i =       613 Temp(i)= 417061.91
        Total System temperature at step      90 T=     365.0 Average =  519.849 +- ********
         Free System temperature at step      90 T=     518.1 Average =  739.540 +- ********
              Solute temperature at step      90 T=     444.2 Average =  806.822 +- ********
             Solvent temperature at step      90 T=     630.3 Average =  632.240 +-    1.333
>>> WARNING: hot atom, i =       610 Temp(i)= 499471.58
        Total System temperature at step     100 T=     375.6 Average =  330.392 +-  424.601
         Free System temperature at step     100 T=     533.3 Average =  468.671 +-  868.151
              Solute temperature at step     100 T=     473.0 Average =  364.883 +- 2406.256
             Solvent temperature at step     100 T=     624.3 Average =  627.253 +-    3.101
>>> WARNING: hot atom, i =       610 Temp(i)= 884852.93
>>> WARNING: hot atom, i =       613 Temp(i)=1416650.46
        Total System temperature at step     110 T=     762.5 Average =  572.089 +- ********
         Free System temperature at step     110 T=    1086.5 Average =  814.274 +- ********
              Solute temperature at step     110 T=    1388.9 Average =  938.129 +- ********
             Solvent temperature at step     110 T=     613.9 Average =  619.110 +-    9.401
------------------------ Nonbonded pair list generation -----------------------
>>> WARNING: hot atom, i =       610 Temp(i)=1070094.51
>>> WARNING: hot atom, i =       613 Temp(i)=2554534.35
        Total System temperature at step     120 T=    1069.4 Average =  960.090 +- 7399.183
         Free System temperature at step     120 T=    1525.3 Average = 1369.079 +- ********
              Solute temperature at step     120 T=    2122.8 Average = 1859.632 +- ********
             Solvent temperature at step     120 T=     594.2 Average =  604.088 +-   33.974
>>> WARNING: hot atom, i =       610 Temp(i)= 946838.25
>>> WARNING: hot atom, i =       613 Temp(i)=2630821.91
        Total System temperature at step     130 T=    1054.6 Average = 1074.557 +-  185.264
         Free System temperature at step     130 T=    1504.2 Average = 1532.770 +-  378.542
              Solute temperature at step     130 T=    2108.6 Average = 2145.840 +-  704.788
             Solvent temperature at step     130 T=     562.5 Average =  577.491 +-   86.813
>>> WARNING: hot atom, i =       610 Temp(i)= 637928.23
>>> WARNING: hot atom, i =       613 Temp(i)=1876696.89
        Total System temperature at step     140 T=     815.6 Average =  952.815 +- 5782.335
         Free System temperature at step     140 T=    1162.5 Average = 1358.718 +- ********
              Solute temperature at step     140 T=    1562.3 Average = 1879.427 +- ********
             Solvent temperature at step     140 T=     538.7 Average =  547.108 +-   45.226
------------------------ Nonbonded pair list generation -----------------------
>>> WARNING: hot atom, i =       613 Temp(i)= 550960.40
        Total System temperature at step     150 T=     534.1 Average =  564.139 +- ********
         Free System temperature at step     150 T=     760.0 Average =  802.986 +- ********
              Solute temperature at step     150 T=     812.2 Average =  945.808 +- ********
             Solvent temperature at step     150 T=     676.0 Average =  578.521 +- 2360.680
>>> WARNING: hot atom, i =       613 Temp(i)=1741971.86
        Total System temperature at step     160 T=     799.0 Average =  692.397 +- 5012.597
         Free System temperature at step     160 T=    1138.8 Average =  986.371 +- ********
              Solute temperature at step     160 T=    1414.8 Average = 1169.184 +- ********
             Solvent temperature at step     160 T=     706.9 Average =  699.233 +-   31.502
>>> WARNING: hot atom, i =       613 Temp(i)=2477278.38
        Total System temperature at step     170 T=     963.9 Average =  862.303 +- 5489.116
         Free System temperature at step     170 T=    1374.6 Average = 1229.307 +- ********
              Solute temperature at step     170 T=    1796.6 Average = 1559.649 +- ********
             Solvent temperature at step     170 T=     715.7 Average =  712.832 +-    5.810
------------------------ Nonbonded pair list generation -----------------------
>>> WARNING: hot atom, i =       613 Temp(i)=2499719.05
        Total System temperature at step     180 T=     996.4 Average =  985.255 +-   48.471
         Free System temperature at step     180 T=    1421.0 Average = 1405.103 +-   99.066
              Solute temperature at step     180 T=    1875.6 Average = 1847.670 +-  296.864
             Solvent temperature at step     180 T=     711.3 Average =  714.213 +-    2.257
>>> WARNING: hot atom, i =       613 Temp(i)= 930467.30
        Total System temperature at step     190 T=     663.9 Average =  919.680 +- 8420.175
         Free System temperature at step     190 T=     945.7 Average = 1311.335 +- ********
              Solute temperature at step     190 T=    1102.1 Average = 1699.456 +- ********
             Solvent temperature at step     190 T=     699.5 Average =  705.099 +-   12.186

=========================== FINAL  Energy summary =============================
                          el         vdW        bond       angle     torsion    improper
solute              -4266.71      -36.25     1033.83     1059.99      456.79       31.87
solvent             -4379.67      762.21        0.00        0.00        0.00        0.00
solute-solvent        -97.34       61.43
Q-atom                -37.53       -7.09     -330.92       18.69       -4.55        0.00

                       total         fix   slvnt_rad   slvnt_pol       shell      solute
restraints             27.94      147.60     -234.17        7.63      106.87        0.00

                       total   potential     kinetic
SUM                  6073.85    -5707.32    11781.17
=========================== FINAL Q-atom energies =============================
type   st lambda        el       vdW      bond     angle   torsion  improper
Q-Q     1 0.9000      8.60     -0.17
Q-Q     2 0.1000   -206.81     12.15

Q-prot  1 0.9000     -5.70     -7.98
Q-prot  2 0.1000     19.91     -6.80

Q-wat   1 0.9000    -20.59     -0.32
Q-wat   2 0.1000    -29.20     -0.03

Q-surr. 1 0.9000    -26.29     -8.30
Q-surr. 2 0.1000     -9.29     -6.84

Q-any   1 0.9000    -17.69     -8.47   -363.04      9.38     -4.77      0.00
Q-any   2 0.1000   -216.09      5.31    -41.83    102.46     -2.57      0.00

type   st lambda     total restraint
Q-SUM   1 0.9000   -384.60      0.00
Q-SUM   2 0.1000   -152.72      0.00
H( 1, 2) =    0.04 dist. between Q-atoms   1   7 =    7.24
===============================================================================
>>> WARNING: hot atom, i =       613 Temp(i)= 770589.51
>>> WARNING: hot atom, i =      2856 Temp(i)=1101945.16
        Total System temperature at step     200 T=     937.6 Average =  837.965 +- ********
         Free System temperature at step     200 T=    1336.9 Average = 1194.489 +- ********
              Solute temperature at step     200 T=    1751.9 Average = 1515.286 +- ********
             Solvent temperature at step     200 T=     689.0 Average =  692.934 +-    9.823
Total time of main loop:                                35.9(s)
 QDyn version 6.0.9 , git id=adc28a635c78993922188615a73366ace3402081 terminated normally.
###############################################################################
