
Build and version information

Build number 6.0.9
Build date   20231024
Built:       
      by     nayanika
      on     nayanika-HP-Pavilion-Gaming-Laptop-15-ec0xxx
      git id adc28a635c78993922188615a73366ace3402081
      with   GNU Fortran Ubuntu 9.4.0-1ubuntu1~20.04.2 9.4.0
Qdyn version 6.0.9 , git id=adc28a635c78993922188615a73366ace3402081 initialising
Current date 2024- 1-22 and time 19: 8:54

Welcome in qdyn modification date 20231024

 Q6, Copyright © 2017 Johan Åqvist, John Marelius, Shina Caroline Lynn Kamerlin and Paul Bauer
 Q6 comes with ABSOLUTELY NO WARRANTY.  This is free software, and you are welcome
 to redistribute it under certain conditions. For details, add the --help flag.
----------------------- Reading input from relax_001.inp ----------------------
Number of MD steps =       200  Stepsize (fs)    =     0.100
 Not being verbose in temperature print out
Target temperature =      0.10  T-relax time     =      1.00
 No thermostat chosen. Berendsen thermostat will be used.
 Leap frog integrator used by default.
Solute and solvent atoms coupled separately to heat bath.
May redefine groups in later section
Generating seed from system time, please set seed manually to reproduce results
Initial velocities will be generated from Maxwell distribution:
Maxwell temperature=      0.10 Random number seed=      2271
 Using Shake as the constraint algorithm
Shake constraints on solute bonds to any atoms : off
Nonbonded method   = standard cut-off
Using default temperature coupling groups
Boundary: sphere
Cut-off radii for non-bonded interactions:
Solute-solute:     10.00
Solvent-solvent:   10.00
Solute-solvent:    10.00
Q-atom-non-Q-atom: 99.00
 Radius of inner restrained shell set to 85% of exclusion shell radius.
Radius of inner restrained shell       =       0.850
Polarization force update at default 10/ps
Update every 1000 steps
temperature print-out interval set to default.
Non-bonded pair list update interval   =      30
Energy summary print-out interval      =     100
Temperature print-out interval         =      10
Trajectory write interval              =     100
No energy file written.
All atoms will be included in the trajectory.
Topology file      = GPX6cys_mouse.top
Initial coordinates taken from topology.
Final coord. file  = relax_001.re
Trajectory file    = relax_001.dcd
FEP input file     = correctedGPX6_mousecys.fep

lambda-values      =  0.90000 0.10000

List of excluded atom groups
No QCP section found, will not try to use RPMD.

Listing of restraining data:
---------------------------- Reading topology file ---------------------------
GPX6cys_mouse.top                                                               

No. of solute atoms     =       3058
No. of solvent atoms    =       1740
Solvent dielectric*1000 =     80100
No. of coordinates      =      14394
No. of atom type codes  =       4798
No. of solute bonds     =       3104
No. of solvent bonds    =       1740
No. of solute angles    =       5597
No. of solvent angles   =        580
No. of solute torsions  =      10854
No. of solvent torsions =          0
No. of solute impropers =        650
No. of solvent impropers=          0
No. of atomic charges   =       4798
No. of solute chargegrps=        549
No. of solvent chargegps=        580
Charge group cut-off    : Switching atoms
vdW  rule [ 1=G / 2=A ] =          1
El-static 1-4 damping   =      0.500
Coulomb constant        =   332.0000
No. of atom types       =         86
No. of LJ type 2 pairs  =          0
No. of heavy atoms      =       2139
No. of 1-4 neighbours   =       8172
No. long-range 1-4 nbrs =          4
No. of nbor exclusions  =      11021
No. of long-range excls =          0
No. of residues         =        777
No of solute residues   =        197
No. of molecules        =        583
Atom type names         =         86
SYBYL atom types        =         86
Boundary: sphere
Exclusion radius        =     20.000
Eff. solvent radius     =     19.790
Solvent density         =   0.03350000
Solute centre           =     43.704    34.968    42.174
Solvent centre          =     43.704    34.968    42.174
No. of excluded atoms   =       1268
Molecular topology read successfully.

Found      536 solute atoms in the restrained shell region ( 17.00 to  20.00)
----------------------------- Reading Q atom list ----------------------------
No. of fep/evb states    =     2
No. of fep/evb atoms     =    12
Atom nos.:   730   733   729   731   732  3052  3053  3054  3055  3056
Atom nos.:  3057  3058
--------------------------- Reading fep/evb strategy --------------------------

No. of changing charges  =    12
Effective Q-atom charges for all Q-atoms
Q atom    charge in state 1 state 2
     1               -0.335   0.048
     2                0.155   0.417
     3                0.060   0.048
     4                0.060   0.060
     5                0.060   0.060
     6               -0.418  -0.800
     7               -0.418  -0.633
     8                0.418   0.400
     9                0.418   0.418
    10               -0.800  -0.834
    11                0.400   0.417
    12                0.400   0.400

   SUM               -0.000   0.000

No. of Q-atom types  =    16
Name            Ai      Bi      Ci     ai Ai(1-4) Bi(1-4)    Mass
SH         2001.57   44.74  165.00  1.58  1415.32   31.64   32.06
snn.SG     2593.94   55.60  165.00  1.58  1834.19   39.31   32.06
HS           84.57    5.41    1.00  1.58    59.80    3.83    1.01
HW           50.00    0.00    1.00  1.58     0.00    0.00    1.01
CT          944.52   22.03    1.00  1.58   667.88   15.58   12.01
snn.CB      944.52   22.03    1.00  1.58   667.88   15.58   12.01
HC           84.57    5.41    1.00  1.58    59.80    3.83    1.01
snn.HB2      84.57    5.41    1.00  1.58    59.80    3.83    1.01
snn.HB3      84.57    5.41    1.00  1.58    59.80    3.83    1.01
prx.O       760.64   25.04    1.00  1.58   537.86   17.71   16.00
HO2.ow      762.89   24.39    1.00  1.58   539.44   17.25   16.00
snn.OS      760.64   25.04    1.00  1.58   537.86   17.71   16.00
prx.H         0.01    0.04    1.00  1.58     0.00    0.03    1.01
HO2.hw       50.00    0.00    1.00  1.58     0.00    0.00    1.01
snn.HG        0.01    0.04    1.00  1.58     0.00    0.03    1.01
OW          762.89   24.39    1.00  1.58   539.44   17.25   16.00

Assigning Q-atom types to all Q atoms:
Q atom    atom type in  state 1  state 2
     1                  SH       snn.SG  
     2                  HS       HW      
     3                  CT       snn.CB  
     4                  HC       snn.HB2 
     5                  HC       snn.HB3 
     6                  prx.O    HO2.ow  
     7                  prx.O    snn.OS  
     8                  prx.H    HO2.hw  
     9                  prx.H    snn.HG  
    10                  HO2.ow   OW      
    11                  HO2.hw   HW      
    12                  HO2.hw   HO2.hw  

No. of soft repulsion non-bonded pairs =     9
q-atom_i q-atom_j
       6        7
      11       12
      10       12
       1        2
      12        8
       6       12
      11        2
      10        2
       1        7

No. of excluded non-bonded pairs =     1
atom_i atom_j    excluded in state 1 state 2
  3052   3053                      1       1

Q-bond types:
type #  Morse E_diss    alpha       b0  Harmonic force_k 
     1         54.00     2.32     1.32
     2        102.00     2.26     0.96
     3        104.00     1.99     0.74
     4        102.00     2.26     0.96
     5         81.00     1.87     1.32
     6        104.00     1.99     0.74
     7        102.00     2.26     0.96
     8        102.00     2.26     0.96
     9         81.00     1.87     1.32
    10        102.00     2.26     0.96
    11        102.00     2.26     0.96


No. of changing bonds    =    10
atom_i atom_j   bond type in state 1 state 2
  3052   3053                      1       0
  3057   3058                      2       0
  3056   3058                      3       0
   761    764                      4       0
  3054   3058                      0       2
  3052   3058                      0       3
   764   3057                      0       5
   764   3056                      0       6
   761   3053                      0       7
  3052   3054                      8       9

Q-angle types:
type #       force-k   theta0
     1        160.00   102.22
     2        200.00   104.52
     3          0.00   127.74
     4         88.00    96.00
     5          0.00   127.74
     6        220.00   100.78
     7        200.00   104.52
     8        130.00   106.24


No. of changing angles   =    14
atom_i atom_j atom_k    angle type in state 1 state 2
  3052   3053   3055                        1       0
  3053   3052   3054                        1       0
  3057   3056   3058                        2       0
  3056   3057   3058                        3       0
  3056   3058   3057                        3       0
   727    761    764                        4       0
  3054   3052   3058                        0       2
  3052   3054   3058                        0       3
  3052   3058   3054                        0       3
  3056    764   3057                        0       5
   727    761   3053                        0       6
   764   3057   3056                        0       5
   764   3056   3057                        0       7
   761   3053   3055                        0       8

Q-torsion types:
type #       force-k     mult    delta
     1         -2.50     2.00   180.00
     2          0.24     3.00     0.00
     3         -2.50     2.00   180.00
     4          0.24     3.00     0.00
     5          0.24     3.00     0.00


No. of changing torsions =     6
atom_i atom_j atom_k atom_l    torsion type in state 1 state 2
  3054   3052   3053   3055                          1       0
   728    727    761    764                          2       0
   729    727    761    764                          2       0
   727    761   3053   3055                          0       3
   728    727    761   3053                          0       4
   729    727    761   3053                          0       5

No. of offdiagonal (Hij) functions =     1
state_i state_j atom_k atom_l     Aij mu_ij
      1       2      1      7    1.00  0.45
No softcore section found. Using normal LJ potentials.

No. atom groups to monitor   =     1
group 1:     730     733     729     731     732    3052    3053
    3054    3055    3056    3057    3058

---------------- Removing redefined interactions from topology ---------------
type      atom1 atom2 atom3 atom4
bond       3054  3052
bond       3052  3053
bond       3056  3058
bond       3057  3058
angle      3054  3052  3053
angle      3052  3053  3055
angle      3057  3056  3058
torsion    3054  3052  3053  3055

---------------------------- Initialising dynamics ---------------------------
Total charge of non-Q atoms             =      -0.58
Total charge of excluded atoms          =      -3.30
Total charge of system                  =      -0.58
Target water sphere radius              =      19.79
Surface inward harmonic force constant  =      60.00
Surface attraction well depth           =       0.84
Surface attraction well width           =       0.48
Water polarisation restraints           : ON, Born correction enabled
Radial polarisation force constant      =      20.00

Setting up 3 water shells for polarisation restraints.
Shell #    outer radius    inner radius
      1           19.79           19.29
      2           19.29           18.29
      3           18.29           16.79

Number of shake constraints             =          0
No. molecules with shake constraints    =          1
No. of Rcq indep. nb pairs involving q-atoms =   219 in state :  1
No. of Rcq indep. nb pairs involving q-atoms =   208 in state :  2

Coordinates for  4798 atoms will be written to the trajectory.
Initial x-constraint required   0 iterations per molecule on average.
Initial v-constraint required   0 iterations per molecule on average.
------------------------ Distribution of charge groups -----------------------
node value solute-solute solute-water  water-water     Q-solute      Q-water       #Shake       #Atoms   #Molecules
     total           549          549          580          549          580            1         4798          583
----------------------------- End of distribution ----------------------------

Initial System total temperatures are : Ttot =      0.10 Tfree =      0.10
Solute               temperatures are : Ttot =      0.10 Tfree =      0.10
Solvent              temperatures are : Ttot =      0.10 Tfree =      0.10

------------------------ Nonbonded pair list generation -----------------------
=======================  Energy summary at step      0 ========================
                          el         vdW        bond       angle     torsion    improper
solute              -4021.59     -224.29      529.02     1317.29      598.09       82.81
solvent               -53.84     -158.71        0.09        0.02        0.00        0.00
solute-solvent         -4.15     1220.07
Q-atom                  1.36       44.80     -193.69       35.30       -2.33        0.00

                       total         fix   slvnt_rad   slvnt_pol       shell      solute
restraints           -209.86        0.00     -222.14       12.28        0.00        0.00

                       total   potential     kinetic
SUM                 -1005.48    -1039.60       34.13
======================= Q-atom energies at step      0 ========================
type   st lambda        el       vdW      bond     angle   torsion  improper
Q-Q     1 0.9000     14.30      0.14
Q-Q     2 0.1000   -195.10    342.94

Q-prot  1 0.9000      5.87     13.22
Q-prot  2 0.1000     33.17     14.94

Q-wat   1 0.9000     -1.36     -3.06
Q-wat   2 0.1000      6.30     -2.67

Q-surr. 1 0.9000      4.51     10.16
Q-surr. 2 0.1000     39.48     12.27

Q-any   1 0.9000     18.81     10.31   -207.73      0.39     -2.28      0.00
Q-any   2 0.1000   -155.62    355.21    -67.33    349.54     -2.79      0.00

type   st lambda     total restraint
Q-SUM   1 0.9000   -180.51      0.00
Q-SUM   2 0.1000    479.01      0.00
H( 1, 2) =    0.08 dist. between Q-atoms   1   7 =    5.71
===============================================================================
>>> WARNING: hot atom, i =        21 Temp(i)=  10152.58
>>> WARNING: hot atom, i =        57 Temp(i)=    116.66
>>> WARNING: hot atom, i =       729 Temp(i)=    101.96
>>> WARNING: hot atom, i =       731 Temp(i)=    137.31
>>> WARNING: hot atom, i =      1376 Temp(i)=  30112.89
>>> WARNING: hot atom, i =      1423 Temp(i)=    878.98
>>> WARNING: hot atom, i =      1509 Temp(i)=  24727.39
>>> WARNING: hot atom, i =      1531 Temp(i)=   9230.06
>>> WARNING: hot atom, i =      1536 Temp(i)=    289.18
>>> WARNING: hot atom, i =      1566 Temp(i)=  39611.51
>>> WARNING: hot atom, i =      2713 Temp(i)=  26146.57
>>> WARNING: hot atom, i =      3052 Temp(i)=   1278.56
>>> WARNING: hot atom, i =      3053 Temp(i)=   2073.99
>>> WARNING: hot atom, i =      3054 Temp(i)=   2873.37
>>> WARNING: hot atom, i =      3057 Temp(i)=    306.63
>>> WARNING: hot atom, i =      3058 Temp(i)=   1094.56
>>> WARNING: hot atom, i =      3128 Temp(i)=   2301.17
>>> WARNING: hot atom, i =      3251 Temp(i)=   3135.29
>>> WARNING: hot atom, i =      3317 Temp(i)=    728.00
>>> WARNING: hot atom, i =      3380 Temp(i)=   1918.31
>>> WARNING: hot atom, i =      3674 Temp(i)=   1791.18
>>> WARNING: hot atom, i =      3734 Temp(i)=    810.00
        Total System temperature at step      10 T=      38.0 Average =   26.868 +-  160.221
         Free System temperature at step      10 T=      49.9 Average =   35.685 +-  278.311
              Solute temperature at step      10 T=      88.8 Average =   64.459 +-  894.895
             Solvent temperature at step      10 T=       9.5 Average =    5.899 +-    9.191
>>> WARNING: hot atom, i =        21 Temp(i)=   5998.83
>>> WARNING: hot atom, i =        57 Temp(i)=    162.86
>>> WARNING: hot atom, i =       700 Temp(i)=    101.22
>>> WARNING: hot atom, i =       729 Temp(i)=    178.78
>>> WARNING: hot atom, i =       731 Temp(i)=    238.93
>>> WARNING: hot atom, i =      1375 Temp(i)=    172.45
>>> WARNING: hot atom, i =      1376 Temp(i)=  12612.32
>>> WARNING: hot atom, i =      1423 Temp(i)=   1018.05
>>> WARNING: hot atom, i =      1508 Temp(i)=    272.15
>>> WARNING: hot atom, i =      1509 Temp(i)=  10182.23
>>> WARNING: hot atom, i =      1531 Temp(i)=   4541.60
>>> WARNING: hot atom, i =      1536 Temp(i)=    444.95
>>> WARNING: hot atom, i =      1565 Temp(i)=    344.87
>>> WARNING: hot atom, i =      1566 Temp(i)=   9514.21
>>> WARNING: hot atom, i =      2712 Temp(i)=    279.03
>>> WARNING: hot atom, i =      2713 Temp(i)=   8975.40
>>> WARNING: hot atom, i =      3052 Temp(i)=   2368.49
>>> WARNING: hot atom, i =      3053 Temp(i)=   3345.98
>>> WARNING: hot atom, i =      3054 Temp(i)=   2127.67
>>> WARNING: hot atom, i =      3057 Temp(i)=    568.20
>>> WARNING: hot atom, i =      3058 Temp(i)=   2441.51
>>> WARNING: hot atom, i =      3128 Temp(i)=   1239.97
>>> WARNING: hot atom, i =      3251 Temp(i)=   1474.94
>>> WARNING: hot atom, i =      3317 Temp(i)=    607.30
>>> WARNING: hot atom, i =      3380 Temp(i)=    996.47
>>> WARNING: hot atom, i =      3674 Temp(i)=    976.02
>>> WARNING: hot atom, i =      3734 Temp(i)=    681.89
        Total System temperature at step      20 T=      24.6 Average =   30.640 +-   16.676
         Free System temperature at step      20 T=      29.6 Average =   38.642 +-   37.218
              Solute temperature at step      20 T=      48.7 Average =   66.380 +-  144.894
             Solvent temperature at step      20 T=       9.9 Average =    9.916 +-    0.008
------------------------ Nonbonded pair list generation -----------------------
>>> WARNING: hot atom, i =        19 Temp(i)=    124.96
>>> WARNING: hot atom, i =        21 Temp(i)=   2171.12
>>> WARNING: hot atom, i =        57 Temp(i)=    101.72
>>> WARNING: hot atom, i =       449 Temp(i)=    104.86
>>> WARNING: hot atom, i =       700 Temp(i)=    118.84
>>> WARNING: hot atom, i =       719 Temp(i)=    111.56
>>> WARNING: hot atom, i =       729 Temp(i)=    175.24
>>> WARNING: hot atom, i =       731 Temp(i)=    236.63
>>> WARNING: hot atom, i =       916 Temp(i)=    107.01
>>> WARNING: hot atom, i =      1375 Temp(i)=    299.46
>>> WARNING: hot atom, i =      1376 Temp(i)=   4684.61
>>> WARNING: hot atom, i =      1417 Temp(i)=    103.39
>>> WARNING: hot atom, i =      1423 Temp(i)=    534.45
>>> WARNING: hot atom, i =      1508 Temp(i)=    502.18
>>> WARNING: hot atom, i =      1509 Temp(i)=   3783.79
>>> WARNING: hot atom, i =      1529 Temp(i)=    117.79
>>> WARNING: hot atom, i =      1531 Temp(i)=    819.43
>>> WARNING: hot atom, i =      1536 Temp(i)=    361.77
>>> WARNING: hot atom, i =      1546 Temp(i)=    126.30
>>> WARNING: hot atom, i =      1565 Temp(i)=    729.20
>>> WARNING: hot atom, i =      1566 Temp(i)=   1942.97
>>> WARNING: hot atom, i =      2381 Temp(i)=    120.39
>>> WARNING: hot atom, i =      2712 Temp(i)=    583.33
>>> WARNING: hot atom, i =      2713 Temp(i)=   2579.90
>>> WARNING: hot atom, i =      2939 Temp(i)=    105.82
>>> WARNING: hot atom, i =      3052 Temp(i)=   2530.52
>>> WARNING: hot atom, i =      3053 Temp(i)=   3166.47
>>> WARNING: hot atom, i =      3054 Temp(i)=    647.28
>>> WARNING: hot atom, i =      3057 Temp(i)=    560.27
>>> WARNING: hot atom, i =      3058 Temp(i)=   2998.44
>>> WARNING: hot atom, i =      3128 Temp(i)=    546.32
>>> WARNING: hot atom, i =      3251 Temp(i)=    622.17
>>> WARNING: hot atom, i =      3317 Temp(i)=    350.89
>>> WARNING: hot atom, i =      3380 Temp(i)=    413.38
>>> WARNING: hot atom, i =      3674 Temp(i)=    415.60
>>> WARNING: hot atom, i =      3734 Temp(i)=    408.29
        Total System temperature at step      30 T=      18.7 Average =   20.639 +-    2.469
         Free System temperature at step      30 T=      20.7 Average =   23.705 +-    5.552
              Solute temperature at step      30 T=      31.9 Average =   37.425 +-   19.646
             Solvent temperature at step      30 T=       9.1 Average =    9.484 +-    0.045
>>> WARNING: hot atom, i =        19 Temp(i)=    185.93
>>> WARNING: hot atom, i =        21 Temp(i)=   1213.45
>>> WARNING: hot atom, i =       449 Temp(i)=    109.76
>>> WARNING: hot atom, i =       700 Temp(i)=    115.32
>>> WARNING: hot atom, i =       719 Temp(i)=    115.60
>>> WARNING: hot atom, i =       729 Temp(i)=    135.39
>>> WARNING: hot atom, i =       731 Temp(i)=    192.46
>>> WARNING: hot atom, i =       916 Temp(i)=    113.32
>>> WARNING: hot atom, i =      1375 Temp(i)=    319.97
>>> WARNING: hot atom, i =      1376 Temp(i)=   2308.42
>>> WARNING: hot atom, i =      1417 Temp(i)=    106.13
>>> WARNING: hot atom, i =      1423 Temp(i)=    217.98
>>> WARNING: hot atom, i =      1508 Temp(i)=    557.54
>>> WARNING: hot atom, i =      1509 Temp(i)=   2507.69
>>> WARNING: hot atom, i =      1529 Temp(i)=    206.09
>>> WARNING: hot atom, i =      1531 Temp(i)=    579.23
>>> WARNING: hot atom, i =      1536 Temp(i)=    247.75
>>> WARNING: hot atom, i =      1546 Temp(i)=    136.68
>>> WARNING: hot atom, i =      1565 Temp(i)=    862.72
>>> WARNING: hot atom, i =      1566 Temp(i)=   2696.42
>>> WARNING: hot atom, i =      2381 Temp(i)=    124.79
>>> WARNING: hot atom, i =      2712 Temp(i)=    709.45
>>> WARNING: hot atom, i =      2713 Temp(i)=   2262.98
>>> WARNING: hot atom, i =      2939 Temp(i)=    101.16
>>> WARNING: hot atom, i =      3052 Temp(i)=   2138.55
>>> WARNING: hot atom, i =      3053 Temp(i)=   2420.64
>>> WARNING: hot atom, i =      3057 Temp(i)=    348.72
>>> WARNING: hot atom, i =      3058 Temp(i)=   2244.00
>>> WARNING: hot atom, i =      3128 Temp(i)=    247.72
>>> WARNING: hot atom, i =      3251 Temp(i)=    279.21
>>> WARNING: hot atom, i =      3317 Temp(i)=    204.35
>>> WARNING: hot atom, i =      3380 Temp(i)=    183.53
>>> WARNING: hot atom, i =      3674 Temp(i)=    183.98
>>> WARNING: hot atom, i =      3734 Temp(i)=    254.47
>>> WARNING: hot atom, i =      4149 Temp(i)=    106.36
        Total System temperature at step      40 T=      17.1 Average =   17.732 +-    0.160
         Free System temperature at step      40 T=      18.8 Average =   19.496 +-    0.245
              Solute temperature at step      40 T=      28.7 Average =   29.819 +-    0.660
             Solvent temperature at step      40 T=       8.6 Average =    8.791 +-    0.028
>>> WARNING: hot atom, i =        19 Temp(i)=    181.50
>>> WARNING: hot atom, i =        21 Temp(i)=   1034.85
>>> WARNING: hot atom, i =       449 Temp(i)=    101.69
>>> WARNING: hot atom, i =       700 Temp(i)=    103.52
>>> WARNING: hot atom, i =       719 Temp(i)=    107.48
>>> WARNING: hot atom, i =       731 Temp(i)=    155.68
>>> WARNING: hot atom, i =       916 Temp(i)=    106.65
>>> WARNING: hot atom, i =      1375 Temp(i)=    262.69
>>> WARNING: hot atom, i =      1376 Temp(i)=   1247.16
>>> WARNING: hot atom, i =      1423 Temp(i)=    164.88
>>> WARNING: hot atom, i =      1508 Temp(i)=    441.75
>>> WARNING: hot atom, i =      1509 Temp(i)=   1840.96
>>> WARNING: hot atom, i =      1529 Temp(i)=    218.76
>>> WARNING: hot atom, i =      1531 Temp(i)=   1031.81
>>> WARNING: hot atom, i =      1536 Temp(i)=    194.89
>>> WARNING: hot atom, i =      1546 Temp(i)=    133.03
>>> WARNING: hot atom, i =      1565 Temp(i)=    717.36
>>> WARNING: hot atom, i =      1566 Temp(i)=   3712.69
>>> WARNING: hot atom, i =      1584 Temp(i)=    140.79
>>> WARNING: hot atom, i =      2381 Temp(i)=    115.09
>>> WARNING: hot atom, i =      2712 Temp(i)=    611.36
>>> WARNING: hot atom, i =      2713 Temp(i)=   2211.98
>>> WARNING: hot atom, i =      3052 Temp(i)=   1605.17
>>> WARNING: hot atom, i =      3053 Temp(i)=   1669.24
>>> WARNING: hot atom, i =      3057 Temp(i)=    137.76
>>> WARNING: hot atom, i =      3058 Temp(i)=    768.58
>>> WARNING: hot atom, i =      3128 Temp(i)=    128.83
>>> WARNING: hot atom, i =      3251 Temp(i)=    148.39
>>> WARNING: hot atom, i =      3317 Temp(i)=    139.72
>>> WARNING: hot atom, i =      3380 Temp(i)=    102.53
>>> WARNING: hot atom, i =      3734 Temp(i)=    184.67
>>> WARNING: hot atom, i =      4149 Temp(i)=    112.93
        Total System temperature at step      50 T=      15.4 Average =   16.279 +-    0.252
         Free System temperature at step      50 T=      17.1 Average =   17.961 +-    0.247
              Solute temperature at step      50 T=      25.6 Average =   27.183 +-    0.842
             Solvent temperature at step      50 T=       8.3 Average =    8.396 +-    0.004
------------------------ Nonbonded pair list generation -----------------------
>>> WARNING: hot atom, i =        19 Temp(i)=    131.48
>>> WARNING: hot atom, i =        21 Temp(i)=    726.45
>>> WARNING: hot atom, i =       731 Temp(i)=    135.82
>>> WARNING: hot atom, i =      1375 Temp(i)=    195.05
>>> WARNING: hot atom, i =      1376 Temp(i)=    557.57
>>> WARNING: hot atom, i =      1378 Temp(i)=    127.03
>>> WARNING: hot atom, i =      1423 Temp(i)=    180.47
>>> WARNING: hot atom, i =      1508 Temp(i)=    271.09
>>> WARNING: hot atom, i =      1509 Temp(i)=    994.08
>>> WARNING: hot atom, i =      1529 Temp(i)=    163.45
>>> WARNING: hot atom, i =      1531 Temp(i)=    907.31
>>> WARNING: hot atom, i =      1536 Temp(i)=    177.31
>>> WARNING: hot atom, i =      1546 Temp(i)=    121.85
>>> WARNING: hot atom, i =      1565 Temp(i)=    456.08
>>> WARNING: hot atom, i =      1566 Temp(i)=   3238.87
>>> WARNING: hot atom, i =      1584 Temp(i)=    145.30
>>> WARNING: hot atom, i =      2712 Temp(i)=    410.95
>>> WARNING: hot atom, i =      2713 Temp(i)=   1411.04
>>> WARNING: hot atom, i =      3052 Temp(i)=   1130.63
>>> WARNING: hot atom, i =      3053 Temp(i)=   1098.81
>>> WARNING: hot atom, i =      3054 Temp(i)=    192.79
>>> WARNING: hot atom, i =      3057 Temp(i)=    111.99
>>> WARNING: hot atom, i =      3251 Temp(i)=    107.23
>>> WARNING: hot atom, i =      3317 Temp(i)=    120.05
>>> WARNING: hot atom, i =      3734 Temp(i)=    154.75
>>> WARNING: hot atom, i =      4149 Temp(i)=    115.46
        Total System temperature at step      60 T=      13.1 Average =   14.162 +-    0.478
         Free System temperature at step      60 T=      14.7 Average =   15.807 +-    0.517
              Solute temperature at step      60 T=      20.8 Average =   23.060 +-    1.967
             Solvent temperature at step      60 T=       8.3 Average =    8.281 +-    0.000
>>> WARNING: hot atom, i =        21 Temp(i)=    345.38
>>> WARNING: hot atom, i =       731 Temp(i)=    124.22
>>> WARNING: hot atom, i =      1375 Temp(i)=    152.49
>>> WARNING: hot atom, i =      1376 Temp(i)=    200.36
>>> WARNING: hot atom, i =      1378 Temp(i)=    141.75
>>> WARNING: hot atom, i =      1423 Temp(i)=    157.85
>>> WARNING: hot atom, i =      1508 Temp(i)=    138.68
>>> WARNING: hot atom, i =      1509 Temp(i)=    337.23
>>> WARNING: hot atom, i =      1531 Temp(i)=    453.65
>>> WARNING: hot atom, i =      1536 Temp(i)=    157.26
>>> WARNING: hot atom, i =      1546 Temp(i)=    107.62
>>> WARNING: hot atom, i =      1565 Temp(i)=    229.12
>>> WARNING: hot atom, i =      1566 Temp(i)=   1685.54
>>> WARNING: hot atom, i =      1584 Temp(i)=    109.39
>>> WARNING: hot atom, i =      2712 Temp(i)=    233.18
>>> WARNING: hot atom, i =      2713 Temp(i)=    555.57
>>> WARNING: hot atom, i =      3052 Temp(i)=    767.05
>>> WARNING: hot atom, i =      3053 Temp(i)=    715.35
>>> WARNING: hot atom, i =      3054 Temp(i)=    196.42
>>> WARNING: hot atom, i =      3057 Temp(i)=    132.00
>>> WARNING: hot atom, i =      3058 Temp(i)=    192.88
>>> WARNING: hot atom, i =      3251 Temp(i)=    115.78
>>> WARNING: hot atom, i =      3317 Temp(i)=    124.09
>>> WARNING: hot atom, i =      3734 Temp(i)=    141.79
>>> WARNING: hot atom, i =      4149 Temp(i)=    116.12
        Total System temperature at step      70 T=      10.7 Average =   11.726 +-    0.466
         Free System temperature at step      70 T=      12.1 Average =   13.238 +-    0.529
              Solute temperature at step      70 T=      15.9 Average =   18.040 +-    2.021
             Solvent temperature at step      70 T=       8.2 Average =    8.247 +-    0.000
>>> WARNING: hot atom, i =       731 Temp(i)=    112.85
>>> WARNING: hot atom, i =      1375 Temp(i)=    133.91
>>> WARNING: hot atom, i =      1376 Temp(i)=    110.18
>>> WARNING: hot atom, i =      1378 Temp(i)=    141.76
>>> WARNING: hot atom, i =      1423 Temp(i)=    108.78
>>> WARNING: hot atom, i =      1531 Temp(i)=    164.18
>>> WARNING: hot atom, i =      1536 Temp(i)=    127.05
>>> WARNING: hot atom, i =      1566 Temp(i)=    431.15
>>> WARNING: hot atom, i =      2712 Temp(i)=    126.58
>>> WARNING: hot atom, i =      2713 Temp(i)=    131.59
>>> WARNING: hot atom, i =      3052 Temp(i)=    507.32
>>> WARNING: hot atom, i =      3053 Temp(i)=    471.46
>>> WARNING: hot atom, i =      3054 Temp(i)=    122.23
>>> WARNING: hot atom, i =      3058 Temp(i)=    260.32
>>> WARNING: hot atom, i =      3251 Temp(i)=    158.66
>>> WARNING: hot atom, i =      3317 Temp(i)=    136.57
>>> WARNING: hot atom, i =      3734 Temp(i)=    134.73
>>> WARNING: hot atom, i =      4149 Temp(i)=    115.94
        Total System temperature at step      80 T=       8.8 Average =    9.603 +-    0.273
         Free System temperature at step      80 T=      10.2 Average =   10.980 +-    0.304
              Solute temperature at step      80 T=      12.0 Average =   13.634 +-    1.156
             Solvent temperature at step      80 T=       8.2 Average =    8.211 +-    0.000
------------------------ Nonbonded pair list generation -----------------------
>>> WARNING: hot atom, i =      1375 Temp(i)=    124.77
>>> WARNING: hot atom, i =      1376 Temp(i)=    136.75
>>> WARNING: hot atom, i =      1378 Temp(i)=    131.40
>>> WARNING: hot atom, i =      1531 Temp(i)=    122.46
>>> WARNING: hot atom, i =      1566 Temp(i)=    165.67
>>> WARNING: hot atom, i =      3052 Temp(i)=    330.79
>>> WARNING: hot atom, i =      3053 Temp(i)=    318.72
>>> WARNING: hot atom, i =      3058 Temp(i)=    134.41
>>> WARNING: hot atom, i =      3251 Temp(i)=    208.79
>>> WARNING: hot atom, i =      3317 Temp(i)=    144.30
>>> WARNING: hot atom, i =      3734 Temp(i)=    128.39
>>> WARNING: hot atom, i =      4149 Temp(i)=    115.28
>>> WARNING: hot atom, i =      4543 Temp(i)=    100.54
>>> WARNING: hot atom, i =      4782 Temp(i)=    100.14
        Total System temperature at step      90 T=       7.7 Average =    8.143 +-    0.104
         Free System temperature at step      90 T=       9.0 Average =    9.472 +-    0.104
              Solute temperature at step      90 T=       9.8 Average =   10.692 +-    0.397
             Solvent temperature at step      90 T=       8.2 Average =    8.187 +-    0.000
>>> WARNING: hot atom, i =      1375 Temp(i)=    114.95
>>> WARNING: hot atom, i =      1376 Temp(i)=    163.79
>>> WARNING: hot atom, i =      1378 Temp(i)=    115.34
>>> WARNING: hot atom, i =      1531 Temp(i)=    155.18
>>> WARNING: hot atom, i =      1566 Temp(i)=    312.64
>>> WARNING: hot atom, i =      2713 Temp(i)=    145.50
>>> WARNING: hot atom, i =      3052 Temp(i)=    216.61
>>> WARNING: hot atom, i =      3053 Temp(i)=    221.97
>>> WARNING: hot atom, i =      3251 Temp(i)=    229.19
>>> WARNING: hot atom, i =      3317 Temp(i)=    140.97
>>> WARNING: hot atom, i =      3734 Temp(i)=    121.27
>>> WARNING: hot atom, i =      4149 Temp(i)=    114.21
>>> WARNING: hot atom, i =      4543 Temp(i)=    103.91
=======================  Energy summary at step    100 ========================
                          el         vdW        bond       angle     torsion    improper
solute              -4056.20     -267.57      208.58      815.85      525.52       54.88
solvent              -498.70     -158.25       14.19       31.97        0.00        0.00
solute-solvent        -11.91       99.67
Q-atom                 -2.68        4.97     -323.70       37.84       -2.17        0.00

                       total         fix   slvnt_rad   slvnt_pol       shell      solute
restraints           -135.89       67.81     -218.52        9.92        4.91        0.00

                       total   potential     kinetic
SUM                 -3564.55    -3663.60       99.05
======================= Q-atom energies at step    100 ========================
type   st lambda        el       vdW      bond     angle   torsion  improper
Q-Q     1 0.9000     10.98      0.66
Q-Q     2 0.1000   -212.87     43.99

Q-prot  1 0.9000      7.26      2.67
Q-prot  2 0.1000     34.15      5.89

Q-wat   1 0.9000     -1.89     -3.06
Q-wat   2 0.1000      4.84     -2.67

Q-surr. 1 0.9000      5.37     -0.39
Q-surr. 2 0.1000     38.99      3.22

Q-any   1 0.9000     16.35      0.27   -350.66      7.08     -2.13      0.00
Q-any   2 0.1000   -173.88     47.21    -81.06    314.67     -2.46      0.00

type   st lambda     total restraint
Q-SUM   1 0.9000   -329.10      0.00
Q-SUM   2 0.1000    104.48      0.00
H( 1, 2) =    0.07 dist. between Q-atoms   1   7 =    5.85
===============================================================================
        Total System temperature at step     100 T=       6.9 Average =    7.244 +-    0.043
         Free System temperature at step     100 T=       8.3 Average =    8.594 +-    0.040
              Solute temperature at step     100 T=       8.4 Average =    8.985 +-    0.150
             Solvent temperature at step     100 T=       8.2 Average =    8.167 +-    0.000
>>> WARNING: hot atom, i =      1375 Temp(i)=    102.68
>>> WARNING: hot atom, i =      1376 Temp(i)=    153.74
>>> WARNING: hot atom, i =      1509 Temp(i)=    121.08
>>> WARNING: hot atom, i =      1531 Temp(i)=    154.36
>>> WARNING: hot atom, i =      1566 Temp(i)=    294.55
>>> WARNING: hot atom, i =      2713 Temp(i)=    165.86
>>> WARNING: hot atom, i =      3052 Temp(i)=    145.88
>>> WARNING: hot atom, i =      3053 Temp(i)=    159.25
>>> WARNING: hot atom, i =      3251 Temp(i)=    213.28
>>> WARNING: hot atom, i =      3317 Temp(i)=    129.19
>>> WARNING: hot atom, i =      3734 Temp(i)=    113.96
>>> WARNING: hot atom, i =      4149 Temp(i)=    112.77
>>> WARNING: hot atom, i =      4543 Temp(i)=    105.98
        Total System temperature at step     110 T=       6.3 Average =    6.588 +-    0.031
         Free System temperature at step     110 T=       7.7 Average =    7.944 +-    0.032
              Solute temperature at step     110 T=       7.2 Average =    7.753 +-    0.112
             Solvent temperature at step     110 T=       8.1 Average =    8.119 +-    0.000
------------------------ Nonbonded pair list generation -----------------------
>>> WARNING: hot atom, i =      1376 Temp(i)=    119.19
>>> WARNING: hot atom, i =      1509 Temp(i)=    100.03
>>> WARNING: hot atom, i =      1531 Temp(i)=    128.48
>>> WARNING: hot atom, i =      1566 Temp(i)=    148.92
>>> WARNING: hot atom, i =      2713 Temp(i)=    126.38
>>> WARNING: hot atom, i =      3052 Temp(i)=    103.04
>>> WARNING: hot atom, i =      3053 Temp(i)=    117.65
>>> WARNING: hot atom, i =      3251 Temp(i)=    181.34
>>> WARNING: hot atom, i =      3317 Temp(i)=    114.66
>>> WARNING: hot atom, i =      3734 Temp(i)=    107.34
>>> WARNING: hot atom, i =      4149 Temp(i)=    111.00
>>> WARNING: hot atom, i =      4543 Temp(i)=    107.30
        Total System temperature at step     120 T=       5.8 Average =    6.009 +-    0.025
         Free System temperature at step     120 T=       7.1 Average =    7.331 +-    0.029
              Solute temperature at step     120 T=       6.2 Average =    6.628 +-    0.095
             Solvent temperature at step     120 T=       8.0 Average =    8.034 +-    0.001
>>> WARNING: hot atom, i =      1531 Temp(i)=    109.21
>>> WARNING: hot atom, i =      3251 Temp(i)=    151.50
>>> WARNING: hot atom, i =      3317 Temp(i)=    101.61
>>> WARNING: hot atom, i =      3734 Temp(i)=    102.07
>>> WARNING: hot atom, i =      4149 Temp(i)=    108.95
>>> WARNING: hot atom, i =      4543 Temp(i)=    107.57
        Total System temperature at step     130 T=       5.3 Average =    5.511 +-    0.017
         Free System temperature at step     130 T=       6.6 Average =    6.780 +-    0.021
              Solute temperature at step     130 T=       5.3 Average =    5.647 +-    0.064
             Solvent temperature at step     130 T=       7.9 Average =    7.930 +-    0.001
>>> WARNING: hot atom, i =      1531 Temp(i)=    103.05
>>> WARNING: hot atom, i =      3251 Temp(i)=    130.87
>>> WARNING: hot atom, i =      4149 Temp(i)=    106.68
>>> WARNING: hot atom, i =      4543 Temp(i)=    105.95
        Total System temperature at step     140 T=       5.0 Average =    5.112 +-    0.010
         Free System temperature at step     140 T=       6.2 Average =    6.335 +-    0.013
              Solute temperature at step     140 T=       4.6 Average =    4.879 +-    0.036
             Solvent temperature at step     140 T=       7.8 Average =    7.819 +-    0.001
------------------------ Nonbonded pair list generation -----------------------
>>> WARNING: hot atom, i =      1531 Temp(i)=    100.74
>>> WARNING: hot atom, i =      3251 Temp(i)=    118.78
>>> WARNING: hot atom, i =      4149 Temp(i)=    104.23
>>> WARNING: hot atom, i =      4543 Temp(i)=    103.18
        Total System temperature at step     150 T=       4.7 Average =    4.800 +-    0.006
         Free System temperature at step     150 T=       5.9 Average =    5.988 +-    0.008
              Solute temperature at step     150 T=       4.1 Average =    4.300 +-    0.021
             Solvent temperature at step     150 T=       7.7 Average =    7.713 +-    0.001
>>> WARNING: hot atom, i =      3251 Temp(i)=    113.02
>>> WARNING: hot atom, i =      4149 Temp(i)=    101.63
        Total System temperature at step     160 T=       4.4 Average =    4.548 +-    0.004
         Free System temperature at step     160 T=       5.6 Average =    5.708 +-    0.005
              Solute temperature at step     160 T=       3.7 Average =    3.843 +-    0.014
             Solvent temperature at step     160 T=       7.6 Average =    7.615 +-    0.001
>>> WARNING: hot atom, i =      3251 Temp(i)=    111.13
        Total System temperature at step     170 T=       4.2 Average =    4.332 +-    0.003
         Free System temperature at step     170 T=       5.4 Average =    5.466 +-    0.004
              Solute temperature at step     170 T=       3.3 Average =    3.462 +-    0.010
             Solvent temperature at step     170 T=       7.5 Average =    7.519 +-    0.001
------------------------ Nonbonded pair list generation -----------------------
>>> WARNING: hot atom, i =      3251 Temp(i)=    109.86
        Total System temperature at step     180 T=       4.1 Average =    4.143 +-    0.003
         Free System temperature at step     180 T=       5.2 Average =    5.254 +-    0.003
              Solute temperature at step     180 T=       3.0 Average =    3.137 +-    0.007
             Solvent temperature at step     180 T=       7.4 Average =    7.422 +-    0.001
>>> WARNING: hot atom, i =      3251 Temp(i)=    107.64
        Total System temperature at step     190 T=       3.9 Average =    3.978 +-    0.002
         Free System temperature at step     190 T=       5.0 Average =    5.066 +-    0.002
              Solute temperature at step     190 T=       2.8 Average =    2.863 +-    0.005
             Solvent temperature at step     190 T=       7.3 Average =    7.324 +-    0.001

=========================== FINAL  Energy summary =============================
                          el         vdW        bond       angle     torsion    improper
solute              -4075.63     -293.96      148.77      689.22      490.05       39.48
solvent              -890.70     -157.67       16.55       26.83        0.00        0.00
solute-solvent        -20.60       76.70
Q-atom                 -5.22        1.97     -327.02       34.44       -1.91        0.00

                       total         fix   slvnt_rad   slvnt_pol       shell      solute
restraints           -118.24       84.20     -220.08        8.42        9.21        0.00

                       total   potential     kinetic
SUM                 -4312.81    -4366.93       54.11
=========================== FINAL Q-atom energies =============================
type   st lambda        el       vdW      bond     angle   torsion  improper
Q-Q     1 0.9000      9.80      0.98
Q-Q     2 0.1000   -210.12     32.92

Q-prot  1 0.9000      6.77      0.36
Q-prot  2 0.1000     33.74      4.76

Q-wat   1 0.9000     -3.10     -3.05
Q-wat   2 0.1000      3.05     -2.66

Q-surr. 1 0.9000      3.67     -2.68
Q-surr. 2 0.1000     36.78      2.10

Q-any   1 0.9000     13.46     -1.70   -354.81      6.69     -1.84      0.00
Q-any   2 0.1000   -173.33     35.02    -76.86    284.18     -2.54      0.00

type   st lambda     total restraint
Q-SUM   1 0.9000   -338.20      0.00
Q-SUM   2 0.1000     66.46      0.00
H( 1, 2) =    0.07 dist. between Q-atoms   1   7 =    5.89
===============================================================================
>>> WARNING: hot atom, i =      3251 Temp(i)=    104.36
        Total System temperature at step     200 T=       3.8 Average =    3.835 +-    0.001
         Free System temperature at step     200 T=       4.8 Average =    4.904 +-    0.002
              Solute temperature at step     200 T=       2.6 Average =    2.634 +-    0.003
             Solvent temperature at step     200 T=       7.2 Average =    7.232 +-    0.001
Total time of main loop:                                35.5(s)
 QDyn version 6.0.9 , git id=adc28a635c78993922188615a73366ace3402081 terminated normally.
###############################################################################
