
Build and version information

Build number 6.0.9
Build date   20231024
Built:       
      by     nayanika
      on     nayanika-HP-Pavilion-Gaming-Laptop-15-ec0xxx
      git id adc28a635c78993922188615a73366ace3402081
      with   GNU Fortran Ubuntu 9.4.0-1ubuntu1~20.04.2 9.4.0
Qdyn version 6.0.9 , git id=adc28a635c78993922188615a73366ace3402081 initialising
Current date 2024- 1-22 and time 19:12:34

Welcome in qdyn modification date 20231024

 Q6, Copyright © 2017 Johan Åqvist, John Marelius, Shina Caroline Lynn Kamerlin and Paul Bauer
 Q6 comes with ABSOLUTELY NO WARRANTY.  This is free software, and you are welcome
 to redistribute it under certain conditions. For details, add the --help flag.
----------------------- Reading input from relax_007.inp ----------------------
Number of MD steps =       200  Stepsize (fs)    =     0.100
 Not being verbose in temperature print out
Target temperature =    200.00  T-relax time     =    100.00
 No thermostat chosen. Berendsen thermostat will be used.
 Leap frog integrator used by default.
Solute and solvent atoms coupled separately to heat bath.
May redefine groups in later section
 Using Shake as the constraint algorithm
Shake constraints on solvent bonds to hydrogens : on 
Shake constraints on solute bonds to any atoms : off
Nonbonded method   = standard cut-off
Using default temperature coupling groups
Boundary: sphere
Cut-off radii for non-bonded interactions:
Solute-solute:     10.00
Solvent-solvent:   10.00
Solute-solvent:    10.00
Q-atom-non-Q-atom: 99.00
 Radius of inner restrained shell set to 85% of exclusion shell radius.
Radius of inner restrained shell       =       0.850
Polarization force update at default 10/ps
Update every 1000 steps
temperature print-out interval set to default.
Non-bonded pair list update interval   =      30
Energy summary print-out interval      =     200
Temperature print-out interval         =      10
Trajectory write interval              =     200
No energy file written.
All atoms will be included in the trajectory.
Topology file      = GPX6cys_mouse.top
Initial coord. file= relax_006.re
Final coord. file  = relax_007.re
Trajectory file    = relax_007.dcd
FEP input file     = correctedGPX6_mousecys.fep

lambda-values      =  0.90000 0.10000

List of excluded atom groups
No QCP section found, will not try to use RPMD.

Listing of restraining data:
---------------------------- Reading topology file ---------------------------
GPX6cys_mouse.top                                                               

No. of solute atoms     =       3058
No. of solvent atoms    =       1740
Solvent dielectric*1000 =     80100
No. of coordinates      =      14394
No. of atom type codes  =       4798
No. of solute bonds     =       3104
No. of solvent bonds    =       1740
No. of solute angles    =       5597
No. of solvent angles   =        580
No. of solute torsions  =      10854
No. of solvent torsions =          0
No. of solute impropers =        650
No. of solvent impropers=          0
No. of atomic charges   =       4798
No. of solute chargegrps=        549
No. of solvent chargegps=        580
Charge group cut-off    : Switching atoms
vdW  rule [ 1=G / 2=A ] =          1
El-static 1-4 damping   =      0.500
Coulomb constant        =   332.0000
No. of atom types       =         86
No. of LJ type 2 pairs  =          0
No. of heavy atoms      =       2139
No. of 1-4 neighbours   =       8172
No. long-range 1-4 nbrs =          4
No. of nbor exclusions  =      11021
No. of long-range excls =          0
No. of residues         =        777
No of solute residues   =        197
No. of molecules        =        583
Atom type names         =         86
SYBYL atom types        =         86
Boundary: sphere
Exclusion radius        =     20.000
Eff. solvent radius     =     19.790
Solvent density         =   0.03350000
Solute centre           =     43.704    34.968    42.174
Solvent centre          =     43.704    34.968    42.174
No. of excluded atoms   =       1268
Molecular topology read successfully.

Found      536 solute atoms in the restrained shell region ( 17.00 to  20.00)
----------------------------- Reading restart file ----------------------------
Total number of atoms        =    4798
Number of waters encountered =     580

----------------------------- Reading Q atom list ----------------------------
No. of fep/evb states    =     2
No. of fep/evb atoms     =    12
Atom nos.:   730   733   729   731   732  3052  3053  3054  3055  3056
Atom nos.:  3057  3058
--------------------------- Reading fep/evb strategy --------------------------

No. of changing charges  =    12
Effective Q-atom charges for all Q-atoms
Q atom    charge in state 1 state 2
     1               -0.335   0.048
     2                0.155   0.417
     3                0.060   0.048
     4                0.060   0.060
     5                0.060   0.060
     6               -0.418  -0.800
     7               -0.418  -0.633
     8                0.418   0.400
     9                0.418   0.418
    10               -0.800  -0.834
    11                0.400   0.417
    12                0.400   0.400

   SUM               -0.000   0.000

No. of Q-atom types  =    16
Name            Ai      Bi      Ci     ai Ai(1-4) Bi(1-4)    Mass
SH         2001.57   44.74  165.00  1.58  1415.32   31.64   32.06
snn.SG     2593.94   55.60  165.00  1.58  1834.19   39.31   32.06
HS           84.57    5.41    1.00  1.58    59.80    3.83    1.01
HW           50.00    0.00    1.00  1.58     0.00    0.00    1.01
CT          944.52   22.03    1.00  1.58   667.88   15.58   12.01
snn.CB      944.52   22.03    1.00  1.58   667.88   15.58   12.01
HC           84.57    5.41    1.00  1.58    59.80    3.83    1.01
snn.HB2      84.57    5.41    1.00  1.58    59.80    3.83    1.01
snn.HB3      84.57    5.41    1.00  1.58    59.80    3.83    1.01
prx.O       760.64   25.04    1.00  1.58   537.86   17.71   16.00
HO2.ow      762.89   24.39    1.00  1.58   539.44   17.25   16.00
snn.OS      760.64   25.04    1.00  1.58   537.86   17.71   16.00
prx.H         0.01    0.04    1.00  1.58     0.00    0.03    1.01
HO2.hw       50.00    0.00    1.00  1.58     0.00    0.00    1.01
snn.HG        0.01    0.04    1.00  1.58     0.00    0.03    1.01
OW          762.89   24.39    1.00  1.58   539.44   17.25   16.00

Assigning Q-atom types to all Q atoms:
Q atom    atom type in  state 1  state 2
     1                  SH       snn.SG  
     2                  HS       HW      
     3                  CT       snn.CB  
     4                  HC       snn.HB2 
     5                  HC       snn.HB3 
     6                  prx.O    HO2.ow  
     7                  prx.O    snn.OS  
     8                  prx.H    HO2.hw  
     9                  prx.H    snn.HG  
    10                  HO2.ow   OW      
    11                  HO2.hw   HW      
    12                  HO2.hw   HO2.hw  

No. of soft repulsion non-bonded pairs =     9
q-atom_i q-atom_j
       6        7
      11       12
      10       12
       1        2
      12        8
       6       12
      11        2
      10        2
       1        7

No. of excluded non-bonded pairs =     1
atom_i atom_j    excluded in state 1 state 2
  3052   3053                      1       1

Q-bond types:
type #  Morse E_diss    alpha       b0  Harmonic force_k 
     1         54.00     2.32     1.32
     2        102.00     2.26     0.96
     3        104.00     1.99     0.74
     4        102.00     2.26     0.96
     5         81.00     1.87     1.32
     6        104.00     1.99     0.74
     7        102.00     2.26     0.96
     8        102.00     2.26     0.96
     9         81.00     1.87     1.32
    10        102.00     2.26     0.96
    11        102.00     2.26     0.96


No. of changing bonds    =    10
atom_i atom_j   bond type in state 1 state 2
  3052   3053                      1       0
  3057   3058                      2       0
  3056   3058                      3       0
   761    764                      4       0
  3054   3058                      0       2
  3052   3058                      0       3
   764   3057                      0       5
   764   3056                      0       6
   761   3053                      0       7
  3052   3054                      8       9

Q-angle types:
type #       force-k   theta0
     1        160.00   102.22
     2        200.00   104.52
     3          0.00   127.74
     4         88.00    96.00
     5          0.00   127.74
     6        220.00   100.78
     7        200.00   104.52
     8        130.00   106.24


No. of changing angles   =    14
atom_i atom_j atom_k    angle type in state 1 state 2
  3052   3053   3055                        1       0
  3053   3052   3054                        1       0
  3057   3056   3058                        2       0
  3056   3057   3058                        3       0
  3056   3058   3057                        3       0
   727    761    764                        4       0
  3054   3052   3058                        0       2
  3052   3054   3058                        0       3
  3052   3058   3054                        0       3
  3056    764   3057                        0       5
   727    761   3053                        0       6
   764   3057   3056                        0       5
   764   3056   3057                        0       7
   761   3053   3055                        0       8

Q-torsion types:
type #       force-k     mult    delta
     1         -2.50     2.00   180.00
     2          0.24     3.00     0.00
     3         -2.50     2.00   180.00
     4          0.24     3.00     0.00
     5          0.24     3.00     0.00


No. of changing torsions =     6
atom_i atom_j atom_k atom_l    torsion type in state 1 state 2
  3054   3052   3053   3055                          1       0
   728    727    761    764                          2       0
   729    727    761    764                          2       0
   727    761   3053   3055                          0       3
   728    727    761   3053                          0       4
   729    727    761   3053                          0       5

No. of offdiagonal (Hij) functions =     1
state_i state_j atom_k atom_l     Aij mu_ij
      1       2      1      7    1.00  0.45
No softcore section found. Using normal LJ potentials.

No. atom groups to monitor   =     1
group 1:     730     733     729     731     732    3052    3053
    3054    3055    3056    3057    3058

---------------- Removing redefined interactions from topology ---------------
type      atom1 atom2 atom3 atom4
bond       3054  3052
bond       3052  3053
bond       3056  3058
bond       3057  3058
angle      3054  3052  3053
angle      3052  3053  3055
angle      3057  3056  3058
torsion    3054  3052  3053  3055

---------------------------- Initialising dynamics ---------------------------
Total charge of non-Q atoms             =      -0.58
Total charge of excluded atoms          =      -3.30
Total charge of system                  =      -0.58
Target water sphere radius              =      19.79
Surface inward harmonic force constant  =      60.00
Surface attraction well depth           =       0.84
Surface attraction well width           =       0.48
Water polarisation restraints           : ON, Born correction enabled
Radial polarisation force constant      =      20.00

Setting up 3 water shells for polarisation restraints.
Loaded polarisation restraint data from restart file.
Shell #    outer radius    inner radius
      1           19.79           19.29
      2           19.29           18.29
      3           18.29           16.79

Number of shake constraints             =       1740
No. molecules with shake constraints    =        580
No. of Rcq indep. nb pairs involving q-atoms =   219 in state :  1
No. of Rcq indep. nb pairs involving q-atoms =   208 in state :  2

Coordinates for  4798 atoms will be written to the trajectory.
------------------------ Distribution of charge groups -----------------------
node value solute-solute solute-water  water-water     Q-solute      Q-water       #Shake       #Atoms   #Molecules
     total           549          549          580          549          580          580         4798          583
----------------------------- End of distribution ----------------------------

Initial System total temperatures are : Ttot =    151.46 Tfree =    213.48
Solute               temperatures are : Ttot =     42.99 Tfree =     68.17
Solvent              temperatures are : Ttot =    437.42 Tfree =    437.42

------------------------ Nonbonded pair list generation -----------------------
=======================  Energy summary at step      0 ========================
                          el         vdW        bond       angle     torsion    improper
solute              -4235.56     -347.07      113.34      539.03      430.47       28.23
solvent             -4110.26      587.56        0.00        0.00        0.00        0.00
solute-solvent        -96.51      -19.49
Q-atom                -35.20       -6.61     -323.70       21.52       -3.74        0.00

                       total         fix   slvnt_rad   slvnt_pol       shell      solute
restraints              9.72      157.45     -235.89        8.75       79.41        0.00

                       total   potential     kinetic
SUM                 -5544.55    -7448.27     1903.71
======================= Q-atom energies at step      0 ========================
type   st lambda        el       vdW      bond     angle   torsion  improper
Q-Q     1 0.9000      7.72     -0.55
Q-Q     2 0.1000   -201.00     13.18

Q-prot  1 0.9000     -4.78     -8.23
Q-prot  2 0.1000     23.79      3.44

Q-wat   1 0.9000    -20.47     -0.40
Q-wat   2 0.1000    -17.01     -0.01

Q-surr. 1 0.9000    -25.25     -8.63
Q-surr. 2 0.1000      6.78      3.43

Q-any   1 0.9000    -17.53     -9.19   -354.41      9.31     -4.20      0.00
Q-any   2 0.1000   -194.22     16.61    -47.32    131.39      0.45      0.00

type   st lambda     total restraint
Q-SUM   1 0.9000   -376.01      0.00
Q-SUM   2 0.1000    -93.10      0.00
H( 1, 2) =    0.05 dist. between Q-atoms   1   7 =    6.83
===============================================================================
        Total System temperature at step      10 T=     151.9 Average =  151.724 +-    0.019
         Free System temperature at step      10 T=     214.1 Average =  213.811 +-    0.029
              Solute temperature at step      10 T=      69.6 Average =   68.962 +-    0.169
             Solvent temperature at step      10 T=     436.7 Average =  437.030 +-    0.040
        Total System temperature at step      20 T=     152.4 Average =  152.199 +-    0.016
         Free System temperature at step      20 T=     214.7 Average =  214.410 +-    0.027
              Solute temperature at step      20 T=      70.8 Average =   70.289 +-    0.123
             Solvent temperature at step      20 T=     436.3 Average =  436.500 +-    0.016
------------------------ Nonbonded pair list generation -----------------------
        Total System temperature at step      30 T=     152.8 Average =  152.624 +-    0.014
         Free System temperature at step      30 T=     215.2 Average =  214.957 +-    0.024
              Solute temperature at step      30 T=      72.0 Average =   71.464 +-    0.105
             Solvent temperature at step      30 T=     435.9 Average =  436.074 +-    0.012
        Total System temperature at step      40 T=     153.2 Average =  153.018 +-    0.011
         Free System temperature at step      40 T=     215.7 Average =  215.479 +-    0.021
              Solute temperature at step      40 T=      73.0 Average =   72.549 +-    0.090
             Solvent temperature at step      40 T=     435.6 Average =  435.722 +-    0.010
        Total System temperature at step      50 T=     153.5 Average =  153.359 +-    0.008
         Free System temperature at step      50 T=     216.1 Average =  215.945 +-    0.015
              Solute temperature at step      50 T=      74.0 Average =   73.561 +-    0.079
             Solvent temperature at step      50 T=     435.2 Average =  435.341 +-    0.014
------------------------ Nonbonded pair list generation -----------------------
        Total System temperature at step      60 T=     153.8 Average =  153.650 +-    0.006
         Free System temperature at step      60 T=     216.5 Average =  216.361 +-    0.013
              Solute temperature at step      60 T=      74.9 Average =   74.513 +-    0.070
             Solvent temperature at step      60 T=     434.7 Average =  434.926 +-    0.015
        Total System temperature at step      70 T=     154.0 Average =  153.889 +-    0.003
         Free System temperature at step      70 T=     216.8 Average =  216.717 +-    0.008
              Solute temperature at step      70 T=      75.8 Average =   75.404 +-    0.061
             Solvent temperature at step      70 T=     434.2 Average =  434.453 +-    0.025
        Total System temperature at step      80 T=     154.1 Average =  154.050 +-    0.001
         Free System temperature at step      80 T=     217.1 Average =  216.975 +-    0.004
              Solute temperature at step      80 T=      76.6 Average =   76.233 +-    0.053
             Solvent temperature at step      80 T=     433.5 Average =  433.826 +-    0.039
------------------------ Nonbonded pair list generation -----------------------
        Total System temperature at step      90 T=     154.2 Average =  154.173 +-    0.001
         Free System temperature at step      90 T=     217.3 Average =  217.184 +-    0.004
              Solute temperature at step      90 T=      77.3 Average =   77.007 +-    0.047
             Solvent temperature at step      90 T=     432.9 Average =  433.160 +-    0.033
        Total System temperature at step     100 T=     154.3 Average =  154.278 +-    0.001
         Free System temperature at step     100 T=     217.4 Average =  217.371 +-    0.002
              Solute temperature at step     100 T=      78.1 Average =   77.749 +-    0.044
             Solvent temperature at step     100 T=     432.2 Average =  432.486 +-    0.043
        Total System temperature at step     110 T=     154.4 Average =  154.373 +-    0.001
         Free System temperature at step     110 T=     217.6 Average =  217.540 +-    0.003
              Solute temperature at step     110 T=      78.8 Average =   78.478 +-    0.043
             Solvent temperature at step     110 T=     431.5 Average =  431.788 +-    0.037
------------------------ Nonbonded pair list generation -----------------------
        Total System temperature at step     120 T=     154.5 Average =  154.491 +-    0.001
         Free System temperature at step     120 T=     217.8 Average =  217.734 +-    0.003
              Solute temperature at step     120 T=      79.5 Average =   79.196 +-    0.041
             Solvent temperature at step     120 T=     430.9 Average =  431.170 +-    0.029
        Total System temperature at step     130 T=     154.7 Average =  154.634 +-    0.002
         Free System temperature at step     130 T=     218.1 Average =  217.953 +-    0.005
              Solute temperature at step     130 T=      80.2 Average =   79.885 +-    0.037
             Solvent temperature at step     130 T=     430.5 Average =  430.662 +-    0.013
        Total System temperature at step     140 T=     154.9 Average =  154.815 +-    0.003
         Free System temperature at step     140 T=     218.3 Average =  218.217 +-    0.006
              Solute temperature at step     140 T=      80.8 Average =   80.530 +-    0.032
             Solvent temperature at step     140 T=     430.2 Average =  430.335 +-    0.006
------------------------ Nonbonded pair list generation -----------------------
        Total System temperature at step     150 T=     155.1 Average =  155.026 +-    0.004
         Free System temperature at step     150 T=     218.7 Average =  218.511 +-    0.008
              Solute temperature at step     150 T=      81.4 Average =   81.134 +-    0.029
             Solvent temperature at step     150 T=     430.1 Average =  430.148 +-    0.001
        Total System temperature at step     160 T=     155.4 Average =  155.292 +-    0.007
         Free System temperature at step     160 T=     219.1 Average =  218.871 +-    0.013
              Solute temperature at step     160 T=      82.0 Average =   81.713 +-    0.027
             Solvent temperature at step     160 T=     430.2 Average =  430.169 +-    0.001
        Total System temperature at step     170 T=     155.8 Average =  155.617 +-    0.010
         Free System temperature at step     170 T=     219.5 Average =  219.309 +-    0.019
              Solute temperature at step     170 T=      82.5 Average =   82.281 +-    0.026
             Solvent temperature at step     170 T=     430.6 Average =  430.402 +-    0.009
------------------------ Nonbonded pair list generation -----------------------
        Total System temperature at step     180 T=     156.1 Average =  155.963 +-    0.009
         Free System temperature at step     180 T=     220.0 Average =  219.768 +-    0.015
              Solute temperature at step     180 T=      83.1 Average =   82.833 +-    0.024
             Solvent temperature at step     180 T=     430.8 Average =  430.717 +-    0.006
        Total System temperature at step     190 T=     156.4 Average =  156.286 +-    0.008
         Free System temperature at step     190 T=     220.4 Average =  220.189 +-    0.014
              Solute temperature at step     190 T=      83.6 Average =   83.348 +-    0.020
             Solvent temperature at step     190 T=     431.1 Average =  430.988 +-    0.006

=========================== FINAL  Energy summary =============================
                          el         vdW        bond       angle     torsion    improper
solute              -4245.46     -333.52      128.72      567.69      444.40       35.15
solvent             -4318.16      660.94        0.00        0.00        0.00        0.00
solute-solvent        -99.63      -17.18
Q-atom                -37.41       -5.12     -327.58       20.46       -3.67        0.00

                       total         fix   slvnt_rad   slvnt_pol       shell      solute
restraints              9.12      145.06     -234.51       14.59       83.97        0.00

                       total   potential     kinetic
SUM                 -5552.80    -7521.26     1968.47
=========================== FINAL Q-atom energies =============================
type   st lambda        el       vdW      bond     angle   torsion  improper
Q-Q     1 0.9000      9.11     -0.42
Q-Q     2 0.1000   -203.01     15.99

Q-prot  1 0.9000     -5.95     -8.33
Q-prot  2 0.1000     24.11     -5.85

Q-wat   1 0.9000    -22.75      1.71
Q-wat   2 0.1000    -18.86      2.01

Q-surr. 1 0.9000    -28.70     -6.62
Q-surr. 2 0.1000      5.25     -3.84

Q-any   1 0.9000    -19.59     -7.04   -358.78      9.61     -4.13      0.00
Q-any   2 0.1000   -197.76     12.15    -46.75    118.08      0.54      0.00

type   st lambda     total restraint
Q-SUM   1 0.9000   -379.94      0.00
Q-SUM   2 0.1000   -113.75      0.00
H( 1, 2) =    0.04 dist. between Q-atoms   1   7 =    7.02
===============================================================================
        Total System temperature at step     200 T=     156.7 Average =  156.569 +-    0.005
         Free System temperature at step     200 T=     220.7 Average =  220.548 +-    0.007
              Solute temperature at step     200 T=      84.0 Average =   83.827 +-    0.017
             Solvent temperature at step     200 T=     431.2 Average =  431.162 +-    0.000
Total time of main loop:                                35.2(s)
 QDyn version 6.0.9 , git id=adc28a635c78993922188615a73366ace3402081 terminated normally.
###############################################################################
