# Qfep                       version 5.10.24 , gi(modified on 20240701                                                                        )

--> Number of energy files: # Number of files                 =   505
--> No. of states, no. of predefined off-diag elements: # Number of states                 =     2
# Number of off-diagonal elements =     0
--> Give kT & no, of pts to skip   & calculation mode: # kT                              = 0.596
# Number of data points to skip   =   100
# Only QQ interactions will be considered   =   0
--> Give number of gap-bins: # Number of gap-bins              =    50
--> Give minimum # pts/bin: # Minimum number of points per bin=    10
--> Give alpha for state  2:                                                    # Alpha for state  2              =   -50.00
--> Number of off-diagonal elements:# Number of off-diagonal elements =     1
#   i   j   A(i,j)  mu(i,j) eta(i,j) rxy0(i,j)
--> i, j, A_ij, mu_ij, eta_ij, r_xy0: #   1   2     95.00      0.00      0.00      0.00
--> linear combination of states defining reaction coord: # Linear combination co-efficients=  1.00 -1.00


# Part 0: Average energies for all states in all files
# file             state   pts   lambda    EQtot   EQbond  EQang   EQtor   EQimp    EQel   EQvdW  Eel_qq  EvdW_qq Eel_qp  EvdW_qp Eel_qw EvdW_qw Eqrstr
--> Name of file number   1:                                                     
# Energy files from Qdyn, version: 5.10.17 , git id=9325b9c29ad62a733df16f540968e33ee6c78260                       
rep0_fep_000_1.000.en   1      1899  1.000000  -360.46  -151.82     4.30    -2.73     0.07  -209.55    -0.72  -106.24     9.07   -39.83   -13.57   -63.49     3.78     0.00
rep0_fep_000_1.000.en   2      1899  0.000000   -35.56    -7.06    29.95     2.40     0.17   -65.93     2.33   -11.00    11.91   -32.74   -13.46   -22.19     3.87     2.58
--> Name of file number   2:                                                     
# Energy files from Qdyn, version: 5.10.17 , git id=9325b9c29ad62a733df16f540968e33ee6c78260                       
rep0_fep_001_0.980.en   1      1899  0.980000  -360.22  -152.44     3.77    -2.82     0.07  -206.89    -1.91  -105.15     8.76   -39.95   -12.99   -61.79     2.31     0.00
rep0_fep_001_0.980.en   2      1899  0.020000   -49.59    -8.55    20.63     2.34     0.18   -67.81     0.97   -10.60    11.48   -33.21   -12.92   -23.99     2.40     2.65
--> Name of file number   3:                                                     
# Energy files from Qdyn, version: 5.10.17 , git id=9325b9c29ad62a733df16f540968e33ee6c78260                       
rep0_fep_002_0.960.en   1      1899  0.960000  -362.58  -152.93     4.55    -2.86     0.07  -210.26    -1.15  -105.28     8.71   -38.96   -13.50   -66.02     3.64     0.00
rep0_fep_002_0.960.en   2      1899  0.040000   -53.01   -10.31    20.69     2.28     0.17   -70.01     1.78   -11.43    11.42   -33.73   -13.38   -24.85     3.74     2.39
--> Name of file number   4:                                                     
# Energy files from Qdyn, version: 5.10.17 , git id=9325b9c29ad62a733df16f540968e33ee6c78260                       
rep0_fep_003_0.940.en   1      1899  0.940000  -358.18  -152.08     4.61    -2.80     0.09  -205.65    -2.35  -105.54     8.95   -38.26   -13.62   -61.84     2.32     0.00
rep0_fep_003_0.940.en   2      1899  0.060000   -53.20   -11.35    20.44     2.75     0.22   -68.15     0.40   -11.99    11.50   -32.45   -13.50   -23.71     2.41     2.49
--> Name of file number   5:                                                     
# Energy files from Qdyn, version: 5.10.17 , git id=9325b9c29ad62a733df16f540968e33ee6c78260                       
rep0_fep_004_0.920.en   1      1899  0.920000  -357.07  -153.08     4.25    -3.11     0.06  -203.04    -2.15  -105.45     9.25   -37.23   -12.76   -60.37     1.35     0.00
rep0_fep_004_0.920.en   2      1899  0.080000   -56.77   -12.26    16.45     2.07     0.16   -66.13     0.54   -12.42    11.78   -32.88   -12.67   -20.82     1.44     2.40
--> Name of file number   6:                                                     
# Energy files from Qdyn, version: 5.10.17 , git id=9325b9c29ad62a733df16f540968e33ee6c78260                       
rep0_fep_005_0.900.en   1      1899  0.900000  -358.54  -153.10     4.24    -3.14     0.08  -204.44    -2.17  -106.00     9.55   -38.56   -13.16   -59.88     1.44     0.00
rep0_fep_005_0.900.en   2      1899  0.100000   -64.59   -16.33    13.44     2.14     0.19   -66.72     0.35   -12.21    11.88   -32.40   -13.05   -22.12     1.53     2.34
--> Name of file number   7:                                                     
# Energy files from Qdyn, version: 5.10.17 , git id=9325b9c29ad62a733df16f540968e33ee6c78260                       
rep0_fep_006_0.880.en   1      1899  0.880000  -358.57  -152.90     4.41    -3.41     0.07  -204.61    -2.14  -105.70     9.55   -37.74   -13.06   -61.16     1.38     0.00
rep0_fep_006_0.880.en   2      1899  0.120000   -69.35   -18.26    11.38     1.81     0.17   -66.66     0.30   -12.80    11.79   -31.73   -12.96   -22.13     1.47     1.92
--> Name of file number   8:                                                     
# Energy files from Qdyn, version: 5.10.17 , git id=9325b9c29ad62a733df16f540968e33ee6c78260                       
rep0_fep_007_0.860.en   1      1899  0.860000  -361.09  -153.07     4.48    -3.20     0.08  -207.18    -2.19  -105.99     9.69   -39.94   -13.39   -61.25     1.51     0.00
rep0_fep_007_0.860.en   2      1899  0.140000   -74.27   -20.08    10.92     2.13     0.19   -69.20     0.06   -12.81    11.80   -33.51   -13.33   -22.88     1.59     1.72
--> Name of file number   9:                                                     
# Energy files from Qdyn, version: 5.10.17 , git id=9325b9c29ad62a733df16f540968e33ee6c78260                       
rep0_fep_008_0.840.en   1      1899  0.840000  -356.15  -153.16     4.00    -3.18     0.06  -201.16    -2.71  -104.82     9.62   -38.40   -12.77   -57.95     0.44     0.00
rep0_fep_008_0.840.en   2      1899  0.160000   -78.42   -23.76     9.47     1.70     0.16   -67.14    -0.58   -13.58    11.57   -32.24   -12.69   -21.32     0.53     1.74
--> Name of file number  10:                                                     
# Energy files from Qdyn, version: 5.10.17 , git id=9325b9c29ad62a733df16f540968e33ee6c78260                       
rep0_fep_009_0.820.en   1      1899  0.820000  -356.10  -152.93     4.39    -3.34     0.08  -201.27    -3.02  -104.52     9.74   -36.94   -13.79   -59.81     1.03     0.00
rep0_fep_009_0.820.en   2      1899  0.180000   -81.70   -25.20     8.92     2.11     0.19   -68.48    -1.10   -13.48    11.48   -32.87   -13.69   -22.13     1.11     1.84
--> Name of file number  11:                                                     
# Energy files from Qdyn, version: 5.10.17 , git id=9325b9c29ad62a733df16f540968e33ee6c78260                       
rep0_fep_010_0.800.en   1      1899  0.800000  -356.58  -152.98     4.61    -3.61     0.06  -202.34    -2.33  -105.02    10.25   -38.55   -12.70   -58.77     0.12     0.00
rep0_fep_010_0.800.en   2      1899  0.200000   -81.86   -24.76     9.20     1.63     0.16   -69.11    -0.30   -13.25    12.08   -33.54   -12.59   -22.32     0.20     1.32
--> Name of file number  12:                                                     
# Energy files from Qdyn, version: 5.10.17 , git id=9325b9c29ad62a733df16f540968e33ee6c78260                       
rep0_fep_011_0.780.en   1      1899  0.780000  -354.15  -152.91     5.26    -3.63     0.06  -200.57    -2.36  -105.93    10.80   -36.35   -13.18   -58.29     0.02     0.00
rep0_fep_011_0.780.en   2      1899  0.220000   -85.94   -27.35     8.32     1.64     0.15   -69.26    -0.50   -13.97    12.49   -32.97   -13.09   -22.33     0.10     1.08
--> Name of file number  13:                                                     
# Energy files from Qdyn, version: 5.10.17 , git id=9325b9c29ad62a733df16f540968e33ee6c78260                       
rep0_fep_012_0.760.en   1      1899  0.760000  -351.43  -151.84     5.60    -3.33     0.09  -200.76    -1.18  -104.90    11.13   -35.99   -12.37   -59.87     0.06     0.00
rep0_fep_012_0.760.en   2      1899  0.240000   -87.38   -30.07     9.42     1.79     0.22   -70.15     0.29   -13.99    12.48   -34.63   -12.33   -21.52     0.14     1.13
--> Name of file number  14:                                                     
# Energy files from Qdyn, version: 5.10.17 , git id=9325b9c29ad62a733df16f540968e33ee6c78260                       
rep0_fep_013_0.740.en   1      1899  0.740000  -338.12  -150.98     5.18    -2.78     0.11  -185.06    -4.59  -104.56    10.05   -35.60   -13.89   -44.90    -0.75     0.00
rep0_fep_013_0.740.en   2      1899  0.260000  -101.82   -40.00    15.01    -0.11     0.27   -74.08    -3.52   -22.86    10.92   -33.39   -13.78   -17.83    -0.66     0.61
--> Name of file number  15:                                                     
# Energy files from Qdyn, version: 5.10.17 , git id=9325b9c29ad62a733df16f540968e33ee6c78260                       
rep0_fep_014_0.720.en   1      1899  0.720000  -330.39  -149.08     5.11    -3.22     0.08  -179.84    -3.44  -104.82    13.00   -37.39   -14.76   -37.63    -1.68     0.00
rep0_fep_014_0.720.en   2      1899  0.280000  -150.46   -96.12    38.68    -1.02     0.20   -87.82    -4.81   -34.79    11.47   -33.81   -14.72   -19.22    -1.57     0.42
--> Name of file number  16:                                                     
# Energy files from Qdyn, version: 5.10.17 , git id=9325b9c29ad62a733df16f540968e33ee6c78260                       
rep0_fep_015_0.700.en   1      1899  0.700000  -320.79  -148.26     5.00    -2.72     0.11  -169.84    -5.06   -96.60    12.28   -36.77   -16.63   -36.47    -0.71     0.00
rep0_fep_015_0.700.en   2      1899  0.300000  -168.00   -95.08    24.23    -0.57     0.28   -91.10    -6.12   -33.78    10.97   -36.05   -16.50   -21.27    -0.59     0.35
--> Name of file number  17:                                                     
# Energy files from Qdyn, version: 5.10.17 , git id=9325b9c29ad62a733df16f540968e33ee6c78260                       
rep0_fep_016_0.680.en   1      1899  0.680000  -316.48  -148.43     5.26    -3.04     0.10  -166.05    -4.32   -94.92    12.99   -37.81   -16.20   -33.31    -1.12     0.00
rep0_fep_016_0.680.en   2      1899  0.320000  -177.76  -100.59    20.66    -0.62     0.25   -91.99    -5.68   -34.21    11.40   -36.60   -16.06   -21.18    -1.01     0.20
--> Name of file number  18:                                                     
# Energy files from Qdyn, version: 5.10.17 , git id=9325b9c29ad62a733df16f540968e33ee6c78260                       
rep0_fep_017_0.660.en   1      1899  0.660000  -310.32  -147.12     4.81    -3.05     0.11  -159.65    -5.42   -93.06    13.31   -37.02   -16.60   -29.57    -2.13     0.00
rep0_fep_017_0.660.en   2      1899  0.340000  -183.67  -102.60    16.29    -0.78     0.27   -89.74    -7.26   -33.93    11.30   -36.13   -16.52   -19.67    -2.04     0.15
--> Name of file number  19:                                                     
# Energy files from Qdyn, version: 5.10.17 , git id=9325b9c29ad62a733df16f540968e33ee6c78260                       
rep0_fep_018_0.640.en   1      1899  0.640000  -303.72  -145.19     5.51    -3.15     0.08  -156.30    -4.66   -90.28    13.39   -37.36   -15.79   -28.66    -2.27     0.00
rep0_fep_018_0.640.en   2      1899  0.360000  -187.82  -105.17    16.99    -0.74     0.20   -92.48    -6.77   -34.80    11.06   -38.04   -15.64   -19.64    -2.18     0.15
--> Name of file number  20:                                                     
# Energy files from Qdyn, version: 5.10.17 , git id=9325b9c29ad62a733df16f540968e33ee6c78260                       
rep0_fep_019_0.620.en   1      1899  0.620000  -302.59  -145.00     5.79    -3.09     0.10  -156.08    -4.32   -90.03    14.16   -36.31   -16.93   -29.74    -1.56     0.00
rep0_fep_019_0.620.en   2      1899  0.380000  -194.29  -108.63    14.22    -0.88     0.25   -92.50    -6.88   -35.13    11.41   -36.52   -16.83   -20.85    -1.45     0.12
--> Name of file number  21:                                                     
# Energy files from Qdyn, version: 5.10.17 , git id=9325b9c29ad62a733df16f540968e33ee6c78260                       
rep0_fep_020_0.600.en   1      1899  0.600000  -297.32  -143.03     6.68    -2.89     0.09  -154.96    -3.21   -89.00    14.84   -38.76   -16.48   -27.20    -1.57     0.00
rep0_fep_020_0.600.en   2      1899  0.400000  -199.47  -112.32    13.99    -0.71     0.22   -94.56    -6.17   -34.76    11.75   -38.86   -16.44   -20.94    -1.48     0.08
--> Name of file number  22:                                                     
# Energy files from Qdyn, version: 5.10.17 , git id=9325b9c29ad62a733df16f540968e33ee6c78260                       
rep0_fep_021_0.580.en   1      1899  0.580000  -294.41  -144.60     6.46    -3.38     0.06  -149.70    -3.25   -87.17    15.66   -37.93   -16.40   -24.60    -2.51     0.00
rep0_fep_021_0.580.en   2      1899  0.420000  -204.44  -117.50    12.27    -1.18     0.14   -91.64    -6.56   -36.15    12.07   -35.57   -16.23   -19.92    -2.40     0.03
--> Name of file number  23:                                                     
# Energy files from Qdyn, version: 5.10.17 , git id=9325b9c29ad62a733df16f540968e33ee6c78260                       
rep0_fep_022_0.560.en   1      1899  0.560000  -297.96  -144.05     6.07    -3.27     0.04  -154.07    -2.68   -86.49    16.48   -36.87   -16.76   -30.71    -2.41     0.00
rep0_fep_022_0.560.en   2      1899  0.440000  -212.80  -119.07     9.37    -1.67     0.10   -94.92    -6.64   -37.04    12.32   -36.99   -16.66   -20.89    -2.30     0.03
--> Name of file number  24:                                                     
# Energy files from Qdyn, version: 5.10.17 , git id=9325b9c29ad62a733df16f540968e33ee6c78260                       
rep0_fep_023_0.540.en   1      1899  0.540000  -291.42  -141.32     6.35    -2.73     0.07  -151.95    -1.83   -84.45    17.12   -37.28   -16.70   -30.22    -2.26     0.00
rep0_fep_023_0.540.en   2      1899  0.460000  -217.00  -124.55     9.49    -1.27     0.16   -94.53    -6.31   -36.62    12.43   -38.33   -16.59   -19.58    -2.15     0.02
--> Name of file number  25:                                                     
# Energy files from Qdyn, version: 5.10.17 , git id=9325b9c29ad62a733df16f540968e33ee6c78260                       
rep0_fep_024_0.520.en   1      1899  0.520000  -287.16  -140.25     6.54    -2.96     0.06  -148.83    -1.71   -83.05    17.51   -36.99   -17.11   -28.79    -2.11     0.00
rep0_fep_024_0.520.en   2      1899  0.480000  -222.41  -126.02     8.68    -1.68     0.15   -96.83    -6.70   -36.41    12.32   -39.50   -17.00   -20.93    -2.02     0.01
--> Name of file number  26:                                                     
# Energy files from Qdyn, version: 5.10.17 , git id=9325b9c29ad62a733df16f540968e33ee6c78260                       
rep0_fep_025_0.500.en   1      1899  0.500000  -278.66  -136.31     6.18    -2.62     0.10  -146.04     0.04   -84.00    18.81   -36.34   -17.13   -25.70    -1.65     0.00
rep0_fep_025_0.500.en   2      1899  0.500000  -222.48  -130.56     8.19    -0.94     0.24   -93.62    -5.79   -36.70    12.84   -37.48   -17.05   -19.44    -1.58     0.00
--> Name of file number  27:                                                     
# Energy files from Qdyn, version: 5.10.17 , git id=9325b9c29ad62a733df16f540968e33ee6c78260                       
rep0_fep_026_0.480.en   1      1899  0.480000  -242.78   -75.87     6.50    -3.31     0.08  -179.64     8.65  -114.67    27.93   -37.47   -17.13   -27.49    -2.14     0.81
rep0_fep_026_0.480.en   2      1899  0.520000  -263.43  -158.11     8.13    -1.95     0.19  -101.64   -10.86   -40.63     8.25   -39.36   -17.04   -21.65    -2.07     0.81
--> Name of file number  28:                                                     
# Energy files from Qdyn, version: 5.10.17 , git id=9325b9c29ad62a733df16f540968e33ee6c78260                       
rep0_fep_027_0.460.en   1      1899  0.460000  -222.88   -50.23     6.50    -3.66     0.07  -190.80    13.57  -127.71    32.54   -38.08   -16.52   -25.02    -2.45     1.68
rep0_fep_027_0.460.en   2      1899  0.540000  -281.82  -168.29     8.81    -2.35     0.17  -108.41   -13.42   -45.41     5.47   -41.81   -16.50   -21.19    -2.38     1.68
--> Name of file number  29:                                                     
# Energy files from Qdyn, version: 5.10.17 , git id=9325b9c29ad62a733df16f540968e33ee6c78260                       
rep0_fep_028_0.440.en   1      1899  0.440000  -217.49   -48.52     6.20    -3.58     0.07  -188.17    14.73  -124.54    33.09   -40.35   -16.18   -23.29    -2.18     1.78
rep0_fep_028_0.440.en   2      1899  0.560000  -286.57  -169.15     6.88    -2.43     0.19  -110.28   -13.56   -45.35     4.73   -43.46   -16.22   -21.47    -2.08     1.78
--> Name of file number  30:                                                     
# Energy files from Qdyn, version: 5.10.17 , git id=9325b9c29ad62a733df16f540968e33ee6c78260                       
rep0_fep_029_0.420.en   1      1899  0.420000  -215.86   -45.58     6.41    -3.70     0.06  -190.11    15.17  -122.55    33.89   -41.49   -16.54   -26.06    -2.18     1.88
rep0_fep_029_0.420.en   2      1899  0.580000  -290.39  -170.36     6.65    -2.57     0.16  -111.36   -14.79   -46.39     3.84   -42.29   -16.54   -22.68    -2.09     1.88
--> Name of file number  31:                                                     
# Energy files from Qdyn, version: 5.10.17 , git id=9325b9c29ad62a733df16f540968e33ee6c78260                       
rep0_fep_030_0.400.en   1      1899  0.400000  -208.36   -45.10     6.33    -3.88     0.05  -185.93    18.16  -121.53    35.53   -43.43   -15.67   -20.98    -1.70     2.02
rep0_fep_030_0.400.en   2      1899  0.600000  -293.51  -170.48     4.95    -2.71     0.12  -114.07   -13.34   -47.44     4.00   -46.43   -15.72   -20.19    -1.62     2.02
--> Name of file number  32:                                                     
# Energy files from Qdyn, version: 5.10.17 , git id=9325b9c29ad62a733df16f540968e33ee6c78260                       
rep0_fep_031_0.380.en   1      1899  0.380000  -203.49   -46.74     6.62    -3.64     0.06  -179.56    18.02  -121.54    36.47   -38.29   -16.56   -19.72    -1.89     1.75
rep0_fep_031_0.380.en   2      1899  0.620000  -292.02  -172.32     6.24    -2.48     0.15  -111.06   -14.28   -47.55     3.97   -44.33   -16.42   -19.18    -1.84     1.75
--> Name of file number  33:                                                     
# Energy files from Qdyn, version: 5.10.17 , git id=9325b9c29ad62a733df16f540968e33ee6c78260                       
rep0_fep_032_0.360.en   1      1899  0.360000  -197.98   -41.22     7.54    -3.60     0.05  -181.89    18.95  -121.95    37.89   -37.99   -17.13   -21.95    -1.81     2.18
rep0_fep_032_0.360.en   2      1899  0.640000  -295.22  -172.81     5.98    -2.52     0.13  -112.71   -15.46   -48.97     3.34   -42.54   -17.07   -21.20    -1.74     2.18
--> Name of file number  34:                                                     
# Energy files from Qdyn, version: 5.10.17 , git id=9325b9c29ad62a733df16f540968e33ee6c78260                       
rep0_fep_033_0.340.en   1      1899  0.340000  -186.96   -39.91     8.53    -3.29     0.03  -175.28    20.75  -118.89    38.90   -38.35   -16.28   -18.05    -1.87     2.20
rep0_fep_033_0.340.en   2      1899  0.660000  -295.97  -173.55     5.95    -2.69     0.08  -113.33   -14.64   -49.61     3.41   -43.92   -16.24   -19.80    -1.82     2.20
--> Name of file number  35:                                                     
# Energy files from Qdyn, version: 5.10.17 , git id=9325b9c29ad62a733df16f540968e33ee6c78260                       
rep0_fep_034_0.320.en   1      1899  0.320000  -188.54   -39.57     8.37    -3.58     0.04  -178.46    22.37  -118.66    41.00   -39.91   -16.51   -19.89    -2.11     2.28
rep0_fep_034_0.320.en   2      1899  0.680000  -301.32  -174.53     5.14    -2.64     0.11  -116.35   -15.33   -50.60     3.33   -45.33   -16.61   -20.42    -2.05     2.28
--> Name of file number  36:                                                     
# Energy files from Qdyn, version: 5.10.17 , git id=9325b9c29ad62a733df16f540968e33ee6c78260                       
rep0_fep_035_0.300.en   1      1899  0.300000  -182.15   -36.67     7.86    -3.27     0.04  -175.15    22.65  -115.32    41.53   -38.99   -16.59   -20.84    -2.29     2.41
rep0_fep_035_0.300.en   2      1899  0.700000  -305.95  -174.86     4.53    -2.76     0.09  -118.89   -16.47   -51.65     2.34   -46.00   -16.59   -21.24    -2.22     2.41
--> Name of file number  37:                                                     
# Energy files from Qdyn, version: 5.10.17 , git id=9325b9c29ad62a733df16f540968e33ee6c78260                       
rep0_fep_036_0.280.en   1      1899  0.280000  -178.98   -36.67     9.40    -3.40     0.02  -175.20    24.60  -115.10    43.34   -39.75   -16.43   -20.35    -2.31     2.28
rep0_fep_036_0.280.en   2      1899  0.720000  -305.05  -175.16     5.33    -2.96     0.05  -118.32   -16.26   -52.09     2.46   -46.11   -16.48   -20.12    -2.24     2.28
--> Name of file number  38:                                                     
# Energy files from Qdyn, version: 5.10.17 , git id=9325b9c29ad62a733df16f540968e33ee6c78260                       
rep0_fep_037_0.260.en   1      1899  0.260000  -170.62   -34.04     9.07    -3.82     0.03  -170.69    25.96  -117.25    45.76   -40.24   -16.91   -13.21    -2.89     2.87
rep0_fep_037_0.260.en   2      1899  0.740000  -309.66  -176.96     4.62    -2.85     0.06  -119.55   -17.86   -54.17     1.97   -46.89   -17.01   -18.48    -2.81     2.87
--> Name of file number  39:                                                     
# Energy files from Qdyn, version: 5.10.17 , git id=9325b9c29ad62a733df16f540968e33ee6c78260                       
rep0_fep_038_0.240.en   1      1899  0.240000  -171.48   -32.88     9.55    -3.66     0.03  -177.34    29.91  -119.21    48.77   -39.37   -16.33   -18.76    -2.52     2.90
rep0_fep_038_0.240.en   2      1899  0.760000  -309.63  -177.42     4.51    -2.91     0.06  -120.03   -16.73   -54.88     2.15   -45.16   -16.45   -19.98    -2.44     2.90
--> Name of file number  40:                                                     
# Energy files from Qdyn, version: 5.10.17 , git id=9325b9c29ad62a733df16f540968e33ee6c78260                       
rep0_fep_039_0.220.en   1      1899  0.220000  -167.58   -34.94     9.68    -3.73     0.03  -172.12    30.67  -117.78    50.92   -39.06   -17.16   -15.27    -3.09     2.83
rep0_fep_039_0.220.en   2      1899  0.780000  -312.79  -178.20     3.84    -2.95     0.07  -119.99   -18.38   -55.15     1.89   -47.42   -17.24   -17.43    -3.03     2.83
--> Name of file number  41:                                                     
# Energy files from Qdyn, version: 5.10.17 , git id=9325b9c29ad62a733df16f540968e33ee6c78260                       
rep0_fep_040_0.200.en   1      1899  0.200000  -155.06   -31.09    10.51    -3.82     0.02  -168.04    34.05  -118.77    54.06   -37.43   -17.34   -11.83    -2.67     3.30
rep0_fep_040_0.200.en   2      1899  0.800000  -313.99  -177.99     3.94    -2.77     0.06  -122.26   -18.26   -56.49     1.78   -47.00   -17.44   -18.77    -2.60     3.30
--> Name of file number  42:                                                     
# Energy files from Qdyn, version: 5.10.17 , git id=9325b9c29ad62a733df16f540968e33ee6c78260                       
rep0_fep_041_0.180.en   1      1899  0.180000  -147.68   -29.93    10.63    -3.83     0.02  -164.98    36.81  -115.83    56.99   -37.42   -17.41   -11.73    -2.77     3.61
rep0_fep_041_0.180.en   2      1899  0.820000  -314.43  -178.94     4.56    -2.89     0.05  -121.80   -19.01   -58.38     1.22   -46.48   -17.53   -16.94    -2.70     3.61
--> Name of file number  43:                                                     
# Energy files from Qdyn, version: 5.10.17 , git id=9325b9c29ad62a733df16f540968e33ee6c78260                       
rep0_fep_042_0.160.en   1      1899  0.160000  -143.27   -31.90    13.01    -3.61     0.03  -165.85    41.81  -114.89    61.37   -40.89   -16.54   -10.07    -3.02     3.24
rep0_fep_042_0.160.en   2      1899  0.840000  -315.56  -179.01     4.20    -2.99     0.08  -123.25   -17.83   -58.53     1.88   -47.56   -16.76   -17.16    -2.95     3.24
--> Name of file number  44:                                                     
# Energy files from Qdyn, version: 5.10.17 , git id=9325b9c29ad62a733df16f540968e33ee6c78260                       
rep0_fep_043_0.140.en   1      1899  0.140000  -133.00   -30.36    11.87    -3.14     0.02  -161.37    46.73  -114.34    66.57   -40.05   -16.59    -6.97    -3.25     3.24
rep0_fep_043_0.140.en   2      1899  0.860000  -318.53  -179.40     3.54    -3.20     0.06  -124.34   -18.44   -59.65     1.53   -48.61   -16.78   -16.07    -3.19     3.24
--> Name of file number  45:                                                     
# Energy files from Qdyn, version: 5.10.17 , git id=9325b9c29ad62a733df16f540968e33ee6c78260                       
rep0_fep_044_0.120.en   1      1899  0.120000  -121.88   -28.49    14.21    -3.45     0.02  -160.24    52.27  -113.11    72.27   -38.49   -17.18    -8.64    -2.82     3.79
rep0_fep_044_0.120.en   2      1899  0.880000  -319.76  -178.80     3.49    -2.82     0.05  -127.60   -17.88   -62.13     2.28   -47.15   -17.43   -18.31    -2.74     3.79
--> Name of file number  46:                                                     
# Energy files from Qdyn, version: 5.10.17 , git id=9325b9c29ad62a733df16f540968e33ee6c78260                       
rep0_fep_045_0.100.en   1      1899  0.100000   -36.41   -46.25    84.42    -3.34     0.02  -139.90    66.54   -85.20    86.86   -37.04   -17.66   -17.66    -2.66     2.11
rep0_fep_045_0.100.en   2      1899  0.900000  -333.06  -177.80     4.63    -0.62     0.06  -147.31   -14.13   -84.23     6.34   -46.14   -17.89   -16.95    -2.58     2.11
--> Name of file number  47:                                                     
# Energy files from Qdyn, version: 5.10.17 , git id=9325b9c29ad62a733df16f540968e33ee6c78260                       
rep0_fep_046_0.080.en   1      1899  0.080000   -11.08   -44.57    92.99    -3.17     0.03  -140.25    81.62   -82.38   101.40   -35.93   -17.95   -21.95    -1.83     2.27
rep0_fep_046_0.080.en   2      1899  0.920000  -336.78  -177.62     4.10    -1.05     0.06  -151.81   -12.72   -86.40     7.06   -44.82   -18.06   -20.60    -1.72     2.27
--> Name of file number  48:                                                     
# Energy files from Qdyn, version: 5.10.17 , git id=9325b9c29ad62a733df16f540968e33ee6c78260                       
rep0_fep_047_0.060.en   1      1899  0.060000    26.72   -42.75    94.22    -2.88     0.05  -136.28   111.48   -84.90   131.77   -36.67   -17.28   -14.71    -3.01     2.89
rep0_fep_047_0.060.en   2      1899  0.940000  -334.99  -177.75     4.97    -1.57     0.11  -150.34   -13.30   -89.16     6.99   -43.89   -17.35   -17.30    -2.93     2.89
--> Name of file number  49:                                                     
# Energy files from Qdyn, version: 5.10.17 , git id=9325b9c29ad62a733df16f540968e33ee6c78260                       
rep0_fep_048_0.040.en   1      1899  0.040000   115.99   -40.02   102.50    -1.92     0.04  -132.85   184.55   -72.91   202.85   -36.07   -16.53   -23.87    -1.78     3.68
rep0_fep_048_0.040.en   2      1899  0.960000  -343.96  -177.24     4.99    -1.97     0.10  -162.46   -11.05   -98.19     7.46   -47.13   -16.84   -17.14    -1.67     3.68
--> Name of file number  50:                                                     
# Energy files from Qdyn, version: 5.10.17 , git id=9325b9c29ad62a733df16f540968e33ee6c78260                       
rep0_fep_049_0.020.en   1      1899  0.020000   297.85   -40.92    98.90    -2.56     0.02  -133.08   372.67   -82.17   393.09   -37.61   -17.39   -13.30    -3.03     2.83
rep0_fep_049_0.020.en   2      1899  0.980000  -347.47  -176.77     4.88    -1.76     0.05  -164.17   -12.52  -102.16     8.04   -47.08   -17.63   -14.92    -2.94     2.83
--> Name of file number  51:                                                     
# Energy files from Qdyn, version: 5.10.17 , git id=9325b9c29ad62a733df16f540968e33ee6c78260                       
rep1_fep_000_1.000.en   1      1899  1.000000  -358.93  -152.61     5.12    -2.02     0.08  -205.71    -3.79   -96.34     8.16   -48.25   -14.35   -61.11     2.39     0.00
rep1_fep_000_1.000.en   2      1899  0.000000   161.11    12.85   198.35    -2.22     0.20   -95.95    -0.89   -14.11    10.78   -31.38   -14.18   -50.46     2.51    48.77
--> Name of file number  52:                                                     
# Energy files from Qdyn, version: 5.10.17 , git id=9325b9c29ad62a733df16f540968e33ee6c78260                       
rep1_fep_001_0.980.en   1      1899  0.980000  -354.05  -152.90     4.53    -2.20     0.09  -199.38    -4.19   -97.44     8.01   -49.19   -14.17   -52.75     1.97     0.00
rep1_fep_001_0.980.en   2      1899  0.020000   114.84    13.06   146.11    -1.16     0.22   -94.54    -1.23   -16.32    10.71   -33.63   -14.01   -44.60     2.08    52.38
--> Name of file number  53:                                                     
# Energy files from Qdyn, version: 5.10.17 , git id=9325b9c29ad62a733df16f540968e33ee6c78260                       
rep1_fep_002_0.960.en   1      1899  0.960000  -355.38  -153.07     4.56    -2.76     0.05  -198.12    -6.04   -87.28     6.23   -49.34   -14.19   -61.50     1.92     0.00
rep1_fep_002_0.960.en   2      1899  0.040000    60.80    11.70   113.15    -1.62     0.13   -97.89    -3.56   -18.14     8.45   -32.57   -14.04   -47.18     2.04    38.89
--> Name of file number  54:                                                     
# Energy files from Qdyn, version: 5.10.17 , git id=9325b9c29ad62a733df16f540968e33ee6c78260                       
rep1_fep_003_0.940.en   1      1899  0.940000  -351.08  -153.57     4.07    -2.03     0.05  -193.65    -5.95   -86.16     6.22   -49.81   -13.91   -57.68     1.75     0.00
rep1_fep_003_0.940.en   2      1899  0.060000    38.28    10.68    89.38    -1.45     0.13  -100.56    -3.44   -19.53     8.46   -34.64   -13.76   -46.39     1.86    43.53
--> Name of file number  55:                                                     
# Energy files from Qdyn, version: 5.10.17 , git id=9325b9c29ad62a733df16f540968e33ee6c78260                       
rep1_fep_004_0.920.en   1      1899  0.920000  -349.22  -153.38     4.74    -1.52     0.09  -193.37    -5.78   -88.22     6.22   -48.94   -14.15   -56.20     2.15     0.00
rep1_fep_004_0.920.en   2      1899  0.080000    19.42    11.04    66.84    -0.47     0.21  -100.09    -2.96   -21.27     8.79   -35.66   -14.00   -43.16     2.25    44.85
--> Name of file number  56:                                                     
# Energy files from Qdyn, version: 5.10.17 , git id=9325b9c29ad62a733df16f540968e33ee6c78260                       
rep1_fep_005_0.900.en   1      1899  0.900000  -351.61  -153.40     4.57    -1.76     0.09  -194.66    -6.45   -90.23     6.80   -48.61   -14.99   -55.82     1.74     0.00
rep1_fep_005_0.900.en   2      1899  0.100000     6.61    10.11    63.20    -0.10     0.23  -107.73    -3.55   -21.49     9.49   -38.02   -14.89   -48.22     1.85    44.45
--> Name of file number  57:                                                     
# Energy files from Qdyn, version: 5.10.17 , git id=9325b9c29ad62a733df16f540968e33ee6c78260                       
rep1_fep_006_0.880.en   1      1899  0.880000  -350.65  -153.54     4.76    -1.53     0.05  -193.89    -6.50   -82.62     5.71   -46.81   -15.53   -64.47     3.32     0.00
rep1_fep_006_0.880.en   2      1899  0.120000   -19.39     7.59    59.01    -1.67     0.13  -115.93    -3.98   -22.23     7.97   -36.27   -15.38   -57.43     3.44    35.47
--> Name of file number  58:                                                     
# Energy files from Qdyn, version: 5.10.17 , git id=9325b9c29ad62a733df16f540968e33ee6c78260                       
rep1_fep_007_0.860.en   1      1899  0.860000  -376.57  -152.79     5.44    -2.40     0.03  -223.54    -3.32  -114.25    11.58   -54.13   -16.38   -55.15     1.48     0.00
rep1_fep_007_0.860.en   2      1899  0.140000    -9.62   -51.84   121.80    -1.28     0.08  -116.07    -5.78   -23.57     8.77   -45.59   -16.18   -46.91     1.62    43.47
--> Name of file number  59:                                                     
# Energy files from Qdyn, version: 5.10.17 , git id=9325b9c29ad62a733df16f540968e33ee6c78260                       
rep1_fep_008_0.840.en   1      1899  0.840000  -368.71  -152.14     5.31    -1.78     0.03  -217.75    -2.38  -117.75    12.06   -50.62   -15.60   -49.38     1.16     0.00
rep1_fep_008_0.840.en   2      1899  0.160000   -42.61   -62.40   115.88    -1.16     0.07  -113.58    -5.47   -42.62     8.65   -41.46   -15.45   -29.50     1.33    24.04
--> Name of file number  60:                                                     
# Energy files from Qdyn, version: 5.10.17 , git id=9325b9c29ad62a733df16f540968e33ee6c78260                       
rep1_fep_009_0.820.en   1      1899  0.820000  -369.15  -152.37     5.29    -2.44     0.03  -218.56    -1.10  -112.47    11.84   -51.66   -14.49   -54.43     1.55     0.00
rep1_fep_009_0.820.en   2      1899  0.180000   -60.70   -64.69   104.40    -1.54     0.08  -116.08    -4.01   -45.84     8.59   -40.88   -14.34   -29.35     1.74    21.14
--> Name of file number  61:                                                     
# Energy files from Qdyn, version: 5.10.17 , git id=9325b9c29ad62a733df16f540968e33ee6c78260                       
rep1_fep_010_0.800.en   1      1899  0.800000  -366.42  -152.19     4.53    -2.59     0.03  -216.05    -0.16  -112.25    12.32   -52.62   -14.00   -51.18     1.52     0.00
rep1_fep_010_0.800.en   2      1899  0.200000   -69.28   -67.28   101.12    -1.26     0.08  -117.70    -3.05   -47.35     9.07   -40.96   -13.83   -29.38     1.72    18.79
--> Name of file number  62:                                                     
# Energy files from Qdyn, version: 5.10.17 , git id=9325b9c29ad62a733df16f540968e33ee6c78260                       
rep1_fep_011_0.780.en   1      1899  0.780000  -360.56  -151.65     5.14    -2.70     0.02  -210.16    -1.21  -109.39    11.84   -50.42   -14.85   -50.34     1.80     0.00
rep1_fep_011_0.780.en   2      1899  0.220000   -78.04   -68.02    93.02    -1.36     0.05  -118.26    -3.97   -48.85     8.72   -41.72   -14.69   -27.68     1.99    20.51
--> Name of file number  63:                                                     
# Energy files from Qdyn, version: 5.10.17 , git id=9325b9c29ad62a733df16f540968e33ee6c78260                       
rep1_fep_012_0.760.en   1      1899  0.760000  -357.48  -151.05     5.37    -2.94     0.02  -206.17    -2.71  -103.30    11.16   -49.84   -15.32   -53.03     1.45     0.00
rep1_fep_012_0.760.en   2      1899  0.240000   -91.49   -69.81    89.57    -1.56     0.05  -119.58    -5.64   -49.28     7.88   -40.70   -15.15   -29.60     1.64    15.47
--> Name of file number  64:                                                     
# Energy files from Qdyn, version: 5.10.17 , git id=9325b9c29ad62a733df16f540968e33ee6c78260                       
rep1_fep_013_0.740.en   1      1899  0.740000  -355.11  -150.46     5.06    -3.28     0.03  -203.05    -3.40  -102.03    11.01   -51.44   -15.37   -49.59     0.96     0.00
rep1_fep_013_0.740.en   2      1899  0.260000   -97.72   -70.74    83.25    -1.44     0.08  -118.59    -5.97   -50.68     8.10   -40.52   -15.22   -27.38     1.15    15.70
--> Name of file number  65:                                                     
# Energy files from Qdyn, version: 5.10.17 , git id=9325b9c29ad62a733df16f540968e33ee6c78260                       
rep1_fep_014_0.720.en   1      1899  0.720000  -350.05  -149.48     5.04    -2.93     0.02  -198.61    -4.09  -102.24    10.37   -49.12   -15.03   -47.25     0.57     0.00
rep1_fep_014_0.720.en   2      1899  0.280000  -100.28   -71.42    79.64    -1.30     0.05  -118.66    -6.44   -50.51     7.67   -41.40   -14.87   -26.74     0.75    17.85
--> Name of file number  66:                                                     
# Energy files from Qdyn, version: 5.10.17 , git id=9325b9c29ad62a733df16f540968e33ee6c78260                       
rep1_fep_015_0.700.en   1      1899  0.700000  -339.92  -149.52     5.44    -2.57     0.02  -186.87    -6.42   -92.25     8.92   -45.40   -15.72   -49.22     0.38     0.00
rep1_fep_015_0.700.en   2      1899  0.300000  -121.45   -70.46    64.09    -1.54     0.05  -123.76    -7.71   -51.32     7.30   -44.38   -15.56   -28.06     0.55    17.88
--> Name of file number  67:                                                     
# Energy files from Qdyn, version: 5.10.17 , git id=9325b9c29ad62a733df16f540968e33ee6c78260                       
rep1_fep_016_0.680.en   1      1899  0.680000  -335.80  -149.65     4.45    -2.57     0.02  -181.27    -6.77   -85.44     8.12   -45.64   -15.32   -50.20     0.43     0.00
rep1_fep_016_0.680.en   2      1899  0.320000  -135.87   -71.09    49.29    -1.39     0.05  -122.34    -7.67   -52.16     6.88   -40.59   -15.16   -29.59     0.60    17.28
--> Name of file number  68:                                                     
# Energy files from Qdyn, version: 5.10.17 , git id=9325b9c29ad62a733df16f540968e33ee6c78260                       
rep1_fep_017_0.660.en   1      1899  0.660000  -330.73  -149.02     4.30    -2.76     0.02  -178.19    -5.08   -76.78     7.58   -51.83   -13.68   -49.58     1.03     0.00
rep1_fep_017_0.660.en   2      1899  0.340000  -151.88   -72.24    39.16    -1.13     0.04  -125.57    -5.92   -53.71     6.37   -43.46   -13.49   -28.40     1.20    13.78
--> Name of file number  69:                                                     
# Energy files from Qdyn, version: 5.10.17 , git id=9325b9c29ad62a733df16f540968e33ee6c78260                       
rep1_fep_018_0.640.en   1      1899  0.640000  -323.01  -148.76     4.42    -2.26     0.03  -170.65    -5.78   -75.05     7.30   -46.83   -15.20   -48.77     2.11     0.00
rep1_fep_018_0.640.en   2      1899  0.360000  -161.46   -71.76    27.37    -2.01     0.08  -128.44    -6.16   -52.58     6.58   -46.43   -15.04   -29.42     2.31    19.44
--> Name of file number  70:                                                     
# Energy files from Qdyn, version: 5.10.17 , git id=9325b9c29ad62a733df16f540968e33ee6c78260                       
rep1_fep_019_0.620.en   1      1899  0.620000  -313.34  -147.17     4.57    -1.72     0.02  -160.56    -8.49   -67.71     6.80   -45.57   -15.95   -47.27     0.67     0.00
rep1_fep_019_0.620.en   2      1899  0.380000  -172.26   -70.96    22.92    -1.98     0.06  -127.99    -9.07   -53.57     5.86   -46.80   -15.77   -27.63     0.84    14.75
--> Name of file number  71:                                                     
# Energy files from Qdyn, version: 5.10.17 , git id=9325b9c29ad62a733df16f540968e33ee6c78260                       
rep1_fep_020_0.600.en   1      1899  0.600000  -308.24  -146.79     5.36    -1.72     0.03  -156.78    -8.34   -70.16     7.57   -42.73   -16.77   -43.89     0.85     0.00
rep1_fep_020_0.600.en   2      1899  0.400000  -172.05   -71.06    19.47    -2.36     0.08  -126.58    -9.05   -53.82     6.52   -48.77   -16.59   -23.99     1.02    17.44
--> Name of file number  72:                                                     
# Energy files from Qdyn, version: 5.10.17 , git id=9325b9c29ad62a733df16f540968e33ee6c78260                       
rep1_fep_021_0.580.en   1      1899  0.580000  -304.32  -146.50     5.43    -1.27     0.05  -154.89    -7.14   -67.96     7.33   -43.58   -15.48   -43.35     1.00     0.00
rep1_fep_021_0.580.en   2      1899  0.420000  -176.67   -71.69    16.79    -2.34     0.13  -130.47    -7.73   -53.22     6.38   -50.04   -15.30   -27.21     1.18    18.64
--> Name of file number  73:                                                     
# Energy files from Qdyn, version: 5.10.17 , git id=9325b9c29ad62a733df16f540968e33ee6c78260                       
rep1_fep_022_0.560.en   1      1899  0.560000  -300.77  -146.38     5.63    -1.70     0.02  -149.92    -8.41   -53.44     6.13   -45.60   -15.85   -50.88     1.32     0.00
rep1_fep_022_0.560.en   2      1899  0.440000  -193.66   -77.18    15.88    -2.18     0.04  -130.32    -9.47   -50.40     4.72   -48.97   -15.70   -30.96     1.51     9.57
--> Name of file number  74:                                                     
# Energy files from Qdyn, version: 5.10.17 , git id=9325b9c29ad62a733df16f540968e33ee6c78260                       
rep1_fep_023_0.540.en   1      1899  0.540000  -290.95  -143.65     7.56    -3.38     0.03  -147.78    -3.72   -28.02     9.91   -54.69   -14.69   -65.07     1.06     0.00
rep1_fep_023_0.540.en   2      1899  0.460000  -227.46  -115.73    14.26    -0.35     0.07  -119.24    -6.57   -34.89     6.74   -49.12   -14.57   -35.24     1.26     0.09
--> Name of file number  75:                                                     
# Energy files from Qdyn, version: 5.10.17 , git id=9325b9c29ad62a733df16f540968e33ee6c78260                       
rep1_fep_024_0.520.en   1      1899  0.520000  -282.39  -141.97     8.17    -3.08     0.03  -143.94    -1.60   -27.62    10.84   -49.36   -15.01   -66.96     2.57     0.00
rep1_fep_024_0.520.en   2      1899  0.480000  -234.30  -115.49    11.36    -1.68     0.07  -123.57    -5.11   -35.22     6.98   -53.02   -14.84   -35.33     2.75     0.11
--> Name of file number  76:                                                     
# Energy files from Qdyn, version: 5.10.17 , git id=9325b9c29ad62a733df16f540968e33ee6c78260                       
rep1_fep_025_0.500.en   1      1899  0.500000  -269.96  -140.80     7.28    -2.64     0.03  -133.55    -0.29   -30.61    12.18   -37.04   -14.82   -65.90     2.36     0.00
rep1_fep_025_0.500.en   2      1899  0.500000  -238.45  -118.63     9.64    -2.03     0.08  -123.14    -4.48   -35.23     7.71   -52.91   -14.73   -35.00     2.53     0.11
--> Name of file number  77:                                                     
# Energy files from Qdyn, version: 5.10.17 , git id=9325b9c29ad62a733df16f540968e33ee6c78260                       
rep1_fep_026_0.480.en   1      1899  0.480000  -279.82  -138.30     7.66    -3.83     0.02  -147.34     1.96   -26.08    13.56   -49.62   -14.69   -71.64     3.10     0.00
rep1_fep_026_0.480.en   2      1899  0.520000  -249.46  -128.18    11.17    -1.50     0.05  -127.87    -3.14   -32.35     8.37   -54.84   -14.83   -40.68     3.32     0.01
--> Name of file number  78:                                                     
# Energy files from Qdyn, version: 5.10.17 , git id=9325b9c29ad62a733df16f540968e33ee6c78260                       
rep1_fep_027_0.460.en   1      1899  0.460000  -264.76  -127.52     8.11    -2.49     0.05  -147.03     4.10   -35.75    15.40   -42.90   -13.74   -68.38     2.44     0.02
rep1_fep_027_0.460.en   2      1899  0.540000  -255.25  -134.33     9.23    -2.01     0.12  -125.36    -2.95   -32.41     8.22   -56.01   -13.79   -36.94     2.62     0.04
--> Name of file number  79:                                                     
# Energy files from Qdyn, version: 5.10.17 , git id=9325b9c29ad62a733df16f540968e33ee6c78260                       
rep1_fep_028_0.440.en   1      1899  0.440000  -262.35  -128.49     8.01    -3.12     0.02  -142.91     4.14   -34.22    15.94   -43.57   -13.63   -65.11     1.82     0.00
rep1_fep_028_0.440.en   2      1899  0.560000  -258.48  -138.71     9.50    -2.01     0.04  -124.36    -2.95   -30.86     8.83   -56.62   -13.79   -36.88     2.01     0.01
--> Name of file number  80:                                                     
# Energy files from Qdyn, version: 5.10.17 , git id=9325b9c29ad62a733df16f540968e33ee6c78260                       
rep1_fep_029_0.420.en   1      1899  0.420000  -231.27   -86.92     8.81    -2.95     0.02  -162.31    11.60   -56.58    24.48   -39.23   -14.17   -66.49     1.28     0.48
rep1_fep_029_0.420.en   2      1899  0.580000  -281.87  -160.12     8.42    -2.79     0.04  -121.59    -6.29   -35.78     6.54   -51.23   -14.32   -34.57     1.49     0.48
--> Name of file number  81:                                                     
# Energy files from Qdyn, version: 5.10.17 , git id=9325b9c29ad62a733df16f540968e33ee6c78260                       
rep1_fep_030_0.400.en   1      1899  0.400000  -203.28   -51.76     8.16    -1.82     0.03  -177.16    17.84   -82.60    31.46   -34.84   -14.27   -59.73     0.65     1.43
rep1_fep_030_0.400.en   2      1899  0.600000  -304.82  -170.72     8.05    -2.59     0.09  -130.42   -10.66   -46.15     3.02   -50.53   -14.52   -33.74     0.84     1.43
--> Name of file number  82:                                                     
# Energy files from Qdyn, version: 5.10.17 , git id=9325b9c29ad62a733df16f540968e33ee6c78260                       
rep1_fep_031_0.380.en   1      1899  0.380000  -194.98   -47.09     7.67    -1.10     0.02  -176.53    19.95   -89.06    33.86   -29.31   -15.57   -58.16     1.65     2.09
rep1_fep_031_0.380.en   2      1899  0.620000  -307.92  -172.05     6.82    -2.65     0.06  -131.25   -10.96   -47.70     2.94   -51.53   -15.74   -32.02     1.84     2.09
--> Name of file number  83:                                                     
# Energy files from Qdyn, version: 5.10.17 , git id=9325b9c29ad62a733df16f540968e33ee6c78260                       
rep1_fep_032_0.360.en   1      1899  0.360000  -192.42   -45.18     6.54    -1.11     0.03  -176.81    21.85   -89.27    35.63   -24.89   -15.21   -62.64     1.42     2.26
rep1_fep_032_0.360.en   2      1899  0.640000  -309.74  -173.60     5.19    -3.10     0.06  -129.62   -10.93   -48.81     2.69   -47.83   -15.23   -32.99     1.61     2.26
--> Name of file number  84:                                                     
# Energy files from Qdyn, version: 5.10.17 , git id=9325b9c29ad62a733df16f540968e33ee6c78260                       
rep1_fep_033_0.340.en   1      1899  0.340000  -192.91   -44.79     7.18    -0.77     0.01  -179.96    23.13   -91.41    37.71   -25.10   -16.96   -63.45     2.38     2.28
rep1_fep_033_0.340.en   2      1899  0.660000  -314.18  -174.68     4.95    -3.20     0.03  -131.26   -12.31   -49.50     2.42   -48.53   -17.29   -33.24     2.56     2.28
--> Name of file number  85:                                                     
# Energy files from Qdyn, version: 5.10.17 , git id=9325b9c29ad62a733df16f540968e33ee6c78260                       
rep1_fep_034_0.320.en   1      1899  0.320000  -186.08   -42.49     6.89    -0.69     0.01  -176.92    24.44   -91.26    38.31   -25.93   -15.72   -59.73     1.85     2.67
rep1_fep_034_0.320.en   2      1899  0.680000  -314.99  -174.54     5.31    -3.06     0.03  -133.21   -12.19   -49.80     1.83   -50.74   -16.05   -32.67     2.03     2.67
--> Name of file number  86:                                                     
# Energy files from Qdyn, version: 5.10.17 , git id=9325b9c29ad62a733df16f540968e33ee6c78260                       
rep1_fep_035_0.300.en   1      1899  0.300000  -184.01   -42.22     6.92    -0.63     0.03  -176.07    25.52   -88.92    39.55   -28.04   -15.47   -59.11     1.44     2.45
rep1_fep_035_0.300.en   2      1899  0.700000  -318.93  -175.69     4.73    -3.09     0.07  -134.92   -12.46   -50.22     1.62   -50.92   -15.71   -33.78     1.62     2.45
--> Name of file number  87:                                                     
# Energy files from Qdyn, version: 5.10.17 , git id=9325b9c29ad62a733df16f540968e33ee6c78260                       
rep1_fep_036_0.280.en   1      1899  0.280000  -172.25   -40.48     7.84    -0.14     0.02  -169.98    27.71   -92.31    42.00   -24.66   -15.49   -53.01     1.20     2.77
rep1_fep_036_0.280.en   2      1899  0.720000  -317.94  -176.62     4.74    -3.14     0.06  -133.06   -12.68   -51.64     1.72   -51.33   -15.78   -30.08     1.37     2.77
--> Name of file number  88:                                                     
# Energy files from Qdyn, version: 5.10.17 , git id=9325b9c29ad62a733df16f540968e33ee6c78260                       
rep1_fep_037_0.260.en   1      1899  0.260000  -170.86   -40.82     7.97    -0.44     0.02  -168.68    28.75   -90.43    43.96   -24.84   -15.62   -53.41     0.41     2.33
rep1_fep_037_0.260.en   2      1899  0.740000  -320.99  -177.56     4.34    -3.21     0.04  -132.95   -13.99   -52.68     1.35   -50.61   -15.91   -29.66     0.58     2.33
--> Name of file number  89:                                                     
# Energy files from Qdyn, version: 5.10.17 , git id=9325b9c29ad62a733df16f540968e33ee6c78260                       
rep1_fep_038_0.240.en   1      1899  0.240000  -169.12   -38.02     8.94    -0.13     0.02  -173.97    31.46   -92.07    46.73   -23.52   -16.19   -58.38     0.92     2.56
rep1_fep_038_0.240.en   2      1899  0.760000  -322.66  -176.74     4.84    -2.79     0.05  -136.41   -14.17   -53.84     1.36   -50.74   -16.62   -31.83     1.09     2.56
--> Name of file number  90:                                                     
# Energy files from Qdyn, version: 5.10.17 , git id=9325b9c29ad62a733df16f540968e33ee6c78260                       
rep1_fep_039_0.220.en   1      1899  0.220000  -162.85   -37.01     9.42    -0.05     0.03  -172.66    34.86   -90.77    49.44   -23.96   -15.47   -57.93     0.89     2.57
rep1_fep_039_0.220.en   2      1899  0.780000  -325.84  -177.00     5.25    -3.02     0.06  -140.11   -13.60   -54.44     1.20   -50.69   -15.88   -34.98     1.08     2.57
--> Name of file number  91:                                                     
# Energy files from Qdyn, version: 5.10.17 , git id=9325b9c29ad62a733df16f540968e33ee6c78260                       
rep1_fep_040_0.200.en   1      1899  0.200000  -156.59   -35.29    10.03    -0.57     0.02  -170.75    37.13   -88.53    52.20   -25.63   -15.83   -56.59     0.76     2.84
rep1_fep_040_0.200.en   2      1899  0.800000  -329.50  -177.79     4.52    -3.28     0.04  -141.54   -14.29   -55.26     0.97   -50.82   -16.22   -35.46     0.95     2.84
--> Name of file number  92:                                                     
# Energy files from Qdyn, version: 5.10.17 , git id=9325b9c29ad62a733df16f540968e33ee6c78260                       
rep1_fep_041_0.180.en   1      1899  0.180000  -144.15   -36.09    13.98     0.32     0.01  -165.32    40.16   -89.04    55.80   -21.97   -15.90   -54.31     0.26     2.79
rep1_fep_041_0.180.en   2      1899  0.820000  -327.45  -178.05     4.44    -3.04     0.03  -138.91   -14.72   -56.22     0.96   -49.74   -16.11   -32.95     0.43     2.79
--> Name of file number  93:                                                     
# Energy files from Qdyn, version: 5.10.17 , git id=9325b9c29ad62a733df16f540968e33ee6c78260                       
rep1_fep_042_0.160.en   1      1899  0.160000  -134.19   -34.23    14.92     1.46     0.02  -163.68    44.31   -88.96    59.82   -20.80   -15.56   -53.92     0.05     3.02
rep1_fep_042_0.160.en   2      1899  0.840000  -325.22  -178.20     4.60    -2.68     0.05  -137.06   -14.95   -57.90     0.64   -46.32   -15.81   -32.84     0.23     3.02
--> Name of file number  94:                                                     
# Energy files from Qdyn, version: 5.10.17 , git id=9325b9c29ad62a733df16f540968e33ee6c78260                       
rep1_fep_043_0.140.en   1      1899  0.140000  -125.51   -32.17    17.54     0.73     0.03  -164.47    49.79   -88.95    65.88   -21.84   -15.61   -53.68    -0.48     3.04
rep1_fep_043_0.140.en   2      1899  0.860000  -329.40  -177.32     5.28    -2.89     0.06  -142.21   -15.36   -60.11     0.86   -49.93   -15.93   -32.17    -0.29     3.04
--> Name of file number  95:                                                     
# Energy files from Qdyn, version: 5.10.17 , git id=9325b9c29ad62a733df16f540968e33ee6c78260                       
rep1_fep_044_0.120.en   1      1899  0.120000   -77.28   -39.34    55.52     0.87     0.02  -156.85    60.03   -76.42    75.77   -20.98   -15.58   -59.45    -0.15     2.46
rep1_fep_044_0.120.en   2      1899  0.880000  -337.97  -176.53     5.58    -2.86     0.06  -154.32   -12.35   -72.97     3.39   -49.95   -15.77   -31.40     0.03     2.46
--> Name of file number  96:                                                     
# Energy files from Qdyn, version: 5.10.17 , git id=9325b9c29ad62a733df16f540968e33ee6c78260                       
rep1_fep_045_0.100.en   1      1899  0.100000   -21.84   -46.81    92.47     0.95     0.02  -140.66    70.37   -66.81    87.32   -21.33   -15.09   -52.51    -1.86     1.82
rep1_fep_045_0.100.en   2      1899  0.900000  -344.69  -177.09     5.04    -2.10     0.06  -162.32   -10.09   -86.92     6.99   -50.64   -15.38   -24.76    -1.71     1.82
--> Name of file number  97:                                                     
# Energy files from Qdyn, version: 5.10.17 , git id=9325b9c29ad62a733df16f540968e33ee6c78260                       
rep1_fep_046_0.080.en   1      1899  0.080000     1.15   -45.49    92.12     0.53     0.02  -136.58    88.41   -68.22   105.02   -18.67   -14.62   -49.69    -1.99     2.15
rep1_fep_046_0.080.en   2      1899  0.920000  -345.29  -177.95     5.31    -2.04     0.05  -162.64   -10.16   -88.97     6.59   -49.41   -14.93   -24.25    -1.83     2.15
--> Name of file number  98:                                                     
# Energy files from Qdyn, version: 5.10.17 , git id=9325b9c29ad62a733df16f540968e33ee6c78260                       
rep1_fep_047_0.060.en   1      1899  0.060000    39.40   -44.55    98.12     2.11     0.02  -134.30   115.95   -69.57   133.81   -14.76   -15.62   -49.97    -2.24     2.05
rep1_fep_047_0.060.en   2      1899  0.940000  -347.65  -177.66     4.92    -2.68     0.04  -163.62   -10.71   -92.54     7.31   -48.11   -15.92   -22.97    -2.10     2.05
--> Name of file number  99:                                                     
# Energy files from Qdyn, version: 5.10.17 , git id=9325b9c29ad62a733df16f540968e33ee6c78260                       
rep1_fep_048_0.040.en   1      1899  0.040000   103.01   -43.85   101.20     1.95     0.02  -141.65   183.14   -69.00   199.71   -20.33   -15.26   -52.32    -1.32     2.19
rep1_fep_048_0.040.en   2      1899  0.960000  -352.89  -177.41     5.15    -2.54     0.04  -171.72    -8.61   -97.11     8.00   -49.32   -15.45   -25.30    -1.17     2.19
--> Name of file number 100:                                                     
# Energy files from Qdyn, version: 5.10.17 , git id=9325b9c29ad62a733df16f540968e33ee6c78260                       
rep1_fep_049_0.020.en   1      1899  0.020000   313.62   -43.48   102.64     2.58     0.01  -138.33   387.80   -75.16   404.37   -10.55   -15.78   -52.63    -0.79     2.42
rep1_fep_049_0.020.en   2      1899  0.980000  -363.17  -178.14     3.29    -3.07     0.02  -179.42    -8.27  -104.87     8.35   -47.78   -15.98   -26.77    -0.64     2.42
--> Name of file number 101:                                                     
# Energy files from Qdyn, version: 5.10.17 , git id=9325b9c29ad62a733df16f540968e33ee6c78260                       
rep2_fep_000_1.000.en   1      1899  1.000000  -376.53  -152.51     5.88    -1.96     0.09  -229.16     1.12  -142.62    14.18   -45.94   -15.65   -40.60     2.60     0.00
rep2_fep_000_1.000.en   2      1899  0.000000   176.20   -49.92   293.24     2.21     0.23   -69.46    -1.37   -17.11    11.40   -30.40   -15.43   -21.95     2.67     1.26
--> Name of file number 102:                                                     
# Energy files from Qdyn, version: 5.10.17 , git id=9325b9c29ad62a733df16f540968e33ee6c78260                       
rep2_fep_001_0.980.en   1      1899  0.980000  -374.81  -153.20     5.01    -2.09     0.12  -225.58     0.93  -143.44    14.80   -44.06   -15.68   -38.08     1.80     0.00
rep2_fep_001_0.980.en   2      1899  0.020000   121.00   -54.98   240.83     1.54     0.31   -66.26    -1.79   -14.35    11.75   -29.55   -15.41   -22.36     1.87     1.36
--> Name of file number 103:                                                     
# Energy files from Qdyn, version: 5.10.17 , git id=9325b9c29ad62a733df16f540968e33ee6c78260                       
rep2_fep_002_0.960.en   1      1899  0.960000  -369.73  -153.21     4.58    -2.08     0.11  -219.02    -0.11  -143.38    14.38   -39.57   -16.16   -36.07     1.67     0.00
rep2_fep_002_0.960.en   2      1899  0.040000    69.09   -48.53   186.65     1.52     0.27   -72.02    -3.05   -27.54    11.22   -23.94   -16.01   -20.53     1.74     4.25
--> Name of file number 104:                                                     
# Energy files from Qdyn, version: 5.10.17 , git id=9325b9c29ad62a733df16f540968e33ee6c78260                       
rep2_fep_003_0.940.en   1      1899  0.940000  -369.17  -153.11     4.58    -2.64     0.09  -219.25     1.16  -139.73    14.66   -42.92   -15.34   -36.61     1.85     0.00
rep2_fep_003_0.940.en   2      1899  0.060000     3.33   -55.10   135.06    -0.55     0.23   -79.78    -1.43   -30.96    11.80   -28.72   -15.14   -20.10     1.91     4.91
--> Name of file number 105:                                                     
# Energy files from Qdyn, version: 5.10.17 , git id=9325b9c29ad62a733df16f540968e33ee6c78260                       
rep2_fep_004_0.920.en   1      1899  0.920000  -369.99  -152.85     4.81    -3.31     0.06  -218.81     0.11  -139.08    14.57   -41.61   -16.04   -38.13     1.58     0.00
rep2_fep_004_0.920.en   2      1899  0.080000    -6.64   -56.31   128.83    -1.13     0.14   -81.09    -2.49   -33.21    11.63   -26.80   -15.78   -21.08     1.65     5.41
--> Name of file number 106:                                                     
# Energy files from Qdyn, version: 5.10.17 , git id=9325b9c29ad62a733df16f540968e33ee6c78260                       
rep2_fep_005_0.900.en   1      1899  0.900000  -364.90  -152.90     4.16    -3.46     0.05  -210.68    -2.07  -138.49    14.71   -41.01   -16.33   -31.18    -0.45     0.00
rep2_fep_005_0.900.en   2      1899  0.100000   -26.71   -66.73   121.17    -1.48     0.12   -78.26    -4.87   -34.23    11.57   -27.37   -16.05   -16.67    -0.39     3.35
--> Name of file number 107:                                                     
# Energy files from Qdyn, version: 5.10.17 , git id=9325b9c29ad62a733df16f540968e33ee6c78260                       
rep2_fep_006_0.880.en   1      1899  0.880000  -370.67  -152.77     4.92    -3.35     0.04  -218.07    -1.43  -135.66    14.42   -40.64   -16.59   -41.77     0.74     0.00
rep2_fep_006_0.880.en   2      1899  0.120000   -42.92   -70.93   113.63    -1.18     0.10   -83.14    -4.14   -35.09    11.36   -27.18   -16.31   -20.87     0.80     2.75
--> Name of file number 108:                                                     
# Energy files from Qdyn, version: 5.10.17 , git id=9325b9c29ad62a733df16f540968e33ee6c78260                       
rep2_fep_007_0.860.en   1      1899  0.860000  -364.81  -152.59     4.50    -3.34     0.05  -211.83    -1.60  -133.03    14.25   -41.92   -16.57   -36.87     0.72     0.00
rep2_fep_007_0.860.en   2      1899  0.140000   -53.17   -73.52   106.47    -1.29     0.13   -82.92    -4.47   -35.83    11.05   -28.30   -16.30   -18.80     0.78     2.44
--> Name of file number 109:                                                     
# Energy files from Qdyn, version: 5.10.17 , git id=9325b9c29ad62a733df16f540968e33ee6c78260                       
rep2_fep_008_0.840.en   1      1899  0.840000  -360.25  -152.06     5.17    -3.23     0.06  -209.83    -0.35  -131.89    14.81   -41.80   -15.51   -36.14     0.35     0.00
rep2_fep_008_0.840.en   2      1899  0.160000   -63.21   -78.80   101.24    -1.30     0.14   -83.42    -3.07   -36.44    11.76   -28.52   -15.24   -18.45     0.41     1.98
--> Name of file number 110:                                                     
# Energy files from Qdyn, version: 5.10.17 , git id=9325b9c29ad62a733df16f540968e33ee6c78260                       
rep2_fep_009_0.820.en   1      1899  0.820000  -357.16  -151.90     5.15    -3.27     0.05  -207.40     0.22  -127.67    14.79   -39.90   -15.32   -39.84     0.75     0.00
rep2_fep_009_0.820.en   2      1899  0.180000   -79.91   -88.78    96.23    -1.32     0.11   -84.51    -2.51   -36.88    11.73   -28.55   -15.06   -19.08     0.82     0.86
--> Name of file number 111:                                                     
# Energy files from Qdyn, version: 5.10.17 , git id=9325b9c29ad62a733df16f540968e33ee6c78260                       
rep2_fep_010_0.800.en   1      1899  0.800000  -355.22  -151.30     5.57    -3.26     0.04  -203.39    -2.87  -125.21    14.54   -41.15   -17.42   -37.03     0.01     0.00
rep2_fep_010_0.800.en   2      1899  0.200000   -89.08   -87.57    88.02    -0.96     0.09   -84.51    -5.28   -37.05    11.81   -29.43   -17.16   -18.03     0.07     1.12
--> Name of file number 112:                                                     
# Energy files from Qdyn, version: 5.10.17 , git id=9325b9c29ad62a733df16f540968e33ee6c78260                       
rep2_fep_011_0.780.en   1      1899  0.780000  -350.27  -150.52     5.12    -3.36     0.04  -199.33    -2.22  -121.35    14.23   -40.74   -16.98   -37.24     0.52     0.00
rep2_fep_011_0.780.en   2      1899  0.220000  -103.98   -92.09    78.70    -1.43     0.10   -85.57    -4.35   -37.44    11.78   -29.46   -16.72   -18.67     0.59     0.67
--> Name of file number 113:                                                     
# Energy files from Qdyn, version: 5.10.17 , git id=9325b9c29ad62a733df16f540968e33ee6c78260                       
rep2_fep_012_0.760.en   1      1899  0.760000  -345.80  -150.39     4.42    -2.85     0.04  -194.43    -2.58  -119.87    14.46   -40.90   -16.65   -33.67    -0.39     0.00
rep2_fep_012_0.760.en   2      1899  0.240000  -107.82   -97.20    79.18    -1.10     0.10   -84.37    -5.07   -39.23    11.66   -29.02   -16.40   -16.12    -0.33     0.63
--> Name of file number 114:                                                     
# Energy files from Qdyn, version: 5.10.17 , git id=9325b9c29ad62a733df16f540968e33ee6c78260                       
rep2_fep_013_0.740.en   1      1899  0.740000  -336.11  -150.38     4.82    -2.90     0.06  -185.73    -1.99  -108.14    13.82   -42.08   -16.19   -35.51     0.38     0.00
rep2_fep_013_0.740.en   2      1899  0.260000  -137.28   -99.72    52.47    -1.11     0.15   -85.61    -3.80   -37.89    11.71   -30.03   -15.94   -17.69     0.44     0.33
--> Name of file number 115:                                                     
# Energy files from Qdyn, version: 5.10.17 , git id=9325b9c29ad62a733df16f540968e33ee6c78260                       
rep2_fep_014_0.720.en   1      1899  0.720000  -327.47  -149.63     4.91    -3.09     0.03  -174.89    -4.81   -98.62    12.44   -43.12   -16.72   -33.15    -0.52     0.00
rep2_fep_014_0.720.en   2      1899  0.280000  -159.98  -100.11    33.25    -1.01     0.08   -86.52    -5.93   -37.45    11.01   -32.24   -16.48   -16.83    -0.46     0.26
--> Name of file number 116:                                                     
# Energy files from Qdyn, version: 5.10.17 , git id=9325b9c29ad62a733df16f540968e33ee6c78260                       
rep2_fep_015_0.700.en   1      1899  0.700000  -319.07  -148.71     4.50    -2.86     0.06  -167.52    -4.54   -94.81    13.55   -44.07   -16.63   -28.64    -1.46     0.00
rep2_fep_015_0.700.en   2      1899  0.300000  -173.85  -105.01    21.65    -0.66     0.15   -84.14    -5.97   -37.17    11.82   -32.47   -16.38   -14.49    -1.40     0.12
--> Name of file number 117:                                                     
# Energy files from Qdyn, version: 5.10.17 , git id=9325b9c29ad62a733df16f540968e33ee6c78260                       
rep2_fep_016_0.680.en   1      1899  0.680000  -316.27  -149.26     4.16    -2.95     0.08  -164.53    -3.76   -92.51    13.86   -44.75   -16.42   -27.28    -1.20     0.00
rep2_fep_016_0.680.en   2      1899  0.320000  -181.75  -106.31    15.78    -0.89     0.19   -85.23    -5.36   -36.97    11.94   -33.38   -16.15   -14.88    -1.15     0.08
--> Name of file number 118:                                                     
# Energy files from Qdyn, version: 5.10.17 , git id=9325b9c29ad62a733df16f540968e33ee6c78260                       
rep2_fep_017_0.660.en   1      1899  0.660000  -312.15  -148.72     5.05    -2.77     0.07  -162.52    -3.25   -90.94    14.29   -43.72   -16.04   -27.86    -1.50     0.00
rep2_fep_017_0.660.en   2      1899  0.340000  -184.99  -108.29    14.67    -0.86     0.17   -85.54    -5.19   -37.52    12.04   -32.87   -15.78   -15.15    -1.45     0.06
--> Name of file number 119:                                                     
# Energy files from Qdyn, version: 5.10.17 , git id=9325b9c29ad62a733df16f540968e33ee6c78260                       
rep2_fep_018_0.640.en   1      1899  0.640000  -313.33  -147.39     4.88    -3.28     0.04  -164.23    -3.36   -90.20    14.89   -45.10   -16.77   -28.93    -1.47     0.00
rep2_fep_018_0.640.en   2      1899  0.360000  -192.39  -111.63    13.13    -1.29     0.11   -87.14    -5.62   -38.06    12.34   -34.65   -16.54   -14.43    -1.42     0.05
--> Name of file number 120:                                                     
# Energy files from Qdyn, version: 5.10.17 , git id=9325b9c29ad62a733df16f540968e33ee6c78260                       
rep2_fep_019_0.620.en   1      1899  0.620000  -309.82  -147.34     4.93    -2.86     0.07  -163.20    -1.41   -87.50    15.44   -43.96   -16.91   -31.75     0.07     0.00
rep2_fep_019_0.620.en   2      1899  0.380000  -198.26  -114.91    11.56    -0.96     0.17   -89.92    -4.23   -37.70    12.33   -36.04   -16.69   -16.17     0.13     0.03
--> Name of file number 121:                                                     
# Energy files from Qdyn, version: 5.10.17 , git id=9325b9c29ad62a733df16f540968e33ee6c78260                       
