# Qfep                       version 5.10.24 , gi(modified on 20240701                                                                        )

--> Number of energy files: # Number of files                 =    50
--> No. of states, no. of predefined off-diag elements: # Number of states                 =     2
# Number of off-diagonal elements =     0
--> Give kT & no, of pts to skip   & calculation mode: # kT                              = 0.596
# Number of data points to skip   =   100
# Only QQ interactions will be considered   =   0
--> Give number of gap-bins: # Number of gap-bins              =    50
--> Give minimum # pts/bin: # Minimum number of points per bin=    10
--> Give alpha for state  2:                                                    # Alpha for state  2              =   -50.00
--> Number of off-diagonal elements:# Number of off-diagonal elements =     1
#   i   j   A(i,j)  mu(i,j) eta(i,j) rxy0(i,j)
--> i, j, A_ij, mu_ij, eta_ij, r_xy0: #   1   2     95.00      0.00      0.00      0.00
--> linear combination of states defining reaction coord: # Linear combination co-efficients=  1.00 -1.00


# Part 0: Average energies for all states in all files
# file             state   pts   lambda    EQtot   EQbond  EQang   EQtor   EQimp    EQel   EQvdW  Eel_qq  EvdW_qq Eel_qp  EvdW_qp Eel_qw EvdW_qw Eqrstr
--> Name of file number   1:                                                     
# Energy files from Qdyn, version: 5.10.17 , git id=9325b9c29ad62a733df16f540968e33ee6c78260                       
rep0_fep_000_1.000.en   1      1899  1.000000  -360.46  -151.82     4.30    -2.73     0.07  -209.55    -0.72  -106.24     9.07   -39.83   -13.57   -63.49     3.78     0.00
rep0_fep_000_1.000.en   2      1899  0.000000   -35.56    -7.06    29.95     2.40     0.17   -65.93     2.33   -11.00    11.91   -32.74   -13.46   -22.19     3.87     2.58
--> Name of file number   2:                                                     
# Energy files from Qdyn, version: 5.10.17 , git id=9325b9c29ad62a733df16f540968e33ee6c78260                       
rep0_fep_001_0.980.en   1      1899  0.980000  -360.22  -152.44     3.77    -2.82     0.07  -206.89    -1.91  -105.15     8.76   -39.95   -12.99   -61.79     2.31     0.00
rep0_fep_001_0.980.en   2      1899  0.020000   -49.59    -8.55    20.63     2.34     0.18   -67.81     0.97   -10.60    11.48   -33.21   -12.92   -23.99     2.40     2.65
--> Name of file number   3:                                                     
# Energy files from Qdyn, version: 5.10.17 , git id=9325b9c29ad62a733df16f540968e33ee6c78260                       
rep0_fep_002_0.960.en   1      1899  0.960000  -362.58  -152.93     4.55    -2.86     0.07  -210.26    -1.15  -105.28     8.71   -38.96   -13.50   -66.02     3.64     0.00
rep0_fep_002_0.960.en   2      1899  0.040000   -53.01   -10.31    20.69     2.28     0.17   -70.01     1.78   -11.43    11.42   -33.73   -13.38   -24.85     3.74     2.39
--> Name of file number   4:                                                     
# Energy files from Qdyn, version: 5.10.17 , git id=9325b9c29ad62a733df16f540968e33ee6c78260                       
rep0_fep_003_0.940.en   1      1899  0.940000  -358.18  -152.08     4.61    -2.80     0.09  -205.65    -2.35  -105.54     8.95   -38.26   -13.62   -61.84     2.32     0.00
rep0_fep_003_0.940.en   2      1899  0.060000   -53.20   -11.35    20.44     2.75     0.22   -68.15     0.40   -11.99    11.50   -32.45   -13.50   -23.71     2.41     2.49
--> Name of file number   5:                                                     
# Energy files from Qdyn, version: 5.10.17 , git id=9325b9c29ad62a733df16f540968e33ee6c78260                       
rep0_fep_004_0.920.en   1      1899  0.920000  -357.07  -153.08     4.25    -3.11     0.06  -203.04    -2.15  -105.45     9.25   -37.23   -12.76   -60.37     1.35     0.00
rep0_fep_004_0.920.en   2      1899  0.080000   -56.77   -12.26    16.45     2.07     0.16   -66.13     0.54   -12.42    11.78   -32.88   -12.67   -20.82     1.44     2.40
--> Name of file number   6:                                                     
# Energy files from Qdyn, version: 5.10.17 , git id=9325b9c29ad62a733df16f540968e33ee6c78260                       
rep0_fep_005_0.900.en   1      1899  0.900000  -358.54  -153.10     4.24    -3.14     0.08  -204.44    -2.17  -106.00     9.55   -38.56   -13.16   -59.88     1.44     0.00
rep0_fep_005_0.900.en   2      1899  0.100000   -64.59   -16.33    13.44     2.14     0.19   -66.72     0.35   -12.21    11.88   -32.40   -13.05   -22.12     1.53     2.34
--> Name of file number   7:                                                     
# Energy files from Qdyn, version: 5.10.17 , git id=9325b9c29ad62a733df16f540968e33ee6c78260                       
rep0_fep_006_0.880.en   1      1899  0.880000  -358.57  -152.90     4.41    -3.41     0.07  -204.61    -2.14  -105.70     9.55   -37.74   -13.06   -61.16     1.38     0.00
rep0_fep_006_0.880.en   2      1899  0.120000   -69.35   -18.26    11.38     1.81     0.17   -66.66     0.30   -12.80    11.79   -31.73   -12.96   -22.13     1.47     1.92
--> Name of file number   8:                                                     
# Energy files from Qdyn, version: 5.10.17 , git id=9325b9c29ad62a733df16f540968e33ee6c78260                       
rep0_fep_007_0.860.en   1      1899  0.860000  -361.09  -153.07     4.48    -3.20     0.08  -207.18    -2.19  -105.99     9.69   -39.94   -13.39   -61.25     1.51     0.00
rep0_fep_007_0.860.en   2      1899  0.140000   -74.27   -20.08    10.92     2.13     0.19   -69.20     0.06   -12.81    11.80   -33.51   -13.33   -22.88     1.59     1.72
--> Name of file number   9:                                                     
# Energy files from Qdyn, version: 5.10.17 , git id=9325b9c29ad62a733df16f540968e33ee6c78260                       
rep0_fep_008_0.840.en   1      1899  0.840000  -356.15  -153.16     4.00    -3.18     0.06  -201.16    -2.71  -104.82     9.62   -38.40   -12.77   -57.95     0.44     0.00
rep0_fep_008_0.840.en   2      1899  0.160000   -78.42   -23.76     9.47     1.70     0.16   -67.14    -0.58   -13.58    11.57   -32.24   -12.69   -21.32     0.53     1.74
--> Name of file number  10:                                                     
# Energy files from Qdyn, version: 5.10.17 , git id=9325b9c29ad62a733df16f540968e33ee6c78260                       
rep0_fep_009_0.820.en   1      1899  0.820000  -356.10  -152.93     4.39    -3.34     0.08  -201.27    -3.02  -104.52     9.74   -36.94   -13.79   -59.81     1.03     0.00
rep0_fep_009_0.820.en   2      1899  0.180000   -81.70   -25.20     8.92     2.11     0.19   -68.48    -1.10   -13.48    11.48   -32.87   -13.69   -22.13     1.11     1.84
--> Name of file number  11:                                                     
# Energy files from Qdyn, version: 5.10.17 , git id=9325b9c29ad62a733df16f540968e33ee6c78260                       
rep0_fep_010_0.800.en   1      1899  0.800000  -356.58  -152.98     4.61    -3.61     0.06  -202.34    -2.33  -105.02    10.25   -38.55   -12.70   -58.77     0.12     0.00
rep0_fep_010_0.800.en   2      1899  0.200000   -81.86   -24.76     9.20     1.63     0.16   -69.11    -0.30   -13.25    12.08   -33.54   -12.59   -22.32     0.20     1.32
--> Name of file number  12:                                                     
# Energy files from Qdyn, version: 5.10.17 , git id=9325b9c29ad62a733df16f540968e33ee6c78260                       
rep0_fep_011_0.780.en   1      1899  0.780000  -354.15  -152.91     5.26    -3.63     0.06  -200.57    -2.36  -105.93    10.80   -36.35   -13.18   -58.29     0.02     0.00
rep0_fep_011_0.780.en   2      1899  0.220000   -85.94   -27.35     8.32     1.64     0.15   -69.26    -0.50   -13.97    12.49   -32.97   -13.09   -22.33     0.10     1.08
--> Name of file number  13:                                                     
# Energy files from Qdyn, version: 5.10.17 , git id=9325b9c29ad62a733df16f540968e33ee6c78260                       
rep0_fep_012_0.760.en   1      1899  0.760000  -351.43  -151.84     5.60    -3.33     0.09  -200.76    -1.18  -104.90    11.13   -35.99   -12.37   -59.87     0.06     0.00
rep0_fep_012_0.760.en   2      1899  0.240000   -87.38   -30.07     9.42     1.79     0.22   -70.15     0.29   -13.99    12.48   -34.63   -12.33   -21.52     0.14     1.13
--> Name of file number  14:                                                     
# Energy files from Qdyn, version: 5.10.17 , git id=9325b9c29ad62a733df16f540968e33ee6c78260                       
rep0_fep_013_0.740.en   1      1899  0.740000  -338.12  -150.98     5.18    -2.78     0.11  -185.06    -4.59  -104.56    10.05   -35.60   -13.89   -44.90    -0.75     0.00
rep0_fep_013_0.740.en   2      1899  0.260000  -101.82   -40.00    15.01    -0.11     0.27   -74.08    -3.52   -22.86    10.92   -33.39   -13.78   -17.83    -0.66     0.61
--> Name of file number  15:                                                     
# Energy files from Qdyn, version: 5.10.17 , git id=9325b9c29ad62a733df16f540968e33ee6c78260                       
rep0_fep_014_0.720.en   1      1899  0.720000  -330.39  -149.08     5.11    -3.22     0.08  -179.84    -3.44  -104.82    13.00   -37.39   -14.76   -37.63    -1.68     0.00
rep0_fep_014_0.720.en   2      1899  0.280000  -150.46   -96.12    38.68    -1.02     0.20   -87.82    -4.81   -34.79    11.47   -33.81   -14.72   -19.22    -1.57     0.42
--> Name of file number  16:                                                     
# Energy files from Qdyn, version: 5.10.17 , git id=9325b9c29ad62a733df16f540968e33ee6c78260                       
rep0_fep_015_0.700.en   1      1899  0.700000  -320.79  -148.26     5.00    -2.72     0.11  -169.84    -5.06   -96.60    12.28   -36.77   -16.63   -36.47    -0.71     0.00
rep0_fep_015_0.700.en   2      1899  0.300000  -168.00   -95.08    24.23    -0.57     0.28   -91.10    -6.12   -33.78    10.97   -36.05   -16.50   -21.27    -0.59     0.35
--> Name of file number  17:                                                     
# Energy files from Qdyn, version: 5.10.17 , git id=9325b9c29ad62a733df16f540968e33ee6c78260                       
rep0_fep_016_0.680.en   1      1899  0.680000  -316.48  -148.43     5.26    -3.04     0.10  -166.05    -4.32   -94.92    12.99   -37.81   -16.20   -33.31    -1.12     0.00
rep0_fep_016_0.680.en   2      1899  0.320000  -177.76  -100.59    20.66    -0.62     0.25   -91.99    -5.68   -34.21    11.40   -36.60   -16.06   -21.18    -1.01     0.20
--> Name of file number  18:                                                     
# Energy files from Qdyn, version: 5.10.17 , git id=9325b9c29ad62a733df16f540968e33ee6c78260                       
rep0_fep_017_0.660.en   1      1899  0.660000  -310.32  -147.12     4.81    -3.05     0.11  -159.65    -5.42   -93.06    13.31   -37.02   -16.60   -29.57    -2.13     0.00
rep0_fep_017_0.660.en   2      1899  0.340000  -183.67  -102.60    16.29    -0.78     0.27   -89.74    -7.26   -33.93    11.30   -36.13   -16.52   -19.67    -2.04     0.15
--> Name of file number  19:                                                     
# Energy files from Qdyn, version: 5.10.17 , git id=9325b9c29ad62a733df16f540968e33ee6c78260                       
rep0_fep_018_0.640.en   1      1899  0.640000  -303.72  -145.19     5.51    -3.15     0.08  -156.30    -4.66   -90.28    13.39   -37.36   -15.79   -28.66    -2.27     0.00
rep0_fep_018_0.640.en   2      1899  0.360000  -187.82  -105.17    16.99    -0.74     0.20   -92.48    -6.77   -34.80    11.06   -38.04   -15.64   -19.64    -2.18     0.15
--> Name of file number  20:                                                     
# Energy files from Qdyn, version: 5.10.17 , git id=9325b9c29ad62a733df16f540968e33ee6c78260                       
rep0_fep_019_0.620.en   1      1899  0.620000  -302.59  -145.00     5.79    -3.09     0.10  -156.08    -4.32   -90.03    14.16   -36.31   -16.93   -29.74    -1.56     0.00
rep0_fep_019_0.620.en   2      1899  0.380000  -194.29  -108.63    14.22    -0.88     0.25   -92.50    -6.88   -35.13    11.41   -36.52   -16.83   -20.85    -1.45     0.12
--> Name of file number  21:                                                     
# Energy files from Qdyn, version: 5.10.17 , git id=9325b9c29ad62a733df16f540968e33ee6c78260                       
rep0_fep_020_0.600.en   1      1899  0.600000  -297.32  -143.03     6.68    -2.89     0.09  -154.96    -3.21   -89.00    14.84   -38.76   -16.48   -27.20    -1.57     0.00
rep0_fep_020_0.600.en   2      1899  0.400000  -199.47  -112.32    13.99    -0.71     0.22   -94.56    -6.17   -34.76    11.75   -38.86   -16.44   -20.94    -1.48     0.08
--> Name of file number  22:                                                     
# Energy files from Qdyn, version: 5.10.17 , git id=9325b9c29ad62a733df16f540968e33ee6c78260                       
rep0_fep_021_0.580.en   1      1899  0.580000  -294.41  -144.60     6.46    -3.38     0.06  -149.70    -3.25   -87.17    15.66   -37.93   -16.40   -24.60    -2.51     0.00
rep0_fep_021_0.580.en   2      1899  0.420000  -204.44  -117.50    12.27    -1.18     0.14   -91.64    -6.56   -36.15    12.07   -35.57   -16.23   -19.92    -2.40     0.03
--> Name of file number  23:                                                     
# Energy files from Qdyn, version: 5.10.17 , git id=9325b9c29ad62a733df16f540968e33ee6c78260                       
rep0_fep_022_0.560.en   1      1899  0.560000  -297.96  -144.05     6.07    -3.27     0.04  -154.07    -2.68   -86.49    16.48   -36.87   -16.76   -30.71    -2.41     0.00
rep0_fep_022_0.560.en   2      1899  0.440000  -212.80  -119.07     9.37    -1.67     0.10   -94.92    -6.64   -37.04    12.32   -36.99   -16.66   -20.89    -2.30     0.03
--> Name of file number  24:                                                     
# Energy files from Qdyn, version: 5.10.17 , git id=9325b9c29ad62a733df16f540968e33ee6c78260                       
rep0_fep_023_0.540.en   1      1899  0.540000  -291.42  -141.32     6.35    -2.73     0.07  -151.95    -1.83   -84.45    17.12   -37.28   -16.70   -30.22    -2.26     0.00
rep0_fep_023_0.540.en   2      1899  0.460000  -217.00  -124.55     9.49    -1.27     0.16   -94.53    -6.31   -36.62    12.43   -38.33   -16.59   -19.58    -2.15     0.02
--> Name of file number  25:                                                     
# Energy files from Qdyn, version: 5.10.17 , git id=9325b9c29ad62a733df16f540968e33ee6c78260                       
rep0_fep_024_0.520.en   1      1899  0.520000  -287.16  -140.25     6.54    -2.96     0.06  -148.83    -1.71   -83.05    17.51   -36.99   -17.11   -28.79    -2.11     0.00
rep0_fep_024_0.520.en   2      1899  0.480000  -222.41  -126.02     8.68    -1.68     0.15   -96.83    -6.70   -36.41    12.32   -39.50   -17.00   -20.93    -2.02     0.01
--> Name of file number  26:                                                     
# Energy files from Qdyn, version: 5.10.17 , git id=9325b9c29ad62a733df16f540968e33ee6c78260                       
rep0_fep_025_0.500.en   1      1899  0.500000  -278.66  -136.31     6.18    -2.62     0.10  -146.04     0.04   -84.00    18.81   -36.34   -17.13   -25.70    -1.65     0.00
rep0_fep_025_0.500.en   2      1899  0.500000  -222.48  -130.56     8.19    -0.94     0.24   -93.62    -5.79   -36.70    12.84   -37.48   -17.05   -19.44    -1.58     0.00
--> Name of file number  27:                                                     
# Energy files from Qdyn, version: 5.10.17 , git id=9325b9c29ad62a733df16f540968e33ee6c78260                       
rep0_fep_026_0.480.en   1      1899  0.480000  -242.78   -75.87     6.50    -3.31     0.08  -179.64     8.65  -114.67    27.93   -37.47   -17.13   -27.49    -2.14     0.81
rep0_fep_026_0.480.en   2      1899  0.520000  -263.43  -158.11     8.13    -1.95     0.19  -101.64   -10.86   -40.63     8.25   -39.36   -17.04   -21.65    -2.07     0.81
--> Name of file number  28:                                                     
# Energy files from Qdyn, version: 5.10.17 , git id=9325b9c29ad62a733df16f540968e33ee6c78260                       
rep0_fep_027_0.460.en   1      1899  0.460000  -222.88   -50.23     6.50    -3.66     0.07  -190.80    13.57  -127.71    32.54   -38.08   -16.52   -25.02    -2.45     1.68
rep0_fep_027_0.460.en   2      1899  0.540000  -281.82  -168.29     8.81    -2.35     0.17  -108.41   -13.42   -45.41     5.47   -41.81   -16.50   -21.19    -2.38     1.68
--> Name of file number  29:                                                     
# Energy files from Qdyn, version: 5.10.17 , git id=9325b9c29ad62a733df16f540968e33ee6c78260                       
rep0_fep_028_0.440.en   1      1899  0.440000  -217.49   -48.52     6.20    -3.58     0.07  -188.17    14.73  -124.54    33.09   -40.35   -16.18   -23.29    -2.18     1.78
rep0_fep_028_0.440.en   2      1899  0.560000  -286.57  -169.15     6.88    -2.43     0.19  -110.28   -13.56   -45.35     4.73   -43.46   -16.22   -21.47    -2.08     1.78
--> Name of file number  30:                                                     
# Energy files from Qdyn, version: 5.10.17 , git id=9325b9c29ad62a733df16f540968e33ee6c78260                       
rep0_fep_029_0.420.en   1      1899  0.420000  -215.86   -45.58     6.41    -3.70     0.06  -190.11    15.17  -122.55    33.89   -41.49   -16.54   -26.06    -2.18     1.88
rep0_fep_029_0.420.en   2      1899  0.580000  -290.39  -170.36     6.65    -2.57     0.16  -111.36   -14.79   -46.39     3.84   -42.29   -16.54   -22.68    -2.09     1.88
--> Name of file number  31:                                                     
# Energy files from Qdyn, version: 5.10.17 , git id=9325b9c29ad62a733df16f540968e33ee6c78260                       
rep0_fep_030_0.400.en   1      1899  0.400000  -208.36   -45.10     6.33    -3.88     0.05  -185.93    18.16  -121.53    35.53   -43.43   -15.67   -20.98    -1.70     2.02
rep0_fep_030_0.400.en   2      1899  0.600000  -293.51  -170.48     4.95    -2.71     0.12  -114.07   -13.34   -47.44     4.00   -46.43   -15.72   -20.19    -1.62     2.02
--> Name of file number  32:                                                     
# Energy files from Qdyn, version: 5.10.17 , git id=9325b9c29ad62a733df16f540968e33ee6c78260                       
rep0_fep_031_0.380.en   1      1899  0.380000  -203.49   -46.74     6.62    -3.64     0.06  -179.56    18.02  -121.54    36.47   -38.29   -16.56   -19.72    -1.89     1.75
rep0_fep_031_0.380.en   2      1899  0.620000  -292.02  -172.32     6.24    -2.48     0.15  -111.06   -14.28   -47.55     3.97   -44.33   -16.42   -19.18    -1.84     1.75
--> Name of file number  33:                                                     
# Energy files from Qdyn, version: 5.10.17 , git id=9325b9c29ad62a733df16f540968e33ee6c78260                       
rep0_fep_032_0.360.en   1      1899  0.360000  -197.98   -41.22     7.54    -3.60     0.05  -181.89    18.95  -121.95    37.89   -37.99   -17.13   -21.95    -1.81     2.18
rep0_fep_032_0.360.en   2      1899  0.640000  -295.22  -172.81     5.98    -2.52     0.13  -112.71   -15.46   -48.97     3.34   -42.54   -17.07   -21.20    -1.74     2.18
--> Name of file number  34:                                                     
# Energy files from Qdyn, version: 5.10.17 , git id=9325b9c29ad62a733df16f540968e33ee6c78260                       
rep0_fep_033_0.340.en   1      1899  0.340000  -186.96   -39.91     8.53    -3.29     0.03  -175.28    20.75  -118.89    38.90   -38.35   -16.28   -18.05    -1.87     2.20
rep0_fep_033_0.340.en   2      1899  0.660000  -295.97  -173.55     5.95    -2.69     0.08  -113.33   -14.64   -49.61     3.41   -43.92   -16.24   -19.80    -1.82     2.20
--> Name of file number  35:                                                     
# Energy files from Qdyn, version: 5.10.17 , git id=9325b9c29ad62a733df16f540968e33ee6c78260                       
rep0_fep_034_0.320.en   1      1899  0.320000  -188.54   -39.57     8.37    -3.58     0.04  -178.46    22.37  -118.66    41.00   -39.91   -16.51   -19.89    -2.11     2.28
rep0_fep_034_0.320.en   2      1899  0.680000  -301.32  -174.53     5.14    -2.64     0.11  -116.35   -15.33   -50.60     3.33   -45.33   -16.61   -20.42    -2.05     2.28
--> Name of file number  36:                                                     
# Energy files from Qdyn, version: 5.10.17 , git id=9325b9c29ad62a733df16f540968e33ee6c78260                       
rep0_fep_035_0.300.en   1      1899  0.300000  -182.15   -36.67     7.86    -3.27     0.04  -175.15    22.65  -115.32    41.53   -38.99   -16.59   -20.84    -2.29     2.41
rep0_fep_035_0.300.en   2      1899  0.700000  -305.95  -174.86     4.53    -2.76     0.09  -118.89   -16.47   -51.65     2.34   -46.00   -16.59   -21.24    -2.22     2.41
--> Name of file number  37:                                                     
# Energy files from Qdyn, version: 5.10.17 , git id=9325b9c29ad62a733df16f540968e33ee6c78260                       
rep0_fep_036_0.280.en   1      1899  0.280000  -178.98   -36.67     9.40    -3.40     0.02  -175.20    24.60  -115.10    43.34   -39.75   -16.43   -20.35    -2.31     2.28
rep0_fep_036_0.280.en   2      1899  0.720000  -305.05  -175.16     5.33    -2.96     0.05  -118.32   -16.26   -52.09     2.46   -46.11   -16.48   -20.12    -2.24     2.28
--> Name of file number  38:                                                     
# Energy files from Qdyn, version: 5.10.17 , git id=9325b9c29ad62a733df16f540968e33ee6c78260                       
rep0_fep_037_0.260.en   1      1899  0.260000  -170.62   -34.04     9.07    -3.82     0.03  -170.69    25.96  -117.25    45.76   -40.24   -16.91   -13.21    -2.89     2.87
rep0_fep_037_0.260.en   2      1899  0.740000  -309.66  -176.96     4.62    -2.85     0.06  -119.55   -17.86   -54.17     1.97   -46.89   -17.01   -18.48    -2.81     2.87
--> Name of file number  39:                                                     
# Energy files from Qdyn, version: 5.10.17 , git id=9325b9c29ad62a733df16f540968e33ee6c78260                       
rep0_fep_038_0.240.en   1      1899  0.240000  -171.48   -32.88     9.55    -3.66     0.03  -177.34    29.91  -119.21    48.77   -39.37   -16.33   -18.76    -2.52     2.90
rep0_fep_038_0.240.en   2      1899  0.760000  -309.63  -177.42     4.51    -2.91     0.06  -120.03   -16.73   -54.88     2.15   -45.16   -16.45   -19.98    -2.44     2.90
--> Name of file number  40:                                                     
# Energy files from Qdyn, version: 5.10.17 , git id=9325b9c29ad62a733df16f540968e33ee6c78260                       
rep0_fep_039_0.220.en   1      1899  0.220000  -167.58   -34.94     9.68    -3.73     0.03  -172.12    30.67  -117.78    50.92   -39.06   -17.16   -15.27    -3.09     2.83
rep0_fep_039_0.220.en   2      1899  0.780000  -312.79  -178.20     3.84    -2.95     0.07  -119.99   -18.38   -55.15     1.89   -47.42   -17.24   -17.43    -3.03     2.83
--> Name of file number  41:                                                     
# Energy files from Qdyn, version: 5.10.17 , git id=9325b9c29ad62a733df16f540968e33ee6c78260                       
rep0_fep_040_0.200.en   1      1899  0.200000  -155.06   -31.09    10.51    -3.82     0.02  -168.04    34.05  -118.77    54.06   -37.43   -17.34   -11.83    -2.67     3.30
rep0_fep_040_0.200.en   2      1899  0.800000  -313.99  -177.99     3.94    -2.77     0.06  -122.26   -18.26   -56.49     1.78   -47.00   -17.44   -18.77    -2.60     3.30
--> Name of file number  42:                                                     
# Energy files from Qdyn, version: 5.10.17 , git id=9325b9c29ad62a733df16f540968e33ee6c78260                       
rep0_fep_041_0.180.en   1      1899  0.180000  -147.68   -29.93    10.63    -3.83     0.02  -164.98    36.81  -115.83    56.99   -37.42   -17.41   -11.73    -2.77     3.61
rep0_fep_041_0.180.en   2      1899  0.820000  -314.43  -178.94     4.56    -2.89     0.05  -121.80   -19.01   -58.38     1.22   -46.48   -17.53   -16.94    -2.70     3.61
--> Name of file number  43:                                                     
# Energy files from Qdyn, version: 5.10.17 , git id=9325b9c29ad62a733df16f540968e33ee6c78260                       
rep0_fep_042_0.160.en   1      1899  0.160000  -143.27   -31.90    13.01    -3.61     0.03  -165.85    41.81  -114.89    61.37   -40.89   -16.54   -10.07    -3.02     3.24
rep0_fep_042_0.160.en   2      1899  0.840000  -315.56  -179.01     4.20    -2.99     0.08  -123.25   -17.83   -58.53     1.88   -47.56   -16.76   -17.16    -2.95     3.24
--> Name of file number  44:                                                     
# Energy files from Qdyn, version: 5.10.17 , git id=9325b9c29ad62a733df16f540968e33ee6c78260                       
rep0_fep_043_0.140.en   1      1899  0.140000  -133.00   -30.36    11.87    -3.14     0.02  -161.37    46.73  -114.34    66.57   -40.05   -16.59    -6.97    -3.25     3.24
rep0_fep_043_0.140.en   2      1899  0.860000  -318.53  -179.40     3.54    -3.20     0.06  -124.34   -18.44   -59.65     1.53   -48.61   -16.78   -16.07    -3.19     3.24
--> Name of file number  45:                                                     
# Energy files from Qdyn, version: 5.10.17 , git id=9325b9c29ad62a733df16f540968e33ee6c78260                       
rep0_fep_044_0.120.en   1      1899  0.120000  -121.88   -28.49    14.21    -3.45     0.02  -160.24    52.27  -113.11    72.27   -38.49   -17.18    -8.64    -2.82     3.79
rep0_fep_044_0.120.en   2      1899  0.880000  -319.76  -178.80     3.49    -2.82     0.05  -127.60   -17.88   -62.13     2.28   -47.15   -17.43   -18.31    -2.74     3.79
--> Name of file number  46:                                                     
# Energy files from Qdyn, version: 5.10.17 , git id=9325b9c29ad62a733df16f540968e33ee6c78260                       
rep0_fep_045_0.100.en   1      1899  0.100000   -36.41   -46.25    84.42    -3.34     0.02  -139.90    66.54   -85.20    86.86   -37.04   -17.66   -17.66    -2.66     2.11
rep0_fep_045_0.100.en   2      1899  0.900000  -333.06  -177.80     4.63    -0.62     0.06  -147.31   -14.13   -84.23     6.34   -46.14   -17.89   -16.95    -2.58     2.11
--> Name of file number  47:                                                     
# Energy files from Qdyn, version: 5.10.17 , git id=9325b9c29ad62a733df16f540968e33ee6c78260                       
rep0_fep_046_0.080.en   1      1899  0.080000   -11.08   -44.57    92.99    -3.17     0.03  -140.25    81.62   -82.38   101.40   -35.93   -17.95   -21.95    -1.83     2.27
rep0_fep_046_0.080.en   2      1899  0.920000  -336.78  -177.62     4.10    -1.05     0.06  -151.81   -12.72   -86.40     7.06   -44.82   -18.06   -20.60    -1.72     2.27
--> Name of file number  48:                                                     
# Energy files from Qdyn, version: 5.10.17 , git id=9325b9c29ad62a733df16f540968e33ee6c78260                       
rep0_fep_047_0.060.en   1      1899  0.060000    26.72   -42.75    94.22    -2.88     0.05  -136.28   111.48   -84.90   131.77   -36.67   -17.28   -14.71    -3.01     2.89
rep0_fep_047_0.060.en   2      1899  0.940000  -334.99  -177.75     4.97    -1.57     0.11  -150.34   -13.30   -89.16     6.99   -43.89   -17.35   -17.30    -2.93     2.89
--> Name of file number  49:                                                     
# Energy files from Qdyn, version: 5.10.17 , git id=9325b9c29ad62a733df16f540968e33ee6c78260                       
rep0_fep_048_0.040.en   1      1899  0.040000   115.99   -40.02   102.50    -1.92     0.04  -132.85   184.55   -72.91   202.85   -36.07   -16.53   -23.87    -1.78     3.68
rep0_fep_048_0.040.en   2      1899  0.960000  -343.96  -177.24     4.99    -1.97     0.10  -162.46   -11.05   -98.19     7.46   -47.13   -16.84   -17.14    -1.67     3.68
--> Name of file number  50:                                                     
# Energy files from Qdyn, version: 5.10.17 , git id=9325b9c29ad62a733df16f540968e33ee6c78260                       
rep0_fep_049_0.020.en   1      1899  0.020000   297.85   -40.92    98.90    -2.56     0.02  -133.08   372.67   -82.17   393.09   -37.61   -17.39   -13.30    -3.03     2.83
rep0_fep_049_0.020.en   2      1899  0.980000  -347.47  -176.77     4.88    -1.76     0.05  -164.17   -12.52  -102.16     8.04   -47.08   -17.63   -14.92    -2.94     2.83


# Part 1: Free energy perturbation summary:

# Calculation for full system
# lambda(1)      dGf sum(dGf)      dGr sum(dGr)     <dG>
   1.000000     0.000     0.000    -5.263    26.274     0.000
   0.980000     5.408     5.408    -5.225    31.537     5.336
   0.960000     5.167    10.575    -5.135    36.762    10.532
   0.940000     5.157    15.733    -5.050    41.897    15.678
   0.920000     5.061    20.793    -4.916    46.947    20.733
   0.900000     4.962    25.755    -4.819    51.862    25.672
   0.880000     4.842    30.597    -4.758    56.682    30.503
   0.860000     4.750    35.347    -4.574    61.440    35.257
   0.840000     4.714    40.061    -4.511    66.014    39.900
   0.820000     4.536    44.597    -4.518    70.524    44.424
   0.800000     4.466    49.063    -4.393    75.042    48.916
   0.780000     4.472    53.535    -4.314    79.435    53.348
   0.760000     4.336    57.870    -3.859    83.749    57.673
   0.740000     4.249    62.119    -2.839    87.608    61.727
   0.720000     3.548    65.667    -2.176    90.448    64.920
   0.700000     2.406    68.072    -1.871    92.624    67.211
   0.680000     1.948    70.020    -1.604    94.495    69.121
   0.660000     1.688    71.708    -1.435    96.099    70.766
   0.640000     1.461    73.168    -1.251    97.533    72.214
   0.620000     1.213    74.381    -1.059    98.784    73.446
   0.600000     1.082    75.463    -0.874    99.843    74.517
   0.580000     0.856    76.319    -0.761   100.717    75.381
   0.560000     0.721    77.040    -0.567   101.478    76.122
   0.540000     0.646    77.687    -0.355   102.045    76.729
   0.520000     0.407    78.093    -0.192   102.400    77.110
   0.500000     0.225    78.319     0.694   102.592    77.318
   0.480000     0.052    78.370     2.097   101.898    76.997
   0.460000    -1.806    76.565     2.333    99.801    75.046
   0.440000    -2.254    74.310     2.451    97.468    72.752
   0.420000    -2.429    71.881     2.624    95.017    70.312
   0.400000    -2.529    69.352     2.700    92.394    67.736
   0.380000    -2.787    66.566     2.860    89.694    64.993
   0.360000    -2.842    63.723     3.084    86.834    62.142
   0.340000    -3.034    60.690     3.201    83.749    59.083
   0.320000    -3.267    57.423     3.381    80.548    55.849
   0.300000    -3.313    54.110     3.457    77.167    52.502
   0.280000    -3.562    50.548     3.732    73.710    48.992
   0.260000    -3.583    46.965     3.720    69.978    45.335
   0.240000    -3.828    43.137     3.869    66.258    41.561
   0.220000    -3.807    39.330     4.139    62.389    37.723
   0.200000    -3.938    35.392     4.281    58.250    33.684
   0.180000    -4.217    31.175     4.367    53.969    29.435
   0.160000    -4.391    26.784     4.644    49.602    25.056
   0.140000    -4.531    22.252     4.864    44.958    20.468
   0.120000    -4.784    17.469     6.664    40.094    15.645
   0.100000    -5.062    12.407     7.000    33.430     9.782
   0.080000    -7.293     5.114     7.480    26.430     2.635
   0.060000    -8.455    -3.341     8.901    18.950    -5.332
   0.040000    -9.751   -13.092    10.049    10.049   -14.658
   0.020000   -12.612   -25.703     0.000     0.000   -25.988

# Min energy-gap is:   -314.09
# Max energy-gap is:   1457.10



# Part 2: Reaction free energy summary:
# Lambda(1)  bin Energy gap      dGa     dGb     dGg    # pts    c1**2    c2**2
   1.000000    1    -296.38       0.00     280.75     -28.56    776     0.919     0.081
   1.000000    2    -260.96       0.00     246.69     -31.26   1098     0.905     0.095
   1.000000    3    -225.53       0.00     240.86     -32.89     25     0.893     0.107
   0.980000    1    -296.38      -0.39     280.54     -29.14    155     0.916     0.084
   0.980000    2    -260.96       0.12     246.66     -31.27   1649     0.903     0.097
   0.980000    3    -225.53       0.56     231.56     -32.73     95     0.891     0.109
   0.960000    1    -296.38      -0.73     278.92     -29.81     42     0.914     0.086
   0.960000    2    -260.96       0.02     246.82     -31.07   1746     0.904     0.096
   0.960000    3    -225.53       0.92     236.84     -32.14    111     0.892     0.108
   0.940000    2    -260.96       0.03     246.87     -31.12   1679     0.902     0.098
   0.940000    3    -225.53       1.42     221.17     -32.14    214     0.889     0.111
   0.920000    2    -260.96      -0.09     246.62     -31.20   1414     0.901     0.099
   0.920000    3    -225.53       1.73     226.12     -31.69    480     0.889     0.111
   0.900000    2    -260.96      -0.05     246.48     -31.34   1002     0.899     0.101
   0.900000    3    -225.53       1.93     218.52     -31.45    897     0.889     0.111
   0.880000    2    -260.96      -0.02     246.20     -31.52    668     0.898     0.102
   0.880000    3    -225.53       2.13     221.95     -31.30   1231     0.888     0.112
   0.860000    2    -260.96       0.57     245.68     -31.64    473     0.896     0.104
   0.860000    3    -225.53       2.05     222.04     -31.24   1426     0.888     0.112
   0.840000    2    -260.96       0.41     245.49     -31.90     44     0.896     0.104
   0.840000    3    -225.53       2.64     219.81     -31.04   1855     0.883     0.117
   0.820000    2    -260.96       0.07     244.95     -32.27     41     0.896     0.104
   0.820000    3    -225.53       2.67     217.88     -30.98   1823     0.881     0.119
   0.820000    4    -190.11       7.39     212.05     -29.76     35     0.867     0.133
   0.800000    2    -260.96      -0.72     244.55     -32.85     27     0.896     0.104
   0.800000    3    -225.53       2.40     218.23     -31.16   1841     0.882     0.118
   0.800000    4    -190.11       7.63     213.49     -29.43     31     0.868     0.132
   0.780000    3    -225.53       2.77     217.81     -30.99   1599     0.879     0.121
   0.780000    4    -190.11       8.22     208.40     -28.97    300     0.866     0.134
   0.760000    3    -225.53       2.74     217.53     -30.98   1412     0.877     0.123
   0.760000    4    -190.11       8.58     201.76     -28.62    480     0.864     0.136
   0.740000    3    -225.53       3.61     217.07     -30.73    287     0.874     0.126
   0.740000    4    -190.11       9.42     191.79     -28.03   1131     0.855     0.145
   0.740000    5    -154.69      18.31     165.86     -24.36    445     0.820     0.180
   0.740000    6    -119.26      27.35     148.17     -22.10     36     0.775     0.225
   0.720000    4    -190.11       9.40     190.63     -27.87    119     0.844     0.156
   0.720000    5    -154.69      18.62     165.51     -24.09    574     0.811     0.189
   0.720000    6    -119.26      28.26     140.39     -21.29    938     0.766     0.234
   0.720000    7     -83.84      37.69     124.67     -20.42    259     0.719     0.281
   0.700000    5    -154.69      22.26     164.89     -23.39    102     0.801     0.199
   0.700000    6    -119.26      28.66     140.18     -21.16    872     0.757     0.243
   0.700000    7     -83.84      38.13     116.72     -19.97    907     0.710     0.290
   0.700000    8     -48.41      48.06     108.01     -20.36     18     0.654     0.346
   0.680000    5    -154.69      21.27     165.48     -24.72     12     0.806     0.194
   0.680000    6    -119.26      28.66     139.73     -21.23    393     0.751     0.249
   0.680000    7     -83.84      38.48     116.53     -19.80   1344     0.704     0.296
   0.680000    8     -48.41      48.91     105.56     -19.71    150     0.652     0.348
   0.660000    6    -119.26      31.20     139.14     -21.68     64     0.749     0.251
   0.660000    7     -83.84      38.82     116.56     -19.76   1384     0.697     0.303
   0.660000    8     -48.41      49.39      97.96     -19.38    451     0.643     0.357
   0.640000    6    -119.26      31.59     138.35     -22.16     44     0.746     0.254
   0.640000    7     -83.84      37.87     116.41     -20.16    830     0.695     0.305
   0.640000    8     -48.41      50.06      95.10     -19.11   1004     0.633     0.367
   0.640000    9     -12.99      61.87      86.37     -20.07     21     0.569     0.431
   0.620000    7     -83.84      37.84     116.07     -20.31    595     0.687     0.313
   0.620000    8     -48.41      50.19      95.31     -18.91   1238     0.630     0.370
   0.620000    9     -12.99      62.72      81.59     -19.60     66     0.564     0.436
   0.600000    7     -83.84      36.88     115.67     -20.91    288     0.682     0.318
   0.600000    8     -48.41      50.11      95.20     -18.86   1256     0.624     0.376
   0.600000    9     -12.99      63.48      77.18     -19.13    355     0.559     0.441
   0.580000    7     -83.84      43.25     115.21     -20.65     68     0.678     0.322
   0.580000    8     -48.41      50.34      95.28     -18.88   1327     0.616     0.384
   0.580000    9     -12.99      63.86      75.64     -18.73    504     0.554     0.446
   0.560000    8     -48.41      49.75      95.07     -19.09   1171     0.611     0.389
   0.560000    9     -12.99      64.04      81.28     -18.25    722     0.557     0.443
   0.540000    8     -48.41      50.70      94.85     -19.23    694     0.603     0.397
   0.540000    9     -12.99      64.46      76.96     -18.09   1133     0.544     0.456
   0.540000   10      22.43      79.68      69.03     -18.79     72     0.478     0.522
   0.520000    8     -48.41      55.24      94.12     -19.02    223     0.592     0.408
   0.520000    9     -12.99      64.46      77.11     -18.02   1531     0.538     0.462
   0.520000   10      22.43      80.65      63.02     -18.81    145     0.462     0.538
   0.500000    8     -48.41      57.52      93.91     -19.47     69     0.593     0.407
   0.500000    9     -12.99      64.51      76.74     -18.05   1397     0.527     0.473
   0.500000   10      22.43      80.82      60.70     -18.06    424     0.469     0.531
   0.480000    9     -12.99      64.08      76.89     -18.57    287     0.526     0.474
   0.480000   10      22.43      81.42      59.91     -18.45    154     0.444     0.556
   0.480000   11      57.86     100.21      42.12     -22.87    256     0.343     0.657
   0.480000   12      93.28     118.46      25.85     -29.16    930     0.281     0.719
   0.480000   13     128.71     136.02      14.39     -34.75    266     0.236     0.764
   0.460000   11      57.86     110.67      41.47     -23.58     38     0.328     0.672
   0.460000   12      93.28     119.00      25.60     -29.38    974     0.270     0.730
   0.460000   13     128.71     136.66      11.35     -35.93    880     0.231     0.769
   0.440000   12      93.28     123.81      25.23     -29.73    477     0.262     0.738
   0.440000   13     128.71     137.01      11.46     -35.80   1405     0.227     0.773
   0.440000   14     164.13     155.44       6.68     -39.16     17     0.192     0.808
   0.420000   12      93.28     127.08      24.76     -30.20    212     0.258     0.742
   0.420000   13     128.71     136.99      11.70     -35.65   1659     0.223     0.777
   0.420000   14     164.13     156.35       4.87     -39.74     28     0.189     0.811
   0.400000   12      93.28     124.58      24.52     -30.48     86     0.261     0.739
   0.400000   13     128.71     136.99      11.17     -36.01   1351     0.218     0.782
   0.400000   14     164.13     157.07      -0.74     -42.20    458     0.183     0.817
   0.380000   12      93.28     128.48      23.79     -31.26     58     0.255     0.745
   0.380000   13     128.71     136.75      11.04     -36.13   1283     0.214     0.786
   0.380000   14     164.13     157.29      -0.57     -41.61    555     0.183     0.817
   0.360000   12      93.28     132.12      22.56     -32.21     11     0.250     0.750
   0.360000   13     128.71     136.57      11.00     -36.20    909     0.212     0.788
   0.360000   14     164.13     157.73      -0.72     -41.70    945     0.179     0.821
   0.360000   15     199.55     179.61      -6.40     -45.42     34     0.150     0.850
   0.340000   13     128.71     136.97      10.53     -36.63    402     0.209     0.791
   0.340000   14     164.13     157.96      -0.74     -41.75   1349     0.175     0.825
   0.340000   15     199.55     180.25      -6.68     -45.05    140     0.149     0.851
   0.320000   13     128.71     147.97       9.71     -37.36    216     0.200     0.800
   0.320000   14     164.13     157.67      -0.25     -41.32   1520     0.175     0.825
   0.320000   15     199.55     180.91      -5.32     -44.19    163     0.149     0.851
   0.300000   13     128.71     141.47       9.56     -37.62    118     0.206     0.794
   0.300000   14     164.13     157.70      -0.55     -41.58   1190     0.169     0.831
   0.300000   15     199.55     181.47      -9.22     -45.61    588     0.145     0.855
   0.280000   13     128.71     146.91       8.61     -38.47     31     0.200     0.800
   0.280000   14     164.13     157.35      -0.50     -41.55   1172     0.168     0.832
   0.280000   15     199.55     181.46      -8.13     -44.65    694     0.147     0.853
   0.260000   14     164.13     160.59      -0.99     -41.97    496     0.162     0.838
   0.260000   15     199.55     181.90      -8.44     -44.86   1396     0.143     0.857
   0.240000   14     164.13     158.88      -1.26     -42.26    542     0.161     0.839
   0.240000   15     199.55     181.68      -7.72     -44.34   1344     0.144     0.856
   0.240000   16     234.98     207.93     -13.40     -47.52     13     0.118     0.882
   0.220000   14     164.13     168.89      -1.53     -42.56    187     0.160     0.840
   0.220000   15     199.55     182.33      -7.82     -44.37   1690     0.140     0.860
   0.220000   16     234.98     208.30     -10.64     -45.99     22     0.122     0.878
   0.200000   14     164.13     175.68      -2.06     -43.11     17     0.158     0.842
   0.200000   15     199.55     183.04      -8.55     -44.80   1467     0.133     0.867
   0.200000   16     234.98     208.83     -12.26     -46.13    415     0.119     0.881
   0.180000   15     199.55     182.98      -8.70     -44.94   1017     0.131     0.869
   0.180000   16     234.98     209.36     -13.52     -46.28    870     0.116     0.884
   0.160000   15     199.55     185.39      -8.75     -45.10    749     0.132     0.868
   0.160000   16     234.98     209.73     -13.58     -46.16   1095     0.114     0.886
   0.160000   17     270.40     238.94     -16.94     -47.60     55     0.097     0.903
   0.140000   15     199.55     193.38      -9.41     -45.56    169     0.128     0.872
   0.140000   16     234.98     209.93     -13.48     -46.10   1497     0.112     0.888
   0.140000   17     270.40     239.44     -17.20     -47.10    233     0.096     0.904
   0.120000   15     199.55     196.19     -10.05     -46.13     66     0.127     0.873
   0.120000   16     234.98     209.78     -13.73     -46.23   1112     0.109     0.891
   0.120000   17     270.40     239.81     -17.02     -46.74    702     0.094     0.906
   0.120000   18     305.83     270.97     -21.61     -48.17     19     0.077     0.923
   0.100000   17     270.40     255.38     -18.38     -47.41     20     0.086     0.914
   0.100000   18     305.83     271.88     -21.79     -48.09    416     0.074     0.926
   0.100000   19     341.25     303.40     -25.04     -49.14    861     0.063     0.937
   0.100000   20     376.67     334.90     -28.33     -50.52    475     0.055     0.945
   0.100000   21     412.10     366.79     -31.77     -52.30    109     0.047     0.953
   0.100000   22     447.52     398.13     -35.23     -54.28     18     0.041     0.959
   0.080000   18     305.83     271.54     -22.65     -48.99    213     0.073     0.927
   0.080000   19     341.25     302.84     -25.21     -49.39    603     0.063     0.937
   0.080000   20     376.67     335.17     -27.85     -50.12    506     0.054     0.946
   0.080000   21     412.10     367.63     -30.74     -51.25    294     0.046     0.954
   0.080000   22     447.52     400.71     -33.55     -52.59    188     0.040     0.960
   0.080000   23     482.94     433.41     -36.27     -54.07     71     0.035     0.965
   0.080000   24     518.37     465.13     -38.31     -55.34     18     0.032     0.968
   0.060000   18     305.83     273.97     -24.43     -50.67     30     0.071     0.929
   0.060000   19     341.25     301.24     -26.28     -50.48    325     0.062     0.938
   0.060000   20     376.67     334.32     -28.22     -50.55    541     0.054     0.946
   0.060000   21     412.10     367.45     -30.25     -50.91    372     0.046     0.954
   0.060000   22     447.52     400.69     -32.41     -51.53    248     0.040     0.960
   0.060000   23     482.94     434.12     -34.53     -52.36    187     0.035     0.965
   0.060000   24     518.37     467.32     -36.61     -53.32    125     0.031     0.969
   0.060000   25     553.79     500.76     -38.76     -54.43     50     0.027     0.973
   0.060000   26     589.22     534.55     -40.65     -55.56     12     0.024     0.976
   0.040000   19     341.25     309.65     -28.66     -52.85     10     0.061     0.939
   0.040000   20     376.67     332.62     -29.98     -52.31     77     0.053     0.947
   0.040000   21     412.10     366.77     -31.36     -51.99    165     0.046     0.954
   0.040000   22     447.52     400.35     -32.73     -51.90    308     0.040     0.960
   0.040000   23     482.94     434.40     -34.11     -52.00    354     0.035     0.965
   0.040000   24     518.37     468.63     -35.53     -52.27    324     0.031     0.969
   0.040000   25     553.79     502.12     -36.87     -52.65    275     0.027     0.973
   0.040000   26     589.22     536.76     -38.29     -53.16    196     0.024     0.976
   0.040000   27     624.64     570.16     -39.70     -53.76    108     0.022     0.978
   0.040000   28     660.06     604.52     -41.03     -54.42     45     0.020     0.980
   0.040000   29     695.49     638.47     -42.49     -55.20     24     0.018     0.982
   0.020000   21     412.10     366.95     -34.34     -55.04     36     0.045     0.955
   0.020000   22     447.52     398.41     -35.02     -54.26     99     0.039     0.961
   0.020000   23     482.94     433.13     -35.69     -53.68    126     0.035     0.965
   0.020000   24     518.37     467.18     -36.41     -53.22    145     0.030     0.970
   0.020000   25     553.79     501.48     -37.09     -52.92    140     0.027     0.973
   0.020000   26     589.22     536.29     -37.81     -52.72    136     0.024     0.976
   0.020000   27     624.64     571.07     -38.52     -52.61    158     0.022     0.978
   0.020000   28     660.06     605.91     -39.21     -52.59    149     0.020     0.980
   0.020000   29     695.49     640.70     -39.93     -52.64    145     0.018     0.982
   0.020000   30     730.91     675.10     -40.63     -52.75    116     0.016     0.984
   0.020000   31     766.34     710.12     -41.34     -52.92    117     0.015     0.985
   0.020000   32     801.76     744.99     -42.04     -53.13     88     0.014     0.986
   0.020000   33     837.18     779.23     -42.73     -53.37     85     0.012     0.988
   0.020000   34     872.61     814.09     -43.47     -53.67     75     0.011     0.989
   0.020000   35     908.03     849.15     -44.15     -53.97     46     0.011     0.989
   0.020000   36     943.46     884.43     -44.88     -54.33     51     0.010     0.990
   0.020000   37     978.88     917.91     -45.63     -54.73     41     0.009     0.991
   0.020000   38    1014.30     953.46     -46.33     -55.12     32     0.009     0.991
   0.020000   39    1049.73     990.21     -47.02     -55.53     28     0.008     0.992
   0.020000   40    1085.15    1023.42     -47.72     -55.96     17     0.007     0.993
   0.020000   41    1120.57    1057.11     -48.36     -56.36     24     0.007     0.993
   0.020000   42    1156.00    1091.63     -49.18     -56.90     13     0.007     0.993


# Part 3: Bin-averaged summary:
# bin  energy gap  <dGg> <dGg norm> pts  <c1**2> <c2**2> <r_xy>
   1   -296.38    -28.70     28.20        973    0.918    0.082    1.327
   2   -260.96    -31.25     25.65       9841    0.902    0.098    1.335
   3   -225.53    -31.17     25.74      13296    0.883    0.117    1.354
   4   -190.11    -28.34     28.57       2096    0.858    0.142    1.367
   5   -154.69    -24.14     32.76       1133    0.814    0.186    1.413
   6   -119.26    -21.27     35.63       2347    0.760    0.240    1.412
   7    -83.84    -20.02     36.88       5675    0.699    0.301    1.421
   8    -48.41    -19.04     37.87       7601    0.621    0.379    1.468
   9    -12.99    -18.24     38.66       6016    0.541    0.459    1.498
  10     22.43    -18.34     38.57        795    0.464    0.536    1.550
  11     57.86    -22.96     33.94        294    0.341    0.659    1.504
  12     93.28    -29.51     27.39       2748    0.271    0.729    1.511
  13    128.71    -35.99     20.91       8520    0.220    0.780    1.558
  14    164.13    -41.69     15.22       8476    0.173    0.827    1.636
  15    199.55    -44.77     12.14       9517    0.139    0.861    1.702
  16    234.98    -46.18     10.72       5024    0.113    0.887    1.708
  17    270.40    -46.88     10.02       1010    0.095    0.905    1.689
  18    305.83    -48.49      8.41        678    0.073    0.927    1.471
  19    341.25    -49.49      7.42       1799    0.063    0.937    1.476
  20    376.67    -50.49      6.41       1599    0.054    0.946    1.489
  21    412.10    -51.50      5.40        976    0.046    0.954    1.489
  22    447.52    -52.26      4.64        861    0.040    0.960    1.490
  23    482.94    -52.58      4.33        738    0.035    0.965    1.494
  24    518.37    -52.80      4.10        612    0.031    0.969    1.494
  25    553.79    -52.92      3.98        465    0.027    0.973    1.497
  26    589.22    -53.07      3.83        344    0.024    0.976    1.499
  27    624.64    -53.08      3.82        266    0.022    0.978    1.496
  28    660.06    -53.02      3.89        194    0.020    0.980    1.494
  29    695.49    -53.01      3.90        169    0.018    0.982    1.491
  30    730.91    -52.75      4.15        116    0.016    0.984    1.489
  31    766.34    -52.92      3.98        117    0.015    0.985    1.493
  32    801.76    -53.13      3.78         88    0.014    0.986    1.484
  33    837.18    -53.37      3.53         85    0.012    0.988    1.494
  34    872.61    -53.67      3.23         75    0.011    0.989    1.488
  35    908.03    -53.97      2.93         46    0.011    0.989    1.492
  36    943.46    -54.33      2.57         51    0.010    0.990    1.481
  37    978.88    -54.73      2.17         41    0.009    0.991    1.491
  38   1014.30    -55.12      1.78         32    0.009    0.991    1.487
  39   1049.73    -55.53      1.38         28    0.008    0.992    1.479
  40   1085.15    -55.96      0.95         17    0.007    0.993    1.472
  41   1120.57    -56.36      0.54         24    0.007    0.993    1.497
  42   1156.00    -56.90      0.00         13    0.007    0.993    1.495
