
Build and version information

Build number 5.10.22
Build date   20240304
Built:       
      by     nayanika
      on     nayanika-HP-Pavilion-Gaming-Laptop-15-ec0xxx
      git id 9325b9c29ad62a733df16f540968e33ee6c78260
      with   GNU Fortran Ubuntu 9.4.0-1ubuntu1~20.04.2 9.4.0
Current date 2024- 3- 6 and time 12: 6: 5

----------------------- Reading input from relax_001.inp ----------------------
Boundary: sphere
Number of MD steps =       100  Stepsize (fs)    =     0.100
Target temperature =      0.10  T-relax time     =      0.10
 No thermostat chosen. Berendsen thermostat will be used.
 Leap frog integrator used by default.
Solute and solvent atoms coupled separately to heat bath.
Initial velocities will be generated from Maxwell distribution:
Maxwell temperature=      0.10 Random number seed=    573606
Shake constaints on all solvent bonds    : off
Shake constaints on all solute bonds     : off
Shake constaints on all bonds to hydrogen: off
Nonbonded method   = LRF Taylor expansion outside cut-off
Cut-off radii for non-bonded interactions:
Solute-solute:     10.00
Solvent-solvent:   10.00
Solute-solvent:    10.00
Q-atom-non-Q-atom: 99.00
LRF:               99.00
Radius of inner restrained shell       =      20.000
Excluded atoms force constant set to default
Excluded atom restraint force constant         =  200.00
Non-bonded pair list update interval   =      25
Energy summary print-out interval      =      10
Temperature print-out interval         =      10
Trajectory write interval              =      10
No energy file written.
All atoms will be included in the trajectory.
Topology file      = GPX6cys_mouse.top
Initial coordinates taken from topology.
Final coord. file  = relax_001.re
Trajectory file    = relax_001.dcd
FEP input file     = correctedGPX6_mousecys.fep

lambda-values      =  1.00000 0.00000

List of excluded atom groups

Listing of restraining data:

No. of sequence restraints =         1
  atom_i  atom_j      fc  H-flag to_centre
       1    3051   20.00       0         0
---------------------------- Reading topology file ---------------------------
GPX6cys_mouse.top                                                               

No. of solute atoms     =       3058
No. of solvent atoms    =       1740
No. of coordinates      =      14394
No. of atom type codes  =       4798
No. of solute bonds     =       3103
No. of solvent bonds    =       1740
No. of solute angles    =       5597
No. of solvent angles   =        580
No. of solute torsions  =      10854
No. of solvent torsions =          0
No. of solute impropers =        650
No. of solvent impropers=          0
No. of atomic charges   =       4798
No. of solute chargegrps=        549
No. of solvent chargegps=        580
Charge group cut-off    : Switching atoms
vdW  rule [ 1=G / 2=A ] =          1
El-static 1-4 damping   =      0.500
Coulomb constant        =   332.0000
No. of atom types       =         86
No. of LJ type 2 pairs  =          0
No. of heavy atoms      =       2139
No. of 1-4 neighbours   =       8172
No. long-range 1-4 nbrs =          4
No. of nbor exclusions  =      11020
No. of long-range excls =          0
No. of residues         =        777
No of solute residues   =        197
No. of molecules        =        583
Atom type names         =         86
SYBYL atom types        =         86
Boundary: sphere
Exclusion radius        =     20.000
Eff. solvent radius     =     19.790
Solute centre           =     43.704    34.968    42.174
Solvent centre          =     43.704    34.968    42.174
No. of excluded atoms   =       1268
Molecular topology read successfully.

Found        0 solute atoms in the restrained shell region ( 20.00 to  20.00)
----------------------------- Reading Q atom list ----------------------------
No. of fep/evb states    =     2
No. of fep/evb atoms     =    12
Atom nos.:   730   733   729   731   732  3052  3053  3054  3055  3056
Atom nos.:  3057  3058
--------------------------- Reading fep/evb strategy --------------------------

No. of changing charges  =    12
Effective Q-atom charges for all Q-atoms
Q atom    charge in state 1 state 2
     1               -0.335   0.121
     2                0.155   0.400
     3                0.060  -0.018
     4                0.060   0.060
     5                0.060   0.060
     6               -0.418  -0.800
     7               -0.418  -0.640
     8                0.418   0.400
     9                0.418   0.418
    10               -0.800  -0.800
    11                0.400   0.400
    12                0.400   0.400

   SUM               -0.000   0.000

No. of Q-atom types  =    14
Name            Ai      Bi      Ci     ai Ai(1-4) Bi(1-4)    Mass
SH         2001.57   44.74  165.00  1.58  1415.32   31.64   32.06
snn.SG     2593.94   55.60  165.00  1.58  1834.19   39.31   32.06
HS            0.00    0.00    0.00  0.00     0.00    0.00    1.01
HO2.hw        0.00    0.00    0.00  0.00     0.00    0.00    1.01
CT          944.52   22.03    1.00  2.50   667.88   15.58   12.01
snn.CB      944.52   22.03    1.00  2.50   667.88   15.58   12.01
HC           84.57    5.41    1.00  2.50    59.80    3.83    1.01
snn.HB2      84.57    5.41    1.00  2.50    59.80    3.83    1.01
snn.HB3      84.57    5.41    1.00  2.50    59.80    3.83    1.01
prx.O       760.64   25.04  110.00  1.58   537.86   17.71   16.00
HO2.ow      762.89   24.39  110.00  1.58   539.44   17.25   16.00
snn.OS      760.64   25.04  110.00  1.58   537.86   17.71   16.00
prx.H         0.01    0.04    1.00  2.50     0.00    0.03    1.01
snn.HG        0.01    0.04    1.00  2.50     0.00    0.03    1.01

Assigning Q-atom types to all Q atoms:
Q atom    atom type in  state 1  state 2
     1                  SH       snn.SG  
     2                  HS       HO2.hw  
     3                  CT       snn.CB  
     4                  HC       snn.HB2 
     5                  HC       snn.HB3 
     6                  prx.O    HO2.ow  
     7                  prx.O    snn.OS  
     8                  prx.H    HO2.hw  
     9                  prx.H    snn.HG  
    10                  HO2.ow   HO2.ow  
    11                  HO2.hw   HO2.hw  
    12                  HO2.hw   HO2.hw  

No. of soft repulsion non-bonded pairs =     6
q-atom_i q-atom_j
       6        7
      10       12
       1        2
       6       12
      10        2
       1        7

Q-bond types:
type #  Morse E_diss    alpha       b0  Harmonic force_k 
     1         54.00     2.32     1.32
     2        102.00     2.26     0.96
     3         81.00     1.87     1.32
     4         81.00     1.87     1.32
     5                            0.94           1106.00
     6                            0.96           1106.00


No. of changing bonds    =     7
atom_i atom_j   bond type in state 1 state 2
  3052   3053                      1       0
  3056   3058                      2       0
   730    733                      3       0
  3052   3058                      0       2
   733   3056                      0       2
   730   3053                      0       4
  3052   3054                      5       6

Q-angle types:
type #       force-k   theta0
     1        160.00   102.22
     2        200.00   104.52
     3         88.00    96.00
     4        220.00   100.78
     5        130.00   106.24


No. of changing angles   =     8
atom_i atom_j atom_k    angle type in state 1 state 2
  3052   3053   3055                        1       0
  3053   3052   3054                        1       0
  3057   3056   3058                        2       0
   729    730    733                        3       0
  3054   3052   3058                        0       2
   729    730   3053                        0       4
   733   3056   3057                        0       2
   730   3053   3055                        0       5

Q-torsion types:
type #       force-k     mult    delta
     1         -2.50     2.00   180.00
     2          0.24     3.00     0.00
     3         -2.50     2.00   180.00
     4          0.24     3.00     0.00
     5          0.24     3.00     0.00


No. of changing torsions =     6
atom_i atom_j atom_k atom_l    torsion type in state 1 state 2
  3054   3052   3053   3055                          1       0
   731    729    730    733                          2       0
   732    729    730    733                          2       0
   729    730   3053   3055                          0       3
   731    729    730   3053                          0       4
   732    729    730   3053                          0       5

No. of offdiagonal (Hij) functions =     1
state_i state_j atom_k atom_l     Aij mu_ij
      1       2      1      7    1.00  0.45
No softcore section found. Using normal LJ potentials.

---------------- Removing redefined interactions from topology ---------------
type      atom1 atom2 atom3 atom4
bond       3054  3052
bond       3052  3053
bond       3056  3058
angle      3054  3052  3053
angle      3052  3053  3055
angle      3057  3056  3058
torsion    3054  3052  3053  3055

---------------------------- Initialising dynamics ---------------------------
Total charge of non-Q atoms             =      -0.88
Total charge of excluded atoms          =      -3.00
Total charge of system                  =      -0.88
Target water sphere radius              =      19.79
Surface inward harmonic force constant  =      60.00
Surface attraction well depth           =       0.84
Surface attraction well width           =       0.48
Water polarisation restraints           : ON, Born correction enabled
Radial polarisation force constant      =      20.00

Setting up 3 water shells for polarisation restraints.
Shell #    outer radius    inner radius
      1           19.79           19.29
      2           19.29           18.29
      3           18.29           16.79

Number of shake constraints             =          0
No. molecules with shake constraints    =          1
No. of Rcq indep. nb pairs involving q-atoms =   131 in state :  1
No. of Rcq indep. nb pairs involving q-atoms =   131 in state :  2

Coordinates for  4798 atoms will be written to the trajectory.
Initial x-shaking required   0 interations per molecule on average.
Initial v-shaking required   0 interations per molecule on average.
------------------------ Distribution of charge groups -----------------------
node value solute-solute solute-water  water-water     Q-solute      Q-water       #Shake       #Atoms   #Molecules
     total           549          549          580          549          580            1         4798          583
----------------------------- End of distribution ----------------------------

Initial temperatures are : Ttot =      0.10 Tfree =      0.10
Solvent temperatures are : Ttot =      0.10 Tfree =      0.10
 Solute temperatures are : Ttot =      0.10 Tfree =      0.10

------------------------ Nonbonded pair list generation -----------------------
>>> WARNING: hot atom, i =        21 Temp(i)=    360.47
>>> WARNING: hot atom, i =       349 Temp(i)=    160.09
>>> WARNING: hot atom, i =       351 Temp(i)=   1053.92
>>> WARNING: hot atom, i =       353 Temp(i)=   1522.37
>>> WARNING: hot atom, i =       641 Temp(i)=   1801.54
>>> WARNING: hot atom, i =       647 Temp(i)=    257.38
>>> WARNING: hot atom, i =       755 Temp(i)=   6362.75
>>> WARNING: hot atom, i =       906 Temp(i)=    243.69
>>> WARNING: hot atom, i =      1088 Temp(i)=   2000.35
>>> WARNING: hot atom, i =      1233 Temp(i)=   8715.82
>>> WARNING: hot atom, i =      1376 Temp(i)=   1989.29
>>> WARNING: hot atom, i =      1389 Temp(i)=    623.57
>>> WARNING: hot atom, i =      1403 Temp(i)=    597.27
>>> WARNING: hot atom, i =      1450 Temp(i)=    176.89
>>> WARNING: hot atom, i =      1472 Temp(i)=    100.56
>>> WARNING: hot atom, i =      1509 Temp(i)=   1467.04
>>> WARNING: hot atom, i =      1531 Temp(i)=    325.78
>>> WARNING: hot atom, i =      1566 Temp(i)=   4138.16
>>> WARNING: hot atom, i =      1846 Temp(i)=    162.25
>>> WARNING: hot atom, i =      1908 Temp(i)=    711.98
>>> WARNING: hot atom, i =      2098 Temp(i)=   2796.42
>>> WARNING: hot atom, i =      2213 Temp(i)=  10411.77
>>> WARNING: hot atom, i =      2713 Temp(i)=   1682.75
>>> WARNING: hot atom, i =      2844 Temp(i)=   3092.03
>>> WARNING: hot atom, i =      3131 Temp(i)=    120.29
>>> WARNING: hot atom, i =      3176 Temp(i)=    127.41
>>> WARNING: hot atom, i =      3182 Temp(i)=    117.55
>>> WARNING: hot atom, i =      3251 Temp(i)=    257.20
>>> WARNING: hot atom, i =      3266 Temp(i)=    645.68
>>> WARNING: hot atom, i =      3287 Temp(i)=    556.34
>>> WARNING: hot atom, i =      3380 Temp(i)=    105.96
>>> WARNING: hot atom, i =      3578 Temp(i)=    201.86
>>> WARNING: hot atom, i =      3584 Temp(i)=    414.99
>>> WARNING: hot atom, i =      3740 Temp(i)=    176.87
=======================  Energy summary at step      0 ========================
                        el       vdW      bond     angle   torsion  improper
solute              -4019.67     -222.27      529.02     1317.29      598.09       82.81
solvent               -53.84     -158.71        0.09        0.02        0.00        0.00
solute-solvent        113.39     5819.70
LRF                   -37.60
Q-atom                 13.11       10.00      -63.12       30.96       -1.91        0.00

                     total       fix slvnt_rad slvnt_pol     shell    solute
restraints           -209.87        0.00     -222.15       12.28        0.00        0.00

                     total potential   kinetic
SUM                  3912.94     3747.48      165.46
======================= Q-atom energies at step      0 ========================
type   st lambda        el       vdW      bond     angle   torsion  improper
Q-Q     1 1.0000     18.29     -0.06
Q-Q     2 0.0000      2.53   1108.23

Q-prot  1 1.0000     -3.83     13.06
Q-prot  2 0.0000     23.62     11.97

Q-wat   1 1.0000     -1.36     -3.00
Q-wat   2 0.0000      6.57     -3.02

Q-surr. 1 1.0000     -5.19     10.06
Q-surr. 2 0.0000     30.18      8.95

Q-any   1 1.0000     13.11     10.00    -63.12     30.96     -1.91      0.00
Q-any   2 0.0000     32.71   1117.17    -18.52    137.44     -1.00      0.00

type   st lambda     total restraint
Q-SUM   1 1.0000    -10.96      0.00
Q-SUM   2 0.0000   1267.80      0.00
H( 1, 2) =    0.08 dist. between Q-atoms   1   7 =    5.71
===============================================================================
Temperature at step       0:         T_tot=      11.6         T_free=      15.7
                             T_free_solute=      29.0 T_free_solvent=       1.9
>>> WARNING: hot atom, i =      1233 Temp(i)=    104.42
>>> WARNING: hot atom, i =      2213 Temp(i)=    122.75
>>> WARNING: hot atom, i =      3266 Temp(i)=    116.49
>>> WARNING: hot atom, i =      3287 Temp(i)=    101.07
Temperature at step       1:         T_tot=       0.3         T_free=       0.4
                             T_free_solute=       0.4 T_free_solvent=       0.4
>>> WARNING: hot atom, i =        21 Temp(i)=    112.16
>>> WARNING: hot atom, i =       351 Temp(i)=    326.02
>>> WARNING: hot atom, i =       353 Temp(i)=    468.96
>>> WARNING: hot atom, i =       641 Temp(i)=    547.17
>>> WARNING: hot atom, i =       755 Temp(i)=   1694.06
>>> WARNING: hot atom, i =      1088 Temp(i)=    594.55
>>> WARNING: hot atom, i =      1233 Temp(i)=   2232.44
>>> WARNING: hot atom, i =      1376 Temp(i)=    603.34
>>> WARNING: hot atom, i =      1389 Temp(i)=    194.78
>>> WARNING: hot atom, i =      1403 Temp(i)=    189.28
>>> WARNING: hot atom, i =      1509 Temp(i)=    441.94
>>> WARNING: hot atom, i =      1531 Temp(i)=    103.94
>>> WARNING: hot atom, i =      1566 Temp(i)=   1162.44
>>> WARNING: hot atom, i =      1908 Temp(i)=    226.68
>>> WARNING: hot atom, i =      2098 Temp(i)=    803.20
>>> WARNING: hot atom, i =      2213 Temp(i)=   2573.81
>>> WARNING: hot atom, i =      2713 Temp(i)=    509.10
>>> WARNING: hot atom, i =      2844 Temp(i)=    881.53
>>> WARNING: hot atom, i =      3251 Temp(i)=    134.27
>>> WARNING: hot atom, i =      3266 Temp(i)=    299.17
>>> WARNING: hot atom, i =      3287 Temp(i)=    261.46
>>> WARNING: hot atom, i =      3578 Temp(i)=    106.47
>>> WARNING: hot atom, i =      3584 Temp(i)=    199.10
Temperature at step       2:         T_tot=       3.3         T_free=       4.5
                             T_free_solute=       8.0 T_free_solvent=       0.9
>>> WARNING: hot atom, i =       755 Temp(i)=    140.67
>>> WARNING: hot atom, i =      1233 Temp(i)=    182.87
>>> WARNING: hot atom, i =      2213 Temp(i)=    209.07
>>> WARNING: hot atom, i =      3266 Temp(i)=    150.21
>>> WARNING: hot atom, i =      3287 Temp(i)=    132.31
>>> WARNING: hot atom, i =      3584 Temp(i)=    102.10
Temperature at step       3:         T_tot=       0.4         T_free=       0.6
                             T_free_solute=       0.7 T_free_solvent=       0.5
>>> WARNING: hot atom, i =       351 Temp(i)=    180.67
>>> WARNING: hot atom, i =       353 Temp(i)=    254.06
>>> WARNING: hot atom, i =       641 Temp(i)=    294.62
>>> WARNING: hot atom, i =       755 Temp(i)=    846.33
>>> WARNING: hot atom, i =      1088 Temp(i)=    318.31
>>> WARNING: hot atom, i =      1233 Temp(i)=   1086.78
>>> WARNING: hot atom, i =      1376 Temp(i)=    325.45
>>> WARNING: hot atom, i =      1389 Temp(i)=    108.52
>>> WARNING: hot atom, i =      1403 Temp(i)=    105.63
>>> WARNING: hot atom, i =      1509 Temp(i)=    239.86
>>> WARNING: hot atom, i =      1566 Temp(i)=    598.10
>>> WARNING: hot atom, i =      1908 Temp(i)=    125.85
>>> WARNING: hot atom, i =      2098 Temp(i)=    422.99
>>> WARNING: hot atom, i =      2213 Temp(i)=   1233.24
>>> WARNING: hot atom, i =      2713 Temp(i)=    274.65
>>> WARNING: hot atom, i =      2844 Temp(i)=    461.88
>>> WARNING: hot atom, i =      3251 Temp(i)=    101.21
>>> WARNING: hot atom, i =      3266 Temp(i)=    209.14
>>> WARNING: hot atom, i =      3287 Temp(i)=    185.35
>>> WARNING: hot atom, i =      3584 Temp(i)=    144.55
Temperature at step       4:         T_tot=       1.8         T_free=       2.4
                             T_free_solute=       4.1 T_free_solvent=       0.7
>>> WARNING: hot atom, i =       755 Temp(i)=    196.73
>>> WARNING: hot atom, i =      1233 Temp(i)=    250.08
>>> WARNING: hot atom, i =      1566 Temp(i)=    140.64
>>> WARNING: hot atom, i =      2098 Temp(i)=    100.44
>>> WARNING: hot atom, i =      2213 Temp(i)=    282.15
>>> WARNING: hot atom, i =      2844 Temp(i)=    109.45
>>> WARNING: hot atom, i =      3266 Temp(i)=    156.90
>>> WARNING: hot atom, i =      3287 Temp(i)=    139.90
>>> WARNING: hot atom, i =      3584 Temp(i)=    110.27
Temperature at step       5:         T_tot=       0.6         T_free=       0.8
                             T_free_solute=       1.0 T_free_solvent=       0.5
>>> WARNING: hot atom, i =       351 Temp(i)=    129.45
>>> WARNING: hot atom, i =       353 Temp(i)=    178.28
>>> WARNING: hot atom, i =       641 Temp(i)=    205.77
>>> WARNING: hot atom, i =       755 Temp(i)=    558.33
>>> WARNING: hot atom, i =      1088 Temp(i)=    221.44
>>> WARNING: hot atom, i =      1233 Temp(i)=    703.39
>>> WARNING: hot atom, i =      1376 Temp(i)=    227.85
>>> WARNING: hot atom, i =      1509 Temp(i)=    168.77
>>> WARNING: hot atom, i =      1566 Temp(i)=    403.25
>>> WARNING: hot atom, i =      2098 Temp(i)=    290.57
>>> WARNING: hot atom, i =      2213 Temp(i)=    789.53
>>> WARNING: hot atom, i =      2713 Temp(i)=    192.18
>>> WARNING: hot atom, i =      2844 Temp(i)=    316.03
>>> WARNING: hot atom, i =      3266 Temp(i)=    173.96
>>> WARNING: hot atom, i =      3287 Temp(i)=    155.84
>>> WARNING: hot atom, i =      3584 Temp(i)=    123.89
Temperature at step       6:         T_tot=       1.3         T_free=       1.7
                             T_free_solute=       2.8 T_free_solvent=       0.6
>>> WARNING: hot atom, i =       755 Temp(i)=    235.65
>>> WARNING: hot atom, i =      1233 Temp(i)=    294.43
>>> WARNING: hot atom, i =      1566 Temp(i)=    171.84
>>> WARNING: hot atom, i =      2098 Temp(i)=    124.88
>>> WARNING: hot atom, i =      2213 Temp(i)=    328.94
>>> WARNING: hot atom, i =      2844 Temp(i)=    135.58
>>> WARNING: hot atom, i =      3266 Temp(i)=    152.13
>>> WARNING: hot atom, i =      3287 Temp(i)=    136.93
>>> WARNING: hot atom, i =      3584 Temp(i)=    109.80
Temperature at step       7:         T_tot=       0.6         T_free=       0.9
                             T_free_solute=       1.2 T_free_solvent=       0.6
>>> WARNING: hot atom, i =       351 Temp(i)=    106.72
>>> WARNING: hot atom, i =       353 Temp(i)=    144.14
>>> WARNING: hot atom, i =       641 Temp(i)=    165.68
>>> WARNING: hot atom, i =       755 Temp(i)=    427.85
>>> WARNING: hot atom, i =      1088 Temp(i)=    177.68
>>> WARNING: hot atom, i =      1233 Temp(i)=    530.50
>>> WARNING: hot atom, i =      1376 Temp(i)=    183.94
>>> WARNING: hot atom, i =      1509 Temp(i)=    136.80
>>> WARNING: hot atom, i =      1566 Temp(i)=    314.76
>>> WARNING: hot atom, i =      2098 Temp(i)=    230.56
>>> WARNING: hot atom, i =      2213 Temp(i)=    590.17
>>> WARNING: hot atom, i =      2713 Temp(i)=    154.99
>>> WARNING: hot atom, i =      2844 Temp(i)=    249.89
>>> WARNING: hot atom, i =      3266 Temp(i)=    154.82
>>> WARNING: hot atom, i =      3287 Temp(i)=    139.88
>>> WARNING: hot atom, i =      3584 Temp(i)=    113.00
Temperature at step       8:         T_tot=       1.0         T_free=       1.4
                             T_free_solute=       2.2 T_free_solvent=       0.6
>>> WARNING: hot atom, i =       641 Temp(i)=    101.67
>>> WARNING: hot atom, i =       755 Temp(i)=    256.57
>>> WARNING: hot atom, i =      1088 Temp(i)=    108.85
>>> WARNING: hot atom, i =      1233 Temp(i)=    315.84
>>> WARNING: hot atom, i =      1376 Temp(i)=    113.02
>>> WARNING: hot atom, i =      1566 Temp(i)=    190.36
>>> WARNING: hot atom, i =      2098 Temp(i)=    140.51
>>> WARNING: hot atom, i =      2213 Temp(i)=    349.94
>>> WARNING: hot atom, i =      2844 Temp(i)=    152.05
>>> WARNING: hot atom, i =      3266 Temp(i)=    143.63
>>> WARNING: hot atom, i =      3287 Temp(i)=    130.28
>>> WARNING: hot atom, i =      3584 Temp(i)=    106.02
Temperature at step       9:         T_tot=       0.7         T_free=       0.9
                             T_free_solute=       1.3 T_free_solvent=       0.5
>>> WARNING: hot atom, i =       353 Temp(i)=    126.49
>>> WARNING: hot atom, i =       641 Temp(i)=    144.82
>>> WARNING: hot atom, i =       755 Temp(i)=    357.54
>>> WARNING: hot atom, i =      1088 Temp(i)=    154.80
>>> WARNING: hot atom, i =      1233 Temp(i)=    437.14
>>> WARNING: hot atom, i =      1376 Temp(i)=    161.23
>>> WARNING: hot atom, i =      1509 Temp(i)=    120.34
>>> WARNING: hot atom, i =      1566 Temp(i)=    267.39
>>> WARNING: hot atom, i =      2098 Temp(i)=    198.82
>>> WARNING: hot atom, i =      2213 Temp(i)=    482.52
>>> WARNING: hot atom, i =      2713 Temp(i)=    135.69
>>> WARNING: hot atom, i =      2844 Temp(i)=    214.82
>>> WARNING: hot atom, i =      3266 Temp(i)=    141.58
>>> WARNING: hot atom, i =      3287 Temp(i)=    128.86
>>> WARNING: hot atom, i =      3584 Temp(i)=    105.55
=======================  Energy summary at step     10 ========================
                        el       vdW      bond     angle   torsion  improper
solute              -4019.84     -222.02      530.38     1314.65      597.80       82.71
solvent               -57.41     -158.65        0.16        0.04        0.00        0.00
solute-solvent        112.76     4852.35
LRF                   -37.64
Q-atom                 13.07        9.90      -64.29       30.94       -1.91        0.00

                     total       fix slvnt_rad slvnt_pol     shell    solute
restraints           -208.96        0.00     -221.22       12.26        0.00        0.00

                     total potential   kinetic
SUM                  2787.01     2774.05       12.96
======================= Q-atom energies at step     10 ========================
type   st lambda        el       vdW      bond     angle   torsion  improper
Q-Q     1 1.0000     18.29     -0.06
Q-Q     2 0.0000      2.33   1103.99

Q-prot  1 1.0000     -3.84     12.96
Q-prot  2 0.0000     23.60     11.87

Q-wat   1 1.0000     -1.38     -3.00
Q-wat   2 0.0000      6.55     -3.02

Q-surr. 1 1.0000     -5.21      9.96
Q-surr. 2 0.0000     30.15      8.85

Q-any   1 1.0000     13.07      9.90    -64.29     30.94     -1.91      0.00
Q-any   2 0.0000     32.48   1112.84    -18.54    137.25     -1.01      0.00

type   st lambda     total restraint
Q-SUM   1 1.0000    -12.28      0.00
Q-SUM   2 0.0000   1263.02      0.00
H( 1, 2) =    0.08 dist. between Q-atoms   1   7 =    5.71
===============================================================================
Temperature at step      10:         T_tot=       0.9         T_free=       1.2
                             T_free_solute=       1.9 T_free_solvent=       0.6
>>> WARNING: hot atom, i =       641 Temp(i)=    109.05
>>> WARNING: hot atom, i =       755 Temp(i)=    263.53
>>> WARNING: hot atom, i =      1088 Temp(i)=    116.37
>>> WARNING: hot atom, i =      1233 Temp(i)=    320.12
>>> WARNING: hot atom, i =      1376 Temp(i)=    121.55
>>> WARNING: hot atom, i =      1566 Temp(i)=    198.61
>>> WARNING: hot atom, i =      2098 Temp(i)=    148.72
>>> WARNING: hot atom, i =      2213 Temp(i)=    352.09
>>> WARNING: hot atom, i =      2713 Temp(i)=    102.24
>>> WARNING: hot atom, i =      2844 Temp(i)=    160.46
>>> WARNING: hot atom, i =      3266 Temp(i)=    134.50
>>> WARNING: hot atom, i =      3287 Temp(i)=    122.83
>>> WARNING: hot atom, i =      3584 Temp(i)=    101.26
Temperature at step      11:         T_tot=       0.7         T_free=       1.0
                             T_free_solute=       1.4 T_free_solvent=       0.5
>>> WARNING: hot atom, i =       353 Temp(i)=    116.43
>>> WARNING: hot atom, i =       641 Temp(i)=    132.83
>>> WARNING: hot atom, i =       755 Temp(i)=    314.51
>>> WARNING: hot atom, i =      1088 Temp(i)=    141.54
>>> WARNING: hot atom, i =      1233 Temp(i)=    379.70
>>> WARNING: hot atom, i =      1376 Temp(i)=    148.28
>>> WARNING: hot atom, i =      1509 Temp(i)=    111.03
>>> WARNING: hot atom, i =      1566 Temp(i)=    238.77
>>> WARNING: hot atom, i =      2098 Temp(i)=    180.02
>>> WARNING: hot atom, i =      2213 Temp(i)=    416.19
>>> WARNING: hot atom, i =      2713 Temp(i)=    124.62
>>> WARNING: hot atom, i =      2844 Temp(i)=    193.96
>>> WARNING: hot atom, i =      3266 Temp(i)=    131.07
>>> WARNING: hot atom, i =      3287 Temp(i)=    120.05
Temperature at step      12:         T_tot=       0.8         T_free=       1.1
                             T_free_solute=       1.7 T_free_solvent=       0.5
>>> WARNING: hot atom, i =       641 Temp(i)=    112.63
>>> WARNING: hot atom, i =       755 Temp(i)=    261.42
>>> WARNING: hot atom, i =      1088 Temp(i)=    119.82
>>> WARNING: hot atom, i =      1233 Temp(i)=    313.75
>>> WARNING: hot atom, i =      1376 Temp(i)=    125.89
>>> WARNING: hot atom, i =      1566 Temp(i)=    199.86
>>> WARNING: hot atom, i =      2098 Temp(i)=    151.69
>>> WARNING: hot atom, i =      2213 Temp(i)=    342.78
>>> WARNING: hot atom, i =      2713 Temp(i)=    105.73
>>> WARNING: hot atom, i =      2844 Temp(i)=    163.22
>>> WARNING: hot atom, i =      3266 Temp(i)=    125.80
>>> WARNING: hot atom, i =      3287 Temp(i)=    115.56
Temperature at step      13:         T_tot=       0.7         T_free=       1.0
                             T_free_solute=       1.4 T_free_solvent=       0.5
>>> WARNING: hot atom, i =       353 Temp(i)=    110.19
>>> WARNING: hot atom, i =       641 Temp(i)=    125.29
>>> WARNING: hot atom, i =       755 Temp(i)=    285.28
>>> WARNING: hot atom, i =      1088 Temp(i)=    133.09
>>> WARNING: hot atom, i =      1233 Temp(i)=    340.46
>>> WARNING: hot atom, i =      1376 Temp(i)=    140.25
>>> WARNING: hot atom, i =      1509 Temp(i)=    105.33
>>> WARNING: hot atom, i =      1566 Temp(i)=    219.58
>>> WARNING: hot atom, i =      2098 Temp(i)=    167.73
>>> WARNING: hot atom, i =      2213 Temp(i)=    370.81
>>> WARNING: hot atom, i =      2713 Temp(i)=    117.69
>>> WARNING: hot atom, i =      2844 Temp(i)=    180.25
>>> WARNING: hot atom, i =      3266 Temp(i)=    122.12
>>> WARNING: hot atom, i =      3287 Temp(i)=    112.48
Temperature at step      14:         T_tot=       0.8         T_free=       1.1
                             T_free_solute=       1.6 T_free_solvent=       0.5
>>> WARNING: hot atom, i =       353 Temp(i)=    100.17
>>> WARNING: hot atom, i =       641 Temp(i)=    113.72
>>> WARNING: hot atom, i =       755 Temp(i)=    254.15
>>> WARNING: hot atom, i =      1088 Temp(i)=    120.62
>>> WARNING: hot atom, i =      1233 Temp(i)=    301.67
>>> WARNING: hot atom, i =      1376 Temp(i)=    127.46
>>> WARNING: hot atom, i =      1566 Temp(i)=    196.89
>>> WARNING: hot atom, i =      2098 Temp(i)=    151.34
>>> WARNING: hot atom, i =      2213 Temp(i)=    327.58
>>> WARNING: hot atom, i =      2713 Temp(i)=    106.88
>>> WARNING: hot atom, i =      2844 Temp(i)=    162.44
>>> WARNING: hot atom, i =      3266 Temp(i)=    117.81
>>> WARNING: hot atom, i =      3287 Temp(i)=    108.79
Temperature at step      15:         T_tot=       0.7         T_free=       1.0
                             T_free_solute=       1.4 T_free_solvent=       0.5
>>> WARNING: hot atom, i =       353 Temp(i)=    105.94
>>> WARNING: hot atom, i =       641 Temp(i)=    120.09
>>> WARNING: hot atom, i =       755 Temp(i)=    263.58
>>> WARNING: hot atom, i =      1088 Temp(i)=    127.19
>>> WARNING: hot atom, i =      1233 Temp(i)=    311.25
>>> WARNING: hot atom, i =      1376 Temp(i)=    134.79
>>> WARNING: hot atom, i =      1509 Temp(i)=    101.51
>>> WARNING: hot atom, i =      1566 Temp(i)=    205.47
>>> WARNING: hot atom, i =      2098 Temp(i)=    158.90
>>> WARNING: hot atom, i =      2213 Temp(i)=    337.02
>>> WARNING: hot atom, i =      2713 Temp(i)=    112.94
>>> WARNING: hot atom, i =      2844 Temp(i)=    170.35
>>> WARNING: hot atom, i =      3266 Temp(i)=    114.26
>>> WARNING: hot atom, i =      3287 Temp(i)=    105.77
Temperature at step      16:         T_tot=       0.7         T_free=       1.0
                             T_free_solute=       1.5 T_free_solvent=       0.5
>>> WARNING: hot atom, i =       353 Temp(i)=    100.08
>>> WARNING: hot atom, i =       641 Temp(i)=    113.28
>>> WARNING: hot atom, i =       755 Temp(i)=    244.31
>>> WARNING: hot atom, i =      1088 Temp(i)=    119.80
>>> WARNING: hot atom, i =      1233 Temp(i)=    287.07
>>> WARNING: hot atom, i =      1376 Temp(i)=    127.32
>>> WARNING: hot atom, i =      1566 Temp(i)=    191.59
>>> WARNING: hot atom, i =      2098 Temp(i)=    149.04
>>> WARNING: hot atom, i =      2213 Temp(i)=    309.98
>>> WARNING: hot atom, i =      2713 Temp(i)=    106.59
>>> WARNING: hot atom, i =      2844 Temp(i)=    159.60
>>> WARNING: hot atom, i =      3266 Temp(i)=    110.55
>>> WARNING: hot atom, i =      3287 Temp(i)=    102.56
Temperature at step      17:         T_tot=       0.7         T_free=       1.0
                             T_free_solute=       1.4 T_free_solvent=       0.5
>>> WARNING: hot atom, i =       353 Temp(i)=    102.76
>>> WARNING: hot atom, i =       641 Temp(i)=    116.16
>>> WARNING: hot atom, i =       755 Temp(i)=    246.28
>>> WARNING: hot atom, i =      1088 Temp(i)=    122.66
>>> WARNING: hot atom, i =      1233 Temp(i)=    288.00
>>> WARNING: hot atom, i =      1376 Temp(i)=    130.73
>>> WARNING: hot atom, i =      1566 Temp(i)=    194.25
>>> WARNING: hot atom, i =      2098 Temp(i)=    151.98
>>> WARNING: hot atom, i =      2213 Temp(i)=    310.16
>>> WARNING: hot atom, i =      2713 Temp(i)=    109.35
>>> WARNING: hot atom, i =      2844 Temp(i)=    162.58
>>> WARNING: hot atom, i =      3266 Temp(i)=    107.25
>>> WARNING: hot atom, i =       641 Temp(i)=    111.95
>>> WARNING: hot atom, i =       755 Temp(i)=    233.46
>>> WARNING: hot atom, i =      1088 Temp(i)=    118.05
>>> WARNING: hot atom, i =      1233 Temp(i)=    271.76
>>> WARNING: hot atom, i =      1376 Temp(i)=    126.16
>>> WARNING: hot atom, i =      1566 Temp(i)=    185.17
>>> WARNING: hot atom, i =      2098 Temp(i)=    145.68
>>> WARNING: hot atom, i =      2213 Temp(i)=    291.93
>>> WARNING: hot atom, i =      2713 Temp(i)=    105.43
>>> WARNING: hot atom, i =      2844 Temp(i)=    155.68
>>> WARNING: hot atom, i =      3266 Temp(i)=    103.97
Temperature at step      19:         T_tot=       0.7         T_free=       0.9
                             T_free_solute=       1.4 T_free_solvent=       0.5
>>> WARNING: hot atom, i =       353 Temp(i)=    100.15
>>> WARNING: hot atom, i =       641 Temp(i)=    112.91
>>> WARNING: hot atom, i =       755 Temp(i)=    231.71
>>> WARNING: hot atom, i =      1088 Temp(i)=    118.89
>>> WARNING: hot atom, i =      1233 Temp(i)=    268.52
>>> WARNING: hot atom, i =      1376 Temp(i)=    127.42
>>> WARNING: hot atom, i =      1566 Temp(i)=    184.77
>>> WARNING: hot atom, i =      2098 Temp(i)=    146.15
>>> WARNING: hot atom, i =      2213 Temp(i)=    287.75
>>> WARNING: hot atom, i =      2713 Temp(i)=    106.38
>>> WARNING: hot atom, i =      2844 Temp(i)=    156.03
>>> WARNING: hot atom, i =      3266 Temp(i)=    100.94
=======================  Energy summary at step     20 ========================
                        el       vdW      bond     angle   torsion  improper
solute              -4019.99     -221.84      534.53     1312.49      597.54       82.62
solvent               -61.31     -158.60        0.35        0.10        0.00        0.00
solute-solvent        111.96     4326.43
LRF                   -37.67
Q-atom                 13.04        9.82      -65.32       30.93       -1.91        0.00

                     total       fix slvnt_rad slvnt_pol     shell    solute
restraints           -208.98        0.01     -221.22       12.24        0.00        0.00

                     total potential   kinetic
SUM                  2254.07     2244.18        9.89
======================= Q-atom energies at step     20 ========================
type   st lambda        el       vdW      bond     angle   torsion  improper
Q-Q     1 1.0000     18.28     -0.06
Q-Q     2 0.0000      2.16   1100.24

Q-prot  1 1.0000     -3.85     12.87
Q-prot  2 0.0000     23.59     11.78

Q-wat   1 1.0000     -1.39     -3.00
Q-wat   2 0.0000      6.53     -3.02

Q-surr. 1 1.0000     -5.24      9.87
Q-surr. 2 0.0000     30.12      8.76

Q-any   1 1.0000     13.04      9.82    -65.32     30.93     -1.91      0.00
Q-any   2 0.0000     32.28   1109.00    -18.56    137.07     -1.01      0.00

type   st lambda     total restraint
Q-SUM   1 1.0000    -13.44      0.00
Q-SUM   2 0.0000   1258.78      0.00
H( 1, 2) =    0.08 dist. between Q-atoms   1   7 =    5.72
===============================================================================
Temperature at step      20:         T_tot=       0.7         T_free=       0.9
                             T_free_solute=       1.4 T_free_solvent=       0.5
>>> WARNING: hot atom, i =       641 Temp(i)=    110.11
>>> WARNING: hot atom, i =       755 Temp(i)=    222.47
>>> WARNING: hot atom, i =      1088 Temp(i)=    115.79
>>> WARNING: hot atom, i =      1233 Temp(i)=    256.72
>>> WARNING: hot atom, i =      1376 Temp(i)=    124.43
>>> WARNING: hot atom, i =      1566 Temp(i)=    178.32
>>> WARNING: hot atom, i =      2098 Temp(i)=    141.80
>>> WARNING: hot atom, i =      2213 Temp(i)=    274.44
>>> WARNING: hot atom, i =      2713 Temp(i)=    103.79
>>> WARNING: hot atom, i =      2844 Temp(i)=    151.24
Temperature at step      21:         T_tot=       0.7         T_free=       0.9
                             T_free_solute=       1.3 T_free_solvent=       0.5
>>> WARNING: hot atom, i =       641 Temp(i)=    110.04
>>> WARNING: hot atom, i =       755 Temp(i)=    218.97
>>> WARNING: hot atom, i =      1088 Temp(i)=    115.55
>>> WARNING: hot atom, i =      1233 Temp(i)=    251.64
>>> WARNING: hot atom, i =      1376 Temp(i)=    124.51
>>> WARNING: hot atom, i =      1566 Temp(i)=    176.39
>>> WARNING: hot atom, i =      2098 Temp(i)=    140.99
>>> WARNING: hot atom, i =      2213 Temp(i)=    268.40
>>> WARNING: hot atom, i =      2713 Temp(i)=    103.77
>>> WARNING: hot atom, i =      2844 Temp(i)=    150.24
>>> WARNING: hot atom, i =       641 Temp(i)=    108.01
>>> WARNING: hot atom, i =       755 Temp(i)=    211.76
>>> WARNING: hot atom, i =      1088 Temp(i)=    113.26
>>> WARNING: hot atom, i =      1233 Temp(i)=    242.40
>>> WARNING: hot atom, i =      1376 Temp(i)=    122.37
>>> WARNING: hot atom, i =      1566 Temp(i)=    171.41
>>> WARNING: hot atom, i =      2098 Temp(i)=    137.69
>>> WARNING: hot atom, i =      2213 Temp(i)=    257.97
>>> WARNING: hot atom, i =      2713 Temp(i)=    101.88
>>> WARNING: hot atom, i =      2844 Temp(i)=    146.61
Temperature at step      23:         T_tot=       0.7         T_free=       0.9
                             T_free_solute=       1.3 T_free_solvent=       0.5
>>> WARNING: hot atom, i =       641 Temp(i)=    107.39
>>> WARNING: hot atom, i =       755 Temp(i)=    207.55
>>> WARNING: hot atom, i =      1088 Temp(i)=    112.46
>>> WARNING: hot atom, i =      1233 Temp(i)=    236.67
>>> WARNING: hot atom, i =      1376 Temp(i)=    121.84
>>> WARNING: hot atom, i =      1566 Temp(i)=    168.78
>>> WARNING: hot atom, i =      2098 Temp(i)=    136.24
>>> WARNING: hot atom, i =      2213 Temp(i)=    251.32
>>> WARNING: hot atom, i =      2713 Temp(i)=    101.34
>>> WARNING: hot atom, i =      2844 Temp(i)=    144.95
------------------------ Nonbonded pair list generation -----------------------
>>> WARNING: hot atom, i =       641 Temp(i)=    105.76
>>> WARNING: hot atom, i =       755 Temp(i)=    201.56
>>> WARNING: hot atom, i =      1088 Temp(i)=    110.61
>>> WARNING: hot atom, i =      1233 Temp(i)=    228.98
>>> WARNING: hot atom, i =      1376 Temp(i)=    120.15
>>> WARNING: hot atom, i =      1566 Temp(i)=    164.64
>>> WARNING: hot atom, i =      2098 Temp(i)=    133.53
>>> WARNING: hot atom, i =      2213 Temp(i)=    242.66
>>> WARNING: hot atom, i =      2844 Temp(i)=    141.96
Temperature at step      25:         T_tot=       0.6         T_free=       0.9
                             T_free_solute=       1.3 T_free_solvent=       0.5
>>> WARNING: hot atom, i =       641 Temp(i)=    104.87
>>> WARNING: hot atom, i =       755 Temp(i)=    197.15
>>> WARNING: hot atom, i =      1088 Temp(i)=    109.53
>>> WARNING: hot atom, i =      1233 Temp(i)=    223.17
>>> WARNING: hot atom, i =      1376 Temp(i)=    119.29
>>> WARNING: hot atom, i =      1566 Temp(i)=    161.74
>>> WARNING: hot atom, i =      2098 Temp(i)=    131.78
>>> WARNING: hot atom, i =      2213 Temp(i)=    236.02
>>> WARNING: hot atom, i =      2844 Temp(i)=    140.00
>>> WARNING: hot atom, i =       641 Temp(i)=    103.47
>>> WARNING: hot atom, i =       755 Temp(i)=    191.94
>>> WARNING: hot atom, i =      1088 Temp(i)=    107.92
>>> WARNING: hot atom, i =      1233 Temp(i)=    216.52
>>> WARNING: hot atom, i =      1376 Temp(i)=    117.84
>>> WARNING: hot atom, i =      1566 Temp(i)=    158.12
>>> WARNING: hot atom, i =      2098 Temp(i)=    129.42
>>> WARNING: hot atom, i =      2213 Temp(i)=    228.53
>>> WARNING: hot atom, i =      2844 Temp(i)=    137.40
Temperature at step      27:         T_tot=       0.6         T_free=       0.8
                             T_free_solute=       1.2 T_free_solvent=       0.4
>>> WARNING: hot atom, i =       641 Temp(i)=    102.44
>>> WARNING: hot atom, i =       755 Temp(i)=    187.59
>>> WARNING: hot atom, i =      1088 Temp(i)=    106.70
>>> WARNING: hot atom, i =      1233 Temp(i)=    210.89
>>> WARNING: hot atom, i =      1376 Temp(i)=    116.82
>>> WARNING: hot atom, i =      1566 Temp(i)=    155.16
>>> WARNING: hot atom, i =      2098 Temp(i)=    127.56
>>> WARNING: hot atom, i =      2213 Temp(i)=    222.16
>>> WARNING: hot atom, i =      2844 Temp(i)=    135.33
>>> WARNING: hot atom, i =       641 Temp(i)=    101.15
>>> WARNING: hot atom, i =       755 Temp(i)=    182.91
>>> WARNING: hot atom, i =      1088 Temp(i)=    105.23
>>> WARNING: hot atom, i =      1233 Temp(i)=    204.96
>>> WARNING: hot atom, i =      1376 Temp(i)=    115.51
>>> WARNING: hot atom, i =      1566 Temp(i)=    151.89
>>> WARNING: hot atom, i =      2098 Temp(i)=    125.40
>>> WARNING: hot atom, i =      2213 Temp(i)=    215.51
>>> WARNING: hot atom, i =      2844 Temp(i)=    132.97
Temperature at step      29:         T_tot=       0.6         T_free=       0.8
                             T_free_solute=       1.2 T_free_solvent=       0.4
>>> WARNING: hot atom, i =       641 Temp(i)=    100.07
>>> WARNING: hot atom, i =       755 Temp(i)=    178.73
>>> WARNING: hot atom, i =      1088 Temp(i)=    103.97
>>> WARNING: hot atom, i =      1233 Temp(i)=    199.64
>>> WARNING: hot atom, i =      1376 Temp(i)=    114.42
>>> WARNING: hot atom, i =      1566 Temp(i)=    148.97
>>> WARNING: hot atom, i =      2098 Temp(i)=    123.52
>>> WARNING: hot atom, i =      2213 Temp(i)=    209.53
>>> WARNING: hot atom, i =      2844 Temp(i)=    130.89
=======================  Energy summary at step     30 ========================
                        el       vdW      bond     angle   torsion  improper
solute              -4020.17     -221.67      540.38     1310.24      597.27       82.52
solvent               -65.61     -158.55        0.65        0.19        0.00        0.00
solute-solvent        110.92     3919.05
LRF                   -37.70
Q-atom                 13.01        9.72      -66.44       30.91       -1.91        0.00

                     total       fix slvnt_rad slvnt_pol     shell    solute
restraints           -209.06        0.01     -221.30       12.22        0.00        0.00

                     total potential   kinetic
SUM                  1842.40     1833.75        8.65
======================= Q-atom energies at step     30 ========================
type   st lambda        el       vdW      bond     angle   torsion  improper
Q-Q     1 1.0000     18.27     -0.05
Q-Q     2 0.0000      1.97   1096.15

Q-prot  1 1.0000     -3.86     12.78
Q-prot  2 0.0000     23.58     11.68

Q-wat   1 1.0000     -1.41     -3.00
Q-wat   2 0.0000      6.51     -3.02

Q-surr. 1 1.0000     -5.26      9.78
Q-surr. 2 0.0000     30.09      8.66

Q-any   1 1.0000     13.01      9.72    -66.44     30.91     -1.91      0.00
Q-any   2 0.0000     32.05   1104.81    -18.58    136.88     -1.01      0.00

type   st lambda     total restraint
Q-SUM   1 1.0000    -14.71      0.00
Q-SUM   2 0.0000   1254.16      0.00
H( 1, 2) =    0.08 dist. between Q-atoms   1   7 =    5.72
===============================================================================
Temperature at step      30:         T_tot=       0.6         T_free=       0.8
                             T_free_solute=       1.2 T_free_solvent=       0.4
>>> WARNING: hot atom, i =       755 Temp(i)=    174.46
>>> WARNING: hot atom, i =      1088 Temp(i)=    102.58
>>> WARNING: hot atom, i =      1233 Temp(i)=    194.27
>>> WARNING: hot atom, i =      1376 Temp(i)=    113.18
>>> WARNING: hot atom, i =      1566 Temp(i)=    145.95
>>> WARNING: hot atom, i =      2098 Temp(i)=    121.50
>>> WARNING: hot atom, i =      2213 Temp(i)=    203.53
>>> WARNING: hot atom, i =      2844 Temp(i)=    128.69
>>> WARNING: hot atom, i =       755 Temp(i)=    170.49
>>> WARNING: hot atom, i =      1088 Temp(i)=    101.30
>>> WARNING: hot atom, i =      1233 Temp(i)=    189.28
>>> WARNING: hot atom, i =      1376 Temp(i)=    112.05
>>> WARNING: hot atom, i =      1566 Temp(i)=    143.14
>>> WARNING: hot atom, i =      2098 Temp(i)=    119.64
>>> WARNING: hot atom, i =      2213 Temp(i)=    197.95
>>> WARNING: hot atom, i =      2844 Temp(i)=    126.66
Temperature at step      32:         T_tot=       0.6         T_free=       0.8
                             T_free_solute=       1.2 T_free_solvent=       0.4
>>> WARNING: hot atom, i =       755 Temp(i)=    166.54
>>> WARNING: hot atom, i =      1233 Temp(i)=    184.36
>>> WARNING: hot atom, i =      1376 Temp(i)=    110.86
>>> WARNING: hot atom, i =      1566 Temp(i)=    140.30
>>> WARNING: hot atom, i =      2098 Temp(i)=    117.73
>>> WARNING: hot atom, i =      2213 Temp(i)=    192.48
>>> WARNING: hot atom, i =      2844 Temp(i)=    124.58
>>> WARNING: hot atom, i =       755 Temp(i)=    162.81
>>> WARNING: hot atom, i =      1233 Temp(i)=    179.71
>>> WARNING: hot atom, i =      1376 Temp(i)=    109.73
>>> WARNING: hot atom, i =      1566 Temp(i)=    137.61
>>> WARNING: hot atom, i =      2098 Temp(i)=    115.91
>>> WARNING: hot atom, i =      2213 Temp(i)=    187.31
>>> WARNING: hot atom, i =      2844 Temp(i)=    122.61
Temperature at step      34:         T_tot=       0.6         T_free=       0.8
                             T_free_solute=       1.1 T_free_solvent=       0.4
>>> WARNING: hot atom, i =       755 Temp(i)=    159.13
>>> WARNING: hot atom, i =      1233 Temp(i)=    175.18
>>> WARNING: hot atom, i =      1376 Temp(i)=    108.58
>>> WARNING: hot atom, i =      1566 Temp(i)=    134.94
>>> WARNING: hot atom, i =      2098 Temp(i)=    114.09
>>> WARNING: hot atom, i =      2213 Temp(i)=    182.28
>>> WARNING: hot atom, i =      2844 Temp(i)=    120.63
>>> WARNING: hot atom, i =       755 Temp(i)=    155.62
>>> WARNING: hot atom, i =      1233 Temp(i)=    170.85
>>> WARNING: hot atom, i =      1376 Temp(i)=    107.45
>>> WARNING: hot atom, i =      1566 Temp(i)=    132.37
>>> WARNING: hot atom, i =      2098 Temp(i)=    112.33
>>> WARNING: hot atom, i =      2213 Temp(i)=    177.48
>>> WARNING: hot atom, i =      2844 Temp(i)=    118.73
Temperature at step      36:         T_tot=       0.6         T_free=       0.8
                             T_free_solute=       1.1 T_free_solvent=       0.4
>>> WARNING: hot atom, i =       755 Temp(i)=    152.19
>>> WARNING: hot atom, i =      1233 Temp(i)=    166.64
>>> WARNING: hot atom, i =      1376 Temp(i)=    106.32
>>> WARNING: hot atom, i =      1566 Temp(i)=    129.85
>>> WARNING: hot atom, i =      2098 Temp(i)=    110.59
>>> WARNING: hot atom, i =      2213 Temp(i)=    172.84
>>> WARNING: hot atom, i =      2844 Temp(i)=    116.84
>>> WARNING: hot atom, i =       755 Temp(i)=    148.89
>>> WARNING: hot atom, i =      1233 Temp(i)=    162.61
>>> WARNING: hot atom, i =      1376 Temp(i)=    105.22
>>> WARNING: hot atom, i =      1566 Temp(i)=    127.40
>>> WARNING: hot atom, i =      2098 Temp(i)=    108.89
>>> WARNING: hot atom, i =      2213 Temp(i)=    168.39
>>> WARNING: hot atom, i =      2844 Temp(i)=    115.01
Temperature at step      38:         T_tot=       0.6         T_free=       0.7
                             T_free_solute=       1.1 T_free_solvent=       0.4
>>> WARNING: hot atom, i =       755 Temp(i)=    145.67
>>> WARNING: hot atom, i =      1233 Temp(i)=    158.70
>>> WARNING: hot atom, i =      1376 Temp(i)=    104.11
>>> WARNING: hot atom, i =      1566 Temp(i)=    125.01
>>> WARNING: hot atom, i =      2098 Temp(i)=    107.21
>>> WARNING: hot atom, i =      2213 Temp(i)=    164.08
>>> WARNING: hot atom, i =      2844 Temp(i)=    113.21
>>> WARNING: hot atom, i =       755 Temp(i)=    142.57
>>> WARNING: hot atom, i =      1233 Temp(i)=    154.94
>>> WARNING: hot atom, i =      1376 Temp(i)=    103.03
>>> WARNING: hot atom, i =      1566 Temp(i)=    122.69
>>> WARNING: hot atom, i =      2098 Temp(i)=    105.57
>>> WARNING: hot atom, i =      2213 Temp(i)=    159.95
>>> WARNING: hot atom, i =      2844 Temp(i)=    111.45
=======================  Energy summary at step     40 ========================
                        el       vdW      bond     angle   torsion  improper
solute              -4020.37     -221.51      547.41     1307.89      596.97       82.42
solvent               -70.26     -158.50        1.04        0.32        0.00        0.00
solute-solvent        109.87     3590.96
LRF                   -37.74
Q-atom                 12.97        9.62      -67.64       30.89       -1.91        0.00

                     total       fix slvnt_rad slvnt_pol     shell    solute
restraints           -209.14        0.03     -221.36       12.20        0.00        0.00

                     total potential   kinetic
SUM                  1511.05     1503.30        7.75
======================= Q-atom energies at step     40 ========================
type   st lambda        el       vdW      bond     angle   torsion  improper
Q-Q     1 1.0000     18.27     -0.05
Q-Q     2 0.0000      1.76   1091.72

Q-prot  1 1.0000     -3.87     12.67
Q-prot  2 0.0000     23.57     11.58

Q-wat   1 1.0000     -1.42     -3.00
Q-wat   2 0.0000      6.49     -3.02

Q-surr. 1 1.0000     -5.29      9.67
Q-surr. 2 0.0000     30.05      8.56

Q-any   1 1.0000     12.97      9.62    -67.64     30.89     -1.91      0.00
Q-any   2 0.0000     31.81   1100.28    -18.60    136.67     -1.01      0.00

type   st lambda     total restraint
Q-SUM   1 1.0000    -16.06      0.00
Q-SUM   2 0.0000   1249.15      0.00
H( 1, 2) =    0.08 dist. between Q-atoms   1   7 =    5.72
===============================================================================
Temperature at step      40:         T_tot=       0.5         T_free=       0.7
                             T_free_solute=       1.1 T_free_solvent=       0.4
>>> WARNING: hot atom, i =       755 Temp(i)=    139.55
>>> WARNING: hot atom, i =      1233 Temp(i)=    151.30
>>> WARNING: hot atom, i =      1376 Temp(i)=    101.94
>>> WARNING: hot atom, i =      1566 Temp(i)=    120.41
>>> WARNING: hot atom, i =      2098 Temp(i)=    103.96
>>> WARNING: hot atom, i =      2213 Temp(i)=    155.95
>>> WARNING: hot atom, i =      2844 Temp(i)=    109.73
>>> WARNING: hot atom, i =       755 Temp(i)=    136.63
>>> WARNING: hot atom, i =      1233 Temp(i)=    147.78
>>> WARNING: hot atom, i =      1376 Temp(i)=    100.88
>>> WARNING: hot atom, i =      1566 Temp(i)=    118.20
>>> WARNING: hot atom, i =      2098 Temp(i)=    102.38
>>> WARNING: hot atom, i =      2213 Temp(i)=    152.10
>>> WARNING: hot atom, i =      2844 Temp(i)=    108.04
Temperature at step      42:         T_tot=       0.5         T_free=       0.7
                             T_free_solute=       1.0 T_free_solvent=       0.4
>>> WARNING: hot atom, i =       755 Temp(i)=    133.80
>>> WARNING: hot atom, i =      1233 Temp(i)=    144.38
>>> WARNING: hot atom, i =      1566 Temp(i)=    116.04
>>> WARNING: hot atom, i =      2098 Temp(i)=    100.83
>>> WARNING: hot atom, i =      2213 Temp(i)=    148.39
>>> WARNING: hot atom, i =      2844 Temp(i)=    106.39
>>> WARNING: hot atom, i =       755 Temp(i)=    131.04
>>> WARNING: hot atom, i =      1233 Temp(i)=    141.10
>>> WARNING: hot atom, i =      1566 Temp(i)=    113.93
>>> WARNING: hot atom, i =      2213 Temp(i)=    144.80
>>> WARNING: hot atom, i =      2844 Temp(i)=    104.78
>>> WARNING: hot atom, i =       755 Temp(i)=    128.37
>>> WARNING: hot atom, i =      1233 Temp(i)=    137.92
>>> WARNING: hot atom, i =      1566 Temp(i)=    111.88
>>> WARNING: hot atom, i =      2213 Temp(i)=    141.33
>>> WARNING: hot atom, i =      2844 Temp(i)=    103.19
Temperature at step      45:         T_tot=       0.5         T_free=       0.7
                             T_free_solute=       1.0 T_free_solvent=       0.4
>>> WARNING: hot atom, i =       755 Temp(i)=    125.78
>>> WARNING: hot atom, i =      1233 Temp(i)=    134.84
>>> WARNING: hot atom, i =      1566 Temp(i)=    109.87
>>> WARNING: hot atom, i =      2213 Temp(i)=    137.97
>>> WARNING: hot atom, i =      2844 Temp(i)=    101.64
>>> WARNING: hot atom, i =       755 Temp(i)=    123.26
>>> WARNING: hot atom, i =      1233 Temp(i)=    131.86
>>> WARNING: hot atom, i =      1566 Temp(i)=    107.91
>>> WARNING: hot atom, i =      2213 Temp(i)=    134.73
>>> WARNING: hot atom, i =      2844 Temp(i)=    100.12
>>> WARNING: hot atom, i =       755 Temp(i)=    120.81
>>> WARNING: hot atom, i =      1233 Temp(i)=    128.97
>>> WARNING: hot atom, i =      1566 Temp(i)=    106.00
>>> WARNING: hot atom, i =      2213 Temp(i)=    131.59
Temperature at step      48:         T_tot=       0.5         T_free=       0.7
                             T_free_solute=       1.0 T_free_solvent=       0.4
>>> WARNING: hot atom, i =       755 Temp(i)=    118.43
>>> WARNING: hot atom, i =      1233 Temp(i)=    126.17
>>> WARNING: hot atom, i =      1566 Temp(i)=    104.14
>>> WARNING: hot atom, i =      2213 Temp(i)=    128.56
------------------------ Nonbonded pair list generation -----------------------
>>> WARNING: hot atom, i =       755 Temp(i)=    116.12
>>> WARNING: hot atom, i =      1233 Temp(i)=    123.46
>>> WARNING: hot atom, i =      1566 Temp(i)=    102.32
>>> WARNING: hot atom, i =      2213 Temp(i)=    125.62
=======================  Energy summary at step     50 ========================
                        el       vdW      bond     angle   torsion  improper
solute              -4020.59     -221.35      555.23     1305.45      596.65       82.30
solvent               -75.21     -158.45        1.53        0.48        0.00        0.00
solute-solvent        108.73     3319.99
LRF                   -37.87
Q-atom                 12.94        9.51      -68.92       30.87       -1.91        0.00

                     total       fix slvnt_rad slvnt_pol     shell    solute
restraints           -209.20        0.04     -221.42       12.17        0.00        0.00

                     total potential   kinetic
SUM                  1237.21     1230.17        7.04
======================= Q-atom energies at step     50 ========================
type   st lambda        el       vdW      bond     angle   torsion  improper
Q-Q     1 1.0000     18.26     -0.05
Q-Q     2 0.0000      1.54   1086.97

Q-prot  1 1.0000     -3.88     12.56
Q-prot  2 0.0000     23.55     11.47

Q-wat   1 1.0000     -1.44     -3.00
Q-wat   2 0.0000      6.47     -3.02

Q-surr. 1 1.0000     -5.32      9.56
Q-surr. 2 0.0000     30.02      8.45

Q-any   1 1.0000     12.94      9.51    -68.92     30.87     -1.91      0.00
Q-any   2 0.0000     31.56   1095.42    -18.62    136.45     -1.01      0.00

type   st lambda     total restraint
Q-SUM   1 1.0000    -17.51      0.00
Q-SUM   2 0.0000   1243.79      0.00
H( 1, 2) =    0.08 dist. between Q-atoms   1   7 =    5.72
===============================================================================
Temperature at step      50:         T_tot=       0.5         T_free=       0.7
                             T_free_solute=       0.9 T_free_solvent=       0.4
>>> WARNING: hot atom, i =       755 Temp(i)=    113.87
>>> WARNING: hot atom, i =      1233 Temp(i)=    120.83
>>> WARNING: hot atom, i =      1566 Temp(i)=    100.54
>>> WARNING: hot atom, i =      2213 Temp(i)=    122.77
>>> WARNING: hot atom, i =       755 Temp(i)=    111.68
>>> WARNING: hot atom, i =      1233 Temp(i)=    118.27
>>> WARNING: hot atom, i =      2213 Temp(i)=    120.01
>>> WARNING: hot atom, i =       755 Temp(i)=    109.55
>>> WARNING: hot atom, i =      1233 Temp(i)=    115.80
>>> WARNING: hot atom, i =      2213 Temp(i)=    117.33
Temperature at step      53:         T_tot=       0.5         T_free=       0.6
                             T_free_solute=       0.9 T_free_solvent=       0.4
>>> WARNING: hot atom, i =       755 Temp(i)=    107.48
>>> WARNING: hot atom, i =      1233 Temp(i)=    113.39
>>> WARNING: hot atom, i =      2213 Temp(i)=    114.74
>>> WARNING: hot atom, i =       755 Temp(i)=    105.46
>>> WARNING: hot atom, i =      1233 Temp(i)=    111.05
>>> WARNING: hot atom, i =      2213 Temp(i)=    112.22
>>> WARNING: hot atom, i =       755 Temp(i)=    103.49
>>> WARNING: hot atom, i =      1233 Temp(i)=    108.79
>>> WARNING: hot atom, i =      2213 Temp(i)=    109.78
Temperature at step      56:         T_tot=       0.5         T_free=       0.6
                             T_free_solute=       0.9 T_free_solvent=       0.4
>>> WARNING: hot atom, i =       755 Temp(i)=    101.58
>>> WARNING: hot atom, i =      1233 Temp(i)=    106.58
>>> WARNING: hot atom, i =      2213 Temp(i)=    107.41
>>> WARNING: hot atom, i =      1233 Temp(i)=    104.44
>>> WARNING: hot atom, i =      2213 Temp(i)=    105.10
>>> WARNING: hot atom, i =      1233 Temp(i)=    102.35
>>> WARNING: hot atom, i =      2213 Temp(i)=    102.87
Temperature at step      59:         T_tot=       0.5         T_free=       0.6
                             T_free_solute=       0.9 T_free_solvent=       0.4
>>> WARNING: hot atom, i =      1233 Temp(i)=    100.33
>>> WARNING: hot atom, i =      2213 Temp(i)=    100.69
=======================  Energy summary at step     60 ========================
                        el       vdW      bond     angle   torsion  improper
solute              -4020.82     -221.21      563.54     1302.91      596.30       82.18
solvent               -80.43     -158.41        2.10        0.67        0.00        0.00
solute-solvent        107.51     3091.89
LRF                   -37.91
Q-atom                 12.90        9.40      -70.27       30.84       -1.91        0.00

                     total       fix slvnt_rad slvnt_pol     shell    solute
restraints           -209.25        0.07     -221.46       12.14        0.00        0.00

                     total potential   kinetic
SUM                  1006.50     1000.04        6.47
======================= Q-atom energies at step     60 ========================
type   st lambda        el       vdW      bond     angle   torsion  improper
Q-Q     1 1.0000     18.25     -0.05
Q-Q     2 0.0000      1.31   1081.93

Q-prot  1 1.0000     -3.89     12.45
Q-prot  2 0.0000     23.54     11.35

Q-wat   1 1.0000     -1.46     -3.00
Q-wat   2 0.0000      6.44     -3.02

Q-surr. 1 1.0000     -5.35      9.45
Q-surr. 2 0.0000     29.98      8.33

Q-any   1 1.0000     12.90      9.40    -70.27     30.84     -1.91      0.00
Q-any   2 0.0000     31.29   1090.26    -18.65    136.21     -1.01      0.00

type   st lambda     total restraint
Q-SUM   1 1.0000    -19.04      0.00
Q-SUM   2 0.0000   1238.09      0.00
H( 1, 2) =    0.08 dist. between Q-atoms   1   7 =    5.72
===============================================================================
Temperature at step      60:         T_tot=       0.5         T_free=       0.6
                             T_free_solute=       0.9 T_free_solvent=       0.4
Temperature at step      63:         T_tot=       0.4         T_free=       0.6
                             T_free_solute=       0.8 T_free_solvent=       0.3
Temperature at step      66:         T_tot=       0.4         T_free=       0.6
                             T_free_solute=       0.8 T_free_solvent=       0.3
Temperature at step      69:         T_tot=       0.4         T_free=       0.6
                             T_free_solute=       0.8 T_free_solvent=       0.3
=======================  Energy summary at step     70 ========================
                        el       vdW      bond     angle   torsion  improper
solute              -4021.07     -221.08      572.11     1300.26      595.94       82.05
solvent               -85.87     -158.36        2.75        0.90        0.00        0.00
solute-solvent        106.22     2896.91
LRF                   -37.95
Q-atom                 12.86        9.28      -71.68       30.82       -1.91        0.00

                     total       fix slvnt_rad slvnt_pol     shell    solute
restraints           -209.28        0.10     -221.50       12.11        0.00        0.00

                     total potential   kinetic
SUM                   808.88      802.88        5.99
======================= Q-atom energies at step     70 ========================
type   st lambda        el       vdW      bond     angle   torsion  improper
Q-Q     1 1.0000     18.24     -0.05
Q-Q     2 0.0000      1.06   1076.60

Q-prot  1 1.0000     -3.90     12.32
Q-prot  2 0.0000     23.52     11.23

Q-wat   1 1.0000     -1.47     -3.00
Q-wat   2 0.0000      6.42     -3.02

Q-surr. 1 1.0000     -5.38      9.32
Q-surr. 2 0.0000     29.94      8.21

Q-any   1 1.0000     12.86      9.28    -71.68     30.82     -1.91      0.00
Q-any   2 0.0000     31.00   1084.81    -18.68    135.96     -1.01      0.00

type   st lambda     total restraint
Q-SUM   1 1.0000    -20.63      0.00
Q-SUM   2 0.0000   1232.08      0.00
H( 1, 2) =    0.08 dist. between Q-atoms   1   7 =    5.72
===============================================================================
Temperature at step      70:         T_tot=       0.4         T_free=       0.6
                             T_free_solute=       0.8 T_free_solvent=       0.3
Temperature at step      73:         T_tot=       0.4         T_free=       0.5
                             T_free_solute=       0.8 T_free_solvent=       0.3
------------------------ Nonbonded pair list generation -----------------------
Temperature at step      76:         T_tot=       0.4         T_free=       0.5
                             T_free_solute=       0.7 T_free_solvent=       0.3
Temperature at step      79:         T_tot=       0.4         T_free=       0.5
                             T_free_solute=       0.7 T_free_solvent=       0.3
=======================  Energy summary at step     80 ========================
                        el       vdW      bond     angle   torsion  improper
solute              -4021.34     -220.95      580.75     1297.50      595.56       81.91
solvent               -91.50     -158.32        3.45        1.17        0.00        0.00
solute-solvent        104.93     2728.17
LRF                   -38.14
Q-atom                 12.82        9.15      -73.16       30.79       -1.91        0.00

                     total       fix slvnt_rad slvnt_pol     shell    solute
restraints           -209.31        0.14     -221.53       12.08        0.00        0.00

                     total potential   kinetic
SUM                   637.17      631.57        5.60
======================= Q-atom energies at step     80 ========================
type   st lambda        el       vdW      bond     angle   torsion  improper
Q-Q     1 1.0000     18.23     -0.04
Q-Q     2 0.0000      0.80   1071.01

Q-prot  1 1.0000     -3.92     12.19
Q-prot  2 0.0000     23.51     11.10

Q-wat   1 1.0000     -1.49     -3.00
Q-wat   2 0.0000      6.39     -3.02

Q-surr. 1 1.0000     -5.41      9.19
Q-surr. 2 0.0000     29.90      8.08

Q-any   1 1.0000     12.82      9.15    -73.16     30.79     -1.91      0.00
Q-any   2 0.0000     30.70   1079.09    -18.70    135.69     -1.01      0.00

type   st lambda     total restraint
Q-SUM   1 1.0000    -22.30      0.00
Q-SUM   2 0.0000   1225.76      0.00
H( 1, 2) =    0.08 dist. between Q-atoms   1   7 =    5.72
===============================================================================
Temperature at step      80:         T_tot=       0.4         T_free=       0.5
                             T_free_solute=       0.7 T_free_solvent=       0.3
Temperature at step      84:         T_tot=       0.4         T_free=       0.5
                             T_free_solute=       0.7 T_free_solvent=       0.3
Temperature at step      88:         T_tot=       0.4         T_free=       0.5
                             T_free_solute=       0.7 T_free_solvent=       0.3
=======================  Energy summary at step     90 ========================
                        el       vdW      bond     angle   torsion  improper
solute              -4021.62     -220.84      589.31     1294.64      595.15       81.76
solvent               -97.30     -158.28        4.21        1.47        0.00        0.00
solute-solvent        103.54     2580.62
LRF                   -38.18
Q-atom                 12.78        9.02      -74.68       30.77       -1.91        0.00

                     total       fix slvnt_rad slvnt_pol     shell    solute
restraints           -209.32        0.19     -221.56       12.04        0.00        0.01

                     total potential   kinetic
SUM                   486.39      481.13        5.27
======================= Q-atom energies at step     90 ========================
type   st lambda        el       vdW      bond     angle   torsion  improper
Q-Q     1 1.0000     18.22     -0.04
Q-Q     2 0.0000      0.53   1065.17

Q-prot  1 1.0000     -3.93     12.06
Q-prot  2 0.0000     23.49     10.96

Q-wat   1 1.0000     -1.51     -3.00
Q-wat   2 0.0000      6.37     -3.02

Q-surr. 1 1.0000     -5.44      9.06
Q-surr. 2 0.0000     29.86      7.94

Q-any   1 1.0000     12.78      9.02    -74.68     30.77     -1.91      0.00
Q-any   2 0.0000     30.39   1073.12    -18.73    135.41     -1.02      0.00

type   st lambda     total restraint
Q-SUM   1 1.0000    -24.02      0.00
Q-SUM   2 0.0000   1219.17      0.00
H( 1, 2) =    0.08 dist. between Q-atoms   1   7 =    5.72
===============================================================================
Temperature at step      90:         T_tot=       0.4         T_free=       0.5
                             T_free_solute=       0.7 T_free_solvent=       0.3
Temperature at step      94:         T_tot=       0.4         T_free=       0.5
                             T_free_solute=       0.7 T_free_solvent=       0.3
Temperature at step      98:         T_tot=       0.4         T_free=       0.5
                             T_free_solute=       0.6 T_free_solvent=       0.3
---------------------- Water polarisation restraint data ---------------------
shell    <n>    <theta>    theta_0 theta_corr
    1   80.0     90.370     90.000      0.370
    2  108.0     90.895     90.000      0.895
    3   90.0     88.818     90.000     -1.182

=========================== FINAL  Energy summary =============================
                        el       vdW      bond     angle   torsion  improper
solute              -4021.93     -220.74      597.64     1291.66      594.73       81.60
solvent              -103.23     -158.24        5.01        1.80        0.00        0.00
solute-solvent        102.02     2450.49
LRF                   -38.23
Q-atom                 12.74        8.88      -76.25       30.74       -1.91        0.00

                     total       fix slvnt_rad slvnt_pol     shell    solute
restraints           -207.29        0.25     -221.58       14.03        0.00        0.01

                     total potential   kinetic
SUM                   354.51      349.50        5.01
=========================== FINAL Q-atom energies =============================
type   st lambda        el       vdW      bond     angle   torsion  improper
Q-Q     1 1.0000     18.21     -0.04
Q-Q     2 0.0000      0.25   1059.10

Q-prot  1 1.0000     -3.94     11.92
Q-prot  2 0.0000     23.47     10.82

Q-wat   1 1.0000     -1.53     -3.00
Q-wat   2 0.0000      6.34     -3.02

Q-surr. 1 1.0000     -5.47      8.92
Q-surr. 2 0.0000     29.82      7.80

Q-any   1 1.0000     12.74      8.88    -76.25     30.74     -1.91      0.00
Q-any   2 0.0000     30.06   1066.91    -18.76    135.12     -1.02      0.00

type   st lambda     total restraint
Q-SUM   1 1.0000    -25.80      0.00
Q-SUM   2 0.0000   1212.31      0.00
H( 1, 2) =    0.08 dist. between Q-atoms   1   7 =    5.72
===============================================================================
Total time of main loop:                                18.4(s)
 QDyn version 5.10.22 , git id=9325b9c29ad62a733df16f540968e33ee6c78260 terminated normally.
###############################################################################
