
 -----------------------------------------------
      Restrained ESP Fit 2.3  Amber 4.1
 -----------------------------------------------
 Resp charges for organic molecule                                               
 -----------------------------------------------


 inopt       =     0   ioutopt     =     1
 nmol        =     1   iqopt       =     0
 ihfree      =     1   irstrnt     =     1
 iunits      =     0   qwt         =   0.00050000
 wtmol(1) =     1.000000
 subtitle:

Resp charges for organic molecule                                               
ich =  -2  iuniq =  70
    1    6    0
    2    7    0
    3    8    0
    4   16    0
    5    6    0
    6    7    0
    7    8    3
    8   16    4
    9    6    0
   10    7    0
   11    8    0
   12    6    0
   13    7    2
   14    8    0
   15    6    0
   16    7    6
   17    8    0
   18    6    0
   19    7   10
   20    8   17
   21    6    0
   22    8    3
   23    6    0
   24    8    3
   25    6    0
   26    8   11
   27    6    0
   28    8   14
   29    6    1
   30    8   17
   31    6    5
   32    8   17
   33    6    0
   34    6    0
   35    6   15
   36    6   18
   37    6   21
   38    6    0
   39    6    0
   40    6   27
   41    1    0
   42    1    0
   43    1   42
   44    1    0
   45    1    0
   46    1    0
   47    1    0
   48    1    0
   49    1    0
   50    1    0
   51    1    0
   52    1    0
   53    1    0
   54    1    0
   55    1   42
   56    1   41
   57    1   42
   58    1   42
   59    1    0
   60    1    0
   61    1    0
   62    1    0
   63    1   48
   64    1   49
   65    1    0
   66    1    0
   67    1   52
   68    1    0
   69    1    0
   70    1   42

  ----------------------------------------------------------------------------
     ATOM                       COORDINATES                         CHARGE
                       X             Y                Z
  ----------------------------------------------------------------------------
  ----------------------------------------------------------------------------


 Charge on the molecule(ich) =   -2
 Total number of atoms (iuniq)     =   70
 Weight factor on initial charge restraints(qwt)=     0.50000D-03


  there are  1 charge constraints:


     1       1
     2       1
     3       1
     4       1
     5       1
     6       1
     7       1
     8       1
     9       1
    10       1
    11       1
    12       1
    13       1
    14       1
    15       1
    16       1
    17       1
    18       1
    19       1
    20       1
    21       1
    22       1
    23       1
    24       1
    25       1
    26       1
    27       1
    28       1
    29       1
    30       1
    31       1
    32       1
    33       1
    34       1
    35       1
    36       1
    37       1
    38       1
    39       1
    40       1
    41       1
    42       1
    43       1
    44       1
    45       1
    46       1
    47       1
    48       1
    49       1
    50       1
    51       1
    52       1
    53       1
    54       1
    55       1
    56       1
    57       1
    58       1
    59       1
    60       1
    61       1
    62       1
    63       1
    64       1
    65       1
    66       1
    67       1
    68       1
    69       1
    70       1

 Reading esp"s for molecule   1
 total number of atoms      =    70
 total number of esp points = 13592


 center     X       Y       Z 
    1  -0.9292285E+01   0.1033810E+01  -0.4079242E+01
    2  -0.1218467E+02  -0.1756187E+01  -0.6179850E+01
    3  -0.7325532E+01  -0.2203099E+00  -0.3709154E+01
    4  -0.5413309E+00  -0.5381817E+01   0.2098406E+01
    5  -0.1183380E+02  -0.3375523E+00  -0.3823241E+01
    6  -0.7279980E+01  -0.1634925E+01   0.1516634E+01
    7  -0.9358431E+01   0.3289847E+01  -0.4768385E+01
    8   0.1195694E+01  -0.7040265E+01  -0.9213302E+00
    9  -0.1201334E+02  -0.2117173E+01  -0.1503574E+01
   10  -0.1447111E+01   0.3750312E+00   0.4597316E+01
   11  -0.9815558E+01  -0.2192838E+01   0.4909843E+01
   12  -0.1179792E+02  -0.7711839E+00   0.1090153E+01
   13   0.1609572E+01   0.9519362E+01  -0.9593005E-01
   14  -0.3971990E+01   0.2224189E+01   0.1696615E+01
   15  -0.9525735E+01  -0.1607511E+01   0.2678430E+01
   16   0.4612566E+01  -0.2607255E+00  -0.2687444E+01
   17   0.3181165E-01   0.5559859E+01   0.8365620E+01
   18  -0.4820615E+01  -0.2156597E+01   0.2652538E+01
   19   0.8603620E+01  -0.3787056E+01  -0.2745490E+01
   20   0.2012539E+00   0.1498065E+01   0.9460157E+01
   21  -0.3371995E+01   0.3557863E+00   0.2950429E+01
   22   0.6840334E+01   0.1003701E+02   0.2178098E+00
   23  -0.3373393E+01  -0.3914601E+01   0.8221196E+00
   24   0.6799285E+01   0.8892782E+01  -0.3806063E+01
   25   0.2297793E+00   0.2508420E+01   0.5087078E+01
   26   0.1199477E+01   0.1671837E+01  -0.1036983E+01
   27   0.1407109E+00   0.3251971E+01   0.7872670E+01
   28   0.7367095E+01  -0.4799358E+01   0.1260324E+01
   29   0.5870067E+01   0.8929054E+01  -0.1630990E+01
   30   0.1308617E+02  -0.6537792E+01   0.7199516E+00
   31   0.3328425E+01   0.7603224E+01  -0.1126834E+01
   32   0.1350528E+02  -0.2358459E+01   0.5848532E+00
   33   0.2116559E+01   0.6319450E+01  -0.3466903E+01
   34   0.3410101E+01   0.3860174E+01  -0.4335347E+01
   35   0.2991368E+01   0.1666638E+01  -0.2511111E+01
   36   0.4362007E+01  -0.2635988E+01  -0.1298692E+01
   37   0.6945206E+01  -0.3841807E+01  -0.8128789E+00
   38   0.2450924E+01  -0.4368514E+01  -0.2666407E+01
   39   0.1132272E+02  -0.4347727E+01  -0.2803582E+01
   40   0.1273843E+02  -0.4418111E+01  -0.2716972E+00
   41  -0.1335648E+02   0.1040596E+01  -0.3693891E+01
   42  -0.1213137E+02  -0.5533874E+00  -0.7663801E+01
   43  -0.1074283E+02  -0.2992865E+01  -0.6353574E+01
   44  -0.1384168E+02  -0.3070073E+01  -0.1559064E+01
   45  -0.1063863E+02  -0.3643707E+01  -0.1678689E+01
   46  -0.1170305E+02   0.1274036E+01   0.8614127E+00
   47  -0.1350678E+02  -0.1130170E+01   0.2185230E+01
   48  -0.7225932E+01  -0.1033257E+01  -0.3158715E+00
   49  -0.5042928E+01  -0.3068462E+01   0.4488804E+01
   50  -0.4609586E+01  -0.5448828E+01   0.2093438E+00
   51  -0.2873177E+01  -0.2881258E+01  -0.8899589E+00
   52  -0.1119343E+01  -0.1179115E+01   0.5653830E+01
   53   0.2154790E+01   0.1958368E+01   0.4610982E+01
   54  -0.2266178E+00   0.4143056E+01   0.3916264E+01
   55  -0.1385204E+02  -0.2675474E+01  -0.6165532E+01
   56   0.3627571E+01   0.6210985E+01   0.3621509E+00
   57   0.2528457E+01   0.1043328E+02   0.1307329E+01
   58   0.1172889E+01   0.1075966E+02  -0.1487108E+01
   59   0.2080566E+01   0.7621718E+01  -0.5049607E+01
   60   0.1258898E+00   0.5935342E+01  -0.3086796E+01
   61   0.5429748E+01   0.4147009E+01  -0.4626172E+01
   62   0.2634656E+01   0.3302621E+01  -0.6159929E+01
   63   0.6034300E+01  -0.1245802E+00  -0.3951430E+01
   64   0.3604218E+01  -0.2178824E+01   0.5647918E+00
   65   0.3293775E+01  -0.5092821E+01  -0.4399739E+01
   66   0.8218399E+00  -0.3255658E+01  -0.3256164E+01
   67   0.7918696E+01  -0.3107921E+01  -0.4394093E+01
   68   0.1158045E+02  -0.6160169E+01  -0.3747833E+01
   69   0.1223460E+02  -0.2950184E+01  -0.4013540E+01
   70   0.2335701E-01   0.8695725E+01   0.5685392E+00
 Initial ssvpot =   428.955


 Number of unique UNfrozen centers=   43

 Non-linear optimization requested.
 qchnge =    0.5982037795E-01
 qchnge =    0.6253676573E-03
 qchnge =    0.4630812609E-04
 qchnge =    0.4054340312E-05
 qchnge =    0.3698520777E-06

 Convergence in    4 iterations


Resp charges for organic molecule                                               

          Point Charges Before & After Optimization

    no.  At.no.    q(init)       q(opt)     ivary    d(rstr)/dq
    1   6       0.000000       0.840480      0       0.000591
    2   7       0.000000      -0.630472      0       0.000783
    3   8       0.000000      -0.767296      0       0.000646
    4  16       0.000000      -0.131112      0       0.003032
    5   6       0.000000       0.045021      0       0.004559
    6   7       0.000000      -0.914776      0       0.000543
    7   8       0.000000      -0.767296      3       0.000646
    8  16       0.000000      -0.131112      4       0.003032
    9   6       0.000000       0.130467      0       0.003042
   10   7       0.000000      -0.523294      0       0.000939
   11   8       0.000000      -0.701738      0       0.000705
   12   6       0.000000      -0.396264      0       0.001223
   13   7       0.000000      -0.630472      2       0.000783
   14   8       0.000000      -0.533905      0       0.000920
   15   6       0.000000       0.934378      0       0.000532
   16   7       0.000000      -0.914776      6       0.000543
   17   8       0.000000      -0.819420      0       0.000606
   18   6       0.000000       0.467269      0       0.001046
   19   7       0.000000      -0.523294     10       0.000939
   20   8       0.000000      -0.819420     17       0.000606
   21   6       0.000000       0.562147      0       0.000876
   22   8       0.000000      -0.767296      3       0.000646
   23   6       0.000000      -0.309407      0       0.001538
   24   8       0.000000      -0.767296      3       0.000646
   25   6       0.000000      -0.152846      0       0.002737
   26   8       0.000000      -0.701738     11       0.000705
   27   6       0.000000       0.853754      0       0.000582
   28   8       0.000000      -0.533905     14       0.000920
   29   6       0.000000       0.840480      1       0.000591
   30   8       0.000000      -0.819420     17       0.000606
   31   6       0.000000       0.045021      5       0.004559
   32   8       0.000000      -0.819420     17       0.000606
   33   6       0.000000      -0.070231      0       0.004092
   34   6       0.000000      -0.205412      0       0.002188
   35   6       0.000000       0.934378     15       0.000532
   36   6       0.000000       0.467269     18       0.001046
   37   6       0.000000       0.562147     21       0.000876
   38   6       0.000000      -0.389356      0       0.001244
   39   6       0.000000       0.099294      0       0.003548
   40   6       0.000000       0.853754     27       0.000582
   41   1       0.000000       0.076659      0       0.000000
   42   1       0.000000       0.379744      0       0.000000
   43   1       0.000000       0.379744     42       0.000000
   44   1       0.000000      -0.029126      0       0.000000
   45   1       0.000000       0.021894      0       0.000000
   46   1       0.000000       0.128837      0       0.000000
   47   1       0.000000       0.095122      0       0.000000
   48   1       0.000000       0.348796      0       0.000000
   49   1       0.000000       0.064946      0       0.000000
   50   1       0.000000       0.093709      0       0.000000
   51   1       0.000000       0.243150      0       0.000000
   52   1       0.000000       0.289231      0       0.000000
   53   1       0.000000       0.127709      0       0.000000
   54   1       0.000000       0.098950      0       0.000000
   55   1       0.000000       0.379744     42       0.000000
   56   1       0.000000       0.076659     41       0.000000
   57   1       0.000000       0.379744     42       0.000000
   58   1       0.000000       0.379744     42       0.000000
   59   1       0.000000       0.023857      0       0.000000
   60   1       0.000000       0.084963      0       0.000000
   61   1       0.000000       0.078654      0       0.000000
   62   1       0.000000       0.059127      0       0.000000
   63   1       0.000000       0.348796     48       0.000000
   64   1       0.000000       0.064946     49       0.000000
   65   1       0.000000       0.157791      0       0.000000
   66   1       0.000000       0.135840      0       0.000000
   67   1       0.000000       0.289231     52       0.000000
   68   1       0.000000      -0.031810      0       0.000000
   69   1       0.000000      -0.021280      0       0.000000
   70   1       0.000000       0.379744     42       0.000000

 Sum over the calculated charges:     -2.000

        Statistics of the fitting:
  The initial sum of squares (ssvpot)                    428.955
  The residual sum of squares (chipot)                     0.163
  The std err of estimate (sqrt(chipot/N))               0.00347
  ESP relative RMS (SQRT(chipot/ssvpot))                 0.01951

 Center of Mass (Angst.):

 X  =   0.00000      Y  =   0.00000      Z  =   0.00000

 Dipole (Debye):

 X  = -45.61634      Y  =  -4.15357      Z  = -32.08259

 Dipole Moment (Debye)=  55.92312

 Quadrupole (Debye*Angst.):

 Qxx =-197.71336     QYY =  96.70925     QZZ = 101.00411
 Qxy = 544.77555     QXZ = 491.86654     QYZ = 420.93967
