            --------------------------------------------------------
                             AMBER SQM VERSION 19
 
                                     By
              Ross C. Walker, Michael F. Crowley, Scott Brozell,
                         Tim Giese, Andreas W. Goetz,
                        Tai-Sung Lee and David A. Case
 
            --------------------------------------------------------
 

--------------------------------------------------------------------------------
  QM CALCULATION INFO
--------------------------------------------------------------------------------

| QMMM: Citation for AMBER QMMM Run:
| QMMM: R.C. Walker, M.F. Crowley and D.A. Case, J. COMP. CHEM. 29:1019, 2008

QMMM: SINGLET STATE CALCULATION
QMMM: RHF CALCULATION, NO. OF DOUBLY OCCUPIED LEVELS =113

| QMMM: *** Selected Hamiltonian *** 
| QMMM: AM1         

| QMMM: *** Parameter sets in use ***
| QMMM: C : M.J.S.DEWAR et al. JACS, 107, 3902, (1985)
| QMMM: N : M.J.S.DEWAR et al. JACS, 107, 3902, (1985)
| QMMM: O : M.J.S.DEWAR et al. JACS, 107, 3902, (1985)
| QMMM: S : M.J.S.DEWAR et al. INORG. CHEM., 29, 3881, (1990)
| QMMM: H : M.J.S.DEWAR et al. JACS, 107, 3902, (1985)

| QMMM: *** SCF convergence criteria ***
| QMMM: Energy change                :  0.1D-09 kcal/mol
| QMMM: Error matrix |FP-PF|         :  0.1D+00 au
| QMMM: Density matrix change        :  0.5D-06
| QMMM: Maximum number of SCF cycles :     1000

| QMMM: *** Diagonalization Routine Information ***
| QMMM: Pseudo diagonalizations are allowed.
| QMMM: Auto diagonalization routine selection is in use.
| QMMM:
| QMMM: Timing diagonalization routines:
| QMMM:                              norbs =      190
| QMMM:    diag iterations used for timing =        5
| QMMM:
| QMMM:              Internal diag routine = 0.533786 seconds
| QMMM:                 Dspev diag routine = 0.601412 seconds
| QMMM:                Dspevd diag routine = 0.470026 seconds
| QMMM:                Dspevx diag routine = 1.278689 seconds
| QMMM:                 Dsyev diag routine = 1.461828 seconds
| QMMM:                Dsyevd diag routine = 0.241073 seconds
| QMMM:                Dsyevr diag routine = 0.272171 seconds
| QMMM:
| QMMM:                Pseudo diag routine = 0.242110 seconds
| QMMM: Pseudo diagonalization appears to be slower than regular
| QMMM: diagonalization. Setting pseudo_diag=0 for optimum performance.
| QMMM:
| QMMM: Using dsyevd routine (diag_routine=6).

  QMMM: QM Region Cartesian Coordinates (*=link atom) 
  QMMM: QM_NO.   MM_NO.  ATOM         X         Y         Z
  QMMM:     1        1      C       -4.9170    0.5470   -2.1590
  QMMM:     2        2      N       -6.4480   -0.9290   -3.2700
  QMMM:     3        3      O       -3.8770   -0.1170   -1.9630
  QMMM:     4        4      S       -0.2860   -2.8480    1.1100
  QMMM:     5        5      C       -6.2620   -0.1790   -2.0230
  QMMM:     6        6      N       -3.8520   -0.8650    0.8030
  QMMM:     7        7      O       -4.9520    1.7410   -2.5230
  QMMM:     8        8      S        0.6330   -3.7260   -0.4880
  QMMM:     9        9      C       -6.3570   -1.1200   -0.7960
  QMMM:    10       10      N       -0.7660    0.1980    2.4330
  QMMM:    11       11      O       -5.1940   -1.1600    2.5980
  QMMM:    12       12      C       -6.2430   -0.4080    0.5770
  QMMM:    13       13      N        0.8520    5.0370   -0.0510
  QMMM:    14       14      O       -2.1020    1.1770    0.8980
  QMMM:    15       15      C       -5.0410   -0.8510    1.4170
  QMMM:    16       16      N        2.4410   -0.1380   -1.4220
  QMMM:    17       17      O        0.0170    2.9420    4.4270
  QMMM:    18       18      C       -2.5510   -1.1410    1.4040
  QMMM:    19       19      N        4.5530   -2.0040   -1.4530
  QMMM:    20       20      O        0.1060    0.7930    5.0060
  QMMM:    21       21      C       -1.7840    0.1880    1.5610
  QMMM:    22       22      O        3.6200    5.3110    0.1150
  QMMM:    23       23      C       -1.7850   -2.0720    0.4350
  QMMM:    24       24      O        3.5980    4.7060   -2.0140
  QMMM:    25       25      C        0.1220    1.3270    2.6920
  QMMM:    26       26      O        0.6350    0.8850   -0.5490
  QMMM:    27       27      C        0.0740    1.7210    4.1660
  QMMM:    28       28      O        3.8980   -2.5400    0.6670
  QMMM:    29       29      C        3.1060    4.7250   -0.8630
  QMMM:    30       30      O        6.9250   -3.4600    0.3810
  QMMM:    31       31      C        1.7610    4.0230   -0.5960
  QMMM:    32       32      O        7.1470   -1.2480    0.3090
  QMMM:    33       33      C        1.1200    3.3440   -1.8350
  QMMM:    34       34      C        1.8050    2.0430   -2.2940
  QMMM:    35       35      C        1.5830    0.8820   -1.3290
  QMMM:    36       36      C        2.3080   -1.3950   -0.6870
  QMMM:    37       37      C        3.6750   -2.0330   -0.4300
  QMMM:    38       38      C        1.2970   -2.3120   -1.4110
  QMMM:    39       39      C        5.9920   -2.3010   -1.4840
  QMMM:    40       40      C        6.7410   -2.3380   -0.1440
  QMMM:    41       41      H       -7.0680    0.5510   -1.9550
  QMMM:    42       42      H       -6.4200   -0.2930   -4.0560
  QMMM:    43       43      H       -5.6850   -1.5840   -3.3620
  QMMM:    44       44      H       -7.3250   -1.6250   -0.8250
  QMMM:    45       45      H       -5.6300   -1.9280   -0.8880
  QMMM:    46       46      H       -6.1930    0.6740    0.4560
  QMMM:    47       47      H       -7.1470   -0.5980    1.1560
  QMMM:    48       48      H       -3.8240   -0.5470   -0.1670
  QMMM:    49       49      H       -2.6690   -1.6240    2.3750
  QMMM:    50       50      H       -2.4390   -2.8830    0.1110
  QMMM:    51       51      H       -1.5200   -1.5250   -0.4710
  QMMM:    52       52      H       -0.5920   -0.6240    2.9920
  QMMM:    53       53      H        1.1400    1.0360    2.4400
  QMMM:    54       54      H       -0.1200    2.1920    2.0720
  QMMM:    55       55      H       -7.3300   -1.4160   -3.2630
  QMMM:    56       56      H        1.9200    3.2870    0.1920
  QMMM:    57       57      H        1.3380    5.5210    0.6920
  QMMM:    58       58      H        0.6210    5.6940   -0.7870
  QMMM:    59       59      H        1.1010    4.0330   -2.6720
  QMMM:    60       60      H        0.0670    3.1410   -1.6330
  QMMM:    61       61      H        2.8730    2.1950   -2.4480
  QMMM:    62       62      H        1.3940    1.7480   -3.2600
  QMMM:    63       63      H        3.1930   -0.0660   -2.0910
  QMMM:    64       64      H        1.9070   -1.1530    0.2990
  QMMM:    65       65      H        1.7430   -2.6950   -2.3280
  QMMM:    66       66      H        0.4350   -1.7230   -1.7230
  QMMM:    67       67      H        4.1900   -1.6450   -2.3250
  QMMM:    68       68      H        6.1280   -3.2600   -1.9830
  QMMM:    69       69      H        6.4740   -1.5610   -2.1240
  QMMM:    70       70      H        0.0120    4.6020    0.3010

--------------------------------------------------------------------------------
  RESULTS
--------------------------------------------------------------------------------

      iter         sqm energy              rms gradient
      ----    -------------------    -----------------------
xmin    10     -459.4662 kcal/mol        2.7958 kcal/(mol*A)
xmin    20     -476.9136 kcal/mol        2.7393 kcal/(mol*A)
xmin    30     -496.2116 kcal/mol        1.7750 kcal/(mol*A)
xmin    40     -501.1019 kcal/mol        1.7771 kcal/(mol*A)
xmin    50     -506.7967 kcal/mol        0.8085 kcal/(mol*A)
xmin    60     -508.9587 kcal/mol        0.7908 kcal/(mol*A)
xmin    70     -509.9161 kcal/mol        0.4529 kcal/(mol*A)
xmin    80     -510.9575 kcal/mol        0.4762 kcal/(mol*A)
xmin    90     -512.2422 kcal/mol        1.3174 kcal/(mol*A)
xmin   100     -515.8248 kcal/mol        0.3806 kcal/(mol*A)
xmin   110     -519.7559 kcal/mol        1.0588 kcal/(mol*A)
xmin   120     -524.4546 kcal/mol        0.3907 kcal/(mol*A)
xmin   130     -525.4519 kcal/mol        0.7925 kcal/(mol*A)
xmin   140     -525.9719 kcal/mol        0.6400 kcal/(mol*A)
xmin   150     -526.3259 kcal/mol        0.0862 kcal/(mol*A)
xmin   160     -526.5513 kcal/mol        0.1280 kcal/(mol*A)
xmin   170     -526.5936 kcal/mol        0.0769 kcal/(mol*A)
xmin   180     -526.7542 kcal/mol        0.3097 kcal/(mol*A)
xmin   190     -526.8432 kcal/mol        0.1805 kcal/(mol*A)
xmin   200     -527.0927 kcal/mol        0.2946 kcal/(mol*A)
xmin   210     -527.3411 kcal/mol        0.2722 kcal/(mol*A)
xmin   220     -527.6461 kcal/mol        0.2518 kcal/(mol*A)
xmin   230     -528.0153 kcal/mol        0.1947 kcal/(mol*A)
xmin   240     -528.1760 kcal/mol        0.4860 kcal/(mol*A)
xmin   250     -528.3093 kcal/mol        0.6278 kcal/(mol*A)
xmin   260     -528.3515 kcal/mol        0.0602 kcal/(mol*A)
xmin   270     -528.5022 kcal/mol        0.1635 kcal/(mol*A)
xmin   280     -528.8108 kcal/mol        0.3639 kcal/(mol*A)
xmin   290     -529.1732 kcal/mol        0.7690 kcal/(mol*A)
xmin   300     -530.2396 kcal/mol        0.9353 kcal/(mol*A)
xmin   310     -534.9482 kcal/mol        1.8038 kcal/(mol*A)
xmin   320     -544.6011 kcal/mol        1.9568 kcal/(mol*A)
xmin   330     -545.6007 kcal/mol        0.5253 kcal/(mol*A)
xmin   340     -546.0461 kcal/mol        0.3214 kcal/(mol*A)
xmin   350     -546.1253 kcal/mol        0.3401 kcal/(mol*A)
xmin   360     -546.1876 kcal/mol        0.1381 kcal/(mol*A)
xmin   370     -546.2472 kcal/mol        0.0620 kcal/(mol*A)
xmin   380     -546.2692 kcal/mol        0.0522 kcal/(mol*A)
xmin   390     -546.2749 kcal/mol        0.0229 kcal/(mol*A)
xmin   400     -546.2784 kcal/mol        0.0086 kcal/(mol*A)
xmin   410     -546.2791 kcal/mol        0.0086 kcal/(mol*A)
xmin   420     -546.2795 kcal/mol        0.0088 kcal/(mol*A)
xmin   430     -546.2796 kcal/mol        0.0058 kcal/(mol*A)
xmin   440     -546.2796 kcal/mol        0.0013 kcal/(mol*A)
xmin   450     -546.2797 kcal/mol        0.0024 kcal/(mol*A)
xmin   460     -546.2797 kcal/mol        0.0030 kcal/(mol*A)
xmin   470     -546.2797 kcal/mol        0.0018 kcal/(mol*A)
xmin   480     -546.2797 kcal/mol        0.0015 kcal/(mol*A)
  ... geometry converged !
 
 Final MO eigenvalues (eV):
 -37.8870  -36.6869  -36.5541  -35.9377  -35.7478  -35.0234  -34.3363  -33.3551
 -32.9975  -32.8509  -32.6698  -31.9569  -31.7843  -31.4132  -30.5974  -30.5597
 -30.4213  -30.3668  -29.8957  -28.6688  -28.5607  -27.7904  -25.1522  -24.8446
 -24.1072  -23.2052  -21.7630  -21.2819  -20.5229  -19.6723  -18.7185  -18.2079
 -17.5206  -17.0551  -16.9397  -16.7124  -16.4792  -16.1009  -15.7192  -15.4600
 -15.2630  -15.2080  -15.1627  -15.0110  -14.7360  -14.4970  -14.3413  -13.9783
 -13.9044  -13.4684  -13.3738  -13.2503  -12.9696  -12.7112  -12.6331  -12.4645
 -12.2654  -12.1698  -11.9133  -11.8475  -11.7823  -11.6473  -11.4504  -11.3542
 -11.2891  -11.1494  -11.1029  -11.0177  -10.7298  -10.6411  -10.6151  -10.4752
 -10.4013  -10.2552  -10.1583  -10.0634   -9.9705   -9.7764   -9.7194   -9.5656
  -9.5234   -9.3963   -9.2507   -9.1704   -9.1496   -9.0269   -8.9277   -8.6469
  -8.5390   -8.4096   -8.2645   -7.6810   -7.6377   -7.6134   -7.2718   -7.0386
  -6.8181   -6.5518   -6.5122   -6.4427   -6.2150   -6.1879   -6.0234   -5.9056
  -5.8997   -5.6553   -5.6418   -5.4603   -5.3159   -5.2341   -4.6142   -4.2918
  -3.8284    2.0532    3.6509    4.0420    4.3720    4.7310    4.8193    4.9085
   4.9583    5.1175    5.1645    5.3137    5.8724    5.9106    6.0826    6.2760
   6.4073    6.4831    6.5155    6.5287    6.6297    6.6605    6.7206    6.8490
   6.9138    6.9719    6.9935    7.0127    7.0341    7.1453    7.1786    7.2881
   7.3699    7.4266    7.4807    7.5413    7.5707    7.6069    7.6226    7.6428
   7.7143    7.7338    7.7822    7.8166    7.8642    7.8795    7.9310    7.9904
   8.0590    8.0781    8.1264    8.1716    8.2244    8.3177    8.4613    8.6497
   8.6654    8.7471    8.9716    9.1453    9.3343    9.3677    9.4107    9.5560
   9.8026    9.8749   10.2289   10.5485   10.6759   10.9159   11.1501   11.1915
  11.4421   12.0460   12.1180   12.6252   12.9574   13.9116

 Heat of formation   =       -546.27972061 kcal/mol  (      -23.68846627 eV)

 Total SCF energy    =    -194983.97266283 kcal/mol  (    -8455.13952833 eV)
 Electronic energy   =   -1728711.97820659 kcal/mol  (   -74962.57656678 eV)
 Core-core repulsion =    1533728.00554376 kcal/mol  (    66507.43703845 eV)
 
    Atomic Charges for Step       1 :
  Atom    Element       Mulliken Charge
     1      C                  0.346
     2      N                 -0.058
     3      O                 -0.543
     4      S                 -0.024
     5      C                 -0.197
     6      N                 -0.357
     7      O                 -0.503
     8      S                  0.053
     9      C                 -0.162
    10      N                 -0.321
    11      O                 -0.407
    12      C                 -0.191
    13      N                 -0.036
    14      O                 -0.413
    15      C                  0.300
    16      N                 -0.368
    17      O                 -0.589
    18      C                  0.024
    19      N                 -0.294
    20      O                 -0.615
    21      C                  0.280
    22      O                 -0.557
    23      C                 -0.303
    24      O                 -0.505
    25      C                 -0.107
    26      O                 -0.412
    27      C                  0.330
    28      O                 -0.364
    29      C                  0.339
    30      O                 -0.554
    31      C                 -0.187
    32      O                 -0.597
    33      C                 -0.154
    34      C                 -0.180
    35      C                  0.311
    36      C                  0.005
    37      C                  0.269
    38      C                 -0.322
    39      C                 -0.147
    40      C                  0.318
    41      H                  0.120
    42      H                  0.270
    43      H                  0.257
    44      H                  0.112
    45      H                  0.141
    46      H                  0.109
    47      H                  0.110
    48      H                  0.231
    49      H                  0.139
    50      H                  0.110
    51      H                  0.170
    52      H                  0.239
    53      H                  0.097
    54      H                  0.090
    55      H                  0.253
    56      H                  0.129
    57      H                  0.246
    58      H                  0.252
    59      H                  0.092
    60      H                  0.116
    61      H                  0.144
    62      H                  0.108
    63      H                  0.238
    64      H                  0.123
    65      H                  0.210
    66      H                  0.142
    67      H                  0.209
    68      H                  0.082
    69      H                  0.103
    70      H                  0.254
 Total Mulliken Charge =      -2.000
 
                  X        Y        Z     TOTAL  
  QM DIPOLE   -11.206    2.483    2.428   11.732
 
 Final Structure

  QMMM: QM Region Cartesian Coordinates (*=link atom) 
  QMMM: QM_NO.   MM_NO.  ATOM         X         Y         Z
  QMMM:     1        1      C       -8.6249    1.1392   -0.2622
  QMMM:     2        2      N       -6.4237    0.7930    0.9480
  QMMM:     3        3      O       -9.1184    0.8780    0.8652
  QMMM:     4        4      S        0.3282   -2.6679   -1.0757
  QMMM:     5        5      C       -7.0368    1.0617   -0.3790
  QMMM:     6        6      N       -2.9721   -0.6270   -1.7355
  QMMM:     7        7      O       -9.2217    1.4618   -1.3118
  QMMM:     8        8      S        1.9096   -3.1378   -2.3640
  QMMM:     9        9      C       -6.6937    0.0206   -1.4355
  QMMM:    10       10      N       -2.0757   -0.5352    1.4180
  QMMM:    11       11      O       -4.5392   -1.2631   -0.1913
  QMMM:    12       12      C       -5.3005    0.1556   -2.0105
  QMMM:    13       13      N       -0.2152    3.3323    1.3049
  QMMM:    14       14      O       -0.7921    0.7709    0.0140
  QMMM:    15       15      C       -4.2564   -0.6219   -1.2294
  QMMM:    16       16      N        3.6144   -0.0489   -0.6184
  QMMM:    17       17      O       -2.6482    2.7114    2.2433
  QMMM:    18       18      C       -1.8626   -1.1787   -0.9853
  QMMM:    19       19      N        5.9976   -1.8275   -0.9463
  QMMM:    20       20      O       -4.2822    1.2155    2.4872
  QMMM:    21       21      C       -1.5271   -0.2242    0.1968
  QMMM:    22       22      O        1.5151    5.3761    1.7612
  QMMM:    23       23      C       -0.6202   -1.3807   -1.8504
  QMMM:    24       24      O        3.2573    3.9656    2.0182
  QMMM:    25       25      C       -2.0114    0.3955    2.5156
  QMMM:    26       26      O        1.9209    0.6168   -2.0317
  QMMM:    27       27      C       -3.0575    1.5282    2.4137
  QMMM:    28       28      O        4.7451   -2.9608    0.6536
  QMMM:    29       29      C        2.0896    4.2580    1.6795
  QMMM:    30       30      O        8.0389   -4.1691   -2.8528
  QMMM:    31       31      C        1.2321    3.0767    1.0640
  QMMM:    32       32      O        6.1225   -3.1301   -3.3674
  QMMM:    33       33      C        1.5459    2.9646   -0.4282
  QMMM:    34       34      C        2.9051    2.3274   -0.6518
  QMMM:    35       35      C        2.7589    0.8929   -1.1438
  QMMM:    36       36      C        3.5107   -1.4807   -0.8015
  QMMM:    37       37      C        4.8146   -2.1822   -0.3158
  QMMM:    38       38      C        3.2143   -1.9600   -2.2224
  QMMM:    39       39      C        7.0282   -2.8292   -1.1335
  QMMM:    40       40      C        7.0623   -3.4263   -2.5710
  QMMM:    41       41      H       -6.6905    2.0782   -0.7175
  QMMM:    42       42      H       -5.8691    1.5941    1.2859
  QMMM:    43       43      H       -7.1883    0.6178    1.6209
  QMMM:    44       44      H       -6.8436   -1.0158   -1.0316
  QMMM:    45       45      H       -7.4409    0.1716   -2.2662
  QMMM:    46       46      H       -5.3065   -0.2270   -3.0673
  QMMM:    47       47      H       -4.9972    1.2362   -2.0440
  QMMM:    48       48      H       -2.7403    0.0071   -2.4645
  QMMM:    49       49      H       -2.1949   -2.1856   -0.5807
  QMMM:    50       50      H       -0.8925   -1.6851   -2.8893
  QMMM:    51       51      H       -0.0190   -0.4342   -1.9035
  QMMM:    52       52      H       -2.8638   -1.1496    1.4176
  QMMM:    53       53      H       -2.1968   -0.1779    3.4649
  QMMM:    54       54      H       -0.9794    0.8408    2.5530
  QMMM:    55       55      H       -5.8003   -0.0209    0.9313
  QMMM:    56       56      H        1.4960    2.1140    1.5829
  QMMM:    57       57      H       -0.3842    4.3409    1.2056
  QMMM:    58       58      H       -0.8155    2.8029    0.6632
  QMMM:    59       59      H        1.5457    3.9954   -0.8721
  QMMM:    60       60      H        0.7569    2.3598   -0.9573
  QMMM:    61       61      H        3.5231    2.4103    0.2848
  QMMM:    62       62      H        3.4501    2.8832   -1.4610
  QMMM:    63       63      H        4.2435    0.2421    0.0953
  QMMM:    64       64      H        2.6727   -1.8578   -0.1277
  QMMM:    65       65      H        4.0865   -2.5417   -2.6658
  QMMM:    66       66      H        3.0129   -1.1029   -2.9112
  QMMM:    67       67      H        5.8505   -1.3139   -1.7989
  QMMM:    68       68      H        8.0169   -2.3356   -0.9290
  QMMM:    69       69      H        6.8910   -3.6696   -0.4019
  QMMM:    70       70      H       -0.4892    3.0617    2.2564

           --------- Calculation Completed ----------

