
Build and version information

Build number 5.10.21
Build date   20240304
Built:       
      by     nayanika
      on     nayanika-HP-Pavilion-Gaming-Laptop-15-ec0xxx
      git id 9325b9c29ad62a733df16f540968e33ee6c78260
      with   GNU Fortran Ubuntu 9.4.0-1ubuntu1~20.04.2 9.4.0
Current date 2024- 4-15 and time 18:59:27

Welcome in qprep modification date 20240304


Qprep> 
Reading molecular library qoplsaa.lib

name  atoms  net Q  bonds  rules   imps Q-grps
ALA      10   0.00      9      0      2      3
NAL      12   1.00     11      0      1      3
ALC      12   0.00     11      0      1      3
ARG      24   1.00     23      0      6      4
ARN      23   0.00     22      0      5      5
ASH      13   0.00     12      0      3      3
ASN      14   0.00     13      0      4      5
ASP      12  -1.00     11      0      3      3
CLA       1  -1.00      0      0      0    none, creating default
CYS      11   0.00     10      0      2      3
CYX      10   0.00      9      0      2      3
GLH      16   0.00     15      0      3      4
GLN      17   0.00     16      0      4      6
GLU      15  -1.00     14      0      3      4
GLY       7   0.00      6      0      2      2
NGL       9   1.00      8      0      1      2
GLC       9   0.00      8      0      1      2
HID      17   0.00     17      0      6      3
HIE      17   0.00     17      0      6      3
HIP      18   1.00     18      0      7      3
ILE      19   0.00     18      0      2      6
LEU      19   0.00     18      0      2      6
LYN      21   0.00     20      0      2      6
LYS      22   1.00     21      0      2      6
MET      17  -0.00     16      0      2      4
PHE      20   0.00     20      0      8      8
PRO      14   0.00     14      0      2      4
SER      11  -0.00     10      0      2      3
SOD       1   1.00      0      0      0      1
THR      14  -0.00     13      0      2      4
HOH       3   0.00      3      0      0      1
TRP      24   0.00     25      0     11      8
TYR      21   0.00     21      0      8      8
VAL      16   0.00     15      0      2      5
NME       6  -0.00      5      0      1      1
ACE       6   0.00      5      0      1      2

Accumulated no. of library entries loaded =  36

Qprep> 
Reading molecular library GPX.lib

name  atoms  net Q  bonds  rules   imps Q-grps
PRX       4   0.00      3      0      0      1
SEC      11   0.00     10      0      2      3
SNN      12   0.00     11      0      2      3
SEN      12   0.00     11      0      2      3
GLP      18   1.00     17      0      4      1
SUL      10  -1.00      9      0      2      1
HO2       3   0.00      2      0      0      1

Accumulated no. of library entries loaded =  43

Qprep> Qprep> 
Reading force field parameter file.
Forcefield name:               OPLS-AA
Forcefield type:               AMBER
Lennard-Jones combination rule:GEOMETRIC
Scaling of 1-4 electrostatics: 0.500
Cut-off rule:                  switching atoms
Improper potential:            PERIODIC
Improper generation:           EXPLICIT
Coulomb constant:              332.0716
Read  173 atom types
>>>>> WARNING: No SYBYL name for one or more atom types.
Read    0 atom type alias names
Read    0 LJ type 2 pairs
Read  262 bond types
Read   46 unique bond parameters
>>>>> WARNING: No SYBYL bond type for one or more bond types.
Read  627 angle types
Read   82  unique angle parameters
Read 1867 torsion types
Read  250 unique torsion parameters
Read   83 improper types
Force field parameters successfully read.

Qprep> Qprep> 
>>>WARNING: ignoring unrecognised line in PDB file
END
PDB file contains  1559 atoms.
The number of atoms in the topology will be  3058
molecule    1: PRO     1 - SER   195
molecule    2: HO2   196
molecule    3: PRX   197

Successfully read PDB file with    3 molecules,
  197 residues totally (  197 in solute).
 3058 atoms totally ( 3058 in solute).

Sequence listing:

PRO  GLN  LYS  SER  LYS  VAL  ASP  CYX  ASN  LYS  GLY  VAL  THR  GLY  THR  VAL 
TYR  GLU  TYR  GLY  ALA  ASN  THR  ILE  ASP  GLY  GLY  GLU  PHE  VAL  ASN  PHE 
GLN  GLN  TYR  ALA  GLY  LYS  HID  ILE  LEU  PHE  VAL  ASN  VAL  ALA  SER  PHE 
SUL  GLY  LEU  THR  ALA  THR  TYR  PRO  GLU  LEU  ASN  THR  LEU  GLN  GLU  GLU 
LEU  LYS  PRO  PHE  ASN  VAL  THR  VAL  LEU  GLY  PHE  PRO  CYS  ASN  GLN  PHE 
GLY  LYS  GLP  GLU  PRO  GLY  LYS  ASN  SER  GLU  ILE  LEU  LEU  GLY  LEU  LYS 
TYR  VAL  ARG  PRO  GLY  GLY  GLY  TYR  VAL  PRO  ASN  PHE  GLN  LEU  PHE  GLU 
LYS  GLY  ASP  VAL  ASN  GLY  ASP  ASN  GLU  GLN  LYS  VAL  PHE  SER  PHE  LEU 
LYS  ASN  SER  CYX  PRO  PRO  THR  SER  GLU  LEU  PHE  GLY  SER  PRO  GLU  HID 
LEU  PHE  TRP  ASP  PRO  MET  LYS  VAL  HID  ASP  ILE  ARG  TRP  ASN  PHE  GLU 
LYS  PHE  LEU  VAL  GLY  PRO  ASP  GLY  VAL  PRO  VAL  MET  ARG  TRP  PHE  HID 
HID  THR  PRO  VAL  ARG  ILE  VAL  GLN  SER  ASP  ILE  MET  GLU  TYR  LEU  ASN 
GLN  THR  SER  HO2  PRX 

Qprep> Qprep> Qprep> Qprep> 
Simulation sphere centre                   :     43.704  34.968  42.174
Simulation radius                          :     25.000
Qprep> 
Solvation sphere centre                   :     43.704  34.968  42.174
Library entry used to generate solvent  :       HOH 
Radius of solvent sphere                =      25.00 A
Grid spacing                            =       3.10 A 
No. of solvent molecules in the sphere:  2109
Minimum distance to solute heavy atoms:  2.70 A
No. of solvent molecules to add to the system:  1244
Qprep> Qprep> Assigned  6790 atom types.
Assigned  6790 atomic charges.
Made      3103 solute bonds.
Made         0 extra bonds.
Made      3732 solvent bonds.
>>> Missing bond type for atom types C235     sul.N   
 atoms:          721         723
>>> Missing bond type for atom types sul.C    N238    
 atoms:          725         733
>>> Missing bond type for atom types C235     glp.N   
 atoms:         1244        1246
>>> Missing bond type for atom types glp.C    N238    
 atoms:         1248        1264
Made      5581 solute angles.
Made      1244 solvent angles.
>>> Missing torsion type for atom types sul.N    C235     C224     C149    
 atoms:          723         721         705         707
>>> Missing torsion type for atom types sul.N    C235     C224     N238    
 atoms:          723         721         705         703
>>> Missing torsion type for atom types sul.N    C235     C224     H140    
 atoms:          723         721         705         706
>>> Missing torsion type for atom types C224     C235     sul.N    sul.CA  
 atoms:          705         721         723         724
>>> Missing torsion type for atom types C224     C235     sul.N    sul.H   
 atoms:          705         721         723         729
>>> Missing torsion type for atom types O236     C235     sul.N    sul.CA  
 atoms:          722         721         723         724
>>> Missing torsion type for atom types O236     C235     sul.N    sul.H   
 atoms:          722         721         723         729
>>> Missing torsion type for atom types C235     sul.N    sul.CA   sul.C   
 atoms:          721         723         724         725
>>> Missing torsion type for atom types C235     sul.N    sul.CA   sul.CB  
 atoms:          721         723         724         727
>>> Missing torsion type for atom types C235     sul.N    sul.CA   sul.HA  
 atoms:          721         723         724         730
>>> Missing torsion type for atom types sul.N    sul.CA   sul.C    N238    
 atoms:          723         724         725         733
>>> Missing torsion type for atom types sul.CB   sul.CA   sul.C    N238    
 atoms:          727         724         725         733
>>> Missing torsion type for atom types sul.HA   sul.CA   sul.C    N238    
 atoms:          730         724         725         733
>>> Missing torsion type for atom types sul.CA   sul.C    N238     H241    
 atoms:          724         725         733         734
>>> Missing torsion type for atom types sul.CA   sul.C    N238     C223    
 atoms:          724         725         733         735
>>> Missing torsion type for atom types sul.O    sul.C    N238     H241    
 atoms:          726         725         733         734
>>> Missing torsion type for atom types sul.O    sul.C    N238     C223    
 atoms:          726         725         733         735
>>> Missing torsion type for atom types sul.C    N238     C223     C235    
 atoms:          725         733         735         738
>>> Missing torsion type for atom types sul.C    N238     C223     H140    
 atoms:          725         733         735         736
>>> Missing torsion type for atom types sul.C    N238     C223     H140    
 atoms:          725         733         735         737
>>> Missing torsion type for atom types glp.N    C235     C224     C136    
 atoms:         1246        1244        1226        1228
>>> Missing torsion type for atom types glp.N    C235     C224     N238    
 atoms:         1246        1244        1226        1224
>>> Missing torsion type for atom types glp.N    C235     C224     H140    
 atoms:         1246        1244        1226        1227
>>> Missing torsion type for atom types C224     C235     glp.N    glp.CA  
 atoms:         1226        1244        1246        1247
>>> Missing torsion type for atom types C224     C235     glp.N    glp.H   
 atoms:         1226        1244        1246        1255
>>> Missing torsion type for atom types O236     C235     glp.N    glp.CA  
 atoms:         1245        1244        1246        1247
>>> Missing torsion type for atom types O236     C235     glp.N    glp.H   
 atoms:         1245        1244        1246        1255
>>> Missing torsion type for atom types C235     glp.N    glp.CA   glp.C   
 atoms:         1244        1246        1247        1248
>>> Missing torsion type for atom types C235     glp.N    glp.CA   glp.CB  
 atoms:         1244        1246        1247        1250
>>> Missing torsion type for atom types C235     glp.N    glp.CA   glp.HA  
 atoms:         1244        1246        1247        1256
>>> Missing torsion type for atom types glp.N    glp.CA   glp.C    N238    
 atoms:         1246        1247        1248        1264
>>> Missing torsion type for atom types glp.CB   glp.CA   glp.C    N238    
 atoms:         1250        1247        1248        1264
>>> Missing torsion type for atom types glp.HA   glp.CA   glp.C    N238    
 atoms:         1256        1247        1248        1264
>>> Missing torsion type for atom types glp.CA   glp.C    N238     H241    
 atoms:         1247        1248        1264        1265
>>> Missing torsion type for atom types glp.CA   glp.C    N238     C224    
 atoms:         1247        1248        1264        1266
>>> Missing torsion type for atom types glp.O    glp.C    N238     H241    
 atoms:         1249        1248        1264        1265
>>> Missing torsion type for atom types glp.O    glp.C    N238     C224    
 atoms:         1249        1248        1264        1266
>>> Missing torsion type for atom types glp.C    N238     C224     C136    
 atoms:         1248        1264        1266        1268
>>> Missing torsion type for atom types glp.C    N238     C224     C235    
 atoms:         1248        1264        1266        1277
>>> Missing torsion type for atom types glp.C    N238     C224     H140    
 atoms:         1248        1264        1266        1267
Made     11283 solute torsions.
Made         0 solvent torsions.
>>> Missing improper type for atom types O236     C235     C224     sul.N   
Atoms of missing improper:  722  721  705  723
>>> Missing improper type for atom types C235     sul.N    sul.CA   sul.H   
Atoms of missing improper:  721  723  724  729
>>> Missing improper type for atom types sul.CA   sul.C    N238     sul.O   
Atoms of missing improper:  724  725  733  726
>>> Missing improper type for atom types H241     N238     sul.C    C223    
Atoms of missing improper:  734  733  725  735
>>> Missing improper type for atom types O236     C235     C224     glp.N   
Atoms of missing improper: 1245 1244 1226 1246
>>> Missing improper type for atom types C235     glp.N    glp.CA   glp.H   
Atoms of missing improper: 1244 1246 1247 1255
>>> Missing improper type for atom types glp.CA   glp.C    N238     glp.O   
Atoms of missing improper: 1247 1248 1264 1249
>>> Missing improper type for atom types H241     N238     glp.C    C224    
Atoms of missing improper: 1265 1264 1248 1266
Made       658 solute impropers.
Made         0 solvent impropers.
Made      8134 entries in the 1-4 neighbour list.
Made         1 entries in the long-range 1-4 neighbour list.
Made     13660 entries in list of excluded neighbours.
Made         0 entries in list of long-range excluded neighbours.
Made      1499 solute hydrogens.
Made      2488 solvent hydrogens.
Made      748 solute  charge groups comprising a total of   2482 atoms.
Made     1244 solvent charge groups comprising a total of   3732 atoms.
Skipped   183excluded charge groups comprising a total of    576 atoms.
Effective water radius                     : 23.98

ERROR: There are missing parameters!

You need to add parameters and do readprm + maketop again.
parameter file: qoplsaa.prm
Qprep>  WARNING: The topology is incomplete due to missing parameters!
 Do you realLY want to write this erronenous topology?
 Enter yes to proceed, anything else to cancel.
-----> Write _ERRONENOUS_ topology [yes/NO] ? Qprep> Qprep> 