
--------------------------------- q_mapper.py ---------------------------------
# Path: /home/hp/nayanika/github/qtools/qscripts-cli/q_mapper.py
# CMDline: q_mapper.py 95 -50 --bins 50 --skip 100 --min 10 --temp 300.0 --dirs rep/ --qfep_exec qfep5

------------------------------- Mapping details -------------------------------
# Mapped with: Qtools (0.7.0), Qfep (Unknown, likely ancient)
# Qfep path: /home/hp/nayanika/github/PhD_Thesis/EVB/protein_stepwise/GPX6WT/mousecys/2-prep/qfep5
# Work dir: /home/hp/nayanika/github/PhD_Thesis/EVB/protein_stepwise/GPX6WT/mousecys/2-prep
# Date: Mon Aug  5 15:14:30 2024

# Parms:
alpha                     -50.0
gap_bins                     50
gas_const          0.0019872041
hij                        95.0
minpts_bin                   10
points_skip                 100
temperature               300.0

# Directories:
rep

# Fails:
rep: QFep wrote to STDERR: STOP Qfep5 terminated abnormally: Too few data points in file.

-------------------------------------------------------------------------------

Analysis Stats:
#                 Mean      Std.dev    Median    Std.error       N
dG*                nan        nan        nan        nan          0
dG0                nan        nan        nan        nan          0
dG_lambda          nan        nan        nan        nan          0

Analysis Fails:
FEP: None, EVB: None

Run q_analysefeps.py for more info...
