# Qfep                       version 5.10.18 , gi(modified on 20211204                                                                        )
 
--> Number of energy files: # Number of files                 =    51
--> No. of states, no. of predefined off-diag elements: # Number of states                 =     2
# Number of off-diagonal elements =     0
--> Give kT & no, of pts to skip   & calculation mode: # kT                              = 0.592
# Number of data points to skip   =   100
# Only QQ interactions will be considered   =   0
--> Give number of gap-bins: # Number of gap-bins              =   100
--> Give minimum # pts/bin: # Minimum number of points per bin=    20
--> Give alpha for state  2:                                                    # Alpha for state  2              =   -49.42
--> Number of off-diagonal elements:# Number of off-diagonal elements =     1
#   i   j   A(i,j)  mu(i,j) eta(i,j) rxy0(i,j)
--> i, j, A_ij, mu_ij, eta_ij, r_xy0: #   1   2    162.22      0.00      0.00      0.00
--> linear combination of states defining reaction coord: # Linear combination co-efficients=  1.00 -1.00
 
 
# Part 0: Average energies for all states in all files
# file             state   pts   lambda    EQtot   EQbond  EQang   EQtor   EQimp    EQel   EQvdW  Eel_qq  EvdW_qq Eel_qp  EvdW_qp Eel_qw EvdW_qw Eqrstr
--> Name of file number   1:                                                     
# Energy files from Qdyn, version: 5.10.17 , git id=9325b9c29ad62a733df16f540968e33ee6c78260                       
fep_000_1.000.en        1      1899  1.000000  -344.43  -152.58     4.77    -2.01     0.12  -192.19    -2.53  -106.90    10.54   -46.09   -13.86   -39.19     0.78     0.00
fep_000_1.000.en        2      1899  0.000000   -37.39    -7.92    25.44     3.38     0.29   -61.37     0.47   -11.09    13.31   -26.72   -13.69   -23.57     0.85     2.31
--> Name of file number   2:                                                     
# Energy files from Qdyn, version: 5.10.17 , git id=9325b9c29ad62a733df16f540968e33ee6c78260                       
fep_001_0.980.en        1      1899  0.980000  -348.56  -152.51     4.88    -2.42     0.10  -194.87    -3.73  -106.06    10.20   -44.70   -14.59   -44.11     0.66     0.00
fep_001_0.980.en        2      1899  0.020000   -45.75   -11.74    24.83     3.40     0.25   -63.56    -0.91   -10.71    12.76   -26.07   -14.40   -26.78     0.73     1.99
--> Name of file number   3:                                                     
# Energy files from Qdyn, version: 5.10.17 , git id=9325b9c29ad62a733df16f540968e33ee6c78260                       
fep_002_0.960.en        1      1899  0.960000  -350.08  -152.49     4.71    -3.19     0.08  -195.97    -3.21  -106.50    10.56   -45.20   -13.81   -44.26     0.04     0.00
fep_002_0.960.en        2      1899  0.040000   -56.47   -12.71    15.88     2.56     0.19   -63.68    -0.37   -11.43    13.15   -26.75   -13.63   -25.49     0.11     1.66
--> Name of file number   4:                                                     
# Energy files from Qdyn, version: 5.10.17 , git id=9325b9c29ad62a733df16f540968e33ee6c78260                       
fep_003_0.940.en        1      1899  0.940000  -348.22  -152.71     4.77    -3.03     0.08  -194.54    -2.80  -106.32    10.64   -44.42   -14.15   -43.81     0.72     0.00
fep_003_0.940.en        2      1899  0.060000   -59.13   -15.63    14.32     2.39     0.20   -61.84    -0.10   -11.83    13.06   -25.69   -13.96   -24.32     0.79     1.53
--> Name of file number   5:                                                     
# Energy files from Qdyn, version: 5.10.17 , git id=9325b9c29ad62a733df16f540968e33ee6c78260                       
fep_004_0.920.en        1      1899  0.920000  -346.12  -152.60     4.29    -3.13     0.07  -191.12    -3.62  -105.90    10.82   -46.35   -14.18   -38.87    -0.26     0.00
fep_004_0.920.en        2      1899  0.080000   -63.43   -17.51    14.06     2.21     0.17   -62.76    -1.05   -11.64    13.14   -28.36   -14.00   -22.75    -0.19     1.46
--> Name of file number   6:                                                     
# Energy files from Qdyn, version: 5.10.17 , git id=9325b9c29ad62a733df16f540968e33ee6c78260                       
fep_005_0.900.en        1      1899  0.900000  -345.91  -152.51     4.52    -3.17     0.06  -191.33    -3.48  -105.59    10.81   -44.79   -14.38   -40.96     0.09     0.00
fep_005_0.900.en        2      1899  0.100000   -67.37   -19.21    11.35     2.02     0.16   -62.06    -0.99   -12.35    13.05   -26.95   -14.19   -22.75     0.16     1.35
--> Name of file number   7:                                                     
# Energy files from Qdyn, version: 5.10.17 , git id=9325b9c29ad62a733df16f540968e33ee6c78260                       
fep_006_0.880.en        1      1899  0.880000  -346.66  -152.41     4.78    -3.05     0.07  -192.18    -3.87  -104.06    10.28   -45.39   -14.36   -42.73     0.21     0.00
fep_006_0.880.en        2      1899  0.120000   -72.08   -21.76    12.11     1.99     0.18   -64.30    -1.53   -12.73    12.36   -27.19   -14.17   -24.39     0.28     1.23
--> Name of file number   8:                                                     
# Energy files from Qdyn, version: 5.10.17 , git id=9325b9c29ad62a733df16f540968e33ee6c78260                       
fep_007_0.860.en        1      1899  0.860000  -345.85  -152.30     4.68    -3.03     0.07  -192.90    -2.35  -105.33    11.11   -45.46   -13.55   -42.11     0.09     0.00
fep_007_0.860.en        2      1899  0.140000   -76.48   -22.89     9.64     2.30     0.17   -66.71    -0.14   -12.66    13.08   -27.72   -13.37   -26.33     0.15     1.16
--> Name of file number   9:                                                     
# Energy files from Qdyn, version: 5.10.17 , git id=9325b9c29ad62a733df16f540968e33ee6c78260                       
fep_008_0.840.en        1      1899  0.840000  -340.55  -152.17     5.68    -3.05     0.06  -187.67    -3.40  -104.19    10.91   -46.05   -13.75   -37.42    -0.56     0.00
fep_008_0.840.en        2      1899  0.160000   -74.13   -21.77    10.68     2.01     0.15   -65.38    -1.27   -13.70    12.80   -28.26   -13.57   -23.42    -0.50     1.44
--> Name of file number  10:                                                     
# Energy files from Qdyn, version: 5.10.17 , git id=9325b9c29ad62a733df16f540968e33ee6c78260                       
fep_009_0.820.en        1      1899  0.820000  -338.43  -151.58     4.72    -2.23     0.08  -186.55    -2.87  -103.44    11.25   -45.98   -14.64   -37.13     0.52     0.00
fep_009_0.820.en        2      1899  0.180000   -81.55   -26.85     7.73     2.90     0.19   -65.60    -1.13   -14.62    12.72   -28.51   -14.44   -22.47     0.59     1.20
--> Name of file number  11:                                                     
# Energy files from Qdyn, version: 5.10.17 , git id=9325b9c29ad62a733df16f540968e33ee6c78260                       
fep_010_0.800.en        1      1899  0.800000  -338.53  -151.67     4.51    -2.44     0.06  -187.11    -1.88  -103.57    11.90   -46.40   -13.80   -37.13     0.02     0.00
fep_010_0.800.en        2      1899  0.200000   -83.07   -28.97     8.28     2.60     0.14   -65.84    -0.26   -14.03    13.26   -28.69   -13.61   -23.12     0.09     0.98
--> Name of file number  12:                                                     
# Energy files from Qdyn, version: 5.10.17 , git id=9325b9c29ad62a733df16f540968e33ee6c78260                       
fep_011_0.780.en        1      1899  0.780000  -338.02  -152.53     5.02    -2.85     0.07  -186.03    -1.69  -102.51    11.62   -44.61   -14.08   -38.92     0.77     0.00
fep_011_0.780.en        2      1899  0.220000   -85.36   -31.47     7.42     1.78     0.16   -64.00    -0.13   -14.43    12.92   -27.59   -13.89   -21.98     0.84     0.87
--> Name of file number  13:                                                     
# Energy files from Qdyn, version: 5.10.17 , git id=9325b9c29ad62a733df16f540968e33ee6c78260                       
fep_012_0.760.en        1      1899  0.760000  -333.19  -151.72     5.62    -2.54     0.06  -182.49    -2.12  -104.40    12.66   -46.92   -14.87   -31.16     0.09     0.00
fep_012_0.760.en        2      1899  0.240000  -108.52   -57.82    28.95     0.85     0.14   -79.21    -2.18   -26.23    12.29   -30.16   -14.62   -22.82     0.15     0.75
--> Name of file number  14:                                                     
# Energy files from Qdyn, version: 5.10.17 , git id=9325b9c29ad62a733df16f540968e33ee6c78260                       
fep_013_0.740.en        1      1899  0.740000  -324.98  -150.38     5.14    -2.88     0.07  -175.23    -1.70  -104.18    14.08   -47.09   -15.14   -23.96    -0.64     0.00
fep_013_0.740.en        2      1899  0.260000  -149.47   -97.66    37.89    -0.51     0.17   -86.53    -3.09   -35.30    12.34   -31.27   -14.84   -19.96    -0.58     0.26
--> Name of file number  15:                                                     
# Energy files from Qdyn, version: 5.10.17 , git id=9325b9c29ad62a733df16f540968e33ee6c78260                       
fep_014_0.720.en        1      1899  0.720000  -323.37  -150.36     4.89    -3.08     0.09  -173.03    -1.89  -101.57    13.58   -47.91   -14.45   -23.56    -1.01     0.00
fep_014_0.720.en        2      1899  0.280000  -159.63  -100.12    33.03    -1.19     0.24   -88.52    -3.30   -36.87    11.83   -31.07   -14.18   -20.58    -0.95     0.23
--> Name of file number  16:                                                     
# Energy files from Qdyn, version: 5.10.17 , git id=9325b9c29ad62a733df16f540968e33ee6c78260                       
fep_015_0.700.en        1      1899  0.700000  -322.75  -150.00     4.75    -3.23     0.05  -173.39    -0.95   -94.15    13.11   -46.06   -14.05   -33.18    -0.01     0.00
fep_015_0.700.en        2      1899  0.300000  -174.78  -103.86    20.13    -1.42     0.14   -87.35    -2.55   -37.01    11.20   -31.98   -13.80   -18.35     0.06     0.12
--> Name of file number  17:                                                     
# Energy files from Qdyn, version: 5.10.17 , git id=9325b9c29ad62a733df16f540968e33ee6c78260                       
fep_016_0.680.en        1      1899  0.680000  -319.49  -148.67     4.73    -3.32     0.06  -171.41    -0.88   -91.09    13.62   -46.90   -14.73   -33.41     0.23     0.00
fep_016_0.680.en        2      1899  0.320000  -183.33  -105.62    16.07    -1.72     0.16   -89.62    -2.71   -38.11    11.47   -31.91   -14.47   -19.60     0.30     0.11
--> Name of file number  18:                                                     
# Energy files from Qdyn, version: 5.10.17 , git id=9325b9c29ad62a733df16f540968e33ee6c78260                       
fep_017_0.660.en        1      1899  0.660000  -314.25  -148.44     5.57    -3.09     0.06  -165.30    -3.04   -90.35    13.74   -46.41   -15.98   -28.54    -0.81     0.00
fep_017_0.660.en        2      1899  0.340000  -187.71  -107.84    15.00    -1.28     0.15   -88.64    -5.17   -37.49    11.31   -32.69   -15.74   -18.45    -0.74     0.07
--> Name of file number  19:                                                     
# Energy files from Qdyn, version: 5.10.17 , git id=9325b9c29ad62a733df16f540968e33ee6c78260                       
fep_018_0.640.en        1      1899  0.640000  -312.20  -148.56     5.25    -3.32     0.06  -164.15    -1.47   -88.77    14.64   -48.55   -15.14   -26.83    -0.97     0.00
fep_018_0.640.en        2      1899  0.360000  -191.05  -111.06    14.01    -1.71     0.14   -88.41    -4.11   -38.68    11.75   -33.37   -14.96   -16.35    -0.90     0.09
--> Name of file number  20:                                                     
# Energy files from Qdyn, version: 5.10.17 , git id=9325b9c29ad62a733df16f540968e33ee6c78260                       
fep_019_0.620.en        1      1899  0.620000  -310.34  -148.11     5.05    -3.23     0.07  -164.57     0.46   -87.52    15.91   -48.69   -14.29   -28.36    -1.16     0.00
fep_019_0.620.en        2      1899  0.380000  -197.21  -115.04    10.90    -1.73     0.17   -88.92    -2.63   -39.21    12.50   -33.63   -14.03   -16.08    -1.10     0.04
--> Name of file number  21:                                                     
# Energy files from Qdyn, version: 5.10.17 , git id=9325b9c29ad62a733df16f540968e33ee6c78260                       
fep_020_0.600.en        1      1899  0.600000  -304.18  -147.52     5.39    -3.22     0.05  -157.51    -1.38   -85.60    15.48   -46.03   -15.36   -25.88    -1.50     0.00
fep_020_0.600.en        2      1899  0.400000  -200.48  -115.86     9.45    -1.80     0.12   -87.82    -4.62   -39.13    11.94   -33.00   -15.12   -15.69    -1.44     0.03
--> Name of file number  22:                                                     
# Energy files from Qdyn, version: 5.10.17 , git id=9325b9c29ad62a733df16f540968e33ee6c78260                       
fep_021_0.580.en        1      1899  0.580000  -308.74  -146.73     5.57    -3.43     0.05  -164.96     0.75   -84.48    16.21   -46.96   -14.50   -33.52    -0.97     0.00
fep_021_0.580.en        2      1899  0.420000  -204.34  -119.68    10.04    -1.88     0.13   -89.99    -2.99   -39.16    12.16   -33.07   -14.24   -17.76    -0.90     0.02
--> Name of file number  23:                                                     
# Energy files from Qdyn, version: 5.10.17 , git id=9325b9c29ad62a733df16f540968e33ee6c78260                       
fep_022_0.560.en        1      1899  0.560000  -304.68  -144.52     5.20    -3.58     0.04  -163.91     2.09   -84.04    17.33   -46.05   -14.38   -33.81    -0.86     0.00
fep_022_0.560.en        2      1899  0.440000  -209.47  -124.58     8.95    -2.11     0.09   -89.54    -2.28   -39.01    12.63   -32.74   -14.12   -17.78    -0.79     0.02
--> Name of file number  24:                                                     
# Energy files from Qdyn, version: 5.10.17 , git id=9325b9c29ad62a733df16f540968e33ee6c78260                       
fep_023_0.540.en        1      1899  0.540000  -297.57  -141.61     5.92    -3.07     0.05  -158.70    -0.17   -82.32    17.21   -47.00   -15.89   -29.39    -1.49     0.00
fep_023_0.540.en        2      1899  0.460000  -213.28  -126.09     8.13    -1.67     0.13   -88.81    -4.98   -39.86    12.10   -32.69   -15.65   -16.25    -1.43     0.01
--> Name of file number  25:                                                     
# Energy files from Qdyn, version: 5.10.17 , git id=9325b9c29ad62a733df16f540968e33ee6c78260                       
fep_024_0.520.en        1      1899  0.520000  -295.20  -142.07     5.89    -3.38     0.03  -156.29     0.61   -82.57    17.92   -46.34   -15.77   -27.39    -1.54     0.00
fep_024_0.520.en        2      1899  0.480000  -215.95  -126.60     7.77    -2.00     0.09   -90.89    -4.33   -41.14    12.66   -33.51   -15.52   -16.23    -1.47     0.02
--> Name of file number  26:                                                     
# Energy files from Qdyn, version: 5.10.17 , git id=9325b9c29ad62a733df16f540968e33ee6c78260                       
fep_025_0.500.en        1      1899  0.500000  -292.46  -138.46     5.65    -3.48     0.04  -157.11     0.90   -83.40    19.43   -47.87   -16.37   -25.83    -2.16     0.00
fep_025_0.500.en        2      1899  0.500000  -222.87  -134.04     7.06    -2.07     0.10   -88.63    -5.29   -39.53    12.94   -34.69   -16.13   -14.41    -2.11     0.00
--> Name of file number  27:                                                     
# Energy files from Qdyn, version: 5.10.17 , git id=9325b9c29ad62a733df16f540968e33ee6c78260                       
fep_026_0.480.en        1      1899  0.480000  -285.99  -137.91     6.40    -3.32     0.02  -151.71     0.53   -82.26    19.86   -45.29   -17.38   -24.15    -1.96     0.00
fep_026_0.480.en        2      1899  0.520000  -224.76  -134.52     6.83    -1.89     0.06   -89.39    -5.85   -40.55    13.18   -33.91   -17.13   -14.94    -1.90     0.00
--> Name of file number  28:                                                     
# Energy files from Qdyn, version: 5.10.17 , git id=9325b9c29ad62a733df16f540968e33ee6c78260                       
fep_027_0.460.en        1      1899  0.460000  -280.54  -133.45     6.87    -3.34     0.05  -153.80     3.13   -81.51    21.57   -47.67   -15.96   -24.63    -2.48     0.00
fep_027_0.460.en        2      1899  0.540000  -228.99  -140.17     6.14    -1.92     0.13   -88.38    -4.79   -38.80    13.34   -34.79   -15.71   -14.79    -2.42     0.00
--> Name of file number  29:                                                     
# Energy files from Qdyn, version: 5.10.17 , git id=9325b9c29ad62a733df16f540968e33ee6c78260                       
fep_028_0.440.en        1      1899  0.440000  -273.31  -129.92     7.11    -3.83     0.02  -150.57     3.88   -82.34    22.53   -46.23   -16.17   -22.00    -2.48     0.00
fep_028_0.440.en        2      1899  0.560000  -234.15  -144.28     6.03    -2.40     0.06   -88.86    -4.70   -38.68    13.64   -35.73   -15.92   -14.44    -2.43     0.00
--> Name of file number  30:                                                     
# Energy files from Qdyn, version: 5.10.17 , git id=9325b9c29ad62a733df16f540968e33ee6c78260                       
fep_029_0.420.en        1      1899  0.420000  -266.22  -123.87     7.74    -3.13     0.05  -151.87     4.86   -82.96    23.12   -46.26   -16.37   -22.64    -1.89     0.00
fep_029_0.420.en        2      1899  0.580000  -237.15  -148.92     6.14    -1.77     0.11   -87.62    -5.09   -37.11    12.85   -35.08   -16.11   -15.43    -1.83     0.00
--> Name of file number  31:                                                     
# Energy files from Qdyn, version: 5.10.17 , git id=9325b9c29ad62a733df16f540968e33ee6c78260                       
fep_030_0.400.en        1      1899  0.400000  -241.23   -97.18     8.78    -3.49     0.05  -159.44     9.63   -95.01    27.95   -45.27   -16.45   -19.15    -1.87     0.43
fep_030_0.400.en        2      1899  0.600000  -257.11  -161.09     6.36    -2.17     0.12   -93.44    -7.32   -37.93    10.74   -36.79   -16.24   -18.72    -1.82     0.43
--> Name of file number  32:                                                     
# Energy files from Qdyn, version: 5.10.17 , git id=9325b9c29ad62a733df16f540968e33ee6c78260                       
fep_031_0.380.en        1      1899  0.380000  -204.66   -46.09    10.45    -3.46     0.07  -187.59    19.86  -124.22    37.27   -45.89   -16.26   -17.48    -1.15     2.10
fep_031_0.380.en        2      1899  0.620000  -288.14  -173.15     6.69    -2.30     0.17  -108.64   -13.00   -47.92     4.22   -39.00   -16.13   -21.72    -1.09     2.10
--> Name of file number  33:                                                     
# Energy files from Qdyn, version: 5.10.17 , git id=9325b9c29ad62a733df16f540968e33ee6c78260                       
fep_032_0.360.en        1      1899  0.360000  -201.15   -46.11     7.68    -3.76     0.06  -182.56    21.87  -120.89    38.73   -46.63   -16.00   -15.03    -0.86     1.66
fep_032_0.360.en        2      1899  0.640000  -292.93  -173.74     6.41    -2.24     0.16  -113.33   -11.84   -48.44     4.74   -43.10   -15.78   -21.79    -0.81     1.66
--> Name of file number  34:                                                     
# Energy files from Qdyn, version: 5.10.17 , git id=9325b9c29ad62a733df16f540968e33ee6c78260                       
fep_033_0.340.en        1      1899  0.340000  -196.85   -44.58     8.14    -3.48     0.06  -180.14    21.25  -119.03    39.15   -46.02   -16.28   -15.09    -1.62     1.91
fep_033_0.340.en        2      1899  0.660000  -293.54  -174.20     6.10    -2.74     0.14  -110.22   -14.53   -49.72     3.14   -39.61   -16.10   -20.90    -1.56     1.91
--> Name of file number  35:                                                     
# Energy files from Qdyn, version: 5.10.17 , git id=9325b9c29ad62a733df16f540968e33ee6c78260                       
fep_034_0.320.en        1      1899  0.320000  -192.53   -41.65     7.10    -3.65     0.02  -178.77    22.15  -116.13    40.75   -45.41   -16.52   -17.23    -2.08     2.27
fep_034_0.320.en        2      1899  0.680000  -298.02  -175.24     5.46    -2.65     0.05  -112.99   -14.93   -50.63     3.35   -40.41   -16.25   -21.96    -2.03     2.27
--> Name of file number  36:                                                     
# Energy files from Qdyn, version: 5.10.17 , git id=9325b9c29ad62a733df16f540968e33ee6c78260                       
fep_035_0.300.en        1      1899  0.300000  -187.49   -40.57     7.79    -3.74     0.03  -177.54    24.52  -112.85    42.13   -50.21   -15.49   -14.48    -2.13     2.03
fep_035_0.300.en        2      1899  0.700000  -302.73  -175.36     3.91    -3.01     0.07  -115.85   -14.52   -51.40     2.91   -44.95   -15.35   -19.51    -2.08     2.03
--> Name of file number  37:                                                     
# Energy files from Qdyn, version: 5.10.17 , git id=9325b9c29ad62a733df16f540968e33ee6c78260                       
fep_036_0.280.en        1      1899  0.280000  -186.56   -40.82     7.80    -3.22     0.04  -180.01    27.82  -114.40    44.68   -48.25   -15.21   -17.36    -1.66     1.82
fep_036_0.280.en        2      1899  0.720000  -302.95  -175.91     4.39    -2.67     0.11  -117.44   -13.25   -51.42     3.41   -44.04   -15.06   -21.97    -1.60     1.82
--> Name of file number  38:                                                     
# Energy files from Qdyn, version: 5.10.17 , git id=9325b9c29ad62a733df16f540968e33ee6c78260                       
fep_037_0.260.en        1      1899  0.260000  -178.75   -38.15     8.56    -3.93     0.04  -176.63    29.33  -115.72    46.46   -45.22   -15.47   -15.70    -1.65     2.02
fep_037_0.260.en        2      1899  0.740000  -304.83  -176.35     5.03    -2.65     0.09  -119.20   -13.77   -52.14     3.15   -45.40   -15.32   -21.66    -1.60     2.02
--> Name of file number  39:                                                     
# Energy files from Qdyn, version: 5.10.17 , git id=9325b9c29ad62a733df16f540968e33ee6c78260                       
fep_038_0.240.en        1      1899  0.240000  -169.57   -36.73     8.91    -2.99     0.04  -171.68    30.76  -112.05    48.25   -47.75   -15.77   -11.88    -1.71     2.12
fep_038_0.240.en        2      1899  0.760000  -307.16  -176.80     4.12    -3.15     0.09  -119.12   -14.43   -53.25     2.87   -46.16   -15.63   -19.71    -1.66     2.12
--> Name of file number  40:                                                     
# Energy files from Qdyn, version: 5.10.17 , git id=9325b9c29ad62a733df16f540968e33ee6c78260                       
fep_039_0.220.en        1      1899  0.220000  -157.19   -32.39    10.29    -2.76     0.05  -167.78    32.70  -110.57    50.49   -46.92   -15.90   -10.29    -1.88     2.70
fep_039_0.220.en        2      1899  0.780000  -309.38  -177.03     4.32    -2.89     0.13  -121.22   -15.39   -55.60     2.33   -47.94   -15.88   -17.67    -1.84     2.70
--> Name of file number  41:                                                     
# Energy files from Qdyn, version: 5.10.17 , git id=9325b9c29ad62a733df16f540968e33ee6c78260                       
fep_040_0.200.en        1      1899  0.200000  -152.34   -30.84    10.76    -2.17     0.07  -169.10    36.24  -110.11    53.63   -49.70   -15.51    -9.29    -1.88     2.70
fep_040_0.200.en        2      1899  0.800000  -311.56  -178.05     4.49    -2.65     0.17  -123.33   -14.89   -57.68     2.55   -48.47   -15.61   -17.18    -1.83     2.70
--> Name of file number  42:                                                     
# Energy files from Qdyn, version: 5.10.17 , git id=9325b9c29ad62a733df16f540968e33ee6c78260                       
fep_041_0.180.en        1      1899  0.180000  -149.26   -32.72     9.93    -2.85     0.04  -165.10    38.97  -110.73    56.83   -47.34   -15.96    -7.03    -1.90     2.48
fep_041_0.180.en        2      1899  0.820000  -309.82  -178.22     4.50    -2.63     0.11  -121.07   -15.00   -56.82     2.79   -48.30   -15.92   -15.95    -1.86     2.48
--> Name of file number  43:                                                     
# Energy files from Qdyn, version: 5.10.17 , git id=9325b9c29ad62a733df16f540968e33ee6c78260                       
fep_042_0.160.en        1      1899  0.160000  -142.89   -30.31    10.06    -2.28     0.05  -165.14    41.92  -111.45    60.76   -47.90   -16.43    -5.79    -2.41     2.81
fep_042_0.160.en        2      1899  0.840000  -315.85  -178.45     3.72    -2.92     0.12  -124.53   -16.60   -57.97     2.26   -49.57   -16.50   -16.98    -2.37     2.81
--> Name of file number  44:                                                     
# Energy files from Qdyn, version: 5.10.17 , git id=9325b9c29ad62a733df16f540968e33ee6c78260                       
fep_043_0.140.en        1      1899  0.140000  -137.62   -32.07    11.26    -3.04     0.04  -164.75    48.39  -109.09    66.45   -47.64   -15.86    -8.02    -2.20     2.55
fep_043_0.140.en        2      1899  0.860000  -316.91  -178.55     3.77    -2.65     0.11  -126.40   -15.75   -59.11     2.29   -49.30   -15.88   -17.99    -2.16     2.55
--> Name of file number  45:                                                     
# Energy files from Qdyn, version: 5.10.17 , git id=9325b9c29ad62a733df16f540968e33ee6c78260                       
fep_044_0.120.en        1      1899  0.120000  -127.87   -30.38    13.03    -2.58     0.05  -163.93    53.10  -109.99    72.49   -46.70   -16.86    -7.24    -2.53     2.84
fep_044_0.120.en        2      1899  0.880000  -317.39  -178.07     3.83    -2.91     0.12  -126.16   -17.03   -60.24     2.35   -47.98   -16.90   -17.94    -2.49     2.84
--> Name of file number  46:                                                     
# Energy files from Qdyn, version: 5.10.17 , git id=9325b9c29ad62a733df16f540968e33ee6c78260                       
fep_045_0.100.en        1      1899  0.100000  -115.60   -31.41    12.32    -2.66     0.05  -162.93    66.10  -111.70    84.23   -49.93   -15.01    -1.30    -3.11     2.95
fep_045_0.100.en        2      1899  0.900000  -323.97  -179.32     2.98    -3.19     0.11  -131.72   -15.78   -62.56     2.43   -51.40   -15.14   -17.75    -3.07     2.95
--> Name of file number  47:                                                     
# Energy files from Qdyn, version: 5.10.17 , git id=9325b9c29ad62a733df16f540968e33ee6c78260                       
fep_046_0.080.en        1      1899  0.080000   -42.79   -39.97    57.11    -0.66     0.05  -145.57    83.62   -99.15   103.89   -45.96   -16.80    -0.46    -3.46     2.63
fep_046_0.080.en        2      1899  0.920000  -330.85  -179.16     3.40    -3.08     0.13  -139.34   -15.43   -77.39     4.93   -46.64   -16.94   -15.31    -3.42     2.63
--> Name of file number  48:                                                     
# Energy files from Qdyn, version: 5.10.17 , git id=9325b9c29ad62a733df16f540968e33ee6c78260                       
fep_047_0.060.en        1      1899  0.060000    33.83   -43.91    96.77    -0.02     0.04  -138.93   116.85   -91.89   137.01   -47.96   -17.15     0.92    -3.01     3.03
fep_047_0.060.en        2      1899  0.940000  -338.36  -178.71     3.45    -3.30     0.11  -150.53   -12.41   -92.88     7.81   -42.87   -17.25   -14.78    -2.97     3.03
--> Name of file number  49:                                                     
# Energy files from Qdyn, version: 5.10.17 , git id=9325b9c29ad62a733df16f540968e33ee6c78260                       
fep_048_0.040.en        1      1899  0.040000   104.13   -40.74   100.89     0.73     0.06  -141.19   180.68   -98.24   201.09   -45.24   -17.16     2.28    -3.25     3.70
fep_048_0.040.en        2      1899  0.960000  -338.52  -177.51     3.86    -3.17     0.15  -153.25   -12.31   -97.97     8.16   -41.78   -17.26   -13.51    -3.21     3.70
--> Name of file number  50:                                                     
# Energy files from Qdyn, version: 5.10.17 , git id=9325b9c29ad62a733df16f540968e33ee6c78260                       
fep_049_0.020.en        1      1899  0.020000   304.39   -41.01   101.53     1.32     0.05  -146.93   385.70  -103.60   405.22   -43.76   -17.01     0.42    -2.52     3.73
fep_049_0.020.en        2      1899  0.980000  -346.44  -177.68     3.71    -3.47     0.14  -161.98   -10.88  -104.20     8.79   -41.21   -17.20   -16.57    -2.48     3.73
--> Name of file number  51:                                                     
# Energy files from Qdyn, version: 5.10.17 , git id=9325b9c29ad62a733df16f540968e33ee6c78260                       
fep_050_0.000.en        1      1899  0.000000 ********    81.58   180.46     5.84     0.55   -59.76 ********   -34.86   533.97   -15.07 ********    -9.83 ********   282.75
fep_050_0.000.en        2      1899  1.000000   852.16    -1.50    85.41     5.78     1.37   -81.46    10.30   -27.81     9.54   -41.64     1.63   -12.01    -0.86   832.26
 
 
# Part 1: Free energy perturbation summary:

# Calculation for full system
# lambda(1)      dGf sum(dGf)      dGr sum(dGr)     <dG>
   1.000000     0.000     0.000    -5.116  -135.346     0.000
   0.980000     5.091     5.091    -4.920  -130.230     5.103
   0.960000     5.021    10.112    -4.829  -125.310    10.074
   0.940000     4.849    14.960    -4.695  -120.481    14.913
   0.920000     4.757    19.717    -4.607  -115.786    19.639
   0.900000     4.635    24.352    -4.535  -111.179    24.259
   0.880000     4.559    28.910    -4.424  -106.644    28.806
   0.860000     4.472    33.382    -4.379  -102.220    33.254
   0.840000     4.371    37.753    -4.183   -97.841    37.629
   0.820000     4.297    42.050    -4.158   -93.658    41.869
   0.800000     4.117    46.167    -4.096   -89.500    46.006
   0.780000     4.085    50.252    -3.784   -85.404    50.097
   0.760000     4.033    54.285    -2.756   -81.620    54.005
   0.740000     3.133    57.417    -2.456   -78.865    56.949
   0.720000     2.283    59.700    -2.040   -76.408    59.319
   0.700000     2.151    61.851    -1.805   -74.368    61.414
   0.680000     1.902    63.753    -1.627   -72.563    63.268
   0.660000     1.666    65.419    -1.512   -70.936    64.914
   0.640000     1.462    66.880    -1.318   -69.425    66.401
   0.620000     1.363    68.244    -1.134   -68.107    67.741
   0.600000     1.232    69.476    -1.144   -66.973    68.925
   0.580000     1.038    70.514    -0.973   -65.829    70.016
   0.560000     1.054    71.568    -0.792   -64.856    71.029
   0.540000     0.858    72.426    -0.679   -64.064    71.854
   0.520000     0.599    73.025    -0.459   -63.385    72.493
   0.500000     0.517    73.542    -0.301   -62.927    72.981
   0.480000     0.338    73.880    -0.150   -62.625    73.300
   0.460000     0.169    74.049     0.159   -62.475    73.460
   0.440000    -0.062    73.987     0.308   -62.634    73.349
   0.420000    -0.256    73.730     0.948   -62.942    73.067
   0.400000    -0.523    73.207     2.575   -63.890    72.331
   0.380000    -1.912    71.295     2.765   -66.465    70.088
   0.360000    -2.747    68.549     2.832   -69.230    67.332
   0.340000    -2.890    65.659     3.017   -72.062    64.471
   0.320000    -3.008    62.651     3.231   -75.079    61.459
   0.300000    -3.184    59.467     3.269   -78.310    58.252
   0.280000    -3.356    56.111     3.462   -81.579    54.939
   0.260000    -3.366    52.745     3.680   -85.041    51.525
   0.240000    -3.557    49.188     3.979   -88.721    47.907
   0.220000    -3.798    45.390     4.139   -92.700    44.018
   0.200000    -4.084    41.306     4.150   -96.839    39.907
   0.180000    -4.205    37.101     4.369  -100.989    35.729
   0.160000    -4.248    32.853     4.497  -105.358    31.421
   0.140000    -4.530    28.323     4.650  -109.855    26.907
   0.120000    -4.660    23.663     5.023  -114.504    22.252
   0.100000    -4.938    18.725     5.765  -119.528    17.272
   0.080000    -5.312    13.413     7.882  -125.292    11.733
   0.060000    -7.758     5.655     9.101  -133.174     3.914
   0.040000    -9.290    -3.635    10.930  -142.275    -5.282
   0.020000   -10.907   -14.542  -153.205  -153.205   -16.200
   0.000000   -19.839   -34.381     0.000     0.000    50.482
 
# Min energy-gap is:  -7853.78
# Max energy-gap is: *********
 
 
 
# Part 2: Reaction free energy summary:
# Lambda(1)  bin Energy gap      dGa     dGb     dGg    # pts    c1**2    c2**2
   1.000000    1  *********       0.00     225.94     -82.71   1899     0.811     0.189
   0.980000    1  *********      -0.01     228.31     -81.91   1899     0.808     0.192
   0.960000    1  *********       0.16     224.34     -82.40   1899     0.800     0.200
   0.940000    1  *********       0.22     212.57     -83.48   1899     0.797     0.203
   0.920000    1  *********       0.55     211.83     -83.66   1899     0.792     0.208
   0.900000    1  *********       0.68     214.79     -83.43   1899     0.788     0.212
   0.880000    1  *********       0.64     205.45     -83.93   1899     0.785     0.215
   0.860000    1  *********       1.56     199.20     -84.22   1899     0.780     0.220
   0.840000    1  *********       0.93     196.92     -84.36   1899     0.778     0.222
   0.820000    1  *********       1.52     193.85     -84.57   1899     0.769     0.231
   0.800000    1  *********       1.98     193.83     -84.50   1899     0.768     0.232
   0.780000    1  *********       1.92     189.74     -84.48   1899     0.765     0.235
   0.760000    1  *********      -1.89     127.39     -87.96   1899     0.736     0.264
   0.740000    1  *********      11.83     113.96     -89.70   1899     0.680     0.320
   0.720000    1  *********      14.40     114.12     -88.95   1899     0.665     0.335
   0.700000    1  *********      24.49     105.37     -89.34   1899     0.645     0.355
   0.680000    1  *********      25.78     100.97     -89.81   1899     0.629     0.371
   0.660000    1  *********      27.31      92.24     -90.34   1899     0.615     0.385
   0.640000    1  *********      25.70      92.35     -90.16   1899     0.608     0.392
   0.620000    1  *********      33.86      89.52     -90.11   1899     0.596     0.404
   0.600000    1  *********      37.12      83.55     -90.30   1899     0.582     0.418
   0.580000    1  *********      38.36      87.85     -90.23   1899     0.583     0.417
   0.560000    1  *********      38.26      80.23     -90.23   1899     0.570     0.430
   0.540000    1  *********      41.03      62.71     -90.29   1899     0.553     0.447
   0.520000    1  *********      39.78      69.37     -90.34   1899     0.546     0.454
   0.500000    1  *********      53.21      65.99     -89.82   1899     0.531     0.469
   0.480000    1  *********      50.69      63.28     -89.79   1899     0.518     0.482
   0.460000    1  *********      52.22      57.35     -89.93   1899     0.503     0.497
   0.440000    1  *********      65.28      52.39     -88.74   1899     0.484     0.516
   0.420000    1  *********      66.40      46.91     -88.79   1899     0.469     0.531
   0.400000    1  *********      74.41       5.62     -91.07   1899     0.403     0.597
   0.380000    1  *********     132.61       5.74     -91.01   1899     0.311     0.689
   0.360000    1  *********     135.86       5.52     -90.83   1899     0.301     0.699
   0.340000    1  *********     129.94       3.87     -90.85   1899     0.295     0.705
   0.320000    1  *********     145.95      -0.52     -91.07   1899     0.285     0.715
   0.300000    1  *********     146.92       0.71     -91.00   1899     0.274     0.726
   0.280000    1  *********     153.87       1.92     -90.86   1899     0.273     0.727
   0.260000    1  *********     156.54      -0.09     -90.87   1899     0.262     0.738
   0.240000    1  *********     163.68      -1.90     -90.84   1899     0.251     0.749
   0.220000    1  *********     173.15      -4.51     -90.66   1899     0.236     0.764
   0.200000    1  *********     187.59      -4.29     -90.51   1899     0.230     0.770
   0.180000    1  *********     182.78      -5.31     -90.75   1899     0.229     0.771
   0.160000    1  *********     189.73      -8.78     -90.54   1899     0.218     0.782
   0.140000    1  *********     194.86      -9.47     -90.37   1899     0.212     0.788
   0.120000    1  *********     194.84     -11.18     -90.62   1899     0.204     0.796
   0.100000    1  *********     208.32     -11.69     -89.32   1899     0.190     0.810
   0.080000    1  *********     220.44     -23.38     -88.53   1899     0.144     0.856
   0.060000    1  *********     318.01     -26.52     -79.47   1899     0.106     0.894
   0.040000    1  *********     359.90     -28.93     -77.79   1899     0.084     0.916
   0.020000    1  *********     414.90     -36.04     -75.17   1899     0.051     0.949
   0.000000    1  *********  -Infinity      50.48  -Infinity   1898     0.465     0.535
 
 
# Part 3: Bin-averaged summary:
# bin  energy gap  <dGg> <dGg norm> pts  <c1**2> <c2**2> <r_xy>
   1 ********* -Infinity       NaN      96848    0.490    0.510    1.548
