
Build and version information

Build number 5.10.22
Build date   20240304
Built:       
      by     nayanika
      on     nayanika-HP-Pavilion-Gaming-Laptop-15-ec0xxx
      git id 9325b9c29ad62a733df16f540968e33ee6c78260
      with   GNU Fortran Ubuntu 9.4.0-1ubuntu1~20.04.2 9.4.0
Current date 2024- 3-15 and time 13:45:39

----------------------- Reading input from relax_003.inp ----------------------
Boundary: sphere
Number of MD steps =       500  Stepsize (fs)    =     0.100
Target temperature =      0.10  T-relax time     =      0.10
 No thermostat chosen. Berendsen thermostat will be used.
 Leap frog integrator used by default.
Solute and solvent atoms coupled separately to heat bath.
Initial velocities will be generated from Maxwell distribution:
Maxwell temperature=      0.10 Random number seed=    374910
Shake constaints on all solvent bonds    : off
Shake constaints on all solute bonds     : off
Shake constaints on all bonds to hydrogen: off
Nonbonded method   = LRF Taylor expansion outside cut-off
Cut-off radii for non-bonded interactions:
Solute-solute:     10.00
Solvent-solvent:   10.00
Solute-solvent:    10.00
Q-atom-non-Q-atom: 99.00
LRF:               99.00
Radius of inner restrained shell       =      20.000
Excluded atoms force constant set to default
Excluded atom restraint force constant         =  200.00
Non-bonded pair list update interval   =      25
Energy summary print-out interval      =      10
Temperature print-out interval         =      10
Trajectory write interval              =      10
No energy file written.
All atoms will be included in the trajectory.
Topology file      = GPX6cys_mouse.top
Initial coord. file= relax_002.re
Final coord. file  = relax_003.re
Trajectory file    = relax_003.dcd
FEP input file     = GPX6_wtmousecys.fep

lambda-values      =  1.00000 0.00000

List of excluded atom groups

Listing of restraining data:

No. of sequence restraints =         1
  atom_i  atom_j      fc  H-flag to_centre
       1    3051   20.00       0         0

No. of distance restraints =         1
atom_i atom_j   dist1   dist2   fc        state
  3055   3056    0.00    3.50   10.00       0
---------------------------- Reading topology file ---------------------------
GPX6cys_mouse.top                                                               

No. of solute atoms     =       3058
No. of solvent atoms    =          0
No. of coordinates      =       9174
No. of atom type codes  =       3058
No. of solute bonds     =       3103
No. of solvent bonds    =          0
No. of solute angles    =       5597
No. of solvent angles   =          0
No. of solute torsions  =      11365
No. of solvent torsions =          0
No. of solute impropers =        658
No. of solvent impropers=          0
No. of atomic charges   =       3058
No. of solute chargegrps=        549
No. of solvent chargegps=          0
Charge group cut-off    : Switching atoms
vdW  rule [ 1=G / 2=A ] =          1
El-static 1-4 damping   =      0.500
Coulomb constant        =   332.0716
No. of atom types       =        145
No. of LJ type 2 pairs  =          0
No. of heavy atoms      =       1559
No. of 1-4 neighbours   =       8175
No. long-range 1-4 nbrs =          1
No. of nbor exclusions  =       8700
No. of long-range excls =          0
No. of residues         =        197
No. of molecules        =          3
Atom type names         =        145
SYBYL atom types        =        145
Boundary: sphere
Exclusion radius        =     20.000
Eff. solvent radius     =      0.000
Solute centre           =     43.704    34.968    42.174
Solvent centre          =     43.704    34.968    42.174
No. of excluded atoms   =       1268
Molecular topology read successfully.

Found        0 solute atoms in the restrained shell region ( 20.00 to  20.00)
----------------------------- Reading restart file ----------------------------
Total number of atoms        =    3058
Number of waters encountered =       0

----------------------------- Reading Q atom list ----------------------------
No. of fep/evb states    =     2
No. of fep/evb atoms     =    12
Atom nos.:   730   731   727   728   729  3055  3056  3057  3058  3052
Atom nos.:  3053  3054
--------------------------- Reading fep/evb strategy --------------------------

No. of changing charges  =    12
Effective Q-atom charges for all Q-atoms
Q atom    charge in state 1 state 2
     1               -0.335   0.121
     2                0.155   0.417
     3                0.060  -0.018
     4                0.060   0.060
     5                0.060   0.060
     6               -0.418  -0.834
     7               -0.418  -0.640
     8                0.418   0.417
     9                0.418   0.418
    10               -0.834  -0.834
    11                0.417   0.417
    12                0.417   0.417

   SUM               -0.000   0.000

No. of Q-atom types  =    14
Name            Ai      Bi      Ci     ai Ai(1-4) Bi(1-4)    Mass
S200       2838.18   60.83  165.00  2.50  2006.89   43.01   32.06
snn.SG     2593.94   55.60  165.00  2.50  1834.19   39.31   32.06
H204          0.00    0.00    0.00  2.50     0.00    0.00    1.01
HWN           0.00    0.00    0.00  2.50     0.00    0.00    1.01
C206        944.52   22.03    1.00  2.50   667.88   15.58   12.01
snn.CB      944.52   22.03    1.00  2.50   667.88   15.58   12.01
H140         84.57    5.41    1.00  2.50    59.80    3.83    1.01
snn.HB2      84.57    5.41    1.00  2.50    59.80    3.83    1.01
snn.HB3      84.57    5.41    1.00  2.50    59.80    3.83    1.01
prx.O       760.64   25.04  110.00  2.50   537.86   17.71   16.00
OWN         762.89   24.39  110.00  2.50   539.44   17.25   16.00
snn.OS      760.64   25.04  110.00  2.50   537.86   17.71   16.00
prx.H         0.01    0.04    1.00  2.50     0.00    0.03    1.01
snn.HG        0.01    0.04    1.00  2.50     0.00    0.03    1.01

Assigning Q-atom types to all Q atoms:
Q atom    atom type in  state 1  state 2
     1                  S200     snn.SG  
     2                  H204     HWN     
     3                  C206     snn.CB  
     4                  H140     snn.HB2 
     5                  H140     snn.HB3 
     6                  prx.O    OWN     
     7                  prx.O    snn.OS  
     8                  prx.H    HWN     
     9                  prx.H    snn.HG  
    10                  OWN      OWN     
    11                  HWN      HWN     
    12                  HWN      HWN     

No. of soft repulsion non-bonded pairs =     6
q-atom_i q-atom_j
      10       12
       6        7
       1        2
       6       12
      10        2
       1        7

Q-bond types:
type #  Morse E_diss    alpha       b0  Harmonic force_k 
     1        102.00     2.26     0.96
     2         54.00     2.32     1.32
     3         81.00     1.87     1.32
     4         81.00     1.87     1.32
     5                            0.94           1106.00
     6                            0.96           1106.00


No. of changing bonds    =     7
atom_i atom_j   bond type in state 1 state 2
  3052   3054                      1       0
  3055   3056                      2       0
   730    731                      3       0
  3054   3055                      0       1
   731   3052                      0       1
   730   3056                      0       4
  3055   3057                      5       6

Q-angle types:
type #       force-k   theta0
     1        200.00   104.52
     2        160.00   102.22
     3         88.00    96.00
     4        220.00   100.78
     5        130.00   106.24


No. of changing angles   =     8
atom_i atom_j atom_k    angle type in state 1 state 2
  3053   3052   3054                        1       0
  3055   3056   3058                        2       0
  3056   3055   3057                        2       0
   727    730    731                        3       0
  3054   3055   3057                        0       1
   727    730   3056                        0       4
   731   3052   3053                        0       1
   730   3056   3058                        0       5

Q-torsion types:
type #       force-k     mult    delta
     1         -2.50     2.00   180.00
     2          0.24     3.00     0.00
     3         -2.50     2.00   180.00
     4          0.24     3.00     0.00
     5          0.24     3.00     0.00


No. of changing torsions =     7
atom_i atom_j atom_k atom_l    torsion type in state 1 state 2
  3057   3055   3056   3058                          1       0
   728    727    730    731                          2       0
   729    727    730    731                          2       0
   727    730   3056   3058                          0       3
   728    727    730   3056                          0       4
   729    727    730   3056                          0       5
   731    730    727    725                          0       0

No. of offdiagonal (Hij) functions =     1
state_i state_j atom_k atom_l     Aij mu_ij
      1       2      1      7    0.00  0.00
No softcore section found. Using normal LJ potentials.

---------------- Removing redefined interactions from topology ---------------
type      atom1 atom2 atom3 atom4
bond        730   731
bond       3052  3054
bond       3057  3055
bond       3055  3056
angle       727   730   731
angle      3053  3052  3054
angle      3057  3055  3056
angle      3055  3056  3058
torsion     731   730   727   725
torsion     731   730   727   725
torsion     731   730   727   725
torsion     731   730   727   728
torsion     731   730   727   729
torsion    3057  3055  3056  3058

---------------------------- Initialising dynamics ---------------------------

Number of shake constraints             =          0
No. molecules with shake constraints    =          1
No. of Rcq indep. nb pairs involving q-atoms =    91 in state :  1
No. of Rcq indep. nb pairs involving q-atoms =    91 in state :  2

Coordinates for  3058 atoms will be written to the trajectory.
Initial x-shaking required   0 interations per molecule on average.
Initial v-shaking required   0 interations per molecule on average.
------------------------ Distribution of charge groups -----------------------
node value solute-solute solute-water  water-water     Q-solute      Q-water       #Shake       #Atoms   #Molecules
     total           549          549            0          549            0            1         3058            3
----------------------------- End of distribution ----------------------------

Initial temperatures are : Ttot =      0.10 Tfree =      0.10

------------------------ Nonbonded pair list generation -----------------------
=======================  Energy summary at step      0 ========================
                        el       vdW      bond     angle   torsion  improper
solute              -3919.66     -174.41      343.63      759.47     1666.34      161.64
solute-solvent          0.00        0.00
LRF                   -40.48
Q-atom                  9.46       -7.77     -209.15        0.36       -3.99        0.00

                     total       fix slvnt_rad slvnt_pol     shell    solute
restraints             12.01       11.46        0.00        0.00        0.00        0.56

                     total potential   kinetic
SUM                 -1401.23    -1402.55        1.32
======================= Q-atom energies at step      0 ========================
type   st lambda        el       vdW      bond     angle   torsion  improper
Q-Q     1 1.0000     14.71      0.03
Q-Q     2 0.0000      8.04     13.65

Q-prot  1 1.0000     -5.24     -7.80
Q-prot  2 0.0000    -12.60     -7.15

Q-surr. 1 1.0000     -5.24     -7.80
Q-surr. 2 0.0000    -12.60     -7.15

Q-any   1 1.0000      9.46     -7.77   -209.15      0.36     -3.99      0.00
Q-any   2 0.0000     -4.56      6.49     -8.75     55.41     -1.87      0.00

type   st lambda     total restraint
Q-SUM   1 1.0000   -211.08      0.00
Q-SUM   2 0.0000     46.73      0.00
H( 1, 2) =    0.00 dist. between Q-atoms   1   7 =    5.77
===============================================================================
Temperature at step       0:         T_tot=       0.1         T_free=       0.2
Temperature at step       1:         T_tot=       0.2         T_free=       0.2
=======================  Energy summary at step     10 ========================
                        el       vdW      bond     angle   torsion  improper
solute              -3920.24     -175.75      339.40      756.51     1661.96      160.65
solute-solvent          0.00        0.00
LRF                   -40.49
Q-atom                  9.41       -7.76     -210.03        0.37       -3.98        0.00

                     total       fix slvnt_rad slvnt_pol     shell    solute
restraints             12.66       12.07        0.00        0.00        0.00        0.59

                     total potential   kinetic
SUM                 -1415.65    -1417.27        1.62
======================= Q-atom energies at step     10 ========================
type   st lambda        el       vdW      bond     angle   torsion  improper
Q-Q     1 1.0000     14.69      0.03
Q-Q     2 0.0000      7.78     13.41

Q-prot  1 1.0000     -5.28     -7.79
Q-prot  2 0.0000    -12.62     -7.15

Q-surr. 1 1.0000     -5.28     -7.79
Q-surr. 2 0.0000    -12.62     -7.15

Q-any   1 1.0000      9.41     -7.76   -210.03      0.37     -3.98      0.00
Q-any   2 0.0000     -4.84      6.26     -8.77     55.39     -1.87      0.00

type   st lambda     total restraint
Q-SUM   1 1.0000   -211.99      0.00
Q-SUM   2 0.0000     46.17      0.00
H( 1, 2) =    0.00 dist. between Q-atoms   1   7 =    5.78
===============================================================================
Temperature at step      10:         T_tot=       0.2         T_free=       0.2
=======================  Energy summary at step     20 ========================
                        el       vdW      bond     angle   torsion  improper
solute              -3920.87     -177.19      334.85      753.28     1657.21      159.58
solute-solvent          0.00        0.00
LRF                   -40.50
Q-atom                  9.35       -7.75     -210.94        0.38       -3.98        0.00

                     total       fix slvnt_rad slvnt_pol     shell    solute
restraints             13.38       12.76        0.00        0.00        0.00        0.63

                     total potential   kinetic
SUM                 -1431.58    -1433.19        1.61
======================= Q-atom energies at step     20 ========================
type   st lambda        el       vdW      bond     angle   torsion  improper
Q-Q     1 1.0000     14.68      0.04
Q-Q     2 0.0000      7.51     13.16

Q-prot  1 1.0000     -5.32     -7.79
Q-prot  2 0.0000    -12.65     -7.14

Q-surr. 1 1.0000     -5.32     -7.79
Q-surr. 2 0.0000    -12.65     -7.14

Q-any   1 1.0000      9.35     -7.75   -210.94      0.38     -3.98      0.00
Q-any   2 0.0000     -5.14      6.02     -8.78     55.34     -1.87      0.00

type   st lambda     total restraint
Q-SUM   1 1.0000   -212.94      0.00
Q-SUM   2 0.0000     45.57      0.00
H( 1, 2) =    0.00 dist. between Q-atoms   1   7 =    5.78
===============================================================================
Temperature at step      20:         T_tot=       0.2         T_free=       0.2
------------------------ Nonbonded pair list generation -----------------------
=======================  Energy summary at step     30 ========================
                        el       vdW      bond     angle   torsion  improper
solute              -3919.18     -178.59      330.39      750.10     1652.48      158.50
solute-solvent          0.00        0.00
LRF                   -42.83
Q-atom                  9.30       -7.74     -211.82        0.39       -3.97        0.00

                     total       fix slvnt_rad slvnt_pol     shell    solute
restraints             14.11       13.45        0.00        0.00        0.00        0.66

                     total potential   kinetic
SUM                 -1447.27    -1448.87        1.60
======================= Q-atom energies at step     30 ========================
type   st lambda        el       vdW      bond     angle   torsion  improper
Q-Q     1 1.0000     14.66      0.04
Q-Q     2 0.0000      7.24     12.92

Q-prot  1 1.0000     -5.37     -7.79
Q-prot  2 0.0000    -12.68     -7.14

Q-surr. 1 1.0000     -5.37     -7.79
Q-surr. 2 0.0000    -12.68     -7.14

Q-any   1 1.0000      9.30     -7.74   -211.82      0.39     -3.97      0.00
Q-any   2 0.0000     -5.44      5.78     -8.79     55.30     -1.87      0.00

type   st lambda     total restraint
Q-SUM   1 1.0000   -213.86      0.00
Q-SUM   2 0.0000     44.99      0.00
H( 1, 2) =    0.00 dist. between Q-atoms   1   7 =    5.78
===============================================================================
Temperature at step      30:         T_tot=       0.2         T_free=       0.2
=======================  Energy summary at step     40 ========================
                        el       vdW      bond     angle   torsion  improper
solute              -3919.81     -179.98      326.01      746.97     1647.77      157.44
solute-solvent          0.00        0.00
LRF                   -42.84
Q-atom                  9.24       -7.74     -212.66        0.39       -3.97        0.00

                     total       fix slvnt_rad slvnt_pol     shell    solute
restraints             14.85       14.15        0.00        0.00        0.00        0.70

                     total potential   kinetic
SUM                 -1462.74    -1464.32        1.59
======================= Q-atom energies at step     40 ========================
type   st lambda        el       vdW      bond     angle   torsion  improper
Q-Q     1 1.0000     14.65      0.05
Q-Q     2 0.0000      6.99     12.69

Q-prot  1 1.0000     -5.41     -7.78
Q-prot  2 0.0000    -12.71     -7.14

Q-surr. 1 1.0000     -5.41     -7.78
Q-surr. 2 0.0000    -12.71     -7.14

Q-any   1 1.0000      9.24     -7.74   -212.66      0.39     -3.97      0.00
Q-any   2 0.0000     -5.72      5.56     -8.81     55.26     -1.87      0.00

type   st lambda     total restraint
Q-SUM   1 1.0000   -214.73      0.00
Q-SUM   2 0.0000     44.42      0.00
H( 1, 2) =    0.00 dist. between Q-atoms   1   7 =    5.78
===============================================================================
Temperature at step      40:         T_tot=       0.2         T_free=       0.2
------------------------ Nonbonded pair list generation -----------------------
=======================  Energy summary at step     50 ========================
                        el       vdW      bond     angle   torsion  improper
solute              -3920.43     -181.35      321.72      743.88     1643.08      156.38
solute-solvent          0.00        0.00
LRF                   -42.88
Q-atom                  9.18       -7.73     -213.46        0.40       -3.97        0.00

                     total       fix slvnt_rad slvnt_pol     shell    solute
restraints             15.60       14.86        0.00        0.00        0.00        0.74

                     total potential   kinetic
SUM                 -1478.00    -1479.57        1.57
======================= Q-atom energies at step     50 ========================
type   st lambda        el       vdW      bond     angle   torsion  improper
Q-Q     1 1.0000     14.63      0.05
Q-Q     2 0.0000      6.74     12.47

Q-prot  1 1.0000     -5.46     -7.78
Q-prot  2 0.0000    -12.73     -7.14

Q-surr. 1 1.0000     -5.46     -7.78
Q-surr. 2 0.0000    -12.73     -7.14

Q-any   1 1.0000      9.18     -7.73   -213.46      0.40     -3.97      0.00
Q-any   2 0.0000     -6.00      5.34     -8.82     55.22     -1.87      0.00

type   st lambda     total restraint
Q-SUM   1 1.0000   -215.58      0.00
Q-SUM   2 0.0000     43.87      0.00
H( 1, 2) =    0.00 dist. between Q-atoms   1   7 =    5.78
===============================================================================
Temperature at step      50:         T_tot=       0.2         T_free=       0.2
=======================  Energy summary at step     60 ========================
                        el       vdW      bond     angle   torsion  improper
solute              -3921.05     -182.70      317.51      740.84     1638.41      155.32
solute-solvent          0.00        0.00
LRF                   -42.89
Q-atom                  9.12       -7.72     -214.24        0.40       -3.96        0.00

                     total       fix slvnt_rad slvnt_pol     shell    solute
restraints             16.36       15.58        0.00        0.00        0.00        0.78

                     total potential   kinetic
SUM                 -1493.02    -1494.58        1.56
======================= Q-atom energies at step     60 ========================
type   st lambda        el       vdW      bond     angle   torsion  improper
Q-Q     1 1.0000     14.62      0.06
Q-Q     2 0.0000      6.49     12.26

Q-prot  1 1.0000     -5.50     -7.78
Q-prot  2 0.0000    -12.76     -7.13

Q-surr. 1 1.0000     -5.50     -7.78
Q-surr. 2 0.0000    -12.76     -7.13

Q-any   1 1.0000      9.12     -7.72   -214.24      0.40     -3.96      0.00
Q-any   2 0.0000     -6.27      5.13     -8.83     55.18     -1.86      0.00

type   st lambda     total restraint
Q-SUM   1 1.0000   -216.39      0.00
Q-SUM   2 0.0000     43.34      0.00
H( 1, 2) =    0.00 dist. between Q-atoms   1   7 =    5.78
===============================================================================
Temperature at step      60:         T_tot=       0.2         T_free=       0.2
=======================  Energy summary at step     70 ========================
                        el       vdW      bond     angle   torsion  improper
solute              -3921.66     -184.03      313.38      737.84     1633.77      154.27
solute-solvent          0.00        0.00
LRF                   -42.90
Q-atom                  9.06       -7.71     -214.98        0.41       -3.96        0.00

                     total       fix slvnt_rad slvnt_pol     shell    solute
restraints             17.13       16.31        0.00        0.00        0.00        0.83

                     total potential   kinetic
SUM                 -1507.82    -1509.37        1.55
======================= Q-atom energies at step     70 ========================
type   st lambda        el       vdW      bond     angle   torsion  improper
Q-Q     1 1.0000     14.60      0.06
Q-Q     2 0.0000      6.26     12.05

Q-prot  1 1.0000     -5.54     -7.77
Q-prot  2 0.0000    -12.79     -7.13

Q-surr. 1 1.0000     -5.54     -7.77
Q-surr. 2 0.0000    -12.79     -7.13

Q-any   1 1.0000      9.06     -7.71   -214.98      0.41     -3.96      0.00
Q-any   2 0.0000     -6.53      4.92     -8.85     55.14     -1.86      0.00

type   st lambda     total restraint
Q-SUM   1 1.0000   -217.18      0.00
Q-SUM   2 0.0000     42.83      0.00
H( 1, 2) =    0.00 dist. between Q-atoms   1   7 =    5.78
===============================================================================
Temperature at step      70:         T_tot=       0.2         T_free=       0.2
------------------------ Nonbonded pair list generation -----------------------
=======================  Energy summary at step     80 ========================
                        el       vdW      bond     angle   torsion  improper
solute              -3922.25     -185.33      309.33      734.89     1629.15      153.22
solute-solvent          0.00        0.00
LRF                   -42.95
Q-atom                  9.00       -7.71     -215.69        0.42       -3.95        0.00

                     total       fix slvnt_rad slvnt_pol     shell    solute
restraints             17.91       17.04        0.00        0.00        0.00        0.87

                     total potential   kinetic
SUM                 -1522.43    -1523.97        1.54
======================= Q-atom energies at step     80 ========================
type   st lambda        el       vdW      bond     angle   torsion  improper
Q-Q     1 1.0000     14.59      0.07
Q-Q     2 0.0000      6.03     11.85

Q-prot  1 1.0000     -5.58     -7.77
Q-prot  2 0.0000    -12.82     -7.13

Q-surr. 1 1.0000     -5.58     -7.77
Q-surr. 2 0.0000    -12.82     -7.13

Q-any   1 1.0000      9.00     -7.71   -215.69      0.42     -3.95      0.00
Q-any   2 0.0000     -6.79      4.73     -8.86     55.10     -1.86      0.00

type   st lambda     total restraint
Q-SUM   1 1.0000   -217.93      0.00
Q-SUM   2 0.0000     42.32      0.00
H( 1, 2) =    0.00 dist. between Q-atoms   1   7 =    5.78
===============================================================================
Temperature at step      80:         T_tot=       0.2         T_free=       0.2
=======================  Energy summary at step     90 ========================
                        el       vdW      bond     angle   torsion  improper
solute              -3922.86     -186.62      305.36      731.98     1624.55      152.18
solute-solvent          0.00        0.00
LRF                   -42.96
Q-atom                  8.94       -7.70     -216.38        0.42       -3.95        0.00

                     total       fix slvnt_rad slvnt_pol     shell    solute
restraints             18.69       17.78        0.00        0.00        0.00        0.91

                     total potential   kinetic
SUM                 -1536.82    -1538.35        1.53
======================= Q-atom energies at step     90 ========================
type   st lambda        el       vdW      bond     angle   torsion  improper
Q-Q     1 1.0000     14.57      0.07
Q-Q     2 0.0000      5.81     11.66

Q-prot  1 1.0000     -5.63     -7.77
Q-prot  2 0.0000    -12.85     -7.12

Q-surr. 1 1.0000     -5.63     -7.77
Q-surr. 2 0.0000    -12.85     -7.12

Q-any   1 1.0000      8.94     -7.70   -216.38      0.42     -3.95      0.00
Q-any   2 0.0000     -7.04      4.54     -8.87     55.07     -1.86      0.00

type   st lambda     total restraint
Q-SUM   1 1.0000   -218.66      0.00
Q-SUM   2 0.0000     41.83      0.00
H( 1, 2) =    0.00 dist. between Q-atoms   1   7 =    5.79
===============================================================================
Temperature at step      90:         T_tot=       0.2         T_free=       0.2
------------------------ Nonbonded pair list generation -----------------------
=======================  Energy summary at step    100 ========================
                        el       vdW      bond     angle   torsion  improper
solute              -3926.03     -187.86      301.47      729.11     1619.97      151.14
solute-solvent          0.00        0.00
LRF                   -40.44
Q-atom                  8.89       -7.69     -217.04        0.42       -3.94        0.00

                     total       fix slvnt_rad slvnt_pol     shell    solute
restraints             19.48       18.53        0.00        0.00        0.00        0.96

                     total potential   kinetic
SUM                 -1550.99    -1552.51        1.52
======================= Q-atom energies at step    100 ========================
type   st lambda        el       vdW      bond     angle   torsion  improper
Q-Q     1 1.0000     14.56      0.07
Q-Q     2 0.0000      5.59     11.48

Q-prot  1 1.0000     -5.67     -7.77
Q-prot  2 0.0000    -12.87     -7.12

Q-surr. 1 1.0000     -5.67     -7.77
Q-surr. 2 0.0000    -12.87     -7.12

Q-any   1 1.0000      8.89     -7.69   -217.04      0.42     -3.94      0.00
Q-any   2 0.0000     -7.28      4.35     -8.89     55.03     -1.86      0.00

type   st lambda     total restraint
Q-SUM   1 1.0000   -219.36      0.00
Q-SUM   2 0.0000     41.36      0.00
H( 1, 2) =    0.00 dist. between Q-atoms   1   7 =    5.79
===============================================================================
Temperature at step     100:         T_tot=       0.2         T_free=       0.2
=======================  Energy summary at step    110 ========================
                        el       vdW      bond     angle   torsion  improper
solute              -3926.63     -189.11      297.66      726.29     1615.42      150.11
solute-solvent          0.00        0.00
LRF                   -40.45
Q-atom                  8.83       -7.69     -217.67        0.43       -3.94        0.00

                     total       fix slvnt_rad slvnt_pol     shell    solute
restraints             20.28       19.28        0.00        0.00        0.00        1.00

                     total potential   kinetic
SUM                 -1564.98    -1566.49        1.51
======================= Q-atom energies at step    110 ========================
type   st lambda        el       vdW      bond     angle   torsion  improper
Q-Q     1 1.0000     14.54      0.08
Q-Q     2 0.0000      5.38     11.30

Q-prot  1 1.0000     -5.71     -7.76
Q-prot  2 0.0000    -12.90     -7.12

Q-surr. 1 1.0000     -5.71     -7.76
Q-surr. 2 0.0000    -12.90     -7.12

Q-any   1 1.0000      8.83     -7.69   -217.67      0.43     -3.94      0.00
Q-any   2 0.0000     -7.52      4.18     -8.90     54.99     -1.86      0.00

type   st lambda     total restraint
Q-SUM   1 1.0000   -220.04      0.00
Q-SUM   2 0.0000     40.89      0.00
H( 1, 2) =    0.00 dist. between Q-atoms   1   7 =    5.79
===============================================================================
Temperature at step     110:         T_tot=       0.2         T_free=       0.2
=======================  Energy summary at step    120 ========================
                        el       vdW      bond     angle   torsion  improper
solute              -3927.24     -190.34      293.92      723.50     1610.89      149.08
solute-solvent          0.00        0.00
LRF                   -40.46
Q-atom                  8.77       -7.68     -218.28        0.43       -3.94        0.00

                     total       fix slvnt_rad slvnt_pol     shell    solute
restraints             21.08       20.03        0.00        0.00        0.00        1.05

                     total potential   kinetic
SUM                 -1578.76    -1580.26        1.50
======================= Q-atom energies at step    120 ========================
type   st lambda        el       vdW      bond     angle   torsion  improper
Q-Q     1 1.0000     14.53      0.08
Q-Q     2 0.0000      5.18     11.12

Q-prot  1 1.0000     -5.75     -7.76
Q-prot  2 0.0000    -12.93     -7.12

Q-surr. 1 1.0000     -5.75     -7.76
Q-surr. 2 0.0000    -12.93     -7.12

Q-any   1 1.0000      8.77     -7.68   -218.28      0.43     -3.94      0.00
Q-any   2 0.0000     -7.75      4.01     -8.91     54.95     -1.86      0.00

type   st lambda     total restraint
Q-SUM   1 1.0000   -220.70      0.00
Q-SUM   2 0.0000     40.44      0.00
H( 1, 2) =    0.00 dist. between Q-atoms   1   7 =    5.79
===============================================================================
Temperature at step     120:         T_tot=       0.2         T_free=       0.2
------------------------ Nonbonded pair list generation -----------------------
=======================  Energy summary at step    130 ========================
                        el       vdW      bond     angle   torsion  improper
solute              -3927.81     -191.56      290.26      720.76     1606.38      148.06
solute-solvent          0.00        0.00
LRF                   -40.52
Q-atom                  8.71       -7.67     -218.87        0.43       -3.93        0.00

                     total       fix slvnt_rad slvnt_pol     shell    solute
restraints             21.89       20.79        0.00        0.00        0.00        1.09

                     total potential   kinetic
SUM                 -1592.38    -1593.87        1.49
======================= Q-atom energies at step    130 ========================
type   st lambda        el       vdW      bond     angle   torsion  improper
Q-Q     1 1.0000     14.51      0.09
Q-Q     2 0.0000      4.98     10.95

Q-prot  1 1.0000     -5.80     -7.76
Q-prot  2 0.0000    -12.95     -7.11

Q-surr. 1 1.0000     -5.80     -7.76
Q-surr. 2 0.0000    -12.95     -7.11

Q-any   1 1.0000      8.71     -7.67   -218.87      0.43     -3.93      0.00
Q-any   2 0.0000     -7.97      3.84     -8.92     54.92     -1.86      0.00

type   st lambda     total restraint
Q-SUM   1 1.0000   -221.33      0.00
Q-SUM   2 0.0000     40.00      0.00
H( 1, 2) =    0.00 dist. between Q-atoms   1   7 =    5.79
===============================================================================
Temperature at step     130:         T_tot=       0.2         T_free=       0.2
=======================  Energy summary at step    140 ========================
                        el       vdW      bond     angle   torsion  improper
solute              -3928.40     -192.76      286.67      718.05     1601.90      147.05
solute-solvent          0.00        0.00
LRF                   -40.53
Q-atom                  8.66       -7.67     -219.43        0.43       -3.93        0.00

                     total       fix slvnt_rad slvnt_pol     shell    solute
restraints             22.70       21.56        0.00        0.00        0.00        1.14

                     total potential   kinetic
SUM                 -1605.79    -1607.27        1.48
======================= Q-atom energies at step    140 ========================
type   st lambda        el       vdW      bond     angle   torsion  improper
Q-Q     1 1.0000     14.49      0.09
Q-Q     2 0.0000      4.78     10.79

Q-prot  1 1.0000     -5.84     -7.76
Q-prot  2 0.0000    -12.98     -7.11

Q-surr. 1 1.0000     -5.84     -7.76
Q-surr. 2 0.0000    -12.98     -7.11

Q-any   1 1.0000      8.66     -7.67   -219.43      0.43     -3.93      0.00
Q-any   2 0.0000     -8.19      3.68     -8.94     54.88     -1.86      0.00

type   st lambda     total restraint
Q-SUM   1 1.0000   -221.94      0.00
Q-SUM   2 0.0000     39.57      0.00
H( 1, 2) =    0.00 dist. between Q-atoms   1   7 =    5.79
===============================================================================
Temperature at step     140:         T_tot=       0.2         T_free=       0.2
------------------------ Nonbonded pair list generation -----------------------
=======================  Energy summary at step    150 ========================
                        el       vdW      bond     angle   torsion  improper
solute              -3929.01     -193.95      283.15      715.38     1597.45      146.04
solute-solvent          0.00        0.00
LRF                   -40.55
Q-atom                  8.60       -7.66     -219.98        0.43       -3.92        0.00

                     total       fix slvnt_rad slvnt_pol     shell    solute
restraints             23.51       22.32        0.00        0.00        0.00        1.19

                     total potential   kinetic
SUM                 -1619.04    -1620.50        1.47
======================= Q-atom energies at step    150 ========================
type   st lambda        el       vdW      bond     angle   torsion  improper
Q-Q     1 1.0000     14.48      0.09
Q-Q     2 0.0000      4.60     10.63

Q-prot  1 1.0000     -5.88     -7.76
Q-prot  2 0.0000    -13.00     -7.11

Q-surr. 1 1.0000     -5.88     -7.76
Q-surr. 2 0.0000    -13.00     -7.11

Q-any   1 1.0000      8.60     -7.66   -219.98      0.43     -3.92      0.00
Q-any   2 0.0000     -8.41      3.52     -8.95     54.85     -1.86      0.00

type   st lambda     total restraint
Q-SUM   1 1.0000   -222.53      0.00
Q-SUM   2 0.0000     39.16      0.00
H( 1, 2) =    0.00 dist. between Q-atoms   1   7 =    5.79
===============================================================================
Temperature at step     150:         T_tot=       0.2         T_free=       0.2
=======================  Energy summary at step    160 ========================
                        el       vdW      bond     angle   torsion  improper
solute              -3929.60     -195.12      279.71      712.75     1593.02      145.03
solute-solvent          0.00        0.00
LRF                   -40.56
Q-atom                  8.54       -7.65     -220.50        0.44       -3.92        0.00

                     total       fix slvnt_rad slvnt_pol     shell    solute
restraints             24.33       23.09        0.00        0.00        0.00        1.24

                     total potential   kinetic
SUM                 -1632.08    -1633.54        1.46
======================= Q-atom energies at step    160 ========================
type   st lambda        el       vdW      bond     angle   torsion  improper
Q-Q     1 1.0000     14.46      0.10
Q-Q     2 0.0000      4.41     10.48

Q-prot  1 1.0000     -5.92     -7.75
Q-prot  2 0.0000    -13.03     -7.11

Q-surr. 1 1.0000     -5.92     -7.75
Q-surr. 2 0.0000    -13.03     -7.11

Q-any   1 1.0000      8.54     -7.65   -220.50      0.44     -3.92      0.00
Q-any   2 0.0000     -8.62      3.37     -8.96     54.81     -1.86      0.00

type   st lambda     total restraint
Q-SUM   1 1.0000   -223.10      0.00
Q-SUM   2 0.0000     38.75      0.00
H( 1, 2) =    0.00 dist. between Q-atoms   1   7 =    5.79
===============================================================================
Temperature at step     160:         T_tot=       0.2         T_free=       0.2
=======================  Energy summary at step    170 ========================
                        el       vdW      bond     angle   torsion  improper
solute              -3930.20     -196.27      276.33      710.16     1588.61      144.03
solute-solvent          0.00        0.00
LRF                   -40.57
Q-atom                  8.48       -7.65     -221.01        0.44       -3.91        0.00

                     total       fix slvnt_rad slvnt_pol     shell    solute
restraints             25.15       23.86        0.00        0.00        0.00        1.29

                     total potential   kinetic
SUM                 -1644.95    -1646.40        1.45
======================= Q-atom energies at step    170 ========================
type   st lambda        el       vdW      bond     angle   torsion  improper
Q-Q     1 1.0000     14.45      0.10
Q-Q     2 0.0000      4.23     10.33

Q-prot  1 1.0000     -5.96     -7.75
Q-prot  2 0.0000    -13.06     -7.10

Q-surr. 1 1.0000     -5.96     -7.75
Q-surr. 2 0.0000    -13.06     -7.10

Q-any   1 1.0000      8.48     -7.65   -221.01      0.44     -3.91      0.00
Q-any   2 0.0000     -8.82      3.23     -8.97     54.78     -1.86      0.00

type   st lambda     total restraint
Q-SUM   1 1.0000   -223.65      0.00
Q-SUM   2 0.0000     38.35      0.00
H( 1, 2) =    0.00 dist. between Q-atoms   1   7 =    5.80
===============================================================================
Temperature at step     170:         T_tot=       0.2         T_free=       0.2
------------------------ Nonbonded pair list generation -----------------------
=======================  Energy summary at step    180 ========================
                        el       vdW      bond     angle   torsion  improper
solute              -3930.79     -197.41      273.03      707.61     1584.23      143.04
solute-solvent          0.00        0.00
LRF                   -40.60
Q-atom                  8.43       -7.64     -221.50        0.44       -3.91        0.00

                     total       fix slvnt_rad slvnt_pol     shell    solute
restraints             25.98       24.64        0.00        0.00        0.00        1.34

                     total potential   kinetic
SUM                 -1657.66    -1659.10        1.44
======================= Q-atom energies at step    180 ========================
type   st lambda        el       vdW      bond     angle   torsion  improper
Q-Q     1 1.0000     14.43      0.11
Q-Q     2 0.0000      4.06     10.19

Q-prot  1 1.0000     -6.01     -7.75
Q-prot  2 0.0000    -13.08     -7.10

Q-surr. 1 1.0000     -6.01     -7.75
Q-surr. 2 0.0000    -13.08     -7.10

Q-any   1 1.0000      8.43     -7.64   -221.50      0.44     -3.91      0.00
Q-any   2 0.0000     -9.02      3.08     -8.99     54.74     -1.86      0.00

type   st lambda     total restraint
Q-SUM   1 1.0000   -224.19      0.00
Q-SUM   2 0.0000     37.96      0.00
H( 1, 2) =    0.00 dist. between Q-atoms   1   7 =    5.80
===============================================================================
Temperature at step     180:         T_tot=       0.2         T_free=       0.2
=======================  Energy summary at step    190 ========================
                        el       vdW      bond     angle   torsion  improper
solute              -3931.37     -198.53      269.79      705.09     1579.88      142.05
solute-solvent          0.00        0.00
LRF                   -40.61
Q-atom                  8.37       -7.64     -221.97        0.44       -3.90        0.00

                     total       fix slvnt_rad slvnt_pol     shell    solute
restraints             26.80       25.41        0.00        0.00        0.00        1.39

                     total potential   kinetic
SUM                 -1670.18    -1671.61        1.43
======================= Q-atom energies at step    190 ========================
type   st lambda        el       vdW      bond     angle   torsion  improper
Q-Q     1 1.0000     14.41      0.11
Q-Q     2 0.0000      3.89     10.05

Q-prot  1 1.0000     -6.05     -7.75
Q-prot  2 0.0000    -13.11     -7.10

Q-surr. 1 1.0000     -6.05     -7.75
Q-surr. 2 0.0000    -13.11     -7.10

Q-any   1 1.0000      8.37     -7.64   -221.97      0.44     -3.90      0.00
Q-any   2 0.0000     -9.22      2.95     -9.00     54.71     -1.86      0.00

type   st lambda     total restraint
Q-SUM   1 1.0000   -224.71      0.00
Q-SUM   2 0.0000     37.58      0.00
H( 1, 2) =    0.00 dist. between Q-atoms   1   7 =    5.80
===============================================================================
Temperature at step     190:         T_tot=       0.2         T_free=       0.2
------------------------ Nonbonded pair list generation -----------------------
=======================  Energy summary at step    200 ========================
                        el       vdW      bond     angle   torsion  improper
solute              -3932.03     -199.65      266.62      702.60     1575.56      141.07
solute-solvent          0.00        0.00
LRF                   -40.57
Q-atom                  8.31       -7.63     -222.42        0.43       -3.90        0.00

                     total       fix slvnt_rad slvnt_pol     shell    solute
restraints             27.63       26.18        0.00        0.00        0.00        1.44

                     total potential   kinetic
SUM                 -1682.56    -1683.98        1.42
======================= Q-atom energies at step    200 ========================
type   st lambda        el       vdW      bond     angle   torsion  improper
Q-Q     1 1.0000     14.40      0.11
Q-Q     2 0.0000      3.72      9.91

Q-prot  1 1.0000     -6.09     -7.75
Q-prot  2 0.0000    -13.13     -7.10

Q-surr. 1 1.0000     -6.09     -7.75
Q-surr. 2 0.0000    -13.13     -7.10

Q-any   1 1.0000      8.31     -7.63   -222.42      0.43     -3.90      0.00
Q-any   2 0.0000     -9.41      2.81     -9.01     54.67     -1.85      0.00

type   st lambda     total restraint
Q-SUM   1 1.0000   -225.21      0.00
Q-SUM   2 0.0000     37.21      0.00
H( 1, 2) =    0.00 dist. between Q-atoms   1   7 =    5.80
===============================================================================
Temperature at step     200:         T_tot=       0.2         T_free=       0.2
=======================  Energy summary at step    210 ========================
                        el       vdW      bond     angle   torsion  improper
solute              -3932.62     -200.75      263.51      700.15     1571.26      140.10
solute-solvent          0.00        0.00
LRF                   -40.58
Q-atom                  8.25       -7.63     -222.86        0.43       -3.90        0.00

                     total       fix slvnt_rad slvnt_pol     shell    solute
restraints             28.46       26.96        0.00        0.00        0.00        1.50

                     total potential   kinetic
SUM                 -1694.76    -1696.17        1.41
======================= Q-atom energies at step    210 ========================
type   st lambda        el       vdW      bond     angle   torsion  improper
Q-Q     1 1.0000     14.38      0.12
Q-Q     2 0.0000      3.56      9.78

Q-prot  1 1.0000     -6.13     -7.75
Q-prot  2 0.0000    -13.16     -7.10

Q-surr. 1 1.0000     -6.13     -7.75
Q-surr. 2 0.0000    -13.16     -7.10

Q-any   1 1.0000      8.25     -7.63   -222.86      0.43     -3.90      0.00
Q-any   2 0.0000     -9.60      2.68     -9.02     54.64     -1.85      0.00

type   st lambda     total restraint
Q-SUM   1 1.0000   -225.70      0.00
Q-SUM   2 0.0000     36.85      0.00
H( 1, 2) =    0.00 dist. between Q-atoms   1   7 =    5.80
===============================================================================
Temperature at step     210:         T_tot=       0.2         T_free=       0.2
=======================  Energy summary at step    220 ========================
                        el       vdW      bond     angle   torsion  improper
solute              -3933.20     -201.84      260.47      697.74     1566.98      139.13
solute-solvent          0.00        0.00
LRF                   -40.59
Q-atom                  8.20       -7.62     -223.28        0.43       -3.89        0.00

                     total       fix slvnt_rad slvnt_pol     shell    solute
restraints             29.29       27.73        0.00        0.00        0.00        1.55

                     total potential   kinetic
SUM                 -1706.79    -1708.19        1.40
======================= Q-atom energies at step    220 ========================
type   st lambda        el       vdW      bond     angle   torsion  improper
Q-Q     1 1.0000     14.37      0.12
Q-Q     2 0.0000      3.40      9.65

Q-prot  1 1.0000     -6.17     -7.74
Q-prot  2 0.0000    -13.18     -7.09

Q-surr. 1 1.0000     -6.17     -7.74
Q-surr. 2 0.0000    -13.18     -7.09

Q-any   1 1.0000      8.20     -7.62   -223.28      0.43     -3.89      0.00
Q-any   2 0.0000     -9.78      2.56     -9.04     54.61     -1.85      0.00

type   st lambda     total restraint
Q-SUM   1 1.0000   -226.17      0.00
Q-SUM   2 0.0000     36.49      0.00
H( 1, 2) =    0.00 dist. between Q-atoms   1   7 =    5.80
===============================================================================
Temperature at step     220:         T_tot=       0.2         T_free=       0.2
------------------------ Nonbonded pair list generation -----------------------
=======================  Energy summary at step    230 ========================
                        el       vdW      bond     angle   torsion  improper
solute              -3933.69     -202.92      257.49      695.35     1562.74      138.17
solute-solvent          0.00        0.00
LRF                   -40.72
Q-atom                  8.14       -7.62     -223.69        0.43       -3.89        0.00

                     total       fix slvnt_rad slvnt_pol     shell    solute
restraints             30.11       28.51        0.00        0.00        0.00        1.61

                     total potential   kinetic
SUM                 -1718.69    -1720.09        1.39
======================= Q-atom energies at step    230 ========================
type   st lambda        el       vdW      bond     angle   torsion  improper
Q-Q     1 1.0000     14.35      0.13
Q-Q     2 0.0000      3.25      9.53

Q-prot  1 1.0000     -6.21     -7.74
Q-prot  2 0.0000    -13.21     -7.09

Q-surr. 1 1.0000     -6.21     -7.74
Q-surr. 2 0.0000    -13.21     -7.09

Q-any   1 1.0000      8.14     -7.62   -223.69      0.43     -3.89      0.00
Q-any   2 0.0000     -9.96      2.44     -9.05     54.57     -1.85      0.00

type   st lambda     total restraint
Q-SUM   1 1.0000   -226.63      0.00
Q-SUM   2 0.0000     36.15      0.00
H( 1, 2) =    0.00 dist. between Q-atoms   1   7 =    5.80
===============================================================================
Temperature at step     230:         T_tot=       0.2         T_free=       0.2
=======================  Energy summary at step    240 ========================
                        el       vdW      bond     angle   torsion  improper
solute              -3934.27     -203.98      254.57      693.00     1558.52      137.21
solute-solvent          0.00        0.00
LRF                   -40.73
Q-atom                  8.08       -7.61     -224.09        0.43       -3.88        0.00

                     total       fix slvnt_rad slvnt_pol     shell    solute
restraints             30.94       29.28        0.00        0.00        0.00        1.66

                     total potential   kinetic
SUM                 -1730.42    -1731.80        1.38
======================= Q-atom energies at step    240 ========================
type   st lambda        el       vdW      bond     angle   torsion  improper
Q-Q     1 1.0000     14.34      0.13
Q-Q     2 0.0000      3.10      9.41

Q-prot  1 1.0000     -6.25     -7.74
Q-prot  2 0.0000    -13.23     -7.09

Q-surr. 1 1.0000     -6.25     -7.74
Q-surr. 2 0.0000    -13.23     -7.09

Q-any   1 1.0000      8.08     -7.61   -224.09      0.43     -3.88      0.00
Q-any   2 0.0000    -10.13      2.32     -9.06     54.54     -1.85      0.00

type   st lambda     total restraint
Q-SUM   1 1.0000   -227.07      0.00
Q-SUM   2 0.0000     35.81      0.00
H( 1, 2) =    0.00 dist. between Q-atoms   1   7 =    5.80
===============================================================================
Temperature at step     240:         T_tot=       0.2         T_free=       0.2
------------------------ Nonbonded pair list generation -----------------------
=======================  Energy summary at step    250 ========================
                        el       vdW      bond     angle   torsion  improper
solute              -3934.85     -205.03      251.71      690.68     1554.33      136.26
solute-solvent          0.00        0.00
LRF                   -40.76
Q-atom                  8.02       -7.61     -224.47        0.43       -3.88        0.00

                     total       fix slvnt_rad slvnt_pol     shell    solute
restraints             31.77       30.06        0.00        0.00        0.00        1.72

                     total potential   kinetic
SUM                 -1742.01    -1743.39        1.38
======================= Q-atom energies at step    250 ========================
type   st lambda        el       vdW      bond     angle   torsion  improper
Q-Q     1 1.0000     14.32      0.13
Q-Q     2 0.0000      2.95      9.29

Q-prot  1 1.0000     -6.29     -7.74
Q-prot  2 0.0000    -13.26     -7.09

Q-surr. 1 1.0000     -6.29     -7.74
Q-surr. 2 0.0000    -13.26     -7.09

Q-any   1 1.0000      8.02     -7.61   -224.47      0.43     -3.88      0.00
Q-any   2 0.0000    -10.30      2.20     -9.07     54.51     -1.85      0.00

type   st lambda     total restraint
Q-SUM   1 1.0000   -227.50      0.00
Q-SUM   2 0.0000     35.48      0.00
H( 1, 2) =    0.00 dist. between Q-atoms   1   7 =    5.80
===============================================================================
Temperature at step     250:         T_tot=       0.2         T_free=       0.2
=======================  Energy summary at step    260 ========================
                        el       vdW      bond     angle   torsion  improper
solute              -3935.43     -206.07      248.91      688.39     1550.16      135.32
solute-solvent          0.00        0.00
LRF                   -40.77
Q-atom                  7.97       -7.60     -224.84        0.42       -3.87        0.00

                     total       fix slvnt_rad slvnt_pol     shell    solute
restraints             32.60       30.83        0.00        0.00        0.00        1.77

                     total potential   kinetic
SUM                 -1753.43    -1754.80        1.37
======================= Q-atom energies at step    260 ========================
type   st lambda        el       vdW      bond     angle   torsion  improper
Q-Q     1 1.0000     14.30      0.14
Q-Q     2 0.0000      2.81      9.18

Q-prot  1 1.0000     -6.34     -7.74
Q-prot  2 0.0000    -13.28     -7.09

Q-surr. 1 1.0000     -6.34     -7.74
Q-surr. 2 0.0000    -13.28     -7.09

Q-any   1 1.0000      7.97     -7.60   -224.84      0.42     -3.87      0.00
Q-any   2 0.0000    -10.47      2.09     -9.09     54.47     -1.85      0.00

type   st lambda     total restraint
Q-SUM   1 1.0000   -227.92      0.00
Q-SUM   2 0.0000     35.15      0.00
H( 1, 2) =    0.00 dist. between Q-atoms   1   7 =    5.81
===============================================================================
Temperature at step     260:         T_tot=       0.2         T_free=       0.2
=======================  Energy summary at step    270 ========================
                        el       vdW      bond     angle   torsion  improper
solute              -3936.00     -207.10      246.17      686.13     1546.03      134.38
solute-solvent          0.00        0.00
LRF                   -40.77
Q-atom                  7.91       -7.60     -225.19        0.42       -3.87        0.00

                     total       fix slvnt_rad slvnt_pol     shell    solute
restraints             33.42       31.60        0.00        0.00        0.00        1.83

                     total potential   kinetic
SUM                 -1764.71    -1766.07        1.36
======================= Q-atom energies at step    270 ========================
type   st lambda        el       vdW      bond     angle   torsion  improper
Q-Q     1 1.0000     14.29      0.14
Q-Q     2 0.0000      2.67      9.06

Q-prot  1 1.0000     -6.38     -7.74
Q-prot  2 0.0000    -13.31     -7.09

Q-surr. 1 1.0000     -6.38     -7.74
Q-surr. 2 0.0000    -13.31     -7.09

Q-any   1 1.0000      7.91     -7.60   -225.19      0.42     -3.87      0.00
Q-any   2 0.0000    -10.64      1.98     -9.10     54.44     -1.85      0.00

type   st lambda     total restraint
Q-SUM   1 1.0000   -228.33      0.00
Q-SUM   2 0.0000     34.83      0.00
H( 1, 2) =    0.00 dist. between Q-atoms   1   7 =    5.81
===============================================================================
Temperature at step     270:         T_tot=       0.1         T_free=       0.2
------------------------ Nonbonded pair list generation -----------------------
=======================  Energy summary at step    280 ========================
                        el       vdW      bond     angle   torsion  improper
solute              -3936.48     -208.11      243.49      683.90     1541.92      133.45
solute-solvent          0.00        0.00
LRF                   -40.91
Q-atom                  7.85       -7.59     -225.54        0.42       -3.86        0.00

                     total       fix slvnt_rad slvnt_pol     shell    solute
restraints             34.25       32.36        0.00        0.00        0.00        1.89

                     total potential   kinetic
SUM                 -1775.86    -1777.21        1.35
======================= Q-atom energies at step    280 ========================
type   st lambda        el       vdW      bond     angle   torsion  improper
Q-Q     1 1.0000     14.27      0.14
Q-Q     2 0.0000      2.54      8.96

Q-prot  1 1.0000     -6.42     -7.74
Q-prot  2 0.0000    -13.33     -7.08

Q-surr. 1 1.0000     -6.42     -7.74
Q-surr. 2 0.0000    -13.33     -7.08

Q-any   1 1.0000      7.85     -7.59   -225.54      0.42     -3.86      0.00
Q-any   2 0.0000    -10.80      1.87     -9.11     54.41     -1.85      0.00

type   st lambda     total restraint
Q-SUM   1 1.0000   -228.72      0.00
Q-SUM   2 0.0000     34.52      0.00
H( 1, 2) =    0.00 dist. between Q-atoms   1   7 =    5.81
===============================================================================
Temperature at step     280:         T_tot=       0.1         T_free=       0.2
=======================  Energy summary at step    290 ========================
                        el       vdW      bond     angle   torsion  improper
solute              -3937.05     -209.11      240.86      681.70     1537.84      132.52
solute-solvent          0.00        0.00
LRF                   -40.92
Q-atom                  7.80       -7.59     -225.87        0.41       -3.86        0.00

                     total       fix slvnt_rad slvnt_pol     shell    solute
restraints             35.07       33.13        0.00        0.00        0.00        1.94

                     total potential   kinetic
SUM                 -1786.85    -1788.19        1.34
======================= Q-atom energies at step    290 ========================
type   st lambda        el       vdW      bond     angle   torsion  improper
Q-Q     1 1.0000     14.26      0.15
Q-Q     2 0.0000      2.40      8.85

Q-prot  1 1.0000     -6.46     -7.73
Q-prot  2 0.0000    -13.36     -7.08

Q-surr. 1 1.0000     -6.46     -7.73
Q-surr. 2 0.0000    -13.36     -7.08

Q-any   1 1.0000      7.80     -7.59   -225.87      0.41     -3.86      0.00
Q-any   2 0.0000    -10.95      1.77     -9.12     54.38     -1.86      0.00

type   st lambda     total restraint
Q-SUM   1 1.0000   -229.11      0.00
Q-SUM   2 0.0000     34.21      0.00
H( 1, 2) =    0.00 dist. between Q-atoms   1   7 =    5.81
===============================================================================
Temperature at step     290:         T_tot=       0.1         T_free=       0.2
------------------------ Nonbonded pair list generation -----------------------
=======================  Energy summary at step    300 ========================
                        el       vdW      bond     angle   torsion  improper
solute              -3937.62     -210.11      238.29      679.53     1533.79      131.60
solute-solvent          0.00        0.00
LRF                   -40.95
Q-atom                  7.74       -7.58     -226.19        0.41       -3.85        0.00

                     total       fix slvnt_rad slvnt_pol     shell    solute
restraints             35.89       33.89        0.00        0.00        0.00        2.00

                     total potential   kinetic
SUM                 -1797.72    -1799.06        1.34
======================= Q-atom energies at step    300 ========================
type   st lambda        el       vdW      bond     angle   torsion  improper
Q-Q     1 1.0000     14.24      0.15
Q-Q     2 0.0000      2.27      8.75

Q-prot  1 1.0000     -6.50     -7.73
Q-prot  2 0.0000    -13.38     -7.08

Q-surr. 1 1.0000     -6.50     -7.73
Q-surr. 2 0.0000    -13.38     -7.08

Q-any   1 1.0000      7.74     -7.58   -226.19      0.41     -3.85      0.00
Q-any   2 0.0000    -11.11      1.67     -9.13     54.35     -1.86      0.00

type   st lambda     total restraint
Q-SUM   1 1.0000   -229.48      0.00
Q-SUM   2 0.0000     33.91      0.00
H( 1, 2) =    0.00 dist. between Q-atoms   1   7 =    5.81
===============================================================================
Temperature at step     300:         T_tot=       0.1         T_free=       0.2
=======================  Energy summary at step    310 ========================
                        el       vdW      bond     angle   torsion  improper
solute              -3938.20     -211.09      235.77      677.39     1529.77      130.69
solute-solvent          0.00        0.00
LRF                   -40.96
Q-atom                  7.68       -7.58     -226.51        0.41       -3.85        0.00

                     total       fix slvnt_rad slvnt_pol     shell    solute
restraints             36.71       34.65        0.00        0.00        0.00        2.06

                     total potential   kinetic
SUM                 -1808.44    -1809.77        1.33
======================= Q-atom energies at step    310 ========================
type   st lambda        el       vdW      bond     angle   torsion  improper
Q-Q     1 1.0000     14.22      0.15
Q-Q     2 0.0000      2.15      8.65

Q-prot  1 1.0000     -6.54     -7.73
Q-prot  2 0.0000    -13.41     -7.08

Q-surr. 1 1.0000     -6.54     -7.73
Q-surr. 2 0.0000    -13.41     -7.08

Q-any   1 1.0000      7.68     -7.58   -226.51      0.41     -3.85      0.00
Q-any   2 0.0000    -11.26      1.57     -9.15     54.31     -1.86      0.00

type   st lambda     total restraint
Q-SUM   1 1.0000   -229.84      0.00
Q-SUM   2 0.0000     33.62      0.00
H( 1, 2) =    0.00 dist. between Q-atoms   1   7 =    5.81
===============================================================================
Temperature at step     310:         T_tot=       0.1         T_free=       0.2
=======================  Energy summary at step    320 ========================
                        el       vdW      bond     angle   torsion  improper
solute              -3938.77     -212.06      233.30      675.27     1525.77      129.78
solute-solvent          0.00        0.00
LRF                   -40.97
Q-atom                  7.63       -7.58     -226.81        0.40       -3.84        0.00

                     total       fix slvnt_rad slvnt_pol     shell    solute
restraints             37.52       35.40        0.00        0.00        0.00        2.12

                     total potential   kinetic
SUM                 -1819.03    -1820.35        1.32
======================= Q-atom energies at step    320 ========================
type   st lambda        el       vdW      bond     angle   torsion  improper
Q-Q     1 1.0000     14.21      0.16
Q-Q     2 0.0000      2.02      8.55

Q-prot  1 1.0000     -6.58     -7.73
Q-prot  2 0.0000    -13.43     -7.08

Q-surr. 1 1.0000     -6.58     -7.73
Q-surr. 2 0.0000    -13.43     -7.08

Q-any   1 1.0000      7.63     -7.58   -226.81      0.40     -3.84      0.00
Q-any   2 0.0000    -11.41      1.47     -9.16     54.28     -1.86      0.00

type   st lambda     total restraint
Q-SUM   1 1.0000   -230.20      0.00
Q-SUM   2 0.0000     33.33      0.00
H( 1, 2) =    0.00 dist. between Q-atoms   1   7 =    5.81
===============================================================================
Temperature at step     320:         T_tot=       0.1         T_free=       0.2
------------------------ Nonbonded pair list generation -----------------------
=======================  Energy summary at step    330 ========================
                        el       vdW      bond     angle   torsion  improper
solute              -3939.30     -213.02      230.88      673.18     1521.81      128.88
solute-solvent          0.00        0.00
LRF                   -41.04
Q-atom                  7.57       -7.57     -227.10        0.40       -3.84        0.00

                     total       fix slvnt_rad slvnt_pol     shell    solute
restraints             38.34       36.16        0.00        0.00        0.00        2.18

                     total potential   kinetic
SUM                 -1829.49    -1830.81        1.31
======================= Q-atom energies at step    330 ========================
type   st lambda        el       vdW      bond     angle   torsion  improper
Q-Q     1 1.0000     14.19      0.16
Q-Q     2 0.0000      1.90      8.46

Q-prot  1 1.0000     -6.62     -7.73
Q-prot  2 0.0000    -13.45     -7.08

Q-surr. 1 1.0000     -6.62     -7.73
Q-surr. 2 0.0000    -13.45     -7.08

Q-any   1 1.0000      7.57     -7.57   -227.10      0.40     -3.84      0.00
Q-any   2 0.0000    -11.55      1.38     -9.17     54.25     -1.86      0.00

type   st lambda     total restraint
Q-SUM   1 1.0000   -230.54      0.00
Q-SUM   2 0.0000     33.05      0.00
H( 1, 2) =    0.00 dist. between Q-atoms   1   7 =    5.81
===============================================================================
Temperature at step     330:         T_tot=       0.1         T_free=       0.2
=======================  Energy summary at step    340 ========================
                        el       vdW      bond     angle   torsion  improper
solute              -3939.87     -213.97      228.52      671.12     1517.87      127.99
solute-solvent          0.00        0.00
LRF                   -41.04
Q-atom                  7.51       -7.57     -227.38        0.39       -3.83        0.00

                     total       fix slvnt_rad slvnt_pol     shell    solute
restraints             39.15       36.90        0.00        0.00        0.00        2.24

                     total potential   kinetic
SUM                 -1839.82    -1841.12        1.30
======================= Q-atom energies at step    340 ========================
type   st lambda        el       vdW      bond     angle   torsion  improper
Q-Q     1 1.0000     14.18      0.16
Q-Q     2 0.0000      1.78      8.37

Q-prot  1 1.0000     -6.66     -7.73
Q-prot  2 0.0000    -13.48     -7.08

Q-surr. 1 1.0000     -6.66     -7.73
Q-surr. 2 0.0000    -13.48     -7.08

Q-any   1 1.0000      7.51     -7.57   -227.38      0.39     -3.83      0.00
Q-any   2 0.0000    -11.69      1.29     -9.18     54.22     -1.86      0.00

type   st lambda     total restraint
Q-SUM   1 1.0000   -230.87      0.00
Q-SUM   2 0.0000     32.77      0.00
H( 1, 2) =    0.00 dist. between Q-atoms   1   7 =    5.81
===============================================================================
Temperature at step     340:         T_tot=       0.1         T_free=       0.2
------------------------ Nonbonded pair list generation -----------------------
=======================  Energy summary at step    350 ========================
                        el       vdW      bond     angle   torsion  improper
solute              -3940.43     -214.92      226.20      669.08     1513.96      127.10
solute-solvent          0.00        0.00
LRF                   -41.07
Q-atom                  7.46       -7.56     -227.66        0.39       -3.83        0.00

                     total       fix slvnt_rad slvnt_pol     shell    solute
restraints             39.95       37.65        0.00        0.00        0.00        2.30

                     total potential   kinetic
SUM                 -1850.04    -1851.34        1.30
======================= Q-atom energies at step    350 ========================
type   st lambda        el       vdW      bond     angle   torsion  improper
Q-Q     1 1.0000     14.16      0.17
Q-Q     2 0.0000      1.67      8.28

Q-prot  1 1.0000     -6.70     -7.73
Q-prot  2 0.0000    -13.50     -7.08

Q-surr. 1 1.0000     -6.70     -7.73
Q-surr. 2 0.0000    -13.50     -7.08

Q-any   1 1.0000      7.46     -7.56   -227.66      0.39     -3.83      0.00
Q-any   2 0.0000    -11.83      1.20     -9.20     54.19     -1.86      0.00

type   st lambda     total restraint
Q-SUM   1 1.0000   -231.20      0.00
Q-SUM   2 0.0000     32.50      0.00
H( 1, 2) =    0.00 dist. between Q-atoms   1   7 =    5.81
===============================================================================
Temperature at step     350:         T_tot=       0.1         T_free=       0.2
=======================  Energy summary at step    360 ========================
                        el       vdW      bond     angle   torsion  improper
solute              -3941.00     -215.85      223.93      667.06     1510.08      126.22
solute-solvent          0.00        0.00
LRF                   -41.08
Q-atom                  7.40       -7.56     -227.92        0.38       -3.82        0.00

                     total       fix slvnt_rad slvnt_pol     shell    solute
restraints             40.75       38.39        0.00        0.00        0.00        2.37

                     total potential   kinetic
SUM                 -1860.11    -1861.40        1.29
======================= Q-atom energies at step    360 ========================
type   st lambda        el       vdW      bond     angle   torsion  improper
Q-Q     1 1.0000     14.14      0.17
Q-Q     2 0.0000      1.56      8.19

Q-prot  1 1.0000     -6.74     -7.73
Q-prot  2 0.0000    -13.53     -7.08

Q-surr. 1 1.0000     -6.74     -7.73
Q-surr. 2 0.0000    -13.53     -7.08

Q-any   1 1.0000      7.40     -7.56   -227.92      0.38     -3.82      0.00
Q-any   2 0.0000    -11.97      1.11     -9.21     54.16     -1.86      0.00

type   st lambda     total restraint
Q-SUM   1 1.0000   -231.52      0.00
Q-SUM   2 0.0000     32.23      0.00
H( 1, 2) =    0.00 dist. between Q-atoms   1   7 =    5.82
===============================================================================
Temperature at step     360:         T_tot=       0.1         T_free=       0.2
=======================  Energy summary at step    370 ========================
                        el       vdW      bond     angle   torsion  improper
solute              -3941.56     -216.77      221.71      665.07     1506.24      125.34
solute-solvent          0.00        0.00
LRF                   -41.09
Q-atom                  7.34       -7.56     -228.18        0.38       -3.82        0.00

                     total       fix slvnt_rad slvnt_pol     shell    solute
restraints             41.55       39.12        0.00        0.00        0.00        2.43

                     total potential   kinetic
SUM                 -1870.07    -1871.35        1.28
======================= Q-atom energies at step    370 ========================
type   st lambda        el       vdW      bond     angle   torsion  improper
Q-Q     1 1.0000     14.13      0.17
Q-Q     2 0.0000      1.45      8.10

Q-prot  1 1.0000     -6.78     -7.73
Q-prot  2 0.0000    -13.55     -7.07

Q-surr. 1 1.0000     -6.78     -7.73
Q-surr. 2 0.0000    -13.55     -7.07

Q-any   1 1.0000      7.34     -7.56   -228.18      0.38     -3.82      0.00
Q-any   2 0.0000    -12.11      1.03     -9.22     54.13     -1.86      0.00

type   st lambda     total restraint
Q-SUM   1 1.0000   -231.83      0.00
Q-SUM   2 0.0000     31.97      0.00
H( 1, 2) =    0.00 dist. between Q-atoms   1   7 =    5.82
===============================================================================
Temperature at step     370:         T_tot=       0.1         T_free=       0.2
------------------------ Nonbonded pair list generation -----------------------
=======================  Energy summary at step    380 ========================
                        el       vdW      bond     angle   torsion  improper
solute              -3942.12     -217.69      219.53      663.11     1502.42      124.47
solute-solvent          0.00        0.00
LRF                   -41.13
Q-atom                  7.29       -7.55     -228.43        0.37       -3.81        0.00

                     total       fix slvnt_rad slvnt_pol     shell    solute
restraints             42.34       39.85        0.00        0.00        0.00        2.49

                     total potential   kinetic
SUM                 -1879.91    -1881.19        1.28
======================= Q-atom energies at step    380 ========================
type   st lambda        el       vdW      bond     angle   torsion  improper
Q-Q     1 1.0000     14.11      0.18
Q-Q     2 0.0000      1.34      8.02

Q-prot  1 1.0000     -6.83     -7.73
Q-prot  2 0.0000    -13.58     -7.07

Q-surr. 1 1.0000     -6.83     -7.73
Q-surr. 2 0.0000    -13.58     -7.07

Q-any   1 1.0000      7.29     -7.55   -228.43      0.37     -3.81      0.00
Q-any   2 0.0000    -12.24      0.94     -9.23     54.09     -1.86      0.00

type   st lambda     total restraint
Q-SUM   1 1.0000   -232.13      0.00
Q-SUM   2 0.0000     31.71      0.00
H( 1, 2) =    0.00 dist. between Q-atoms   1   7 =    5.82
===============================================================================
Temperature at step     380:         T_tot=       0.1         T_free=       0.2
=======================  Energy summary at step    390 ========================
                        el       vdW      bond     angle   torsion  improper
solute              -3942.68     -218.59      217.40      661.16     1498.63      123.61
solute-solvent          0.00        0.00
LRF                   -41.13
Q-atom                  7.23       -7.55     -228.67        0.37       -3.81        0.00

                     total       fix slvnt_rad slvnt_pol     shell    solute
restraints             43.13       40.58        0.00        0.00        0.00        2.55

                     total potential   kinetic
SUM                 -1889.63    -1890.90        1.27
======================= Q-atom energies at step    390 ========================
type   st lambda        el       vdW      bond     angle   torsion  improper
Q-Q     1 1.0000     14.10      0.18
Q-Q     2 0.0000      1.23      7.94

Q-prot  1 1.0000     -6.87     -7.73
Q-prot  2 0.0000    -13.60     -7.07

Q-surr. 1 1.0000     -6.87     -7.73
Q-surr. 2 0.0000    -13.60     -7.07

Q-any   1 1.0000      7.23     -7.55   -228.67      0.37     -3.81      0.00
Q-any   2 0.0000    -12.37      0.86     -9.24     54.06     -1.86      0.00

type   st lambda     total restraint
Q-SUM   1 1.0000   -232.42      0.00
Q-SUM   2 0.0000     31.46      0.00
H( 1, 2) =    0.00 dist. between Q-atoms   1   7 =    5.82
===============================================================================
Temperature at step     390:         T_tot=       0.1         T_free=       0.2
------------------------ Nonbonded pair list generation -----------------------
=======================  Energy summary at step    400 ========================
                        el       vdW      bond     angle   torsion  improper
solute              -3943.25     -219.49      215.31      659.24     1494.86      122.75
solute-solvent          0.00        0.00
LRF                   -41.16
Q-atom                  7.17       -7.55     -228.90        0.36       -3.80        0.00

                     total       fix slvnt_rad slvnt_pol     shell    solute
restraints             43.92       41.30        0.00        0.00        0.00        2.62

                     total potential   kinetic
SUM                 -1899.25    -1900.51        1.26
======================= Q-atom energies at step    400 ========================
type   st lambda        el       vdW      bond     angle   torsion  improper
Q-Q     1 1.0000     14.08      0.18
Q-Q     2 0.0000      1.13      7.86

Q-prot  1 1.0000     -6.91     -7.73
Q-prot  2 0.0000    -13.63     -7.07

Q-surr. 1 1.0000     -6.91     -7.73
Q-surr. 2 0.0000    -13.63     -7.07

Q-any   1 1.0000      7.17     -7.55   -228.90      0.36     -3.80      0.00
Q-any   2 0.0000    -12.49      0.79     -9.26     54.03     -1.86      0.00

type   st lambda     total restraint
Q-SUM   1 1.0000   -232.71      0.00
Q-SUM   2 0.0000     31.21      0.00
H( 1, 2) =    0.00 dist. between Q-atoms   1   7 =    5.82
===============================================================================
Temperature at step     400:         T_tot=       0.1         T_free=       0.2
=======================  Energy summary at step    410 ========================
                        el       vdW      bond     angle   torsion  improper
solute              -3943.81     -220.38      213.27      657.35     1491.13      121.91
solute-solvent          0.00        0.00
LRF                   -41.17
Q-atom                  7.12       -7.54     -229.13        0.36       -3.80        0.00

                     total       fix slvnt_rad slvnt_pol     shell    solute
restraints             44.70       42.02        0.00        0.00        0.00        2.68

                     total potential   kinetic
SUM                 -1908.74    -1909.99        1.26
======================= Q-atom energies at step    410 ========================
type   st lambda        el       vdW      bond     angle   torsion  improper
Q-Q     1 1.0000     14.07      0.18
Q-Q     2 0.0000      1.03      7.78

Q-prot  1 1.0000     -6.95     -7.73
Q-prot  2 0.0000    -13.65     -7.07

Q-surr. 1 1.0000     -6.95     -7.73
Q-surr. 2 0.0000    -13.65     -7.07

Q-any   1 1.0000      7.12     -7.54   -229.13      0.36     -3.80      0.00
Q-any   2 0.0000    -12.62      0.71     -9.27     54.00     -1.86      0.00

type   st lambda     total restraint
Q-SUM   1 1.0000   -232.99      0.00
Q-SUM   2 0.0000     30.96      0.00
H( 1, 2) =    0.00 dist. between Q-atoms   1   7 =    5.82
===============================================================================
Temperature at step     410:         T_tot=       0.1         T_free=       0.2
=======================  Energy summary at step    420 ========================
                        el       vdW      bond     angle   torsion  improper
solute              -3944.37     -221.26      211.27      655.47     1487.43      121.06
solute-solvent          0.00        0.00
LRF                   -41.18
Q-atom                  7.06       -7.54     -229.35        0.35       -3.79        0.00

                     total       fix slvnt_rad slvnt_pol     shell    solute
restraints             45.47       42.73        0.00        0.00        0.00        2.75

                     total potential   kinetic
SUM                 -1918.11    -1919.36        1.25
======================= Q-atom energies at step    420 ========================
type   st lambda        el       vdW      bond     angle   torsion  improper
Q-Q     1 1.0000     14.05      0.19
Q-Q     2 0.0000      0.93      7.70

Q-prot  1 1.0000     -6.99     -7.73
Q-prot  2 0.0000    -13.67     -7.07

Q-surr. 1 1.0000     -6.99     -7.73
Q-surr. 2 0.0000    -13.67     -7.07

Q-any   1 1.0000      7.06     -7.54   -229.35      0.35     -3.79      0.00
Q-any   2 0.0000    -12.74      0.63     -9.28     53.97     -1.86      0.00

type   st lambda     total restraint
Q-SUM   1 1.0000   -233.26      0.00
Q-SUM   2 0.0000     30.72      0.00
H( 1, 2) =    0.00 dist. between Q-atoms   1   7 =    5.82
===============================================================================
Temperature at step     420:         T_tot=       0.1         T_free=       0.2
------------------------ Nonbonded pair list generation -----------------------
=======================  Energy summary at step    430 ========================
                        el       vdW      bond     angle   torsion  improper
solute              -3944.93     -222.13      209.31      653.62     1483.76      120.23
solute-solvent          0.00        0.00
LRF                   -41.21
Q-atom                  7.01       -7.54     -229.56        0.35       -3.79        0.00

                     total       fix slvnt_rad slvnt_pol     shell    solute
restraints             46.24       43.43        0.00        0.00        0.00        2.81

                     total potential   kinetic
SUM                 -1927.40    -1928.64        1.24
======================= Q-atom energies at step    430 ========================
type   st lambda        el       vdW      bond     angle   torsion  improper
Q-Q     1 1.0000     14.04      0.19
Q-Q     2 0.0000      0.84      7.63

Q-prot  1 1.0000     -7.03     -7.73
Q-prot  2 0.0000    -13.70     -7.07

Q-surr. 1 1.0000     -7.03     -7.73
Q-surr. 2 0.0000    -13.70     -7.07

Q-any   1 1.0000      7.01     -7.54   -229.56      0.35     -3.79      0.00
Q-any   2 0.0000    -12.86      0.56     -9.29     53.94     -1.86      0.00

type   st lambda     total restraint
Q-SUM   1 1.0000   -233.53      0.00
Q-SUM   2 0.0000     30.48      0.00
H( 1, 2) =    0.00 dist. between Q-atoms   1   7 =    5.82
===============================================================================
Temperature at step     430:         T_tot=       0.1         T_free=       0.2
=======================  Energy summary at step    440 ========================
                        el       vdW      bond     angle   torsion  improper
solute              -3945.48     -223.00      207.39      651.78     1480.12      119.40
solute-solvent          0.00        0.00
LRF                   -41.21
Q-atom                  6.95       -7.53     -229.77        0.34       -3.78        0.00

                     total       fix slvnt_rad slvnt_pol     shell    solute
restraints             47.01       44.13        0.00        0.00        0.00        2.88

                     total potential   kinetic
SUM                 -1936.55    -1937.79        1.24
======================= Q-atom energies at step    440 ========================
type   st lambda        el       vdW      bond     angle   torsion  improper
Q-Q     1 1.0000     14.02      0.19
Q-Q     2 0.0000      0.74      7.56

Q-prot  1 1.0000     -7.07     -7.73
Q-prot  2 0.0000    -13.72     -7.07

Q-surr. 1 1.0000     -7.07     -7.73
Q-surr. 2 0.0000    -13.72     -7.07

Q-any   1 1.0000      6.95     -7.53   -229.77      0.34     -3.78      0.00
Q-any   2 0.0000    -12.98      0.49     -9.31     53.91     -1.86      0.00

type   st lambda     total restraint
Q-SUM   1 1.0000   -233.79      0.00
Q-SUM   2 0.0000     30.25      0.00
H( 1, 2) =    0.00 dist. between Q-atoms   1   7 =    5.82
===============================================================================
Temperature at step     440:         T_tot=       0.1         T_free=       0.2
------------------------ Nonbonded pair list generation -----------------------
=======================  Energy summary at step    450 ========================
                        el       vdW      bond     angle   torsion  improper
solute              -3946.04     -223.85      205.50      649.97     1476.50      118.57
solute-solvent          0.00        0.00
LRF                   -41.24
Q-atom                  6.89       -7.53     -229.97        0.34       -3.78        0.00

                     total       fix slvnt_rad slvnt_pol     shell    solute
restraints             47.77       44.82        0.00        0.00        0.00        2.94

                     total potential   kinetic
SUM                 -1945.62    -1946.85        1.23
======================= Q-atom energies at step    450 ========================
type   st lambda        el       vdW      bond     angle   torsion  improper
Q-Q     1 1.0000     14.00      0.20
Q-Q     2 0.0000      0.65      7.49

Q-prot  1 1.0000     -7.11     -7.73
Q-prot  2 0.0000    -13.75     -7.07

Q-surr. 1 1.0000     -7.11     -7.73
Q-surr. 2 0.0000    -13.75     -7.07

Q-any   1 1.0000      6.89     -7.53   -229.97      0.34     -3.78      0.00
Q-any   2 0.0000    -13.10      0.42     -9.32     53.88     -1.86      0.00

type   st lambda     total restraint
Q-SUM   1 1.0000   -234.04      0.00
Q-SUM   2 0.0000     30.02      0.00
H( 1, 2) =    0.00 dist. between Q-atoms   1   7 =    5.82
===============================================================================
Temperature at step     450:         T_tot=       0.1         T_free=       0.2
=======================  Energy summary at step    460 ========================
                        el       vdW      bond     angle   torsion  improper
solute              -3946.59     -224.70      203.66      648.18     1472.92      117.76
solute-solvent          0.00        0.00
LRF                   -41.25
Q-atom                  6.84       -7.53     -230.16        0.33       -3.77        0.00

                     total       fix slvnt_rad slvnt_pol     shell    solute
restraints             48.52       45.51        0.00        0.00        0.00        3.01

                     total potential   kinetic
SUM                 -1954.57    -1955.79        1.22
======================= Q-atom energies at step    460 ========================
type   st lambda        el       vdW      bond     angle   torsion  improper
Q-Q     1 1.0000     13.99      0.20
Q-Q     2 0.0000      0.56      7.42

Q-prot  1 1.0000     -7.15     -7.73
Q-prot  2 0.0000    -13.77     -7.07

Q-surr. 1 1.0000     -7.15     -7.73
Q-surr. 2 0.0000    -13.77     -7.07

Q-any   1 1.0000      6.84     -7.53   -230.16      0.33     -3.77      0.00
Q-any   2 0.0000    -13.21      0.35     -9.33     53.85     -1.86      0.00

type   st lambda     total restraint
Q-SUM   1 1.0000   -234.29      0.00
Q-SUM   2 0.0000     29.79      0.00
H( 1, 2) =    0.00 dist. between Q-atoms   1   7 =    5.82
===============================================================================
Temperature at step     460:         T_tot=       0.1         T_free=       0.2
=======================  Energy summary at step    470 ========================
                        el       vdW      bond     angle   torsion  improper
solute              -3947.15     -225.54      201.86      646.41     1469.37      116.95
solute-solvent          0.00        0.00
LRF                   -41.26
Q-atom                  6.78       -7.52     -230.35        0.33       -3.76        0.00

                     total       fix slvnt_rad slvnt_pol     shell    solute
restraints             49.27       46.20        0.00        0.00        0.00        3.08

                     total potential   kinetic
SUM                 -1963.41    -1964.63        1.22
======================= Q-atom energies at step    470 ========================
type   st lambda        el       vdW      bond     angle   torsion  improper
Q-Q     1 1.0000     13.97      0.20
Q-Q     2 0.0000      0.47      7.35

Q-prot  1 1.0000     -7.19     -7.73
Q-prot  2 0.0000    -13.80     -7.07

Q-surr. 1 1.0000     -7.19     -7.73
Q-surr. 2 0.0000    -13.80     -7.07

Q-any   1 1.0000      6.78     -7.52   -230.35      0.33     -3.76      0.00
Q-any   2 0.0000    -13.33      0.28     -9.34     53.82     -1.86      0.00

type   st lambda     total restraint
Q-SUM   1 1.0000   -234.53      0.00
Q-SUM   2 0.0000     29.57      0.00
H( 1, 2) =    0.00 dist. between Q-atoms   1   7 =    5.82
===============================================================================
Temperature at step     470:         T_tot=       0.1         T_free=       0.2
------------------------ Nonbonded pair list generation -----------------------
=======================  Energy summary at step    480 ========================
                        el       vdW      bond     angle   torsion  improper
solute              -3947.61     -226.38      200.09      644.65     1465.84      116.14
solute-solvent          0.00        0.00
LRF                   -41.37
Q-atom                  6.73       -7.52     -230.53        0.32       -3.76        0.00

                     total       fix slvnt_rad slvnt_pol     shell    solute
restraints             50.02       46.87        0.00        0.00        0.00        3.14

                     total potential   kinetic
SUM                 -1972.18    -1973.39        1.21
======================= Q-atom energies at step    480 ========================
type   st lambda        el       vdW      bond     angle   torsion  improper
Q-Q     1 1.0000     13.96      0.20
Q-Q     2 0.0000      0.38      7.28

Q-prot  1 1.0000     -7.23     -7.73
Q-prot  2 0.0000    -13.82     -7.07

Q-surr. 1 1.0000     -7.23     -7.73
Q-surr. 2 0.0000    -13.82     -7.07

Q-any   1 1.0000      6.73     -7.52   -230.53      0.32     -3.76      0.00
Q-any   2 0.0000    -13.44      0.22     -9.36     53.79     -1.87      0.00

type   st lambda     total restraint
Q-SUM   1 1.0000   -234.76      0.00
Q-SUM   2 0.0000     29.35      0.00
H( 1, 2) =    0.00 dist. between Q-atoms   1   7 =    5.83
===============================================================================
Temperature at step     480:         T_tot=       0.1         T_free=       0.2
=======================  Energy summary at step    490 ========================
                        el       vdW      bond     angle   torsion  improper
solute              -3948.16     -227.21      198.35      642.92     1462.35      115.35
solute-solvent          0.00        0.00
LRF                   -41.38
Q-atom                  6.67       -7.52     -230.71        0.32       -3.75        0.00

                     total       fix slvnt_rad slvnt_pol     shell    solute
restraints             50.76       47.54        0.00        0.00        0.00        3.21

                     total potential   kinetic
SUM                 -1980.82    -1982.03        1.20
======================= Q-atom energies at step    490 ========================
type   st lambda        el       vdW      bond     angle   torsion  improper
Q-Q     1 1.0000     13.94      0.21
Q-Q     2 0.0000      0.30      7.22

Q-prot  1 1.0000     -7.27     -7.73
Q-prot  2 0.0000    -13.85     -7.07

Q-surr. 1 1.0000     -7.27     -7.73
Q-surr. 2 0.0000    -13.85     -7.07

Q-any   1 1.0000      6.67     -7.52   -230.71      0.32     -3.75      0.00
Q-any   2 0.0000    -13.55      0.15     -9.37     53.76     -1.87      0.00

type   st lambda     total restraint
Q-SUM   1 1.0000   -235.00      0.00
Q-SUM   2 0.0000     29.13      0.00
H( 1, 2) =    0.00 dist. between Q-atoms   1   7 =    5.83
===============================================================================
Temperature at step     490:         T_tot=       0.1         T_free=       0.2

=========================== FINAL  Energy summary =============================
                        el       vdW      bond     angle   torsion  improper
solute              -3948.66     -228.03      196.66      641.20     1458.89      114.56
solute-solvent          0.00        0.00
LRF                   -41.47
Q-atom                  6.61       -7.52     -230.88        0.31       -3.75        0.00

                     total       fix slvnt_rad slvnt_pol     shell    solute
restraints             51.49       48.21        0.00        0.00        0.00        3.28

                     total potential   kinetic
SUM                 -1989.39    -1990.59        1.20
=========================== FINAL Q-atom energies =============================
type   st lambda        el       vdW      bond     angle   torsion  improper
Q-Q     1 1.0000     13.93      0.21
Q-Q     2 0.0000      0.21      7.16

Q-prot  1 1.0000     -7.31     -7.73
Q-prot  2 0.0000    -13.87     -7.07

Q-surr. 1 1.0000     -7.31     -7.73
Q-surr. 2 0.0000    -13.87     -7.07

Q-any   1 1.0000      6.61     -7.52   -230.88      0.31     -3.75      0.00
Q-any   2 0.0000    -13.66      0.09     -9.38     53.73     -1.87      0.00

type   st lambda     total restraint
Q-SUM   1 1.0000   -235.22      0.00
Q-SUM   2 0.0000     28.92      0.00
H( 1, 2) =    0.00 dist. between Q-atoms   1   7 =    5.83
===============================================================================
Total time of main loop:                                35.1(s)
 QDyn version 5.10.22 , git id=9325b9c29ad62a733df16f540968e33ee6c78260 terminated normally.
###############################################################################
