
Build and version information

Build number 5.10.22
Build date   20240304
Built:       
      by     nayanika
      on     nayanika-HP-Pavilion-Gaming-Laptop-15-ec0xxx
      git id 9325b9c29ad62a733df16f540968e33ee6c78260
      with   GNU Fortran Ubuntu 9.4.0-1ubuntu1~20.04.2 9.4.0
Current date 2024- 3-15 and time 13:45:25

----------------------- Reading input from relax_002.inp ----------------------
Boundary: sphere
Number of MD steps =       200  Stepsize (fs)    =     0.100
Target temperature =      0.10  T-relax time     =      0.10
 No thermostat chosen. Berendsen thermostat will be used.
 Leap frog integrator used by default.
Solute and solvent atoms coupled separately to heat bath.
Initial velocities will be generated from Maxwell distribution:
Maxwell temperature=      0.10 Random number seed=    734430
Shake constaints on all solvent bonds    : off
Shake constaints on all solute bonds     : off
Shake constaints on all bonds to hydrogen: off
Nonbonded method   = LRF Taylor expansion outside cut-off
Cut-off radii for non-bonded interactions:
Solute-solute:     10.00
Solvent-solvent:   10.00
Solute-solvent:    10.00
Q-atom-non-Q-atom: 99.00
LRF:               99.00
Radius of inner restrained shell       =      20.000
Excluded atoms force constant set to default
Excluded atom restraint force constant         =  200.00
Non-bonded pair list update interval   =      25
Energy summary print-out interval      =      10
Temperature print-out interval         =      10
Trajectory write interval              =      10
No energy file written.
All atoms will be included in the trajectory.
Topology file      = GPX6cys_mouse.top
Initial coord. file= relax_001.re
Final coord. file  = relax_002.re
Trajectory file    = relax_002.dcd
FEP input file     = GPX6_wtmousecys.fep

lambda-values      =  1.00000 0.00000

List of excluded atom groups

Listing of restraining data:

No. of sequence restraints =         1
  atom_i  atom_j      fc  H-flag to_centre
       1    3051   20.00       0         0

No. of distance restraints =         1
atom_i atom_j   dist1   dist2   fc        state
  3055   3056    0.00    3.50   10.00       0
---------------------------- Reading topology file ---------------------------
GPX6cys_mouse.top                                                               

No. of solute atoms     =       3058
No. of solvent atoms    =          0
No. of coordinates      =       9174
No. of atom type codes  =       3058
No. of solute bonds     =       3103
No. of solvent bonds    =          0
No. of solute angles    =       5597
No. of solvent angles   =          0
No. of solute torsions  =      11365
No. of solvent torsions =          0
No. of solute impropers =        658
No. of solvent impropers=          0
No. of atomic charges   =       3058
No. of solute chargegrps=        549
No. of solvent chargegps=          0
Charge group cut-off    : Switching atoms
vdW  rule [ 1=G / 2=A ] =          1
El-static 1-4 damping   =      0.500
Coulomb constant        =   332.0716
No. of atom types       =        145
No. of LJ type 2 pairs  =          0
No. of heavy atoms      =       1559
No. of 1-4 neighbours   =       8175
No. long-range 1-4 nbrs =          1
No. of nbor exclusions  =       8700
No. of long-range excls =          0
No. of residues         =        197
No. of molecules        =          3
Atom type names         =        145
SYBYL atom types        =        145
Boundary: sphere
Exclusion radius        =     20.000
Eff. solvent radius     =      0.000
Solute centre           =     43.704    34.968    42.174
Solvent centre          =     43.704    34.968    42.174
No. of excluded atoms   =       1268
Molecular topology read successfully.

Found        0 solute atoms in the restrained shell region ( 20.00 to  20.00)
----------------------------- Reading restart file ----------------------------
Total number of atoms        =    3058
Number of waters encountered =       0

----------------------------- Reading Q atom list ----------------------------
No. of fep/evb states    =     2
No. of fep/evb atoms     =    12
Atom nos.:   730   731   727   728   729  3055  3056  3057  3058  3052
Atom nos.:  3053  3054
--------------------------- Reading fep/evb strategy --------------------------

No. of changing charges  =    12
Effective Q-atom charges for all Q-atoms
Q atom    charge in state 1 state 2
     1               -0.335   0.121
     2                0.155   0.417
     3                0.060  -0.018
     4                0.060   0.060
     5                0.060   0.060
     6               -0.418  -0.834
     7               -0.418  -0.640
     8                0.418   0.417
     9                0.418   0.418
    10               -0.834  -0.834
    11                0.417   0.417
    12                0.417   0.417

   SUM               -0.000   0.000

No. of Q-atom types  =    14
Name            Ai      Bi      Ci     ai Ai(1-4) Bi(1-4)    Mass
S200       2838.18   60.83  165.00  2.50  2006.89   43.01   32.06
snn.SG     2593.94   55.60  165.00  2.50  1834.19   39.31   32.06
H204          0.00    0.00    0.00  2.50     0.00    0.00    1.01
HWN           0.00    0.00    0.00  2.50     0.00    0.00    1.01
C206        944.52   22.03    1.00  2.50   667.88   15.58   12.01
snn.CB      944.52   22.03    1.00  2.50   667.88   15.58   12.01
H140         84.57    5.41    1.00  2.50    59.80    3.83    1.01
snn.HB2      84.57    5.41    1.00  2.50    59.80    3.83    1.01
snn.HB3      84.57    5.41    1.00  2.50    59.80    3.83    1.01
prx.O       760.64   25.04  110.00  2.50   537.86   17.71   16.00
OWN         762.89   24.39  110.00  2.50   539.44   17.25   16.00
snn.OS      760.64   25.04  110.00  2.50   537.86   17.71   16.00
prx.H         0.01    0.04    1.00  2.50     0.00    0.03    1.01
snn.HG        0.01    0.04    1.00  2.50     0.00    0.03    1.01

Assigning Q-atom types to all Q atoms:
Q atom    atom type in  state 1  state 2
     1                  S200     snn.SG  
     2                  H204     HWN     
     3                  C206     snn.CB  
     4                  H140     snn.HB2 
     5                  H140     snn.HB3 
     6                  prx.O    OWN     
     7                  prx.O    snn.OS  
     8                  prx.H    HWN     
     9                  prx.H    snn.HG  
    10                  OWN      OWN     
    11                  HWN      HWN     
    12                  HWN      HWN     

No. of soft repulsion non-bonded pairs =     6
q-atom_i q-atom_j
      10       12
       6        7
       1        2
       6       12
      10        2
       1        7

Q-bond types:
type #  Morse E_diss    alpha       b0  Harmonic force_k 
     1        102.00     2.26     0.96
     2         54.00     2.32     1.32
     3         81.00     1.87     1.32
     4         81.00     1.87     1.32
     5                            0.94           1106.00
     6                            0.96           1106.00


No. of changing bonds    =     7
atom_i atom_j   bond type in state 1 state 2
  3052   3054                      1       0
  3055   3056                      2       0
   730    731                      3       0
  3054   3055                      0       1
   731   3052                      0       1
   730   3056                      0       4
  3055   3057                      5       6

Q-angle types:
type #       force-k   theta0
     1        200.00   104.52
     2        160.00   102.22
     3         88.00    96.00
     4        220.00   100.78
     5        130.00   106.24


No. of changing angles   =     8
atom_i atom_j atom_k    angle type in state 1 state 2
  3053   3052   3054                        1       0
  3055   3056   3058                        2       0
  3056   3055   3057                        2       0
   727    730    731                        3       0
  3054   3055   3057                        0       1
   727    730   3056                        0       4
   731   3052   3053                        0       1
   730   3056   3058                        0       5

Q-torsion types:
type #       force-k     mult    delta
     1         -2.50     2.00   180.00
     2          0.24     3.00     0.00
     3         -2.50     2.00   180.00
     4          0.24     3.00     0.00
     5          0.24     3.00     0.00


No. of changing torsions =     7
atom_i atom_j atom_k atom_l    torsion type in state 1 state 2
  3057   3055   3056   3058                          1       0
   728    727    730    731                          2       0
   729    727    730    731                          2       0
   727    730   3056   3058                          0       3
   728    727    730   3056                          0       4
   729    727    730   3056                          0       5
   731    730    727    725                          0       0

No. of offdiagonal (Hij) functions =     1
state_i state_j atom_k atom_l     Aij mu_ij
      1       2      1      7    0.00  0.00
No softcore section found. Using normal LJ potentials.

---------------- Removing redefined interactions from topology ---------------
type      atom1 atom2 atom3 atom4
bond        730   731
bond       3052  3054
bond       3057  3055
bond       3055  3056
angle       727   730   731
angle      3053  3052  3054
angle      3057  3055  3056
angle      3055  3056  3058
torsion     731   730   727   725
torsion     731   730   727   725
torsion     731   730   727   725
torsion     731   730   727   728
torsion     731   730   727   729
torsion    3057  3055  3056  3058

---------------------------- Initialising dynamics ---------------------------

Number of shake constraints             =          0
No. molecules with shake constraints    =          1
No. of Rcq indep. nb pairs involving q-atoms =    91 in state :  1
No. of Rcq indep. nb pairs involving q-atoms =    91 in state :  2

Coordinates for  3058 atoms will be written to the trajectory.
Initial x-shaking required   0 interations per molecule on average.
Initial v-shaking required   0 interations per molecule on average.
------------------------ Distribution of charge groups -----------------------
node value solute-solute solute-water  water-water     Q-solute      Q-water       #Shake       #Atoms   #Molecules
     total           549          549            0          549            0            1         3058            3
----------------------------- End of distribution ----------------------------

Initial temperatures are : Ttot =      0.10 Tfree =      0.10

------------------------ Nonbonded pair list generation -----------------------
=======================  Energy summary at step      0 ========================
                        el       vdW      bond     angle   torsion  improper
solute              -3905.75     -137.79      455.21      835.74     1764.39      183.88
solute-solvent          0.00        0.00
LRF                   -40.15
Q-atom                 10.67       -7.97     -177.17        0.09       -4.06        0.00

                     total       fix slvnt_rad slvnt_pol     shell    solute
restraints              1.52        1.45        0.00        0.00        0.00        0.06

                     total potential   kinetic
SUM                 -1019.79    -1021.39        1.60
======================= Q-atom energies at step      0 ========================
type   st lambda        el       vdW      bond     angle   torsion  improper
Q-Q     1 1.0000     14.96     -0.09
Q-Q     2 0.0000     15.96     21.87

Q-prot  1 1.0000     -4.28     -7.88
Q-prot  2 0.0000    -11.92     -7.25

Q-surr. 1 1.0000     -4.28     -7.88
Q-surr. 2 0.0000    -11.92     -7.25

Q-any   1 1.0000     10.67     -7.97   -177.17      0.09     -4.06      0.00
Q-any   2 0.0000      4.04     14.63     -8.44     56.51     -1.94      0.00

type   st lambda     total restraint
Q-SUM   1 1.0000   -178.44      0.00
Q-SUM   2 0.0000     64.80      0.00
H( 1, 2) =    0.00 dist. between Q-atoms   1   7 =    5.74
===============================================================================
Temperature at step       0:         T_tot=       0.2         T_free=       0.2
Temperature at step       1:         T_tot=       0.2         T_free=       0.2
=======================  Energy summary at step     10 ========================
                        el       vdW      bond     angle   torsion  improper
solute              -3906.49     -139.94      449.13      831.67     1759.70      182.82
solute-solvent          0.00        0.00
LRF                   -40.16
Q-atom                 10.61       -7.96     -179.51        0.10       -4.06        0.00

                     total       fix slvnt_rad slvnt_pol     shell    solute
restraints              1.81        1.74        0.00        0.00        0.00        0.08

                     total potential   kinetic
SUM                 -1040.38    -1042.26        1.88
======================= Q-atom energies at step     10 ========================
type   st lambda        el       vdW      bond     angle   torsion  improper
Q-Q     1 1.0000     14.95     -0.08
Q-Q     2 0.0000     15.47     21.29

Q-prot  1 1.0000     -4.33     -7.88
Q-prot  2 0.0000    -11.96     -7.24

Q-surr. 1 1.0000     -4.33     -7.88
Q-surr. 2 0.0000    -11.96     -7.24

Q-any   1 1.0000     10.61     -7.96   -179.51      0.10     -4.06      0.00
Q-any   2 0.0000      3.51     14.04     -8.46     56.44     -1.93      0.00

type   st lambda     total restraint
Q-SUM   1 1.0000   -180.81      0.00
Q-SUM   2 0.0000     63.61      0.00
H( 1, 2) =    0.00 dist. between Q-atoms   1   7 =    5.74
===============================================================================
Temperature at step      10:         T_tot=       0.2         T_free=       0.3
=======================  Energy summary at step     20 ========================
                        el       vdW      bond     angle   torsion  improper
solute              -3907.24     -142.20      442.71      827.37     1754.71      181.69
solute-solvent          0.00        0.00
LRF                   -40.17
Q-atom                 10.55       -7.95     -181.87        0.12       -4.06        0.00

                     total       fix slvnt_rad slvnt_pol     shell    solute
restraints              2.15        2.06        0.00        0.00        0.00        0.09

                     total potential   kinetic
SUM                 -1062.32    -1064.18        1.87
======================= Q-atom energies at step     20 ========================
type   st lambda        el       vdW      bond     angle   torsion  improper
Q-Q     1 1.0000     14.94     -0.07
Q-Q     2 0.0000     14.94     20.69

Q-prot  1 1.0000     -4.38     -7.87
Q-prot  2 0.0000    -12.00     -7.24

Q-surr. 1 1.0000     -4.38     -7.87
Q-surr. 2 0.0000    -12.00     -7.24

Q-any   1 1.0000     10.55     -7.95   -181.87      0.12     -4.06      0.00
Q-any   2 0.0000      2.95     13.46     -8.47     56.37     -1.93      0.00

type   st lambda     total restraint
Q-SUM   1 1.0000   -183.20      0.00
Q-SUM   2 0.0000     62.38      0.00
H( 1, 2) =    0.00 dist. between Q-atoms   1   7 =    5.74
===============================================================================
Temperature at step      20:         T_tot=       0.2         T_free=       0.3
------------------------ Nonbonded pair list generation -----------------------
=======================  Energy summary at step     30 ========================
                        el       vdW      bond     angle   torsion  improper
solute              -3907.95     -144.41      436.38      823.13     1749.72      180.55
solute-solvent          0.00        0.00
LRF                   -40.24
Q-atom                 10.49       -7.94     -184.11        0.13       -4.05        0.00

                     total       fix slvnt_rad slvnt_pol     shell    solute
restraints              2.52        2.41        0.00        0.00        0.00        0.11

                     total potential   kinetic
SUM                 -1083.91    -1085.76        1.85
======================= Q-atom energies at step     30 ========================
type   st lambda        el       vdW      bond     angle   torsion  improper
Q-Q     1 1.0000     14.93     -0.07
Q-Q     2 0.0000     14.44     20.13

Q-prot  1 1.0000     -4.44     -7.87
Q-prot  2 0.0000    -12.03     -7.23

Q-surr. 1 1.0000     -4.44     -7.87
Q-surr. 2 0.0000    -12.03     -7.23

Q-any   1 1.0000     10.49     -7.94   -184.11      0.13     -4.05      0.00
Q-any   2 0.0000      2.40     12.90     -8.49     56.31     -1.92      0.00

type   st lambda     total restraint
Q-SUM   1 1.0000   -185.47      0.00
Q-SUM   2 0.0000     61.20      0.00
H( 1, 2) =    0.00 dist. between Q-atoms   1   7 =    5.74
===============================================================================
Temperature at step      30:         T_tot=       0.2         T_free=       0.2
=======================  Energy summary at step     40 ========================
                        el       vdW      bond     angle   torsion  improper
solute              -3908.69     -146.54      430.16      818.95     1744.74      179.42
solute-solvent          0.00        0.00
LRF                   -40.25
Q-atom                 10.43       -7.92     -186.23        0.15       -4.05        0.00

                     total       fix slvnt_rad slvnt_pol     shell    solute
restraints              2.91        2.78        0.00        0.00        0.00        0.12

                     total potential   kinetic
SUM                 -1105.09    -1106.93        1.84
======================= Q-atom energies at step     40 ========================
type   st lambda        el       vdW      bond     angle   torsion  improper
Q-Q     1 1.0000     14.91     -0.06
Q-Q     2 0.0000     13.95     19.59

Q-prot  1 1.0000     -4.49     -7.86
Q-prot  2 0.0000    -12.07     -7.23

Q-surr. 1 1.0000     -4.49     -7.86
Q-surr. 2 0.0000    -12.07     -7.23

Q-any   1 1.0000     10.43     -7.92   -186.23      0.15     -4.05      0.00
Q-any   2 0.0000      1.88     12.37     -8.51     56.24     -1.92      0.00

type   st lambda     total restraint
Q-SUM   1 1.0000   -187.62      0.00
Q-SUM   2 0.0000     60.06      0.00
H( 1, 2) =    0.00 dist. between Q-atoms   1   7 =    5.75
===============================================================================
Temperature at step      40:         T_tot=       0.2         T_free=       0.2
------------------------ Nonbonded pair list generation -----------------------
=======================  Energy summary at step     50 ========================
                        el       vdW      bond     angle   torsion  improper
solute              -3909.45     -148.61      424.03      814.82     1739.76      178.29
solute-solvent          0.00        0.00
LRF                   -40.25
Q-atom                 10.37       -7.91     -188.25        0.16       -4.04        0.00

                     total       fix slvnt_rad slvnt_pol     shell    solute
restraints              3.32        3.18        0.00        0.00        0.00        0.14

                     total potential   kinetic
SUM                 -1125.93    -1127.76        1.82
======================= Q-atom energies at step     50 ========================
type   st lambda        el       vdW      bond     angle   torsion  improper
Q-Q     1 1.0000     14.90     -0.05
Q-Q     2 0.0000     13.48     19.08

Q-prot  1 1.0000     -4.54     -7.86
Q-prot  2 0.0000    -12.11     -7.22

Q-surr. 1 1.0000     -4.54     -7.86
Q-surr. 2 0.0000    -12.11     -7.22

Q-any   1 1.0000     10.37     -7.91   -188.25      0.16     -4.04      0.00
Q-any   2 0.0000      1.37     11.86     -8.52     56.18     -1.91      0.00

type   st lambda     total restraint
Q-SUM   1 1.0000   -189.67      0.00
Q-SUM   2 0.0000     58.98      0.00
H( 1, 2) =    0.00 dist. between Q-atoms   1   7 =    5.75
===============================================================================
Temperature at step      50:         T_tot=       0.2         T_free=       0.2
=======================  Energy summary at step     60 ========================
                        el       vdW      bond     angle   torsion  improper
solute              -3910.17     -150.62      418.01      810.75     1734.78      177.16
solute-solvent          0.00        0.00
LRF                   -40.26
Q-atom                 10.31       -7.90     -190.16        0.18       -4.04        0.00

                     total       fix slvnt_rad slvnt_pol     shell    solute
restraints              3.76        3.60        0.00        0.00        0.00        0.16

                     total potential   kinetic
SUM                 -1146.40    -1148.21        1.81
======================= Q-atom energies at step     60 ========================
type   st lambda        el       vdW      bond     angle   torsion  improper
Q-Q     1 1.0000     14.89     -0.05
Q-Q     2 0.0000     13.03     18.60

Q-prot  1 1.0000     -4.59     -7.85
Q-prot  2 0.0000    -12.14     -7.21

Q-surr. 1 1.0000     -4.59     -7.85
Q-surr. 2 0.0000    -12.14     -7.21

Q-any   1 1.0000     10.31     -7.90   -190.16      0.18     -4.04      0.00
Q-any   2 0.0000      0.88     11.38     -8.54     56.12     -1.91      0.00

type   st lambda     total restraint
Q-SUM   1 1.0000   -191.62      0.00
Q-SUM   2 0.0000     57.93      0.00
H( 1, 2) =    0.00 dist. between Q-atoms   1   7 =    5.75
===============================================================================
Temperature at step      60:         T_tot=       0.2         T_free=       0.2
=======================  Energy summary at step     70 ========================
                        el       vdW      bond     angle   torsion  improper
solute              -3910.88     -152.58      412.08      806.73     1729.81      176.03
solute-solvent          0.00        0.00
LRF                   -40.27
Q-atom                 10.24       -7.89     -191.98        0.20       -4.04        0.00

                     total       fix slvnt_rad slvnt_pol     shell    solute
restraints              4.22        4.04        0.00        0.00        0.00        0.18

                     total potential   kinetic
SUM                 -1166.53    -1168.33        1.80
======================= Q-atom energies at step     70 ========================
type   st lambda        el       vdW      bond     angle   torsion  improper
Q-Q     1 1.0000     14.88     -0.04
Q-Q     2 0.0000     12.59     18.13

Q-prot  1 1.0000     -4.64     -7.85
Q-prot  2 0.0000    -12.18     -7.21

Q-surr. 1 1.0000     -4.64     -7.85
Q-surr. 2 0.0000    -12.18     -7.21

Q-any   1 1.0000     10.24     -7.89   -191.98      0.20     -4.04      0.00
Q-any   2 0.0000      0.41     10.92     -8.56     56.06     -1.91      0.00

type   st lambda     total restraint
Q-SUM   1 1.0000   -193.47      0.00
Q-SUM   2 0.0000     56.93      0.00
H( 1, 2) =    0.00 dist. between Q-atoms   1   7 =    5.75
===============================================================================
Temperature at step      70:         T_tot=       0.2         T_free=       0.2
------------------------ Nonbonded pair list generation -----------------------
=======================  Energy summary at step     80 ========================
                        el       vdW      bond     angle   torsion  improper
solute              -3911.81     -154.49      406.25      802.77     1724.85      174.91
solute-solvent          0.00        0.00
LRF                   -40.09
Q-atom                 10.18       -7.88     -193.71        0.21       -4.03        0.00

                     total       fix slvnt_rad slvnt_pol     shell    solute
restraints              4.71        4.51        0.00        0.00        0.00        0.20

                     total potential   kinetic
SUM                 -1186.35    -1188.13        1.78
======================= Q-atom energies at step     80 ========================
type   st lambda        el       vdW      bond     angle   torsion  improper
Q-Q     1 1.0000     14.87     -0.04
Q-Q     2 0.0000     12.17     17.69

Q-prot  1 1.0000     -4.69     -7.84
Q-prot  2 0.0000    -12.21     -7.20

Q-surr. 1 1.0000     -4.69     -7.84
Q-surr. 2 0.0000    -12.21     -7.20

Q-any   1 1.0000     10.18     -7.88   -193.71      0.21     -4.03      0.00
Q-any   2 0.0000     -0.05     10.48     -8.57     56.00     -1.90      0.00

type   st lambda     total restraint
Q-SUM   1 1.0000   -195.23      0.00
Q-SUM   2 0.0000     55.96      0.00
H( 1, 2) =    0.00 dist. between Q-atoms   1   7 =    5.75
===============================================================================
Temperature at step      80:         T_tot=       0.2         T_free=       0.2
=======================  Energy summary at step     90 ========================
                        el       vdW      bond     angle   torsion  improper
solute              -3912.51     -156.36      400.51      798.86     1719.90      173.79
solute-solvent          0.00        0.00
LRF                   -40.10
Q-atom                 10.12       -7.87     -195.36        0.23       -4.03        0.00

                     total       fix slvnt_rad slvnt_pol     shell    solute
restraints              5.22        4.99        0.00        0.00        0.00        0.23

                     total potential   kinetic
SUM                 -1205.82    -1207.59        1.77
======================= Q-atom energies at step     90 ========================
type   st lambda        el       vdW      bond     angle   torsion  improper
Q-Q     1 1.0000     14.86     -0.03
Q-Q     2 0.0000     11.76     17.27

Q-prot  1 1.0000     -4.73     -7.84
Q-prot  2 0.0000    -12.25     -7.20

Q-surr. 1 1.0000     -4.73     -7.84
Q-surr. 2 0.0000    -12.25     -7.20

Q-any   1 1.0000     10.12     -7.87   -195.36      0.23     -4.03      0.00
Q-any   2 0.0000     -0.49     10.07     -8.59     55.95     -1.90      0.00

type   st lambda     total restraint
Q-SUM   1 1.0000   -196.91      0.00
Q-SUM   2 0.0000     55.04      0.00
H( 1, 2) =    0.00 dist. between Q-atoms   1   7 =    5.76
===============================================================================
Temperature at step      90:         T_tot=       0.2         T_free=       0.2
------------------------ Nonbonded pair list generation -----------------------
=======================  Energy summary at step    100 ========================
                        el       vdW      bond     angle   torsion  improper
solute              -3913.19     -158.18      394.87      795.01     1714.96      172.66
solute-solvent          0.00        0.00
LRF                   -40.15
Q-atom                 10.06       -7.86     -196.92        0.24       -4.03        0.00

                     total       fix slvnt_rad slvnt_pol     shell    solute
restraints              5.75        5.49        0.00        0.00        0.00        0.25

                     total potential   kinetic
SUM                 -1225.00    -1226.76        1.76
======================= Q-atom energies at step    100 ========================
type   st lambda        el       vdW      bond     angle   torsion  improper
Q-Q     1 1.0000     14.84     -0.03
Q-Q     2 0.0000     11.36     16.86

Q-prot  1 1.0000     -4.78     -7.83
Q-prot  2 0.0000    -12.28     -7.19

Q-surr. 1 1.0000     -4.78     -7.83
Q-surr. 2 0.0000    -12.28     -7.19

Q-any   1 1.0000     10.06     -7.86   -196.92      0.24     -4.03      0.00
Q-any   2 0.0000     -0.92      9.67     -8.60     55.89     -1.90      0.00

type   st lambda     total restraint
Q-SUM   1 1.0000   -198.51      0.00
Q-SUM   2 0.0000     54.14      0.00
H( 1, 2) =    0.00 dist. between Q-atoms   1   7 =    5.76
===============================================================================
Temperature at step     100:         T_tot=       0.2         T_free=       0.2
=======================  Energy summary at step    110 ========================
                        el       vdW      bond     angle   torsion  improper
solute              -3913.88     -159.96      389.33      791.22     1710.03      171.55
solute-solvent          0.00        0.00
LRF                   -40.16
Q-atom                 10.00       -7.85     -198.42        0.25       -4.02        0.00

                     total       fix slvnt_rad slvnt_pol     shell    solute
restraints              6.29        6.02        0.00        0.00        0.00        0.28

                     total potential   kinetic
SUM                 -1243.85    -1245.60        1.74
======================= Q-atom energies at step    110 ========================
type   st lambda        el       vdW      bond     angle   torsion  improper
Q-Q     1 1.0000     14.83     -0.02
Q-Q     2 0.0000     10.98     16.48

Q-prot  1 1.0000     -4.83     -7.83
Q-prot  2 0.0000    -12.32     -7.19

Q-surr. 1 1.0000     -4.83     -7.83
Q-surr. 2 0.0000    -12.32     -7.19

Q-any   1 1.0000     10.00     -7.85   -198.42      0.25     -4.02      0.00
Q-any   2 0.0000     -1.34      9.29     -8.62     55.84     -1.89      0.00

type   st lambda     total restraint
Q-SUM   1 1.0000   -200.03      0.00
Q-SUM   2 0.0000     53.28      0.00
H( 1, 2) =    0.00 dist. between Q-atoms   1   7 =    5.76
===============================================================================
Temperature at step     110:         T_tot=       0.2         T_free=       0.2
=======================  Energy summary at step    120 ========================
                        el       vdW      bond     angle   torsion  improper
solute              -3914.55     -161.70      383.88      787.48     1705.12      170.43
solute-solvent          0.00        0.00
LRF                   -40.17
Q-atom                  9.94       -7.84     -199.84        0.27       -4.02        0.00

                     total       fix slvnt_rad slvnt_pol     shell    solute
restraints              6.86        6.56        0.00        0.00        0.00        0.30

                     total potential   kinetic
SUM                 -1262.40    -1264.13        1.73
======================= Q-atom energies at step    120 ========================
type   st lambda        el       vdW      bond     angle   torsion  improper
Q-Q     1 1.0000     14.82     -0.01
Q-Q     2 0.0000     10.61     16.11

Q-prot  1 1.0000     -4.88     -7.83
Q-prot  2 0.0000    -12.35     -7.19

Q-surr. 1 1.0000     -4.88     -7.83
Q-surr. 2 0.0000    -12.35     -7.19

Q-any   1 1.0000      9.94     -7.84   -199.84      0.27     -4.02      0.00
Q-any   2 0.0000     -1.74      8.92     -8.64     55.79     -1.89      0.00

type   st lambda     total restraint
Q-SUM   1 1.0000   -201.49      0.00
Q-SUM   2 0.0000     52.45      0.00
H( 1, 2) =    0.00 dist. between Q-atoms   1   7 =    5.76
===============================================================================
Temperature at step     120:         T_tot=       0.2         T_free=       0.2
------------------------ Nonbonded pair list generation -----------------------
=======================  Energy summary at step    130 ========================
                        el       vdW      bond     angle   torsion  improper
solute              -3915.23     -163.40      378.53      783.80     1700.21      169.32
solute-solvent          0.00        0.00
LRF                   -40.21
Q-atom                  9.88       -7.83     -201.20        0.28       -4.01        0.00

                     total       fix slvnt_rad slvnt_pol     shell    solute
restraints              7.45        7.12        0.00        0.00        0.00        0.33

                     total potential   kinetic
SUM                 -1280.68    -1282.40        1.72
======================= Q-atom energies at step    130 ========================
type   st lambda        el       vdW      bond     angle   torsion  improper
Q-Q     1 1.0000     14.80     -0.01
Q-Q     2 0.0000     10.25     15.75

Q-prot  1 1.0000     -4.92     -7.82
Q-prot  2 0.0000    -12.38     -7.18

Q-surr. 1 1.0000     -4.92     -7.82
Q-surr. 2 0.0000    -12.38     -7.18

Q-any   1 1.0000      9.88     -7.83   -201.20      0.28     -4.01      0.00
Q-any   2 0.0000     -2.13      8.57     -8.65     55.74     -1.89      0.00

type   st lambda     total restraint
Q-SUM   1 1.0000   -202.88      0.00
Q-SUM   2 0.0000     51.64      0.00
H( 1, 2) =    0.00 dist. between Q-atoms   1   7 =    5.76
===============================================================================
Temperature at step     130:         T_tot=       0.2         T_free=       0.2
=======================  Energy summary at step    140 ========================
                        el       vdW      bond     angle   torsion  improper
solute              -3915.89     -165.07      373.27      780.16     1695.33      168.21
solute-solvent          0.00        0.00
LRF                   -40.22
Q-atom                  9.82       -7.82     -202.49        0.29       -4.01        0.00

                     total       fix slvnt_rad slvnt_pol     shell    solute
restraints              8.05        7.69        0.00        0.00        0.00        0.36

                     total potential   kinetic
SUM                 -1298.65    -1300.36        1.71
======================= Q-atom energies at step    140 ========================
type   st lambda        el       vdW      bond     angle   torsion  improper
Q-Q     1 1.0000     14.79     -0.00
Q-Q     2 0.0000      9.91     15.41

Q-prot  1 1.0000     -4.97     -7.82
Q-prot  2 0.0000    -12.41     -7.18

Q-surr. 1 1.0000     -4.97     -7.82
Q-surr. 2 0.0000    -12.41     -7.18

Q-any   1 1.0000      9.82     -7.82   -202.49      0.29     -4.01      0.00
Q-any   2 0.0000     -2.51      8.24     -8.67     55.69     -1.89      0.00

type   st lambda     total restraint
Q-SUM   1 1.0000   -204.21      0.00
Q-SUM   2 0.0000     50.87      0.00
H( 1, 2) =    0.00 dist. between Q-atoms   1   7 =    5.76
===============================================================================
Temperature at step     140:         T_tot=       0.2         T_free=       0.2
------------------------ Nonbonded pair list generation -----------------------
=======================  Energy summary at step    150 ========================
                        el       vdW      bond     angle   torsion  improper
solute              -3916.44     -166.70      368.10      776.59     1690.45      167.10
solute-solvent          0.00        0.00
LRF                   -40.37
Q-atom                  9.76       -7.81     -203.73        0.31       -4.01        0.00

                     total       fix slvnt_rad slvnt_pol     shell    solute
restraints              8.68        8.29        0.00        0.00        0.00        0.39

                     total potential   kinetic
SUM                 -1316.37    -1318.07        1.69
======================= Q-atom energies at step    150 ========================
type   st lambda        el       vdW      bond     angle   torsion  improper
Q-Q     1 1.0000     14.78      0.00
Q-Q     2 0.0000      9.57     15.09

Q-prot  1 1.0000     -5.02     -7.81
Q-prot  2 0.0000    -12.44     -7.17

Q-surr. 1 1.0000     -5.02     -7.81
Q-surr. 2 0.0000    -12.44     -7.17

Q-any   1 1.0000      9.76     -7.81   -203.73      0.31     -4.01      0.00
Q-any   2 0.0000     -2.87      7.92     -8.68     55.64     -1.88      0.00

type   st lambda     total restraint
Q-SUM   1 1.0000   -205.48      0.00
Q-SUM   2 0.0000     50.12      0.00
H( 1, 2) =    0.00 dist. between Q-atoms   1   7 =    5.77
===============================================================================
Temperature at step     150:         T_tot=       0.2         T_free=       0.2
=======================  Energy summary at step    160 ========================
                        el       vdW      bond     angle   torsion  improper
solute              -3917.10     -168.30      363.03      773.06     1685.59      166.00
solute-solvent          0.00        0.00
LRF                   -40.38
Q-atom                  9.70       -7.80     -204.91        0.32       -4.00        0.00

                     total       fix slvnt_rad slvnt_pol     shell    solute
restraints              9.31        8.89        0.00        0.00        0.00        0.42

                     total potential   kinetic
SUM                 -1333.79    -1335.47        1.68
======================= Q-atom energies at step    160 ========================
type   st lambda        el       vdW      bond     angle   torsion  improper
Q-Q     1 1.0000     14.76      0.01
Q-Q     2 0.0000      9.24     14.78

Q-prot  1 1.0000     -5.06     -7.81
Q-prot  2 0.0000    -12.48     -7.17

Q-surr. 1 1.0000     -5.06     -7.81
Q-surr. 2 0.0000    -12.48     -7.17

Q-any   1 1.0000      9.70     -7.80   -204.91      0.32     -4.00      0.00
Q-any   2 0.0000     -3.23      7.61     -8.70     55.59     -1.88      0.00

type   st lambda     total restraint
Q-SUM   1 1.0000   -206.70      0.00
Q-SUM   2 0.0000     49.40      0.00
H( 1, 2) =    0.00 dist. between Q-atoms   1   7 =    5.77
===============================================================================
Temperature at step     160:         T_tot=       0.2         T_free=       0.2
=======================  Energy summary at step    170 ========================
                        el       vdW      bond     angle   torsion  improper
solute              -3917.75     -169.87      358.04      769.59     1680.75      164.91
solute-solvent          0.00        0.00
LRF                   -40.39
Q-atom                  9.64       -7.79     -206.05        0.33       -4.00        0.00

                     total       fix slvnt_rad slvnt_pol     shell    solute
restraints              9.97        9.51        0.00        0.00        0.00        0.45

                     total potential   kinetic
SUM                 -1350.95    -1352.61        1.67
======================= Q-atom energies at step    170 ========================
type   st lambda        el       vdW      bond     angle   torsion  improper
Q-Q     1 1.0000     14.75      0.01
Q-Q     2 0.0000      8.93     14.48

Q-prot  1 1.0000     -5.11     -7.81
Q-prot  2 0.0000    -12.51     -7.16

Q-surr. 1 1.0000     -5.11     -7.81
Q-surr. 2 0.0000    -12.51     -7.16

Q-any   1 1.0000      9.64     -7.79   -206.05      0.33     -4.00      0.00
Q-any   2 0.0000     -3.58      7.31     -8.71     55.55     -1.88      0.00

type   st lambda     total restraint
Q-SUM   1 1.0000   -207.87      0.00
Q-SUM   2 0.0000     48.70      0.00
H( 1, 2) =    0.00 dist. between Q-atoms   1   7 =    5.77
===============================================================================
Temperature at step     170:         T_tot=       0.2         T_free=       0.2
------------------------ Nonbonded pair list generation -----------------------
=======================  Energy summary at step    180 ========================
                        el       vdW      bond     angle   torsion  improper
solute              -3918.38     -171.42      353.15      766.16     1675.93      163.81
solute-solvent          0.00        0.00
LRF                   -40.43
Q-atom                  9.58       -7.78     -207.13        0.34       -3.99        0.00

                     total       fix slvnt_rad slvnt_pol     shell    solute
restraints             10.64       10.15        0.00        0.00        0.00        0.49

                     total potential   kinetic
SUM                 -1367.87    -1369.52        1.66
======================= Q-atom energies at step    180 ========================
type   st lambda        el       vdW      bond     angle   torsion  improper
Q-Q     1 1.0000     14.73      0.02
Q-Q     2 0.0000      8.62     14.19

Q-prot  1 1.0000     -5.15     -7.80
Q-prot  2 0.0000    -12.54     -7.16

Q-surr. 1 1.0000     -5.15     -7.80
Q-surr. 2 0.0000    -12.54     -7.16

Q-any   1 1.0000      9.58     -7.78   -207.13      0.34     -3.99      0.00
Q-any   2 0.0000     -3.91      7.03     -8.72     55.50     -1.88      0.00

type   st lambda     total restraint
Q-SUM   1 1.0000   -208.98      0.00
Q-SUM   2 0.0000     48.02      0.00
H( 1, 2) =    0.00 dist. between Q-atoms   1   7 =    5.77
===============================================================================
Temperature at step     180:         T_tot=       0.2         T_free=       0.2
=======================  Energy summary at step    190 ========================
                        el       vdW      bond     angle   torsion  improper
solute              -3919.03     -172.93      348.35      762.79     1671.12      162.72
solute-solvent          0.00        0.00
LRF                   -40.44
Q-atom                  9.52       -7.78     -208.16        0.35       -3.99        0.00

                     total       fix slvnt_rad slvnt_pol     shell    solute
restraints             11.32       10.80        0.00        0.00        0.00        0.52

                     total potential   kinetic
SUM                 -1384.50    -1386.15        1.64
======================= Q-atom energies at step    190 ========================
type   st lambda        el       vdW      bond     angle   torsion  improper
Q-Q     1 1.0000     14.72      0.02
Q-Q     2 0.0000      8.33     13.91

Q-prot  1 1.0000     -5.20     -7.80
Q-prot  2 0.0000    -12.57     -7.16

Q-surr. 1 1.0000     -5.20     -7.80
Q-surr. 2 0.0000    -12.57     -7.16

Q-any   1 1.0000      9.52     -7.78   -208.16      0.35     -3.99      0.00
Q-any   2 0.0000     -4.24      6.76     -8.74     55.46     -1.87      0.00

type   st lambda     total restraint
Q-SUM   1 1.0000   -210.05      0.00
Q-SUM   2 0.0000     47.36      0.00
H( 1, 2) =    0.00 dist. between Q-atoms   1   7 =    5.77
===============================================================================
Temperature at step     190:         T_tot=       0.2         T_free=       0.2

=========================== FINAL  Energy summary =============================
                        el       vdW      bond     angle   torsion  improper
solute              -3919.66     -174.41      343.63      759.47     1666.34      161.64
solute-solvent          0.00        0.00
LRF                   -40.48
Q-atom                  9.46       -7.77     -209.15        0.36       -3.99        0.00

                     total       fix slvnt_rad slvnt_pol     shell    solute
restraints             12.01       11.46        0.00        0.00        0.00        0.56

                     total potential   kinetic
SUM                 -1400.92    -1402.55        1.63
=========================== FINAL Q-atom energies =============================
type   st lambda        el       vdW      bond     angle   torsion  improper
Q-Q     1 1.0000     14.71      0.03
Q-Q     2 0.0000      8.04     13.65

Q-prot  1 1.0000     -5.24     -7.80
Q-prot  2 0.0000    -12.60     -7.15

Q-surr. 1 1.0000     -5.24     -7.80
Q-surr. 2 0.0000    -12.60     -7.15

Q-any   1 1.0000      9.46     -7.77   -209.15      0.36     -3.99      0.00
Q-any   2 0.0000     -4.56      6.49     -8.75     55.41     -1.87      0.00

type   st lambda     total restraint
Q-SUM   1 1.0000   -211.08      0.00
Q-SUM   2 0.0000     46.73      0.00
H( 1, 2) =    0.00 dist. between Q-atoms   1   7 =    5.77
===============================================================================
Total time of main loop:                                13.8(s)
 QDyn version 5.10.22 , git id=9325b9c29ad62a733df16f540968e33ee6c78260 terminated normally.
###############################################################################
