
Build and version information

Build number 5.10.18
Build date   20210903
Built:       
      by     florian
      on     desktop
      git id 9325b9c29ad62a733df16f540968e33ee6c78260
      with   GNU Fortran Ubuntu 9.3.0-17ubuntu1~20.04 9.3.0
Current date 2024- 3- 4 and time 16:54:21

Welcome in qprep modification date 20210903


Qprep> 
Reading molecular library ../1-params/qoplsaa.lib

name  atoms  net Q  bonds  rules   imps Q-grps
ALA      10   0.00      9      0      0      3
ARG      24   1.00     23      2      6      4
ARN      23   0.00     22      2      5      5
ASN      14   0.00     13      1      4      5
ASP      12  -1.00     11      0      3      3
ASH      13   0.00     12      1      3      4
CYS      11   0.00     10      0      2      3
CYX      10   0.00      9      0      2      3
GLN      17   0.00     16      1      4      6
GLU      15  -1.00     14      0      3      4
GLH      16   0.00     15      1      3      5
GLY       7   0.00      6      0      2      2
HIP      18   1.00     18      0      7      3
HID      17   0.00     17      0      6      3
HIE      17   0.00     17      0      6      3
ILE      19   0.00     18      0      2      6
LEU      19   0.00     18      0      2      6
LYS      22   1.00     21      0      2      6
LYN      21   0.00     20      0      2      6
MET      17   0.00     16      0      2      4
PHE      20   0.00     20      0      8      8
PRO      14   0.00     14      0      2      4
SER      11  -0.00     10      0      2      3
THR      14  -0.00     13      0      2      4
TRP      24   0.00     25      0     11      8
TYR      21   0.00     21      0      8      8
VAL      16   0.00     15      0      2      5
NTE      21   1.00     20      0      1      6
HOH       3   0.00      3      0      0      1
SPC       3   0.00      3      0      0      1
K+        1   1.00      0      0      0    none, creating default
MG2+      1   2.00      0      0      0    none, creating default

Accumulated no. of library entries loaded =  32

Qprep> 
Reading molecular library ../1-params/GPX.lib

name  atoms  net Q  bonds  rules   imps Q-grps
PRX       4   0.00      3      0      0      1
SEC      11   0.00     10      0      2      3
SNN      12   0.00     11      0      2      3
SEN      12   0.00     11      0      2      3
HO2       3   0.00      2      0      0      1

Accumulated no. of library entries loaded =  37

Qprep> Qprep> 
Reading force field parameter file.
Forcefield name:               Q-OPLSAA
Forcefield type:               AMBER
Lennard-Jones combination rule:GEOMETRIC
Scaling of 1-4 electrostatics: 0.500
Cut-off rule:                  switching atoms
Improper potential:            PERIODIC
Improper generation:           EXPLICIT
 Coulomb constant is set to the default value of 332.
Read   86 atom types
>>>>> WARNING: No SYBYL name for one or more atom types.
Read    0 atom type alias names
Read    0 LJ type 2 pairs
Read  124 bond types
Read   45 unique bond parameters
>>>>> WARNING: No SYBYL bond type for one or more bond types.
Read  246 angle types
Read   80  unique angle parameters
Read  587 torsion types
Read  166 unique torsion parameters
Read   61 improper types
Force field parameters successfully read.

Qprep> Qprep> 
>>>WARNING: ignoring unrecognised line in PDB file
CRYST1   61.771   66.075   72.878  90.00  90.00  90.00 P 1           1
>>>WARNING: ignoring unrecognised line in PDB file
END
>>>WARNING: ignoring unrecognised line in PDB file

PDB file contains  3056 atoms.
The number of atoms in the topology will be  3058
molecule    1: PRO     1 - SER   195
molecule    2: PRX   198
molecule    3: HO2   199

Successfully read PDB file with    3 molecules,
  197 residues totally (  197 in solute).
 3058 atoms totally ( 3058 in solute).

Sequence listing:

PRO  GLN  LYS  SER  LYS  VAL  ASP  CYX  ASN  LYS  GLY  VAL  THR  GLY  THR  VAL 
TYR  GLU  TYR  GLY  ALA  ASN  THR  ILE  ASP  GLY  GLY  GLU  PHE  VAL  ASN  PHE 
GLN  GLN  TYR  ALA  GLY  LYS  HID  ILE  LEU  PHE  VAL  ASN  VAL  ALA  SER  PHE 
CYS  GLY  LEU  THR  ALA  THR  TYR  PRO  GLU  LEU  ASN  THR  LEU  GLN  GLU  GLU 
LEU  LYS  PRO  PHE  ASN  VAL  THR  VAL  LEU  GLY  PHE  PRO  CYS  ASN  GLN  PHE 
GLY  LYS  GLN  GLU  PRO  GLY  LYS  ASN  SER  GLU  ILE  LEU  LEU  GLY  LEU  LYS 
TYR  VAL  ARG  PRO  GLY  GLY  GLY  TYR  VAL  PRO  ASN  PHE  GLN  LEU  PHE  GLU 
LYS  GLY  ASP  VAL  ASN  GLY  ASP  ASN  GLU  GLN  LYS  VAL  PHE  SER  PHE  LEU 
LYS  ASN  SER  CYX  PRO  PRO  THR  SER  GLU  LEU  PHE  GLY  SER  PRO  GLU  HID 
LEU  PHE  TRP  ASP  PRO  MET  LYS  VAL  HID  ASP  ILE  ARG  TRP  ASN  PHE  GLU 
LYS  PHE  LEU  VAL  GLY  PRO  ASP  GLY  VAL  PRO  VAL  MET  ARG  TRP  PHE  HID 
HID  THR  PRO  VAL  ARG  ILE  VAL  GLN  SER  ASP  ILE  MET  GLU  TYR  LEU  ASN 
GLN  THR  SER  PRX  HO2 

Qprep> Qprep> Qprep> Qprep> 
Simulation sphere centre                   :     43.704  34.968  42.174
Simulation radius                          :     20.000
Qprep> 
Solvation sphere centre                   :     43.704  34.968  42.174
Library entry used to generate solvent  :       HOH 
Radius of solvent sphere                =      20.00 A
Grid spacing                            =       3.10 A 
No. of solvent molecules in the sphere:  1141
Minimum distance to solute heavy atoms:  2.70 A
No. of solvent molecules to add to the system:   531
Qprep> Qprep> Assigned  4651 atom types.
Assigned  4651 atomic charges.
Made      3103 solute bonds.
Made         0 extra bonds.
Made      1593 solvent bonds.
Made      5597 solute angles.
Made       531 solvent angles.
Made     10854 solute torsions.
Made         0 solvent torsions.
Made       650 solute impropers.
Made         0 solvent impropers.
Made      8172 entries in the 1-4 neighbour list.
Made         4 entries in the long-range 1-4 neighbour list.
Made     10824 entries in list of excluded neighbours.
Made         0 entries in list of long-range excluded neighbours.
Made         2 solute hydrogens.
Made      1062 solvent hydrogens.
Made      549 solute  charge groups comprising a total of   1790 atoms.
Made      531 solvent charge groups comprising a total of   1593 atoms.
Skipped   389excluded charge groups comprising a total of   1268 atoms.
Effective water radius                     : 19.35
Topology successfully generated.
Qprep> 

PDB file successfully written.

Qprep> Qprep> 