
Build and version information

Build number 5.10.18
Build date   20210903
Built:       
      by     florian
      on     desktop
      git id 9325b9c29ad62a733df16f540968e33ee6c78260
      with   GNU Fortran Ubuntu 9.3.0-17ubuntu1~20.04 9.3.0
Current date 2024- 3- 6 and time 13:42:49

Welcome in qprep modification date 20210903


Qprep> 
Reading molecular library 1-params/qoplsaa.lib

name  atoms  net Q  bonds  rules   imps Q-grps
ALA      10   0.00      9      0      2      3
NAL      12   1.00     11      0      1      3
ALC      12   0.00     11      0      1      3
ARG      24   1.00     23      0      6      4
ARN      23   0.00     22      0      5      5
ASH      13   0.00     12      0      3      3
ASN      14   0.00     13      0      4      5
ASP      12  -1.00     11      0      3      3
CLA       1  -1.00      0      0      0    none, creating default
CYS      11   0.00     10      0      2      3
CYX      10   0.00      9      0      2      3
GLH      16   0.00     15      0      3      4
GLN      17   0.00     16      0      4      6
GLU      15  -1.00     14      0      3      4
GLY       7   0.00      6      0      2      2
NGL       9   1.00      8      0      1      2
GLC       9   0.00      8      0      1      2
HID      17   0.00     17      0      6      3
HIE      17   0.00     17      0      6      3
HIP      18   1.00     18      0      7      3
ILE      19   0.00     18      0      2      6
LEU      19   0.00     18      0      2      6
LYN      21   0.00     20      0      2      6
LYS      22   1.00     21      0      2      6
MET      17  -0.00     16      0      2      4
PHE      20   0.00     20      0      8      8
PRO      14   0.00     14      0      2      4
SER      11  -0.00     10      0      2      3
SOD       1   1.00      0      0      0      1
THR      14  -0.00     13      0      2      4
HOH       3   0.00      3      0      0      1
TRP      24   0.00     25      0     11      8
TYR      21   0.00     21      0      8      8
VAL      16   0.00     15      0      2      5
NME       6  -0.00      5      0      1      1
ACE       6   0.00      5      0      1      2

Accumulated no. of library entries loaded =  36

Qprep> 
Reading molecular library 1-params/GPX.lib

name  atoms  net Q  bonds  rules   imps Q-grps
PRX       4   0.00      3      0      0      1
SEC      11   0.00     10      0      2      3
SNN      12   0.00     11      0      2      3
SEN      12   0.00     11      0      2      3
HO2       3   0.00      2      0      0      1
HO3       3   0.00      2      0      0      1

Accumulated no. of library entries loaded =  42

Qprep> Qprep> 
Reading force field parameter file.
Forcefield name:               OPLS-AA
Forcefield type:               AMBER
Lennard-Jones combination rule:GEOMETRIC
Scaling of 1-4 electrostatics: 0.500
Cut-off rule:                  switching atoms
Improper potential:            PERIODIC
Improper generation:           EXPLICIT
Coulomb constant:              332.0716
Read  108 atom types
>>>>> WARNING: No SYBYL name for one or more atom types.
Read    0 atom type alias names
Read    0 LJ type 2 pairs
Read  193 bond types
Read   38 unique bond parameters
>>>>> WARNING: No SYBYL bond type for one or more bond types.
Read  499 angle types
Read   70  unique angle parameters
Read 1556 torsion types
Read  239 unique torsion parameters
Read   61 improper types
Force field parameters successfully read.

Qprep> Qprep> 
PDB file contains  4651 atoms.
The number of atoms in the topology will be  4651
molecule    1: PRO     1
>>> Atom HD3  in residue no.     1 not found in library entry for PRO 

Correct the PDB file and try readpdb again!
If the problem is in the library you need to correct it and do
clearlib and readlib before trying readpdb again.
Qprep> Qprep> Qprep> Qprep> >>>>> ERROR: Could not find centre atom 49:SG
Qprep> Qprep> >>>>> ERROR: Boundary has not been set.
Qprep> >>>>> ERROR: The mask is empty - no atoms to write!
Qprep>  WARNING: The topology is incomplete due to missing parameters!
 Do you realLY want to write this erronenous topology?
 Enter yes to proceed, anything else to cancel.
-----> Write _ERRONENOUS_ topology [yes/NO] ? -----> Write _ERRONENOUS_ topology [yes/NO] ? Qprep> 