# Qfep                       version 5.10.24 , gi(modified on 20240701                                                                        )

--> Number of energy files: # Number of files                 =    51
--> No. of states, no. of predefined off-diag elements: # Number of states                 =     2
# Number of off-diagonal elements =     0
--> Give kT & no, of pts to skip   & calculation mode: # kT                              = 0.596
# Number of data points to skip   =   100
# Only QQ interactions will be considered   =   0
--> Give number of gap-bins: # Number of gap-bins              =    50
--> Give minimum # pts/bin: # Minimum number of points per bin=    10
--> Give alpha for state  2:                                                    # Alpha for state  2              =    40.00
--> Number of off-diagonal elements:# Number of off-diagonal elements =     1
#   i   j   A(i,j)  mu(i,j) eta(i,j) rxy0(i,j)
--> i, j, A_ij, mu_ij, eta_ij, r_xy0: #   1   2     25.00      0.00      0.00      0.00
--> linear combination of states defining reaction coord: # Linear combination co-efficients=  1.00 -1.00


# Part 0: Average energies for all states in all files
# file             state   pts   lambda    EQtot   EQbond  EQang   EQtor   EQimp    EQel   EQvdW  Eel_qq  EvdW_qq Eel_qp  EvdW_qp Eel_qw EvdW_qw Eqrstr
--> Name of file number   1:                                                     
# Energy files from Qdyn, version: 5.10.17 , git id=9325b9c29ad62a733df16f540968e33ee6c78260                       
rep0_fep_000_1.000.en   1      1899  1.000000  -285.79  -181.19     2.72    -3.57     0.12   -87.50   -18.95   -14.95    -0.55   -47.59   -17.92   -24.96    -0.49     2.58
rep0_fep_000_1.000.en   2      1899  0.000000   -61.27     6.42   115.36     1.27     0.05  -213.22     8.49  -135.02    25.82   -47.22   -16.91   -30.98    -0.42    20.36
--> Name of file number   2:                                                     
# Energy files from Qdyn, version: 5.10.17 , git id=9325b9c29ad62a733df16f540968e33ee6c78260                       
rep0_fep_001_0.980.en   1      1899  0.980000  -288.28  -181.19     2.60    -3.18     0.19   -88.34   -19.99   -15.39    -0.44   -47.12   -19.28   -25.83    -0.27     1.65
rep0_fep_001_0.980.en   2      1899  0.020000   -97.48    -4.79    89.76     1.52     0.07  -206.78     7.66  -127.91    26.07   -46.11   -18.24   -32.76    -0.18    15.08
--> Name of file number   3:                                                     
# Energy files from Qdyn, version: 5.10.17 , git id=9325b9c29ad62a733df16f540968e33ee6c78260                       
rep0_fep_002_0.960.en   1      1899  0.960000  -288.45  -181.10     2.57    -3.28     0.10   -85.70   -21.96   -16.73    -0.64   -47.25   -19.43   -21.72    -1.89     0.91
rep0_fep_002_0.960.en   2      1899  0.040000  -113.04   -17.83    86.69     1.01     0.04  -199.43     6.58  -122.20    26.87   -44.58   -18.48   -32.65    -1.80     9.89
--> Name of file number   4:                                                     
# Energy files from Qdyn, version: 5.10.17 , git id=9325b9c29ad62a733df16f540968e33ee6c78260                       
rep0_fep_003_0.940.en   1      1899  0.940000  -289.18  -181.20     2.85    -3.07     0.11   -88.14   -20.43   -17.34     0.02   -48.70   -19.17   -22.10    -1.28     0.70
rep0_fep_003_0.940.en   2      1899  0.060000  -160.88   -24.56    47.26     2.85     0.05  -203.05     7.60  -121.34    27.05   -45.51   -18.20   -36.20    -1.24     8.98
--> Name of file number   5:                                                     
# Energy files from Qdyn, version: 5.10.17 , git id=9325b9c29ad62a733df16f540968e33ee6c78260                       
rep0_fep_004_0.920.en   1      1899  0.920000  -283.86  -180.49     3.34    -2.55     0.12   -85.88   -18.66   -19.63     1.25   -47.98   -18.23   -18.26    -1.69     0.27
rep0_fep_004_0.920.en   2      1899  0.080000  -189.46   -42.04    28.97     2.04     0.05  -193.11     8.23  -118.52    27.18   -44.99   -17.29   -29.60    -1.66     6.41
--> Name of file number   6:                                                     
# Energy files from Qdyn, version: 5.10.17 , git id=9325b9c29ad62a733df16f540968e33ee6c78260                       
rep0_fep_005_0.900.en   1      1899  0.900000  -288.49  -180.61     3.03    -3.03     0.15   -89.36   -19.13   -18.42     1.15   -49.26   -19.04   -21.68    -1.24     0.46
rep0_fep_005_0.900.en   2      1899  0.100000  -197.70   -39.19    28.36     1.22     0.06  -205.76     7.06  -124.17    26.38   -47.30   -18.10   -34.29    -1.21    10.56
--> Name of file number   7:                                                     
# Energy files from Qdyn, version: 5.10.17 , git id=9325b9c29ad62a733df16f540968e33ee6c78260                       
rep0_fep_006_0.880.en   1      1899  0.880000  -289.41  -180.77     2.64    -2.95     0.18   -90.98   -18.06   -18.82     1.52   -48.20   -19.29   -23.97    -0.29     0.53
rep0_fep_006_0.880.en   2      1899  0.120000  -201.28   -40.83    24.89     1.83     0.07  -205.62     7.84  -124.17    26.50   -45.27   -18.40   -36.18    -0.26    10.53
--> Name of file number   8:                                                     
# Energy files from Qdyn, version: 5.10.17 , git id=9325b9c29ad62a733df16f540968e33ee6c78260                       
rep0_fep_007_0.860.en   1      1899  0.860000  -286.89  -180.15     3.10    -2.72     0.20   -90.31   -17.34   -19.11     1.93   -49.00   -18.67   -22.21    -0.60     0.33
rep0_fep_007_0.860.en   2      1899  0.140000  -210.66   -46.98    22.25     0.40     0.08  -204.10     7.59  -122.85    25.92   -46.75   -17.76   -34.50    -0.57    10.09
--> Name of file number   9:                                                     
# Energy files from Qdyn, version: 5.10.17 , git id=9325b9c29ad62a733df16f540968e33ee6c78260                       
rep0_fep_008_0.840.en   1      1899  0.840000  -279.49  -178.80     3.62    -2.76     0.10   -89.11   -12.54   -29.18     7.10   -45.13   -18.90   -14.80    -0.74     0.00
rep0_fep_008_0.840.en   2      1899  0.160000  -243.60   -83.50     9.33     1.64     0.04  -180.84     9.46  -112.01    28.13   -42.46   -17.92   -26.37    -0.75     0.27
--> Name of file number  10:                                                     
# Energy files from Qdyn, version: 5.10.17 , git id=9325b9c29ad62a733df16f540968e33ee6c78260                       
rep0_fep_009_0.820.en   1      1899  0.820000  -280.76  -177.70     3.73    -2.75     0.11   -91.93   -12.22   -30.76     8.01   -46.75   -19.62   -14.43    -0.61     0.00
rep0_fep_009_0.820.en   2      1899  0.180000  -256.02   -92.46     8.11     1.27     0.04  -181.38     8.37  -109.30    27.63   -43.89   -18.64   -28.20    -0.62     0.02
--> Name of file number  11:                                                     
# Energy files from Qdyn, version: 5.10.17 , git id=9325b9c29ad62a733df16f540968e33ee6c78260                       
rep0_fep_010_0.800.en   1      1899  0.800000  -278.13  -177.44     3.95    -2.71     0.08   -91.70   -10.31   -31.64     9.07   -46.06   -18.55   -14.00    -0.84     0.00
rep0_fep_010_0.800.en   2      1899  0.200000  -261.19   -97.26     7.97     0.81     0.03  -181.92     9.16  -109.15    27.61   -45.45   -17.60   -27.32    -0.85     0.01
--> Name of file number  12:                                                     
# Energy files from Qdyn, version: 5.10.17 , git id=9325b9c29ad62a733df16f540968e33ee6c78260                       
rep0_fep_011_0.780.en   1      1899  0.780000  -278.17  -177.37     3.81    -2.02     0.13   -92.16   -10.56   -31.82     9.56   -42.59   -20.10   -17.75    -0.03     0.00
rep0_fep_011_0.780.en   2      1899  0.220000  -262.98   -99.66     8.26     1.33     0.05  -181.33     8.35  -109.15    27.51   -40.64   -19.12   -31.54    -0.03     0.02
--> Name of file number  13:                                                     
# Energy files from Qdyn, version: 5.10.17 , git id=9325b9c29ad62a733df16f540968e33ee6c78260                       
rep0_fep_012_0.760.en   1      1899  0.760000  -275.63  -175.79     3.72    -1.62     0.20   -93.63    -8.51   -32.80    10.70   -45.64   -18.88   -15.18    -0.33     0.00
rep0_fep_012_0.760.en   2      1899  0.240000  -268.54  -106.62     7.56     1.61     0.08  -180.27     9.10  -107.13    27.28   -44.67   -17.84   -28.47    -0.34     0.01
--> Name of file number  14:                                                     
# Energy files from Qdyn, version: 5.10.17 , git id=9325b9c29ad62a733df16f540968e33ee6c78260                       
rep0_fep_013_0.740.en   1      1899  0.740000  -273.05  -174.68     4.09    -1.56     0.11   -93.65    -7.36   -34.26    11.78   -41.30   -19.36   -18.09     0.22     0.00
rep0_fep_013_0.740.en   2      1899  0.260000  -273.46  -113.19     9.03     0.50     0.05  -179.01     9.15  -107.29    27.45   -40.60   -18.52   -31.13     0.22     0.01
--> Name of file number  15:                                                     
# Energy files from Qdyn, version: 5.10.17 , git id=9325b9c29ad62a733df16f540968e33ee6c78260                       
rep0_fep_014_0.720.en   1      1899  0.720000  -271.64  -172.29     4.43    -2.00     0.14   -97.38    -4.54   -34.82    13.06   -45.75   -17.52   -16.82    -0.08     0.00
rep0_fep_014_0.720.en   2      1899  0.280000  -279.08  -118.97     8.47     1.34     0.06  -180.50    10.53  -104.88    27.11   -45.65   -16.50   -29.97    -0.09     0.00
--> Name of file number  16:                                                     
# Energy files from Qdyn, version: 5.10.17 , git id=9325b9c29ad62a733df16f540968e33ee6c78260                       
rep0_fep_015_0.700.en   1      1899  0.700000  -270.23  -170.50     3.69    -1.62     0.14   -98.13    -3.82   -37.27    14.20   -44.80   -18.16   -16.06     0.15     0.00
rep0_fep_015_0.700.en   2      1899  0.300000  -290.46  -125.46     7.31    -0.49     0.05  -181.30     9.43  -105.11    26.59   -44.71   -17.29   -31.48     0.13     0.00
--> Name of file number  17:                                                     
# Energy files from Qdyn, version: 5.10.17 , git id=9325b9c29ad62a733df16f540968e33ee6c78260                       
rep0_fep_016_0.680.en   1      1899  0.680000  -268.02  -169.09     3.97    -1.74     0.11   -97.91    -3.36   -37.90    15.84   -42.73   -18.51   -17.29    -0.70     0.00
rep0_fep_016_0.680.en   2      1899  0.320000  -295.50  -130.40     7.26    -0.12     0.04  -180.92     8.63  -104.58    26.97   -41.60   -17.64   -34.73    -0.70     0.00
--> Name of file number  18:                                                     
# Energy files from Qdyn, version: 5.10.17 , git id=9325b9c29ad62a733df16f540968e33ee6c78260                       
rep0_fep_017_0.660.en   1      1899  0.660000  -262.69  -163.85     3.89    -2.06     0.07   -98.19    -2.55   -43.12    17.27   -41.44   -17.32   -13.63    -2.50     0.00
rep0_fep_017_0.660.en   2      1899  0.340000  -307.63  -142.65     7.82    -2.32     0.03  -177.59     7.08  -105.71    26.21   -40.59   -16.63   -31.30    -2.50     0.00
--> Name of file number  19:                                                     
# Energy files from Qdyn, version: 5.10.17 , git id=9325b9c29ad62a733df16f540968e33ee6c78260                       
rep0_fep_018_0.640.en   1      1899  0.640000  -260.55  -161.70     3.28    -2.51     0.05   -98.56    -1.12   -44.96    18.45   -40.08   -16.86   -13.52    -2.70     0.00
rep0_fep_018_0.640.en   2      1899  0.360000  -313.62  -148.27     7.03    -2.29     0.02  -177.40     7.29  -105.17    26.20   -38.86   -16.21   -33.37    -2.70     0.00
--> Name of file number  20:                                                     
# Energy files from Qdyn, version: 5.10.17 , git id=9325b9c29ad62a733df16f540968e33ee6c78260                       
rep0_fep_019_0.620.en   1      1899  0.620000  -257.60  -156.84     3.19    -2.32     0.05   -99.74    -1.96   -47.19    18.63   -37.70   -17.95   -14.85    -2.64     0.01
rep0_fep_019_0.620.en   2      1899  0.380000  -323.29  -154.26     7.30    -2.81     0.02  -178.21     4.68  -103.66    24.65   -36.47   -17.33   -38.08    -2.64     0.00
--> Name of file number  21:                                                     
# Energy files from Qdyn, version: 5.10.17 , git id=9325b9c29ad62a733df16f540968e33ee6c78260                       
rep0_fep_020_0.600.en   1      1899  0.600000  -250.76  -151.13     3.91    -2.40     0.04  -100.01    -1.18   -49.66    19.16   -38.41   -16.92   -11.94    -3.42     0.01
rep0_fep_020_0.600.en   2      1899  0.400000  -325.97  -161.03     7.29    -2.38     0.02  -173.67     3.81  -102.90    23.53   -37.28   -16.30   -33.49    -3.42     0.00
--> Name of file number  22:                                                     
# Energy files from Qdyn, version: 5.10.17 , git id=9325b9c29ad62a733df16f540968e33ee6c78260                       
rep0_fep_021_0.580.en   1      1899  0.580000  -249.49  -146.13     3.54    -1.85     0.06  -105.64     0.52   -52.04    20.16   -38.67   -17.21   -14.93    -2.42     0.01
rep0_fep_021_0.580.en   2      1899  0.420000  -335.28  -167.14     6.68    -3.17     0.02  -175.99     4.33  -100.44    23.25   -38.23   -16.49   -37.32    -2.42     0.00
--> Name of file number  23:                                                     
# Energy files from Qdyn, version: 5.10.17 , git id=9325b9c29ad62a733df16f540968e33ee6c78260                       
rep0_fep_022_0.560.en   1      1899  0.560000  -245.48  -141.08     3.55    -1.37     0.05  -107.79     1.15   -53.29    20.70   -40.46   -17.28   -14.04    -2.26     0.01
rep0_fep_022_0.560.en   2      1899  0.440000  -338.20  -171.80     6.76    -2.93     0.02  -173.92     3.68   -95.24    22.59   -44.14   -16.65   -34.54    -2.26     0.00
--> Name of file number  24:                                                     
# Energy files from Qdyn, version: 5.10.17 , git id=9325b9c29ad62a733df16f540968e33ee6c78260                       
rep0_fep_023_0.540.en   1      1899  0.540000  -246.02  -138.26     3.79    -1.33     0.07  -113.39     3.09   -54.03    21.44   -42.84   -17.35   -16.51    -0.99     0.01
rep0_fep_023_0.540.en   2      1899  0.460000  -343.88  -174.75     6.13    -2.81     0.03  -177.24     4.76   -93.62    22.45   -44.39   -16.68   -39.23    -1.01     0.00
--> Name of file number  25:                                                     
# Energy files from Qdyn, version: 5.10.17 , git id=9325b9c29ad62a733df16f540968e33ee6c78260                       
rep0_fep_024_0.520.en   1      1899  0.520000  -243.92  -135.88     3.87    -0.77     0.10  -113.88     2.64   -55.19    21.23   -41.65   -17.39   -17.05    -1.21     0.01
rep0_fep_024_0.520.en   2      1899  0.480000  -345.53  -176.24     6.37    -2.44     0.04  -177.27     4.00   -95.32    21.90   -41.87   -16.69   -40.08    -1.21     0.00
--> Name of file number  26:                                                     
# Energy files from Qdyn, version: 5.10.17 , git id=9325b9c29ad62a733df16f540968e33ee6c78260                       
rep0_fep_025_0.500.en   1      1899  0.500000  -240.99  -133.15     4.10    -0.81     0.10  -114.16     2.91   -56.43    21.24   -39.70   -17.18   -18.03    -1.15     0.01
rep0_fep_025_0.500.en   2      1899  0.500000  -347.41  -178.01     6.26    -3.11     0.04  -176.30     3.71   -94.02    21.41   -41.90   -16.54   -40.38    -1.15     0.00
--> Name of file number  27:                                                     
# Energy files from Qdyn, version: 5.10.17 , git id=9325b9c29ad62a733df16f540968e33ee6c78260                       
rep0_fep_026_0.480.en   1      1899  0.480000  -239.88  -130.24     3.78    -0.90     0.05  -115.78     3.20   -57.71    21.50   -39.91   -17.19   -18.16    -1.11     0.02
rep0_fep_026_0.480.en   2      1899  0.520000  -353.31  -180.02     5.89    -3.50     0.02  -179.22     3.53   -93.07    21.14   -43.08   -16.50   -43.06    -1.11     0.00
--> Name of file number  28:                                                     
# Energy files from Qdyn, version: 5.10.17 , git id=9325b9c29ad62a733df16f540968e33ee6c78260                       
rep0_fep_027_0.460.en   1      1899  0.460000  -238.93  -127.22     3.74    -0.56     0.07  -117.32     2.34   -58.88    21.47   -40.60   -18.04   -17.84    -1.10     0.02
rep0_fep_027_0.460.en   2      1899  0.540000  -356.87  -182.26     5.71    -3.52     0.03  -178.73     1.90   -92.46    20.37   -41.34   -17.37   -44.93    -1.11     0.00
--> Name of file number  29:                                                     
# Energy files from Qdyn, version: 5.10.17 , git id=9325b9c29ad62a733df16f540968e33ee6c78260                       
rep0_fep_028_0.440.en   1      1899  0.440000  -234.91  -124.36     4.23    -0.23     0.08  -119.28     4.64   -59.67    21.99   -40.51   -17.07   -19.11    -0.29     0.02
rep0_fep_028_0.440.en   2      1899  0.560000  -355.47  -183.63     5.59    -3.38     0.03  -177.55     3.47   -92.00    20.19   -42.69   -16.43   -42.87    -0.30     0.00
--> Name of file number  30:                                                     
# Energy files from Qdyn, version: 5.10.17 , git id=9325b9c29ad62a733df16f540968e33ee6c78260                       
rep0_fep_029_0.420.en   1      1899  0.420000  -231.51  -121.23     4.29     0.34     0.07  -119.89     4.88   -61.61    21.94   -36.86   -17.63   -21.42     0.58     0.03
rep0_fep_029_0.420.en   2      1899  0.580000  -360.31  -186.20     5.69    -3.56     0.03  -179.63     3.36   -92.87    19.78   -40.66   -17.01   -46.10     0.58     0.00
--> Name of file number  31:                                                     
# Energy files from Qdyn, version: 5.10.17 , git id=9325b9c29ad62a733df16f540968e33ee6c78260                       
rep0_fep_030_0.400.en   1      1899  0.400000  -228.94  -119.65     4.04     0.53     0.08  -119.00     5.03   -62.11    22.54   -37.75   -17.37   -19.14    -0.15     0.03
rep0_fep_030_0.400.en   2      1899  0.600000  -359.29  -187.14     5.15    -3.78     0.03  -176.60     3.05   -93.15    19.84   -41.34   -16.65   -42.12    -0.14     0.00
--> Name of file number  32:                                                     
# Energy files from Qdyn, version: 5.10.17 , git id=9325b9c29ad62a733df16f540968e33ee6c78260                       
rep0_fep_031_0.380.en   1      1899  0.380000  -225.89  -116.04     4.90     0.65     0.07  -120.61     5.08   -63.22    21.10   -36.36   -16.52   -21.04     0.49     0.06
rep0_fep_031_0.380.en   2      1899  0.620000  -364.79  -188.00     6.05    -3.50     0.03  -182.42     3.06   -91.58    18.17   -46.92   -15.63   -43.91     0.52     0.00
--> Name of file number  33:                                                     
# Energy files from Qdyn, version: 5.10.17 , git id=9325b9c29ad62a733df16f540968e33ee6c78260                       
rep0_fep_032_0.360.en   1      1899  0.360000  -223.26  -113.87     4.89     0.83     0.05  -120.30     5.07   -64.37    21.60   -34.79   -17.21   -21.14     0.69     0.07
rep0_fep_032_0.360.en   2      1899  0.640000  -363.22  -189.97     5.34    -3.89     0.02  -177.15     2.44   -92.97    18.17   -41.39   -16.44   -42.79     0.71     0.00
--> Name of file number  34:                                                     
# Energy files from Qdyn, version: 5.10.17 , git id=9325b9c29ad62a733df16f540968e33ee6c78260                       
rep0_fep_033_0.340.en   1      1899  0.340000  -226.91  -112.47     4.29    -0.11     0.08  -122.46     3.69   -63.39    21.88   -40.06   -18.01   -19.01    -0.17     0.06
rep0_fep_033_0.340.en   2      1899  0.660000  -365.13  -190.18     4.93    -3.62     0.03  -176.51     0.22   -90.73    17.75   -43.86   -17.34   -41.93    -0.18     0.00
--> Name of file number  35:                                                     
# Energy files from Qdyn, version: 5.10.17 , git id=9325b9c29ad62a733df16f540968e33ee6c78260                       
rep0_fep_034_0.320.en   1      1899  0.320000  -223.89  -111.38     5.08    -0.03     0.06  -122.06     4.36   -62.87    21.60   -39.13   -16.73   -20.06    -0.51     0.08
rep0_fep_034_0.320.en   2      1899  0.680000  -369.01  -190.26     5.40    -3.77     0.02  -180.96     0.55   -88.90    17.13   -45.36   -16.06   -46.71    -0.52     0.00
--> Name of file number  36:                                                     
# Energy files from Qdyn, version: 5.10.17 , git id=9325b9c29ad62a733df16f540968e33ee6c78260                       
rep0_fep_035_0.300.en   1      1899  0.300000  -225.08  -109.73     4.80    -0.07     0.07  -124.35     4.12   -63.58    21.74   -43.33   -16.70   -17.44    -0.93     0.08
rep0_fep_035_0.300.en   2      1899  0.700000  -371.82  -191.54     5.29    -3.92     0.03  -181.40    -0.27   -89.89    16.70   -49.53   -16.03   -41.98    -0.94     0.00
--> Name of file number  37:                                                     
# Energy files from Qdyn, version: 5.10.17 , git id=9325b9c29ad62a733df16f540968e33ee6c78260                       
rep0_fep_036_0.280.en   1      1899  0.280000  -223.79  -108.33     5.58    -0.26     0.06  -125.00     4.08   -63.43    21.95   -42.43   -17.18   -19.14    -0.69     0.09
rep0_fep_036_0.280.en   2      1899  0.720000  -373.24  -193.08     4.83    -3.42     0.02  -180.74    -0.85   -88.14    16.38   -48.17   -16.52   -44.43    -0.71     0.00
--> Name of file number  38:                                                     
# Energy files from Qdyn, version: 5.10.17 , git id=9325b9c29ad62a733df16f540968e33ee6c78260                       
rep0_fep_037_0.260.en   1      1899  0.260000  -220.06  -105.32     5.09     0.34     0.06  -125.30     4.99   -64.46    22.07   -40.91   -16.91   -19.94    -0.16     0.09
rep0_fep_037_0.260.en   2      1899  0.740000  -375.00  -194.00     4.89    -3.90     0.02  -181.52    -0.50   -90.05    15.87   -46.37   -16.19   -45.10    -0.18     0.00
--> Name of file number  39:                                                     
# Energy files from Qdyn, version: 5.10.17 , git id=9325b9c29ad62a733df16f540968e33ee6c78260                       
rep0_fep_038_0.240.en   1      1899  0.240000  -216.21  -100.53     6.19     0.57     0.05  -128.30     5.67   -65.20    22.26   -43.15   -16.16   -19.95    -0.42     0.14
rep0_fep_038_0.240.en   2      1899  0.760000  -379.44  -195.24     4.64    -4.00     0.02  -184.14    -0.73   -89.89    15.23   -48.21   -15.51   -46.03    -0.44     0.00
--> Name of file number  40:                                                     
# Energy files from Qdyn, version: 5.10.17 , git id=9325b9c29ad62a733df16f540968e33ee6c78260                       
rep0_fep_039_0.220.en   1      1899  0.220000  -211.47   -98.53     7.22     0.54     0.08  -128.85     7.90   -64.63    23.09   -43.60   -15.23   -20.62     0.04     0.16
rep0_fep_039_0.220.en   2      1899  0.780000  -381.57  -195.77     4.97    -3.90     0.03  -187.53     0.63   -87.15    15.22   -52.09   -14.61   -48.29     0.03     0.00
--> Name of file number  41:                                                     
# Energy files from Qdyn, version: 5.10.17 , git id=9325b9c29ad62a733df16f540968e33ee6c78260                       
rep0_fep_040_0.200.en   1      1899  0.200000  -208.27   -96.99     8.08     1.03     0.07  -128.23     7.61   -64.56    22.87   -43.52   -15.38   -20.14     0.12     0.15
rep0_fep_040_0.200.en   2      1899  0.800000  -383.88  -196.33     4.31    -3.84     0.03  -188.44     0.39   -89.42    15.05   -53.83   -14.77   -45.19     0.11     0.00
--> Name of file number  42:                                                     
# Energy files from Qdyn, version: 5.10.17 , git id=9325b9c29ad62a733df16f540968e33ee6c78260                       
rep0_fep_041_0.180.en   1      1899  0.180000  -201.51   -92.65     9.22     0.79     0.10  -125.39     6.21   -62.21    21.59   -42.79   -15.03   -20.39    -0.35     0.21
rep0_fep_041_0.180.en   2      1899  0.820000  -384.72  -195.77     3.87    -2.34     0.04  -189.40    -1.13   -96.51    13.63   -52.36   -14.41   -40.53    -0.36     0.00
--> Name of file number  43:                                                     
# Energy files from Qdyn, version: 5.10.17 , git id=9325b9c29ad62a733df16f540968e33ee6c78260                       
rep0_fep_042_0.160.en   1      1899  0.160000  -190.59   -86.33    11.45     0.02     0.15  -124.20     8.00   -62.60    23.68   -43.30   -14.18   -18.30    -1.50     0.32
rep0_fep_042_0.160.en   2      1899  0.840000  -384.82  -197.13     4.84    -0.76     0.06  -192.04     0.22  -110.36    15.19   -50.71   -13.48   -30.98    -1.50     0.00
--> Name of file number  44:                                                     
# Energy files from Qdyn, version: 5.10.17 , git id=9325b9c29ad62a733df16f540968e33ee6c78260                       
rep0_fep_043_0.140.en   1      1899  0.140000  -179.06   -76.20    15.78     0.06     0.13  -127.82     8.23   -64.03    23.01   -43.38   -14.46   -20.42    -0.32     0.77
rep0_fep_043_0.140.en   2      1899  0.860000  -387.76  -197.31     4.21    -1.79     0.05  -192.52    -0.40  -109.17    13.66   -50.43   -13.73   -32.93    -0.33     0.00
--> Name of file number  45:                                                     
# Energy files from Qdyn, version: 5.10.17 , git id=9325b9c29ad62a733df16f540968e33ee6c78260                       
rep0_fep_044_0.120.en   1      1899  0.120000  -175.99   -74.15    14.82     0.04     0.19  -127.31     9.52   -64.94    23.89   -42.20   -13.90   -20.17    -0.47     0.88
rep0_fep_044_0.120.en   2      1899  0.880000  -391.16  -198.19     4.17    -1.15     0.08  -195.73    -0.34  -110.92    13.36   -51.65   -13.24   -33.16    -0.46     0.01
--> Name of file number  46:                                                     
# Energy files from Qdyn, version: 5.10.17 , git id=9325b9c29ad62a733df16f540968e33ee6c78260                       
rep0_fep_045_0.100.en   1      1899  0.100000  -172.28   -71.32    16.96     0.56     0.16  -128.62     9.33   -65.21    23.91   -42.47   -15.36   -20.94     0.78     0.66
rep0_fep_045_0.100.en   2      1899  0.900000  -397.58  -199.11     4.41    -1.18     0.06  -200.31    -1.46  -110.93    12.46   -49.88   -14.71   -39.50     0.79     0.00
--> Name of file number  47:                                                     
# Energy files from Qdyn, version: 5.10.17 , git id=9325b9c29ad62a733df16f540968e33ee6c78260                       
rep0_fep_046_0.080.en   1      1899  0.080000  -155.64   -64.02    23.54     0.92     0.18  -128.24    10.86   -66.18    24.80   -41.94   -14.80   -20.13     0.86     1.12
rep0_fep_046_0.080.en   2      1899  0.920000  -393.44  -199.76     4.58    -0.97     0.07  -196.12    -1.25  -108.91    11.99   -50.06   -14.13   -37.15     0.88     0.01
--> Name of file number  48:                                                     
# Energy files from Qdyn, version: 5.10.17 , git id=9325b9c29ad62a733df16f540968e33ee6c78260                       
rep0_fep_047_0.060.en   1      1899  0.060000  -139.77   -55.18    31.14     0.62     0.18  -130.56    12.20   -67.12    25.14   -42.08   -13.75   -21.36     0.81     1.84
rep0_fep_047_0.060.en   2      1899  0.940000  -396.97  -199.79     3.54    -1.30     0.07  -198.83    -0.70  -107.59    11.57   -51.64   -13.10   -39.60     0.83     0.03
--> Name of file number  49:                                                     
# Energy files from Qdyn, version: 5.10.17 , git id=9325b9c29ad62a733df16f540968e33ee6c78260                       
rep0_fep_048_0.040.en   1      1899  0.040000  -138.02   -57.17    33.47     1.47     0.17  -129.00    11.73   -67.53    26.50   -42.53   -16.04   -18.94     1.27     1.31
rep0_fep_048_0.040.en   2      1899  0.960000  -398.37  -200.12     3.58    -1.16     0.07  -198.42    -2.32  -111.65    11.78   -51.20   -15.38   -35.57     1.28     0.01
--> Name of file number  50:                                                     
# Energy files from Qdyn, version: 5.10.17 , git id=9325b9c29ad62a733df16f540968e33ee6c78260                       
rep0_fep_049_0.020.en   1      1899  0.020000  -108.91   -47.98    52.15     1.60     0.19  -129.08    12.04   -68.13    26.80   -41.29   -14.65   -19.66    -0.12     2.16
rep0_fep_049_0.020.en   2      1899  0.980000  -399.80  -200.79     3.26    -1.36     0.08  -197.66    -3.42  -108.62    10.71   -50.94   -14.04   -38.10    -0.09     0.09
--> Name of file number  51:                                                     
# Energy files from Qdyn, version: 5.10.17 , git id=9325b9c29ad62a733df16f540968e33ee6c78260                       
rep0_fep_050_0.000.en   1      1899  0.000000  -100.07   -44.72    56.40     1.71     0.18  -129.57    13.89   -67.93    28.56   -41.64   -15.12   -20.01     0.45     2.05
rep0_fep_050_0.000.en   2      1899  1.000000  -400.01  -200.64     3.89    -1.17     0.07  -198.77    -3.41  -108.90    10.57   -50.76   -14.44   -39.11     0.47     0.02


# Part 1: Free energy perturbation summary:

# Calculation for full system
# lambda(1)      dGf sum(dGf)      dGr sum(dGr)     <dG>
   1.000000     0.000     0.000    -4.674    43.898     0.000
   0.980000     4.950     4.950    -4.414    48.571     4.812
   0.960000     4.553     9.503    -3.683    52.985     9.295
   0.940000     4.201    13.704    -2.746    56.668    13.237
   0.920000     3.142    16.846    -2.667    59.413    16.181
   0.900000     2.623    19.469    -2.608    62.081    18.826
   0.880000     2.565    22.034    -2.361    64.689    21.413
   0.860000     2.516    24.550    -1.580    67.050    23.851
   0.840000     2.287    26.837    -1.330    68.630    25.785
   0.820000     1.461    28.297    -1.168    69.960    27.180
   0.800000     1.256    29.554    -1.160    71.129    28.393
   0.780000     1.108    30.662    -0.997    72.288    29.526
   0.760000     1.053    31.715    -0.861    73.286    30.552
   0.740000     0.888    32.603    -0.705    74.147    31.426
   0.720000     0.720    33.323    -0.445    74.853    32.139
   0.700000     0.600    33.923    -0.303    75.298    32.662
   0.680000     0.347    34.270     0.028    75.601    32.987
   0.660000     0.196    34.466     0.223    75.573    33.071
   0.640000    -0.169    34.296     0.458    75.350    32.874
   0.620000    -0.300    33.997     0.662    74.892    32.495
   0.600000    -0.569    33.428     0.857    74.230    31.880
   0.580000    -0.747    32.681     1.005    73.373    31.079
   0.560000    -0.971    31.711     1.131    72.368    30.091
   0.540000    -1.101    30.610     1.194    71.237    28.975
   0.520000    -1.183    29.427     1.292    70.043    27.786
   0.500000    -1.267    28.161     1.442    68.751    26.507
   0.480000    -1.362    26.798     1.532    67.309    25.105
   0.460000    -1.494    25.305     1.570    65.777    23.592
   0.440000    -1.583    23.722     1.745    64.206    22.015
   0.420000    -1.651    22.071     1.778    62.461    20.317
   0.400000    -1.806    20.264     1.943    60.683    18.525
   0.380000    -1.836    18.428     1.963    58.740    16.635
   0.360000    -2.012    16.417     1.939    56.777    14.648
   0.340000    -2.036    14.381     2.071    54.838    12.661
   0.320000    -1.990    12.391     2.099    52.767    10.631
   0.300000    -2.133    10.258     2.168    50.668     8.514
   0.280000    -2.170     8.088     2.284    48.500     6.345
   0.260000    -2.211     5.877     2.447    46.216     4.098
   0.240000    -2.313     3.564     2.574    43.769     1.717
   0.220000    -2.482     1.082     2.685    41.195    -0.810
   0.200000    -2.630    -1.548     2.821    38.510    -3.468
   0.180000    -2.739    -4.287     3.029    35.689    -6.248
   0.160000    -2.912    -7.199     3.287    32.659    -9.218
   0.140000    -3.144   -10.342     3.455    29.373   -12.433
   0.120000    -3.458   -13.800     3.658    25.918   -15.890
   0.100000    -3.555   -17.356     3.880    22.260   -19.497
   0.080000    -3.756   -21.111     4.203    18.380   -23.314
   0.060000    -4.031   -25.142     4.284    14.177   -27.431
   0.040000    -4.500   -29.643     4.849     9.893   -31.823
   0.020000    -4.545   -34.188     5.044     5.044   -36.520
   0.000000    -5.163   -39.350     0.000     0.000   -41.624

# Min energy-gap is:   -347.54
# Max energy-gap is:    327.99



# Part 2: Reaction free energy summary:
# Lambda(1)  bin Energy gap      dGa     dGb     dGg    # pts    c1**2    c2**2
   1.000000    1    -340.79       0.00     335.41      -1.83     74     0.995     0.005
   1.000000    2    -327.28       0.00     322.34      -1.90     93     0.994     0.006
   1.000000    3    -313.77       0.00     308.79      -1.99    120     0.994     0.006
   1.000000    4    -300.26       0.00     295.11      -2.08    181     0.993     0.007
   1.000000    5    -286.74       0.00     281.85      -2.16    217     0.993     0.007
   1.000000    6    -273.23       0.00     268.43      -2.27    141     0.992     0.008
   1.000000    7    -259.72       0.00     254.86      -2.40    217     0.991     0.009
   1.000000    8    -246.21       0.00     241.32      -2.51    225     0.990     0.010
   1.000000    9    -232.70       0.00     227.56      -2.67    369     0.989     0.011
   1.000000   10    -219.19       0.00     214.68      -2.79    207     0.988     0.012
   1.000000   11    -205.68       0.00     204.56      -2.96     55     0.986     0.014
   0.980000    7    -259.72      -0.35     254.37      -2.75     73     0.991     0.009
   0.980000    8    -246.21      -0.07     240.92      -2.61    462     0.990     0.010
   0.980000    9    -232.70       0.14     228.14      -2.50    695     0.989     0.011
   0.980000   10    -219.19       0.40     215.28      -2.40    485     0.988     0.012
   0.980000   11    -205.68       0.71     201.64      -2.29    172     0.986     0.014
   0.980000   12    -192.17       0.86     198.29      -2.25     12     0.985     0.015
   0.960000    8    -246.21      -0.52     240.81      -3.04    203     0.990     0.010
   0.960000    9    -232.70      -0.00     228.11      -2.66    366     0.989     0.011
   0.960000   10    -219.19       0.49     215.06      -2.31    511     0.988     0.012
   0.960000   11    -205.68       1.06     201.99      -1.93    418     0.986     0.014
   0.960000   12    -192.17       1.55     189.90      -1.62    310     0.984     0.016
   0.960000   13    -178.66       2.04     180.54      -1.34     91     0.982     0.018
   0.940000    8    -246.21      -1.19     239.05      -3.76     15     0.990     0.010
   0.940000    9    -232.70      -0.87     228.02      -3.49     80     0.989     0.011
   0.940000   10    -219.19       0.12     214.49      -2.70     36     0.987     0.013
   0.940000   11    -205.68       0.96     201.82      -2.05    258     0.986     0.014
   0.940000   12    -192.17       1.57     190.40      -1.59    163     0.984     0.016
   0.940000   13    -178.66       2.69     175.92      -0.79     91     0.981     0.019
   0.940000   14    -165.15       3.31     164.03      -0.38    460     0.978     0.022
   0.940000   15    -151.64       4.01     151.37       0.06    332     0.975     0.025
   0.940000   16    -138.13       4.92     138.42       0.56    326     0.970     0.030
   0.940000   17    -124.62       5.54     131.11       0.84    138     0.966     0.034
   0.920000   14    -165.15       3.21     163.24      -0.55     40     0.978     0.022
   0.920000   15    -151.64       4.15     151.03       0.12    400     0.974     0.026
   0.920000   16    -138.13       5.07     138.76       0.72    817     0.970     0.030
   0.920000   17    -124.62       6.10     126.50       1.34    365     0.964     0.036
   0.920000   18    -111.11       7.12     114.63       1.86    238     0.957     0.043
   0.920000   19     -97.60       8.11     107.00       2.26     39     0.948     0.052
   0.900000   14    -165.15       2.86     162.33      -0.97     11     0.977     0.023
   0.900000   15    -151.64       3.69     150.74      -0.31    259     0.974     0.026
   0.900000   16    -138.13       4.96     138.82       0.61    646     0.970     0.030
   0.900000   17    -124.62       6.18     127.12       1.44    655     0.964     0.036
   0.900000   18    -111.11       7.47     115.27       2.23    317     0.957     0.043
   0.900000   19     -97.60       8.46     111.94       2.75     11     0.950     0.050
   0.880000   15    -151.64       3.43     150.52      -0.62    146     0.974     0.026
   0.880000   16    -138.13       4.75     138.61       0.41    570     0.970     0.030
   0.880000   17    -124.62       6.23     127.09       1.49    841     0.964     0.036
   0.880000   18    -111.11       7.82     115.13       2.58    298     0.956     0.044
   0.880000   19     -97.60       9.22     105.16       3.42     44     0.948     0.052
   0.860000   16    -138.13       4.62     138.14       0.25    126     0.969     0.031
   0.860000   17    -124.62       6.33     126.90       1.56    747     0.963     0.037
   0.860000   18    -111.11       7.99     115.57       2.75    738     0.956     0.044
   0.860000   19     -97.60       9.75     104.98       3.91    278     0.947     0.053
   0.840000   18    -111.11       8.27     115.14       2.86     57     0.954     0.046
   0.840000   19     -97.60      10.10     103.63       4.13    189     0.944     0.056
   0.840000   20     -84.09      12.17      92.47       5.42    575     0.929     0.071
   0.840000   21     -70.58      14.17      81.43       6.44    716     0.908     0.092
   0.840000   22     -57.07      16.22      70.28       7.17    337     0.879     0.121
   0.840000   23     -43.55      18.00      63.72       7.44     25     0.846     0.154
   0.820000   20     -84.09      12.09      91.91       5.28    220     0.927     0.073
   0.820000   21     -70.58      14.30      81.12       6.51    814     0.906     0.094
   0.820000   22     -57.07      16.42      70.32       7.39    742     0.878     0.122
   0.820000   23     -43.55      18.64      59.39       7.90     97     0.837     0.163
   0.820000   24     -30.04      21.42      51.13       7.64     26     0.762     0.238
   0.800000   20     -84.09      11.76      91.59       4.86     32     0.927     0.073
   0.800000   21     -70.58      14.41      80.81       6.48    423     0.903     0.097
   0.800000   22     -57.07      16.61      70.52       7.51   1000     0.875     0.125
   0.800000   23     -43.55      19.00      60.84       8.21    415     0.836     0.164
   0.800000   24     -30.04      21.64      48.88       8.23     22     0.768     0.232
   0.780000   19     -97.60       9.02     101.42       2.75     14     0.940     0.060
   0.780000   20     -84.09      10.54      91.83       3.89     75     0.930     0.070
   0.780000   21     -70.58      13.84      80.74       6.05    320     0.905     0.095
   0.780000   22     -57.07      16.45      70.59       7.43    794     0.876     0.124
   0.780000   23     -43.55      19.42      60.48       8.49    617     0.830     0.170
   0.780000   24     -30.04      21.95      49.48       8.75     65     0.771     0.229
   0.780000   25     -16.53      24.83      45.29       8.28     14     0.694     0.306
   0.760000   20     -84.09      10.19      90.26       3.47     29     0.927     0.073
   0.760000   21     -70.58      13.40      80.51       5.66    134     0.904     0.096
   0.760000   22     -57.07      16.38      70.20       7.34    564     0.873     0.127
   0.760000   23     -43.55      19.46      60.30       8.62    801     0.828     0.172
   0.760000   24     -30.04      22.45      50.64       9.15    307     0.769     0.231
   0.760000   25     -16.53      25.76      40.17       8.47     60     0.668     0.332
   0.740000   21     -70.58      13.24      79.71       5.35     79     0.902     0.098
   0.740000   22     -57.07      16.15      70.17       7.12    378     0.872     0.128
   0.740000   23     -43.55      19.50      60.44       8.62    636     0.827     0.173
   0.740000   24     -30.04      22.74      50.67       9.40    506     0.764     0.236
   0.740000   25     -16.53      26.26      40.76       9.06    246     0.669     0.331
   0.740000   26      -3.02      29.43      35.90       7.84     48     0.571     0.429
   0.720000   21     -70.58      12.89      79.42       4.80     10     0.903     0.097
   0.720000   22     -57.07      16.26      69.64       6.93    173     0.869     0.131
   0.720000   23     -43.55      19.39      60.19       8.49    510     0.824     0.176
   0.720000   24     -30.04      22.93      50.58       9.51    693     0.757     0.243
   0.720000   25     -16.53      26.46      41.39       9.44    484     0.670     0.330
   0.720000   26      -3.02      29.95      31.47       7.48     29     0.555     0.445
   0.700000   22     -57.07      15.89      69.16       6.44     13     0.867     0.133
   0.700000   23     -43.55      19.25      59.73       8.26    123     0.819     0.181
   0.700000   24     -30.04      22.92      50.56       9.45    606     0.753     0.247
   0.700000   25     -16.53      26.85      41.15       9.54    762     0.655     0.345
   0.700000   26      -3.02      30.59      32.04       8.01    350     0.544     0.456
   0.700000   27      10.49      34.48      27.39       5.99     45     0.435     0.565
   0.680000   23     -43.55      18.46      59.11       7.63     43     0.818     0.182
   0.680000   24     -30.04      22.87      50.14       9.26    341     0.745     0.255
   0.680000   25     -16.53      26.78      41.23       9.55    772     0.653     0.347
   0.680000   26      -3.02      30.94      32.30       8.25    518     0.538     0.462
   0.680000   27      10.49      35.10      23.52       5.10    212     0.413     0.587
   0.680000   28      24.00      38.86      20.05       2.88     13     0.326     0.674
   0.660000   24     -30.04      23.70      49.39       8.99     28     0.733     0.267
   0.660000   25     -16.53      26.58      40.99       9.31    313     0.648     0.352
   0.660000   26      -3.02      31.02      32.20       8.18    542     0.527     0.473
   0.660000   27      10.49      35.50      23.40       5.11    587     0.402     0.598
   0.660000   28      24.00      40.01      14.59       0.26    376     0.289     0.711
   0.660000   29      37.51      44.19      10.00      -2.86     53     0.222     0.778
   0.640000   25     -16.53      28.26      39.88       8.83     25     0.615     0.385
   0.640000   26      -3.02      31.23      31.71       7.81    361     0.508     0.492
   0.640000   27      10.49      35.43      23.45       5.14    829     0.399     0.601
   0.640000   28      24.00      40.14      15.27       0.89    576     0.293     0.707
   0.640000   29      37.51      44.70      10.36      -2.47    108     0.221     0.779
   0.620000   25     -16.53      26.95      39.85       8.20     11     0.632     0.368
   0.620000   26      -3.02      30.93      31.37       7.48     81     0.512     0.488
   0.620000   27      10.49      36.01      23.08       4.77    360     0.377     0.623
   0.620000   28      24.00      40.39      15.05       0.77    845     0.285     0.715
   0.620000   29      37.51      45.28       6.84      -4.60    435     0.207     0.793
   0.620000   30      51.02      50.38      -1.42     -10.93    167     0.147     0.853
   0.600000   27      10.49      35.63      22.64       4.38    117     0.372     0.628
   0.600000   28      24.00      40.41      14.87       0.56    521     0.277     0.723
   0.600000   29      37.51      45.49       7.07      -4.42    883     0.203     0.797
   0.600000   30      51.02      50.70      -1.04     -10.50    330     0.147     0.853
   0.600000   31      64.53      55.57      -4.38     -13.32     48     0.117     0.883
   0.580000   27      10.49      35.09      21.97       3.80     30     0.373     0.627
   0.580000   28      24.00      40.07      14.58       0.28    240     0.275     0.725
   0.580000   29      37.51      45.54       6.96      -4.53    550     0.198     0.802
   0.580000   30      51.02      51.11      -0.89     -10.35    724     0.143     0.857
   0.580000   31      64.53      56.35      -7.84     -15.93    332     0.110     0.890
   0.580000   32      78.04      61.80     -13.27     -20.65     23     0.085     0.915
   0.560000   28      24.00      39.55      13.90      -0.34     75     0.269     0.731
   0.560000   29      37.51      45.36       6.42      -5.00    337     0.193     0.807
   0.560000   30      51.02      51.05      -0.78     -10.24    856     0.143     0.857
   0.560000   31      64.53      56.74      -8.30     -16.28    520     0.107     0.893
   0.560000   32      78.04      62.24     -15.08     -21.98    102     0.085     0.915
   0.540000   29      37.51      46.94       6.06      -5.39    166     0.184     0.816
   0.540000   30      51.02      51.07      -1.07     -10.53    750     0.138     0.862
   0.540000   31      64.53      56.79      -7.54     -15.59    884     0.108     0.892
   0.540000   32      78.04      62.62     -13.83     -20.89     99     0.084     0.916
   0.520000   29      37.51      45.43       5.74      -5.69    147     0.187     0.813
   0.520000   30      51.02      50.71      -0.96     -10.43    437     0.141     0.859
   0.520000   31      64.53      56.97      -7.73     -15.75    973     0.106     0.894
   0.520000   32      78.04      62.89     -13.83     -20.80    332     0.084     0.916
   0.520000   33      91.55      69.35     -17.91     -24.50     10     0.066     0.934
   0.500000   29      37.51      44.89       5.46      -6.03     43     0.188     0.812
   0.500000   30      51.02      50.52      -1.29     -10.75    321     0.138     0.862
   0.500000   31      64.53      57.00      -7.78     -15.79    908     0.104     0.896
   0.500000   32      78.04      63.23     -13.70     -20.67    571     0.082     0.918
   0.500000   33      91.55      69.91     -19.45     -25.73     56     0.064     0.936
   0.480000   30      51.02      50.78      -1.58     -11.07    107     0.135     0.865
   0.480000   31      64.53      57.28      -8.00     -16.01    636     0.100     0.900
   0.480000   32      78.04      63.69     -13.98     -20.91   1010     0.080     0.920
   0.480000   33      91.55      70.03     -19.62     -25.66    139     0.066     0.934
   0.460000   30      51.02      50.26      -2.19     -11.61     35     0.135     0.865
   0.460000   31      64.53      56.72      -8.07     -16.09    369     0.101     0.899
   0.460000   32      78.04      63.82     -13.95     -20.89   1096     0.078     0.922
   0.460000   33      91.55      70.46     -19.04     -25.20    399     0.064     0.936
   0.440000   30      51.02      52.19      -2.65     -12.11     40     0.130     0.870
   0.440000   31      64.53      56.50      -8.31     -16.33    361     0.101     0.899
   0.440000   32      78.04      63.54     -13.92     -20.85    791     0.079     0.921
   0.440000   33      91.55      70.87     -19.40     -25.50    600     0.063     0.937
   0.440000   34     105.06      77.99     -23.60     -29.22    107     0.052     0.948
   0.420000   31      64.53      58.90      -8.81     -16.83     75     0.097     0.903
   0.420000   32      78.04      63.57     -14.14     -21.07    528     0.077     0.923
   0.420000   33      91.55      70.99     -19.47     -25.56    997     0.062     0.938
   0.420000   34     105.06      78.46     -24.61     -30.03    282     0.051     0.949
   0.420000   35     118.57      86.48     -28.09     -33.26     17     0.042     0.958
   0.400000   31      64.53      59.35      -9.25     -17.28     26     0.095     0.905
   0.400000   32      78.04      63.24     -14.37     -21.29    512     0.077     0.923
   0.400000   33      91.55      70.88     -19.43     -25.51    960     0.062     0.938
   0.400000   34     105.06      78.72     -24.02     -29.49    390     0.050     0.950
   0.400000   35     118.57      86.74     -27.57     -32.74     11     0.042     0.958
   0.380000   32      78.04      63.32     -14.60     -21.54    178     0.076     0.924
   0.380000   33      91.55      71.14     -19.59     -25.67    677     0.060     0.940
   0.380000   34     105.06      79.17     -24.24     -29.68    869     0.049     0.951
   0.380000   35     118.57      87.02     -28.98     -33.89    169     0.041     0.959
   0.360000   32      78.04      62.72     -15.12     -22.04    124     0.075     0.925
   0.360000   33      91.55      70.63     -19.77     -25.85    731     0.060     0.940
   0.360000   34     105.06      79.03     -24.21     -29.62    783     0.049     0.951
   0.360000   35     118.57      87.40     -28.47     -33.38    237     0.041     0.959
   0.360000   36     132.08      95.81     -32.05     -36.67     18     0.034     0.966
   0.340000   32      78.04      63.49     -15.45     -22.37    138     0.075     0.925
   0.340000   33      91.55      70.58     -19.69     -25.79    770     0.060     0.940
   0.340000   34     105.06      78.91     -23.68     -29.14    874     0.050     0.950
   0.340000   35     118.57      87.49     -28.06     -32.93    117     0.041     0.959
   0.320000   32      78.04      64.99     -16.06     -22.95     21     0.073     0.927
   0.320000   33      91.55      70.52     -19.83     -25.93    462     0.060     0.940
   0.320000   34     105.06      79.20     -24.00     -29.43    939     0.048     0.952
   0.320000   35     118.57      87.91     -27.80     -32.71    455     0.040     0.960
   0.320000   36     132.08      96.74     -30.14     -34.86     22     0.035     0.965
   0.300000   32      78.04      64.08     -16.19     -23.14     38     0.074     0.926
   0.300000   33      91.55      70.47     -20.17     -26.26    372     0.059     0.941
   0.300000   34     105.06      79.10     -23.90     -29.33    867     0.049     0.951
   0.300000   35     118.57      88.22     -27.62     -32.53    574     0.040     0.960
   0.300000   36     132.08      97.47     -30.56     -35.16     48     0.034     0.966
   0.280000   33      91.55      73.20     -20.58     -26.67    155     0.057     0.943
   0.280000   34     105.06      79.19     -24.01     -29.44   1074     0.048     0.952
   0.280000   35     118.57      88.16     -27.05     -32.00    608     0.041     0.959
   0.280000   36     132.08      97.82     -31.04     -35.49     62     0.034     0.966
   0.260000   34     105.06      79.78     -24.28     -29.69    581     0.047     0.953
   0.260000   35     118.57      88.30     -27.21     -32.12   1214     0.040     0.960
   0.260000   36     132.08      97.82     -29.41     -34.06     99     0.034     0.966
   0.240000   34     105.06      81.26     -24.52     -29.94    105     0.046     0.954
   0.240000   35     118.57      88.79     -27.47     -32.36   1026     0.039     0.961
   0.240000   36     132.08      98.33     -30.02     -34.52    741     0.033     0.967
   0.240000   37     145.59     107.99     -32.11     -36.40     27     0.029     0.971
   0.220000   34     105.06      83.26     -24.86     -30.29     60     0.046     0.954
   0.220000   35     118.57      88.80     -27.74     -32.61    515     0.038     0.962
   0.220000   36     132.08      98.77     -30.37     -34.82   1014     0.032     0.968
   0.220000   37     145.59     108.58     -32.69     -36.83    288     0.028     0.972
   0.220000   38     159.10     118.95     -34.86     -38.79     22     0.024     0.976
   0.200000   34     105.06      83.43     -25.39     -30.81     13     0.045     0.955
   0.200000   35     118.57      88.75     -27.97     -32.84    225     0.038     0.962
   0.200000   36     132.08      98.87     -30.46     -34.91   1031     0.032     0.968
   0.200000   37     145.59     109.12     -32.76     -36.86    577     0.028     0.972
   0.200000   38     159.10     119.81     -34.83     -38.71     53     0.024     0.976
   0.180000   35     118.57      92.75     -28.49     -33.34     63     0.037     0.963
   0.180000   36     132.08      98.54     -30.48     -34.94    702     0.032     0.968
   0.180000   37     145.59     109.29     -32.80     -36.88    720     0.027     0.973
   0.180000   38     159.10     120.17     -35.04     -38.82    339     0.023     0.977
   0.180000   39     172.61     131.13     -36.99     -40.55     75     0.020     0.980
   0.160000   35     118.57      94.51     -29.07     -33.91     14     0.036     0.964
   0.160000   36     132.08      98.25     -30.92     -35.35    199     0.032     0.968
   0.160000   37     145.59     109.36     -32.88     -36.96    696     0.027     0.973
   0.160000   38     159.10     120.61     -34.95     -38.71    638     0.023     0.977
   0.160000   39     172.61     131.80     -37.00     -40.50    288     0.020     0.980
   0.160000   40     186.12     142.83     -38.94     -42.22     64     0.017     0.983
   0.140000   35     118.57      90.75     -29.53     -34.43     11     0.038     0.962
   0.140000   36     132.08      99.11     -31.54     -35.96     59     0.031     0.969
   0.140000   37     145.59     108.93     -33.29     -37.35    226     0.026     0.974
   0.140000   38     159.10     120.50     -34.94     -38.72    537     0.023     0.977
   0.140000   39     172.61     131.97     -36.83     -40.32    563     0.020     0.980
   0.140000   40     186.12     143.43     -38.67     -41.92    367     0.017     0.983
   0.140000   41     199.63     154.91     -40.28     -43.36    136     0.015     0.985
   0.120000   37     145.59     111.11     -33.79     -37.85     43     0.026     0.974
   0.120000   38     159.10     120.51     -35.32     -39.07    404     0.023     0.977
   0.120000   39     172.61     131.92     -36.78     -40.28    791     0.020     0.980
   0.120000   40     186.12     143.55     -38.35     -41.61    513     0.017     0.983
   0.120000   41     199.63     155.22     -39.76     -42.84    132     0.015     0.985
   0.120000   42     213.15     167.41     -41.08     -44.01     16     0.014     0.986
   0.100000   38     159.10     119.93     -35.74     -39.49     96     0.022     0.978
   0.100000   39     172.61     131.92     -36.97     -40.47    508     0.020     0.980
   0.100000   40     186.12     143.81     -38.23     -41.49    805     0.017     0.983
   0.100000   41     199.63     155.62     -39.42     -42.50    405     0.015     0.985
   0.100000   42     213.15     167.93     -40.82     -43.70     83     0.013     0.987
   0.080000   38     159.10     118.87     -36.26     -40.02     24     0.023     0.977
   0.080000   39     172.61     131.23     -37.32     -40.81    151     0.019     0.981
   0.080000   40     186.12     143.48     -38.31     -41.58    539     0.017     0.983
   0.080000   41     199.63     155.98     -39.40     -42.45    634     0.015     0.985
   0.080000   42     213.15     168.14     -40.33     -43.22    405     0.013     0.987
   0.080000   43     226.66     180.28     -41.38     -44.10    129     0.012     0.988
   0.080000   44     240.17     195.16     -42.71     -45.26     10     0.010     0.990
   0.060000   39     172.61     133.97     -37.98     -41.46     46     0.019     0.981
   0.060000   40     186.12     142.95     -38.66     -41.94    189     0.017     0.983
   0.060000   41     199.63     156.08     -39.48     -42.54    436     0.015     0.985
   0.060000   42     213.15     168.76     -40.29     -43.17    382     0.013     0.987
   0.060000   43     226.66     181.15     -41.05     -43.77    407     0.012     0.988
   0.060000   44     240.17     193.63     -41.89     -44.45    294     0.011     0.989
   0.060000   45     253.68     206.00     -42.62     -45.06     82     0.010     0.990
   0.060000   46     267.19     218.86     -43.44     -45.75     60     0.009     0.991
   0.040000   39     172.61     129.58     -38.77     -42.29     18     0.020     0.980
   0.040000   40     186.12     142.78     -39.34     -42.61    124     0.017     0.983
   0.040000   41     199.63     155.71     -39.87     -42.93    322     0.015     0.985
   0.040000   42     213.15     168.16     -40.38     -43.26    546     0.013     0.987
   0.040000   43     226.66     181.04     -40.89     -43.61    402     0.012     0.988
   0.040000   44     240.17     193.90     -41.42     -43.99    280     0.011     0.989
   0.040000   45     253.68     206.59     -41.91     -44.36    149     0.010     0.990
   0.040000   46     267.19     219.35     -42.40     -44.74     48     0.009     0.991
   0.040000   47     280.70     233.30     -43.11     -45.30     10     0.008     0.992
   0.020000   41     199.63     156.69     -40.54     -43.60     58     0.015     0.985
   0.020000   42     213.15     167.90     -40.78     -43.67    114     0.013     0.987
   0.020000   43     226.66     181.12     -41.07     -43.79    256     0.012     0.988
   0.020000   44     240.17     194.18     -41.34     -43.91    358     0.010     0.990
   0.020000   45     253.68     207.31     -41.61     -44.04    415     0.009     0.991
   0.020000   46     267.19     220.59     -41.87     -44.19    410     0.009     0.991
   0.020000   47     280.70     233.55     -42.11     -44.33    238     0.008     0.992
   0.020000   48     294.21     247.12     -42.36     -44.49     50     0.007     0.993
   0.000000   42     213.15     167.48     -41.62     -44.48     32     0.013     0.987
   0.000000   43     226.66     180.78     -41.62     -44.33    181     0.012     0.988
   0.000000   44     240.17     193.69     -41.62     -44.20    371     0.010     0.990
   0.000000   45     253.68     207.17     -41.62     -44.07    405     0.009     0.991
   0.000000   46     267.19     220.53     -41.62     -43.95    376     0.009     0.991
   0.000000   47     280.70     234.23     -41.62     -43.84    306     0.008     0.992
   0.000000   48     294.21     247.54     -41.62     -43.74    144     0.007     0.993
   0.000000   49     307.72     260.86     -41.62     -43.65     61     0.007     0.993
   0.000000   50     321.23     274.71     -41.62     -43.55     16     0.006     0.994


# Part 3: Bin-averaged summary:
# bin  energy gap  <dGg> <dGg norm> pts  <c1**2> <c2**2> <r_xy>
   1   -340.79     -1.83     42.39         74    0.995    0.005    3.926
   2   -327.28     -1.90     42.32         93    0.994    0.006    4.080
   3   -313.77     -1.99     42.24        120    0.994    0.006    4.089
   4   -300.26     -2.08     42.14        181    0.993    0.007    4.189
   5   -286.74     -2.16     42.06        217    0.993    0.007    4.137
   6   -273.23     -2.27     41.95        141    0.992    0.008    4.180
   7   -259.72     -2.48     41.74        290    0.991    0.009    4.176
   8   -246.21     -2.70     41.52        905    0.990    0.010    4.123
   9   -232.70     -2.63     41.59       1510    0.989    0.011    4.097
  10   -219.19     -2.43     41.79       1239    0.988    0.012    4.015
  11   -205.68     -2.09     42.13        903    0.986    0.014    3.827
  12   -192.17     -1.63     42.59        485    0.984    0.016    3.648
  13   -178.66     -1.06     43.16        182    0.981    0.019    3.581
  14   -165.15     -0.40     43.82        511    0.978    0.022    3.542
  15   -151.64     -0.09     44.13       1137    0.974    0.026    3.541
  16   -138.13      0.58     44.80       2485    0.970    0.030    3.531
  17   -124.62      1.44     45.67       2746    0.964    0.036    3.530
  18   -111.11      2.50     46.72       1648    0.956    0.044    3.493
  19    -97.60      3.78     48.01        575    0.946    0.054    3.440
  20    -84.09      5.19     49.41        931    0.928    0.072    3.369
  21    -70.58      6.34     50.56       2496    0.906    0.094    3.309
  22    -57.07      7.35     51.57       4001    0.875    0.125    3.280
  23    -43.55      8.46     52.69       3267    0.829    0.171    3.275
  24    -30.04      9.35     53.57       2594    0.758    0.242    3.269
  25    -16.53      9.41     53.63       2687    0.658    0.342    3.299
  26     -3.02      8.05     52.27       1929    0.530    0.470    3.373
  27     10.49      5.03     49.25       2180    0.397    0.603    3.486
  28     24.00      0.62     44.84       2646    0.285    0.715    3.581
  29     37.51     -4.59     39.63       2722    0.200    0.800    3.621
  30     51.02    -10.49     33.73       3767    0.141    0.859    3.571
  31     64.53    -15.89     28.33       5132    0.105    0.895    3.535
  32     78.04    -21.04     23.18       5563    0.079    0.921    3.508
  33     91.55    -25.69     18.53       6328    0.061    0.939    3.455
  34    105.06    -29.50     14.72       6944    0.049    0.951    3.460
  35    118.57    -32.49     11.73       5256    0.040    0.960    3.423
  36    132.08    -34.86      9.36       3995    0.032    0.968    3.321
  37    145.59    -36.95      7.28       2577    0.027    0.973    3.109
  38    159.10    -38.85      5.37       2113    0.023    0.977    2.915
  39    172.61    -40.43      3.79       2440    0.020    0.980    2.876
  40    186.12    -41.70      2.53       2601    0.017    0.983    2.861
  41    199.63    -42.66      1.56       2123    0.015    0.985    2.826
  42    213.15    -43.31      0.91       1578    0.013    0.987    2.953
  43    226.66    -43.83      0.39       1375    0.012    0.988    2.949
  44    240.17    -44.14      0.08       1313    0.010    0.990    2.956
  45    253.68    -44.18      0.05       1051    0.009    0.991    3.036
  46    267.19    -44.22      0.00        894    0.009    0.991    3.072
  47    280.70    -44.07      0.15        554    0.008    0.992    3.173
  48    294.21    -43.93      0.29        194    0.007    0.993    3.203
  49    307.72    -43.65      0.57         61    0.007    0.993    3.227
  50    321.23    -43.55      0.67         16    0.006    0.994    3.486
