# Qfep                       version 5.10.24 , gi(modified on 20240701                                                                        )

--> Number of energy files: # Number of files                 =    51
--> No. of states, no. of predefined off-diag elements: # Number of states                 =     2
# Number of off-diagonal elements =     0
--> Give kT & no, of pts to skip   & calculation mode: # kT                              = 0.596
# Number of data points to skip   =   100
# Only QQ interactions will be considered   =   0
--> Give number of gap-bins: # Number of gap-bins              =    50
--> Give minimum # pts/bin: # Minimum number of points per bin=    10
--> Give alpha for state  2:                                                    # Alpha for state  2              =    30.00
--> Number of off-diagonal elements:# Number of off-diagonal elements =     1
#   i   j   A(i,j)  mu(i,j) eta(i,j) rxy0(i,j)
--> i, j, A_ij, mu_ij, eta_ij, r_xy0: #   1   2     25.00      0.00      0.00      0.00
--> linear combination of states defining reaction coord: # Linear combination co-efficients=  1.00 -1.00


# Part 0: Average energies for all states in all files
# file             state   pts   lambda    EQtot   EQbond  EQang   EQtor   EQimp    EQel   EQvdW  Eel_qq  EvdW_qq Eel_qp  EvdW_qp Eel_qw EvdW_qw Eqrstr
--> Name of file number   1:                                                     
# Energy files from Qdyn, version: 5.10.17 , git id=9325b9c29ad62a733df16f540968e33ee6c78260                       
rep6_fep_000_1.000.en   1      1899  1.000000  -287.56  -180.67     2.50    -3.14     0.16   -87.43   -21.08   -14.93    -0.77   -48.50   -18.86   -24.00    -1.45     2.10
rep6_fep_000_1.000.en   2      1899  0.000000   -83.25    -5.05   100.60     1.60     0.06  -204.01     6.93  -126.86    26.17   -46.01   -17.89   -31.14    -1.35    16.62
--> Name of file number   2:                                                     
# Energy files from Qdyn, version: 5.10.17 , git id=9325b9c29ad62a733df16f540968e33ee6c78260                       
rep6_fep_001_0.980.en   1      1899  0.980000  -287.22  -180.79     2.93    -3.20     0.18   -87.45   -20.72   -15.25    -0.56   -47.86   -19.27   -24.35    -0.90     1.83
rep6_fep_001_0.980.en   2      1899  0.020000   -88.99    -7.45    97.49     1.70     0.07  -203.26     7.00  -125.97    26.09   -44.80   -18.27   -32.50    -0.82    15.46
--> Name of file number   3:                                                     
# Energy files from Qdyn, version: 5.10.17 , git id=9325b9c29ad62a733df16f540968e33ee6c78260                       
rep6_fep_002_0.960.en   1      1899  0.960000  -287.33  -181.17     2.98    -3.59     0.05   -84.33   -22.03   -18.64    -0.47   -49.74   -19.04   -15.95    -2.53     0.75
rep6_fep_002_0.960.en   2      1899  0.040000  -134.98   -20.58    62.34     2.80     0.02  -194.17     6.96  -121.25    27.55   -47.24   -18.11   -25.67    -2.47     7.65
--> Name of file number   4:                                                     
# Energy files from Qdyn, version: 5.10.17 , git id=9325b9c29ad62a733df16f540968e33ee6c78260                       
rep6_fep_003_0.940.en   1      1899  0.940000  -285.20  -180.47     3.06    -2.92     0.09   -85.06   -20.23   -18.79    -0.23   -47.92   -18.25   -18.36    -1.75     0.34
rep6_fep_003_0.940.en   2      1899  0.060000  -137.43   -26.95    62.39     2.65     0.04  -189.34     8.21  -117.95    27.37   -42.57   -17.48   -28.82    -1.68     5.58
--> Name of file number   5:                                                     
# Energy files from Qdyn, version: 5.10.17 , git id=9325b9c29ad62a733df16f540968e33ee6c78260                       
rep6_fep_004_0.920.en   1      1899  0.920000  -284.93  -180.32     3.59    -3.07     0.09   -85.05   -20.53   -19.81     0.20   -47.59   -18.70   -17.65    -2.03     0.35
rep6_fep_004_0.920.en   2      1899  0.080000  -151.88   -32.68    54.11     2.58     0.03  -188.12     7.29  -116.80    27.22   -43.06   -17.95   -28.26    -1.97     4.90
--> Name of file number   6:                                                     
# Energy files from Qdyn, version: 5.10.17 , git id=9325b9c29ad62a733df16f540968e33ee6c78260                       
rep6_fep_005_0.900.en   1      1899  0.900000  -285.71  -179.68     3.95    -2.65     0.09   -88.79   -18.88   -20.75     0.67   -48.60   -18.80   -19.44    -0.75     0.25
rep6_fep_005_0.900.en   2      1899  0.100000  -184.47   -41.47    33.21     3.77     0.04  -191.45     8.00  -114.78    26.78   -45.15   -18.06   -31.52    -0.71     3.43
--> Name of file number   7:                                                     
# Energy files from Qdyn, version: 5.10.17 , git id=9325b9c29ad62a733df16f540968e33ee6c78260                       
rep6_fep_006_0.880.en   1      1899  0.880000  -283.55  -179.50     3.84    -1.88     0.16   -88.89   -17.33   -24.76     2.24   -46.96   -18.48   -17.17    -1.09     0.05
rep6_fep_006_0.880.en   2      1899  0.120000  -207.28   -59.15    22.66     3.94     0.06  -183.64     7.76  -112.86    26.55   -42.71   -17.74   -28.06    -1.05     1.09
--> Name of file number   8:                                                     
# Energy files from Qdyn, version: 5.10.17 , git id=9325b9c29ad62a733df16f540968e33ee6c78260                       
rep6_fep_007_0.860.en   1      1899  0.860000  -283.37  -179.84     3.55    -2.22     0.13   -87.93   -17.13   -23.83     2.57   -47.22   -18.60   -16.88    -1.10     0.07
rep6_fep_007_0.860.en   2      1899  0.140000  -208.37   -59.49    20.84     3.49     0.05  -182.79     7.72  -112.87    26.67   -44.07   -17.89   -25.86    -1.05     1.81
--> Name of file number   9:                                                     
# Energy files from Qdyn, version: 5.10.17 , git id=9325b9c29ad62a733df16f540968e33ee6c78260                       
rep6_fep_008_0.840.en   1      1899  0.840000  -282.31  -178.51     3.68    -1.61     0.15   -92.32   -13.71   -29.16     4.85   -44.22   -18.03   -18.93    -0.53     0.00
rep6_fep_008_0.840.en   2      1899  0.160000  -238.49   -81.22    14.43     2.76     0.06  -183.08     8.48  -110.07    26.38   -41.40   -17.42   -31.60    -0.48     0.08
--> Name of file number  10:                                                     
# Energy files from Qdyn, version: 5.10.17 , git id=9325b9c29ad62a733df16f540968e33ee6c78260                       
rep6_fep_009_0.820.en   1      1899  0.820000  -280.11  -177.97     3.56    -1.62     0.13   -91.14   -13.08   -29.30     5.50   -43.89   -17.69   -17.95    -0.89     0.00
rep6_fep_009_0.820.en   2      1899  0.180000  -240.23   -82.65    11.78     2.84     0.05  -180.75     8.36  -109.88    26.28   -40.48   -17.07   -30.39    -0.85     0.15
--> Name of file number  11:                                                     
# Energy files from Qdyn, version: 5.10.17 , git id=9325b9c29ad62a733df16f540968e33ee6c78260                       
rep6_fep_010_0.800.en   1      1899  0.800000  -280.35  -176.91     3.51    -1.75     0.14   -92.91   -12.43   -30.97     6.98   -45.55   -18.52   -16.38    -0.90     0.00
rep6_fep_010_0.800.en   2      1899  0.200000  -253.91   -95.69    11.41     3.16     0.06  -180.32     7.45  -106.85    26.17   -44.63   -17.87   -28.84    -0.85     0.02
--> Name of file number  12:                                                     
# Energy files from Qdyn, version: 5.10.17 , git id=9325b9c29ad62a733df16f540968e33ee6c78260                       
rep6_fep_011_0.780.en   1      1899  0.780000  -276.54  -176.37     4.24    -1.42     0.21   -92.60   -10.60   -31.38     8.76   -44.65   -18.93   -16.57    -0.42     0.00
rep6_fep_011_0.780.en   2      1899  0.220000  -255.38   -99.70    10.65     3.79     0.08  -178.56     8.34  -106.75    26.96   -42.69   -18.23   -29.11    -0.39     0.02
--> Name of file number  13:                                                     
# Energy files from Qdyn, version: 5.10.17 , git id=9325b9c29ad62a733df16f540968e33ee6c78260                       
rep6_fep_012_0.760.en   1      1899  0.760000  -274.48  -174.75     4.39    -2.66     0.08   -93.03    -8.51   -33.64    11.65   -45.24   -18.92   -14.15    -1.24     0.00
rep6_fep_012_0.760.en   2      1899  0.240000  -270.00  -107.00     8.33     1.01     0.03  -181.03     8.65  -108.00    27.97   -42.37   -18.08   -30.66    -1.25     0.00
--> Name of file number  14:                                                     
# Energy files from Qdyn, version: 5.10.17 , git id=9325b9c29ad62a733df16f540968e33ee6c78260                       
rep6_fep_013_0.740.en   1      1899  0.740000  -269.66  -172.59     4.01    -1.48     0.09   -92.57    -7.12   -36.94    12.40   -43.79   -17.81   -11.84    -1.70     0.00
rep6_fep_013_0.740.en   2      1899  0.260000  -276.78  -109.01     8.24    -1.59     0.03  -182.81     8.34  -112.74    27.17   -42.87   -17.12   -27.20    -1.71     0.01
--> Name of file number  15:                                                     
# Energy files from Qdyn, version: 5.10.17 , git id=9325b9c29ad62a733df16f540968e33ee6c78260                       
rep6_fep_014_0.720.en   1      1899  0.720000  -271.48  -170.99     4.24    -2.74     0.04   -95.79    -6.24   -37.41    13.78   -44.43   -18.45   -13.94    -1.57     0.00
rep6_fep_014_0.720.en   2      1899  0.280000  -287.67  -120.10     8.91    -1.58     0.02  -182.58     7.66  -106.97    26.97   -43.03   -17.73   -32.58    -1.58     0.00
--> Name of file number  16:                                                     
# Energy files from Qdyn, version: 5.10.17 , git id=9325b9c29ad62a733df16f540968e33ee6c78260                       
rep6_fep_015_0.700.en   1      1899  0.700000  -269.21  -170.51     4.49    -1.84     0.09   -96.83    -4.60   -38.10    14.85   -45.27   -18.16   -13.47    -1.30     0.00
rep6_fep_015_0.700.en   2      1899  0.300000  -291.16  -123.83     7.85    -1.33     0.03  -182.45     8.57  -107.21    27.25   -45.02   -17.37   -30.22    -1.31     0.00
--> Name of file number  17:                                                     
# Energy files from Qdyn, version: 5.10.17 , git id=9325b9c29ad62a733df16f540968e33ee6c78260                       
rep6_fep_016_0.680.en   1      1899  0.680000  -262.70  -166.57     4.61    -1.65     0.08   -96.44    -2.74   -41.30    16.19   -43.89   -17.41   -11.24    -1.53     0.00
rep6_fep_016_0.680.en   2      1899  0.320000  -294.30  -130.95     8.80    -2.46     0.03  -178.24     8.52  -108.45    26.74   -43.94   -16.69   -25.84    -1.53     0.00
--> Name of file number  18:                                                     
# Energy files from Qdyn, version: 5.10.17 , git id=9325b9c29ad62a733df16f540968e33ee6c78260                       
rep6_fep_017_0.660.en   1      1899  0.660000  -260.63  -161.93     4.62    -1.91     0.10   -99.80    -1.72   -41.69    16.76   -46.70   -17.93   -11.41    -0.55     0.00
rep6_fep_017_0.660.en   2      1899  0.340000  -299.26  -138.79     9.00    -1.65     0.04  -175.61     7.75  -102.95    25.54   -47.72   -17.23   -24.94    -0.56     0.00
--> Name of file number  19:                                                     
# Energy files from Qdyn, version: 5.10.17 , git id=9325b9c29ad62a733df16f540968e33ee6c78260                       
rep6_fep_018_0.640.en   1      1899  0.640000  -259.73  -161.63     4.65    -1.48     0.11  -100.47    -0.91   -43.26    18.08   -42.68   -17.83   -14.52    -1.16     0.00
rep6_fep_018_0.640.en   2      1899  0.360000  -311.71  -146.49     8.64    -2.26     0.04  -179.29     7.65  -103.47    25.91   -43.67   -17.09   -32.15    -1.17     0.00
--> Name of file number  20:                                                     
# Energy files from Qdyn, version: 5.10.17 , git id=9325b9c29ad62a733df16f540968e33ee6c78260                       
rep6_fep_019_0.620.en   1      1899  0.620000  -255.47  -157.07     5.34    -1.97     0.09  -103.31     1.43   -46.13    19.72   -42.64   -17.42   -14.53    -0.86     0.00
rep6_fep_019_0.620.en   2      1899  0.380000  -316.44  -151.90     7.99    -2.14     0.04  -178.62     8.20  -103.88    25.73   -41.27   -16.65   -33.48    -0.87     0.00
--> Name of file number  21:                                                     
# Energy files from Qdyn, version: 5.10.17 , git id=9325b9c29ad62a733df16f540968e33ee6c78260                       
rep6_fep_020_0.600.en   1      1899  0.600000  -254.22  -151.97     5.06    -1.84     0.07  -108.21     2.65   -48.39    20.45   -43.59   -17.31   -16.22    -0.48     0.01
rep6_fep_020_0.600.en   2      1899  0.400000  -328.25  -156.78     7.69    -2.29     0.03  -184.41     7.51  -104.50    24.66   -41.26   -16.66   -38.65    -0.50     0.00
--> Name of file number  22:                                                     
# Energy files from Qdyn, version: 5.10.17 , git id=9325b9c29ad62a733df16f540968e33ee6c78260                       
rep6_fep_021_0.580.en   1      1899  0.580000  -248.09  -144.94     4.72    -0.73     0.07  -109.89     2.67   -50.82    20.36   -43.61   -17.43   -15.46    -0.26     0.01
rep6_fep_021_0.580.en   2      1899  0.420000  -331.82  -161.84     7.93    -2.90     0.03  -181.20     6.17  -102.25    23.22   -43.08   -16.78   -35.87    -0.28     0.00
--> Name of file number  23:                                                     
# Energy files from Qdyn, version: 5.10.17 , git id=9325b9c29ad62a733df16f540968e33ee6c78260                       
rep6_fep_022_0.560.en   1      1899  0.560000  -244.71  -141.25     4.60    -0.27     0.10  -109.34     1.44   -52.70    20.37   -42.25   -18.51   -14.39    -0.42     0.01
rep6_fep_022_0.560.en   2      1899  0.440000  -333.13  -165.51     6.59    -2.90     0.04  -175.57     4.22  -100.49    22.49   -41.80   -17.83   -33.29    -0.44     0.00
--> Name of file number  24:                                                     
# Energy files from Qdyn, version: 5.10.17 , git id=9325b9c29ad62a733df16f540968e33ee6c78260                       
rep6_fep_023_0.540.en   1      1899  0.540000  -243.90  -137.81     3.54    -1.12     0.08  -110.72     2.11   -55.36    21.23   -41.52   -18.01   -13.84    -1.11     0.02
rep6_fep_023_0.540.en   2      1899  0.460000  -340.10  -172.64     6.06    -3.38     0.03  -173.72     3.55   -98.52    22.04   -41.27   -17.37   -33.93    -1.12     0.00
--> Name of file number  25:                                                     
# Energy files from Qdyn, version: 5.10.17 , git id=9325b9c29ad62a733df16f540968e33ee6c78260                       
rep6_fep_024_0.520.en   1      1899  0.520000  -243.58  -137.00     4.15    -1.41     0.06  -113.76     4.36   -54.68    21.43   -42.60   -16.90   -16.47    -0.18     0.01
rep6_fep_024_0.520.en   2      1899  0.480000  -343.15  -174.58     6.48    -2.55     0.03  -178.09     5.57   -96.86    21.95   -42.20   -16.18   -39.03    -0.20     0.00
--> Name of file number  26:                                                     
# Energy files from Qdyn, version: 5.10.17 , git id=9325b9c29ad62a733df16f540968e33ee6c78260                       
rep6_fep_025_0.500.en   1      1899  0.500000  -239.00  -131.98     4.36    -1.05     0.05  -113.68     3.29   -57.75    21.75   -41.01   -17.19   -14.92    -1.27     0.01
rep6_fep_025_0.500.en   2      1899  0.500000  -346.44  -178.66     5.93    -3.41     0.02  -174.06     3.74   -97.21    21.51   -41.49   -16.49   -35.37    -1.28     0.00
--> Name of file number  27:                                                     
# Energy files from Qdyn, version: 5.10.17 , git id=9325b9c29ad62a733df16f540968e33ee6c78260                       
rep6_fep_026_0.480.en   1      1899  0.480000  -238.35  -127.37     4.89    -1.16     0.03  -118.10     3.34   -58.11    21.52   -43.51   -17.42   -16.48    -0.76     0.02
rep6_fep_026_0.480.en   2      1899  0.520000  -350.64  -180.51     6.69    -2.85     0.01  -176.78     2.80   -94.10    20.34   -45.44   -16.77   -37.24    -0.78     0.00
--> Name of file number  28:                                                     
# Energy files from Qdyn, version: 5.10.17 , git id=9325b9c29ad62a733df16f540968e33ee6c78260                       
rep6_fep_027_0.460.en   1      1899  0.460000  -235.89  -125.91     4.45    -0.78     0.05  -117.71     4.00   -58.90    22.01   -42.36   -17.49   -16.45    -0.53     0.02
rep6_fep_027_0.460.en   2      1899  0.540000  -353.81  -181.49     5.76    -3.08     0.02  -177.98     2.96   -95.32    20.26   -46.17   -16.76   -36.49    -0.54     0.00
--> Name of file number  29:                                                     
# Energy files from Qdyn, version: 5.10.17 , git id=9325b9c29ad62a733df16f540968e33ee6c78260                       
rep6_fep_028_0.440.en   1      1899  0.440000  -233.76  -124.73     5.15    -0.69     0.10  -117.44     3.84   -58.69    21.57   -43.15   -16.92   -15.60    -0.82     0.03
rep6_fep_028_0.440.en   2      1899  0.560000  -351.28  -182.46     5.79    -2.55     0.04  -174.79     2.69   -92.75    19.74   -46.58   -16.22   -35.47    -0.83     0.00
--> Name of file number  30:                                                     
# Energy files from Qdyn, version: 5.10.17 , git id=9325b9c29ad62a733df16f540968e33ee6c78260                       
rep6_fep_029_0.420.en   1      1899  0.420000  -232.96  -120.69     4.82    -0.49     0.07  -121.52     4.81   -60.33    21.48   -43.02   -16.68   -18.17     0.01     0.03
rep6_fep_029_0.420.en   2      1899  0.580000  -360.47  -183.92     6.16    -3.23     0.03  -182.39     2.88   -93.36    18.88   -47.08   -16.00   -41.94    -0.00     0.00
--> Name of file number  31:                                                     
# Energy files from Qdyn, version: 5.10.17 , git id=9325b9c29ad62a733df16f540968e33ee6c78260                       
rep6_fep_030_0.400.en   1      1899  0.400000  -232.44  -119.81     4.41    -0.26     0.11  -121.87     4.94   -60.78    22.10   -43.74   -17.10   -17.34    -0.06     0.04
rep6_fep_030_0.400.en   2      1899  0.600000  -363.52  -184.42     5.48    -3.25     0.04  -183.98     2.61   -93.57    19.11   -49.39   -16.42   -41.03    -0.08     0.00
--> Name of file number  32:                                                     
# Energy files from Qdyn, version: 5.10.17 , git id=9325b9c29ad62a733df16f540968e33ee6c78260                       
rep6_fep_031_0.380.en   1      1899  0.380000  -227.87  -116.18     4.40     0.12     0.07  -122.11     5.78   -62.52    22.56   -43.18   -16.61   -16.41    -0.16     0.04
rep6_fep_031_0.380.en   2      1899  0.620000  -365.92  -187.09     5.48    -4.06     0.03  -183.01     2.73   -94.47    18.88   -48.95   -15.98   -39.59    -0.18     0.00
--> Name of file number  33:                                                     
# Energy files from Qdyn, version: 5.10.17 , git id=9325b9c29ad62a733df16f540968e33ee6c78260                       
rep6_fep_032_0.360.en   1      1899  0.360000  -227.77  -114.92     4.08     0.34     0.06  -122.66     5.27   -62.99    22.28   -42.11   -17.12   -17.56     0.10     0.06
rep6_fep_032_0.360.en   2      1899  0.640000  -366.50  -187.30     4.97    -4.03     0.02  -182.18     2.02   -95.21    18.38   -45.89   -16.45   -41.07     0.09     0.00
--> Name of file number  34:                                                     
# Energy files from Qdyn, version: 5.10.17 , git id=9325b9c29ad62a733df16f540968e33ee6c78260                       
rep6_fep_033_0.340.en   1      1899  0.340000  -227.58  -112.98     4.20    -0.00     0.06  -122.86     3.95   -63.77    21.91   -42.50   -17.46   -16.59    -0.50     0.06
rep6_fep_033_0.340.en   2      1899  0.660000  -368.71  -189.15     4.98    -4.11     0.02  -180.65     0.21   -93.11    17.52   -48.32   -16.79   -39.22    -0.52     0.00
--> Name of file number  35:                                                     
# Energy files from Qdyn, version: 5.10.17 , git id=9325b9c29ad62a733df16f540968e33ee6c78260                       
rep6_fep_034_0.320.en   1      1899  0.320000  -226.11  -112.33     4.58    -0.27     0.08  -123.27     5.03   -63.21    21.66   -42.63   -16.31   -17.42    -0.32     0.06
rep6_fep_034_0.320.en   2      1899  0.680000  -368.56  -190.76     4.71    -3.80     0.03  -179.91     1.17   -90.08    17.10   -49.19   -15.59   -40.63    -0.34     0.00
--> Name of file number  36:                                                     
# Energy files from Qdyn, version: 5.10.17 , git id=9325b9c29ad62a733df16f540968e33ee6c78260                       
rep6_fep_035_0.300.en   1      1899  0.300000  -221.79  -112.02     5.32     0.06     0.06  -121.70     6.44   -64.17    23.10   -40.34   -16.01   -17.19    -0.65     0.06
rep6_fep_035_0.300.en   2      1899  0.700000  -364.42  -191.19     4.76    -3.87     0.02  -176.20     2.07   -92.71    18.05   -47.45   -15.32   -36.04    -0.66     0.00
--> Name of file number  37:                                                     
# Energy files from Qdyn, version: 5.10.17 , git id=9325b9c29ad62a733df16f540968e33ee6c78260                       
rep6_fep_036_0.280.en   1      1899  0.280000  -218.83  -107.24     5.86    -0.75     0.06  -122.50     5.63   -64.28    22.63   -40.65   -17.24   -17.57     0.24     0.09
rep6_fep_036_0.280.en   2      1899  0.720000  -366.72  -191.62     4.85    -3.47     0.03  -177.16     0.67   -90.56    16.99   -47.89   -16.54   -38.72     0.22     0.00
--> Name of file number  38:                                                     
# Energy files from Qdyn, version: 5.10.17 , git id=9325b9c29ad62a733df16f540968e33ee6c78260                       
rep6_fep_037_0.260.en   1      1899  0.260000  -216.16  -105.97     5.97    -0.34     0.05  -122.96     6.99   -64.53    23.75   -40.70   -16.91   -17.73     0.15     0.10
rep6_fep_037_0.260.en   2      1899  0.740000  -367.59  -192.37     4.70    -3.63     0.02  -177.33     1.02   -91.88    17.14   -47.66   -16.25   -37.80     0.13     0.00
--> Name of file number  39:                                                     
# Energy files from Qdyn, version: 5.10.17 , git id=9325b9c29ad62a733df16f540968e33ee6c78260                       
rep6_fep_038_0.240.en   1      1899  0.240000  -212.95  -101.52     7.63    -0.76     0.08  -124.13     5.61   -64.86    22.44   -41.18   -16.67   -18.09    -0.16     0.13
rep6_fep_038_0.240.en   2      1899  0.760000  -376.91  -194.00     4.64    -3.48     0.03  -183.13    -0.98   -90.27    15.14   -51.03   -15.94   -41.83    -0.19     0.00
--> Name of file number  40:                                                     
# Energy files from Qdyn, version: 5.10.17 , git id=9325b9c29ad62a733df16f540968e33ee6c78260                       
rep6_fep_039_0.220.en   1      1899  0.220000  -208.63   -99.42     6.97    -0.35     0.07  -123.78     7.73   -65.46    23.98   -39.69   -16.42   -18.64     0.17     0.16
rep6_fep_039_0.220.en   2      1899  0.780000  -374.06  -195.35     4.78    -3.80     0.03  -180.12     0.41   -89.39    16.00   -48.79   -15.75   -41.94     0.15     0.00
--> Name of file number  41:                                                     
# Energy files from Qdyn, version: 5.10.17 , git id=9325b9c29ad62a733df16f540968e33ee6c78260                       
rep6_fep_040_0.200.en   1      1899  0.200000  -207.29   -98.43     7.77    -0.29     0.08  -122.44     5.88   -66.45    23.56   -37.90   -17.15   -18.10    -0.53     0.14
rep6_fep_040_0.200.en   2      1899  0.800000  -375.09  -196.31     4.69    -3.68     0.03  -178.03    -1.79   -89.68    15.19   -47.14   -16.44   -41.21    -0.54     0.00
--> Name of file number  42:                                                     
# Energy files from Qdyn, version: 5.10.17 , git id=9325b9c29ad62a733df16f540968e33ee6c78260                       
rep6_fep_041_0.180.en   1      1899  0.180000  -205.01   -95.42     7.96    -0.73     0.05  -123.41     6.37   -67.04    23.49   -39.40   -16.75   -16.97    -0.37     0.17
rep6_fep_041_0.180.en   2      1899  0.820000  -376.00  -196.39     4.19    -3.63     0.02  -178.27    -1.91   -89.59    14.49   -49.79   -16.01   -38.90    -0.39     0.00
--> Name of file number  43:                                                     
# Energy files from Qdyn, version: 5.10.17 , git id=9325b9c29ad62a733df16f540968e33ee6c78260                       
rep6_fep_042_0.160.en   1      1899  0.160000  -202.33   -91.46     8.86    -0.94     0.06  -125.54     6.48   -67.61    22.92   -39.89   -16.60   -18.04     0.16     0.21
rep6_fep_042_0.160.en   2      1899  0.840000  -380.05  -196.63     4.50    -3.92     0.02  -181.73    -2.28   -88.00    13.51   -50.78   -15.93   -42.96     0.14     0.00
--> Name of file number  44:                                                     
# Energy files from Qdyn, version: 5.10.17 , git id=9325b9c29ad62a733df16f540968e33ee6c78260                       
rep6_fep_043_0.140.en   1      1899  0.140000  -192.67   -83.00     8.82    -0.45     0.05  -125.65     7.15   -71.32    22.70   -36.57   -14.89   -17.77    -0.66     0.41
rep6_fep_043_0.140.en   2      1899  0.860000  -383.55  -198.05     4.85    -4.00     0.02  -183.72    -2.64   -88.04    12.08   -53.81   -14.07   -41.88    -0.66     0.00
--> Name of file number  45:                                                     
# Energy files from Qdyn, version: 5.10.17 , git id=9325b9c29ad62a733df16f540968e33ee6c78260                       
rep6_fep_044_0.120.en   1      1899  0.120000  -190.23   -78.39     9.20     0.52     0.10  -131.88     9.76   -71.94    22.68   -36.92   -14.05   -23.02     1.13     0.46
rep6_fep_044_0.120.en   2      1899  0.880000  -386.59  -198.16     5.59    -3.58     0.04  -189.77    -0.70   -85.68    11.35   -54.92   -13.21   -49.17     1.15     0.00
--> Name of file number  46:                                                     
# Energy files from Qdyn, version: 5.10.17 , git id=9325b9c29ad62a733df16f540968e33ee6c78260                       
rep6_fep_045_0.100.en   1      1899  0.100000  -191.38   -77.95     9.46     0.09     0.05  -134.56    11.06   -72.54    23.12   -38.39   -12.58   -23.63     0.52     0.46
rep6_fep_045_0.100.en   2      1899  0.900000  -391.83  -199.06     4.44    -3.53     0.02  -193.23    -0.48   -85.94    10.88   -56.03   -11.92   -51.26     0.56     0.00
--> Name of file number  47:                                                     
# Energy files from Qdyn, version: 5.10.17 , git id=9325b9c29ad62a733df16f540968e33ee6c78260                       
rep6_fep_046_0.080.en   1      1899  0.080000  -187.22   -76.17    12.93     0.60     0.05  -134.72     9.61   -71.79    21.58   -39.19   -12.45   -23.73     0.47     0.48
rep6_fep_046_0.080.en   2      1899  0.920000  -394.35  -199.60     4.01    -3.54     0.02  -193.77    -1.47   -83.50     9.74   -58.21   -11.72   -52.07     0.52     0.00
--> Name of file number  48:                                                     
# Energy files from Qdyn, version: 5.10.17 , git id=9325b9c29ad62a733df16f540968e33ee6c78260                       
rep6_fep_047_0.060.en   1      1899  0.060000  -185.47   -71.43    10.99     0.03     0.05  -136.39    10.69   -73.86    23.25   -39.05   -12.30   -23.48    -0.26     0.60
rep6_fep_047_0.060.en   2      1899  0.940000  -396.52  -199.78     4.12    -3.51     0.02  -195.30    -2.06   -84.95     9.73   -57.97   -11.58   -52.39    -0.21     0.00
--> Name of file number  49:                                                     
# Energy files from Qdyn, version: 5.10.17 , git id=9325b9c29ad62a733df16f540968e33ee6c78260                       
rep6_fep_048_0.040.en   1      1899  0.040000  -185.75   -72.65    11.41     0.25     0.06  -137.82    12.51   -71.37    23.32   -41.18   -11.02   -25.27     0.21     0.50
rep6_fep_048_0.040.en   2      1899  0.960000  -401.45  -199.79     4.36    -3.30     0.02  -201.60    -1.15   -81.76     8.92   -60.98   -10.34   -58.86     0.27     0.00
--> Name of file number  50:                                                     
# Energy files from Qdyn, version: 5.10.17 , git id=9325b9c29ad62a733df16f540968e33ee6c78260                       
rep6_fep_049_0.020.en   1      1899  0.020000  -180.72   -68.98    20.40    -0.25     0.05  -145.32    12.80   -73.09    23.16   -44.78   -11.61   -27.46     1.26     0.59
rep6_fep_049_0.020.en   2      1899  0.980000  -406.26  -200.18     5.33    -3.94     0.02  -206.39    -1.11   -79.63     8.48   -64.28   -10.89   -62.48     1.30     0.00
--> Name of file number  51:                                                     
# Energy files from Qdyn, version: 5.10.17 , git id=9325b9c29ad62a733df16f540968e33ee6c78260                       
rep6_fep_050_0.000.en   1      1899  0.000000  -108.73   -44.73    69.31     0.02     0.05  -152.73    16.27   -79.45    26.09   -43.42   -12.02   -29.86     2.20     3.08
rep6_fep_050_0.000.en   2      1899  1.000000  -408.75  -200.65     5.69    -2.83     0.02  -208.17    -2.94   -81.34     6.04   -63.91   -11.26   -62.92     2.28     0.13


# Part 1: Free energy perturbation summary:

# Calculation for full system
# lambda(1)      dGf sum(dGf)      dGr sum(dGr)     <dG>
   1.000000     0.000     0.000    -4.614    46.098     0.000
   0.980000     4.627     4.627    -3.757    50.712     4.620
   0.960000     4.514     9.141    -3.663    54.469     8.756
   0.940000     3.539    12.679    -3.474    58.132    12.357
   0.920000     3.466    16.146    -2.711    61.606    15.827
   0.900000     3.044    19.190    -2.274    64.317    18.704
   0.880000     2.541    21.731    -2.192    66.591    21.112
   0.860000     2.009    23.740    -1.510    68.783    23.212
   0.840000     1.984    25.724    -1.451    70.292    24.959
   0.820000     1.443    27.167    -1.162    71.744    26.406
   0.800000     1.345    28.512    -1.067    72.906    27.660
   0.780000     1.096    29.608    -0.727    73.973    28.741
   0.760000     0.979    30.587    -0.521    74.700    29.595
   0.740000     0.651    31.238    -0.344    75.221    30.181
   0.720000     0.392    31.630    -0.230    75.565    30.548
   0.700000     0.201    31.830    -0.079    75.795    30.764
   0.680000     0.090    31.921     0.066    75.874    30.849
   0.660000    -0.165    31.755     0.369    75.809    30.733
   0.640000    -0.284    31.471     0.551    75.439    30.406
   0.620000    -0.506    30.965     0.814    74.889    29.878
   0.600000    -0.689    30.275     0.980    74.075    29.126
   0.580000    -0.943    29.332     1.089    73.094    28.164
   0.560000    -1.169    28.163     1.282    72.005    27.035
   0.540000    -1.238    26.925     1.352    70.723    25.775
   0.520000    -1.365    25.560     1.512    69.372    24.417
   0.500000    -1.430    24.130     1.612    67.860    22.946
   0.480000    -1.586    22.544     1.723    66.248    21.347
   0.460000    -1.677    20.867     1.723    64.524    19.647
   0.440000    -1.792    19.075     1.914    62.802    17.889
   0.420000    -1.778    17.297     1.977    60.887    16.043
   0.400000    -1.986    15.311     2.133    58.910    14.062
   0.380000    -2.065    13.246     2.147    56.777    11.963
   0.360000    -2.189    11.057     2.187    54.631     9.795
   0.340000    -2.203     8.854     2.222    52.444     7.600
   0.320000    -2.259     6.595     2.222    50.222     5.359
   0.300000    -2.277     4.318     2.313    48.000     3.110
   0.280000    -2.284     2.034     2.385    45.687     0.812
   0.260000    -2.404    -0.370     2.646    43.302    -1.583
   0.240000    -2.472    -2.843     2.684    40.656    -4.142
   0.220000    -2.714    -5.557     2.728    37.972    -6.841
   0.200000    -2.735    -8.291     2.798    35.243    -9.573
   0.180000    -2.787   -11.078     2.925    32.445   -12.365
   0.160000    -2.843   -13.921     3.195    29.520   -15.249
   0.140000    -2.983   -16.904     3.282    26.325   -18.338
   0.120000    -3.240   -20.144     3.367    23.043   -21.599
   0.100000    -3.370   -23.514     3.484    19.676   -24.968
   0.080000    -3.454   -26.968     3.569    16.193   -28.437
   0.060000    -3.600   -30.568     3.677    12.624   -32.021
   0.040000    -3.671   -34.239     3.844     8.947   -35.695
   0.020000    -3.752   -37.991     5.104     5.104   -39.493
   0.000000    -3.990   -41.981     0.000     0.000   -44.040

# Min energy-gap is:   -293.93
# Max energy-gap is:    355.14



# Part 2: Reaction free energy summary:
# Lambda(1)  bin Energy gap      dGa     dGb     dGg    # pts    c1**2    c2**2
   1.000000    1    -287.44       0.00     283.79      -2.15     34     0.993     0.007
   1.000000    2    -274.46       0.00     270.01      -2.27     17     0.992     0.008
   1.000000    3    -261.48       0.00     257.50      -2.37     87     0.991     0.009
   1.000000    4    -248.50       0.00     243.50      -2.51    321     0.990     0.010
   1.000000    5    -235.51       0.00     230.82      -2.63    673     0.989     0.011
   1.000000    6    -222.53       0.00     218.14      -2.76    656     0.988     0.012
   1.000000    7    -209.55       0.00     207.21      -2.91    111     0.987     0.013
   0.980000    3    -261.48      -0.55     256.53      -2.94     28     0.991     0.009
   0.980000    4    -248.50      -0.30     243.16      -2.81    214     0.990     0.010
   0.980000    5    -235.51      -0.10     230.87      -2.72    654     0.989     0.011
   0.980000    6    -222.53       0.16     218.18      -2.61    679     0.988     0.012
   0.980000    7    -209.55       0.39     206.00      -2.52    286     0.987     0.013
   0.980000    8    -196.57       0.62     199.12      -2.46     38     0.985     0.015
   0.960000    5    -235.51      -0.56     230.01      -3.22     13     0.989     0.011
   0.960000    6    -222.53      -0.12     217.45      -2.90     39     0.988     0.012
   0.960000    7    -209.55       0.40     205.37      -2.55    199     0.986     0.014
   0.960000    8    -196.57       0.89     192.94      -2.23    394     0.984     0.016
   0.960000    9    -183.59       1.41     180.33      -1.93    484     0.982     0.018
   0.960000   10    -170.61       1.90     168.13      -1.67    498     0.980     0.020
   0.960000   11    -157.63       2.33     155.99      -1.47    184     0.977     0.023
   0.960000   12    -144.64       2.93     143.53      -1.24     69     0.973     0.027
   0.960000   13    -131.66       3.32     137.61      -1.13     19     0.969     0.031
   0.940000    6    -222.53      -0.77     216.65      -3.59     46     0.987     0.013
   0.940000    7    -209.55      -0.25     204.88      -3.17    143     0.986     0.014
   0.940000    8    -196.57       0.57     192.58      -2.55    268     0.984     0.016
   0.940000    9    -183.59       1.32     180.80      -2.01    412     0.982     0.018
   0.940000   10    -170.61       2.07     168.46      -1.49    544     0.980     0.020
   0.940000   11    -157.63       2.78     156.69      -1.04    439     0.977     0.023
   0.940000   12    -144.64       3.49     146.53      -0.62     47     0.973     0.027
   0.920000    6    -222.53      -1.99     215.91      -4.76     13     0.988     0.012
   0.920000    7    -209.55      -0.87     204.17      -3.81     56     0.986     0.014
   0.920000    8    -196.57       0.09     192.37      -3.03    264     0.984     0.016
   0.920000    9    -183.59       1.10     180.64      -2.22    235     0.982     0.018
   0.920000   10    -170.61       2.08     168.86      -1.47    382     0.980     0.020
   0.920000   11    -157.63       3.13     156.78      -0.71    303     0.977     0.023
   0.920000   12    -144.64       4.16     144.64       0.01    248     0.973     0.027
   0.920000   13    -131.66       5.24     132.92       0.69    271     0.967     0.033
   0.920000   14    -118.68       6.19     120.94       1.22     75     0.961     0.039
   0.920000   15    -105.70       7.16     112.26       1.68     43     0.954     0.046
   0.900000    9    -183.59       0.72     179.55      -2.69     19     0.982     0.018
   0.900000   10    -170.61       1.49     167.81      -2.05     13     0.980     0.020
   0.900000   11    -157.63       3.07     156.30      -0.82    139     0.976     0.024
   0.900000   12    -144.64       4.15     144.84      -0.01    474     0.972     0.028
   0.900000   13    -131.66       5.50     132.81       0.95    598     0.967     0.033
   0.900000   14    -118.68       6.60     122.17       1.66    455     0.961     0.039
   0.900000   15    -105.70       8.03     109.77       2.49    150     0.952     0.048
   0.900000   16     -92.72       9.10     100.47       2.99     51     0.943     0.057
   0.880000   11    -157.63       2.62     155.11      -1.33     15     0.976     0.024
   0.880000   12    -144.64       3.80     144.47      -0.38    182     0.972     0.028
   0.880000   13    -131.66       4.97     133.33       0.49    204     0.968     0.032
   0.880000   14    -118.68       6.69     121.42       1.73    195     0.961     0.039
   0.880000   15    -105.70       8.30     110.20       2.77    417     0.952     0.048
   0.880000   16     -92.72       9.82      98.81       3.62    623     0.940     0.060
   0.880000   17     -79.74      11.16      87.94       4.23    241     0.926     0.074
   0.880000   18     -66.76      12.57      82.45       4.67     22     0.909     0.091
   0.860000   12    -144.64       3.60     142.86      -0.73     11     0.971     0.029
   0.860000   13    -131.66       4.75     132.33       0.20    155     0.967     0.033
   0.860000   14    -118.68       6.54     121.29       1.54    630     0.960     0.040
   0.860000   15    -105.70       8.04     110.64       2.58    490     0.953     0.047
   0.860000   16     -92.72       9.97      98.99       3.81    272     0.940     0.060
   0.860000   17     -79.74      11.81      87.97       4.79    226     0.924     0.076
   0.860000   18     -66.76      13.46      78.23       5.43    101     0.904     0.096
   0.860000   19     -53.78      15.57      66.45       5.84     14     0.864     0.136
   0.840000   16     -92.72      10.11      98.74       3.87    191     0.938     0.062
   0.840000   17     -79.74      12.06      88.02       4.99    832     0.922     0.078
   0.840000   18     -66.76      13.94      77.42       5.87    722     0.900     0.100
   0.840000   19     -53.78      15.64      67.10       6.39    132     0.876     0.124
   0.840000   20     -40.79      17.90      60.87       6.61     17     0.829     0.171
   0.820000   15    -105.70       8.26     108.65       2.41     13     0.948     0.052
   0.820000   16     -92.72       9.41      98.81       3.26    170     0.940     0.060
   0.820000   17     -79.74      11.87      88.01       4.82    541     0.922     0.078
   0.820000   18     -66.76      14.01      77.66       5.95    742     0.900     0.100
   0.820000   19     -53.78      16.21      67.47       6.79    377     0.870     0.130
   0.820000   20     -40.79      18.55      56.56       7.16     56     0.818     0.182
   0.800000   17     -79.74      11.68      87.65       4.57     80     0.921     0.079
   0.800000   18     -66.76      14.18      77.30       6.01    519     0.897     0.103
   0.800000   19     -53.78      16.43      67.42       6.97    984     0.867     0.133
   0.800000   20     -40.79      18.79      57.19       7.56    281     0.824     0.176
   0.800000   21     -27.81      21.46      50.04       7.48     27     0.757     0.243
   0.780000   17     -79.74      10.63      87.40       3.73     20     0.923     0.077
   0.780000   18     -66.76      13.90      77.33       5.74    435     0.897     0.103
   0.780000   19     -53.78      16.49      67.22       7.01    715     0.864     0.136
   0.780000   20     -40.79      19.07      57.53       7.80    584     0.822     0.178
   0.780000   21     -27.81      21.92      47.77       7.94    141     0.755     0.245
   0.760000   19     -53.78      17.08      66.81       7.10    275     0.856     0.144
   0.760000   20     -40.79      19.28      57.17       7.88    647     0.814     0.186
   0.760000   21     -27.81      22.34      47.76       8.18    800     0.744     0.256
   0.760000   22     -14.83      25.24      37.62       7.22    169     0.650     0.350
   0.740000   19     -53.78      16.29      66.46       6.51     82     0.859     0.141
   0.740000   20     -40.79      19.18      56.93       7.70    295     0.809     0.191
   0.740000   21     -27.81      22.41      47.62       8.21    672     0.740     0.260
   0.740000   22     -14.83      25.58      38.31       7.57    582     0.648     0.352
   0.740000   23      -1.85      28.80      28.80       5.24    203     0.531     0.469
   0.740000   24      11.13      32.21      20.47       1.57     65     0.407     0.593
   0.720000   20     -40.79      18.82      56.57       7.28    128     0.809     0.191
   0.720000   21     -27.81      22.21      47.33       8.03    439     0.734     0.266
   0.720000   22     -14.83      25.62      38.23       7.62    687     0.644     0.356
   0.720000   23      -1.85      29.20      29.03       5.55    456     0.525     0.475
   0.720000   24      11.13      32.66      19.43       1.41    136     0.401     0.599
   0.720000   25      24.11      36.11      10.59      -3.59     34     0.307     0.693
   0.720000   26      37.09      40.57       2.11      -9.88     11     0.200     0.800
   0.700000   19     -53.78      15.14      65.35       5.14     20     0.857     0.143
   0.700000   20     -40.79      17.84      56.06       6.56     26     0.810     0.190
   0.700000   21     -27.81      21.69      47.13       7.68    225     0.735     0.265
   0.700000   22     -14.83      25.56      38.31       7.55    720     0.641     0.359
   0.700000   23      -1.85      29.28      29.22       5.72    536     0.522     0.478
   0.700000   24      11.13      33.04      20.64       2.46    295     0.409     0.591
   0.700000   25      24.11      37.00      10.84      -3.36     62     0.290     0.710
   0.700000   26      37.09      40.29       7.62      -5.71     15     0.230     0.770
   0.680000   20     -40.79      17.96      55.54       6.11     41     0.804     0.196
   0.680000   21     -27.81      21.06      46.95       7.16    152     0.740     0.260
   0.680000   22     -14.83      25.32      38.03       7.34    364     0.637     0.363
   0.680000   23      -1.85      29.35      29.24       5.77    522     0.518     0.482
   0.680000   24      11.13      33.52      20.49       2.34    540     0.391     0.609
   0.680000   25      24.11      37.28      12.50      -1.85    171     0.300     0.700
   0.680000   26      37.09      41.72       2.30      -9.19     52     0.199     0.801
   0.680000   27      50.08      46.22      -6.12     -15.70     33     0.145     0.855
   0.680000   28      63.06      50.01     -12.65     -21.15     24     0.112     0.888
   0.660000   21     -27.81      20.69      46.13       6.60     74     0.730     0.270
   0.660000   22     -14.83      24.82      37.71       6.96    273     0.638     0.362
   0.660000   23      -1.85      29.12      29.32       5.72    450     0.519     0.481
   0.660000   24      11.13      33.46      20.79       2.60    503     0.394     0.606
   0.660000   25      24.11      37.93      12.36      -1.99    368     0.286     0.714
   0.660000   26      37.09      42.26       4.05      -7.57    166     0.207     0.793
   0.660000   27      50.08      46.49      -3.92     -13.69     61     0.153     0.847
   0.640000   22     -14.83      24.57      37.17       6.35     49     0.628     0.372
   0.640000   23      -1.85      29.27      28.73       5.19    167     0.497     0.503
   0.640000   24      11.13      33.61      20.59       2.43    519     0.384     0.616
   0.640000   25      24.11      37.96      12.58      -1.78    618     0.286     0.714
   0.640000   26      37.09      42.57       4.30      -7.30    409     0.206     0.794
   0.640000   27      50.08      46.91      -1.31     -11.54    137     0.157     0.843
   0.620000   23      -1.85      28.77      27.89       4.58     60     0.487     0.513
   0.620000   24      11.13      33.08      20.21       2.11    298     0.383     0.617
   0.620000   25      24.11      37.90      12.37      -1.93    581     0.281     0.719
   0.620000   26      37.09      42.74       4.50      -7.10    570     0.204     0.796
   0.620000   27      50.08      47.35      -3.09     -12.74    314     0.153     0.847
   0.620000   28      63.06      52.27     -11.14     -19.28     69     0.114     0.886
   0.600000   24      11.13      33.71      19.78       1.60     71     0.371     0.629
   0.600000   25      24.11      37.71      12.11      -2.21    283     0.276     0.724
   0.600000   26      37.09      42.89       4.20      -7.35    532     0.197     0.803
   0.600000   27      50.08      47.82      -3.20     -12.82    657     0.148     0.852
   0.600000   28      63.06      52.69     -10.43     -18.60    297     0.114     0.886
   0.600000   29      76.04      57.93     -16.36     -23.75     59     0.087     0.913
   0.580000   24      11.13      33.35      18.92       0.79     41     0.362     0.638
   0.580000   25      24.11      37.07      12.02      -2.38    132     0.283     0.717
   0.580000   26      37.09      42.77       4.06      -7.48    294     0.196     0.804
   0.580000   27      50.08      47.73      -3.02     -12.66    609     0.147     0.853
   0.580000   28      63.06      53.22     -10.38     -18.57    536     0.110     0.890
   0.580000   29      76.04      58.55     -17.66     -24.76    197     0.084     0.916
   0.580000   30      89.02      63.93     -25.42     -31.65     73     0.065     0.935
   0.580000   31     102.00      69.33     -30.70     -36.47     17     0.053     0.947
   0.560000   24      11.13      31.68      18.53       0.28     10     0.381     0.619
   0.560000   25      24.11      36.41      11.36      -3.02     73     0.280     0.720
   0.560000   26      37.09      42.65       3.89      -7.73    258     0.192     0.808
   0.560000   27      50.08      47.66      -3.33     -12.93    430     0.145     0.855
   0.560000   28      63.06      53.29     -10.35     -18.52    691     0.109     0.891
   0.560000   29      76.04      58.88     -17.34     -24.41    365     0.084     0.916
   0.560000   30      89.02      64.24     -23.73     -30.05     72     0.067     0.933
   0.540000   26      37.09      41.79       3.11      -8.45     51     0.187     0.813
   0.540000   27      50.08      47.74      -3.66     -13.26    269     0.141     0.859
   0.540000   28      63.06      53.32     -10.28     -18.47    876     0.108     0.892
   0.540000   29      76.04      58.92     -16.97     -24.06    547     0.085     0.915
   0.540000   30      89.02      64.77     -23.64     -29.89    150     0.067     0.933
   0.520000   26      37.09      42.36       3.58      -8.26     11     0.196     0.804
   0.520000   27      50.08      47.54      -3.90     -13.52    236     0.140     0.860
   0.520000   28      63.06      53.15     -10.42     -18.61    675     0.106     0.894
   0.520000   29      76.04      59.16     -16.85     -23.93    778     0.084     0.916
   0.520000   30      89.02      64.89     -23.29     -29.52    181     0.067     0.933
   0.520000   31     102.00      70.90     -27.53     -33.39     18     0.055     0.945
   0.500000   27      50.08      49.00      -4.64     -14.23     38     0.133     0.867
   0.500000   28      63.06      52.99     -10.83     -18.98    429     0.105     0.895
   0.500000   29      76.04      59.17     -16.88     -23.97    829     0.082     0.918
   0.500000   30      89.02      65.47     -23.20     -29.41    513     0.065     0.935
   0.500000   31     102.00      71.42     -26.81     -32.67     90     0.055     0.945
   0.480000   27      50.08      47.99      -4.80     -14.42     22     0.137     0.863
   0.480000   28      63.06      53.33     -11.01     -19.19    179     0.103     0.897
   0.480000   29      76.04      59.31     -16.92     -24.01    720     0.081     0.919
   0.480000   30      89.02      65.67     -23.04     -29.25    836     0.065     0.935
   0.480000   31     102.00      71.91     -27.25     -33.00    142     0.054     0.946
   0.460000   28      63.06      52.43     -11.13     -19.33     64     0.105     0.895
   0.460000   29      76.04      59.11     -17.20     -24.28    522     0.080     0.920
   0.460000   30      89.02      65.72     -22.88     -29.12    836     0.064     0.936
   0.460000   31     102.00      72.32     -28.09     -33.67    451     0.053     0.947
   0.460000   32     114.98      79.10     -32.81     -38.00     26     0.044     0.956
   0.440000   28      63.06      54.59     -12.18     -20.31     36     0.098     0.902
   0.440000   29      76.04      58.64     -17.23     -24.32    509     0.081     0.919
   0.440000   30      89.02      65.60     -22.52     -28.77    948     0.065     0.935
   0.440000   31     102.00      72.59     -27.72     -33.33    406     0.053     0.947
   0.420000   29      76.04      58.66     -17.72     -24.80    154     0.078     0.922
   0.420000   30      89.02      65.98     -22.90     -29.14    672     0.063     0.937
   0.420000   31     102.00      72.91     -28.03     -33.60    762     0.052     0.948
   0.420000   32     114.98      80.13     -32.60     -37.65    292     0.043     0.957
   0.420000   33     127.96      87.56     -37.00     -41.74     15     0.036     0.964
   0.400000   29      76.04      58.52     -18.17     -25.23    102     0.078     0.922
   0.400000   30      89.02      65.65     -23.09     -29.32    558     0.062     0.938
   0.400000   31     102.00      72.85     -28.05     -33.61    659     0.051     0.949
   0.400000   32     114.98      80.48     -32.75     -37.78    534     0.042     0.958
   0.400000   33     127.96      88.07     -37.34     -41.96     42     0.036     0.964
   0.380000   30      89.02      64.74     -23.46     -29.68    135     0.062     0.938
   0.380000   31     102.00      73.19     -28.03     -33.61    858     0.050     0.950
   0.380000   32     114.98      80.69     -32.57     -37.59    770     0.042     0.958
   0.380000   33     127.96      88.55     -37.37     -41.94    132     0.035     0.965
   0.360000   30      89.02      64.66     -23.86     -30.09    136     0.061     0.939
   0.360000   31     102.00      72.91     -28.13     -33.70    851     0.050     0.950
   0.360000   32     114.98      80.69     -32.60     -37.61    735     0.042     0.958
   0.360000   33     127.96      88.66     -36.62     -41.21    175     0.036     0.964
   0.340000   30      89.02      64.35     -24.03     -30.27    129     0.062     0.938
   0.340000   31     102.00      72.62     -28.26     -33.83    613     0.050     0.950
   0.340000   32     114.98      80.74     -32.29     -37.32    856     0.042     0.958
   0.340000   33     127.96      88.98     -36.27     -40.87    283     0.035     0.965
   0.340000   34     140.95      97.93     -41.12     -45.33     18     0.029     0.971
   0.320000   30      89.02      65.75     -24.50     -30.73     49     0.061     0.939
   0.320000   31     102.00      72.73     -28.47     -34.04    623     0.049     0.951
   0.320000   32     114.98      80.64     -32.32     -37.34    934     0.042     0.958
   0.320000   33     127.96      89.02     -35.86     -40.46    265     0.036     0.964
   0.320000   34     140.95      98.03     -39.17     -43.50     28     0.030     0.970
   0.300000   30      89.02      64.99     -24.71     -30.97     58     0.062     0.938
   0.300000   31     102.00      72.21     -28.52     -34.10    618     0.050     0.950
   0.300000   32     114.98      80.71     -32.11     -37.15    877     0.042     0.958
   0.300000   33     127.96      89.43     -35.73     -40.33    325     0.035     0.965
   0.300000   34     140.95      97.77     -37.63     -42.08     21     0.031     0.969
   0.280000   30      89.02      66.29     -25.35     -31.59     40     0.060     0.940
   0.280000   31     102.00      71.75     -28.70     -34.28    381     0.050     0.950
   0.280000   32     114.98      80.75     -32.16     -37.19    792     0.041     0.959
   0.280000   33     127.96      89.66     -35.55     -40.13    516     0.035     0.965
   0.280000   34     140.95      98.99     -39.07     -43.27    160     0.029     0.971
   0.280000   35     153.93     107.85     -41.25     -45.29     10     0.026     0.974
   0.260000   30      89.02      67.78     -26.08     -32.30     12     0.058     0.942
   0.260000   31     102.00      71.03     -29.04     -34.61    232     0.050     0.950
   0.260000   32     114.98      80.56     -32.14     -37.18    711     0.041     0.959
   0.260000   33     127.96      89.92     -35.47     -40.05    713     0.034     0.966
   0.260000   34     140.95      99.10     -38.44     -42.66    209     0.030     0.970
   0.260000   35     153.93     108.69     -41.60     -45.52     22     0.025     0.975
   0.240000   32     114.98      81.46     -32.75     -37.76    205     0.040     0.960
   0.240000   33     127.96      90.09     -35.51     -40.08    805     0.034     0.966
   0.240000   34     140.95      99.60     -38.28     -42.49    691     0.029     0.971
   0.240000   35     153.93     109.21     -41.33     -45.22    184     0.025     0.975
   0.220000   32     114.98      82.10     -33.10     -38.10     88     0.040     0.960
   0.220000   33     127.96      89.98     -35.70     -40.26    812     0.034     0.966
   0.220000   34     140.95      99.62     -38.11     -42.33    827     0.029     0.971
   0.220000   35     153.93     109.36     -40.74     -44.64    166     0.025     0.975
   0.200000   32     114.98      85.22     -33.54     -38.54     55     0.039     0.961
   0.200000   33     127.96      89.91     -35.79     -40.37    675     0.034     0.966
   0.200000   34     140.95      99.53     -38.02     -42.25    898     0.029     0.971
   0.200000   35     153.93     109.68     -40.25     -44.19    239     0.025     0.975
   0.200000   36     166.91     120.39     -43.39     -46.97     32     0.021     0.979
   0.180000   33     127.96      90.35     -35.97     -40.55    384     0.033     0.967
   0.180000   34     140.95      99.69     -38.04     -42.26   1122     0.029     0.971
   0.180000   35     153.93     109.70     -40.01     -43.93    374     0.025     0.975
   0.180000   36     166.91     120.28     -42.83     -46.42     19     0.021     0.979
   0.160000   32     114.98      83.98     -34.31     -39.34     10     0.039     0.961
   0.160000   33     127.96      89.57     -36.32     -40.89    132     0.033     0.967
   0.160000   34     140.95      99.86     -38.21     -42.42    814     0.028     0.972
   0.160000   35     153.93     110.24     -40.06     -43.96    782     0.025     0.975
   0.160000   36     166.91     120.65     -41.68     -45.35    153     0.022     0.978
   0.140000   34     140.95     100.71     -38.59     -42.77     84     0.028     0.972
   0.140000   35     153.93     110.57     -40.25     -44.12    848     0.024     0.976
   0.140000   36     166.91     121.24     -41.80     -45.42    840     0.021     0.979
   0.140000   37     179.89     131.75     -43.08     -46.53    127     0.019     0.981
   0.120000   33     127.96      95.35     -37.58     -42.12     12     0.032     0.968
   0.120000   34     140.95      99.25     -38.76     -42.98    101     0.028     0.972
   0.120000   35     153.93     110.50     -40.39     -44.27    442     0.024     0.976
   0.120000   36     166.91     121.42     -41.82     -45.43    854     0.021     0.979
   0.120000   37     179.89     132.56     -43.16     -46.55    420     0.019     0.981
   0.120000   38     192.87     143.81     -44.60     -47.79     70     0.016     0.984
   0.100000   34     140.95     103.04     -39.50     -43.67     36     0.027     0.973
   0.100000   35     153.93     110.08     -40.65     -44.53    317     0.024     0.976
   0.100000   36     166.91     121.24     -41.78     -45.40    839     0.021     0.979
   0.100000   37     179.89     132.60     -42.92     -46.32    506     0.019     0.981
   0.100000   38     192.87     144.34     -44.20     -47.38    184     0.016     0.984
   0.100000   39     205.85     155.26     -45.01     -48.08     17     0.015     0.985
   0.080000   34     140.95     101.87     -40.01     -44.21     23     0.028     0.972
   0.080000   35     153.93     109.67     -40.92     -44.82    178     0.024     0.976
   0.080000   36     166.91     121.25     -41.93     -45.55    580     0.021     0.979
   0.080000   37     179.89     132.74     -42.91     -46.29    605     0.018     0.982
   0.080000   38     192.87     144.64     -43.83     -47.01    437     0.016     0.984
   0.080000   39     205.85     156.04     -44.72     -47.73     69     0.015     0.985
   0.060000   35     153.93     111.11     -41.44     -45.32    118     0.024     0.976
   0.060000   36     166.91     120.90     -42.14     -45.76    402     0.021     0.979
   0.060000   37     179.89     133.17     -42.87     -46.26    718     0.018     0.982
   0.060000   38     192.87     144.84     -43.60     -46.78    541     0.016     0.984
   0.060000   39     205.85     156.77     -44.22     -47.25    114     0.015     0.985
   0.040000   35     153.93     114.91     -42.03     -45.88     31     0.023     0.977
   0.040000   36     166.91     120.22     -42.45     -46.07    157     0.021     0.979
   0.040000   37     179.89     132.96     -42.94     -46.32    842     0.018     0.982
   0.040000   38     192.87     144.83     -43.38     -46.58    668     0.016     0.984
   0.040000   39     205.85     156.87     -43.85     -46.87    187     0.014     0.986
   0.040000   40     218.83     169.29     -44.31     -47.18     14     0.013     0.987
   0.020000   36     166.91     124.00     -42.90     -46.49     95     0.020     0.980
   0.020000   37     179.89     132.50     -43.11     -46.50    426     0.018     0.982
   0.020000   38     192.87     144.92     -43.34     -46.54    692     0.016     0.984
   0.020000   39     205.85     157.70     -43.61     -46.60    425     0.014     0.986
   0.020000   40     218.83     170.21     -43.85     -46.68    201     0.013     0.987
   0.020000   41     231.82     183.12     -44.12     -46.79     45     0.011     0.989
   0.020000   42     244.80     195.43     -44.32     -46.88     15     0.010     0.990
   0.000000   39     205.85     156.85     -44.04     -47.05     51     0.014     0.986
   0.000000   40     218.83     170.13     -44.04     -46.86    105     0.013     0.987
   0.000000   41     231.82     183.10     -44.04     -46.71    133     0.011     0.989
   0.000000   42     244.80     196.12     -44.04     -46.56    202     0.010     0.990
   0.000000   43     257.78     209.26     -44.04     -46.44    325     0.009     0.991
   0.000000   44     270.76     221.96     -44.04     -46.33    350     0.008     0.992
   0.000000   45     283.74     234.84     -44.04     -46.23    243     0.008     0.992
   0.000000   46     296.72     248.26     -44.04     -46.13    235     0.007     0.993
   0.000000   47     309.70     260.91     -44.04     -46.05    107     0.006     0.994
   0.000000   48     322.68     274.25     -44.04     -45.97     83     0.006     0.994
   0.000000   49     335.67     286.73     -44.04     -45.89     51     0.005     0.995
   0.000000   50     348.65     300.54     -44.04     -45.82     13     0.005     0.995


# Part 3: Bin-averaged summary:
# bin  energy gap  <dGg> <dGg norm> pts  <c1**2> <c2**2> <r_xy>
   1   -287.44     -2.15     44.74         34    0.993    0.007    4.023
   2   -274.46     -2.27     44.62         17    0.992    0.008    4.088
   3   -261.48     -2.51     44.38        115    0.991    0.009    4.142
   4   -248.50     -2.63     44.26        535    0.990    0.010    4.161
   5   -235.51     -2.68     44.21       1340    0.989    0.011    4.097
   6   -222.53     -2.74     44.15       1433    0.988    0.012    4.043
   7   -209.55     -2.79     44.10        795    0.986    0.014    3.829
   8   -196.57     -2.55     44.34        964    0.984    0.016    3.619
   9   -183.59     -2.03     44.86       1150    0.982    0.018    3.532
  10   -170.61     -1.55     45.34       1437    0.980    0.020    3.472
  11   -157.63     -0.99     45.90       1080    0.977    0.023    3.364
  12   -144.64     -0.19     46.70       1031    0.972    0.028    3.290
  13   -131.66      0.69     47.58       1247    0.967    0.033    3.242
  14   -118.68      1.59     48.48       1355    0.961    0.039    3.178
  15   -105.70      2.60     49.49       1113    0.952    0.048    3.091
  16    -92.72      3.63     50.52       1307    0.940    0.060    3.039
  17    -79.74      4.80     51.69       1940    0.923    0.077    3.049
  18    -66.76      5.87     52.76       2541    0.899    0.101    3.026
  19    -53.78      6.90     53.80       2599    0.866    0.134    3.045
  20    -40.79      7.67     54.56       2075    0.817    0.183    3.183
  21    -27.81      7.99     54.88       2530    0.741    0.259    3.311
  22    -14.83      7.45     54.34       2844    0.643    0.357    3.325
  23     -1.85      5.59     52.48       2394    0.519    0.481    3.360
  24     11.13      2.27     49.16       2478    0.391    0.609    3.385
  25     24.11     -2.05     44.84       2322    0.285    0.715    3.409
  26     37.09     -7.42     39.47       2369    0.200    0.800    3.415
  27     50.08    -12.92     33.97       2806    0.147    0.853    3.430
  28     63.06    -18.68     28.21       3876    0.108    0.892    3.480
  29     76.04    -24.17     22.72       4782    0.082    0.918    3.482
  30     89.02    -29.34     17.55       5398    0.064    0.936    3.470
  31    102.00    -33.77     13.13       6721    0.051    0.949    3.460
  32    114.98    -37.42      9.47       6885    0.042    0.958    3.504
  33    127.96    -40.39      6.50       5286    0.034    0.966    3.656
  34    140.95    -42.43      4.46       5032    0.029    0.971    3.787
  35    153.93    -44.30      2.59       3711    0.024    0.976    3.835
  36    166.91    -45.54      1.35       3971    0.021    0.979    3.920
  37    179.89    -46.36      0.53       3644    0.018    0.982    3.986
  38    192.87    -46.77      0.12       2592    0.016    0.984    3.924
  39    205.85    -46.89      0.00        863    0.014    0.986    3.863
  40    218.83    -46.76      0.13        320    0.013    0.987    3.789
  41    231.82    -46.73      0.16        178    0.011    0.989    3.462
  42    244.80    -46.59      0.30        217    0.010    0.990    2.970
  43    257.78    -46.44      0.45        325    0.009    0.991    2.711
  44    270.76    -46.33      0.56        350    0.008    0.992    2.634
  45    283.74    -46.23      0.66        243    0.008    0.992    2.557
  46    296.72    -46.13      0.76        235    0.007    0.993    2.552
  47    309.70    -46.05      0.84        107    0.006    0.994    2.564
  48    322.68    -45.97      0.92         83    0.006    0.994    2.714
  49    335.67    -45.89      1.00         51    0.005    0.995    2.847
  50    348.65    -45.82      1.07         13    0.005    0.995    3.099
