# Qfep                       version 5.10.24 , gi(modified on 20240701                                                                        )

--> Number of energy files: # Number of files                 =    51
--> No. of states, no. of predefined off-diag elements: # Number of states                 =     2
# Number of off-diagonal elements =     0
--> Give kT & no, of pts to skip   & calculation mode: # kT                              = 0.596
# Number of data points to skip   =   100
# Only QQ interactions will be considered   =   0
--> Give number of gap-bins: # Number of gap-bins              =    50
--> Give minimum # pts/bin: # Minimum number of points per bin=    10
--> Give alpha for state  2:                                                    # Alpha for state  2              =    30.00
--> Number of off-diagonal elements:# Number of off-diagonal elements =     1
#   i   j   A(i,j)  mu(i,j) eta(i,j) rxy0(i,j)
--> i, j, A_ij, mu_ij, eta_ij, r_xy0: #   1   2     25.00      0.00      0.00      0.00
--> linear combination of states defining reaction coord: # Linear combination co-efficients=  1.00 -1.00


# Part 0: Average energies for all states in all files
# file             state   pts   lambda    EQtot   EQbond  EQang   EQtor   EQimp    EQel   EQvdW  Eel_qq  EvdW_qq Eel_qp  EvdW_qp Eel_qw EvdW_qw Eqrstr
--> Name of file number   1:                                                     
# Energy files from Qdyn, version: 5.10.17 , git id=9325b9c29ad62a733df16f540968e33ee6c78260                       
rep4_fep_000_1.000.en   1      1899  1.000000  -284.75  -181.41     2.98    -3.30     0.07   -84.81   -19.37   -18.00    -0.51   -43.30   -18.57   -23.52    -0.30     1.11
rep4_fep_000_1.000.en   2      1899  0.000000   -72.83    -3.54   110.63     0.75     0.03  -202.96    10.29  -132.48    28.27   -38.76   -17.74   -31.72    -0.24    11.97
--> Name of file number   2:                                                     
# Energy files from Qdyn, version: 5.10.17 , git id=9325b9c29ad62a733df16f540968e33ee6c78260                       
rep4_fep_001_0.980.en   1      1899  0.980000  -284.35  -180.99     3.51    -3.19     0.14   -86.60   -17.82   -17.90    -0.34   -46.70   -17.13   -22.00    -0.35     0.61
rep4_fep_001_0.980.en   2      1899  0.020000  -136.29   -15.32    61.16     1.02     0.06  -206.09    11.10  -131.10    27.55   -41.23   -16.14   -33.76    -0.31    11.78
--> Name of file number   3:                                                     
# Energy files from Qdyn, version: 5.10.17 , git id=9325b9c29ad62a733df16f540968e33ee6c78260                       
rep4_fep_002_0.960.en   1      1899  0.960000  -286.78  -180.54     3.41    -3.06     0.17   -90.47   -16.82   -17.86    -0.10   -48.36   -16.76   -24.25     0.05     0.53
rep4_fep_002_0.960.en   2      1899  0.040000  -165.85   -24.81    41.55     1.17     0.07  -206.80    11.34  -127.00    27.09   -43.28   -15.83   -36.52     0.09    11.62
--> Name of file number   4:                                                     
# Energy files from Qdyn, version: 5.10.17 , git id=9325b9c29ad62a733df16f540968e33ee6c78260                       
rep4_fep_003_0.940.en   1      1899  0.940000  -289.09  -180.99     3.61    -3.05     0.15   -92.25   -17.18   -18.04     0.06   -49.98   -16.49   -24.23    -0.75     0.61
rep4_fep_003_0.940.en   2      1899  0.060000  -183.53   -26.86    28.08     1.68     0.06  -209.36    10.10  -126.80    26.32   -46.76   -15.50   -35.80    -0.72    12.77
--> Name of file number   5:                                                     
# Energy files from Qdyn, version: 5.10.17 , git id=9325b9c29ad62a733df16f540968e33ee6c78260                       
rep4_fep_004_0.920.en   1      1899  0.920000  -286.28  -180.80     3.68    -3.10     0.15   -90.47   -16.56   -17.96     0.60   -50.26   -16.41   -22.25    -0.74     0.81
rep4_fep_004_0.920.en   2      1899  0.080000  -185.58   -33.26    29.45     1.75     0.06  -206.47    10.58  -123.48    26.80   -48.60   -15.51   -34.39    -0.71    12.31
--> Name of file number   6:                                                     
# Energy files from Qdyn, version: 5.10.17 , git id=9325b9c29ad62a733df16f540968e33ee6c78260                       
rep4_fep_005_0.900.en   1      1899  0.900000  -286.67  -180.05     3.94    -3.15     0.20   -92.19   -16.07   -18.55     0.91   -50.34   -16.46   -23.30    -0.52     0.66
rep4_fep_005_0.900.en   2      1899  0.100000  -198.24   -34.66    20.92     1.23     0.08  -208.22     9.75  -124.64    25.91   -48.64   -15.66   -34.94    -0.50    12.66
--> Name of file number   7:                                                     
# Energy files from Qdyn, version: 5.10.17 , git id=9325b9c29ad62a733df16f540968e33ee6c78260                       
rep4_fep_006_0.880.en   1      1899  0.880000  -284.59  -179.91     4.25    -2.85     0.21   -91.17   -15.72   -19.13     1.61   -48.81   -16.38   -23.24    -0.96     0.60
rep4_fep_006_0.880.en   2      1899  0.120000  -203.23   -39.15    20.74     0.39     0.08  -207.08     9.47  -125.06    25.99   -45.10   -15.58   -36.93    -0.93    12.31
--> Name of file number   8:                                                     
# Energy files from Qdyn, version: 5.10.17 , git id=9325b9c29ad62a733df16f540968e33ee6c78260                       
rep4_fep_007_0.860.en   1      1899  0.860000  -285.45  -179.43     3.52    -2.95     0.22   -92.87   -14.29   -19.40     2.03   -49.52   -15.90   -23.95    -0.42     0.34
rep4_fep_007_0.860.en   2      1899  0.140000  -210.71   -45.02    18.34     0.46     0.09  -206.83    10.43  -123.17    25.93   -46.22   -15.11   -37.44    -0.39    11.83
--> Name of file number   9:                                                     
# Energy files from Qdyn, version: 5.10.17 , git id=9325b9c29ad62a733df16f540968e33ee6c78260                       
rep4_fep_008_0.840.en   1      1899  0.840000  -284.31  -178.77     3.41    -3.08     0.19   -91.61   -14.69   -19.56     2.87   -49.05   -16.64   -22.99    -0.92     0.25
rep4_fep_008_0.840.en   2      1899  0.160000  -214.91   -49.83    19.54     0.62     0.08  -204.30     9.81  -120.66    26.49   -46.25   -15.80   -37.38    -0.88     9.18
--> Name of file number  10:                                                     
# Energy files from Qdyn, version: 5.10.17 , git id=9325b9c29ad62a733df16f540968e33ee6c78260                       
rep4_fep_009_0.820.en   1      1899  0.820000  -282.05  -179.15     3.75    -2.59     0.25   -89.58   -15.16   -19.63     3.12   -48.63   -16.96   -21.32    -1.32     0.43
rep4_fep_009_0.820.en   2      1899  0.180000  -214.76   -49.56    16.96     0.24     0.10  -202.72     8.41  -123.30    25.87   -45.71   -16.18   -33.70    -1.28    11.81
--> Name of file number  11:                                                     
# Energy files from Qdyn, version: 5.10.17 , git id=9325b9c29ad62a733df16f540968e33ee6c78260                       
rep4_fep_010_0.800.en   1      1899  0.800000  -279.25  -179.37     3.11    -2.43     0.13   -88.21   -12.53   -22.95     5.05   -45.34   -16.10   -19.91    -1.48     0.04
rep4_fep_010_0.800.en   2      1899  0.200000  -223.93   -52.82    11.21    -3.04     0.05  -199.84    10.50  -127.67    27.18   -40.98   -15.23   -31.20    -1.46    10.02
--> Name of file number  12:                                                     
# Energy files from Qdyn, version: 5.10.17 , git id=9325b9c29ad62a733df16f540968e33ee6c78260                       
rep4_fep_011_0.780.en   1      1899  0.780000  -279.33  -179.42     3.64    -2.80     0.06   -90.18   -10.70   -24.46     5.96   -44.35   -16.00   -21.37    -0.66     0.08
rep4_fep_011_0.780.en   2      1899  0.220000  -230.96   -54.01     9.75    -3.64     0.02  -205.32    11.79  -131.67    27.51   -38.70   -15.08   -34.95    -0.64    10.45
--> Name of file number  13:                                                     
# Energy files from Qdyn, version: 5.10.17 , git id=9325b9c29ad62a733df16f540968e33ee6c78260                       
rep4_fep_012_0.760.en   1      1899  0.760000  -279.37  -178.76     3.74    -2.54     0.11   -90.98   -10.97   -24.10     6.01   -45.01   -15.75   -21.87    -1.22     0.02
rep4_fep_012_0.760.en   2      1899  0.240000  -233.53   -56.22    11.07    -3.67     0.04  -207.24    10.80  -129.81    26.82   -40.64   -14.82   -36.79    -1.20    11.70
--> Name of file number  14:                                                     
# Energy files from Qdyn, version: 5.10.17 , git id=9325b9c29ad62a733df16f540968e33ee6c78260                       
rep4_fep_013_0.740.en   1      1899  0.740000  -275.09  -178.27     4.07    -2.67     0.11   -86.86   -11.53   -23.82     6.30   -41.55   -17.13   -21.48    -0.69     0.05
rep4_fep_013_0.740.en   2      1899  0.260000  -232.56   -58.12    11.12    -3.63     0.05  -202.08     9.55  -127.81    26.65   -36.65   -16.43   -37.62    -0.67    10.55
--> Name of file number  15:                                                     
# Energy files from Qdyn, version: 5.10.17 , git id=9325b9c29ad62a733df16f540968e33ee6c78260                       
rep4_fep_014_0.720.en   1      1899  0.720000  -267.31  -171.03     4.01    -1.23     0.08   -94.64    -4.50   -38.52    14.29   -39.69   -17.24   -16.42    -1.55     0.00
rep4_fep_014_0.720.en   2      1899  0.280000  -284.91  -120.92     9.11    -2.78     0.03  -179.74     9.39  -108.43    27.51   -35.45   -16.57   -35.87    -1.55     0.00
--> Name of file number  16:                                                     
# Energy files from Qdyn, version: 5.10.17 , git id=9325b9c29ad62a733df16f540968e33ee6c78260                       
rep4_fep_015_0.700.en   1      1899  0.700000  -269.77  -169.62     4.31    -2.39     0.09   -98.36    -3.81   -38.36    15.66   -43.24   -18.49   -16.76    -0.98     0.00
rep4_fep_015_0.700.en   2      1899  0.300000  -295.33  -130.90     7.99    -0.76     0.04  -180.66     8.98  -103.89    27.65   -38.36   -17.68   -38.41    -0.99     0.00
--> Name of file number  17:                                                     
# Energy files from Qdyn, version: 5.10.17 , git id=9325b9c29ad62a733df16f540968e33ee6c78260                       
rep4_fep_016_0.680.en   1      1899  0.680000  -267.03  -167.80     4.54    -1.93     0.09   -97.42    -4.50   -38.31    15.95   -43.45   -18.72   -15.66    -1.73     0.00
rep4_fep_016_0.680.en   2      1899  0.320000  -296.78  -133.58     8.04    -1.14     0.04  -177.26     7.13  -101.07    26.80   -40.90   -17.92   -35.29    -1.74     0.00
--> Name of file number  18:                                                     
# Energy files from Qdyn, version: 5.10.17 , git id=9325b9c29ad62a733df16f540968e33ee6c78260                       
rep4_fep_017_0.660.en   1      1899  0.660000  -262.99  -163.99     4.21    -2.01     0.05  -100.20    -1.06   -42.68    17.95   -42.60   -17.73   -14.91    -1.29     0.00
rep4_fep_017_0.660.en   2      1899  0.340000  -306.00  -142.26     8.46    -2.67     0.02  -178.28     8.73  -102.92    27.04   -41.68   -17.00   -33.69    -1.31     0.00
--> Name of file number  19:                                                     
# Energy files from Qdyn, version: 5.10.17 , git id=9325b9c29ad62a733df16f540968e33ee6c78260                       
rep4_fep_018_0.640.en   1      1899  0.640000  -260.83  -161.00     4.57    -2.04     0.08  -101.00    -1.45   -43.22    18.78   -43.34   -18.83   -14.45    -1.41     0.00
rep4_fep_018_0.640.en   2      1899  0.360000  -309.29  -147.47     7.96    -1.77     0.03  -175.11     7.06  -100.58    26.55   -42.12   -18.07   -32.41    -1.42     0.00
--> Name of file number  20:                                                     
# Energy files from Qdyn, version: 5.10.17 , git id=9325b9c29ad62a733df16f540968e33ee6c78260                       
rep4_fep_019_0.620.en   1      1899  0.620000  -256.89  -155.83     4.48    -1.91     0.08  -103.63    -0.09   -45.94    19.74   -42.03   -18.22   -15.66    -1.62     0.00
rep4_fep_019_0.620.en   2      1899  0.380000  -319.60  -155.09     7.59    -2.25     0.03  -176.53     6.66   -99.60    25.77   -40.07   -17.48   -36.86    -1.63     0.00
--> Name of file number  21:                                                     
# Energy files from Qdyn, version: 5.10.17 , git id=9325b9c29ad62a733df16f540968e33ee6c78260                       
rep4_fep_020_0.600.en   1      1899  0.600000  -251.71  -151.78     4.27    -1.73     0.07  -105.65     3.10   -49.02    20.99   -42.28   -15.97   -14.35    -1.91     0.00
rep4_fep_020_0.600.en   2      1899  0.400000  -323.25  -160.92     7.34    -2.53     0.03  -175.34     8.16   -99.85    25.37   -41.72   -15.29   -33.77    -1.92     0.00
--> Name of file number  22:                                                     
# Energy files from Qdyn, version: 5.10.17 , git id=9325b9c29ad62a733df16f540968e33ee6c78260                       
rep4_fep_021_0.580.en   1      1899  0.580000  -249.52  -146.85     4.88    -1.77     0.06  -107.28     1.44   -50.26    20.86   -42.41   -17.51   -14.61    -1.92     0.00
rep4_fep_021_0.580.en   2      1899  0.420000  -327.57  -166.17     7.43    -2.48     0.02  -171.91     5.54   -96.47    24.29   -41.94   -16.82   -33.50    -1.93     0.00
--> Name of file number  23:                                                     
# Energy files from Qdyn, version: 5.10.17 , git id=9325b9c29ad62a733df16f540968e33ee6c78260                       
rep4_fep_022_0.560.en   1      1899  0.560000  -246.03  -143.24     5.10    -2.05     0.06  -108.13     2.22   -51.13    21.09   -41.92   -17.27   -15.08    -1.60     0.01
rep4_fep_022_0.560.en   2      1899  0.440000  -329.33  -169.69     7.11    -1.88     0.03  -170.53     5.63   -94.06    23.77   -42.23   -16.53   -34.24    -1.61     0.00
--> Name of file number  24:                                                     
# Energy files from Qdyn, version: 5.10.17 , git id=9325b9c29ad62a733df16f540968e33ee6c78260                       
rep4_fep_023_0.540.en   1      1899  0.540000  -244.72  -138.80     4.21    -1.67     0.08  -110.39     1.85   -53.80    21.25   -42.31   -17.88   -14.29    -1.52     0.01
rep4_fep_023_0.540.en   2      1899  0.460000  -335.02  -172.96     7.23    -2.67     0.03  -170.68     4.02   -94.95    22.74   -42.69   -17.19   -33.03    -1.53     0.00
--> Name of file number  25:                                                     
# Energy files from Qdyn, version: 5.10.17 , git id=9325b9c29ad62a733df16f540968e33ee6c78260                       
rep4_fep_024_0.520.en   1      1899  0.520000  -240.23  -134.68     5.61    -0.85     0.10  -113.39     2.96   -55.02    21.63   -42.17   -17.25   -16.20    -1.42     0.01
rep4_fep_024_0.520.en   2      1899  0.480000  -340.87  -175.41     6.94    -2.67     0.04  -174.20     4.43   -94.36    22.36   -43.60   -16.50   -36.24    -1.43     0.00
--> Name of file number  26:                                                     
# Energy files from Qdyn, version: 5.10.17 , git id=9325b9c29ad62a733df16f540968e33ee6c78260                       
rep4_fep_025_0.500.en   1      1899  0.500000  -238.42  -131.82     4.83    -1.28     0.08  -113.81     3.56   -56.39    21.96   -42.40   -17.24   -15.02    -1.16     0.01
rep4_fep_025_0.500.en   2      1899  0.500000  -341.49  -177.41     6.65    -2.87     0.03  -172.26     4.37   -93.56    22.11   -43.74   -16.56   -34.96    -1.18     0.00
--> Name of file number  27:                                                     
# Energy files from Qdyn, version: 5.10.17 , git id=9325b9c29ad62a733df16f540968e33ee6c78260                       
rep4_fep_026_0.480.en   1      1899  0.480000  -236.74  -129.78     4.99    -0.77     0.10  -116.25     4.95   -57.36    22.15   -43.33   -16.39   -15.56    -0.81     0.01
rep4_fep_026_0.480.en   2      1899  0.520000  -346.86  -180.56     6.20    -2.85     0.04  -174.71     5.02   -93.12    21.52   -45.81   -15.67   -35.78    -0.83     0.00
--> Name of file number  28:                                                     
# Energy files from Qdyn, version: 5.10.17 , git id=9325b9c29ad62a733df16f540968e33ee6c78260                       
rep4_fep_027_0.460.en   1      1899  0.460000  -233.41  -125.43     5.29    -1.05     0.06  -115.24     2.94   -59.37    21.51   -41.56   -17.38   -14.31    -1.19     0.02
rep4_fep_027_0.460.en   2      1899  0.540000  -347.27  -182.32     6.79    -3.37     0.02  -170.78     2.40   -93.69    20.33   -43.71   -16.72   -33.38    -1.21     0.00
--> Name of file number  29:                                                     
# Energy files from Qdyn, version: 5.10.17 , git id=9325b9c29ad62a733df16f540968e33ee6c78260                       
rep4_fep_028_0.440.en   1      1899  0.440000  -230.89  -123.61     6.86    -0.02     0.14  -119.33     5.04   -59.46    22.07   -41.78   -16.47   -18.08    -0.55     0.03
rep4_fep_028_0.440.en   2      1899  0.560000  -351.44  -182.54     6.60    -3.05     0.06  -176.47     3.96   -91.79    20.36   -42.37   -15.82   -42.30    -0.57     0.00
--> Name of file number  30:                                                     
# Energy files from Qdyn, version: 5.10.17 , git id=9325b9c29ad62a733df16f540968e33ee6c78260                       
rep4_fep_029_0.420.en   1      1899  0.420000  -235.15  -121.16     5.01     0.34     0.13  -124.14     4.63   -60.41    21.96   -44.14   -16.37   -19.59    -0.95     0.03
rep4_fep_029_0.420.en   2      1899  0.580000  -362.80  -185.20     5.84    -2.77     0.05  -183.30     2.59   -91.36    19.25   -45.38   -15.69   -46.56    -0.97     0.00
--> Name of file number  31:                                                     
# Energy files from Qdyn, version: 5.10.17 , git id=9325b9c29ad62a733df16f540968e33ee6c78260                       
rep4_fep_030_0.400.en   1      1899  0.400000  -231.81  -118.80     5.44     0.67     0.15  -124.60     5.30   -61.44    21.91   -42.21   -15.93   -20.95    -0.69     0.04
rep4_fep_030_0.400.en   2      1899  0.600000  -364.24  -185.99     5.79    -2.72     0.06  -184.31     2.93   -91.80    18.87   -42.66   -15.23   -49.86    -0.70     0.00
--> Name of file number  32:                                                     
# Energy files from Qdyn, version: 5.10.17 , git id=9325b9c29ad62a733df16f540968e33ee6c78260                       
rep4_fep_031_0.380.en   1      1899  0.380000  -230.06  -116.26     5.54     0.60     0.15  -125.14     5.01   -62.03    21.98   -43.40   -15.96   -19.72    -1.00     0.05
rep4_fep_031_0.380.en   2      1899  0.620000  -365.34  -188.08     5.81    -2.65     0.06  -182.62     2.13   -91.54    18.39   -44.04   -15.24   -47.04    -1.02     0.00
--> Name of file number  33:                                                     
# Energy files from Qdyn, version: 5.10.17 , git id=9325b9c29ad62a733df16f540968e33ee6c78260                       
rep4_fep_032_0.360.en   1      1899  0.360000  -229.22  -114.17     5.40     0.03     0.12  -126.20     5.55   -62.79    22.33   -42.77   -15.88   -20.64    -0.90     0.06
rep4_fep_032_0.360.en   2      1899  0.640000  -370.53  -189.03     5.22    -3.11     0.05  -185.67     2.01   -91.14    18.15   -44.22   -15.22   -50.32    -0.92     0.00
--> Name of file number  34:                                                     
# Energy files from Qdyn, version: 5.10.17 , git id=9325b9c29ad62a733df16f540968e33ee6c78260                       
rep4_fep_033_0.340.en   1      1899  0.340000  -227.75  -112.86     5.33     0.39     0.13  -126.13     5.35   -63.34    22.14   -43.19   -15.93   -19.60    -0.87     0.05
rep4_fep_033_0.340.en   2      1899  0.660000  -371.34  -189.84     5.49    -3.51     0.05  -185.07     1.54   -91.53    17.68   -46.71   -15.26   -46.83    -0.88     0.00
--> Name of file number  35:                                                     
# Energy files from Qdyn, version: 5.10.17 , git id=9325b9c29ad62a733df16f540968e33ee6c78260                       
rep4_fep_034_0.320.en   1      1899  0.320000  -223.02  -109.98     5.76    -2.09     0.05  -121.76     4.93   -65.19    23.33   -39.67   -17.09   -16.90    -1.31     0.07
rep4_fep_034_0.320.en   2      1899  0.680000  -368.76  -192.25     4.73    -3.62     0.02  -178.00     0.37   -93.43    18.05   -40.95   -16.37   -43.63    -1.32     0.00
--> Name of file number  36:                                                     
# Energy files from Qdyn, version: 5.10.17 , git id=9325b9c29ad62a733df16f540968e33ee6c78260                       
rep4_fep_035_0.300.en   1      1899  0.300000  -219.29  -108.46     6.15    -1.89     0.07  -120.12     4.88   -65.79    23.23   -38.18   -16.90   -16.14    -1.45     0.07
rep4_fep_035_0.300.en   2      1899  0.700000  -366.70  -192.51     4.68    -3.58     0.03  -175.24    -0.07   -93.49    17.59   -41.75   -16.20   -40.00    -1.46     0.00
--> Name of file number  37:                                                     
# Energy files from Qdyn, version: 5.10.17 , git id=9325b9c29ad62a733df16f540968e33ee6c78260                       
rep4_fep_036_0.280.en   1      1899  0.280000  -216.93  -106.81     6.77    -1.45     0.08  -119.79     4.19   -64.92    23.22   -39.62   -16.60   -15.25    -2.42     0.08
rep4_fep_036_0.280.en   2      1899  0.720000  -367.72  -193.62     4.53    -3.24     0.03  -174.18    -1.24   -91.48    17.07   -42.85   -15.88   -39.84    -2.43     0.00
--> Name of file number  38:                                                     
# Energy files from Qdyn, version: 5.10.17 , git id=9325b9c29ad62a733df16f540968e33ee6c78260                       
rep4_fep_037_0.260.en   1      1899  0.260000  -216.87  -105.37     6.49    -0.35     0.05  -123.85     6.07   -64.12    23.29   -39.53   -16.20   -20.20    -1.03     0.09
rep4_fep_037_0.260.en   2      1899  0.740000  -373.61  -193.94     5.19    -3.71     0.02  -181.29     0.12   -88.07    16.74   -45.45   -15.58   -47.77    -1.04     0.00
--> Name of file number  39:                                                     
# Energy files from Qdyn, version: 5.10.17 , git id=9325b9c29ad62a733df16f540968e33ee6c78260                       
rep4_fep_038_0.240.en   1      1899  0.240000  -211.07  -100.24     6.96     1.28     0.08  -123.71     4.41   -66.21    21.21   -30.83   -16.66   -26.67    -0.14     0.15
rep4_fep_038_0.240.en   2      1899  0.760000  -375.24  -195.35     5.50    -3.38     0.03  -180.93    -1.10   -87.60    15.07   -37.68   -16.06   -55.65    -0.11     0.00
--> Name of file number  40:                                                     
# Energy files from Qdyn, version: 5.10.17 , git id=9325b9c29ad62a733df16f540968e33ee6c78260                       
rep4_fep_039_0.220.en   1      1899  0.220000  -210.02  -100.54     8.12     0.99     0.07  -124.82     6.03   -66.45    20.92   -31.72   -15.27   -26.65     0.38     0.13
rep4_fep_039_0.220.en   2      1899  0.780000  -375.92  -196.32     5.90    -3.76     0.03  -182.41     0.64   -87.46    14.86   -38.15   -14.63   -56.80     0.41     0.00
--> Name of file number  41:                                                     
# Energy files from Qdyn, version: 5.10.17 , git id=9325b9c29ad62a733df16f540968e33ee6c78260                       
rep4_fep_040_0.200.en   1      1899  0.200000  -208.21   -96.20     8.57     0.88     0.03  -129.38     7.69   -67.54    20.45   -36.15   -12.97   -25.69     0.20     0.19
rep4_fep_040_0.200.en   2      1899  0.800000  -384.55  -196.46     5.39    -3.83     0.01  -191.20     1.53   -86.46    13.38   -49.40   -12.09   -55.34     0.24     0.00
--> Name of file number  42:                                                     
# Energy files from Qdyn, version: 5.10.17 , git id=9325b9c29ad62a733df16f540968e33ee6c78260                       
rep4_fep_041_0.180.en   1      1899  0.180000  -205.54   -91.40     8.62     0.29     0.05  -130.15     6.77   -68.83    20.43   -36.96   -13.02   -24.36    -0.64     0.27
rep4_fep_041_0.180.en   2      1899  0.820000  -390.86  -198.19     4.86    -3.94     0.02  -193.18    -0.42   -86.36    12.36   -54.33   -12.18   -52.50    -0.60     0.00
--> Name of file number  43:                                                     
# Energy files from Qdyn, version: 5.10.17 , git id=9325b9c29ad62a733df16f540968e33ee6c78260                       
rep4_fep_042_0.160.en   1      1899  0.160000  -205.49   -90.34     8.82     0.48     0.04  -131.38     6.64   -69.24    20.39   -37.58   -13.41   -24.56    -0.34     0.25
rep4_fep_042_0.160.en   2      1899  0.840000  -392.64  -198.40     4.78    -4.00     0.02  -194.24    -0.79   -86.00    12.05   -54.94   -12.56   -53.30    -0.28     0.00
--> Name of file number  44:                                                     
# Energy files from Qdyn, version: 5.10.17 , git id=9325b9c29ad62a733df16f540968e33ee6c78260                       
rep4_fep_043_0.140.en   1      1899  0.140000  -199.79   -85.53     8.76     0.31     0.05  -130.70     6.98   -70.07    20.59   -36.26   -13.20   -24.36    -0.41     0.33
rep4_fep_043_0.140.en   2      1899  0.860000  -391.38  -199.12     4.67    -4.01     0.02  -191.61    -1.33   -85.55    11.41   -52.35   -12.39   -53.71    -0.36     0.00
--> Name of file number  45:                                                     
# Energy files from Qdyn, version: 5.10.17 , git id=9325b9c29ad62a733df16f540968e33ee6c78260                       
rep4_fep_044_0.120.en   1      1899  0.120000  -195.27   -81.33     9.74     0.26     0.05  -131.56     7.18   -71.00    20.89   -35.82   -13.25   -24.74    -0.45     0.40
rep4_fep_044_0.120.en   2      1899  0.880000  -395.78  -199.68     4.65    -3.84     0.02  -194.95    -1.98   -85.43    10.81   -52.61   -12.41   -56.92    -0.38     0.00
--> Name of file number  46:                                                     
# Energy files from Qdyn, version: 5.10.17 , git id=9325b9c29ad62a733df16f540968e33ee6c78260                       
rep4_fep_045_0.100.en   1      1899  0.100000  -193.47   -77.32     9.07     0.19     0.04  -135.39     9.50   -71.30    20.97   -36.95   -12.49   -27.14     1.02     0.44
rep4_fep_045_0.100.en   2      1899  0.900000  -397.13  -199.38     4.42    -3.77     0.02  -197.68    -0.74   -84.39     9.93   -54.70   -11.73   -58.58     1.06     0.00
--> Name of file number  47:                                                     
# Energy files from Qdyn, version: 5.10.17 , git id=9325b9c29ad62a733df16f540968e33ee6c78260                       
rep4_fep_046_0.080.en   1      1899  0.080000  -189.91   -74.56     9.38     0.02     0.05  -134.07     8.74   -72.48    21.39   -35.40   -12.74   -26.19     0.09     0.53
rep4_fep_046_0.080.en   2      1899  0.920000  -397.73  -200.40     4.00    -3.91     0.02  -195.37    -2.08   -85.16     9.79   -53.83   -12.00   -56.38     0.13     0.00
--> Name of file number  48:                                                     
# Energy files from Qdyn, version: 5.10.17 , git id=9325b9c29ad62a733df16f540968e33ee6c78260                       
rep4_fep_047_0.060.en   1      1899  0.060000  -185.88   -72.97    10.03     0.52     0.05  -133.50     9.49   -72.57    22.11   -35.93   -12.87   -25.00     0.25     0.51
rep4_fep_047_0.060.en   2      1899  0.940000  -398.47  -200.71     3.34    -3.83     0.02  -194.75    -2.54   -84.47     9.26   -55.56   -12.11   -54.72     0.30     0.00
--> Name of file number  49:                                                     
# Energy files from Qdyn, version: 5.10.17 , git id=9325b9c29ad62a733df16f540968e33ee6c78260                       
rep4_fep_048_0.040.en   1      1899  0.040000  -178.52   -67.83    13.31     0.21     0.05  -135.22    10.24   -73.22    21.98   -37.13   -11.83   -24.86     0.09     0.72
rep4_fep_048_0.040.en   2      1899  0.960000  -398.35  -201.10     3.65    -3.76     0.02  -194.41    -2.76   -82.60     8.17   -58.06   -11.07   -53.74     0.14     0.00
--> Name of file number  50:                                                     
# Energy files from Qdyn, version: 5.10.17 , git id=9325b9c29ad62a733df16f540968e33ee6c78260                       
rep4_fep_049_0.020.en   1      1899  0.020000  -175.48   -67.53    15.41     0.28     0.05  -136.05    11.71   -73.94    23.23   -36.77   -12.32   -25.34     0.80     0.64
rep4_fep_049_0.020.en   2      1899  0.980000  -396.09  -201.28     3.66    -3.73     0.02  -192.53    -2.22   -82.58     8.47   -53.02   -11.56   -56.93     0.86     0.00
--> Name of file number  51:                                                     
# Energy files from Qdyn, version: 5.10.17 , git id=9325b9c29ad62a733df16f540968e33ee6c78260                       
rep4_fep_050_0.000.en   1      1899  0.000000  -164.79   -55.95    18.96     0.42     0.09  -142.18    12.69   -75.60    23.50   -38.25   -12.68   -28.32     1.88     1.18
rep4_fep_050_0.000.en   2      1899  1.000000  -404.77  -201.15     3.86    -3.36     0.03  -201.21    -2.95   -79.16     7.01   -57.62   -11.89   -64.43     1.93     0.00


# Part 1: Free energy perturbation summary:

# Calculation for full system
# lambda(1)      dGf sum(dGf)      dGr sum(dGr)     <dG>
   1.000000     0.000     0.000    -4.102    45.406     0.000
   0.980000     4.487     4.487    -3.266    49.507     4.294
   0.960000     3.306     7.793    -2.779    52.774     7.580
   0.940000     2.852    10.645    -2.669    55.553    10.396
   0.920000     2.645    13.290    -2.401    58.222    13.053
   0.900000     2.564    15.854    -2.273    60.623    15.536
   0.880000     2.335    18.189    -2.122    62.896    17.840
   0.860000     2.184    20.373    -2.026    65.018    19.993
   0.840000     2.068    22.441    -1.982    67.043    22.039
   0.820000     1.953    24.394    -1.738    69.026    24.007
   0.800000     1.909    26.303    -1.588    70.763    25.830
   0.780000     1.674    27.977    -1.538    72.352    27.462
   0.760000     1.546    29.524    -1.478    73.889    29.004
   0.740000     1.496    31.020    -0.358    75.368    30.491
   0.720000     1.423    32.444    -0.145    75.725    31.382
   0.700000     0.134    32.577    -0.070    75.870    31.521
   0.680000     0.026    32.603     0.198    75.940    31.569
   0.660000    -0.063    32.540     0.296    75.742    31.438
   0.640000    -0.324    32.215     0.604    75.446    31.128
   0.620000    -0.446    31.769     0.781    74.842    30.603
   0.600000    -0.702    31.067     0.899    74.061    29.861
   0.580000    -0.880    30.187     1.010    73.162    28.972
   0.560000    -1.017    29.170     1.172    72.151    27.958
   0.540000    -1.118    28.052     1.376    70.979    26.813
   0.520000    -1.240    26.812     1.419    69.603    25.505
   0.500000    -1.451    25.360     1.572    68.184    24.070
   0.480000    -1.503    23.858     1.637    66.612    22.532
   0.460000    -1.634    22.224     1.780    64.975    20.896
   0.440000    -1.717    20.507     1.929    63.195    19.148
   0.420000    -1.840    18.666     2.020    61.266    17.263
   0.400000    -1.977    16.690     2.077    59.246    15.265
   0.380000    -2.077    14.613     2.203    57.169    13.188
   0.360000    -2.134    12.479     2.249    54.967    11.020
   0.340000    -2.250    10.229     2.295    52.718     8.771
   0.320000    -2.295     7.934     2.328    50.423     6.476
   0.300000    -2.334     5.600     2.393    48.095     4.145
   0.280000    -2.368     3.232     2.508    45.702     1.764
   0.260000    -2.439     0.793     2.649    43.194    -0.709
   0.240000    -2.563    -1.770     2.690    40.544    -3.316
   0.220000    -2.717    -4.488     2.896    37.855    -6.019
   0.200000    -2.746    -7.234     3.076    34.959    -8.840
   0.180000    -2.960   -10.193     3.117    31.883   -11.858
   0.160000    -3.137   -13.331     3.204    28.766   -14.985
   0.140000    -3.168   -16.499     3.364    25.562   -18.171
   0.120000    -3.259   -19.758     3.444    22.198   -21.483
   0.100000    -3.456   -23.214     3.528    18.754   -24.933
   0.080000    -3.504   -26.718     3.623    15.226   -28.449
   0.060000    -3.587   -30.305     3.750    11.603   -32.053
   0.040000    -3.682   -33.987     3.746     7.853   -35.770
   0.020000    -3.844   -37.831     4.107     4.107   -39.565
   0.000000    -3.879   -41.711     0.000     0.000   -43.558

# Min energy-gap is:   -327.99
# Max energy-gap is:    261.48



# Part 2: Reaction free energy summary:
# Lambda(1)  bin Energy gap      dGa     dGb     dGg    # pts    c1**2    c2**2
   1.000000    1    -322.09       0.00     318.46      -1.93     62     0.994     0.006
   1.000000    2    -310.30       0.00     306.88      -2.00     32     0.994     0.006
   1.000000    3    -298.52       0.00     294.69      -2.08     38     0.993     0.007
   1.000000    4    -286.73       0.00     281.71      -2.18     24     0.992     0.008
   1.000000    5    -274.94       0.00     270.69      -2.26    196     0.992     0.008
   1.000000    6    -263.15       0.00     259.20      -2.35    280     0.991     0.009
   1.000000    7    -251.36       0.00     247.33      -2.46    275     0.990     0.010
   1.000000    8    -239.57       0.00     236.01      -2.58    226     0.989     0.011
   1.000000    9    -227.78       0.00     223.74      -2.72    229     0.988     0.012
   1.000000   10    -215.99       0.00     211.55      -2.88    170     0.987     0.013
   1.000000   11    -204.20       0.00     200.25      -3.01    190     0.986     0.014
   1.000000   12    -192.41       0.00     189.04      -3.18     93     0.984     0.016
   1.000000   13    -180.62       0.00     177.16      -3.39     56     0.982     0.018
   1.000000   14    -168.83       0.00     165.34      -3.62     14     0.979     0.021
   1.000000   15    -157.04       0.00     158.45      -3.82     14     0.977     0.023
   0.980000    4    -286.73      -1.48     281.87      -3.63     25     0.993     0.007
   0.980000    5    -274.94      -1.17     269.30      -3.44     15     0.992     0.008
   0.980000    6    -263.15      -1.00     258.67      -3.34     11     0.991     0.009
   0.980000    8    -239.57      -0.45     234.50      -3.06     52     0.989     0.011
   0.980000    9    -227.78      -0.26     223.52      -2.97     92     0.988     0.012
   0.980000   10    -215.99      -0.03     212.08      -2.88     78     0.987     0.013
   0.980000   11    -204.20       0.21     200.27      -2.81    124     0.986     0.014
   0.980000   12    -192.41       0.44     189.12      -2.75    185     0.984     0.016
   0.980000   13    -180.62       0.69     176.98      -2.71    251     0.982     0.018
   0.980000   14    -168.83       0.91     165.86      -2.71    372     0.979     0.021
   0.980000   15    -157.04       1.16     154.16      -2.73    358     0.976     0.024
   0.980000   16    -145.25       1.39     142.38      -2.80    177     0.973     0.027
   0.980000   17    -133.47       1.59     131.72      -2.89    112     0.969     0.031
   0.980000   18    -121.68       1.80     125.81      -3.02     33     0.964     0.036
   0.960000   10    -215.99      -1.10     212.06      -3.94     52     0.987     0.013
   0.960000   11    -204.20      -0.58     199.53      -3.60     62     0.986     0.014
   0.960000   12    -192.41      -0.12     188.09      -3.31     76     0.984     0.016
   0.960000   13    -180.62       0.33     177.35      -3.06    112     0.982     0.018
   0.960000   14    -168.83       0.77     166.08      -2.82    119     0.980     0.020
   0.960000   15    -157.04       1.30     154.36      -2.58    335     0.976     0.024
   0.960000   16    -145.25       1.76     143.08      -2.41    545     0.973     0.027
   0.960000   17    -133.47       2.20     131.92      -2.30    289     0.968     0.032
   0.960000   18    -121.68       2.67     121.02      -2.23    220     0.963     0.037
   0.960000   19    -109.89       3.12     109.57      -2.23     68     0.956     0.044
   0.960000   20     -98.10       3.51     104.59      -2.30     15     0.949     0.051
   0.940000   14    -168.83       0.41     165.20      -3.26     83     0.979     0.021
   0.940000   15    -157.04       0.99     154.43      -2.89    188     0.976     0.024
   0.940000   16    -145.25       1.73     143.11      -2.47    448     0.972     0.028
   0.940000   17    -133.47       2.35     132.13      -2.15    645     0.968     0.032
   0.940000   18    -121.68       3.00     121.45      -1.87    382     0.963     0.037
   0.940000   19    -109.89       3.71     110.35      -1.64    130     0.956     0.044
   0.940000   20     -98.10       4.36     102.78      -1.51     23     0.948     0.052
   0.920000   14    -168.83      -0.51     164.98      -4.11     18     0.979     0.021
   0.920000   15    -157.04       0.62     153.41      -3.29     73     0.976     0.024
   0.920000   16    -145.25       1.46     142.83      -2.72    422     0.972     0.028
   0.920000   17    -133.47       2.30     132.20      -2.19    547     0.968     0.032
   0.920000   18    -121.68       3.28     121.44      -1.63    606     0.962     0.038
   0.920000   19    -109.89       4.03     113.36      -1.26    233     0.957     0.043
   0.900000   16    -145.25       1.54     141.42      -2.79     13     0.971     0.029
   0.900000   17    -133.47       2.22     131.58      -2.30    329     0.968     0.032
   0.900000   18    -121.68       3.25     121.55      -1.62    809     0.963     0.037
   0.900000   19    -109.89       4.44     111.16      -0.92    605     0.955     0.045
   0.900000   20     -98.10       5.41     100.89      -0.41    134     0.948     0.052
   0.880000   16    -145.25       0.95     141.33      -3.35     23     0.971     0.029
   0.880000   17    -133.47       1.86     131.31      -2.65    134     0.967     0.033
   0.880000   18    -121.68       3.19     121.28      -1.71    532     0.962     0.038
   0.880000   19    -109.89       4.55     111.08      -0.81    666     0.955     0.045
   0.880000   20     -98.10       5.87     101.11      -0.02    487     0.946     0.054
   0.880000   21     -86.31       7.03      94.36       0.56     57     0.937     0.063
   0.860000   18    -121.68       3.11     120.81      -1.84    202     0.961     0.039
   0.860000   19    -109.89       4.51     111.02      -0.85    807     0.955     0.045
   0.860000   20     -98.10       6.00     101.30       0.12    718     0.946     0.054
   0.860000   21     -86.31       7.47      91.51       0.98    159     0.935     0.065
   0.840000   18    -121.68       2.66     120.62      -2.25     97     0.961     0.039
   0.840000   19    -109.89       4.38     110.82      -0.98    499     0.954     0.046
   0.840000   20     -98.10       6.08     101.24       0.21    802     0.946     0.054
   0.840000   21     -86.31       7.86      91.85       1.32    443     0.934     0.066
   0.840000   22     -74.52       9.68      82.43       2.32     47     0.918     0.082
   0.820000   18    -121.68       2.25     120.26      -2.68     99     0.961     0.039
   0.820000   19    -109.89       4.25     110.61      -1.13    352     0.954     0.046
   0.820000   20     -98.10       6.06     101.34       0.19    879     0.946     0.054
   0.820000   21     -86.31       8.08      91.92       1.55    460     0.934     0.066
   0.820000   22     -74.52      10.04      83.48       2.71    103     0.919     0.081
   0.800000   19    -109.89       4.52     109.87      -1.04     71     0.952     0.048
   0.800000   20     -98.10       5.97     100.86       0.10    321     0.944     0.056
   0.800000   21     -86.31       8.21      91.77       1.67    929     0.933     0.067
   0.800000   22     -74.52      10.36      83.40       3.02    503     0.918     0.082
   0.800000   23     -62.73      12.73      73.18       4.33     60     0.894     0.106
   0.800000   24     -50.94      15.01      67.01       5.25     15     0.865     0.135
   0.780000   20     -98.10       6.44     100.25       0.33     77     0.942     0.058
   0.780000   21     -86.31       8.30      91.46       1.72    678     0.931     0.069
   0.780000   22     -74.52      10.55      82.79       3.20    950     0.916     0.084
   0.780000   23     -62.73      12.95      74.26       4.59    187     0.896     0.104
   0.760000   20     -98.10       5.78     100.20      -0.25     38     0.943     0.057
   0.760000   21     -86.31       8.20      91.53       1.58    451     0.931     0.069
   0.760000   22     -74.52      10.58      82.98       3.22   1059     0.916     0.084
   0.760000   23     -62.73      13.16      74.61       4.82    342     0.895     0.105
   0.740000   20     -98.10       5.63      99.62      -0.47     41     0.942     0.058
   0.740000   21     -86.31       7.77      91.38       1.22    289     0.931     0.069
   0.740000   22     -74.52      10.73      82.83       3.34    977     0.914     0.086
   0.740000   23     -62.73      13.39      74.43       5.04    505     0.894     0.106
   0.740000   24     -50.94      16.29      68.11       6.62     87     0.866     0.134
   0.720000   24     -50.94      17.81      64.64       7.29     58     0.844     0.156
   0.720000   25     -39.15      19.65      57.08       8.09    206     0.810     0.190
   0.720000   26     -27.36      23.24      48.26       8.87    367     0.734     0.266
   0.720000   27     -15.57      26.40      39.90       8.52    432     0.648     0.352
   0.720000   28      -3.78      29.79      31.42       6.74    383     0.534     0.466
   0.720000   29       8.01      32.86      23.29       3.70    329     0.428     0.572
   0.720000   30      19.80      36.16      14.94      -0.80     91     0.322     0.678
   0.720000   31      31.59      39.26       7.45      -5.57     23     0.248     0.752
   0.720000   32      43.37      42.74       0.10     -11.20     10     0.179     0.821
   0.700000   26     -27.36      22.84      47.63       8.49    154     0.729     0.271
   0.700000   27     -15.57      26.27      39.77       8.35    550     0.644     0.356
   0.700000   28      -3.78      29.63      31.71       6.94    674     0.540     0.460
   0.700000   29       8.01      33.04      23.49       4.00    296     0.428     0.572
   0.700000   30      19.80      36.60      15.83       0.06    188     0.326     0.674
   0.700000   31      31.59      39.97       8.65      -4.64     34     0.245     0.755
   0.680000   25     -39.15      18.33      55.52       6.69     14     0.807     0.193
   0.680000   26     -27.36      22.33      47.32       8.01     90     0.728     0.272
   0.680000   27     -15.57      26.04      39.59       8.11    368     0.642     0.358
   0.680000   28      -3.78      29.58      31.71       6.94    624     0.539     0.461
   0.680000   29       8.01      33.29      23.80       4.25    536     0.425     0.575
   0.680000   30      19.80      36.97      15.75       0.18    171     0.322     0.678
   0.680000   31      31.59      40.59       8.33      -4.38     89     0.246     0.754
   0.660000   27     -15.57      26.60      38.88       7.66     87     0.624     0.376
   0.660000   28      -3.78      29.45      31.33       6.67    376     0.530     0.470
   0.660000   29       8.01      33.31      23.71       4.23    502     0.420     0.580
   0.660000   30      19.80      37.30      16.19       0.58    579     0.320     0.680
   0.660000   31      31.59      41.04       8.58      -4.12    283     0.243     0.757
   0.660000   32      43.37      45.08       0.46     -10.17     67     0.175     0.825
   0.640000   27     -15.57      25.70      38.16       7.08     37     0.625     0.375
   0.640000   28      -3.78      29.09      30.97       6.29    232     0.524     0.476
   0.640000   29       8.01      33.15      23.70       4.17    527     0.419     0.581
   0.640000   30      19.80      37.26      16.32       0.68    473     0.320     0.680
   0.640000   31      31.59      41.52       8.84      -3.92    408     0.237     0.763
   0.640000   32      43.37      45.72       1.44      -9.24    182     0.176     0.824
   0.640000   33      55.16      49.43      -3.59     -13.17     40     0.141     0.859
   0.620000   28      -3.78      30.45      30.05       5.55     14     0.498     0.502
   0.620000   29       8.01      33.14      23.36       3.71    108     0.405     0.595
   0.620000   30      19.80      37.32      15.95       0.37    401     0.310     0.690
   0.620000   31      31.59      41.54       9.00      -3.77    705     0.236     0.764
   0.620000   32      43.37      46.03       1.60      -9.03    482     0.174     0.826
   0.620000   33      55.16      50.08      -3.99     -13.35    189     0.138     0.862
   0.600000   29       8.01      32.77      23.03       3.39     15     0.416     0.584
   0.600000   30      19.80      37.28      15.65       0.05    187     0.305     0.695
   0.600000   31      31.59      41.53       8.73      -4.01    483     0.232     0.768
   0.600000   32      43.37      46.17       1.90      -8.78    700     0.173     0.827
   0.600000   33      55.16      50.62      -4.82     -13.93    427     0.133     0.867
   0.600000   34      66.95      55.26     -12.14     -19.98     76     0.103     0.897
   0.600000   35      78.74      59.31     -14.44     -22.10     11     0.086     0.914
   0.580000   30      19.80      36.29      15.36      -0.26    104     0.311     0.689
   0.580000   31      31.59      41.35       8.61      -4.15    283     0.231     0.769
   0.580000   32      43.37      46.09       1.81      -8.84    577     0.172     0.828
   0.580000   33      55.16      50.90      -4.86     -13.94    603     0.131     0.869
   0.580000   34      66.95      55.63     -11.55     -19.43    301     0.102     0.898
   0.580000   35      78.74      60.38     -15.18     -22.63     22     0.083     0.917
   0.560000   30      19.80      35.35      15.24      -0.60     25     0.316     0.684
   0.560000   31      31.59      40.84       8.25      -4.53    196     0.228     0.772
   0.560000   32      43.37      45.90       1.72      -8.95    471     0.170     0.830
   0.560000   33      55.16      50.96      -4.96     -14.00    652     0.129     0.871
   0.560000   34      66.95      55.86     -11.09     -18.96    454     0.102     0.898
   0.560000   35      78.74      60.93     -16.23     -23.38     99     0.082     0.918
   0.540000   31      31.59      42.92       7.40      -5.35     18     0.211     0.789
   0.540000   32      43.37      46.07       1.37      -9.29    276     0.166     0.834
   0.540000   33      55.16      51.01      -4.87     -13.93    661     0.129     0.871
   0.540000   34      66.95      56.02     -10.91     -18.79    757     0.101     0.899
   0.540000   35      78.74      61.15     -16.87     -23.80    170     0.082     0.918
   0.540000   36      90.53      66.60     -22.52     -28.86     17     0.064     0.936
   0.520000   32      43.37      47.25       0.67      -9.93     27     0.159     0.841
   0.520000   33      55.16      51.05      -5.27     -14.31    325     0.125     0.875
   0.520000   34      66.95      56.25     -10.92     -18.80    775     0.099     0.901
   0.520000   35      78.74      61.59     -16.71     -23.66    570     0.080     0.920
   0.520000   36      90.53      67.22     -22.08     -28.39    186     0.064     0.936
   0.520000   37     102.32      72.96     -28.56     -34.22     16     0.051     0.949
   0.500000   32      43.37      45.29       0.55     -10.14     27     0.166     0.834
   0.500000   33      55.16      50.39      -5.23     -14.31    248     0.128     0.872
   0.500000   34      66.95      56.17     -11.11     -18.98    658     0.098     0.902
   0.500000   35      78.74      61.79     -16.85     -23.78    665     0.079     0.921
   0.500000   36      90.53      67.46     -22.48     -28.65    290     0.064     0.936
   0.500000   37     102.32      72.69     -24.87     -30.87     11     0.055     0.945
   0.480000   33      55.16      53.46      -6.15     -15.22     27     0.117     0.883
   0.480000   34      66.95      56.20     -11.42     -19.29    434     0.096     0.904
   0.480000   35      78.74      61.81     -16.74     -23.68    875     0.078     0.922
   0.480000   36      90.53      67.77     -22.03     -28.24    450     0.063     0.937
   0.480000   37     102.32      73.76     -26.32     -32.08    113     0.053     0.947
   0.460000   33      55.16      51.51      -6.24     -15.34     42     0.122     0.878
   0.460000   34      66.95      56.11     -11.55     -19.44    259     0.096     0.904
   0.460000   35      78.74      61.82     -16.90     -23.82    718     0.077     0.923
   0.460000   36      90.53      67.73     -22.00     -28.17    628     0.064     0.936
   0.460000   37     102.32      74.17     -27.15     -32.73    229     0.052     0.948
   0.460000   38     114.11      79.93     -30.03     -35.38     23     0.045     0.955
   0.440000   34      66.95      55.13     -11.96     -19.83     59     0.096     0.904
   0.440000   35      78.74      62.01     -16.97     -23.91    438     0.076     0.924
   0.440000   36      90.53      68.00     -21.94     -28.12    818     0.063     0.937
   0.440000   37     102.32      74.27     -26.60     -32.19    541     0.052     0.948
   0.440000   38     114.11      80.50     -29.66     -35.01     38     0.045     0.955
   0.420000   35      78.74      61.60     -17.44     -24.35    101     0.075     0.925
   0.420000   36      90.53      68.06     -22.14     -28.32    741     0.061     0.939
   0.420000   37     102.32      74.50     -26.70     -32.28    853     0.051     0.949
   0.420000   38     114.11      81.00     -31.11     -36.20    191     0.044     0.956
   0.420000   39     125.90      87.49     -34.13     -39.02     11     0.037     0.963
   0.400000   35      78.74      61.11     -17.78     -24.69     38     0.075     0.925
   0.400000   36      90.53      68.10     -22.36     -28.54    432     0.061     0.939
   0.400000   37     102.32      74.65     -26.83     -32.39    891     0.051     0.949
   0.400000   38     114.11      81.19     -30.89     -35.97    472     0.044     0.956
   0.400000   39     125.90      88.54     -35.29     -39.98     57     0.036     0.964
   0.380000   35      78.74      60.32     -17.78     -24.72     18     0.079     0.921
   0.380000   36      90.53      68.28     -22.58     -28.76    343     0.060     0.940
   0.380000   37     102.32      74.67     -26.88     -32.45    790     0.050     0.950
   0.380000   38     114.11      81.51     -30.88     -35.95    649     0.043     0.957
   0.380000   39     125.90      88.62     -34.87     -39.57     99     0.036     0.964
   0.360000   36      90.53      69.11     -23.09     -29.25     72     0.059     0.941
   0.360000   37     102.32      74.79     -27.01     -32.58    662     0.050     0.950
   0.360000   38     114.11      81.86     -31.03     -36.10    890     0.042     0.958
   0.360000   39     125.90      88.92     -34.83     -39.48    273     0.036     0.964
   0.340000   36      90.53      70.78     -23.54     -29.70     43     0.058     0.942
   0.340000   37     102.32      74.60     -27.19     -32.76    456     0.049     0.951
   0.340000   38     114.11      81.63     -30.83     -35.91    978     0.042     0.958
   0.340000   39     125.90      89.26     -34.36     -39.05    394     0.036     0.964
   0.340000   40     137.69      96.46     -36.81     -41.31     28     0.032     0.968
   0.320000   36      90.53      71.75     -24.26     -30.38     13     0.057     0.943
   0.320000   37     102.32      74.08     -27.28     -32.85    298     0.050     0.950
   0.320000   38     114.11      81.86     -30.92     -36.00    993     0.042     0.958
   0.320000   39     125.90      89.24     -34.03     -38.72    589     0.036     0.964
   0.300000   37     102.32      74.37     -27.58     -33.15    186     0.049     0.951
   0.300000   38     114.11      81.64     -30.86     -35.94   1023     0.042     0.958
   0.300000   39     125.90      89.41     -33.91     -38.59    607     0.036     0.964
   0.300000   40     137.69      97.19     -36.93     -41.29     74     0.031     0.969
   0.280000   37     102.32      75.06     -27.83     -33.41    113     0.049     0.951
   0.280000   38     114.11      81.91     -31.01     -36.08    844     0.041     0.959
   0.280000   39     125.90      89.65     -34.02     -38.69    745     0.036     0.964
   0.280000   40     137.69      97.83     -36.56     -40.94    197     0.031     0.969
   0.260000   37     102.32      78.87     -28.69     -34.22     10     0.047     0.953
   0.260000   38     114.11      81.57     -31.23     -36.30    476     0.041     0.959
   0.260000   39     125.90      89.67     -33.91     -38.58    840     0.035     0.965
   0.260000   40     137.69      98.09     -36.66     -40.99    490     0.031     0.969
   0.260000   41     149.48     106.78     -39.55     -43.58     83     0.027     0.973
   0.240000   37     102.32      76.97     -28.85     -34.42     12     0.048     0.952
   0.240000   38     114.11      81.48     -31.46     -36.54    135     0.041     0.959
   0.240000   39     125.90      89.70     -34.25     -38.89    624     0.035     0.965
   0.240000   40     137.69      98.25     -36.67     -40.98    792     0.030     0.970
   0.240000   41     149.48     107.17     -39.38     -43.39    296     0.026     0.974
   0.240000   42     161.27     115.77     -41.41     -45.25     40     0.023     0.977
   0.220000   38     114.11      80.68     -31.98     -37.04     63     0.040     0.960
   0.220000   39     125.90      89.59     -34.31     -38.97    582     0.035     0.965
   0.220000   40     137.69      98.45     -36.64     -40.96    858     0.030     0.970
   0.220000   41     149.48     107.42     -38.97     -43.00    366     0.026     0.974
   0.220000   42     161.27     116.25     -41.39     -45.15     25     0.023     0.977
   0.200000   39     125.90      89.77     -34.67     -39.32    112     0.034     0.966
   0.200000   40     137.69      98.77     -36.85     -41.16    675     0.030     0.970
   0.200000   41     149.48     107.62     -39.05     -43.05    782     0.026     0.974
   0.200000   42     161.27     116.73     -41.02     -44.78    278     0.023     0.977
   0.200000   43     173.06     126.07     -43.49     -46.99     52     0.020     0.980
   0.180000   40     137.69      99.10     -37.26     -41.54    224     0.029     0.971
   0.180000   41     149.48     107.65     -39.15     -43.14    692     0.026     0.974
   0.180000   42     161.27     117.02     -41.01     -44.75    773     0.023     0.977
   0.180000   43     173.06     126.28     -42.92     -46.44    188     0.020     0.980
   0.180000   44     184.85     136.51     -45.18     -48.49     15     0.017     0.983
   0.160000   39     125.90      93.34     -35.73     -40.38     11     0.034     0.966
   0.160000   40     137.69      98.42     -37.46     -41.76    111     0.029     0.971
   0.160000   41     149.48     107.62     -39.31     -43.29    622     0.025     0.975
   0.160000   42     161.27     117.08     -40.87     -44.62    933     0.023     0.977
   0.160000   43     173.06     126.77     -42.67     -46.18    220     0.020     0.980
   0.140000   40     137.69      98.99     -37.95     -42.23     40     0.029     0.971
   0.140000   41     149.48     107.81     -39.45     -43.44    458     0.025     0.975
   0.140000   42     161.27     117.11     -40.88     -44.62    831     0.023     0.977
   0.140000   43     173.06     127.18     -42.40     -45.93    536     0.020     0.980
   0.140000   44     184.85     136.48     -43.47     -46.86     34     0.018     0.982
   0.120000   40     137.69      99.26     -38.18     -42.52     24     0.030     0.970
   0.120000   41     149.48     107.27     -39.81     -43.79    158     0.025     0.975
   0.120000   42     161.27     117.18     -41.00     -44.75    572     0.022     0.978
   0.120000   43     173.06     127.47     -42.38     -45.88    680     0.020     0.980
   0.120000   44     184.85     137.33     -43.63     -46.94    392     0.018     0.982
   0.120000   45     196.64     147.92     -45.12     -48.23     73     0.016     0.984
   0.100000   41     149.48     108.27     -40.17     -44.16     39     0.025     0.975
   0.100000   42     161.27     117.53     -41.32     -45.04    442     0.022     0.978
   0.100000   43     173.06     127.18     -42.29     -45.81    882     0.020     0.980
   0.100000   44     184.85     137.54     -43.39     -46.70    457     0.018     0.982
   0.100000   45     196.64     147.54     -44.44     -47.58     69     0.016     0.984
   0.100000   46     208.42     158.23     -45.34     -48.35     10     0.014     0.986
   0.080000   41     149.48     111.41     -40.67     -44.66     15     0.025     0.975
   0.080000   42     161.27     117.34     -41.54     -45.27    186     0.022     0.978
   0.080000   43     173.06     127.41     -42.38     -45.89    894     0.020     0.980
   0.080000   44     184.85     137.79     -43.23     -46.54    638     0.018     0.982
   0.080000   45     196.64     148.33     -44.12     -47.25    154     0.016     0.984
   0.080000   46     208.42     160.06     -45.10     -48.06     12     0.014     0.986
   0.060000   42     161.27     122.23     -41.97     -45.67     75     0.021     0.979
   0.060000   43     173.06     127.00     -42.49     -46.01    598     0.020     0.980
   0.060000   44     184.85     137.88     -43.15     -46.46    834     0.017     0.983
   0.060000   45     196.64     148.55     -43.81     -46.94    357     0.016     0.984
   0.060000   46     208.42     159.17     -44.31     -47.32     35     0.014     0.986
   0.040000   42     161.27     119.83     -42.35     -46.06     87     0.022     0.978
   0.040000   43     173.06     126.39     -42.73     -46.25    185     0.020     0.980
   0.040000   44     184.85     138.17     -43.21     -46.51    805     0.017     0.983
   0.040000   45     196.64     148.91     -43.64     -46.76    590     0.015     0.985
   0.040000   46     208.42     159.98     -44.05     -47.03    175     0.014     0.986
   0.040000   47     220.21     172.15     -44.59     -47.38     57     0.012     0.988
   0.020000   41     149.48     109.45     -42.62     -46.61     14     0.025     0.975
   0.020000   42     161.27     115.03     -42.84     -46.57     64     0.022     0.978
   0.020000   43     173.06     126.05     -43.04     -46.57    294     0.020     0.980
   0.020000   44     184.85     137.85     -43.28     -46.59    638     0.017     0.983
   0.020000   45     196.64     148.87     -43.48     -46.62    499     0.016     0.984
   0.020000   46     208.42     160.55     -43.74     -46.69    282     0.014     0.986
   0.020000   47     220.21     171.72     -43.93     -46.76    108     0.013     0.987
   0.000000   43     173.06     131.99     -43.56     -47.03     30     0.019     0.981
   0.000000   44     184.85     138.16     -43.56     -46.86    230     0.017     0.983
   0.000000   45     196.64     149.15     -43.56     -46.69    449     0.015     0.985
   0.000000   46     208.42     160.76     -43.56     -46.52    465     0.014     0.986
   0.000000   47     220.21     172.54     -43.56     -46.36    407     0.012     0.988
   0.000000   48     232.00     184.24     -43.56     -46.22    185     0.011     0.989
   0.000000   49     243.79     195.53     -43.56     -46.12     97     0.010     0.990
   0.000000   50     255.58     207.50     -43.56     -45.98     35     0.009     0.991


# Part 3: Bin-averaged summary:
# bin  energy gap  <dGg> <dGg norm> pts  <c1**2> <c2**2> <r_xy>
   1   -322.09     -1.93     44.92         62    0.994    0.006    3.704
   2   -310.30     -2.00     44.85         32    0.994    0.006    3.694
   3   -298.52     -2.08     44.77         38    0.993    0.007    3.785
   4   -286.73     -2.92     43.94         49    0.993    0.007    3.704
   5   -274.94     -2.34     44.51        211    0.992    0.008    3.693
   6   -263.15     -2.39     44.46        291    0.991    0.009    3.663
   7   -251.36     -2.46     44.40        275    0.990    0.010    3.864
   8   -239.57     -2.67     44.19        278    0.989    0.011    3.746
   9   -227.78     -2.79     44.06        321    0.988    0.012    3.656
  10   -215.99     -3.06     43.79        300    0.987    0.013    3.728
  11   -204.20     -3.04     43.81        376    0.986    0.014    3.659
  12   -192.41     -2.98     43.87        354    0.984    0.016    3.585
  13   -180.62     -2.90     43.96        419    0.982    0.018    3.558
  14   -168.83     -2.87     43.98        606    0.979    0.021    3.595
  15   -157.04     -2.77     44.08        968    0.976    0.024    3.596
  16   -145.25     -2.57     44.29       1628    0.972    0.028    3.605
  17   -133.47     -2.28     44.58       2056    0.968    0.032    3.594
  18   -121.68     -1.80     45.05       2980    0.962    0.038    3.559
  19   -109.89     -0.99     45.87       3431    0.955    0.045    3.537
  20    -98.10      0.09     46.94       3535    0.946    0.054    3.540
  21    -86.31      1.52     48.37       3466    0.932    0.068    3.600
  22    -74.52      3.20     50.05       3639    0.916    0.084    3.598
  23    -62.73      4.86     51.71       1094    0.894    0.106    3.575
  24    -50.94      6.74     53.59        160    0.858    0.142    3.487
  25    -39.15      8.00     54.85        220    0.810    0.190    3.339
  26    -27.36      8.65     55.50        611    0.732    0.268    3.348
  27    -15.57      8.27     55.12       1474    0.643    0.357    3.368
  28     -3.78      6.79     53.64       2303    0.535    0.465    3.359
  29      8.01      4.09     50.94       2313    0.422    0.578    3.372
  30     19.80      0.33     47.19       2219    0.317    0.683    3.398
  31     31.59     -4.04     42.81       2522    0.235    0.765    3.450
  32     43.37     -9.01     37.84       2819    0.172    0.828    3.493
  33     55.16    -14.00     32.85       3214    0.130    0.870    3.502
  34     66.95    -19.04     27.82       3773    0.100    0.900    3.499
  35     78.74    -23.77     23.09       3725    0.078    0.922    3.502
  36     90.53    -28.38     18.48       4033    0.062    0.938    3.423
  37    102.32    -32.51     14.34       5181    0.051    0.949    3.438
  38    114.11    -36.03     10.82       6775    0.042    0.958    3.601
  39    125.90    -38.84      8.01       4944    0.036    0.964    3.648
  40    137.69    -41.10      5.75       3513    0.030    0.970    3.558
  41    149.48    -43.26      3.59       3525    0.026    0.974    3.611
  42    161.27    -44.83      2.03       4306    0.022    0.978    3.793
  43    173.06    -46.01      0.85       4559    0.020    0.980    3.949
  44    184.85    -46.61      0.24       4043    0.017    0.983    4.016
  45    196.64    -46.85      0.00       2191    0.016    0.984    3.983
  46    208.42    -46.72      0.13        979    0.014    0.986    3.917
  47    220.21    -46.54      0.32        572    0.012    0.988    4.019
  48    232.00    -46.22      0.63        185    0.011    0.989    3.972
  49    243.79    -46.12      0.74         97    0.010    0.990    3.974
  50    255.58    -45.98      0.87         35    0.009    0.991    3.543
