# Qfep                       version 5.10.24 , gi(modified on 20240701                                                                        )

--> Number of energy files: # Number of files                 =    51
--> No. of states, no. of predefined off-diag elements: # Number of states                 =     2
# Number of off-diagonal elements =     0
--> Give kT & no, of pts to skip   & calculation mode: # kT                              = 0.596
# Number of data points to skip   =   100
# Only QQ interactions will be considered   =   0
--> Give number of gap-bins: # Number of gap-bins              =    50
--> Give minimum # pts/bin: # Minimum number of points per bin=    10
--> Give alpha for state  2:                                                    # Alpha for state  2              =    30.00
--> Number of off-diagonal elements:# Number of off-diagonal elements =     1
#   i   j   A(i,j)  mu(i,j) eta(i,j) rxy0(i,j)
--> i, j, A_ij, mu_ij, eta_ij, r_xy0: #   1   2     25.00      0.00      0.00      0.00
--> linear combination of states defining reaction coord: # Linear combination co-efficients=  1.00 -1.00


# Part 0: Average energies for all states in all files
# file             state   pts   lambda    EQtot   EQbond  EQang   EQtor   EQimp    EQel   EQvdW  Eel_qq  EvdW_qq Eel_qp  EvdW_qp Eel_qw EvdW_qw Eqrstr
--> Name of file number   1:                                                     
# Energy files from Qdyn, version: 5.10.17 , git id=9325b9c29ad62a733df16f540968e33ee6c78260                       
rep5_fep_000_1.000.en   1      1899  1.000000  -288.47  -180.86     2.94    -3.29     0.10   -89.53   -19.59   -16.10    -0.25   -45.40   -19.00   -28.03    -0.34     1.77
rep5_fep_000_1.000.en   2      1899  0.000000   -87.11     0.22    96.80     2.89     0.04  -210.77     9.12  -130.54    27.33   -42.64   -17.95   -37.58    -0.26    14.59
--> Name of file number   2:                                                     
# Energy files from Qdyn, version: 5.10.17 , git id=9325b9c29ad62a733df16f540968e33ee6c78260                       
rep5_fep_001_0.980.en   1      1899  0.980000  -286.27  -181.12     2.68    -3.11     0.14   -85.72   -20.35   -17.18    -0.38   -43.15   -19.23   -25.38    -0.74     1.20
rep5_fep_001_0.980.en   2      1899  0.020000  -102.96     0.04    78.12     3.75     0.06  -205.94     8.09  -132.53    27.08   -40.73   -18.31   -32.68    -0.67    12.92
--> Name of file number   3:                                                     
# Energy files from Qdyn, version: 5.10.17 , git id=9325b9c29ad62a733df16f540968e33ee6c78260                       
rep5_fep_002_0.960.en   1      1899  0.960000  -287.51  -181.01     2.62    -3.24     0.08   -85.96   -20.87   -17.50    -0.37   -44.52   -19.35   -23.93    -1.15     0.87
rep5_fep_002_0.960.en   2      1899  0.040000  -130.81   -16.47    63.88     1.67     0.03  -198.43     7.97  -124.52    27.46   -40.98   -18.40   -32.94    -1.08    10.54
--> Name of file number   4:                                                     
# Energy files from Qdyn, version: 5.10.17 , git id=9325b9c29ad62a733df16f540968e33ee6c78260                       
rep5_fep_003_0.940.en   1      1899  0.940000  -290.18  -180.75     2.51    -2.78     0.17   -90.21   -20.06   -17.19    -0.69   -45.57   -18.75   -27.45    -0.63     0.94
rep5_fep_003_0.940.en   2      1899  0.060000  -137.34   -16.95    60.30     1.63     0.07  -201.79     7.41  -124.42    25.67   -42.49   -17.71   -34.88    -0.54    11.99
--> Name of file number   5:                                                     
# Energy files from Qdyn, version: 5.10.17 , git id=9325b9c29ad62a733df16f540968e33ee6c78260                       
rep5_fep_004_0.920.en   1      1899  0.920000  -291.75  -180.84     2.49    -3.00     0.18   -91.19   -20.26   -16.90    -0.43   -44.90   -19.38   -29.39    -0.45     0.87
rep5_fep_004_0.920.en   2      1899  0.080000  -137.86   -19.49    64.80     1.47     0.07  -203.79     6.59  -124.23    25.46   -42.21   -18.50   -37.35    -0.37    12.48
--> Name of file number   6:                                                     
# Energy files from Qdyn, version: 5.10.17 , git id=9325b9c29ad62a733df16f540968e33ee6c78260                       
rep5_fep_005_0.900.en   1      1899  0.900000  -289.49  -180.64     2.59    -2.82     0.13   -90.08   -19.21   -17.79     0.26   -44.60   -19.41   -27.70    -0.06     0.54
rep5_fep_005_0.900.en   2      1899  0.100000  -156.08   -29.71    54.80     1.25     0.05  -200.23     7.89  -121.22    26.38   -40.64   -18.52   -38.37     0.02     9.87
--> Name of file number   7:                                                     
# Energy files from Qdyn, version: 5.10.17 , git id=9325b9c29ad62a733df16f540968e33ee6c78260                       
rep5_fep_006_0.880.en   1      1899  0.880000  -283.52  -180.09     3.71    -2.39     0.12   -90.54   -14.60   -20.88     2.33   -47.63   -16.67   -22.03    -0.25     0.27
rep5_fep_006_0.880.en   2      1899  0.120000  -204.91   -37.45    16.91    -2.60     0.05  -205.69    10.88  -131.28    26.74   -41.56   -15.62   -32.84    -0.24    13.00
--> Name of file number   8:                                                     
# Energy files from Qdyn, version: 5.10.17 , git id=9325b9c29ad62a733df16f540968e33ee6c78260                       
rep5_fep_007_0.860.en   1      1899  0.860000  -281.76  -179.75     3.78    -2.51     0.14   -89.28   -14.36   -21.30     2.91   -46.34   -17.60   -21.64     0.32     0.22
rep5_fep_007_0.860.en   2      1899  0.140000  -209.91   -42.79    17.03    -2.29     0.06  -204.25    10.62  -130.02    26.83   -39.09   -16.54   -35.14     0.34    11.70
--> Name of file number   9:                                                     
# Energy files from Qdyn, version: 5.10.17 , git id=9325b9c29ad62a733df16f540968e33ee6c78260                       
rep5_fep_008_0.840.en   1      1899  0.840000  -281.98  -179.07     4.10    -2.34     0.17   -90.56   -14.46   -19.77     2.73   -47.83   -17.05   -22.96    -0.14     0.19
rep5_fep_008_0.840.en   2      1899  0.160000  -215.95   -46.63    16.43    -1.34     0.07  -205.35     9.97  -124.54    26.13   -42.72   -16.03   -38.09    -0.12    10.91
--> Name of file number  10:                                                     
# Energy files from Qdyn, version: 5.10.17 , git id=9325b9c29ad62a733df16f540968e33ee6c78260                       
rep5_fep_009_0.820.en   1      1899  0.820000  -279.12  -178.46     4.16    -1.84     0.14   -89.74   -13.42   -24.51     4.52   -44.07   -17.68   -21.15    -0.26     0.04
rep5_fep_009_0.820.en   2      1899  0.180000  -229.55   -62.60    13.19    -0.48     0.06  -195.60     9.73  -120.37    26.71   -39.14   -16.74   -36.09    -0.24     6.16
--> Name of file number  11:                                                     
# Energy files from Qdyn, version: 5.10.17 , git id=9325b9c29ad62a733df16f540968e33ee6c78260                       
rep5_fep_010_0.800.en   1      1899  0.800000  -275.11  -176.91     4.26    -2.53     0.09   -88.79   -11.22   -32.13     9.35   -42.80   -18.40   -13.86    -2.17     0.00
rep5_fep_010_0.800.en   2      1899  0.200000  -260.56  -101.06     8.70     0.51     0.03  -176.85     8.09  -108.04    27.87   -40.41   -17.60   -28.41    -2.17     0.01
--> Name of file number  12:                                                     
# Energy files from Qdyn, version: 5.10.17 , git id=9325b9c29ad62a733df16f540968e33ee6c78260                       
rep5_fep_011_0.780.en   1      1899  0.780000  -274.20  -175.37     4.31    -2.25     0.08   -91.36    -9.61   -32.83    10.28   -44.47   -18.01   -14.06    -1.88     0.00
rep5_fep_011_0.780.en   2      1899  0.220000  -263.70  -103.74     9.24     0.16     0.03  -177.95     8.54  -106.95    27.69   -42.30   -17.27   -28.70    -1.88     0.01
--> Name of file number  13:                                                     
# Energy files from Qdyn, version: 5.10.17 , git id=9325b9c29ad62a733df16f540968e33ee6c78260                       
rep5_fep_012_0.760.en   1      1899  0.760000  -272.02  -173.68     3.80    -2.25     0.10   -92.62    -7.36   -35.59    11.69   -43.15   -17.33   -13.88    -1.72     0.00
rep5_fep_012_0.760.en   2      1899  0.240000  -270.35  -107.53     8.64    -0.80     0.04  -180.09     9.37  -110.11    27.72   -40.07   -16.62   -29.91    -1.73     0.01
--> Name of file number  14:                                                     
# Energy files from Qdyn, version: 5.10.17 , git id=9325b9c29ad62a733df16f540968e33ee6c78260                       
rep5_fep_013_0.740.en   1      1899  0.740000  -272.26  -173.05     3.92    -1.95     0.10   -95.71    -5.58   -35.79    12.72   -45.82   -17.13   -14.10    -1.17     0.00
rep5_fep_013_0.740.en   2      1899  0.260000  -281.88  -115.35     7.07    -1.26     0.04  -182.16     9.79  -107.33    27.35   -44.30   -16.37   -30.53    -1.18     0.00
--> Name of file number  15:                                                     
# Energy files from Qdyn, version: 5.10.17 , git id=9325b9c29ad62a733df16f540968e33ee6c78260                       
rep5_fep_014_0.720.en   1      1899  0.720000  -270.67  -170.72     4.76    -2.03     0.09   -97.34    -5.44   -36.74    13.60   -45.65   -17.84   -14.94    -1.19     0.00
rep5_fep_014_0.720.en   2      1899  0.280000  -284.44  -120.19     8.85    -0.83     0.04  -180.97     8.67  -105.74    26.96   -44.54   -17.09   -30.68    -1.21     0.00
--> Name of file number  16:                                                     
# Energy files from Qdyn, version: 5.10.17 , git id=9325b9c29ad62a733df16f540968e33ee6c78260                       
rep5_fep_015_0.700.en   1      1899  0.700000  -267.78  -169.73     4.14    -1.86     0.07   -97.40    -3.01   -39.14    15.26   -43.45   -17.20   -14.80    -1.08     0.00
rep5_fep_015_0.700.en   2      1899  0.300000  -291.24  -127.55     7.66    -2.18     0.03  -178.91     9.71  -106.04    27.34   -42.04   -16.53   -30.83    -1.10     0.00
--> Name of file number  17:                                                     
# Energy files from Qdyn, version: 5.10.17 , git id=9325b9c29ad62a733df16f540968e33ee6c78260                       
rep5_fep_016_0.680.en   1      1899  0.680000  -268.56  -168.37     4.13    -1.78     0.08   -99.61    -3.01   -39.04    15.91   -46.30   -17.41   -14.27    -1.51     0.00
rep5_fep_016_0.680.en   2      1899  0.320000  -299.95  -132.37     7.34    -2.00     0.03  -181.41     8.44  -103.28    26.64   -47.60   -16.67   -30.54    -1.52     0.00
--> Name of file number  18:                                                     
# Energy files from Qdyn, version: 5.10.17 , git id=9325b9c29ad62a733df16f540968e33ee6c78260                       
rep5_fep_017_0.660.en   1      1899  0.660000  -263.03  -164.15     3.95    -1.11     0.08  -101.48    -0.32   -43.04    17.90   -44.73   -16.79   -13.71    -1.43     0.00
rep5_fep_017_0.660.en   2      1899  0.340000  -307.62  -138.81     7.37    -3.11     0.03  -182.36     9.25  -106.72    26.83   -46.28   -16.13   -29.36    -1.45     0.00
--> Name of file number  19:                                                     
# Energy files from Qdyn, version: 5.10.17 , git id=9325b9c29ad62a733df16f540968e33ee6c78260                       
rep5_fep_018_0.640.en   1      1899  0.640000  -259.30  -159.85     4.56    -1.83     0.07  -101.70    -0.55   -44.01    18.05   -43.67   -16.70   -14.02    -1.90     0.00
rep5_fep_018_0.640.en   2      1899  0.360000  -310.79  -146.88     8.47    -2.47     0.03  -177.47     7.54  -101.56    25.49   -43.48   -16.04   -32.43    -1.91     0.00
--> Name of file number  20:                                                     
# Energy files from Qdyn, version: 5.10.17 , git id=9325b9c29ad62a733df16f540968e33ee6c78260                       
rep5_fep_019_0.620.en   1      1899  0.620000  -255.30  -155.74     3.94    -2.09     0.05  -101.82     0.35   -46.56    19.19   -42.21   -17.25   -13.04    -1.59     0.00
rep5_fep_019_0.620.en   2      1899  0.380000  -316.67  -153.50     8.34    -2.79     0.02  -175.68     6.94  -101.71    25.07   -42.49   -16.53   -31.48    -1.60     0.00
--> Name of file number  21:                                                     
# Energy files from Qdyn, version: 5.10.17 , git id=9325b9c29ad62a733df16f540968e33ee6c78260                       
rep5_fep_020_0.600.en   1      1899  0.600000  -249.42  -150.21     3.85    -1.12     0.09  -104.58     2.55   -49.40    20.50   -41.57   -16.67   -13.62    -1.28     0.00
rep5_fep_020_0.600.en   2      1899  0.400000  -324.60  -158.99     7.27    -3.07     0.03  -177.08     7.23  -102.31    24.51   -42.07   -15.98   -32.70    -1.30     0.00
--> Name of file number  22:                                                     
# Energy files from Qdyn, version: 5.10.17 , git id=9325b9c29ad62a733df16f540968e33ee6c78260                       
rep5_fep_021_0.580.en   1      1899  0.580000  -252.54  -146.20     4.05    -2.71     0.05  -108.92     1.19   -50.62    20.02   -41.85   -17.71   -16.45    -1.13     0.01
rep5_fep_021_0.580.en   2      1899  0.420000  -331.08  -163.50     7.43    -2.83     0.02  -176.97     4.77   -98.19    22.96   -39.87   -17.04   -38.91    -1.14     0.00
--> Name of file number  23:                                                     
# Energy files from Qdyn, version: 5.10.17 , git id=9325b9c29ad62a733df16f540968e33ee6c78260                       
rep5_fep_022_0.560.en   1      1899  0.560000  -246.08  -141.50     4.10    -2.21     0.08  -108.29     1.72   -53.87    20.80   -40.47   -17.26   -13.96    -1.82     0.01
rep5_fep_022_0.560.en   2      1899  0.440000  -334.30  -168.51     6.66    -3.31     0.03  -173.37     4.19   -99.73    22.56   -40.50   -16.54   -33.14    -1.82     0.00
--> Name of file number  24:                                                     
# Energy files from Qdyn, version: 5.10.17 , git id=9325b9c29ad62a733df16f540968e33ee6c78260                       
rep5_fep_023_0.540.en   1      1899  0.540000  -241.84  -138.06     4.57    -1.02     0.09  -111.02     3.58   -54.14    21.60   -40.23   -17.66   -16.65    -0.36     0.01
rep5_fep_023_0.540.en   2      1899  0.460000  -337.97  -170.44     7.39    -2.73     0.03  -177.79     5.55   -99.57    22.94   -39.71   -17.01   -38.51    -0.37     0.00
--> Name of file number  25:                                                     
# Energy files from Qdyn, version: 5.10.17 , git id=9325b9c29ad62a733df16f540968e33ee6c78260                       
rep5_fep_024_0.520.en   1      1899  0.520000  -242.33  -134.19     4.06    -2.31     0.07  -111.70     1.72   -51.34    19.96   -40.55   -17.15   -19.81    -1.09     0.02
rep5_fep_024_0.520.en   2      1899  0.480000  -341.65  -172.92     8.44     1.53     0.03  -182.70     3.97  -109.14    21.54   -40.58   -16.47   -32.98    -1.09     0.00
--> Name of file number  26:                                                     
# Energy files from Qdyn, version: 5.10.17 , git id=9325b9c29ad62a733df16f540968e33ee6c78260                       
rep5_fep_025_0.500.en   1      1899  0.500000  -244.07  -129.27     4.89    -2.46     0.05  -118.50     1.20   -51.61    18.94   -43.83   -18.02   -23.06     0.27     0.02
rep5_fep_025_0.500.en   2      1899  0.500000  -347.19  -176.44     8.36     1.83     0.02  -182.95     2.00   -97.26    18.95   -46.58   -17.22   -39.11     0.27     0.00
--> Name of file number  27:                                                     
# Energy files from Qdyn, version: 5.10.17 , git id=9325b9c29ad62a733df16f540968e33ee6c78260                       
rep5_fep_026_0.480.en   1      1899  0.480000  -249.04  -126.86     4.19    -2.28     0.06  -126.92     2.75   -52.56    18.54   -44.74   -18.38   -29.62     2.59     0.02
rep5_fep_026_0.480.en   2      1899  0.520000  -366.22  -180.35     7.66     0.72     0.02  -197.33     3.06   -90.93    18.10   -49.24   -17.63   -57.16     2.60     0.00
--> Name of file number  28:                                                     
# Energy files from Qdyn, version: 5.10.17 , git id=9325b9c29ad62a733df16f540968e33ee6c78260                       
rep5_fep_027_0.460.en   1      1899  0.460000  -247.82  -125.30     3.78    -1.68     0.05  -127.06     2.36   -53.17    18.63   -42.57   -19.34   -31.32     3.07     0.02
rep5_fep_027_0.460.en   2      1899  0.540000  -365.06  -183.37     6.75     1.53     0.02  -192.01     2.01   -89.58    17.51   -42.41   -18.56   -60.02     3.06     0.00
--> Name of file number  29:                                                     
# Energy files from Qdyn, version: 5.10.17 , git id=9325b9c29ad62a733df16f540968e33ee6c78260                       
rep5_fep_028_0.440.en   1      1899  0.440000  -244.17  -123.46     3.58    -1.76     0.04  -124.75     2.16   -53.61    18.44   -41.74   -18.83   -29.40     2.54     0.03
rep5_fep_028_0.440.en   2      1899  0.560000  -363.79  -182.97     6.42     2.67     0.02  -191.03     1.10   -91.90    16.60   -42.40   -18.03   -56.72     2.53     0.00
--> Name of file number  30:                                                     
# Energy files from Qdyn, version: 5.10.17 , git id=9325b9c29ad62a733df16f540968e33ee6c78260                       
rep5_fep_029_0.420.en   1      1899  0.420000  -241.45  -120.82     3.89    -2.12     0.05  -123.78     1.29   -54.28    18.58   -42.79   -18.79   -26.71     1.50     0.04
rep5_fep_029_0.420.en   2      1899  0.580000  -361.17  -184.33     6.69     2.11     0.02  -185.34    -0.32   -90.49    16.21   -44.19   -18.00   -50.66     1.48     0.00
--> Name of file number  31:                                                     
# Energy files from Qdyn, version: 5.10.17 , git id=9325b9c29ad62a733df16f540968e33ee6c78260                       
rep5_fep_030_0.400.en   1      1899  0.400000  -241.43  -118.35     4.17    -2.04     0.10  -125.90     0.56   -55.04    18.22   -44.18   -19.09   -26.68     1.42     0.04
rep5_fep_030_0.400.en   2      1899  0.600000  -364.56  -185.85     6.37     2.43     0.04  -185.57    -1.99   -87.69    14.83   -47.32   -18.21   -50.56     1.39     0.00
--> Name of file number  32:                                                     
# Energy files from Qdyn, version: 5.10.17 , git id=9325b9c29ad62a733df16f540968e33ee6c78260                       
rep5_fep_031_0.380.en   1      1899  0.380000  -237.12  -113.85     3.81    -1.99     0.07  -126.87     1.67   -56.41    18.35   -41.93   -18.53   -28.53     1.84     0.05
rep5_fep_031_0.380.en   2      1899  0.620000  -369.20  -188.02     5.53     3.19     0.03  -188.12    -1.80   -88.23    14.04   -45.98   -17.65   -53.92     1.81     0.00
--> Name of file number  33:                                                     
# Energy files from Qdyn, version: 5.10.17 , git id=9325b9c29ad62a733df16f540968e33ee6c78260                       
rep5_fep_032_0.360.en   1      1899  0.360000  -236.13  -113.44     3.86    -2.17     0.06  -125.67     1.17   -56.72    18.38   -40.90   -18.92   -28.05     1.71     0.05
rep5_fep_032_0.360.en   2      1899  0.640000  -371.20  -189.78     5.15     2.82     0.02  -186.90    -2.51   -87.59    13.86   -44.77   -18.04   -54.54     1.67     0.00
--> Name of file number  34:                                                     
# Energy files from Qdyn, version: 5.10.17 , git id=9325b9c29ad62a733df16f540968e33ee6c78260                       
rep5_fep_033_0.340.en   1      1899  0.340000  -233.33  -110.57     4.34    -2.02     0.07  -126.09     0.87   -57.11    18.23   -41.48   -18.57   -27.50     1.21     0.08
rep5_fep_033_0.340.en   2      1899  0.660000  -371.39  -190.41     5.78     2.94     0.03  -186.56    -3.15   -87.91    13.40   -47.10   -17.72   -51.56     1.17     0.00
--> Name of file number  35:                                                     
# Energy files from Qdyn, version: 5.10.17 , git id=9325b9c29ad62a733df16f540968e33ee6c78260                       
rep5_fep_034_0.320.en   1      1899  0.320000  -230.57  -107.88     4.49    -2.23     0.07  -126.56     1.44   -57.18    18.06   -41.82   -18.68   -27.56     2.07     0.10
rep5_fep_034_0.320.en   2      1899  0.680000  -371.81  -190.63     5.47     2.23     0.03  -185.76    -3.16   -84.93    12.63   -48.14   -17.81   -52.69     2.02     0.00
--> Name of file number  36:                                                     
# Energy files from Qdyn, version: 5.10.17 , git id=9325b9c29ad62a733df16f540968e33ee6c78260                       
rep5_fep_035_0.300.en   1      1899  0.300000  -227.47  -104.96     4.51    -1.88     0.09  -126.78     1.45   -57.75    18.19   -42.36   -18.26   -26.67     1.53     0.11
rep5_fep_035_0.300.en   2      1899  0.700000  -371.37  -191.91     5.19     2.95     0.03  -183.91    -3.72   -85.04    12.17   -47.90   -17.39   -50.97     1.50     0.00
--> Name of file number  37:                                                     
# Energy files from Qdyn, version: 5.10.17 , git id=9325b9c29ad62a733df16f540968e33ee6c78260                       
rep5_fep_036_0.280.en   1      1899  0.280000  -228.55  -101.97     4.64    -1.96     0.07  -131.32     1.85   -58.43    18.17   -43.17   -18.40   -29.71     2.07     0.14
rep5_fep_036_0.280.en   2      1899  0.720000  -381.18  -193.50     5.48     2.89     0.03  -192.26    -3.81   -83.98    11.69   -48.63   -17.52   -59.65     2.02     0.00
--> Name of file number  38:                                                     
# Energy files from Qdyn, version: 5.10.17 , git id=9325b9c29ad62a733df16f540968e33ee6c78260                       
rep5_fep_037_0.260.en   1      1899  0.260000  -226.64  -100.30     4.52    -1.66     0.08  -133.07     3.64   -58.55    18.54   -41.94   -18.03   -32.58     3.13     0.15
rep5_fep_037_0.260.en   2      1899  0.740000  -385.63  -194.46     5.10     3.62     0.03  -197.63    -2.31   -84.90    11.76   -47.56   -17.14   -65.17     3.08     0.00
--> Name of file number  39:                                                     
# Energy files from Qdyn, version: 5.10.17 , git id=9325b9c29ad62a733df16f540968e33ee6c78260                       
rep5_fep_038_0.240.en   1      1899  0.240000  -224.14   -97.61     5.32    -1.51     0.09  -134.52     3.92   -59.35    18.28   -43.37   -17.26   -31.81     2.90     0.18
rep5_fep_038_0.240.en   2      1899  0.760000  -382.51  -193.99     5.05     2.88     0.04  -194.05    -2.44   -86.53    11.08   -47.16   -16.36   -60.35     2.85     0.00
--> Name of file number  40:                                                     
# Energy files from Qdyn, version: 5.10.17 , git id=9325b9c29ad62a733df16f540968e33ee6c78260                       
rep5_fep_039_0.220.en   1      1899  0.220000  -220.32   -97.71     5.21    -1.88     0.05  -132.46     6.31   -58.99    18.77   -41.73   -16.79   -31.74     4.33     0.17
rep5_fep_039_0.220.en   2      1899  0.780000  -384.30  -195.40     4.63     1.51     0.02  -194.78    -0.28   -82.34    11.40   -49.52   -15.99   -62.92     4.31     0.00
--> Name of file number  41:                                                     
# Energy files from Qdyn, version: 5.10.17 , git id=9325b9c29ad62a733df16f540968e33ee6c78260                       
rep5_fep_040_0.200.en   1      1899  0.200000  -221.80   -92.97     5.78    -1.31     0.06  -137.66     4.07   -59.55    18.44   -43.19   -18.86   -34.93     4.50     0.23
rep5_fep_040_0.200.en   2      1899  0.800000  -392.76  -196.03     4.49     1.70     0.03  -199.65    -3.30   -79.90    10.24   -45.11   -18.01   -74.64     4.48     0.00
--> Name of file number  42:                                                     
# Energy files from Qdyn, version: 5.10.17 , git id=9325b9c29ad62a733df16f540968e33ee6c78260                       
rep5_fep_041_0.180.en   1      1899  0.180000  -215.17   -87.59     6.42    -1.42     0.06  -137.94     4.98   -60.17    18.20   -42.03   -18.09   -35.74     4.87     0.31
rep5_fep_041_0.180.en   2      1899  0.820000  -397.63  -196.40     4.70     1.73     0.03  -204.62    -3.06   -79.39     9.35   -47.65   -17.26   -77.58     4.85     0.00
--> Name of file number  43:                                                     
# Energy files from Qdyn, version: 5.10.17 , git id=9325b9c29ad62a733df16f540968e33ee6c78260                       
rep5_fep_042_0.160.en   1      1899  0.160000  -215.76   -87.39     5.93    -2.13     0.03  -137.62     5.14   -60.46    18.85   -41.62   -18.52   -35.54     4.81     0.28
rep5_fep_042_0.160.en   2      1899  0.840000  -399.30  -197.12     4.21     1.04     0.01  -203.94    -3.49   -79.79     9.35   -47.23   -17.65   -76.92     4.80     0.00
--> Name of file number  44:                                                     
# Energy files from Qdyn, version: 5.10.17 , git id=9325b9c29ad62a733df16f540968e33ee6c78260                       
rep5_fep_043_0.140.en   1      1899  0.140000  -210.24   -85.07     6.60    -1.43     0.04  -136.11     5.40   -61.03    19.56   -40.57   -18.85   -34.50     4.69     0.32
rep5_fep_043_0.140.en   2      1899  0.860000  -395.45  -197.97     3.82     2.74     0.02  -199.34    -4.72   -80.81     8.58   -43.44   -17.99   -75.09     4.70     0.00
--> Name of file number  45:                                                     
# Energy files from Qdyn, version: 5.10.17 , git id=9325b9c29ad62a733df16f540968e33ee6c78260                       
rep5_fep_044_0.120.en   1      1899  0.120000  -196.73   -66.65     7.37    -1.46     0.08  -145.29     6.28   -64.83    18.68   -46.11   -16.95   -34.35     4.55     2.94
rep5_fep_044_0.120.en   2      1899  0.880000  -399.75  -198.18     3.61     0.65     0.03  -200.85    -5.03   -73.72     6.40   -52.56   -15.98   -74.57     4.56     0.01
--> Name of file number  46:                                                     
# Energy files from Qdyn, version: 5.10.17 , git id=9325b9c29ad62a733df16f540968e33ee6c78260                       
rep5_fep_045_0.100.en   1      1899  0.100000  -187.25   -50.12     7.51    -1.40     0.05  -155.99     6.54   -68.67    18.48   -52.34   -16.63   -34.98     4.69     6.18
rep5_fep_045_0.100.en   2      1899  0.900000  -404.26  -198.72     3.70    -2.65     0.02  -200.56    -6.05   -66.84     4.65   -58.79   -15.39   -74.93     4.69     0.00
--> Name of file number  47:                                                     
# Energy files from Qdyn, version: 5.10.17 , git id=9325b9c29ad62a733df16f540968e33ee6c78260                       
rep5_fep_046_0.080.en   1      1899  0.080000  -185.33   -46.58     7.35    -1.66     0.05  -157.23     5.99   -69.12    18.73   -52.85   -16.75   -35.26     4.01     6.76
rep5_fep_046_0.080.en   2      1899  0.920000  -408.33  -199.63     3.73    -2.95     0.02  -202.02    -7.48   -64.26     4.10   -63.31   -15.60   -74.46     4.02     0.00
--> Name of file number  48:                                                     
# Energy files from Qdyn, version: 5.10.17 , git id=9325b9c29ad62a733df16f540968e33ee6c78260                       
rep5_fep_047_0.060.en   1      1899  0.060000  -175.54   -46.55    11.09    -1.24     0.08  -153.23     8.71   -68.49    19.73   -50.88   -15.06   -33.86     4.04     5.59
rep5_fep_047_0.060.en   2      1899  0.940000  -402.63  -199.86     4.17    -2.25     0.03  -198.79    -5.93   -66.58     3.98   -61.61   -13.95   -70.59     4.04     0.00
--> Name of file number  49:                                                     
# Energy files from Qdyn, version: 5.10.17 , git id=9325b9c29ad62a733df16f540968e33ee6c78260                       
rep5_fep_048_0.040.en   1      1899  0.040000  -175.79   -42.71    10.44    -0.92     0.10  -158.63     9.48   -68.84    20.06   -55.39   -14.68   -34.39     4.10     6.45
rep5_fep_048_0.040.en   2      1899  0.960000  -408.85  -199.63     4.57    -2.31     0.04  -205.68    -5.84   -64.26     3.49   -69.12   -13.45   -72.30     4.12     0.00
--> Name of file number  50:                                                     
# Energy files from Qdyn, version: 5.10.17 , git id=9325b9c29ad62a733df16f540968e33ee6c78260                       
rep5_fep_049_0.020.en   1      1899  0.020000  -172.06   -39.96    12.52    -1.05     0.08  -159.57     9.43   -69.35    21.56   -54.58   -15.95   -35.64     3.82     6.49
rep5_fep_049_0.020.en   2      1899  0.980000  -416.36  -200.54     3.29    -2.01     0.03  -209.12    -8.02   -63.03     2.95   -68.69   -14.81   -77.40     3.83     0.00
--> Name of file number  51:                                                     
# Energy files from Qdyn, version: 5.10.17 , git id=9325b9c29ad62a733df16f540968e33ee6c78260                       
rep5_fep_050_0.000.en   1      1899  0.000000  -164.58   -36.64    16.39    -0.53     0.11  -165.48    13.26   -70.55    21.56   -54.64   -14.63   -40.29     6.33     8.30
rep5_fep_050_0.000.en   2      1899  1.000000  -419.31  -200.35     4.04    -2.97     0.05  -215.32    -4.76   -63.13     2.32   -68.25   -13.40   -83.94     6.32     0.00


# Part 1: Free energy perturbation summary:

# Calculation for full system
# lambda(1)      dGf sum(dGf)      dGr sum(dGr)     <dG>
   1.000000     0.000     0.000    -4.411    46.490     0.000
   0.980000     4.512     4.512    -3.834    50.901     4.462
   0.960000     4.142     8.655    -3.694    54.735     8.450
   0.940000     3.630    12.285    -3.716    58.429    12.112
   0.920000     3.623    15.907    -3.373    62.145    15.781
   0.900000     3.635    19.542    -2.221    65.518    19.285
   0.880000     3.118    22.660    -2.070    67.739    21.955
   0.860000     2.124    24.783    -1.962    69.809    24.052
   0.840000     2.005    26.788    -1.701    71.771    26.035
   0.820000     1.878    28.667    -0.931    73.473    27.825
   0.800000     1.464    30.130    -0.861    74.403    29.022
   0.780000     0.849    30.980    -0.722    75.264    29.877
   0.760000     0.758    31.738    -0.457    75.986    30.617
   0.740000     0.538    32.276    -0.393    76.443    31.115
   0.720000     0.357    32.634    -0.191    76.836    31.490
   0.700000     0.259    32.893    -0.014    77.026    31.715
   0.680000     0.070    32.962     0.212    77.041    31.757
   0.660000    -0.068    32.894     0.345    76.828    31.617
   0.640000    -0.367    32.527     0.556    76.483    31.260
   0.620000    -0.514    32.012     0.844    75.927    30.725
   0.600000    -0.693    31.319     0.911    75.083    29.956
   0.580000    -0.961    30.359     1.115    74.173    29.021
   0.560000    -1.026    29.333     1.265    73.057    27.950
   0.540000    -1.216    28.116     1.293    71.792    26.709
   0.520000    -1.375    26.741     1.412    70.498    25.375
   0.500000    -1.464    25.277     1.695    69.087    23.937
   0.480000    -1.508    23.769     1.713    67.392    22.336
   0.460000    -1.790    21.979     1.765    65.679    20.584
   0.440000    -1.778    20.201     1.761    63.914    18.813
   0.420000    -1.820    18.381     1.834    62.153    17.022
   0.400000    -1.829    16.552     2.019    60.319    15.191
   0.380000    -1.892    14.660     2.083    58.300    13.235
   0.360000    -2.064    12.596     2.138    56.217    11.162
   0.340000    -2.119    10.477     2.187    54.079     9.033
   0.320000    -2.186     8.291     2.255    51.892     6.847
   0.300000    -2.264     6.027     2.427    49.637     4.587
   0.280000    -2.301     3.726     2.559    47.210     2.223
   0.260000    -2.477     1.249     2.536    44.651    -0.295
   0.240000    -2.602    -1.353     2.643    42.115    -2.864
   0.220000    -2.598    -3.951     2.778    39.472    -5.484
   0.200000    -2.717    -6.668     3.019    36.694    -8.232
   0.180000    -2.863    -9.531     3.040    33.675   -11.173
   0.160000    -3.080   -12.611     3.078    30.635   -14.233
   0.140000    -3.102   -15.714     3.406    27.557   -17.323
   0.120000    -3.130   -18.844     3.709    24.150   -20.592
   0.100000    -3.513   -22.357     3.836    20.441   -24.202
   0.080000    -3.773   -26.130     3.899    16.605   -28.007
   0.060000    -3.884   -30.014     4.029    12.705   -31.899
   0.040000    -3.990   -34.004     4.250     8.676   -35.908
   0.020000    -4.096   -38.099     4.426     4.426   -40.081
   0.000000    -4.326   -42.425     0.000     0.000   -44.457

# Min energy-gap is:   -286.92
# Max energy-gap is:    267.51



# Part 2: Reaction free energy summary:
# Lambda(1)  bin Energy gap      dGa     dGb     dGg    # pts    c1**2    c2**2
   1.000000    1    -281.38       0.00     277.57      -2.22     49     0.992     0.008
   1.000000    2    -270.29       0.00     266.98      -2.28     52     0.992     0.008
   1.000000    3    -259.20       0.00     255.14      -2.41    109     0.991     0.009
   1.000000    4    -248.11       0.00     244.20      -2.50    277     0.990     0.010
   1.000000    5    -237.02       0.00     233.05      -2.62    397     0.989     0.011
   1.000000    6    -225.93       0.00     222.06      -2.74    491     0.988     0.012
   1.000000    7    -214.85       0.00     211.32      -2.86    400     0.987     0.013
   1.000000    8    -203.76       0.00     200.93      -3.00     59     0.986     0.014
   1.000000    9    -192.67       0.00     189.31      -3.20     32     0.984     0.016
   1.000000   10    -181.58       0.00     177.62      -3.40     26     0.982     0.018
   0.980000    2    -270.29      -0.94     265.77      -3.23     22     0.992     0.008
   0.980000    3    -259.20      -0.68     254.64      -3.09     50     0.991     0.009
   0.980000    4    -248.11      -0.49     243.80      -2.99     77     0.990     0.010
   0.980000    5    -237.02      -0.28     233.04      -2.89    209     0.989     0.011
   0.980000    6    -225.93      -0.04     221.90      -2.78    300     0.988     0.012
   0.980000    7    -214.85       0.16     211.34      -2.71    391     0.987     0.013
   0.980000    8    -203.76       0.38     200.26      -2.64    384     0.986     0.014
   0.980000    9    -192.67       0.59     189.80      -2.59    299     0.984     0.016
   0.980000   10    -181.58       0.82     178.45      -2.55    136     0.982     0.018
   0.980000   11    -170.49       0.98     174.13      -2.54     31     0.981     0.019
   0.960000    5    -237.02      -0.99     232.54      -3.61     28     0.989     0.011
   0.960000    6    -225.93      -0.67     221.88      -3.38     24     0.988     0.012
   0.960000    7    -214.85      -0.03     210.60      -2.93     59     0.987     0.013
   0.960000    8    -203.76       0.33     200.17      -2.70    378     0.985     0.015
   0.960000    9    -192.67       0.74     189.69      -2.45    506     0.984     0.016
   0.960000   10    -181.58       1.15     179.30      -2.21    426     0.982     0.018
   0.960000   11    -170.49       1.60     168.51      -1.97    268     0.980     0.020
   0.960000   12    -159.40       2.03     158.80      -1.77    146     0.977     0.023
   0.960000   13    -148.31       2.50     148.09      -1.59     38     0.974     0.026
   0.960000   14    -137.22       2.88     139.77      -1.47     26     0.970     0.030
   0.940000    7    -214.85      -0.73     210.29      -3.61     30     0.987     0.013
   0.940000    8    -203.76      -0.08     199.52      -3.10     98     0.985     0.015
   0.940000    9    -192.67       0.61     189.41      -2.59    502     0.984     0.016
   0.940000   10    -181.58       1.18     179.34      -2.19    768     0.982     0.018
   0.940000   11    -170.49       1.82     169.15      -1.75    453     0.980     0.020
   0.940000   12    -159.40       2.35     164.10      -1.40     48     0.978     0.022
   0.920000    8    -203.76      -0.31     199.30      -3.37    162     0.985     0.015
   0.920000    9    -192.67       0.37     189.46      -2.81    639     0.984     0.016
   0.920000   10    -181.58       1.16     179.53      -2.19    689     0.982     0.018
   0.920000   11    -170.49       2.05     169.57      -1.51    279     0.980     0.020
   0.920000   12    -159.40       2.93     159.15      -0.86    130     0.977     0.023
   0.900000    9    -192.67       0.08     189.36      -3.11    101     0.984     0.016
   0.900000   10    -181.58       1.14     179.30      -2.23    482     0.982     0.018
   0.900000   11    -170.49       2.12     169.52      -1.44    479     0.980     0.020
   0.900000   12    -159.40       3.19     159.88      -0.59    309     0.977     0.023
   0.900000   13    -148.31       4.38     149.42       0.31    272     0.974     0.026
   0.900000   14    -137.22       5.34     140.16       1.00     66     0.970     0.030
   0.900000   15    -126.14       6.68     129.48       1.91    119     0.964     0.036
   0.900000   16    -115.05       7.67     119.64       2.53     55     0.959     0.041
   0.900000   17    -103.96       8.54     115.50       3.01     16     0.953     0.047
   0.880000   14    -137.22       5.63     139.39       1.19     72     0.969     0.031
   0.880000   15    -126.14       6.87     129.42       2.10    226     0.964     0.036
   0.880000   16    -115.05       8.10     119.81       2.94    586     0.958     0.042
   0.880000   17    -103.96       9.31     110.35       3.71    650     0.951     0.049
   0.880000   18     -92.87      10.56     100.63       4.40    282     0.941     0.059
   0.880000   19     -81.78      11.90      91.01       5.02     80     0.928     0.072
   0.860000   15    -126.14       6.38     129.05       1.63     57     0.964     0.036
   0.860000   16    -115.05       7.98     119.64       2.80    370     0.958     0.042
   0.860000   17    -103.96       9.35     110.35       3.73    749     0.950     0.050
   0.860000   18     -92.87      10.84     101.10       4.65    604     0.941     0.059
   0.860000   19     -81.78      12.16      92.10       5.37    113     0.930     0.070
   0.840000   15    -126.14       5.78     128.50       1.06     24     0.964     0.036
   0.840000   16    -115.05       7.59     119.44       2.43    163     0.958     0.042
   0.840000   17    -103.96       9.29     110.29       3.66    643     0.950     0.050
   0.840000   18     -92.87      10.99     100.97       4.80    668     0.940     0.060
   0.840000   19     -81.78      12.54      92.27       5.71    308     0.929     0.071
   0.840000   20     -70.69      14.30      83.34       6.61     87     0.911     0.089
   0.820000   16    -115.05       7.32     118.79       2.11     54     0.957     0.043
   0.820000   17    -103.96       9.01     109.95       3.39    235     0.950     0.050
   0.820000   18     -92.87      10.97     100.95       4.76    475     0.939     0.061
   0.820000   19     -81.78      12.78      92.31       5.92    411     0.927     0.073
   0.820000   20     -70.69      14.81      83.04       7.05    248     0.909     0.091
   0.820000   21     -59.60      16.85      73.70       7.96    214     0.882     0.118
   0.820000   22     -48.51      18.74      64.93       8.47    202     0.850     0.150
   0.820000   23     -37.43      20.66      55.56       8.56     47     0.804     0.196
   0.800000   20     -70.69      15.40      81.97       7.25     32     0.901     0.099
   0.800000   21     -59.60      17.09      73.58       8.06    385     0.879     0.121
   0.800000   22     -48.51      18.98      65.11       8.69    644     0.849     0.151
   0.800000   23     -37.43      21.16      56.34       9.00    536     0.802     0.198
   0.800000   24     -26.34      23.21      48.19       8.71    288     0.743     0.257
   0.800000   25     -15.25      25.67      40.00       7.39     14     0.649     0.351
   0.780000   20     -70.69      14.80      81.74       6.70     46     0.902     0.098
   0.780000   21     -59.60      16.60      73.30       7.68    233     0.879     0.121
   0.780000   22     -48.51      18.95      64.81       8.61    497     0.845     0.155
   0.780000   23     -37.43      21.26      56.45       9.10    680     0.800     0.200
   0.780000   24     -26.34      23.47      47.98       9.00    321     0.742     0.258
   0.780000   25     -15.25      26.00      39.76       8.04    104     0.657     0.343
   0.780000   26      -4.16      28.09      34.99       6.67     18     0.577     0.423
   0.760000   20     -70.69      14.02      81.18       5.98     23     0.903     0.097
   0.760000   21     -59.60      16.10      72.89       7.22    144     0.879     0.121
   0.760000   22     -48.51      18.67      64.70       8.37    343     0.845     0.155
   0.760000   23     -37.43      21.19      56.56       9.07    448     0.800     0.200
   0.760000   24     -26.34      23.92      48.07       9.17    446     0.732     0.268
   0.760000   25     -15.25      26.44      39.71       8.36    322     0.650     0.350
   0.760000   26      -4.16      29.00      31.06       6.19    113     0.548     0.452
   0.760000   27       6.93      31.71      23.05       2.99     50     0.440     0.560
   0.760000   28      18.02      33.95      19.88       0.99     10     0.366     0.634
   0.740000   22     -48.51      18.67      63.67       8.12     39     0.837     0.163
   0.740000   23     -37.43      21.20      56.06       8.88    306     0.794     0.206
   0.740000   24     -26.34      23.86      47.99       9.14    598     0.730     0.270
   0.740000   25     -15.25      26.57      40.00       8.56    552     0.649     0.351
   0.740000   26      -4.16      29.42      32.02       6.84    329     0.549     0.451
   0.740000   27       6.93      32.02      24.39       4.20     61     0.457     0.543
   0.720000   22     -48.51      17.84      63.39       7.43     49     0.840     0.160
   0.720000   23     -37.43      20.62      55.79       8.48    249     0.795     0.205
   0.720000   24     -26.34      23.61      47.84       8.99    379     0.728     0.272
   0.720000   25     -15.25      26.67      39.99       8.60    570     0.644     0.356
   0.720000   26      -4.16      29.56      32.27       7.16    435     0.551     0.449
   0.720000   27       6.93      32.71      24.58       4.34    183     0.440     0.560
   0.720000   28      18.02      35.45      20.57       2.16     29     0.362     0.638
   0.700000   23     -37.43      20.20      55.05       8.02     49     0.790     0.210
   0.700000   24     -26.34      23.53      47.63       8.72    225     0.725     0.275
   0.700000   25     -15.25      26.56      39.95       8.54    517     0.643     0.357
   0.700000   26      -4.16      29.72      32.41       7.28    566     0.547     0.453
   0.700000   27       6.93      33.09      24.69       4.61    374     0.436     0.564
   0.700000   28      18.02      36.26      17.20       0.92    144     0.342     0.658
   0.700000   29      29.11      39.38      13.33      -1.72     24     0.271     0.729
   0.680000   24     -26.34      23.41      47.03       8.31     53     0.717     0.283
   0.680000   25     -15.25      26.50      39.52       8.26    238     0.634     0.366
   0.680000   26      -4.16      29.74      32.22       7.14    634     0.537     0.463
   0.680000   27       6.93      33.23      24.78       4.76    661     0.434     0.566
   0.680000   28      18.02      36.50      18.08       1.71    269     0.347     0.653
   0.680000   29      29.11      39.91      12.94      -1.62     39     0.268     0.732
   0.660000   24     -26.34      22.18      46.82       7.57     13     0.727     0.273
   0.660000   25     -15.25      25.96      39.31       7.87     89     0.640     0.360
   0.660000   26      -4.16      29.74      31.97       6.92    243     0.532     0.468
   0.660000   27       6.93      33.27      24.74       4.72    487     0.428     0.572
   0.660000   28      18.02      36.87      17.71       1.47    533     0.335     0.665
   0.660000   29      29.11      40.71      10.25      -3.07    336     0.250     0.750
   0.660000   30      40.19      44.29       3.17      -8.02    161     0.193     0.807
   0.660000   31      51.28      47.70      -0.88     -11.26     30     0.154     0.846
   0.640000   25     -15.25      25.23      39.03       7.23     39     0.638     0.362
   0.640000   26      -4.16      29.31      31.77       6.54    165     0.531     0.469
   0.640000   27       6.93      33.16      24.71       4.60    343     0.427     0.573
   0.640000   28      18.02      37.05      17.56       1.34    515     0.327     0.673
   0.640000   29      29.11      40.76      10.66      -2.69    424     0.253     0.747
   0.640000   30      40.19      44.70       3.65      -7.55    259     0.191     0.809
   0.640000   31      51.28      48.79      -3.55     -13.12    147     0.143     0.857
   0.620000   26      -4.16      29.52      30.78       5.86     47     0.518     0.482
   0.620000   27       6.93      32.50      24.37       4.25    169     0.428     0.572
   0.620000   28      18.02      36.75      17.34       1.16    283     0.326     0.674
   0.620000   29      29.11      40.78      10.73      -2.64    618     0.250     0.750
   0.620000   30      40.19      44.97       3.92      -7.31    440     0.188     0.812
   0.620000   31      51.28      49.07      -2.73     -12.31    300     0.146     0.854
   0.620000   32      62.37      53.03      -6.60     -15.56     42     0.118     0.882
   0.600000   28      18.02      36.66      17.07       0.83    118     0.322     0.678
   0.600000   29      29.11      40.71      10.47      -2.87    279     0.247     0.753
   0.600000   30      40.19      45.05       3.94      -7.26    522     0.187     0.813
   0.600000   31      51.28      49.44      -2.61     -12.21    632     0.143     0.857
   0.600000   32      62.37      53.74      -9.11     -17.45    277     0.112     0.888
   0.600000   33      73.46      58.14     -15.24     -22.67     66     0.089     0.911
   0.580000   28      18.02      35.94      16.39       0.23     65     0.322     0.678
   0.580000   29      29.11      40.23      10.16      -3.20    210     0.245     0.755
   0.580000   30      40.19      44.85       3.79      -7.41    445     0.186     0.814
   0.580000   31      51.28      49.45      -2.47     -12.06    637     0.143     0.857
   0.580000   32      62.37      54.02      -8.83     -17.17    450     0.111     0.889
   0.580000   33      73.46      58.26     -15.02     -22.37     69     0.090     0.910
   0.580000   34      84.55      62.48     -17.28     -24.46     14     0.076     0.924
   0.560000   29      29.11      40.88       9.67      -3.74     26     0.236     0.764
   0.560000   30      40.19      44.67       3.43      -7.76    297     0.182     0.818
   0.560000   31      51.28      49.31      -2.67     -12.21    521     0.142     0.858
   0.560000   32      62.37      54.16      -8.52     -16.86    642     0.111     0.889
   0.560000   33      73.46      58.94     -14.08     -21.49    346     0.089     0.911
   0.560000   34      84.55      64.18     -21.50     -28.02     43     0.069     0.931
   0.560000   35      95.64      68.31     -25.63     -31.71     24     0.059     0.941
   0.540000   29      29.11      41.82       8.58      -4.70     30     0.223     0.777
   0.540000   30      40.19      44.21       2.86      -8.28     96     0.180     0.820
   0.540000   31      51.28      49.17      -2.66     -12.24    314     0.142     0.858
   0.540000   32      62.37      54.32      -8.73     -17.06    531     0.109     0.891
   0.540000   33      73.46      59.12     -14.40     -21.75    630     0.088     0.912
   0.540000   34      84.55      63.97     -20.04     -26.60    264     0.072     0.928
   0.540000   35      95.64      69.30     -25.45     -31.49     34     0.058     0.942
   0.520000   28      18.02      33.80      14.47      -1.94     18     0.323     0.677
   0.520000   29      29.11      38.08       8.23      -5.08     40     0.241     0.759
   0.520000   30      40.19      43.63       2.97      -8.32     87     0.185     0.815
   0.520000   31      51.28      48.68      -2.88     -12.49    227     0.142     0.858
   0.520000   32      62.37      54.19      -8.76     -17.08    442     0.108     0.892
   0.520000   33      73.46      59.32     -14.46     -21.80    578     0.087     0.913
   0.520000   34      84.55      64.45     -19.95     -26.51    350     0.070     0.930
   0.520000   35      95.64      69.55     -25.52     -31.43    139     0.059     0.941
   0.520000   36     106.73      74.59     -28.95     -34.59     18     0.050     0.950
   0.500000   30      40.19      43.25       1.85      -9.32     54     0.178     0.822
   0.500000   31      51.28      48.17      -3.38     -12.94    120     0.141     0.859
   0.500000   32      62.37      54.16      -8.88     -17.22    398     0.107     0.893
   0.500000   33      73.46      59.34     -14.28     -21.63    747     0.086     0.914
   0.500000   34      84.55      64.53     -19.57     -26.13    462     0.071     0.929
   0.500000   35      95.64      69.80     -24.78     -30.68     98     0.059     0.941
   0.500000   36     106.73      75.29     -27.88     -33.58     20     0.050     0.950
   0.480000   31      51.28      49.54      -3.95     -13.58     18     0.134     0.866
   0.480000   32      62.37      53.98      -9.07     -17.42     96     0.108     0.892
   0.480000   33      73.46      59.27     -14.61     -21.95    340     0.085     0.915
   0.480000   34      84.55      64.78     -19.69     -26.24    667     0.069     0.931
   0.480000   35      95.64      70.35     -24.67     -30.59    545     0.058     0.942
   0.480000   36     106.73      75.94     -29.84     -35.23    202     0.048     0.952
   0.480000   37     117.82      81.44     -33.37     -38.48     31     0.042     0.958
   0.460000   32      62.37      53.89      -9.86     -18.18     40     0.105     0.895
   0.460000   33      73.46      59.00     -14.67     -22.02    311     0.085     0.915
   0.460000   34      84.55      64.79     -19.61     -26.17    841     0.069     0.931
   0.460000   35      95.64      70.33     -24.39     -30.31    564     0.058     0.942
   0.460000   36     106.73      76.37     -29.36     -34.75    122     0.048     0.952
   0.460000   37     117.82      82.15     -33.59     -38.64     21     0.041     0.959
   0.440000   33      73.46      58.55     -15.20     -22.51    235     0.084     0.916
   0.440000   34      84.55      64.68     -19.63     -26.21    769     0.069     0.931
   0.440000   35      95.64      70.60     -24.08     -30.03    680     0.058     0.942
   0.440000   36     106.73      76.57     -28.86     -34.26    203     0.048     0.952
   0.420000   32      62.37      53.94     -10.63     -19.00     21     0.104     0.896
   0.420000   33      73.46      58.49     -15.43     -22.76    257     0.083     0.917
   0.420000   34      84.55      64.23     -19.64     -26.21    717     0.070     0.930
   0.420000   35      95.64      70.57     -24.07     -30.00    653     0.058     0.942
   0.420000   36     106.73      76.85     -28.61     -33.99    221     0.048     0.952
   0.420000   37     117.82      83.16     -31.45     -36.62     30     0.042     0.958
   0.400000   33      73.46      58.34     -15.50     -22.86    126     0.084     0.916
   0.400000   34      84.55      64.45     -19.83     -26.40    574     0.068     0.932
   0.400000   35      95.64      70.62     -24.06     -29.98    841     0.057     0.943
   0.400000   36     106.73      76.84     -27.81     -33.23    303     0.049     0.951
   0.400000   37     117.82      83.71     -32.74     -37.67     55     0.041     0.959
   0.380000   34      84.55      64.14     -20.12     -26.67    123     0.068     0.932
   0.380000   35      95.64      70.79     -24.18     -30.11    705     0.056     0.944
   0.380000   36     106.73      77.29     -28.05     -33.46    890     0.048     0.952
   0.380000   37     117.82      83.91     -31.98     -36.95    176     0.041     0.959
   0.360000   34      84.55      66.96     -20.76     -27.31     38     0.065     0.935
   0.360000   35      95.64      70.83     -24.36     -30.28    531     0.056     0.944
   0.360000   36     106.73      77.32     -28.03     -33.43   1019     0.048     0.952
   0.360000   37     117.82      84.10     -31.35     -36.36    300     0.041     0.959
   0.360000   38     128.90      90.78     -33.75     -38.57     11     0.036     0.964
   0.340000   34      84.55      65.56     -21.12     -27.64     17     0.066     0.934
   0.340000   35      95.64      70.79     -24.59     -30.51    416     0.055     0.945
   0.340000   36     106.73      77.36     -28.07     -33.46    910     0.047     0.953
   0.340000   37     117.82      84.38     -31.59     -36.55    473     0.040     0.960
   0.340000   38     128.90      91.46     -34.35     -39.05     83     0.035     0.965
   0.320000   34      84.55      66.52     -21.67     -28.19     17     0.064     0.936
   0.320000   35      95.64      69.73     -24.55     -30.49    328     0.057     0.943
   0.320000   36     106.73      77.39     -28.13     -33.53    704     0.047     0.953
   0.320000   37     117.82      84.54     -31.47     -36.43    603     0.040     0.960
   0.320000   38     128.90      91.82     -34.63     -39.22    211     0.035     0.965
   0.320000   39     139.99      99.51     -38.27     -42.51     33     0.030     0.970
   0.300000   35      95.64      70.20     -25.15     -31.07    130     0.055     0.945
   0.300000   36     106.73      77.31     -28.22     -33.62    665     0.047     0.953
   0.300000   37     117.82      84.57     -31.26     -36.23    851     0.040     0.960
   0.300000   38     128.90      91.99     -34.20     -38.80    243     0.035     0.965
   0.300000   39     139.99      99.08     -35.98     -40.45     10     0.031     0.969
   0.280000   36     106.73      76.78     -28.42     -33.82    222     0.047     0.953
   0.280000   37     117.82      84.80     -31.43     -36.39    796     0.039     0.961
   0.280000   38     128.90      92.40     -34.25     -38.83    691     0.034     0.966
   0.280000   39     139.99     100.03     -36.51     -40.86    190     0.030     0.970
   0.260000   36     106.73      80.27     -29.05     -34.42     42     0.045     0.955
   0.260000   37     117.82      85.00     -31.75     -36.68    380     0.039     0.961
   0.260000   38     128.90      92.57     -34.27     -38.85   1072     0.034     0.966
   0.260000   39     139.99     100.49     -36.93     -41.18    341     0.030     0.970
   0.260000   40     151.08     108.29     -39.44     -43.43     64     0.026     0.974
   0.240000   36     106.73      78.23     -29.28     -34.67    111     0.045     0.955
   0.240000   37     117.82      84.37     -31.70     -36.66    457     0.039     0.961
   0.240000   38     128.90      92.46     -34.28     -38.86    847     0.034     0.966
   0.240000   39     139.99     100.76     -36.69     -40.95    413     0.030     0.970
   0.240000   40     151.08     108.70     -38.68     -42.73     71     0.026     0.974
   0.220000   36     106.73      78.50     -29.74     -35.13     34     0.045     0.955
   0.220000   37     117.82      83.87     -32.01     -36.95    265     0.039     0.961
   0.220000   38     128.90      92.49     -34.23     -38.82    702     0.034     0.966
   0.220000   39     139.99     100.98     -36.54     -40.81    618     0.029     0.971
   0.220000   40     151.08     109.39     -38.87     -42.84    262     0.026     0.974
   0.220000   41     162.17     117.52     -40.71     -44.51     18     0.023     0.977
   0.200000   37     117.82      84.31     -32.45     -37.39     98     0.038     0.962
   0.200000   38     128.90      92.39     -34.42     -39.00    481     0.034     0.966
   0.200000   39     139.99     100.96     -36.57     -40.82    648     0.029     0.971
   0.200000   40     151.08     109.56     -38.55     -42.53    527     0.026     0.974
   0.200000   41     162.17     118.40     -40.90     -44.61    105     0.022     0.978
   0.200000   42     173.26     126.64     -42.09     -45.70     40     0.021     0.979
   0.180000   38     128.90      94.59     -34.89     -39.46     50     0.033     0.967
   0.180000   39     139.99     101.18     -36.81     -41.05    397     0.029     0.971
   0.180000   40     151.08     109.87     -38.59     -42.57    826     0.025     0.975
   0.180000   41     162.17     118.77     -40.41     -44.14    516     0.023     0.977
   0.180000   42     173.26     127.90     -42.35     -45.87    102     0.020     0.980
   0.160000   38     128.90      95.24     -35.42     -39.97     15     0.032     0.968
   0.160000   39     139.99     101.28     -36.99     -41.24    409     0.029     0.971
   0.160000   40     151.08     109.65     -38.64     -42.61    774     0.025     0.975
   0.160000   41     162.17     118.81     -40.29     -44.02    545     0.022     0.978
   0.160000   42     173.26     127.91     -41.82     -45.35    152     0.020     0.980
   0.140000   38     128.90      95.62     -35.87     -40.43     16     0.032     0.968
   0.140000   39     139.99     100.86     -37.30     -41.54    260     0.028     0.972
   0.140000   40     151.08     109.59     -38.68     -42.65    785     0.025     0.975
   0.140000   41     162.17     119.00     -40.08     -43.82    678     0.022     0.978
   0.140000   42     173.26     128.16     -41.36     -44.91    156     0.020     0.980
   0.120000   39     139.99     106.75     -37.97     -42.17     11     0.027     0.973
   0.120000   40     151.08     109.44     -38.87     -42.85    207     0.025     0.975
   0.120000   41     162.17     119.35     -40.24     -43.96    434     0.022     0.978
   0.120000   42     173.26     128.74     -41.53     -45.03    593     0.020     0.980
   0.120000   43     184.35     138.19     -42.77     -46.08    478     0.018     0.982
   0.120000   44     195.44     147.68     -43.87     -47.03    162     0.016     0.984
   0.120000   45     206.53     157.37     -45.16     -48.16     14     0.014     0.986
   0.100000   41     162.17     122.96     -40.76     -44.45     27     0.021     0.979
   0.100000   42     173.26     129.11     -41.73     -45.22    379     0.019     0.981
   0.100000   43     184.35     138.58     -42.76     -46.06    795     0.017     0.983
   0.100000   44     195.44     148.12     -43.72     -46.86    525     0.016     0.984
   0.100000   45     206.53     157.97     -44.74     -47.73    163     0.014     0.986
   0.100000   46     217.61     167.79     -45.98     -48.81     10     0.013     0.987
   0.080000   42     173.26     129.19     -42.07     -45.55     68     0.019     0.981
   0.080000   43     184.35     138.63     -42.89     -46.19    663     0.017     0.983
   0.080000   44     195.44     148.33     -43.68     -46.81    845     0.016     0.984
   0.080000   45     206.53     158.22     -44.48     -47.47    296     0.014     0.986
   0.080000   46     217.61     167.92     -45.09     -47.98     27     0.013     0.987
   0.060000   42     173.26     128.06     -42.47     -45.94     59     0.019     0.981
   0.060000   43     184.35     138.40     -43.06     -46.36    478     0.017     0.983
   0.060000   44     195.44     148.09     -43.63     -46.77    697     0.016     0.984
   0.060000   45     206.53     158.50     -44.24     -47.23    439     0.014     0.986
   0.060000   46     217.61     169.00     -44.93     -47.77    173     0.013     0.987
   0.060000   47     228.70     179.42     -45.53     -48.25     45     0.012     0.988
   0.040000   43     184.35     138.41     -43.39     -46.67    155     0.017     0.983
   0.040000   44     195.44     148.21     -43.76     -46.89    669     0.016     0.984
   0.040000   45     206.53     158.63     -44.17     -47.15    733     0.014     0.986
   0.040000   46     217.61     169.12     -44.56     -47.41    280     0.013     0.987
   0.040000   47     228.70     179.91     -45.05     -47.75     58     0.012     0.988
   0.020000   43     184.35     141.53     -43.81     -47.10     12     0.017     0.983
   0.020000   44     195.44     149.32     -44.05     -47.15    151     0.015     0.985
   0.020000   45     206.53     158.64     -44.21     -47.20    668     0.014     0.986
   0.020000   46     217.61     169.56     -44.43     -47.27    732     0.013     0.987
   0.020000   47     228.70     179.91     -44.64     -47.35    230     0.012     0.988
   0.020000   48     239.79     191.14     -44.85     -47.44    106     0.011     0.989
   0.000000   44     195.44     154.67     -44.46     -47.54     25     0.015     0.985
   0.000000   45     206.53     158.61     -44.46     -47.43    424     0.014     0.986
   0.000000   46     217.61     169.27     -44.46     -47.30    519     0.013     0.987
   0.000000   47     228.70     180.20     -44.46     -47.17    415     0.012     0.988
   0.000000   48     239.79     191.32     -44.46     -47.04    295     0.011     0.989
   0.000000   49     250.88     202.51     -44.46     -46.93    188     0.010     0.990
   0.000000   50     261.97     213.49     -44.46     -46.83     32     0.009     0.991


# Part 3: Bin-averaged summary:
# bin  energy gap  <dGg> <dGg norm> pts  <c1**2> <c2**2> <r_xy>
   1   -281.38     -2.22     45.15         49    0.992    0.008    3.900
   2   -270.29     -2.57     44.80         74    0.992    0.008    4.021
   3   -259.20     -2.63     44.74        159    0.991    0.009    4.104
   4   -248.11     -2.61     44.76        354    0.990    0.010    4.085
   5   -237.02     -2.75     44.62        634    0.989    0.011    4.152
   6   -225.93     -2.78     44.59        815    0.988    0.012    4.137
   7   -214.85     -2.82     44.55        880    0.987    0.013    4.003
   8   -203.76     -2.83     44.54       1081    0.985    0.015    3.925
   9   -192.67     -2.66     44.71       2079    0.984    0.016    3.900
  10   -181.58     -2.23     45.14       2527    0.982    0.018    3.889
  11   -170.49     -1.66     45.71       1510    0.980    0.020    3.815
  12   -159.40     -0.98     46.39        633    0.977    0.023    3.704
  13   -148.31      0.08     47.45        310    0.974    0.026    3.580
  14   -137.22      0.69     48.06        164    0.970    0.030    3.700
  15   -126.14      1.93     49.30        426    0.964    0.036    3.693
  16   -115.05      2.78     50.15       1228    0.958    0.042    3.661
  17   -103.96      3.66     51.03       2293    0.950    0.050    3.665
  18    -92.87      4.69     52.06       2029    0.940    0.060    3.674
  19    -81.78      5.70     53.07        912    0.928    0.072    3.623
  20    -70.69      6.88     54.25        436    0.908    0.092    3.399
  21    -59.60      7.82     55.19        976    0.880    0.120    3.247
  22    -48.51      8.53     55.90       1774    0.847    0.153    3.245
  23    -37.43      8.94     56.31       2315    0.799    0.201    3.267
  24    -26.34      8.98     56.35       2323    0.733    0.267    3.293
  25    -15.25      8.43     55.80       2445    0.645    0.355    3.312
  26     -4.16      7.01     54.38       2550    0.543    0.457    3.325
  27      6.93      4.58     51.95       2328    0.433    0.567    3.356
  28     18.02      1.28     48.65       1984    0.333    0.667    3.383
  29     29.11     -2.88     44.49       2026    0.249    0.751    3.459
  30     40.19     -7.57     39.80       2361    0.187    0.813    3.517
  31     51.28    -12.29     35.08       2946    0.143    0.857    3.570
  32     62.37    -17.11     30.25       2939    0.110    0.890    3.608
  33     73.46    -21.94     25.43       3705    0.086    0.914    3.628
  34     84.55    -26.31     21.06       4896    0.070    0.930    3.702
  35     95.64    -30.28     17.09       5688    0.057    0.943    3.738
  36    106.73    -33.67     13.70       5686    0.047    0.953    3.744
  37    117.82    -36.55     10.82       4536    0.040    0.960    3.735
  38    128.90    -38.89      8.48       4422    0.034    0.966    3.727
  39    139.99    -41.03      6.34       3330    0.029    0.971    3.821
  40    151.08    -42.65      4.72       3516    0.025    0.975    3.878
  41    162.17    -44.01      3.36       2323    0.022    0.978    3.937
  42    173.26    -45.23      2.14       1549    0.020    0.980    4.409
  43    184.35    -46.19      1.18       2581    0.017    0.983    4.939
  44    195.44    -46.86      0.51       3074    0.016    0.984    4.982
  45    206.53    -47.29      0.08       2737    0.014    0.986    5.012
  46    217.61    -47.37      0.00       1741    0.013    0.987    5.157
  47    228.70    -47.33      0.04        748    0.012    0.988    5.286
  48    239.79    -47.15      0.22        401    0.011    0.989    5.417
  49    250.88    -46.93      0.44        188    0.010    0.990    5.483
  50    261.97    -46.83      0.54         32    0.009    0.991    5.507
