# Qfep                       version 5.10.24 , gi(modified on 20240701                                                                        )

--> Number of energy files: # Number of files                 =    51
--> No. of states, no. of predefined off-diag elements: # Number of states                 =     2
# Number of off-diagonal elements =     0
--> Give kT & no, of pts to skip   & calculation mode: # kT                              = 0.596
# Number of data points to skip   =   100
# Only QQ interactions will be considered   =   0
--> Give number of gap-bins: # Number of gap-bins              =    50
--> Give minimum # pts/bin: # Minimum number of points per bin=    10
--> Give alpha for state  2:                                                    # Alpha for state  2              =    30.00
--> Number of off-diagonal elements:# Number of off-diagonal elements =     1
#   i   j   A(i,j)  mu(i,j) eta(i,j) rxy0(i,j)
--> i, j, A_ij, mu_ij, eta_ij, r_xy0: #   1   2     25.00      0.00      0.00      0.00
--> linear combination of states defining reaction coord: # Linear combination co-efficients=  1.00 -1.00


# Part 0: Average energies for all states in all files
# file             state   pts   lambda    EQtot   EQbond  EQang   EQtor   EQimp    EQel   EQvdW  Eel_qq  EvdW_qq Eel_qp  EvdW_qp Eel_qw EvdW_qw Eqrstr
--> Name of file number   1:                                                     
# Energy files from Qdyn, version: 5.10.17 , git id=9325b9c29ad62a733df16f540968e33ee6c78260                       
rep2_fep_000_1.000.en   1      1899  1.000000  -288.41  -180.33     3.00    -3.15     0.12   -90.65   -19.20   -15.94    -0.71   -44.14   -19.00   -30.57     0.50     1.82
rep2_fep_000_1.000.en   2      1899  0.000000   -92.34     0.60    93.55     2.84     0.05  -214.28     9.10  -130.72    26.37   -39.75   -17.85   -43.82     0.57    15.80
--> Name of file number   2:                                                     
# Energy files from Qdyn, version: 5.10.17 , git id=9325b9c29ad62a733df16f540968e33ee6c78260                       
rep2_fep_001_0.980.en   1      1899  0.980000  -289.38  -180.20     3.20    -2.95     0.18   -90.52   -20.44   -16.44    -1.05   -45.23   -19.76   -28.85     0.36     1.36
rep2_fep_001_0.980.en   2      1899  0.020000  -107.34    -3.89    82.13     1.68     0.07  -209.40     7.88  -128.21    26.12   -41.14   -18.67   -40.05     0.42    14.19
--> Name of file number   3:                                                     
# Energy files from Qdyn, version: 5.10.17 , git id=9325b9c29ad62a733df16f540968e33ee6c78260                       
rep2_fep_002_0.960.en   1      1899  0.960000  -290.84  -180.59     3.06    -3.08     0.19   -92.92   -19.01   -16.37    -0.45   -45.10   -19.68   -31.45     1.12     1.51
rep2_fep_002_0.960.en   2      1899  0.040000  -116.99   -11.34    79.20     1.58     0.08  -210.28     8.52  -126.92    25.99   -41.63   -18.67   -41.73     1.20    15.26
--> Name of file number   4:                                                     
# Energy files from Qdyn, version: 5.10.17 , git id=9325b9c29ad62a733df16f540968e33ee6c78260                       
rep2_fep_003_0.940.en   1      1899  0.940000  -291.13  -180.73     2.86    -3.16     0.17   -93.03   -18.68   -16.39    -0.44   -45.69   -19.12   -30.95     0.87     1.46
rep2_fep_003_0.940.en   2      1899  0.060000  -122.50   -14.14    78.64     1.55     0.07  -211.91     8.32  -126.32    25.46   -42.80   -18.09   -42.79     0.95    14.99
--> Name of file number   5:                                                     
# Energy files from Qdyn, version: 5.10.17 , git id=9325b9c29ad62a733df16f540968e33ee6c78260                       
rep2_fep_004_0.920.en   1      1899  0.920000  -290.56  -181.18     2.74    -3.07     0.18   -91.72   -18.76   -16.83    -0.25   -44.70   -19.04   -30.20     0.53     1.24
rep2_fep_004_0.920.en   2      1899  0.080000  -137.60   -20.15    66.86     0.81     0.07  -207.01     8.44  -123.90    25.88   -40.81   -18.03   -42.30     0.59    13.38
--> Name of file number   6:                                                     
# Energy files from Qdyn, version: 5.10.17 , git id=9325b9c29ad62a733df16f540968e33ee6c78260                       
rep2_fep_005_0.900.en   1      1899  0.900000  -285.89  -179.80     3.25    -2.25     0.13   -90.61   -16.97   -19.92     1.23   -46.00   -17.97   -24.68    -0.23     0.34
rep2_fep_005_0.900.en   2      1899  0.100000  -198.12   -34.90    24.53    -1.09     0.05  -207.40     9.53  -126.67    26.74   -39.36   -17.00   -41.37    -0.21    11.15
--> Name of file number   7:                                                     
# Energy files from Qdyn, version: 5.10.17 , git id=9325b9c29ad62a733df16f540968e33ee6c78260                       
rep2_fep_006_0.880.en   1      1899  0.880000  -284.78  -179.25     3.01    -2.48     0.12   -91.72   -14.65   -20.17     2.37   -46.11   -16.90   -25.44    -0.12     0.18
rep2_fep_006_0.880.en   2      1899  0.120000  -217.33   -41.93    15.56    -1.82     0.05  -211.03    10.78  -126.37    26.81   -39.43   -15.92   -45.24    -0.10    11.05
--> Name of file number   8:                                                     
# Energy files from Qdyn, version: 5.10.17 , git id=9325b9c29ad62a733df16f540968e33ee6c78260                       
rep2_fep_007_0.860.en   1      1899  0.860000  -281.05  -178.34     3.92    -2.05     0.10   -91.79   -12.89   -28.73     5.46   -40.93   -18.17   -22.13    -0.18     0.00
rep2_fep_007_0.860.en   2      1899  0.140000  -244.69   -79.77    14.55     0.80     0.04  -190.99    10.53  -112.77    27.99   -35.83   -17.31   -42.39    -0.15     0.15
--> Name of file number   9:                                                     
# Energy files from Qdyn, version: 5.10.17 , git id=9325b9c29ad62a733df16f540968e33ee6c78260                       
rep2_fep_008_0.840.en   1      1899  0.840000  -278.39  -177.19     4.05    -1.54     0.16   -90.46   -13.41   -29.07     5.98   -40.75   -18.89   -20.65    -0.50     0.00
rep2_fep_008_0.840.en   2      1899  0.160000  -248.28   -83.10    12.14     1.37     0.06  -187.78     8.90  -111.99    27.41   -36.67   -18.02   -39.12    -0.49     0.12
--> Name of file number  10:                                                     
# Energy files from Qdyn, version: 5.10.17 , git id=9325b9c29ad62a733df16f540968e33ee6c78260                       
rep2_fep_009_0.820.en   1      1899  0.820000  -277.25  -177.34     4.00    -2.19     0.09   -91.33   -10.48   -31.05     7.64   -40.27   -17.49   -20.01    -0.62     0.00
rep2_fep_009_0.820.en   2      1899  0.180000  -256.22   -94.20    11.83     0.49     0.04  -184.76    10.35  -108.89    27.67   -37.64   -16.71   -38.23    -0.60     0.04
--> Name of file number  11:                                                     
# Energy files from Qdyn, version: 5.10.17 , git id=9325b9c29ad62a733df16f540968e33ee6c78260                       
rep2_fep_010_0.800.en   1      1899  0.800000  -274.27  -175.81     3.74    -1.86     0.09   -91.10    -9.34   -32.40     9.69   -41.47   -18.36   -17.23    -0.67     0.00
rep2_fep_010_0.800.en   2      1899  0.200000  -265.64   -98.42     7.63    -0.77     0.04  -183.86     9.73  -109.61    28.04   -38.68   -17.64   -35.57    -0.68     0.02
--> Name of file number  12:                                                     
# Energy files from Qdyn, version: 5.10.17 , git id=9325b9c29ad62a733df16f540968e33ee6c78260                       
rep2_fep_011_0.780.en   1      1899  0.780000  -273.44  -175.06     3.93    -1.57     0.10   -91.99    -8.84   -33.00    10.19   -40.65   -18.42   -18.34    -0.61     0.00
rep2_fep_011_0.780.en   2      1899  0.220000  -268.12  -103.31     8.44    -0.08     0.04  -182.84     9.62  -109.06    27.77   -37.15   -17.54   -36.63    -0.61     0.02
--> Name of file number  13:                                                     
# Energy files from Qdyn, version: 5.10.17 , git id=9325b9c29ad62a733df16f540968e33ee6c78260                       
rep2_fep_012_0.760.en   1      1899  0.760000  -270.61  -174.33     4.36    -1.21     0.19   -93.64    -5.98   -34.51    11.78   -45.20   -17.21   -13.93    -0.55     0.00
rep2_fep_012_0.760.en   2      1899  0.240000  -269.32  -103.79     7.69    -0.21     0.08  -183.93    10.85  -111.96    27.77   -41.56   -16.36   -30.42    -0.56     0.01
--> Name of file number  14:                                                     
# Energy files from Qdyn, version: 5.10.17 , git id=9325b9c29ad62a733df16f540968e33ee6c78260                       
rep2_fep_013_0.740.en   1      1899  0.740000  -269.63  -171.85     4.72    -1.61     0.15   -93.50    -7.56   -34.93    11.77   -43.99   -18.23   -14.58    -1.10     0.00
rep2_fep_013_0.740.en   2      1899  0.260000  -273.75  -109.12     8.65    -0.23     0.06  -181.08     7.96  -108.26    26.54   -40.26   -17.48   -32.56    -1.11     0.01
--> Name of file number  15:                                                     
# Energy files from Qdyn, version: 5.10.17 , git id=9325b9c29ad62a733df16f540968e33ee6c78260                       
rep2_fep_014_0.720.en   1      1899  0.720000  -264.39  -169.72     4.21    -1.41     0.10   -94.22    -3.35   -39.79    14.66   -43.03   -16.32   -11.40    -1.69     0.00
rep2_fep_014_0.720.en   2      1899  0.280000  -281.94  -114.41     7.80    -2.48     0.04  -183.18    10.27  -116.04    27.63   -40.35   -15.65   -26.78    -1.70     0.00
--> Name of file number  16:                                                     
# Energy files from Qdyn, version: 5.10.17 , git id=9325b9c29ad62a733df16f540968e33ee6c78260                       
rep2_fep_015_0.700.en   1      1899  0.700000  -265.84  -167.97     4.02    -1.60     0.08   -97.39    -2.98   -40.52    15.65   -42.61   -16.98   -14.26    -1.65     0.00
rep2_fep_015_0.700.en   2      1899  0.300000  -294.50  -123.19     7.38    -2.38     0.03  -185.48     9.14  -112.71    27.14   -38.68   -16.34   -34.09    -1.66     0.00
--> Name of file number  17:                                                     
# Energy files from Qdyn, version: 5.10.17 , git id=9325b9c29ad62a733df16f540968e33ee6c78260                       
rep2_fep_016_0.680.en   1      1899  0.680000  -263.92  -166.99     3.88    -1.41     0.16   -97.40    -2.17   -41.81    16.57   -41.73   -16.77   -13.86    -1.97     0.00
rep2_fep_016_0.680.en   2      1899  0.320000  -299.57  -130.52     7.52    -1.97     0.07  -183.47     8.81  -112.03    26.86   -37.51   -16.08   -33.94    -1.97     0.00
--> Name of file number  18:                                                     
# Energy files from Qdyn, version: 5.10.17 , git id=9325b9c29ad62a733df16f540968e33ee6c78260                       
rep2_fep_017_0.660.en   1      1899  0.660000  -261.87  -164.56     4.04    -1.85     0.07   -99.44    -0.13   -42.85    17.97   -42.78   -16.61   -13.81    -1.49     0.00
rep2_fep_017_0.660.en   2      1899  0.340000  -304.18  -136.97     7.85    -2.26     0.03  -182.46     9.64  -108.76    27.06   -39.93   -15.91   -33.77    -1.50     0.00
--> Name of file number  19:                                                     
# Energy files from Qdyn, version: 5.10.17 , git id=9325b9c29ad62a733df16f540968e33ee6c78260                       
rep2_fep_018_0.640.en   1      1899  0.640000  -255.76  -158.78     4.55    -1.55     0.12   -99.68    -0.42   -43.81    18.58   -41.69   -17.11   -14.17    -1.90     0.00
rep2_fep_018_0.640.en   2      1899  0.360000  -311.66  -144.85     8.61    -0.89     0.05  -182.31     7.73  -112.71    25.99   -39.37   -16.36   -30.22    -1.90     0.00
--> Name of file number  20:                                                     
# Energy files from Qdyn, version: 5.10.17 , git id=9325b9c29ad62a733df16f540968e33ee6c78260                       
rep2_fep_019_0.620.en   1      1899  0.620000  -256.85  -155.36     4.35    -3.12     0.05  -100.87    -1.90   -42.70    18.23   -43.19   -18.48   -14.98    -1.64     0.00
rep2_fep_019_0.620.en   2      1899  0.380000  -319.78  -152.88     6.98     2.20     0.02  -181.21     5.12  -113.05    24.19   -40.75   -17.43   -27.41    -1.64     0.00
--> Name of file number  21:                                                     
# Energy files from Qdyn, version: 5.10.17 , git id=9325b9c29ad62a733df16f540968e33ee6c78260                       
rep2_fep_020_0.600.en   1      1899  0.600000  -253.14  -150.43     3.91    -2.85     0.06  -102.44    -1.41   -43.99    18.14   -41.86   -18.39   -16.59    -1.17     0.01
rep2_fep_020_0.600.en   2      1899  0.400000  -322.07  -156.55     6.60     2.85     0.02  -179.28     4.28  -111.02    22.80   -37.87   -17.34   -30.38    -1.18     0.00
--> Name of file number  22:                                                     
# Energy files from Qdyn, version: 5.10.17 , git id=9325b9c29ad62a733df16f540968e33ee6c78260                       
rep2_fep_021_0.580.en   1      1899  0.580000  -251.71  -144.43     4.61    -2.64     0.04  -108.15    -1.16   -46.66    18.44   -43.02   -18.37   -18.47    -1.23     0.01
rep2_fep_021_0.580.en   2      1899  0.420000  -333.28  -163.72     6.71     2.97     0.02  -182.30     3.04  -110.21    21.60   -39.43   -17.33   -32.66    -1.23     0.00
--> Name of file number  23:                                                     
# Energy files from Qdyn, version: 5.10.17 , git id=9325b9c29ad62a733df16f540968e33ee6c78260                       
rep2_fep_022_0.560.en   1      1899  0.560000  -246.44  -142.35     4.99    -2.84     0.04  -105.37    -0.92   -48.40    19.42   -43.07   -18.19   -13.90    -2.15     0.01
rep2_fep_022_0.560.en   2      1899  0.440000  -331.78  -167.49     6.52     2.59     0.01  -175.89     2.47  -112.21    21.80   -40.31   -17.18   -23.38    -2.16     0.00
--> Name of file number  24:                                                     
# Energy files from Qdyn, version: 5.10.17 , git id=9325b9c29ad62a733df16f540968e33ee6c78260                       
rep2_fep_023_0.540.en   1      1899  0.540000  -245.83  -138.33     4.26    -1.95     0.03  -107.99    -1.86   -50.96    19.47   -44.00   -18.30   -13.03    -3.04     0.01
rep2_fep_023_0.540.en   2      1899  0.460000  -340.82  -172.37     6.41     3.04     0.01  -178.52     0.60  -112.88    21.07   -43.66   -17.43   -21.98    -3.03     0.00
--> Name of file number  25:                                                     
# Energy files from Qdyn, version: 5.10.17 , git id=9325b9c29ad62a733df16f540968e33ee6c78260                       
rep2_fep_024_0.520.en   1      1899  0.520000  -243.55  -135.93     4.23    -2.30     0.09  -106.54    -3.12   -51.12    19.14   -43.33   -18.62   -12.08    -3.65     0.01
rep2_fep_024_0.520.en   2      1899  0.480000  -340.96  -174.25     5.96     2.83     0.04  -174.20    -1.35  -108.23    20.03   -43.27   -17.74   -22.70    -3.64     0.00
--> Name of file number  26:                                                     
# Energy files from Qdyn, version: 5.10.17 , git id=9325b9c29ad62a733df16f540968e33ee6c78260                       
rep2_fep_025_0.500.en   1      1899  0.500000  -243.47  -132.00     3.84    -2.04     0.10  -109.49    -3.90   -52.46    18.47   -43.69   -18.99   -13.34    -3.39     0.02
rep2_fep_025_0.500.en   2      1899  0.500000  -346.28  -176.12     6.32     3.38     0.04  -176.84    -3.07  -108.68    18.54   -43.81   -18.21   -24.35    -3.39     0.00
--> Name of file number  27:                                                     
# Energy files from Qdyn, version: 5.10.17 , git id=9325b9c29ad62a733df16f540968e33ee6c78260                       
rep2_fep_026_0.480.en   1      1899  0.480000  -243.56  -128.65     4.05    -2.28     0.07  -114.47    -2.31   -53.59    18.44   -44.43   -18.85   -16.45    -1.90     0.02
rep2_fep_026_0.480.en   2      1899  0.520000  -355.74  -178.58     6.27     3.78     0.03  -185.26    -1.98  -109.28    18.03   -44.91   -18.12   -31.07    -1.89     0.00
--> Name of file number  28:                                                     
# Energy files from Qdyn, version: 5.10.17 , git id=9325b9c29ad62a733df16f540968e33ee6c78260                       
rep2_fep_027_0.460.en   1      1899  0.460000  -241.58  -126.75     5.21    -2.78     0.06  -116.65    -0.70   -53.95    18.73   -43.65   -17.88   -19.05    -1.54     0.03
rep2_fep_027_0.460.en   2      1899  0.540000  -357.86  -180.05     7.41     1.56     0.02  -186.10    -0.70  -106.05    18.07   -45.38   -17.24   -34.67    -1.54     0.00
--> Name of file number  29:                                                     
# Energy files from Qdyn, version: 5.10.17 , git id=9325b9c29ad62a733df16f540968e33ee6c78260                       
rep2_fep_028_0.440.en   1      1899  0.440000  -238.80  -123.52     4.91    -2.42     0.09  -118.52     0.64   -55.11    19.04   -44.12   -17.04   -19.29    -1.36     0.04
rep2_fep_028_0.440.en   2      1899  0.560000  -363.70  -183.25     6.75     1.40     0.03  -188.36    -0.28  -105.05    17.46   -48.27   -16.40   -35.03    -1.34     0.00
--> Name of file number  30:                                                     
# Energy files from Qdyn, version: 5.10.17 , git id=9325b9c29ad62a733df16f540968e33ee6c78260                       
rep2_fep_029_0.420.en   1      1899  0.420000  -232.35  -120.46     4.61    -1.97     0.08  -115.57     0.91   -56.70    20.31   -44.95   -16.66   -13.92    -2.73     0.04
rep2_fep_029_0.420.en   2      1899  0.580000  -358.43  -182.99     6.22     3.02     0.03  -183.90    -0.81  -114.04    17.86   -48.08   -15.95   -21.78    -2.73     0.00
--> Name of file number  31:                                                     
# Energy files from Qdyn, version: 5.10.17 , git id=9325b9c29ad62a733df16f540968e33ee6c78260                       
rep2_fep_030_0.400.en   1      1899  0.400000  -231.98  -118.79     4.57    -1.64     0.06  -115.87    -0.35   -57.53    20.20   -44.89   -17.52   -13.45    -3.03     0.04
rep2_fep_030_0.400.en   2      1899  0.600000  -359.90  -185.01     5.75     3.15     0.02  -181.35    -2.45  -112.77    17.34   -47.62   -16.76   -20.96    -3.03     0.00
--> Name of file number  32:                                                     
# Energy files from Qdyn, version: 5.10.17 , git id=9325b9c29ad62a733df16f540968e33ee6c78260                       
rep2_fep_031_0.380.en   1      1899  0.380000  -232.94  -116.10     4.83    -1.82     0.05  -119.26    -0.69   -57.78    19.25   -43.51   -18.01   -17.97    -1.94     0.05
rep2_fep_031_0.380.en   2      1899  0.620000  -368.75  -187.27     6.15     3.06     0.02  -187.66    -3.05  -108.85    16.16   -44.81   -17.28   -34.00    -1.93     0.00
--> Name of file number  33:                                                     
# Energy files from Qdyn, version: 5.10.17 , git id=9325b9c29ad62a733df16f540968e33ee6c78260                       
rep2_fep_032_0.360.en   1      1899  0.360000  -226.06  -111.91     5.69    -1.56     0.08  -119.88     1.45   -59.52    20.33   -43.00   -17.67   -17.36    -1.22     0.09
rep2_fep_032_0.360.en   2      1899  0.640000  -373.83  -190.05     6.25     1.41     0.03  -189.80    -1.68  -109.27    16.54   -46.02   -17.01   -34.52    -1.20     0.00
--> Name of file number  34:                                                     
# Energy files from Qdyn, version: 5.10.17 , git id=9325b9c29ad62a733df16f540968e33ee6c78260                       
rep2_fep_033_0.340.en   1      1899  0.340000  -227.03  -109.95     5.41    -1.50     0.06  -121.91     0.77   -59.46    20.06   -43.33   -18.20   -19.13    -1.09     0.09
rep2_fep_033_0.340.en   2      1899  0.660000  -374.29  -190.65     5.71     2.74     0.02  -189.43    -2.68  -109.54    15.88   -43.29   -17.48   -36.60    -1.08     0.00
--> Name of file number  35:                                                     
# Energy files from Qdyn, version: 5.10.17 , git id=9325b9c29ad62a733df16f540968e33ee6c78260                       
rep2_fep_034_0.320.en   1      1899  0.320000  -236.78  -110.11     5.37    -1.80     0.04  -131.36     1.00   -57.34    17.80   -43.41   -18.71   -30.60     1.92     0.08
rep2_fep_034_0.320.en   2      1899  0.680000  -384.54  -191.68     5.54     2.65     0.02  -198.23    -2.85   -91.81    13.18   -44.31   -17.94   -62.11     1.90     0.00
--> Name of file number  36:                                                     
# Energy files from Qdyn, version: 5.10.17 , git id=9325b9c29ad62a733df16f540968e33ee6c78260                       
rep2_fep_035_0.300.en   1      1899  0.300000  -233.61  -108.89     6.02    -2.14     0.04  -131.22     2.49   -58.13    18.36   -44.41   -17.33   -28.68     1.46     0.09
rep2_fep_035_0.300.en   2      1899  0.700000  -384.80  -192.76     5.60     2.52     0.02  -198.44    -1.74   -96.54    13.39   -46.30   -16.60   -55.60     1.47     0.00
--> Name of file number  37:                                                     
# Energy files from Qdyn, version: 5.10.17 , git id=9325b9c29ad62a733df16f540968e33ee6c78260                       
rep2_fep_036_0.280.en   1      1899  0.280000  -230.50  -101.49     6.28    -2.17     0.05  -134.96     1.62   -58.97    16.99   -43.55   -18.37   -32.44     2.99     0.17
rep2_fep_036_0.280.en   2      1899  0.720000  -386.72  -193.30     5.84     2.85     0.02  -198.68    -3.45   -87.59    11.10   -44.12   -17.53   -66.97     2.98     0.00
--> Name of file number  38:                                                     
# Energy files from Qdyn, version: 5.10.17 , git id=9325b9c29ad62a733df16f540968e33ee6c78260                       
rep2_fep_037_0.260.en   1      1899  0.260000  -229.16  -100.05     6.67    -1.85     0.03  -136.02     1.89   -59.36    17.18   -44.13   -18.43   -32.53     3.14     0.17
rep2_fep_037_0.260.en   2      1899  0.740000  -391.46  -194.33     6.21     2.60     0.01  -202.30    -3.66   -88.84    10.88   -47.77   -17.66   -65.70     3.13     0.00
--> Name of file number  39:                                                     
# Energy files from Qdyn, version: 5.10.17 , git id=9325b9c29ad62a733df16f540968e33ee6c78260                       
rep2_fep_038_0.240.en   1      1899  0.240000  -225.64   -97.02     6.85    -1.54     0.05  -134.43     0.26   -59.65    17.12   -43.02   -19.06   -31.75     2.20     0.19
rep2_fep_038_0.240.en   2      1899  0.760000  -390.12  -194.52     5.73     2.91     0.02  -198.29    -5.97   -88.52    10.11   -45.61   -18.27   -64.16     2.19     0.00
--> Name of file number  40:                                                     
# Energy files from Qdyn, version: 5.10.17 , git id=9325b9c29ad62a733df16f540968e33ee6c78260                       
rep2_fep_039_0.220.en   1      1899  0.220000  -225.63   -97.36     7.82    -2.08     0.04  -136.01     1.77   -59.70    18.28   -45.12   -18.14   -31.19     1.63     0.19
rep2_fep_039_0.220.en   2      1899  0.780000  -394.78  -195.27     6.04     1.97     0.02  -202.62    -4.91   -86.97    10.82   -49.93   -17.37   -65.72     1.63     0.00
--> Name of file number  41:                                                     
# Energy files from Qdyn, version: 5.10.17 , git id=9325b9c29ad62a733df16f540968e33ee6c78260                       
rep2_fep_040_0.200.en   1      1899  0.200000  -220.66   -92.48     7.60    -2.21     0.04  -135.58     1.73   -60.72    17.72   -44.12   -18.02   -30.74     2.04     0.24
rep2_fep_040_0.200.en   2      1899  0.800000  -394.59  -195.90     5.73     2.35     0.02  -201.12    -5.67   -85.79     9.52   -48.86   -17.23   -66.47     2.03     0.00
--> Name of file number  42:                                                     
# Energy files from Qdyn, version: 5.10.17 , git id=9325b9c29ad62a733df16f540968e33ee6c78260                       
rep2_fep_041_0.180.en   1      1899  0.180000  -219.48   -88.26     7.94    -2.29     0.05  -142.30     5.10   -60.90    18.32   -46.07   -16.73   -35.33     3.51     0.28
rep2_fep_041_0.180.en   2      1899  0.820000  -401.32  -196.84     6.10     1.00     0.02  -208.50    -3.09   -81.41     9.35   -51.36   -15.95   -75.73     3.51     0.00
--> Name of file number  43:                                                     
# Energy files from Qdyn, version: 5.10.17 , git id=9325b9c29ad62a733df16f540968e33ee6c78260                       
rep2_fep_042_0.160.en   1      1899  0.160000  -213.93   -86.09     8.53    -1.85     0.08  -139.39     4.45   -60.85    18.26   -44.04   -17.53   -34.50     3.72     0.32
rep2_fep_042_0.160.en   2      1899  0.840000  -399.27  -197.11     5.85     1.86     0.03  -205.50    -4.41   -82.79     8.62   -49.01   -16.74   -73.69     3.72     0.00
--> Name of file number  44:                                                     
# Energy files from Qdyn, version: 5.10.17 , git id=9325b9c29ad62a733df16f540968e33ee6c78260                       
rep2_fep_043_0.140.en   1      1899  0.140000  -217.54   -87.05     8.50    -2.27     0.06  -142.91     5.85   -60.96    19.14   -45.95   -16.74   -36.01     3.45     0.29
rep2_fep_043_0.140.en   2      1899  0.860000  -407.38  -197.54     5.01     0.95     0.02  -212.37    -3.46   -80.48     9.08   -53.03   -16.00   -78.85     3.46     0.00
--> Name of file number  45:                                                     
# Energy files from Qdyn, version: 5.10.17 , git id=9325b9c29ad62a733df16f540968e33ee6c78260                       
rep2_fep_044_0.120.en   1      1899  0.120000  -213.25   -80.58     8.06    -1.72     0.08  -145.59     6.09   -61.97    18.26   -46.85   -16.18   -36.77     4.01     0.42
rep2_fep_044_0.120.en   2      1899  0.880000  -408.12  -198.18     4.38     1.17     0.03  -211.67    -3.85   -81.10     7.62   -54.37   -15.47   -76.19     4.00     0.00
--> Name of file number  46:                                                     
# Energy files from Qdyn, version: 5.10.17 , git id=9325b9c29ad62a733df16f540968e33ee6c78260                       
rep2_fep_045_0.100.en   1      1899  0.100000  -202.31   -71.11    10.04    -1.55     0.09  -146.43     5.74   -63.53    17.63   -45.34   -17.03   -37.56     5.14     0.92
rep2_fep_045_0.100.en   2      1899  0.900000  -406.65  -198.50     4.57     1.85     0.03  -209.47    -5.14   -80.00     5.97   -51.59   -16.22   -77.87     5.11     0.00
--> Name of file number  47:                                                     
# Energy files from Qdyn, version: 5.10.17 , git id=9325b9c29ad62a733df16f540968e33ee6c78260                       
rep2_fep_046_0.080.en   1      1899  0.080000  -201.61   -71.87    10.26    -2.19     0.08  -144.36     5.89   -62.97    18.61   -45.00   -16.93   -36.39     4.21     0.58
rep2_fep_046_0.080.en   2      1899  0.920000  -405.85  -199.05     4.71     2.41     0.03  -208.09    -5.86   -80.25     6.14   -50.92   -16.18   -76.93     4.19     0.00
--> Name of file number  48:                                                     
# Energy files from Qdyn, version: 5.10.17 , git id=9325b9c29ad62a733df16f540968e33ee6c78260                       
rep2_fep_047_0.060.en   1      1899  0.060000  -191.28   -59.59    12.72    -1.57     0.09  -152.20     6.88   -65.53    18.86   -47.69   -17.37   -38.98     5.39     2.39
rep2_fep_047_0.060.en   2      1899  0.940000  -412.08  -199.43     4.73     0.63     0.04  -211.51    -6.53   -76.67     4.61   -54.36   -16.49   -80.48     5.35     0.00
--> Name of file number  49:                                                     
# Energy files from Qdyn, version: 5.10.17 , git id=9325b9c29ad62a733df16f540968e33ee6c78260                       
rep2_fep_048_0.040.en   1      1899  0.040000  -197.13   -68.43    11.18    -1.57     0.10  -148.67     9.66   -63.06    21.00   -45.29   -17.03   -40.31     5.68     0.61
rep2_fep_048_0.040.en   2      1899  0.960000  -412.47  -199.83     4.74     1.84     0.04  -214.34    -4.92   -77.51     5.65   -53.83   -16.21   -83.00     5.65     0.00
--> Name of file number  50:                                                     
# Energy files from Qdyn, version: 5.10.17 , git id=9325b9c29ad62a733df16f540968e33ee6c78260                       
rep2_fep_049_0.020.en   1      1899  0.020000  -192.32   -63.58    12.54    -1.19     0.12  -150.51     9.58   -63.51    20.63   -46.10   -16.62   -40.89     5.57     0.73
rep2_fep_049_0.020.en   2      1899  0.980000  -415.20  -200.09     4.61     1.65     0.05  -216.06    -5.35   -79.10     4.96   -55.30   -15.85   -81.67     5.54     0.00
--> Name of file number  51:                                                     
# Energy files from Qdyn, version: 5.10.17 , git id=9325b9c29ad62a733df16f540968e33ee6c78260                       
rep2_fep_050_0.000.en   1      1899  0.000000  -178.02   -50.97    14.76    -0.65     0.08  -157.23    14.38   -66.37    23.24   -48.34   -15.39   -42.52     6.53     1.61
rep2_fep_050_0.000.en   2      1899  1.000000  -419.26  -200.76     4.21    -0.70     0.03  -217.70    -4.34   -73.24     3.85   -56.85   -14.69   -87.61     6.50     0.00


# Part 1: Free energy perturbation summary:

# Calculation for full system
# lambda(1)      dGf sum(dGf)      dGr sum(dGr)     <dG>
   1.000000     0.000     0.000    -4.319    48.629     0.000
   0.980000     4.434     4.434    -4.128    52.948     4.376
   0.960000     4.169     8.603    -4.063    57.076     8.525
   0.940000     4.026    12.628    -3.707    61.139    12.569
   0.920000     3.870    16.499    -2.507    64.845    16.358
   0.900000     3.608    20.107    -1.980    67.353    19.415
   0.880000     2.248    22.354    -1.402    69.332    21.529
   0.860000     1.917    24.271    -1.255    70.734    23.188
   0.840000     1.253    25.524    -1.070    71.988    24.442
   0.820000     1.149    26.673    -0.818    73.059    25.551
   0.800000     0.971    27.643    -0.766    73.877    26.446
   0.780000     0.727    28.370    -0.687    74.643    27.192
   0.760000     0.650    29.020    -0.591    75.330    27.861
   0.740000     0.556    29.577    -0.348    75.921    28.434
   0.720000     0.439    30.015    -0.113    76.269    28.828
   0.700000     0.143    30.159     0.053    76.382    28.956
   0.680000    -0.060    30.098     0.193    76.329    28.899
   0.660000    -0.176    29.923     0.445    76.136    28.715
   0.640000    -0.298    29.625     0.614    75.692    28.344
   0.620000    -0.594    29.031     0.734    75.078    27.740
   0.600000    -0.701    28.329     0.986    74.344    27.022
   0.580000    -0.827    27.503     1.028    73.358    26.116
   0.560000    -1.077    26.425     1.255    72.330    25.063
   0.540000    -1.186    25.239     1.299    71.075    23.843
   0.520000    -1.347    23.893     1.410    69.777    22.520
   0.500000    -1.392    22.501     1.594    68.366    21.119
   0.480000    -1.502    20.998     1.673    66.772    19.571
   0.460000    -1.688    19.311     1.849    65.099    17.890
   0.440000    -1.775    17.536     1.884    63.250    16.078
   0.420000    -1.946    15.590     1.912    61.366    14.163
   0.400000    -1.960    13.630     2.085    59.454    12.228
   0.380000    -2.003    11.627     2.323    57.369    10.184
   0.360000    -2.147     9.481     2.308    55.046     7.949
   0.340000    -2.387     7.094     2.326    52.738     5.602
   0.320000    -2.385     4.708     2.398    50.412     3.246
   0.300000    -2.387     2.322     2.482    48.014     0.853
   0.280000    -2.450    -0.128     2.611    45.532    -1.613
   0.260000    -2.569    -2.697     2.656    42.920    -4.203
   0.240000    -2.682    -5.379     2.747    40.265    -6.872
   0.220000    -2.724    -8.103     2.847    37.518    -9.607
   0.200000    -2.821   -10.924     2.996    34.670   -12.441
   0.180000    -2.911   -13.835     3.074    31.675   -15.394
   0.160000    -3.076   -16.910     3.149    28.601   -18.469
   0.140000    -3.144   -20.054     3.262    25.452   -21.616
   0.120000    -3.245   -23.299     3.428    22.190   -24.869
   0.100000    -3.334   -26.633     3.431    18.762   -28.250
   0.080000    -3.557   -30.190     3.738    15.331   -31.744
   0.060000    -3.538   -33.727     3.659    11.593   -35.382
   0.040000    -3.897   -37.624     3.815     7.934   -39.160
   0.020000    -3.758   -41.382     4.119     4.119   -42.946
   0.000000    -3.905   -45.287     0.000     0.000   -46.958

# Min energy-gap is:   -262.88
# Max energy-gap is:    259.54



# Part 2: Reaction free energy summary:
# Lambda(1)  bin Energy gap      dGa     dGb     dGg    # pts    c1**2    c2**2
   1.000000    1    -257.66       0.00     253.84      -2.41    102     0.991     0.009
   1.000000    2    -247.21       0.00     243.67      -2.50    239     0.990     0.010
   1.000000    3    -236.76       0.00     233.16      -2.62    384     0.989     0.011
   1.000000    4    -226.31       0.00     222.88      -2.73    396     0.988     0.012
   1.000000    5    -215.86       0.00     212.36      -2.86    443     0.987     0.013
   1.000000    6    -205.41       0.00     202.11      -2.99    220     0.986     0.014
   1.000000    7    -194.97       0.00     191.98      -3.14     99     0.985     0.015
   1.000000    8    -184.52       0.00     187.85      -3.26     16     0.983     0.017
   0.980000    1    -257.66      -0.79     253.95      -3.19     16     0.991     0.009
   0.980000    2    -247.21      -0.54     243.00      -3.05     45     0.990     0.010
   0.980000    3    -236.76      -0.37     232.91      -2.98    107     0.989     0.011
   0.980000    4    -226.31      -0.14     222.49      -2.87    282     0.988     0.012
   0.980000    5    -215.86       0.07     212.51      -2.80    616     0.987     0.013
   0.980000    6    -205.41       0.25     202.52      -2.74    405     0.986     0.014
   0.980000    7    -194.97       0.46     192.51      -2.68    310     0.984     0.016
   0.980000    8    -184.52       0.68     182.56      -2.64     99     0.983     0.017
   0.980000    9    -174.07       0.88     173.62      -2.63     19     0.981     0.019
   0.960000    4    -226.31      -0.50     222.26      -3.23    180     0.988     0.012
   0.960000    5    -215.86      -0.09     212.18      -2.95    389     0.987     0.013
   0.960000    6    -205.41       0.32     202.29      -2.68    596     0.986     0.014
   0.960000    7    -194.97       0.70     192.57      -2.44    460     0.984     0.016
   0.960000    8    -184.52       1.08     182.90      -2.22    226     0.983     0.017
   0.960000    9    -174.07       1.48     175.75      -2.00     40     0.981     0.019
   0.940000    3    -236.76      -1.58     231.18      -4.19     27     0.989     0.011
   0.940000    4    -226.31      -0.97     221.67      -3.70    138     0.988     0.012
   0.940000    5    -215.86      -0.38     212.14      -3.23    264     0.987     0.013
   0.940000    6    -205.41       0.23     202.40      -2.76    517     0.986     0.014
   0.940000    7    -194.97       0.81     192.77      -2.32    430     0.984     0.016
   0.940000    8    -184.52       1.43     182.94      -1.87    270     0.983     0.017
   0.940000    9    -174.07       2.07     172.97      -1.42    129     0.981     0.019
   0.940000   10    -163.62       2.71     163.04      -1.01     85     0.978     0.022
   0.940000   11    -153.17       3.18     159.13      -0.72     36     0.976     0.024
   0.920000    6    -205.41      -0.01     202.08      -3.01    142     0.986     0.014
   0.920000    7    -194.97       0.80     192.25      -2.35    425     0.984     0.016
   0.920000    8    -184.52       1.51     183.15      -1.79    668     0.983     0.017
   0.920000    9    -174.07       2.34     173.53      -1.15    377     0.981     0.019
   0.920000   10    -163.62       3.21     163.91      -0.50    249     0.978     0.022
   0.920000   11    -153.17       3.87     154.29      -0.03     35     0.976     0.024
   0.900000    9    -174.07       2.20     172.84      -1.35     10     0.980     0.020
   0.900000   10    -163.62       3.23     163.18      -0.54     60     0.978     0.022
   0.900000   11    -153.17       4.09     154.20       0.12    206     0.975     0.025
   0.900000   12    -142.72       4.93     145.14       0.75     99     0.972     0.028
   0.900000   13    -132.27       6.15     135.23       1.61     86     0.967     0.033
   0.900000   14    -121.83       7.31     125.62       2.37    262     0.962     0.038
   0.900000   15    -111.38       8.19     116.82       2.89    592     0.956     0.044
   0.900000   16    -100.93       9.22     107.33       3.43    431     0.948     0.052
   0.900000   17     -90.48      10.18      98.49       3.85    143     0.939     0.061
   0.900000   18     -80.03      11.06      93.70       4.15     10     0.929     0.071
   0.880000   14    -121.83       7.26     125.26       2.22     30     0.961     0.039
   0.880000   15    -111.38       8.20     116.28       2.85    321     0.955     0.045
   0.880000   16    -100.93       9.33     107.38       3.53    767     0.948     0.052
   0.880000   17     -90.48      10.51      98.50       4.16    567     0.938     0.062
   0.880000   18     -80.03      11.69      89.25       4.68    193     0.926     0.074
   0.880000   19     -69.58      12.80      83.20       5.04     21     0.911     0.089
   0.860000   16    -100.93       9.12     106.62       3.27     52     0.947     0.053
   0.860000   17     -90.48      10.54      97.89       4.11    158     0.936     0.064
   0.860000   18     -80.03      11.89      89.02       4.80    325     0.923     0.077
   0.860000   19     -69.58      13.28      80.13       5.36    483     0.906     0.094
   0.860000   20     -59.14      14.67      71.36       5.72    477     0.884     0.116
   0.860000   21     -48.69      16.13      62.60       5.82    281     0.852     0.148
   0.860000   22     -38.24      17.54      53.51       5.49     96     0.809     0.191
   0.860000   23     -27.79      18.90      48.05       4.84     27     0.760     0.240
   0.840000   17     -90.48      10.21      97.12       3.70     37     0.935     0.065
   0.840000   18     -80.03      11.55      88.85       4.46    189     0.923     0.077
   0.840000   19     -69.58      13.25      79.94       5.27    522     0.904     0.096
   0.840000   20     -59.14      14.80      71.23       5.80    552     0.881     0.119
   0.840000   21     -48.69      16.40      62.87       6.08    423     0.850     0.150
   0.840000   22     -38.24      17.99      53.73       5.95    143     0.807     0.193
   0.840000   23     -27.79      19.53      47.88       5.45     33     0.757     0.243
   0.820000   18     -80.03      11.11      87.82       4.03     26     0.922     0.078
   0.820000   19     -69.58      12.83      79.86       4.93    239     0.905     0.095
   0.820000   20     -59.14      14.78      71.23       5.75    522     0.880     0.120
   0.820000   21     -48.69      16.54      62.83       6.21    598     0.848     0.152
   0.820000   22     -38.24      18.36      54.51       6.30    365     0.806     0.194
   0.820000   23     -27.79      20.10      46.25       5.89    130     0.752     0.248
   0.820000   24     -17.34      21.83      40.43       4.96     16     0.687     0.313
   0.800000   19     -69.58      12.72      79.42       4.60     10     0.903     0.097
   0.800000   20     -59.14      14.76      70.67       5.57    200     0.877     0.123
   0.800000   21     -48.69      16.52      62.75       6.15    462     0.847     0.153
   0.800000   22     -38.24      18.57      54.38       6.42    597     0.802     0.198
   0.800000   23     -27.79      20.48      46.33       6.17    474     0.748     0.252
   0.800000   24     -17.34      22.54      38.16       5.18    136     0.672     0.328
   0.800000   25      -6.89      24.58      29.63       2.98     20     0.577     0.423
   0.780000   19     -69.58      11.81      78.82       3.85     32     0.904     0.096
   0.780000   20     -59.14      14.29      70.55       5.13    146     0.877     0.123
   0.780000   21     -48.69      16.35      62.47       5.94    299     0.845     0.155
   0.780000   22     -38.24      18.48      54.43       6.40    560     0.802     0.198
   0.780000   23     -27.79      20.72      46.43       6.34    578     0.743     0.257
   0.780000   24     -17.34      22.88      38.35       5.53    205     0.670     0.330
   0.780000   25      -6.89      25.08      30.68       3.94     69     0.585     0.415
   0.760000   20     -59.14      13.67      70.17       4.59     80     0.878     0.122
   0.760000   21     -48.69      16.01      62.20       5.64    281     0.845     0.155
   0.760000   22     -38.24      18.33      54.39       6.30    535     0.802     0.198
   0.760000   23     -27.79      20.73      46.78       6.46    553     0.745     0.255
   0.760000   24     -17.34      23.19      38.78       5.87    260     0.669     0.331
   0.760000   25      -6.89      25.80      31.03       4.23    137     0.572     0.428
   0.760000   26       3.56      28.06      22.92       1.46     40     0.477     0.523
   0.760000   27      14.00      30.37      18.85      -0.76     13     0.394     0.606
   0.740000   19     -69.58      10.12      77.91       2.19     10     0.906     0.094
   0.740000   20     -59.14      13.31      69.53       4.12     40     0.876     0.124
   0.740000   21     -48.69      15.65      61.71       5.27    171     0.843     0.157
   0.740000   22     -38.24      18.13      54.37       6.11    399     0.801     0.199
   0.740000   23     -27.79      20.75      46.57       6.47    485     0.742     0.258
   0.740000   24     -17.34      23.37      39.21       6.11    472     0.669     0.331
   0.740000   25      -6.89      26.12      31.21       4.62    222     0.571     0.429
   0.740000   26       3.56      28.54      24.48       2.50     69     0.485     0.515
   0.740000   27      14.00      31.71      16.10      -1.64     22     0.365     0.635
   0.720000   21     -48.69      15.05      61.24       4.72     42     0.842     0.158
   0.720000   22     -38.24      17.88      54.07       5.78    142     0.799     0.201
   0.720000   23     -27.79      20.58      46.61       6.31    404     0.742     0.258
   0.720000   24     -17.34      23.45      39.13       6.13    384     0.664     0.336
   0.720000   25      -6.89      26.37      31.54       4.89    427     0.568     0.432
   0.720000   26       3.56      29.27      24.04       2.52    237     0.468     0.532
   0.720000   27      14.00      32.11      16.62      -0.91    173     0.372     0.628
   0.720000   28      24.45      34.99       9.20      -5.32     70     0.286     0.714
   0.720000   29      34.90      38.15       1.62     -10.69     10     0.212     0.788
   0.700000   22     -38.24      17.52      53.10       5.22     34     0.796     0.204
   0.700000   23     -27.79      20.38      45.95       5.92    182     0.734     0.266
   0.700000   24     -17.34      23.24      39.00       5.91    288     0.662     0.338
   0.700000   25      -6.89      26.41      31.59       4.88    401     0.564     0.436
   0.700000   26       3.56      29.52      24.29       2.72    496     0.463     0.537
   0.700000   27      14.00      32.50      17.16      -0.44    306     0.370     0.630
   0.700000   28      24.45      35.49      10.05      -4.49    129     0.290     0.710
   0.700000   29      34.90      38.76       3.02      -9.28     63     0.219     0.781
   0.680000   23     -27.79      20.67      45.27       5.43     36     0.724     0.276
   0.680000   24     -17.34      22.95      38.29       5.49    137     0.653     0.347
   0.680000   25      -6.89      26.22      31.36       4.68    399     0.560     0.440
   0.680000   26       3.56      29.38      24.43       2.83    554     0.466     0.534
   0.680000   27      14.00      32.53      17.42      -0.12    461     0.374     0.626
   0.680000   28      24.45      35.91      10.66      -3.96    224     0.288     0.712
   0.680000   29      34.90      39.32       3.02      -9.12     75     0.217     0.783
   0.680000   30      45.35      41.87       1.32     -10.59     13     0.185     0.815
   0.660000   24     -17.34      22.98      37.77       4.99     71     0.643     0.357
   0.660000   25      -6.89      25.81      30.98       4.39    194     0.560     0.440
   0.660000   26       3.56      29.27      24.20       2.67    442     0.461     0.539
   0.660000   27      14.00      32.77      17.29      -0.23    634     0.364     0.636
   0.660000   28      24.45      36.14      10.85      -3.71    397     0.288     0.712
   0.660000   29      34.90      39.54       4.10      -8.15    146     0.223     0.777
   0.660000   30      45.35      42.91      -0.22     -11.45     15     0.176     0.824
   0.640000   25      -6.89      25.70      30.09       3.79     37     0.546     0.454
   0.640000   26       3.56      29.09      24.16       2.46    236     0.460     0.540
   0.640000   27      14.00      32.81      17.15      -0.36    376     0.357     0.643
   0.640000   28      24.45      36.26      11.01      -3.57    513     0.285     0.715
   0.640000   29      34.90      40.10       4.10      -8.10    373     0.215     0.785
   0.640000   30      45.35      43.70      -2.46     -12.89    246     0.167     0.833
   0.640000   31      55.80      47.56      -8.77     -17.90    118     0.130     0.870
   0.620000   26       3.56      28.51      23.71       2.02     24     0.463     0.537
   0.620000   27      14.00      32.72      16.84      -0.70    201     0.350     0.650
   0.620000   28      24.45      36.28      10.61      -3.90    507     0.277     0.723
   0.620000   29      34.90      40.20       4.22      -7.98    639     0.214     0.786
   0.620000   30      45.35      43.99      -1.95     -12.40    412     0.167     0.833
   0.620000   31      55.80      47.69      -7.93     -17.02    102     0.134     0.866
   0.600000   27      14.00      31.86      16.82      -0.85     53     0.360     0.640
   0.600000   28      24.45      36.24      10.37      -4.17    401     0.272     0.728
   0.600000   29      34.90      39.97       4.47      -7.78    594     0.216     0.784
   0.600000   30      45.35      44.24      -1.87     -12.31    525     0.165     0.835
   0.600000   31      55.80      48.09      -7.61     -16.75    267     0.132     0.868
   0.600000   32      66.25      52.39     -14.09     -22.07     43     0.104     0.896
   0.600000   33      76.69      56.30     -17.84     -25.38     16     0.086     0.914
   0.580000   28      24.45      35.79      10.21      -4.36     54     0.277     0.723
   0.580000   29      34.90      40.08       4.07      -8.15    244     0.210     0.790
   0.580000   30      45.35      44.23      -1.86     -12.31    576     0.164     0.836
   0.580000   31      55.80      48.50      -7.71     -16.78    627     0.130     0.870
   0.580000   32      66.25      52.89     -13.69     -21.71    317     0.102     0.898
   0.580000   33      76.69      56.87     -18.60     -25.82     68     0.085     0.915
   0.580000   34      87.14      61.50     -24.09     -30.76     13     0.068     0.932
   0.560000   27      14.00      30.11      16.23      -1.82     17     0.374     0.626
   0.560000   28      24.45      34.91       9.52      -5.00     56     0.275     0.725
   0.560000   29      34.90      39.84       3.84      -8.43    225     0.208     0.792
   0.560000   30      45.35      44.14      -2.09     -12.52    439     0.162     0.838
   0.560000   31      55.80      48.50      -7.70     -16.78    504     0.128     0.872
   0.560000   32      66.25      53.07     -13.55     -21.54    361     0.102     0.898
   0.560000   33      76.69      57.48     -19.22     -26.34    210     0.083     0.917
   0.560000   34      87.14      62.18     -24.61     -31.05     66     0.068     0.932
   0.560000   35      97.59      66.53     -29.53     -35.51     17     0.057     0.943
   0.540000   29      34.90      38.48       3.25      -8.96     21     0.213     0.787
   0.540000   30      45.35      44.48      -2.55     -12.99    163     0.155     0.845
   0.540000   31      55.80      48.51      -7.86     -16.93    585     0.127     0.873
   0.540000   32      66.25      53.09     -13.35     -21.34    574     0.102     0.898
   0.540000   33      76.69      57.81     -18.93     -26.04    388     0.082     0.918
   0.540000   34      87.14      62.57     -24.26     -30.69    151     0.068     0.932
   0.540000   35      97.59      66.86     -26.87     -33.10     17     0.059     0.941
   0.520000   29      34.90      38.27       2.55      -9.63     33     0.207     0.793
   0.520000   30      45.35      43.45      -2.78     -13.23    140     0.159     0.841
   0.520000   31      55.80      48.20      -7.93     -17.02    339     0.127     0.873
   0.520000   32      66.25      53.20     -13.39     -21.38    628     0.100     0.900
   0.520000   33      76.69      58.02     -18.49     -25.63    561     0.082     0.918
   0.520000   34      87.14      62.80     -23.44     -29.92    193     0.068     0.932
   0.500000   30      45.35      43.47      -3.18     -13.64     60     0.158     0.842
   0.500000   31      55.80      48.08      -8.41     -17.47    258     0.125     0.875
   0.500000   32      66.25      53.05     -13.39     -21.39    513     0.100     0.900
   0.500000   33      76.69      58.07     -18.43     -25.56    643     0.082     0.918
   0.500000   34      87.14      63.20     -23.58     -29.99    343     0.068     0.932
   0.500000   35      97.59      68.08     -27.59     -33.55     69     0.057     0.943
   0.500000   36     108.04      73.50     -33.07     -38.53     13     0.047     0.953
   0.480000   30      45.35      43.47      -3.43     -13.99     11     0.159     0.841
   0.480000   31      55.80      47.57      -8.72     -17.81     94     0.124     0.876
   0.480000   32      66.25      52.80     -13.77     -21.74    244     0.099     0.901
   0.480000   33      76.69      58.19     -18.56     -25.69    521     0.081     0.919
   0.480000   34      87.14      63.51     -23.43     -29.85    631     0.067     0.933
   0.480000   35      97.59      68.67     -28.21     -34.05    364     0.056     0.944
   0.480000   36     108.04      73.72     -32.10     -37.57     34     0.048     0.952
   0.460000   31      55.80      47.75      -9.40     -18.46     45     0.121     0.879
   0.460000   32      66.25      52.54     -13.97     -21.97    189     0.099     0.901
   0.460000   33      76.69      58.03     -18.65     -25.77    427     0.080     0.920
   0.460000   34      87.14      63.50     -23.34     -29.76    614     0.066     0.934
   0.460000   35      97.59      69.05     -28.08     -33.91    454     0.055     0.945
   0.460000   36     108.04      74.44     -32.46     -37.82    156     0.047     0.953
   0.440000   32      66.25      51.90     -13.99     -22.06     47     0.101     0.899
   0.440000   33      76.69      57.91     -18.91     -26.04    211     0.080     0.920
   0.440000   34      87.14      63.40     -23.41     -29.83    517     0.066     0.934
   0.440000   35      97.59      69.14     -27.90     -33.74    620     0.055     0.945
   0.440000   36     108.04      74.82     -32.35     -37.69    397     0.047     0.953
   0.440000   37     118.49      80.61     -36.72     -41.65     92     0.040     0.960
   0.440000   38     128.94      86.97     -40.87     -45.51     11     0.034     0.966
   0.420000   33      76.69      57.87     -19.41     -26.52    193     0.079     0.921
   0.420000   34      87.14      63.31     -23.50     -29.93    513     0.066     0.934
   0.420000   35      97.59      69.16     -27.74     -33.58    657     0.055     0.945
   0.420000   36     108.04      74.93     -31.95     -37.30    424     0.047     0.953
   0.420000   37     118.49      80.76     -35.91     -40.84     98     0.041     0.959
   0.400000   32      66.25      51.51     -15.32     -23.37     49     0.098     0.902
   0.400000   33      76.69      57.11     -19.75     -26.88    108     0.078     0.922
   0.400000   34      87.14      63.15     -23.76     -30.19    413     0.065     0.935
   0.400000   35      97.59      69.02     -27.58     -33.43    679     0.056     0.944
   0.400000   36     108.04      75.24     -31.70     -37.06    473     0.047     0.953
   0.400000   37     118.49      81.23     -35.42     -40.38    160     0.040     0.960
   0.400000   38     128.94      87.73     -40.22     -44.78     17     0.034     0.966
   0.380000   33      76.69      59.63     -20.48     -27.57     13     0.076     0.924
   0.380000   34      87.14      62.76     -23.99     -30.42    153     0.065     0.935
   0.380000   35      97.59      69.32     -27.94     -33.78    543     0.054     0.946
   0.380000   36     108.04      75.31     -31.62     -36.98    774     0.047     0.953
   0.380000   37     118.49      81.57     -35.52     -40.45    358     0.040     0.960
   0.380000   38     128.94      87.59     -38.05     -42.76     58     0.035     0.965
   0.360000   35      97.59      69.27     -28.25     -34.09    133     0.053     0.947
   0.360000   36     108.04      75.42     -31.85     -37.20    454     0.046     0.954
   0.360000   37     118.49      81.79     -35.50     -40.42    768     0.039     0.961
   0.360000   38     128.94      88.38     -39.00     -43.57    451     0.034     0.966
   0.360000   39     139.39      94.65     -41.48     -45.86     88     0.031     0.969
   0.340000   35      97.59      68.46     -28.58     -34.41    138     0.054     0.946
   0.340000   36     108.04      75.29     -31.95     -37.30    568     0.046     0.954
   0.340000   37     118.49      81.68     -35.31     -40.24    674     0.040     0.960
   0.340000   38     128.94      88.53     -38.75     -43.32    366     0.034     0.966
   0.340000   39     139.39      95.00     -41.81     -46.10    125     0.030     0.970
   0.340000   40     149.83     102.17     -46.03     -50.01     19     0.026     0.974
   0.320000   35      97.59      69.07     -28.96     -34.79    100     0.053     0.947
   0.320000   36     108.04      75.10     -32.26     -37.59    532     0.045     0.955
   0.320000   37     118.49      81.64     -35.18     -40.13    801     0.040     0.960
   0.320000   38     128.94      88.84     -38.60     -43.17    377     0.034     0.966
   0.320000   39     139.39      95.50     -41.30     -45.59     77     0.030     0.970
   0.320000   40     149.83     103.23     -44.91     -48.94     12     0.026     0.974
   0.300000   35      97.59      72.06     -29.76     -35.55     19     0.051     0.949
   0.300000   36     108.04      74.76     -32.38     -37.73    362     0.045     0.955
   0.300000   37     118.49      81.79     -35.27     -40.21    767     0.039     0.961
   0.300000   38     128.94      88.84     -38.19     -42.78    616     0.034     0.966
   0.300000   39     139.39      95.80     -40.77     -45.10    128     0.030     0.970
   0.280000   35      97.59      67.09     -29.62     -35.48     20     0.054     0.946
   0.280000   36     108.04      74.20     -32.62     -37.97    208     0.045     0.955
   0.280000   37     118.49      81.79     -35.40     -40.34    551     0.039     0.961
   0.280000   38     128.94      88.83     -38.14     -42.72    670     0.034     0.966
   0.280000   39     139.39      96.43     -40.95     -45.23    366     0.030     0.970
   0.280000   40     149.83     103.71     -43.49     -47.53     60     0.026     0.974
   0.280000   42     170.73     118.90     -49.12     -52.72     10     0.021     0.979
   0.260000   36     108.04      76.15     -33.20     -38.53     51     0.044     0.956
   0.260000   37     118.49      81.55     -35.68     -40.60    342     0.039     0.961
   0.260000   38     128.94      88.94     -38.25     -42.83    742     0.034     0.966
   0.260000   39     139.39      96.43     -40.75     -45.02    524     0.030     0.970
   0.260000   40     149.83     104.04     -43.49     -47.48    206     0.026     0.974
   0.260000   41     160.28     111.16     -44.85     -48.75     34     0.024     0.976
   0.240000   36     108.04      76.47     -33.64     -38.98     39     0.044     0.956
   0.240000   37     118.49      81.16     -35.83     -40.77    224     0.039     0.961
   0.240000   38     128.94      89.02     -38.29     -42.88    665     0.034     0.966
   0.240000   39     139.39      96.51     -40.57     -44.85    666     0.030     0.970
   0.240000   40     149.83     104.30     -43.03     -47.03    258     0.026     0.974
   0.240000   41     160.28     112.01     -44.65     -48.52     47     0.024     0.976
   0.220000   37     118.49      81.08     -36.17     -41.11    118     0.039     0.961
   0.220000   38     128.94      88.76     -38.48     -43.06    492     0.033     0.967
   0.220000   39     139.39      96.59     -40.56     -44.84    738     0.029     0.971
   0.220000   40     149.83     104.43     -42.67     -46.69    397     0.026     0.974
   0.220000   41     160.28     112.66     -44.89     -48.67    135     0.023     0.977
   0.220000   42     170.73     120.35     -47.26     -50.80     11     0.021     0.979
   0.200000   37     118.49      83.99     -36.73     -41.67     19     0.038     0.962
   0.200000   38     128.94      89.17     -38.74     -43.32    301     0.033     0.967
   0.200000   39     139.39      96.55     -40.58     -44.86    703     0.029     0.971
   0.200000   40     149.83     104.71     -42.61     -46.62    603     0.026     0.974
   0.200000   41     160.28     112.90     -44.55     -48.33    254     0.023     0.977
   0.200000   42     170.73     120.66     -46.14     -49.75     19     0.021     0.979
   0.180000   37     118.49      81.45     -37.17     -42.12     24     0.038     0.962
   0.180000   38     128.94      87.31     -38.72     -43.34     59     0.034     0.966
   0.180000   39     139.39      96.92     -40.86     -45.13    416     0.029     0.971
   0.180000   40     149.83     104.86     -42.59     -46.60    652     0.026     0.974
   0.180000   41     160.28     113.35     -44.40     -48.17    558     0.023     0.977
   0.180000   42     170.73     121.66     -46.13     -49.70    177     0.020     0.980
   0.180000   43     181.18     130.08     -47.41     -50.86     13     0.019     0.981
   0.160000   38     128.94      91.87     -39.64     -44.20     22     0.032     0.968
   0.160000   39     139.39      96.42     -41.13     -45.40    224     0.029     0.971
   0.160000   40     149.83     105.05     -42.71     -46.71    746     0.026     0.974
   0.160000   41     160.28     113.19     -44.17     -47.95    623     0.023     0.977
   0.160000   42     170.73     122.04     -45.84     -49.40    233     0.020     0.980
   0.160000   43     181.18     130.20     -47.28     -50.66     35     0.019     0.981
   0.160000   44     191.63     141.10     -49.45     -52.62     16     0.016     0.984
   0.140000   37     118.49      82.56     -38.65     -43.58     10     0.038     0.962
   0.140000   38     128.94      86.59     -40.06     -44.63     27     0.033     0.967
   0.140000   39     139.39      95.59     -41.41     -45.68    136     0.029     0.971
   0.140000   40     149.83     104.68     -42.81     -46.82    451     0.025     0.975
   0.140000   41     160.28     113.44     -44.18     -47.96    686     0.023     0.977
   0.140000   42     170.73     122.14     -45.50     -49.07    455     0.020     0.980
   0.140000   43     181.18     130.97     -47.10     -50.45     93     0.018     0.982
   0.140000   44     191.63     139.79     -48.28     -51.49     33     0.017     0.983
   0.120000   39     139.39      95.39     -41.83     -46.11     47     0.029     0.971
   0.120000   40     149.83     104.55     -43.09     -47.09    268     0.025     0.975
   0.120000   41     160.28     113.33     -44.24     -48.01    697     0.023     0.977
   0.120000   42     170.73     122.23     -45.38     -48.95    613     0.020     0.980
   0.120000   43     181.18     131.47     -46.63     -50.00    239     0.018     0.982
   0.120000   44     191.63     140.58     -47.76     -50.97     35     0.016     0.984
   0.100000   40     149.83     104.40     -43.42     -47.43    105     0.025     0.975
   0.100000   41     160.28     113.83     -44.43     -48.20    435     0.022     0.978
   0.100000   42     170.73     122.54     -45.39     -48.95    613     0.020     0.980
   0.100000   43     181.18     131.56     -46.35     -49.73    355     0.018     0.982
   0.100000   44     191.63     141.06     -47.41     -50.61    260     0.016     0.984
   0.100000   45     202.08     151.10     -48.60     -51.62     82     0.015     0.985
   0.100000   46     212.52     159.45     -49.31     -52.23     46     0.014     0.986
   0.080000   39     139.39      95.33     -43.10     -47.37     24     0.029     0.971
   0.080000   40     149.83     103.60     -43.89     -47.89    100     0.025     0.975
   0.080000   41     160.28     113.21     -44.69     -48.46    350     0.022     0.978
   0.080000   42     170.73     122.26     -45.45     -49.02    597     0.020     0.980
   0.080000   43     181.18     131.75     -46.27     -49.64    481     0.018     0.982
   0.080000   44     191.63     141.21     -47.08     -50.28    287     0.016     0.984
   0.080000   45     202.08     150.27     -47.81     -50.87     60     0.015     0.985
   0.060000   41     160.28     112.62     -45.11     -48.87     67     0.022     0.978
   0.060000   42     170.73     122.23     -45.67     -49.24    291     0.020     0.980
   0.060000   43     181.18     131.75     -46.32     -49.68    396     0.018     0.982
   0.060000   44     191.63     141.46     -46.90     -50.10    476     0.016     0.984
   0.060000   45     202.08     151.45     -47.54     -50.58    382     0.015     0.985
   0.060000   46     212.52     160.69     -48.09     -50.99    193     0.013     0.987
   0.060000   47     222.97     170.85     -48.75     -51.52     75     0.012     0.988
   0.060000   48     233.42     180.24     -49.19     -51.87     12     0.011     0.989
   0.040000   40     149.83     107.80     -45.30     -49.27     11     0.025     0.975
   0.040000   41     160.28     111.66     -45.65     -49.41     38     0.022     0.978
   0.040000   42     170.73     121.62     -46.04     -49.60    419     0.020     0.980
   0.040000   43     181.18     131.43     -46.43     -49.80    630     0.018     0.982
   0.040000   44     191.63     141.36     -46.84     -50.04    431     0.016     0.984
   0.040000   45     202.08     151.34     -47.21     -50.27    289     0.015     0.985
   0.040000   46     212.52     161.35     -47.65     -50.55     81     0.013     0.987
   0.020000   41     160.28     114.86     -46.19     -49.96     14     0.022     0.978
   0.020000   42     170.73     122.40     -46.40     -49.95    111     0.020     0.980
   0.020000   43     181.18     131.67     -46.59     -49.96    368     0.018     0.982
   0.020000   44     191.63     141.32     -46.77     -49.99    759     0.016     0.984
   0.020000   45     202.08     151.43     -46.97     -50.03    466     0.015     0.985
   0.020000   46     212.52     161.72     -47.19     -50.10    112     0.013     0.987
   0.020000   47     222.97     171.72     -47.37     -50.16     58     0.012     0.988
   0.020000   48     233.42     181.44     -47.54     -50.23     11     0.011     0.989
   0.000000   42     170.73     126.53     -46.96     -50.48     10     0.019     0.981
   0.000000   43     181.18     131.71     -46.96     -50.33    189     0.018     0.982
   0.000000   44     191.63     141.23     -46.96     -50.17    236     0.016     0.984
   0.000000   45     202.08     151.65     -46.96     -50.01    339     0.015     0.985
   0.000000   46     212.52     162.12     -46.96     -49.86    471     0.013     0.987
   0.000000   47     222.97     172.11     -46.96     -49.74    300     0.012     0.988
   0.000000   48     233.42     182.73     -46.96     -49.62    190     0.011     0.989
   0.000000   49     243.87     193.81     -46.96     -49.50    112     0.010     0.990
   0.000000   50     254.32     203.51     -46.96     -49.41     51     0.010     0.990


# Part 3: Bin-averaged summary:
# bin  energy gap  <dGg> <dGg norm> pts  <c1**2> <c2**2> <r_xy>
   1   -257.66     -2.52     47.80        118    0.991    0.009    4.079
   2   -247.21     -2.59     47.72        284    0.990    0.010    4.118
   3   -236.76     -2.77     47.54        518    0.989    0.011    4.133
   4   -226.31     -2.99     47.32        996    0.988    0.012    4.073
   5   -215.86     -2.91     47.40       1712    0.987    0.013    4.039
   6   -205.41     -2.78     47.54       1880    0.986    0.014    4.019
   7   -194.97     -2.47     47.84       1724    0.984    0.016    4.024
   8   -184.52     -1.97     48.35       1279    0.983    0.017    3.992
   9   -174.07     -1.32     48.99        575    0.981    0.019    3.890
  10   -163.62     -0.61     49.70        394    0.978    0.022    3.807
  11   -153.17     -0.01     50.31        277    0.975    0.025    3.673
  12   -142.72      0.75     51.06         99    0.972    0.028    3.557
  13   -132.27      1.61     51.92         86    0.967    0.033    3.561
  14   -121.83      2.35     52.67        292    0.962    0.038    3.629
  15   -111.38      2.87     53.19        913    0.956    0.044    3.677
  16   -100.93      3.49     53.80       1250    0.948    0.052    3.670
  17    -90.48      4.09     54.40        905    0.938    0.062    3.625
  18    -80.03      4.65     54.96        743    0.924    0.076    3.400
  19    -69.58      5.17     55.49       1317    0.905    0.095    3.274
  20    -59.14      5.62     55.93       2017    0.880    0.120    3.252
  21    -48.69      5.95     56.27       2557    0.847    0.153    3.258
  22    -38.24      6.24     56.55       2871    0.803    0.197    3.270
  23    -27.79      6.27     56.59       2902    0.744    0.256    3.252
  24    -17.34      5.84     56.15       1969    0.666    0.334    3.256
  25     -6.89      4.64     54.95       1906    0.566    0.434    3.273
  26      3.56      2.65     52.96       2098    0.464    0.536    3.281
  27     14.00     -0.39     49.92       2256    0.365    0.635    3.279
  28     24.45     -3.96     46.35       2351    0.282    0.718    3.357
  29     34.90     -8.13     42.18       2423    0.214    0.786    3.389
  30     45.35    -12.53     37.78       2600    0.164    0.836    3.409
  31     55.80    -17.01     33.31       2939    0.128    0.872    3.409
  32     66.25    -21.55     28.76       2965    0.101    0.899    3.423
  33     76.69    -25.86     24.45       3359    0.081    0.919    3.405
  34     87.14    -29.98     20.33       3607    0.066    0.934    3.398
  35     97.59    -33.79     16.52       3830    0.055    0.945    3.389
  36    108.04    -37.40     12.92       4485    0.046    0.954    3.424
  37    118.49    -40.40      9.91       5006    0.039    0.961    3.479
  38    128.94    -43.03      7.28       4874    0.034    0.966    3.575
  39    139.39    -45.09      5.22       4262    0.029    0.971    3.720
  40    149.83    -46.87      3.45       3888    0.026    0.974    3.825
  41    160.28    -48.16      2.15       3938    0.023    0.977    3.867
  42    170.73    -49.20      1.12       3559    0.020    0.980    3.831
  43    181.18    -49.86      0.46       2799    0.018    0.982    3.812
  44    191.63    -50.18      0.13       2533    0.016    0.984    3.855
  45    202.08    -50.31      0.00       1618    0.015    0.985    3.957
  46    212.52    -50.31      0.00        903    0.013    0.987    3.939
  47    222.97    -50.10      0.21        433    0.012    0.988    3.820
  48    233.42    -49.78      0.54        213    0.011    0.989    3.637
  49    243.87    -49.50      0.82        112    0.010    0.990    3.581
  50    254.32    -49.41      0.91         51    0.010    0.990    3.739
