# Qfep                       version 5.10.24 , gi(modified on 20240701                                                                        )

--> Number of energy files: # Number of files                 =    51
--> No. of states, no. of predefined off-diag elements: # Number of states                 =     2
# Number of off-diagonal elements =     0
--> Give kT & no, of pts to skip   & calculation mode: # kT                              = 0.596
# Number of data points to skip   =   100
# Only QQ interactions will be considered   =   0
--> Give number of gap-bins: # Number of gap-bins              =    50
--> Give minimum # pts/bin: # Minimum number of points per bin=    10
--> Give alpha for state  2:                                                    # Alpha for state  2              =    30.00
--> Number of off-diagonal elements:# Number of off-diagonal elements =     1
#   i   j   A(i,j)  mu(i,j) eta(i,j) rxy0(i,j)
--> i, j, A_ij, mu_ij, eta_ij, r_xy0: #   1   2     25.00      0.00      0.00      0.00
--> linear combination of states defining reaction coord: # Linear combination co-efficients=  1.00 -1.00


# Part 0: Average energies for all states in all files
# file             state   pts   lambda    EQtot   EQbond  EQang   EQtor   EQimp    EQel   EQvdW  Eel_qq  EvdW_qq Eel_qp  EvdW_qp Eel_qw EvdW_qw Eqrstr
--> Name of file number   1:                                                     
# Energy files from Qdyn, version: 5.10.17 , git id=9325b9c29ad62a733df16f540968e33ee6c78260                       
rep0_fep_000_1.000.en   1      1899  1.000000  -302.28  -179.90     2.39    -2.60     0.16  -107.93   -16.21   -14.59    -0.47   -50.29   -17.24   -43.04     1.50     1.80
rep0_fep_000_1.000.en   2      1899  0.000000  -131.28     4.29    68.01     5.22     0.06  -240.06     8.91  -135.66    23.77   -45.26   -16.40   -59.14     1.53    22.28
--> Name of file number   2:                                                     
# Energy files from Qdyn, version: 5.10.17 , git id=9325b9c29ad62a733df16f540968e33ee6c78260                       
rep0_fep_001_0.980.en   1      1899  0.980000  -303.79  -180.01     2.83    -2.63     0.12  -107.42   -17.52   -14.66    -0.66   -50.04   -17.93   -42.72     1.07     0.84
rep0_fep_001_0.980.en   2      1899  0.020000  -152.17   -11.22    60.33     5.33     0.05  -229.49     7.45  -125.35    23.26   -44.66   -16.94   -59.48     1.13    15.39
--> Name of file number   3:                                                     
# Energy files from Qdyn, version: 5.10.17 , git id=9325b9c29ad62a733df16f540968e33ee6c78260                       
rep0_fep_002_0.960.en   1      1899  0.960000  -302.87  -179.94     2.58    -2.53     0.16  -106.74   -17.30   -15.05    -0.80   -49.99   -18.25   -41.70     1.75     0.90
rep0_fep_002_0.960.en   2      1899  0.040000  -158.16    -9.39    54.33     5.39     0.06  -231.24     7.03  -126.05    22.61   -45.59   -17.39   -59.60     1.80    15.67
--> Name of file number   4:                                                     
# Energy files from Qdyn, version: 5.10.17 , git id=9325b9c29ad62a733df16f540968e33ee6c78260                       
rep0_fep_003_0.940.en   1      1899  0.940000  -298.92  -178.94     2.98    -2.39     0.13  -105.30   -15.78   -14.88    -0.51   -50.21   -17.68   -40.20     2.41     0.38
rep0_fep_003_0.940.en   2      1899  0.060000  -166.43   -11.71    47.04     5.51     0.05  -228.40     8.29  -123.62    22.58   -48.02   -16.74   -56.76     2.46    12.79
--> Name of file number   5:                                                     
# Energy files from Qdyn, version: 5.10.17 , git id=9325b9c29ad62a733df16f540968e33ee6c78260                       
rep0_fep_004_0.920.en   1      1899  0.920000  -303.26  -179.01     2.91    -2.28     0.16  -108.89   -16.50   -15.29    -0.19   -50.30   -18.03   -43.30     1.73     0.35
rep0_fep_004_0.920.en   2      1899  0.080000  -180.98   -16.34    42.78     5.78     0.06  -232.87     7.09  -122.90    22.51   -47.34   -17.21   -62.63     1.79    12.53
--> Name of file number   6:                                                     
# Energy files from Qdyn, version: 5.10.17 , git id=9325b9c29ad62a733df16f540968e33ee6c78260                       
rep0_fep_005_0.900.en   1      1899  0.900000  -299.72  -179.60     3.50    -1.89     0.16  -107.07   -15.01   -15.69     0.09   -49.29   -16.80   -42.09     1.70     0.18
rep0_fep_005_0.900.en   2      1899  0.100000  -191.51   -21.77    31.47     5.65     0.07  -225.90     7.97  -119.38    22.22   -45.87   -16.02   -60.64     1.77    10.99
--> Name of file number   7:                                                     
# Energy files from Qdyn, version: 5.10.17 , git id=9325b9c29ad62a733df16f540968e33ee6c78260                       
rep0_fep_006_0.880.en   1      1899  0.880000  -297.03  -179.25     2.85    -2.15     0.15  -103.45   -15.47   -16.28     0.19   -47.86   -16.93   -39.30     1.26     0.29
rep0_fep_006_0.880.en   2      1899  0.120000  -198.61   -24.33    25.42     5.06     0.06  -223.21     7.03  -119.11    21.90   -46.15   -16.20   -57.95     1.32    11.36
--> Name of file number   8:                                                     
# Energy files from Qdyn, version: 5.10.17 , git id=9325b9c29ad62a733df16f540968e33ee6c78260                       
rep0_fep_007_0.860.en   1      1899  0.860000  -300.14  -179.45     2.73    -2.58     0.15  -105.65   -15.49   -16.39     0.42   -47.68   -17.72   -41.58     1.81     0.15
rep0_fep_007_0.860.en   2      1899  0.140000  -205.59   -30.79    25.36     4.57     0.06  -221.26     6.29  -116.37    21.35   -43.70   -16.93   -61.20     1.87    10.19
--> Name of file number   9:                                                     
# Energy files from Qdyn, version: 5.10.17 , git id=9325b9c29ad62a733df16f540968e33ee6c78260                       
rep0_fep_008_0.840.en   1      1899  0.840000  -294.71  -179.21     3.34    -2.65     0.09  -101.24   -15.10   -16.14     1.09   -46.64   -17.30   -38.46     1.11     0.05
rep0_fep_008_0.840.en   2      1899  0.160000  -208.41   -30.56    21.17     5.09     0.04  -219.31     6.52  -116.17    21.94   -43.48   -16.59   -59.66     1.17     8.65
--> Name of file number  10:                                                     
# Energy files from Qdyn, version: 5.10.17 , git id=9325b9c29ad62a733df16f540968e33ee6c78260                       
rep0_fep_009_0.820.en   1      1899  0.820000  -293.17  -178.62     3.85    -3.10     0.09  -101.20   -14.23   -17.61     1.94   -46.70   -17.03   -36.89     0.87     0.05
rep0_fep_009_0.820.en   2      1899  0.180000  -226.94   -37.49    12.87     2.95     0.04  -218.96     6.95  -112.20    22.25   -47.60   -16.23   -59.16     0.93     6.71
--> Name of file number  11:                                                     
# Energy files from Qdyn, version: 5.10.17 , git id=9325b9c29ad62a733df16f540968e33ee6c78260                       
rep0_fep_010_0.800.en   1      1899  0.800000  -292.99  -177.78     3.34    -3.06     0.08  -101.45   -14.15   -16.79     2.20   -44.68   -17.96   -39.98     1.60     0.03
rep0_fep_010_0.800.en   2      1899  0.200000  -225.61   -41.25    14.50     3.10     0.03  -215.54     6.16  -110.58    21.80   -44.14   -17.31   -60.82     1.67     7.38
--> Name of file number  12:                                                     
# Energy files from Qdyn, version: 5.10.17 , git id=9325b9c29ad62a733df16f540968e33ee6c78260                       
rep0_fep_011_0.780.en   1      1899  0.780000  -298.09  -178.01     3.29    -2.29     0.06  -110.97   -10.17   -14.63     3.65   -46.98   -16.77   -49.36     2.95     0.00
rep0_fep_011_0.780.en   2      1899  0.220000  -249.71   -50.12    10.57    -0.33     0.02  -225.91     9.80  -101.88    22.85   -46.45   -16.05   -77.59     3.01     6.25
--> Name of file number  13:                                                     
# Energy files from Qdyn, version: 5.10.17 , git id=9325b9c29ad62a733df16f540968e33ee6c78260                       
rep0_fep_012_0.760.en   1      1899  0.760000  -296.13  -178.18     3.22    -2.78     0.06  -108.22   -10.25   -16.73     4.77   -49.40   -16.48   -42.08     1.47     0.01
rep0_fep_012_0.760.en   2      1899  0.240000  -258.71   -56.58     8.80    -2.27     0.03  -223.28     9.90  -101.40    24.14   -51.92   -15.77   -69.96     1.52     4.70
--> Name of file number  14:                                                     
# Energy files from Qdyn, version: 5.10.17 , git id=9325b9c29ad62a733df16f540968e33ee6c78260                       
rep0_fep_013_0.740.en   1      1899  0.740000  -296.00  -177.53     3.35    -1.93     0.10  -110.89    -9.11   -15.71     4.73   -48.83   -16.29   -46.35     2.45     0.01
rep0_fep_013_0.740.en   2      1899  0.260000  -260.36   -57.14     8.56    -0.87     0.04  -226.02     9.55  -100.12    22.64   -50.96   -15.58   -74.94     2.50     5.51
--> Name of file number  15:                                                     
# Energy files from Qdyn, version: 5.10.17 , git id=9325b9c29ad62a733df16f540968e33ee6c78260                       
rep0_fep_014_0.720.en   1      1899  0.720000  -293.71  -177.47     3.67    -2.42     0.05  -109.17    -8.37   -16.30     5.84   -47.44   -16.49   -45.44     2.27     0.00
rep0_fep_014_0.720.en   2      1899  0.280000  -262.96   -62.24     8.05    -0.99     0.02  -222.45    10.20   -99.21    23.67   -49.01   -15.78   -74.24     2.31     4.46
--> Name of file number  16:                                                     
# Energy files from Qdyn, version: 5.10.17 , git id=9325b9c29ad62a733df16f540968e33ee6c78260                       
rep0_fep_015_0.700.en   1      1899  0.700000  -289.49  -176.55     3.41    -2.64     0.05  -105.81    -7.97   -17.25     6.22   -49.05   -15.43   -39.51     1.25     0.02
rep0_fep_015_0.700.en   2      1899  0.300000  -258.93   -63.13     7.76    -1.76     0.02  -216.80    10.32   -99.81    23.84   -52.40   -14.81   -64.59     1.30     4.67
--> Name of file number  17:                                                     
# Energy files from Qdyn, version: 5.10.17 , git id=9325b9c29ad62a733df16f540968e33ee6c78260                       
rep0_fep_016_0.680.en   1      1899  0.680000  -284.81  -170.89     4.22    -2.93     0.09  -112.45    -2.85   -28.38    11.24   -48.17   -16.06   -35.90     1.96     0.01
rep0_fep_016_0.680.en   2      1899  0.320000  -290.35  -102.00    10.78    -1.54     0.04  -211.14    12.13   -95.01    25.52   -50.37   -15.36   -65.77     1.98     1.38
--> Name of file number  18:                                                     
# Energy files from Qdyn, version: 5.10.17 , git id=9325b9c29ad62a733df16f540968e33ee6c78260                       
rep0_fep_017_0.660.en   1      1899  0.660000  -277.75  -162.35     4.44    -2.96     0.04  -117.70     0.78   -41.10    15.83   -47.67   -15.40   -28.93     0.35     0.01
rep0_fep_017_0.660.en   2      1899  0.340000  -323.04  -142.90    11.09    -1.91     0.01  -199.80    10.47   -94.94    24.76   -48.58   -14.65   -56.28     0.36     0.00
--> Name of file number  19:                                                     
# Energy files from Qdyn, version: 5.10.17 , git id=9325b9c29ad62a733df16f540968e33ee6c78260                       
rep0_fep_018_0.640.en   1      1899  0.640000  -271.95  -157.78     4.53    -2.71     0.05  -117.85     1.81   -42.95    17.13   -48.09   -15.08   -26.82    -0.24     0.01
rep0_fep_018_0.640.en   2      1899  0.360000  -327.82  -151.05     9.88    -1.09     0.02  -195.18     9.60   -91.59    24.11   -49.58   -14.29   -54.02    -0.22     0.00
--> Name of file number  20:                                                     
# Energy files from Qdyn, version: 5.10.17 , git id=9325b9c29ad62a733df16f540968e33ee6c78260                       
rep0_fep_019_0.620.en   1      1899  0.620000  -263.44  -150.79     4.15    -1.98     0.06  -115.69     0.80   -46.85    16.87   -44.44   -14.51   -24.40    -1.56     0.01
rep0_fep_019_0.620.en   2      1899  0.380000  -331.18  -159.00     9.93    -1.66     0.02  -187.08     6.61   -92.44    22.05   -41.70   -13.91   -52.94    -1.53     0.00
--> Name of file number  21:                                                     
# Energy files from Qdyn, version: 5.10.17 , git id=9325b9c29ad62a733df16f540968e33ee6c78260                       
rep0_fep_020_0.600.en   1      1899  0.600000  -252.50  -143.10     5.14    -2.37     0.04  -113.74     1.51   -50.93    17.82   -42.50   -14.12   -20.31    -2.19     0.01
rep0_fep_020_0.600.en   2      1899  0.400000  -327.54  -165.28    10.27    -2.15     0.02  -176.21     5.80   -93.07    21.43   -38.19   -13.47   -44.95    -2.16     0.00
--> Name of file number  22:                                                     
# Energy files from Qdyn, version: 5.10.17 , git id=9325b9c29ad62a733df16f540968e33ee6c78260                       
rep0_fep_021_0.580.en   1      1899  0.580000  -254.70  -141.19     4.69    -2.40     0.05  -118.38     2.52   -51.87    17.81   -42.92   -13.80   -23.60    -1.50     0.01
rep0_fep_021_0.580.en   2      1899  0.420000  -335.96  -167.11     9.57    -1.82     0.02  -183.12     6.49   -91.67    21.15   -39.67   -13.18   -51.77    -1.47     0.00
--> Name of file number  23:                                                     
# Energy files from Qdyn, version: 5.10.17 , git id=9325b9c29ad62a733df16f540968e33ee6c78260                       
rep0_fep_022_0.560.en   1      1899  0.560000  -252.42  -136.30     4.62    -2.69     0.06  -120.61     2.49   -53.90    17.98   -42.76   -14.25   -23.95    -1.24     0.01
rep0_fep_022_0.560.en   2      1899  0.440000  -339.78  -172.99     9.13    -1.84     0.02  -179.52     5.42   -89.64    20.20   -39.74   -13.57   -50.14    -1.21     0.00
--> Name of file number  24:                                                     
# Energy files from Qdyn, version: 5.10.17 , git id=9325b9c29ad62a733df16f540968e33ee6c78260                       
rep0_fep_023_0.540.en   1      1899  0.540000  -249.32  -134.53     5.19    -1.87     0.06  -119.88     1.69   -54.87    18.10   -41.50   -14.16   -23.51    -2.24     0.02
rep0_fep_023_0.540.en   2      1899  0.460000  -342.65  -173.14     8.91    -1.76     0.02  -180.94     4.26   -89.95    19.94   -42.09   -13.50   -48.90    -2.18     0.00
--> Name of file number  25:                                                     
# Energy files from Qdyn, version: 5.10.17 , git id=9325b9c29ad62a733df16f540968e33ee6c78260                       
rep0_fep_024_0.520.en   1      1899  0.520000  -246.48  -128.90     5.04    -1.99     0.08  -121.22     0.49   -55.90    17.91   -42.58   -14.64   -22.74    -2.77     0.02
rep0_fep_024_0.520.en   2      1899  0.480000  -348.24  -176.73     7.99    -0.98     0.03  -180.33     1.79   -87.61    18.53   -40.56   -14.02   -52.16    -2.72     0.00
--> Name of file number  26:                                                     
# Energy files from Qdyn, version: 5.10.17 , git id=9325b9c29ad62a733df16f540968e33ee6c78260                       
rep0_fep_025_0.500.en   1      1899  0.500000  -242.17  -124.27     5.29     0.47     0.06  -123.61    -0.14   -60.15    17.69   -40.67   -15.16   -22.79    -2.66     0.02
rep0_fep_025_0.500.en   2      1899  0.500000  -358.33  -179.23     7.26    -3.75     0.02  -182.95     0.32   -94.73    17.43   -36.14   -14.49   -52.08    -2.62     0.00
--> Name of file number  27:                                                     
# Energy files from Qdyn, version: 5.10.17 , git id=9325b9c29ad62a733df16f540968e33ee6c78260                       
rep0_fep_026_0.480.en   1      1899  0.480000  -238.82  -125.01     5.16     0.89     0.08  -122.59     2.62   -59.74    18.29   -39.58   -14.34   -23.27    -1.33     0.02
rep0_fep_026_0.480.en   2      1899  0.520000  -355.89  -179.66     7.37    -3.79     0.03  -182.78     2.94   -94.38    17.98   -37.21   -13.76   -51.19    -1.28     0.00
--> Name of file number  28:                                                     
# Energy files from Qdyn, version: 5.10.17 , git id=9325b9c29ad62a733df16f540968e33ee6c78260                       
rep0_fep_027_0.460.en   1      1899  0.460000  -238.10  -121.69     5.56     0.23     0.05  -126.16     3.88   -61.29    18.38   -40.33   -13.87   -24.54    -0.63     0.04
rep0_fep_027_0.460.en   2      1899  0.540000  -359.90  -182.79     7.01    -4.00     0.02  -184.01     3.87   -94.22    17.68   -37.46   -13.21   -52.33    -0.60     0.00
--> Name of file number  29:                                                     
# Energy files from Qdyn, version: 5.10.17 , git id=9325b9c29ad62a733df16f540968e33ee6c78260                       
rep0_fep_028_0.440.en   1      1899  0.440000  -238.98  -120.55     5.15     0.83     0.08  -127.65     3.13   -61.72    19.01   -42.35   -14.62   -23.57    -1.27     0.04
rep0_fep_028_0.440.en   2      1899  0.560000  -368.65  -184.86     7.09    -4.06     0.03  -189.32     2.46   -93.56    17.56   -47.34   -13.88   -48.42    -1.22     0.00
--> Name of file number  30:                                                     
# Energy files from Qdyn, version: 5.10.17 , git id=9325b9c29ad62a733df16f540968e33ee6c78260                       
rep0_fep_029_0.420.en   1      1899  0.420000  -239.44  -118.76     5.75     0.26     0.07  -129.68     2.89   -61.89    18.68   -43.82   -14.39   -23.97    -1.40     0.04
rep0_fep_029_0.420.en   2      1899  0.580000  -369.94  -186.49     7.09    -3.81     0.03  -188.80     2.04   -91.03    17.02   -47.40   -13.63   -50.37    -1.35     0.00
--> Name of file number  31:                                                     
# Energy files from Qdyn, version: 5.10.17 , git id=9325b9c29ad62a733df16f540968e33ee6c78260                       
rep0_fep_030_0.400.en   1      1899  0.400000  -240.64  -116.76     5.12     0.38     0.05  -131.79     2.32   -62.30    18.20   -44.37   -15.09   -25.12    -0.80     0.05
rep0_fep_030_0.400.en   2      1899  0.600000  -376.56  -186.18     6.50    -4.29     0.02  -193.59     0.98   -90.31    16.06   -50.13   -14.32   -53.15    -0.75     0.00
--> Name of file number  32:                                                     
# Energy files from Qdyn, version: 5.10.17 , git id=9325b9c29ad62a733df16f540968e33ee6c78260                       
rep0_fep_031_0.380.en   1      1899  0.380000  -235.42  -113.04     5.28     1.09     0.08  -131.24     2.32   -63.93    18.71   -43.32   -14.78   -23.99    -1.60     0.08
rep0_fep_031_0.380.en   2      1899  0.620000  -379.72  -189.00     5.66    -4.09     0.03  -192.65     0.33   -90.91    15.87   -51.25   -14.02   -50.50    -1.53     0.00
--> Name of file number  33:                                                     
# Energy files from Qdyn, version: 5.10.17 , git id=9325b9c29ad62a733df16f540968e33ee6c78260                       
rep0_fep_032_0.360.en   1      1899  0.360000  -236.59  -113.09     4.73     0.67     0.06  -132.82     3.80   -64.04    19.08   -42.96   -14.33   -25.82    -0.96     0.05
rep0_fep_032_0.360.en   2      1899  0.640000  -383.26  -189.47     5.29    -4.12     0.03  -196.40     1.43   -90.79    15.96   -50.54   -13.63   -55.07    -0.90     0.00
--> Name of file number  34:                                                     
# Energy files from Qdyn, version: 5.10.17 , git id=9325b9c29ad62a733df16f540968e33ee6c78260                       
rep0_fep_033_0.340.en   1      1899  0.340000  -235.27  -110.78     5.63     0.71     0.07  -134.49     3.52   -64.85    19.09   -43.44   -14.77   -26.21    -0.80     0.07
rep0_fep_033_0.340.en   2      1899  0.660000  -385.72  -191.45     5.67    -4.17     0.03  -196.58     0.79   -89.83    15.57   -50.63   -14.04   -56.12    -0.75     0.00
--> Name of file number  35:                                                     
# Energy files from Qdyn, version: 5.10.17 , git id=9325b9c29ad62a733df16f540968e33ee6c78260                       
rep0_fep_034_0.320.en   1      1899  0.320000  -232.86  -107.80     5.20     0.79     0.06  -135.49     4.29   -65.46    19.10   -44.54   -14.04   -25.49    -0.77     0.09
rep0_fep_034_0.320.en   2      1899  0.680000  -387.53  -191.88     5.68    -4.17     0.02  -198.09     0.90   -90.00    14.88   -52.42   -13.27   -55.68    -0.71     0.00
--> Name of file number  36:                                                     
# Energy files from Qdyn, version: 5.10.17 , git id=9325b9c29ad62a733df16f540968e33ee6c78260                       
rep0_fep_035_0.300.en   1      1899  0.300000  -228.94  -106.07     6.14     0.76     0.07  -133.86     3.90   -65.14    18.86   -44.63   -14.05   -24.09    -0.91     0.10
rep0_fep_035_0.300.en   2      1899  0.700000  -382.62  -192.05     5.85    -3.93     0.03  -192.83     0.31   -88.32    14.47   -52.06   -13.32   -52.45    -0.85     0.00
--> Name of file number  37:                                                     
# Energy files from Qdyn, version: 5.10.17 , git id=9325b9c29ad62a733df16f540968e33ee6c78260                       
rep0_fep_036_0.280.en   1      1899  0.280000  -227.68  -104.46     6.62     0.76     0.08  -137.06     6.28   -66.25    19.85   -44.35   -14.22   -26.46     0.65     0.11
rep0_fep_036_0.280.en   2      1899  0.720000  -384.47  -192.90     5.61    -3.87     0.03  -195.82     2.47   -89.69    15.16   -51.66   -13.39   -54.48     0.70     0.00
--> Name of file number  38:                                                     
# Energy files from Qdyn, version: 5.10.17 , git id=9325b9c29ad62a733df16f540968e33ee6c78260                       
rep0_fep_037_0.260.en   1      1899  0.260000  -221.54  -102.25     7.14    -0.09     0.07  -131.74     5.20   -66.38    19.85   -40.27   -14.79   -25.09     0.14     0.13
rep0_fep_037_0.260.en   2      1899  0.740000  -383.45  -193.96     5.19    -3.76     0.03  -191.38     0.44   -87.90    14.31   -50.50   -14.05   -52.98     0.18     0.00
--> Name of file number  39:                                                     
# Energy files from Qdyn, version: 5.10.17 , git id=9325b9c29ad62a733df16f540968e33ee6c78260                       
rep0_fep_038_0.240.en   1      1899  0.240000  -219.21   -98.14     7.03     0.20     0.08  -135.93     7.37   -67.19    20.14   -41.73   -14.22   -27.01     1.44     0.18
rep0_fep_038_0.240.en   2      1899  0.760000  -385.71  -194.59     5.33    -3.64     0.03  -195.07     2.24   -87.25    14.15   -51.25   -13.39   -56.57     1.48     0.00
--> Name of file number  40:                                                     
# Energy files from Qdyn, version: 5.10.17 , git id=9325b9c29ad62a733df16f540968e33ee6c78260                       
rep0_fep_039_0.220.en   1      1899  0.220000  -214.11   -96.63     8.49    -0.30     0.07  -133.01     7.08   -66.99    20.41   -40.44   -13.81   -25.58     0.48     0.18
rep0_fep_039_0.220.en   2      1899  0.780000  -385.36  -195.07     6.34    -3.68     0.03  -194.14     1.16   -87.23    13.67   -52.18   -13.04   -54.73     0.53     0.00
--> Name of file number  41:                                                     
# Energy files from Qdyn, version: 5.10.17 , git id=9325b9c29ad62a733df16f540968e33ee6c78260                       
rep0_fep_040_0.200.en   1      1899  0.200000  -208.13   -92.04     7.73    -0.42     0.06  -130.60     6.89   -68.55    20.54   -37.80   -13.99   -24.24     0.34     0.23
rep0_fep_040_0.200.en   2      1899  0.800000  -386.24  -195.16     5.27    -3.59     0.02  -192.86     0.06   -87.51    12.93   -54.04   -13.25   -51.30     0.39     0.00
--> Name of file number  42:                                                     
# Energy files from Qdyn, version: 5.10.17 , git id=9325b9c29ad62a733df16f540968e33ee6c78260                       
rep0_fep_041_0.180.en   1      1899  0.180000  -209.03   -92.25     8.17    -0.28     0.05  -132.11     7.16   -67.63    20.08   -39.50   -12.79   -24.99    -0.12     0.23
rep0_fep_041_0.180.en   2      1899  0.820000  -391.50  -196.82     5.85    -3.88     0.02  -196.71     0.05   -85.33    12.21   -57.77   -12.09   -53.60    -0.07     0.00
--> Name of file number  43:                                                     
# Energy files from Qdyn, version: 5.10.17 , git id=9325b9c29ad62a733df16f540968e33ee6c78260                       
rep0_fep_042_0.160.en   1      1899  0.160000  -206.05   -91.09     9.01     0.00     0.09  -132.79     8.49   -67.72    20.47   -39.31   -12.50   -25.75     0.52     0.23
rep0_fep_042_0.160.en   2      1899  0.840000  -391.02  -197.46     5.43    -3.70     0.04  -196.20     0.87   -84.82    12.12   -55.94   -11.82   -55.44     0.57     0.00
--> Name of file number  44:                                                     
# Energy files from Qdyn, version: 5.10.17 , git id=9325b9c29ad62a733df16f540968e33ee6c78260                       
rep0_fep_043_0.140.en   1      1899  0.140000  -203.05   -84.64     8.63    -0.38     0.05  -135.23     8.17   -69.79    20.74   -38.49   -13.72   -26.96     1.15     0.35
rep0_fep_043_0.140.en   2      1899  0.860000  -393.12  -198.44     4.35    -3.74     0.02  -194.86    -0.45   -85.21    11.30   -51.99   -12.93   -57.67     1.18     0.00
--> Name of file number  45:                                                     
# Energy files from Qdyn, version: 5.10.17 , git id=9325b9c29ad62a733df16f540968e33ee6c78260                       
rep0_fep_044_0.120.en   1      1899  0.120000  -205.90   -82.64     7.50     0.26     0.05  -141.14     9.71   -69.60    20.56   -43.15   -11.93   -28.38     1.07     0.35
rep0_fep_044_0.120.en   2      1899  0.880000  -402.07  -198.45     4.25    -4.29     0.02  -203.95     0.35   -83.06    10.37   -60.43   -11.14   -60.47     1.12     0.00
--> Name of file number  46:                                                     
# Energy files from Qdyn, version: 5.10.17 , git id=9325b9c29ad62a733df16f540968e33ee6c78260                       
rep0_fep_045_0.100.en   1      1899  0.100000  -194.08   -76.86    10.60     0.16     0.07  -138.68    10.15   -71.56    21.87   -39.71   -13.84   -27.41     2.12     0.48
rep0_fep_045_0.100.en   2      1899  0.900000  -396.70  -199.06     4.65    -4.01     0.03  -197.96    -0.35   -84.06    10.57   -54.84   -13.07   -59.06     2.16     0.00
--> Name of file number  47:                                                     
# Energy files from Qdyn, version: 5.10.17 , git id=9325b9c29ad62a733df16f540968e33ee6c78260                       
rep0_fep_046_0.080.en   1      1899  0.080000  -191.20   -77.37    12.41     0.21     0.05  -138.38    11.38   -71.67    22.57   -39.42   -12.82   -27.28     1.62     0.50
rep0_fep_046_0.080.en   2      1899  0.920000  -399.20  -199.71     4.26    -3.67     0.02  -200.04    -0.07   -84.04    10.29   -56.79   -12.02   -59.20     1.67     0.00
--> Name of file number  48:                                                     
# Energy files from Qdyn, version: 5.10.17 , git id=9325b9c29ad62a733df16f540968e33ee6c78260                       
rep0_fep_047_0.060.en   1      1899  0.060000  -189.67   -75.55     9.84     0.66     0.07  -135.22    10.07   -69.62    21.96   -38.33   -12.79   -27.27     0.90     0.46
rep0_fep_047_0.060.en   2      1899  0.940000  -397.72  -199.87     4.15    -3.12     0.03  -196.17    -2.74   -80.82     8.44   -56.42   -12.13   -58.92     0.94     0.00
--> Name of file number  49:                                                     
# Energy files from Qdyn, version: 5.10.17 , git id=9325b9c29ad62a733df16f540968e33ee6c78260                       
rep0_fep_048_0.040.en   1      1899  0.040000  -175.46   -67.18    17.18    -0.09     0.05  -138.45    12.36   -74.27    23.55   -39.24   -12.52   -24.94     1.33     0.67
rep0_fep_048_0.040.en   2      1899  0.960000  -395.67  -199.33     4.32    -3.91     0.02  -196.00    -0.78   -84.21     9.54   -55.98   -11.70   -55.80     1.38     0.00
--> Name of file number  50:                                                     
# Energy files from Qdyn, version: 5.10.17 , git id=9325b9c29ad62a733df16f540968e33ee6c78260                       
rep0_fep_049_0.020.en   1      1899  0.020000  -174.06   -66.83    15.10     0.59     0.07  -137.98    14.36   -72.99    25.17   -38.02   -12.53   -26.96     1.71     0.62
rep0_fep_049_0.020.en   2      1899  0.980000  -399.14  -199.00     4.20    -3.52     0.03  -199.50    -1.34   -82.86     8.68   -56.30   -11.78   -60.34     1.76     0.00
--> Name of file number  51:                                                     
# Energy files from Qdyn, version: 5.10.17 , git id=9325b9c29ad62a733df16f540968e33ee6c78260                       
rep0_fep_050_0.000.en   1      1899  0.000000  -159.34   -62.22    24.46     0.76     0.07  -137.65    14.53   -73.83    24.52   -36.35   -12.05   -27.46     2.06     0.71
rep0_fep_050_0.000.en   2      1899  1.000000  -398.17  -200.01     4.12    -3.41     0.03  -197.82    -1.07   -82.69     8.13   -51.70   -11.29   -63.42     2.10     0.00


# Part 1: Free energy perturbation summary:

# Calculation for full system
# lambda(1)      dGf sum(dGf)      dGr sum(dGr)     <dG>
   1.000000     0.000     0.000    -3.668    42.589     0.000
   0.980000     3.940     3.940    -3.559    46.257     3.804
   0.960000     3.597     7.537    -3.290    49.816     7.382
   0.940000     3.423    10.960    -3.122    53.106    10.739
   0.920000     3.210    14.170    -2.876    56.228    13.905
   0.900000     2.977    17.147    -2.629    59.103    16.831
   0.880000     2.657    19.804    -2.520    61.733    19.474
   0.860000     2.514    22.318    -2.383    64.253    21.991
   0.840000     2.461    24.779    -1.966    66.635    24.413
   0.820000     2.266    27.045    -1.999    68.601    26.529
   0.800000     1.882    28.928    -1.595    70.600    28.469
   0.780000     1.894    30.821    -1.372    72.195    30.214
   0.760000     1.537    32.359    -1.342    73.567    31.668
   0.740000     1.325    33.683    -1.235    74.909    33.002
   0.720000     1.284    34.967    -1.237    76.144    34.261
   0.700000     1.195    36.162    -0.738    77.381    35.477
   0.680000     1.184    37.346     0.242    78.119    36.438
   0.660000     0.224    37.570     0.459    77.877    36.429
   0.640000    -0.370    37.200     0.692    77.418    36.014
   0.620000    -0.576    36.624     0.801    76.725    35.380
   0.600000    -0.816    35.809     0.935    75.924    34.572
   0.580000    -0.978    34.830     1.105    74.989    33.615
   0.560000    -1.103    33.728     1.213    73.885    32.512
   0.540000    -1.188    32.540     1.377    72.671    31.311
   0.520000    -1.317    31.222     1.695    71.295    29.964
   0.500000    -1.491    29.731     1.693    69.600    28.371
   0.480000    -1.753    27.979     1.796    67.907    26.649
   0.460000    -1.786    26.193     1.957    66.111    24.858
   0.440000    -1.873    24.319     1.985    64.155    22.943
   0.420000    -2.031    22.289     2.091    62.170    20.935
   0.400000    -2.036    20.253     2.258    60.079    18.871
   0.380000    -2.146    18.107     2.312    57.821    16.669
   0.360000    -2.316    15.790     2.387    55.509    14.355
   0.340000    -2.356    13.435     2.472    53.122    11.984
   0.320000    -2.432    11.002     2.453    50.651     9.532
   0.300000    -2.515     8.487     2.498    48.198     7.048
   0.280000    -2.496     5.991     2.608    45.700     4.551
   0.260000    -2.573     3.418     2.692    43.092     1.961
   0.240000    -2.668     0.750     2.784    40.400    -0.719
   0.220000    -2.771    -2.020     2.931    37.616    -3.497
   0.200000    -2.868    -4.888     3.016    34.685    -6.396
   0.180000    -2.998    -7.886     3.067    31.669    -9.403
   0.160000    -3.081   -10.968     3.171    28.603   -12.477
   0.140000    -3.130   -14.098     3.293    25.432   -15.627
   0.120000    -3.233   -17.331     3.408    22.139   -18.890
   0.100000    -3.355   -20.686     3.510    18.731   -22.272
   0.080000    -3.497   -24.183     3.518    15.220   -25.776
   0.060000    -3.614   -27.797     3.752    11.703   -29.342
   0.040000    -3.606   -31.403     3.857     7.950   -33.021
   0.020000    -3.857   -35.260     4.094     4.094   -36.878
   0.000000    -3.949   -39.209     0.000     0.000   -40.899

# Min energy-gap is:   -247.34
# Max energy-gap is:    254.34



# Part 2: Reaction free energy summary:
# Lambda(1)  bin Energy gap      dGa     dGb     dGg    # pts    c1**2    c2**2
   1.000000    1    -242.32       0.00     238.91      -2.55     22     0.990     0.010
   1.000000    2    -232.29       0.00     228.57      -2.68    117     0.989     0.011
   1.000000    3    -222.25       0.00     218.69      -2.78    168     0.988     0.012
   1.000000    4    -212.22       0.00     208.66      -2.91    364     0.987     0.013
   1.000000    5    -202.19       0.00     198.81      -3.05    369     0.985     0.015
   1.000000    6    -192.15       0.00     188.81      -3.20    436     0.984     0.016
   1.000000    7    -182.12       0.00     178.83      -3.37    358     0.982     0.018
   1.000000    8    -172.09       0.00     169.57      -3.52     60     0.981     0.019
   0.980000    4    -212.22      -0.42     208.28      -3.34     18     0.987     0.013
   0.980000    5    -202.19      -0.21     198.18      -3.28    114     0.985     0.015
   0.980000    6    -192.15      -0.03     188.61      -3.24    379     0.984     0.016
   0.980000    7    -182.12       0.15     179.24      -3.21    775     0.982     0.018
   0.980000    8    -172.09       0.34     169.50      -3.20    452     0.980     0.020
   0.980000    9    -162.05       0.54     160.14      -3.20    146     0.978     0.022
   0.980000   10    -152.02       0.70     155.22      -3.23     15     0.976     0.024
   0.960000    5    -202.19      -0.64     198.03      -3.71     92     0.985     0.015
   0.960000    6    -192.15      -0.29     188.61      -3.49    293     0.984     0.016
   0.960000    7    -182.12       0.11     178.83      -3.26    455     0.982     0.018
   0.960000    8    -172.09       0.48     169.54      -3.07    538     0.980     0.020
   0.960000    9    -162.05       0.88     160.26      -2.88    303     0.978     0.022
   0.960000   10    -152.02       1.27     150.76      -2.71    144     0.975     0.025
   0.960000   11    -141.98       1.68     140.63      -2.58     53     0.972     0.028
   0.960000   12    -131.95       1.98     136.76      -2.50     16     0.969     0.031
   0.940000    6    -192.15      -0.74     188.05      -3.95     18     0.984     0.016
   0.940000    7    -182.12      -0.16     178.63      -3.53    132     0.982     0.018
   0.940000    8    -172.09       0.45     169.20      -3.11    484     0.980     0.020
   0.940000    9    -162.05       0.98     160.02      -2.77    678     0.978     0.022
   0.940000   10    -152.02       1.56     150.78      -2.42    432     0.975     0.025
   0.940000   11    -141.98       2.10     141.76      -2.11    120     0.972     0.028
   0.940000   12    -131.95       2.61     137.52      -1.86     27     0.969     0.031
   0.920000    6    -192.15      -1.38     187.55      -4.59     26     0.984     0.016
   0.920000    7    -182.12      -0.60     178.27      -3.98    110     0.982     0.018
   0.920000    8    -172.09       0.06     169.49      -3.47    146     0.980     0.020
   0.920000    9    -162.05       0.95     159.90      -2.81    383     0.978     0.022
   0.920000   10    -152.02       1.69     150.69      -2.29    464     0.975     0.025
   0.920000   11    -141.98       2.47     141.90      -1.77    546     0.972     0.028
   0.920000   12    -131.95       3.21     132.57      -1.30    150     0.968     0.032
   0.920000   13    -121.92       4.01     123.24      -0.85     65     0.963     0.037
   0.900000    7    -182.12      -1.35     177.65      -4.72     13     0.982     0.018
   0.900000    8    -172.09      -0.22     168.47      -3.80     92     0.980     0.020
   0.900000    9    -162.05       0.62     159.47      -3.14    258     0.978     0.022
   0.900000   10    -152.02       1.57     150.78      -2.41    335     0.975     0.025
   0.900000   11    -141.98       2.63     141.33      -1.63    252     0.971     0.029
   0.900000   12    -131.95       3.54     132.69      -0.99    347     0.968     0.032
   0.900000   13    -121.92       4.55     123.72      -0.33    322     0.963     0.037
   0.900000   14    -111.88       5.56     114.91       0.28    251     0.957     0.043
   0.900000   15    -101.85       6.27     110.92       0.65     29     0.952     0.048
   0.880000    9    -162.05       0.12     159.04      -3.65     24     0.977     0.023
   0.880000   10    -152.02       1.18     150.33      -2.80    151     0.975     0.025
   0.880000   11    -141.98       2.34     141.65      -1.90    376     0.972     0.028
   0.880000   12    -131.95       3.49     132.91      -1.03    334     0.968     0.032
   0.880000   13    -121.92       4.76     123.79      -0.12    565     0.962     0.038
   0.880000   14    -111.88       5.81     116.35       0.57    424     0.957     0.043
   0.880000   15    -101.85       6.95     109.69       1.28     25     0.951     0.049
   0.860000   11    -141.98       2.35     140.72      -1.95    179     0.971     0.029
   0.860000   12    -131.95       3.36     132.81      -1.16    610     0.968     0.032
   0.860000   13    -121.92       4.81     124.10      -0.07    667     0.963     0.037
   0.860000   14    -111.88       6.00     116.15       0.78    386     0.958     0.042
   0.860000   15    -101.85       7.48     108.33       1.78     57     0.950     0.050
   0.840000   10    -152.02       0.78     148.28      -3.33     10     0.974     0.026
   0.840000   11    -141.98       1.59     140.73      -2.64     81     0.971     0.029
   0.840000   12    -131.95       3.31     132.42      -1.24    335     0.967     0.033
   0.840000   13    -121.92       4.77     124.09      -0.10    521     0.962     0.038
   0.840000   14    -111.88       6.29     116.01       1.04    517     0.957     0.043
   0.840000   15    -101.85       7.90     107.42       2.20    280     0.949     0.051
   0.840000   16     -91.82       9.43      99.28       3.20    121     0.940     0.060
   0.840000   17     -81.78      10.99      92.90       4.12     34     0.929     0.071
   0.820000   13    -121.92       5.10     123.35       0.07     52     0.961     0.039
   0.820000   14    -111.88       6.31     115.43       1.04    293     0.956     0.044
   0.820000   15    -101.85       7.99     107.54       2.28    569     0.949     0.051
   0.820000   16     -91.82       9.70      99.44       3.47    551     0.940     0.060
   0.820000   17     -81.78      11.50      91.29       4.62    361     0.927     0.073
   0.820000   18     -71.75      13.14      83.32       5.55     71     0.913     0.087
   0.800000   12    -131.95       1.84     131.99      -2.69     13     0.968     0.032
   0.800000   13    -121.92       4.16     123.17      -0.74     91     0.962     0.038
   0.800000   14    -111.88       6.03     115.13       0.76    311     0.956     0.044
   0.800000   15    -101.85       7.91     107.43       2.20    626     0.948     0.052
   0.800000   16     -91.82       9.69      99.73       3.48    484     0.940     0.060
   0.800000   17     -81.78      11.76      91.73       4.89    236     0.927     0.073
   0.800000   18     -71.75      13.63      84.20       6.03    122     0.913     0.087
   0.800000   19     -61.72      15.54      77.12       7.04     16     0.893     0.107
   0.780000   15    -101.85       8.36     106.79       2.43     26     0.946     0.054
   0.780000   16     -91.82      10.07      99.00       3.75    304     0.937     0.063
   0.780000   17     -81.78      11.88      91.68       5.01    789     0.927     0.073
   0.780000   18     -71.75      13.97      84.18       6.35    556     0.912     0.088
   0.780000   19     -61.72      16.08      76.46       7.54    190     0.892     0.108
   0.780000   20     -51.68      18.18      68.33       8.52     30     0.864     0.136
   0.760000   16     -91.82      10.23      98.97       3.72     13     0.936     0.064
   0.760000   17     -81.78      11.99      91.27       5.03    232     0.925     0.075
   0.760000   18     -71.75      14.18      83.82       6.50    773     0.909     0.091
   0.760000   19     -61.72      16.39      76.41       7.81    667     0.890     0.110
   0.760000   20     -51.68      18.60      69.15       8.90    201     0.865     0.135
   0.760000   21     -41.65      20.63      66.30       9.66     13     0.838     0.162
   0.740000   16     -91.82       9.52      98.48       3.09     30     0.937     0.063
   0.740000   17     -81.78      11.82      90.78       4.85    192     0.924     0.076
   0.740000   18     -71.75      14.04      83.87       6.38    662     0.909     0.091
   0.740000   19     -61.72      16.47      76.67       7.89    658     0.889     0.111
   0.740000   20     -51.68      19.03      69.52       9.26    329     0.862     0.138
   0.740000   21     -41.65      21.23      65.59      10.16     28     0.834     0.166
   0.720000   17     -81.78      11.73      90.70       4.64     35     0.923     0.077
   0.720000   18     -71.75      14.12      83.38       6.40    377     0.907     0.093
   0.720000   19     -61.72      16.46      76.76       7.89    873     0.889     0.111
   0.720000   20     -51.68      19.08      70.23       9.37    553     0.864     0.136
   0.720000   21     -41.65      21.67      62.77      10.57     53     0.830     0.170
   0.700000   17     -81.78      10.75      89.92       3.89     27     0.923     0.077
   0.700000   18     -71.75      13.81      83.45       6.09    467     0.908     0.092
   0.700000   19     -61.72      16.46      76.69       7.88    799     0.888     0.112
   0.700000   20     -51.68      19.32      70.11       9.58    481     0.862     0.138
   0.700000   21     -41.65      22.21      62.82      11.03    108     0.824     0.176
   0.700000   22     -31.62      24.91      58.82      11.97     13     0.784     0.216
   0.680000   18     -71.75      13.29      82.95       5.60     89     0.908     0.092
   0.680000   19     -61.72      16.35      76.36       7.72    226     0.887     0.113
   0.680000   20     -51.68      19.31      69.75       9.56    262     0.860     0.140
   0.680000   21     -41.65      22.54      62.84      11.25    221     0.820     0.180
   0.680000   22     -31.62      25.68      55.97      12.47    138     0.766     0.234
   0.680000   23     -21.58      29.19      48.90      13.08    132     0.688     0.312
   0.680000   24     -11.55      32.25      42.15      12.73    181     0.606     0.394
   0.680000   25      -1.52      35.26      35.49      11.49    267     0.518     0.482
   0.680000   26       8.52      38.43      29.06       9.25    181     0.423     0.577
   0.680000   27      18.55      41.78      21.81       5.61    125     0.325     0.675
   0.680000   28      28.58      44.84      15.02       1.48     77     0.256     0.744
   0.660000   23     -21.58      28.98      48.33      12.67     23     0.685     0.315
   0.660000   24     -11.55      32.08      41.84      12.50     76     0.600     0.400
   0.660000   25      -1.52      35.34      35.32      11.38    269     0.510     0.490
   0.660000   26       8.52      38.72      28.87       9.26    485     0.416     0.584
   0.660000   27      18.55      42.00      22.36       6.14    531     0.329     0.671
   0.660000   28      28.58      45.32      16.13       2.46    328     0.258     0.742
   0.660000   29      38.62      48.78       9.14      -2.41    135     0.197     0.803
   0.660000   30      48.65      51.90       3.37      -6.72     52     0.160     0.840
   0.640000   25      -1.52      35.12      35.05      10.95    112     0.504     0.496
   0.640000   26       8.52      38.52      28.55       8.95    179     0.410     0.590
   0.640000   27      18.55      41.90      22.27       6.07    553     0.327     0.673
   0.640000   28      28.58      45.54      15.90       2.31    507     0.253     0.747
   0.640000   29      38.62      49.02       9.65      -1.92    374     0.198     0.802
   0.640000   30      48.65      52.34       3.39      -6.60    139     0.159     0.841
   0.640000   31      58.68      55.78      -3.01     -11.73     29     0.127     0.873
   0.620000   25      -1.52      33.56      34.80      10.55     15     0.529     0.471
   0.620000   26       8.52      38.99      27.95       8.35     65     0.394     0.606
   0.620000   27      18.55      41.79      22.19       5.91    203     0.324     0.676
   0.620000   28      28.58      45.75      15.72       2.14    401     0.246     0.754
   0.620000   29      38.62      49.16       9.98      -1.64    592     0.197     0.803
   0.620000   30      48.65      52.99       3.59      -6.40    386     0.153     0.847
   0.620000   31      58.68      56.56      -2.11     -10.88    194     0.124     0.876
   0.620000   32      68.72      60.38      -8.87     -16.62     27     0.098     0.902
   0.620000   33      78.75      64.26     -12.89     -20.16     16     0.081     0.919
   0.600000   24     -11.55      29.28      40.13      10.03     12     0.616     0.384
   0.600000   25      -1.52      33.52      33.51       9.48     22     0.499     0.501
   0.600000   26       8.52      37.23      27.76       8.05     54     0.415     0.585
   0.600000   27      18.55      41.03      21.75       5.49     86     0.327     0.673
   0.600000   28      28.58      45.29      15.71       2.11    239     0.250     0.750
   0.600000   29      38.62      49.22       9.59      -1.94    365     0.194     0.806
   0.600000   30      48.65      53.14       3.71      -6.27    475     0.152     0.848
   0.600000   31      58.68      57.15      -2.19     -10.95    484     0.120     0.880
   0.600000   32      68.72      60.68      -7.21     -15.07    133     0.101     0.899
   0.600000   33      78.75      65.29     -14.64     -21.59     29     0.077     0.923
   0.580000   26       8.52      38.21      26.65       7.01     30     0.389     0.611
   0.580000   27      18.55      40.67      21.05       4.83    104     0.319     0.681
   0.580000   28      28.58      44.72      15.58       1.93    152     0.253     0.747
   0.580000   29      38.62      49.06       9.67      -1.93    230     0.193     0.807
   0.580000   30      48.65      53.13       3.70      -6.28    418     0.150     0.850
   0.580000   31      58.68      57.28      -1.90     -10.67    573     0.120     0.880
   0.580000   32      68.72      61.23      -7.32     -15.13    307     0.099     0.901
   0.580000   33      78.75      65.57     -13.57     -20.55     55     0.079     0.921
   0.580000   34      88.78      69.55     -19.03     -25.38     30     0.066     0.934
   0.560000   28      28.58      45.48      14.80       1.17     39     0.241     0.759
   0.560000   29      38.62      49.01       9.24      -2.35    187     0.189     0.811
   0.560000   30      48.65      53.11       3.71      -6.31    500     0.149     0.851
   0.560000   31      58.68      57.44      -1.94     -10.70    585     0.119     0.881
   0.560000   32      68.72      61.42      -7.13     -14.92    449     0.098     0.902
   0.560000   33      78.75      65.75     -12.01     -19.04    128     0.081     0.919
   0.560000   34      88.78      70.33     -16.21     -22.87     11     0.067     0.933
   0.540000   28      28.58      44.19      14.66       0.91     11     0.249     0.751
   0.540000   29      38.62      48.13       8.84      -2.74    119     0.191     0.809
   0.540000   30      48.65      52.89       3.51      -6.49    304     0.149     0.851
   0.540000   31      58.68      57.38      -1.85     -10.62    483     0.118     0.882
   0.540000   32      68.72      61.78      -7.01     -14.80    589     0.097     0.903
   0.540000   33      78.75      66.33     -12.39     -19.39    316     0.079     0.921
   0.540000   34      88.78      70.85     -17.79     -24.13     77     0.065     0.935
   0.520000   29      38.62      47.79       8.17      -3.40     29     0.186     0.814
   0.520000   30      48.65      52.22       3.27      -6.76    128     0.150     0.850
   0.520000   31      58.68      57.11      -1.95     -10.73    386     0.119     0.881
   0.520000   32      68.72      61.83      -7.16     -14.95    463     0.095     0.905
   0.520000   33      78.75      66.52     -12.21     -19.20    518     0.079     0.921
   0.520000   34      88.78      71.25     -17.17     -23.51    297     0.065     0.935
   0.520000   35      98.82      75.61     -21.75     -27.55     71     0.057     0.943
   0.500000   31      58.68      59.62      -2.94     -11.69     11     0.109     0.891
   0.500000   32      68.72      62.05      -7.58     -15.35    141     0.093     0.907
   0.500000   33      78.75      66.75     -12.39     -19.37    648     0.077     0.923
   0.500000   34      88.78      71.45     -17.13     -23.45    695     0.065     0.935
   0.500000   35      98.82      76.50     -22.05     -27.83    351     0.054     0.946
   0.500000   36     108.85      81.04     -27.26     -32.55     53     0.047     0.953
   0.480000   30      48.65      52.66       1.78      -8.25     14     0.143     0.857
   0.480000   31      58.68      56.16      -2.93     -11.69     46     0.118     0.882
   0.480000   32      68.72      61.50      -7.70     -15.49    193     0.094     0.906
   0.480000   33      78.75      66.48     -12.46     -19.44    451     0.077     0.923
   0.480000   34      88.78      71.49     -17.14     -23.47    640     0.064     0.936
   0.480000   35      98.82      76.62     -21.68     -27.47    426     0.054     0.946
   0.480000   36     108.85      81.54     -26.26     -31.58    117     0.047     0.953
   0.480000   37     118.88      86.37     -28.59     -33.78     12     0.041     0.959
   0.460000   31      58.68      57.05      -3.25     -12.11     16     0.115     0.885
   0.460000   32      68.72      61.08      -8.07     -15.86     97     0.094     0.906
   0.460000   33      78.75      66.54     -12.80     -19.78    311     0.076     0.924
   0.460000   34      88.78      71.47     -17.06     -23.40    634     0.064     0.936
   0.460000   35      98.82      76.69     -21.64     -27.41    594     0.054     0.946
   0.460000   36     108.85      81.90     -26.05     -31.36    230     0.046     0.954
   0.460000   37     118.88      86.87     -28.31     -33.47     17     0.041     0.959
   0.440000   33      78.75      66.67     -13.30     -20.26    112     0.074     0.926
   0.440000   34      88.78      71.28     -17.19     -23.53    463     0.064     0.936
   0.440000   35      98.82      76.77     -21.55     -27.32    629     0.054     0.946
   0.440000   36     108.85      82.35     -25.86     -31.17    513     0.046     0.954
   0.440000   37     118.88      87.67     -29.79     -34.71    158     0.040     0.960
   0.440000   38     128.92      93.02     -33.17     -37.87     16     0.035     0.965
   0.420000   33      78.75      68.57     -13.85     -20.80     58     0.072     0.928
   0.420000   34      88.78      71.10     -17.60     -23.92    318     0.063     0.937
   0.420000   35      98.82      76.66     -21.47     -27.25    898     0.054     0.946
   0.420000   36     108.85      82.30     -25.37     -30.70    495     0.046     0.954
   0.420000   37     118.88      87.96     -29.86     -34.76    117     0.040     0.960
   0.420000   38     128.92      93.58     -32.79     -37.48     13     0.035     0.965
   0.400000   34      88.78      71.00     -17.76     -24.09    168     0.063     0.937
   0.400000   35      98.82      76.66     -21.60     -27.38    584     0.054     0.946
   0.400000   36     108.85      82.56     -25.42     -30.75    750     0.046     0.954
   0.400000   37     118.88      88.28     -29.01     -33.96    357     0.040     0.960
   0.400000   38     128.92      94.26     -32.92     -37.53     32     0.035     0.965
   0.380000   35      98.82      77.08     -21.96     -27.74    207     0.053     0.947
   0.380000   36     108.85      82.62     -25.55     -30.87    777     0.045     0.955
   0.380000   37     118.88      88.53     -29.00     -33.93    589     0.040     0.960
   0.380000   38     128.92      94.74     -32.77     -37.36    260     0.034     0.966
   0.380000   39     138.95     100.69     -35.48     -39.87     58     0.031     0.969
   0.360000   35      98.82      76.48     -22.47     -28.23     75     0.052     0.948
   0.360000   36     108.85      82.58     -25.81     -31.12    620     0.045     0.955
   0.360000   37     118.88      88.53     -29.00     -33.93    859     0.040     0.960
   0.360000   38     128.92      94.89     -32.47     -37.07    306     0.034     0.966
   0.360000   39     138.95     101.03     -35.93     -40.22     23     0.030     0.970
   0.340000   35      98.82      79.44     -22.94     -28.69     36     0.051     0.949
   0.340000   36     108.85      82.33     -25.89     -31.21    371     0.045     0.955
   0.340000   37     118.88      88.74     -29.15     -34.07    860     0.039     0.961
   0.340000   38     128.92      94.91     -31.97     -36.57    510     0.035     0.965
   0.340000   39     138.95     101.61     -35.38     -39.69    111     0.030     0.970
   0.340000   40     148.98     107.71     -37.44     -41.62     11     0.027     0.973
   0.320000   35      98.82      78.21     -23.07     -28.86     11     0.051     0.949
   0.320000   36     108.85      82.36     -26.31     -31.61    164     0.044     0.956
   0.320000   37     118.88      88.67     -29.20     -34.12    701     0.039     0.961
   0.320000   38     128.92      95.18     -32.20     -36.79    790     0.034     0.966
   0.320000   39     138.95     101.69     -35.05     -39.35    221     0.030     0.970
   0.320000   40     148.98     108.87     -38.04     -42.12     12     0.026     0.974
   0.300000   36     108.85      82.11     -26.53     -31.83    187     0.044     0.956
   0.300000   37     118.88      88.45     -29.28     -34.20    842     0.039     0.961
   0.300000   38     128.92      95.01     -31.94     -36.54    662     0.034     0.966
   0.300000   39     138.95     101.94     -34.94     -39.22    186     0.030     0.970
   0.300000   40     148.98     109.23     -37.42     -41.51     18     0.027     0.973
   0.280000   35      98.82      73.49     -23.93     -29.71     50     0.053     0.947
   0.280000   36     108.85      81.02     -26.59     -31.91    144     0.045     0.955
   0.280000   37     118.88      88.36     -29.34     -34.27    512     0.039     0.961
   0.280000   38     128.92      95.27     -31.94     -36.54    753     0.034     0.966
   0.280000   39     138.95     102.31     -34.61     -38.91    351     0.030     0.970
   0.280000   40     148.98     109.44     -37.29     -41.33     76     0.026     0.974
   0.280000   41     159.02     116.73     -40.35     -44.14     13     0.023     0.977
   0.260000   36     108.85      83.45     -27.17     -32.48     64     0.044     0.956
   0.260000   37     118.88      88.13     -29.55     -34.48    313     0.039     0.961
   0.260000   38     128.92      95.29     -32.01     -36.59    717     0.034     0.966
   0.260000   39     138.95     102.47     -34.42     -38.72    618     0.030     0.970
   0.260000   40     148.98     109.73     -36.94     -40.97    177     0.026     0.974
   0.260000   41     159.02     116.60     -38.35     -42.28     10     0.024     0.976
   0.240000   36     108.85      84.24     -27.69     -32.99     19     0.043     0.957
   0.240000   37     118.88      87.86     -29.79     -34.72    199     0.038     0.962
   0.240000   38     128.92      95.11     -32.08     -36.67    587     0.034     0.966
   0.240000   39     138.95     102.63     -34.38     -38.67    631     0.030     0.970
   0.240000   40     148.98     110.02     -36.57     -40.62    373     0.026     0.974
   0.240000   41     159.02     117.19     -39.09     -42.88     61     0.023     0.977
   0.240000   42     169.05     125.43     -41.50     -45.09     29     0.021     0.979
   0.220000   37     118.88      87.29     -30.15     -35.08    103     0.039     0.961
   0.220000   38     128.92      95.20     -32.30     -36.89    408     0.033     0.967
   0.220000   39     138.95     102.72     -34.47     -38.76    645     0.029     0.971
   0.220000   40     148.98     110.11     -36.45     -40.48    468     0.026     0.974
   0.220000   41     159.02     117.78     -38.37     -42.19    217     0.024     0.976
   0.220000   42     169.05     125.66     -40.63     -44.22     41     0.021     0.979
   0.200000   38     128.92      95.69     -32.73     -37.30     99     0.033     0.967
   0.200000   39     138.95     102.48     -34.49     -38.78    595     0.029     0.971
   0.200000   40     148.98     110.35     -36.40     -40.44    694     0.026     0.974
   0.200000   41     159.02     118.13     -38.27     -42.07    410     0.023     0.977
   0.200000   42     169.05     126.19     -40.16     -43.76     75     0.021     0.979
   0.200000   43     179.09     134.34     -42.26     -45.65     16     0.019     0.981
   0.200000   44     189.12     142.84     -44.11     -47.36     10     0.017     0.983
   0.180000   38     128.92      94.21     -33.05     -37.63     80     0.033     0.967
   0.180000   39     138.95     102.24     -34.76     -39.05    264     0.029     0.971
   0.180000   40     148.98     110.29     -36.54     -40.56    683     0.026     0.974
   0.180000   41     159.02     118.17     -38.05     -41.86    620     0.023     0.977
   0.180000   42     169.05     126.31     -39.74     -43.35    229     0.021     0.979
   0.180000   43     179.09     134.16     -41.00     -44.49     19     0.019     0.981
   0.160000   38     128.92      94.73     -33.49     -38.08     47     0.033     0.967
   0.160000   39     138.95     102.20     -34.99     -39.28    198     0.029     0.971
   0.160000   40     148.98     110.26     -36.52     -40.56    586     0.026     0.974
   0.160000   41     159.02     118.36     -38.05     -41.85    726     0.023     0.977
   0.160000   42     169.05     126.61     -39.48     -43.08    321     0.021     0.979
   0.160000   43     179.09     135.24     -41.20     -44.61     21     0.018     0.982
   0.140000   39     138.95     101.11     -35.38     -39.66     56     0.029     0.971
   0.140000   40     148.98     110.17     -36.73     -40.75    498     0.026     0.974
   0.140000   41     159.02     118.45     -38.00     -41.81    708     0.023     0.977
   0.140000   42     169.05     126.84     -39.30     -42.90    447     0.021     0.979
   0.140000   43     179.09     135.15     -40.60     -44.02    185     0.019     0.981
   0.120000   39     138.95     106.09     -35.99     -40.25     10     0.028     0.972
   0.120000   40     148.98     109.98     -37.04     -41.05    180     0.025     0.975
   0.120000   41     159.02     118.47     -38.14     -41.94    640     0.023     0.977
   0.120000   42     169.05     126.99     -39.22     -42.82    672     0.021     0.979
   0.120000   43     179.09     135.81     -40.40     -43.81    330     0.019     0.981
   0.120000   44     189.12     144.33     -41.54     -44.79     65     0.017     0.983
   0.100000   40     148.98     109.50     -37.33     -41.36    108     0.026     0.974
   0.100000   41     159.02     118.32     -38.30     -42.10    321     0.023     0.977
   0.100000   42     169.05     127.16     -39.28     -42.87    595     0.020     0.980
   0.100000   43     179.09     135.96     -40.16     -43.58    578     0.019     0.981
   0.100000   44     189.12     144.84     -41.13     -44.38    214     0.017     0.983
   0.100000   45     199.15     153.89     -42.08     -45.18     80     0.015     0.985
   0.080000   40     148.98     111.81     -37.88     -41.90     32     0.025     0.975
   0.080000   41     159.02     118.50     -38.67     -42.46    213     0.023     0.977
   0.080000   42     169.05     126.89     -39.38     -42.97    533     0.020     0.980
   0.080000   43     179.09     135.85     -40.11     -43.53    542     0.019     0.981
   0.080000   44     189.12     145.13     -40.89     -44.14    368     0.017     0.983
   0.080000   45     199.15     154.32     -41.68     -44.77    148     0.015     0.985
   0.080000   46     209.19     163.48     -42.40     -45.36     63     0.014     0.986
   0.060000   40     148.98     108.00     -38.38     -42.42     18     0.026     0.974
   0.060000   41     159.02     117.66     -38.94     -42.75    175     0.023     0.977
   0.060000   42     169.05     126.99     -39.57     -43.16    493     0.020     0.980
   0.060000   43     179.09     135.80     -40.08     -43.50    693     0.019     0.981
   0.060000   44     189.12     145.06     -40.68     -43.93    341     0.017     0.983
   0.060000   45     199.15     154.56     -41.27     -44.36    141     0.015     0.985
   0.060000   46     209.19     163.64     -41.77     -44.74     34     0.014     0.986
   0.040000   41     159.02     118.44     -39.46     -43.25     33     0.023     0.977
   0.040000   42     169.05     126.85     -39.84     -43.43    144     0.020     0.980
   0.040000   43     179.09     136.07     -40.21     -43.62    463     0.018     0.982
   0.040000   44     189.12     145.51     -40.60     -43.84    510     0.017     0.983
   0.040000   45     199.15     154.94     -40.97     -44.07    497     0.015     0.985
   0.040000   46     209.19     164.43     -41.37     -44.32    190     0.014     0.986
   0.040000   47     219.22     173.79     -41.72     -44.56     62     0.013     0.987
   0.020000   42     169.05     126.13     -40.30     -43.88     63     0.020     0.980
   0.020000   43     179.09     135.66     -40.48     -43.89    265     0.018     0.982
   0.020000   44     189.12     145.22     -40.67     -43.91    570     0.017     0.983
   0.020000   45     199.15     154.99     -40.85     -43.95    597     0.015     0.985
   0.020000   46     209.19     164.64     -41.04     -44.00    283     0.014     0.986
   0.020000   47     219.22     174.50     -41.24     -44.07    106     0.013     0.987
   0.020000   48     229.25     184.98     -41.49     -44.17     15     0.011     0.989
   0.000000   42     169.05     129.56     -40.90     -44.47     18     0.020     0.980
   0.000000   43     179.09     135.70     -40.90     -44.29     71     0.018     0.982
   0.000000   44     189.12     145.34     -40.90     -44.13    276     0.016     0.984
   0.000000   45     199.15     155.02     -40.90     -43.98    494     0.015     0.985
   0.000000   46     209.19     164.64     -40.90     -43.85    354     0.014     0.986
   0.000000   47     219.22     174.82     -40.90     -43.73    333     0.013     0.987
   0.000000   48     229.25     184.99     -40.90     -43.60    212     0.012     0.988
   0.000000   49     239.29     194.84     -40.90     -43.49     97     0.011     0.989
   0.000000   50     249.32     205.18     -40.90     -43.38     43     0.010     0.990


# Part 3: Bin-averaged summary:
# bin  energy gap  <dGg> <dGg norm> pts  <c1**2> <c2**2> <r_xy>
   1   -242.32     -2.55     41.58         22    0.990    0.010    3.810
   2   -232.29     -2.68     41.45        117    0.989    0.011    3.911
   3   -222.25     -2.78     41.35        168    0.988    0.012    3.880
   4   -212.22     -2.93     41.20        382    0.987    0.013    3.889
   5   -202.19     -3.20     40.93        575    0.985    0.015    3.881
   6   -192.15     -3.33     40.80       1152    0.984    0.016    3.870
   7   -182.12     -3.33     40.80       1843    0.982    0.018    3.819
   8   -172.09     -3.20     40.93       1772    0.980    0.020    3.793
   9   -162.05     -2.90     41.23       1792    0.978    0.022    3.785
  10   -152.02     -2.46     41.67       1551    0.975    0.025    3.764
  11   -141.98     -1.89     42.24       1607    0.972    0.028    3.736
  12   -131.95     -1.16     42.97       1832    0.968    0.032    3.705
  13   -121.92     -0.17     43.96       2283    0.962    0.038    3.678
  14   -111.88      0.78     44.91       2182    0.957    0.043    3.645
  15   -101.85      2.17     46.30       1612    0.949    0.051    3.611
  16    -91.82      3.50     47.63       1503    0.939    0.061    3.611
  17    -81.78      4.87     49.00       1906    0.926    0.074    3.655
  18    -71.75      6.31     50.44       3117    0.909    0.091    3.681
  19    -61.72      7.84     51.97       3429    0.889    0.111    3.653
  20    -51.68      9.37     53.50       1856    0.862    0.138    3.632
  21    -41.65     10.99     55.12        423    0.824    0.176    3.606
  22    -31.62     12.43     56.56        151    0.767    0.233    3.533
  23    -21.58     13.02     57.15        155    0.688    0.312    3.374
  24    -11.55     12.55     56.68        269    0.605    0.395    3.245
  25     -1.52     11.27     55.40        685    0.512    0.488    3.201
  26      8.52      9.01     53.14        994    0.414    0.586    3.155
  27     18.55      5.93     50.06       1602    0.327    0.673    3.103
  28     28.58      2.17     46.30       1754    0.252    0.748    3.115
  29     38.62     -1.98     42.15       2031    0.195    0.805    3.117
  30     48.65     -6.39     37.74       2416    0.152    0.848    3.129
  31     58.68    -10.78     33.35       2807    0.120    0.880    3.153
  32     68.72    -15.06     29.07       2399    0.097    0.903    3.187
  33     78.75    -19.50     24.63       2642    0.077    0.923    3.215
  34     88.78    -23.57     20.56       3333    0.064    0.936    3.263
  35     98.82    -27.48     16.65       3932    0.054    0.946    3.303
  36    108.85    -31.12     13.01       4504    0.046    0.954    3.314
  37    118.88    -34.16      9.96       5639    0.039    0.961    3.350
  38    128.92    -36.76      7.37       5280    0.034    0.966    3.449
  39    138.95    -38.92      5.21       3967    0.030    0.970    3.633
  40    148.98    -40.67      3.46       3934    0.026    0.974    3.781
  41    159.02    -42.02      2.11       4147    0.023    0.977    3.826
  42    169.05    -43.07      1.06       3660    0.021    0.979    3.829
  43    179.09    -43.67      0.46       3183    0.018    0.982    3.889
  44    189.12    -44.04      0.09       2354    0.017    0.983    3.928
  45    199.15    -44.13      0.00       1957    0.015    0.985    3.952
  46    209.19    -44.13      0.00        924    0.014    0.986    3.849
  47    219.22    -43.90      0.23        501    0.013    0.987    3.773
  48    229.25    -43.64      0.49        227    0.012    0.988    3.607
  49    239.29    -43.49      0.64         97    0.011    0.989    3.558
  50    249.32    -43.38      0.75         43    0.010    0.990    3.536
