# Qfep                       version 5.10.24 , gi(modified on 20240701                                                                        )

--> Number of energy files: # Number of files                 =    51
--> No. of states, no. of predefined off-diag elements: # Number of states                 =     2
# Number of off-diagonal elements =     1
--> Give kT & no, of pts to skip   & calculation mode: # kT                              = 0.596
# Number of data points to skip   =   100
# Only QQ interactions will be considered   =   0
--> Give number of gap-bins: # Number of gap-bins              =    50
--> Give minimum # pts/bin: # Minimum number of points per bin=    10
--> Give alpha for state  2:                                                    # Alpha for state  2              =    30.00
--> Hij scaling:# Scale factor for Hij            =  1.00
--> linear combination of states defining reaction coord: # Linear combination co-efficients=  1.00  2.00


# Part 0: Average energies for all states in all files
# file             state   pts   lambda    EQtot   EQbond  EQang   EQtor   EQimp    EQel   EQvdW  Eel_qq  EvdW_qq Eel_qp  EvdW_qp Eel_qw EvdW_qw Eqrstr
--> Name of file number   1:                                                     
>>>>> Failed to open 1 (unit 20 error code    2)
 >>>>> Enter a new file name (or nothing to cancel): # Energy files from Qdyn, version: 5.10.17 , git id=9325b9c29ad62a733df16f540968e33ee6c78260                       
rep1_fep_000_1.000.en   1      1899  1.000000  -299.68  -180.82     2.50    -3.60     0.09  -102.48   -16.63   -15.85    -1.15   -51.58   -16.15   -35.06     0.67     1.26
rep1_fep_000_1.000.en   2      1899  0.000000  -145.70    -0.36    52.89     2.85     0.04  -228.73     8.90  -131.13    23.47   -46.17   -15.27   -51.44     0.71    18.71
--> Name of file number   2:                                                     
# Energy files from Qdyn, version: 5.10.17 , git id=9325b9c29ad62a733df16f540968e33ee6c78260                       
rep1_fep_001_0.980.en   1      1899  0.980000  -298.33  -180.57     2.58    -3.31     0.12  -101.80   -16.76   -15.92    -1.03   -51.11   -16.71   -34.77     0.97     1.40
rep1_fep_001_0.980.en   2      1899  0.020000  -149.43    -1.27    48.63     3.81     0.05  -228.46     8.20  -131.76    23.10   -47.64   -15.91   -49.06     1.01    19.61
--> Name of file number   3:                                                     
# Energy files from Qdyn, version: 5.10.17 , git id=9325b9c29ad62a733df16f540968e33ee6c78260                       
rep1_fep_002_0.960.en   1      1899  0.960000  -298.03  -180.13     2.80    -3.33     0.13  -102.76   -16.20   -16.27    -0.90   -50.26   -16.37   -36.22     1.07     1.46
rep1_fep_002_0.960.en   2      1899  0.040000  -154.46     1.90    42.16     3.25     0.05  -230.38     8.14  -133.52    22.76   -46.74   -15.71   -50.12     1.09    20.42
--> Name of file number   4:                                                     
# Energy files from Qdyn, version: 5.10.17 , git id=9325b9c29ad62a733df16f540968e33ee6c78260                       
rep1_fep_003_0.940.en   1      1899  0.940000  -299.29  -180.34     2.78    -3.55     0.09  -103.57   -15.52   -16.81    -0.65   -47.72   -16.62   -39.04     1.75     0.82
rep1_fep_003_0.940.en   2      1899  0.060000  -175.77    -3.56    30.44     1.69     0.04  -229.08     8.41  -128.31    22.52   -42.79   -15.89   -57.97     1.78    16.29
--> Name of file number   5:                                                     
# Energy files from Qdyn, version: 5.10.17 , git id=9325b9c29ad62a733df16f540968e33ee6c78260                       
rep1_fep_004_0.920.en   1      1899  0.920000  -299.03  -179.97     2.65    -3.33     0.10  -103.67   -15.38   -16.36    -0.68   -49.65   -16.08   -37.67     1.39     0.57
rep1_fep_004_0.920.en   2      1899  0.080000  -182.36   -11.65    28.35     3.47     0.04  -225.34     7.81  -125.27    21.75   -46.64   -15.37   -53.44     1.43    14.96
--> Name of file number   6:                                                     
# Energy files from Qdyn, version: 5.10.17 , git id=9325b9c29ad62a733df16f540968e33ee6c78260                       
rep1_fep_005_0.900.en   1      1899  0.900000  -295.79  -179.87     3.01    -3.23     0.12  -100.16   -15.99   -16.48    -0.52   -46.94   -16.91   -36.74     1.43     0.33
rep1_fep_005_0.900.en   2      1899  0.100000  -187.08   -14.05    24.11     3.17     0.05  -219.51     6.68  -122.68    21.49   -44.13   -16.29   -52.69     1.47    12.47
--> Name of file number   7:                                                     
# Energy files from Qdyn, version: 5.10.17 , git id=9325b9c29ad62a733df16f540968e33ee6c78260                       
rep1_fep_006_0.880.en   1      1899  0.880000  -297.68  -179.88     3.12    -2.88     0.15  -103.52   -15.07   -16.49    -0.04   -50.64   -16.59   -36.38     1.56     0.41
rep1_fep_006_0.880.en   2      1899  0.120000  -194.17   -19.36    23.38     3.76     0.06  -223.02     7.54  -122.02    21.73   -48.34   -15.80   -52.65     1.60    13.47
--> Name of file number   8:                                                     
# Energy files from Qdyn, version: 5.10.17 , git id=9325b9c29ad62a733df16f540968e33ee6c78260                       
rep1_fep_007_0.860.en   1      1899  0.860000  -295.07  -179.14     3.60    -2.76     0.17  -102.63   -14.82   -16.51     0.13   -49.76   -16.71   -36.36     1.76     0.50
rep1_fep_007_0.860.en   2      1899  0.140000  -193.51   -25.09    26.12     3.64     0.07  -219.04     7.43  -119.64    21.56   -46.68   -15.94   -52.72     1.80    13.36
--> Name of file number   9:                                                     
# Energy files from Qdyn, version: 5.10.17 , git id=9325b9c29ad62a733df16f540968e33ee6c78260                       
rep1_fep_008_0.840.en   1      1899  0.840000  -296.52  -179.04     3.68    -2.33     0.25  -106.19   -13.60   -16.80     0.84   -50.57   -16.81   -38.82     2.36     0.72
rep1_fep_008_0.840.en   2      1899  0.160000  -196.91   -27.12    25.76     4.46     0.10  -223.09     7.86  -120.47    21.50   -47.25   -16.05   -55.37     2.41    15.12
--> Name of file number  10:                                                     
# Energy files from Qdyn, version: 5.10.17 , git id=9325b9c29ad62a733df16f540968e33ee6c78260                       
rep1_fep_009_0.820.en   1      1899  0.820000  -296.28  -178.71     3.89    -2.71     0.21  -106.13   -13.07   -17.34     1.13   -50.52   -15.81   -38.28     1.62     0.23
rep1_fep_009_0.820.en   2      1899  0.180000  -207.59   -31.92    21.97     4.23     0.08  -220.75     7.56  -118.32    20.91   -47.13   -15.02   -55.29     1.67    11.23
--> Name of file number  11:                                                     
# Energy files from Qdyn, version: 5.10.17 , git id=9325b9c29ad62a733df16f540968e33ee6c78260                       
rep1_fep_010_0.800.en   1      1899  0.800000  -294.47  -178.05     3.87    -2.57     0.23  -104.68   -13.38   -17.59     1.80   -50.19   -16.68   -36.90     1.51     0.11
rep1_fep_010_0.800.en   2      1899  0.200000  -215.48   -41.54    21.16     4.27     0.09  -214.76     6.53  -114.34    20.90   -46.65   -15.94   -53.77     1.58     8.77
--> Name of file number  12:                                                     
# Energy files from Qdyn, version: 5.10.17 , git id=9325b9c29ad62a733df16f540968e33ee6c78260                       
rep1_fep_011_0.780.en   1      1899  0.780000  -291.78  -177.27     4.36    -2.16     0.22  -105.85   -11.33   -17.83     2.73   -51.91   -15.88   -36.11     1.81     0.25
rep1_fep_011_0.780.en   2      1899  0.220000  -219.23   -47.50    20.08     4.22     0.09  -212.53     7.57  -111.72    20.86   -48.90   -15.18   -51.91     1.89     8.85
--> Name of file number  13:                                                     
# Energy files from Qdyn, version: 5.10.17 , git id=9325b9c29ad62a733df16f540968e33ee6c78260                       
rep1_fep_012_0.760.en   1      1899  0.760000  -289.55  -176.58     4.12    -1.99     0.27  -103.27   -12.31   -18.30     2.73   -50.70   -16.10   -34.28     1.06     0.20
rep1_fep_012_0.760.en   2      1899  0.240000  -220.10   -45.56    16.22     4.37     0.11  -210.57     6.69  -112.45    20.94   -48.96   -15.38   -49.15     1.13     8.64
--> Name of file number  14:                                                     
# Energy files from Qdyn, version: 5.10.17 , git id=9325b9c29ad62a733df16f540968e33ee6c78260                       
rep1_fep_013_0.740.en   1      1899  0.740000  -289.32  -176.85     3.26    -2.16     0.24  -102.65   -11.19   -19.22     3.80   -51.55   -15.63   -31.88     0.65     0.03
rep1_fep_013_0.740.en   2      1899  0.260000  -234.96   -53.79    12.80     2.89     0.10  -211.47     7.72  -109.83    21.95   -53.51   -14.95   -48.13     0.73     6.79
--> Name of file number  15:                                                     
# Energy files from Qdyn, version: 5.10.17 , git id=9325b9c29ad62a733df16f540968e33ee6c78260                       
rep1_fep_014_0.720.en   1      1899  0.720000  -287.75  -176.20     3.72    -2.28     0.23  -102.71   -10.59   -19.03     3.90   -51.51   -15.17   -32.17     0.68     0.08
rep1_fep_014_0.720.en   2      1899  0.280000  -231.22   -53.75    14.04     3.58     0.09  -209.72     7.77  -110.21    21.46   -52.06   -14.45   -47.45     0.76     6.76
--> Name of file number  16:                                                     
# Energy files from Qdyn, version: 5.10.17 , git id=9325b9c29ad62a733df16f540968e33ee6c78260                       
rep1_fep_015_0.700.en   1      1899  0.700000  -288.17  -175.98     3.90    -1.78     0.29  -102.85   -11.81   -19.31     4.47   -51.39   -16.79   -32.15     0.51     0.06
rep1_fep_015_0.700.en   2      1899  0.300000  -236.83   -56.75    11.84     3.78     0.12  -208.33     5.81  -108.82    21.31   -51.38   -16.09   -48.12     0.59     6.70
--> Name of file number  17:                                                     
# Energy files from Qdyn, version: 5.10.17 , git id=9325b9c29ad62a733df16f540968e33ee6c78260                       
rep1_fep_016_0.680.en   1      1899  0.680000  -287.72  -173.01     3.98    -1.36     0.35  -107.82    -9.93   -19.13     4.68   -51.91   -16.29   -36.78     1.68     0.07
rep1_fep_016_0.680.en   2      1899  0.320000  -239.07   -55.95    13.51     4.33     0.14  -214.62     5.99  -108.57    19.99   -51.23   -15.75   -54.82     1.75     7.53
--> Name of file number  18:                                                     
# Energy files from Qdyn, version: 5.10.17 , git id=9325b9c29ad62a733df16f540968e33ee6c78260                       
rep1_fep_017_0.660.en   1      1899  0.660000  -288.66  -174.37     4.06    -1.88     0.27  -107.08    -9.73   -19.50     5.50   -50.67   -16.71   -36.92     1.48     0.08
rep1_fep_017_0.660.en   2      1899  0.340000  -247.67   -62.57    11.36     3.94     0.11  -213.83     6.13  -106.74    20.60   -51.58   -16.02   -55.50     1.55     7.19
--> Name of file number  19:                                                     
# Energy files from Qdyn, version: 5.10.17 , git id=9325b9c29ad62a733df16f540968e33ee6c78260                       
rep1_fep_018_0.640.en   1      1899  0.640000  -288.44  -173.96     3.74    -2.92     0.12  -110.16    -5.27   -19.66     6.81   -50.43   -15.20   -40.07     3.12     0.00
rep1_fep_018_0.640.en   2      1899  0.360000  -259.14   -66.32     8.26     2.58     0.05  -218.21    10.03  -101.92    21.33   -55.52   -14.49   -60.77     3.19     4.46
--> Name of file number  20:                                                     
# Energy files from Qdyn, version: 5.10.17 , git id=9325b9c29ad62a733df16f540968e33ee6c78260                       
rep1_fep_019_0.620.en   1      1899  0.620000  -288.43  -172.48     4.06    -3.16     0.08  -111.96    -5.00   -19.27     7.20   -50.45   -15.40   -42.24     3.20     0.02
rep1_fep_019_0.620.en   2      1899  0.380000  -265.87   -67.08     8.15     0.53     0.03  -222.17     8.52  -101.16    20.02   -56.17   -14.76   -64.85     3.27     6.14
--> Name of file number  21:                                                     
# Energy files from Qdyn, version: 5.10.17 , git id=9325b9c29ad62a733df16f540968e33ee6c78260                       
rep1_fep_020_0.600.en   1      1899  0.600000  -290.45  -171.85     4.27    -3.77     0.05  -115.00    -4.16   -19.66     8.01   -50.06   -15.17   -45.28     3.00     0.01
rep1_fep_020_0.600.en   2      1899  0.400000  -279.32   -71.36     8.13    -0.49     0.02  -229.11     8.19   -99.66    19.59   -55.10   -14.47   -74.34     3.08     5.30
--> Name of file number  22:                                                     
# Energy files from Qdyn, version: 5.10.17 , git id=9325b9c29ad62a733df16f540968e33ee6c78260                       
rep1_fep_021_0.580.en   1      1899  0.580000  -288.47  -171.47     3.96    -3.56     0.07  -112.32    -5.18   -20.55     8.29   -49.26   -15.65   -42.50     2.18     0.03
rep1_fep_021_0.580.en   2      1899  0.420000  -283.45   -75.35     8.52    -1.65     0.03  -227.47     7.48   -99.42    20.22   -56.52   -14.98   -71.53     2.25     4.99
--> Name of file number  23:                                                     
# Energy files from Qdyn, version: 5.10.17 , git id=9325b9c29ad62a733df16f540968e33ee6c78260                       
rep1_fep_022_0.560.en   1      1899  0.560000  -286.55  -169.81     3.94    -3.21     0.11  -114.87    -2.72   -21.45     8.70   -50.47   -14.45   -42.95     3.03     0.02
rep1_fep_022_0.560.en   2      1899  0.440000  -288.17   -77.46     8.67    -1.86     0.04  -231.00     8.98   -99.30    19.69   -59.66   -13.82   -72.04     3.12     4.45
--> Name of file number  24:                                                     
# Energy files from Qdyn, version: 5.10.17 , git id=9325b9c29ad62a733df16f540968e33ee6c78260                       
rep1_fep_023_0.540.en   1      1899  0.540000  -288.45  -169.89     3.19    -3.33     0.06  -115.01    -3.50   -21.32     9.56   -49.94   -15.42   -43.75     2.37     0.04
rep1_fep_023_0.540.en   2      1899  0.460000  -294.02   -79.59     6.76    -2.28     0.02  -231.14     7.89   -98.09    20.22   -58.72   -14.76   -74.33     2.44     4.32
--> Name of file number  25:                                                     
# Energy files from Qdyn, version: 5.10.17 , git id=9325b9c29ad62a733df16f540968e33ee6c78260                       
rep1_fep_024_0.520.en   1      1899  0.520000  -287.21  -166.18     3.75    -3.64     0.07  -119.35    -1.91   -20.22     9.44   -50.40   -15.36   -48.73     4.02     0.05
rep1_fep_024_0.520.en   2      1899  0.480000  -293.85   -78.83     7.55    -1.21     0.03  -234.38     6.92   -95.70    17.52   -60.41   -14.68   -78.27     4.08     6.06
--> Name of file number  26:                                                     
# Energy files from Qdyn, version: 5.10.17 , git id=9325b9c29ad62a733df16f540968e33ee6c78260                       
rep1_fep_025_0.500.en   1      1899  0.500000  -281.93  -163.72     4.17    -3.09     0.04  -118.65    -0.75   -21.50    10.07   -49.62   -15.14   -47.54     4.33     0.07
rep1_fep_025_0.500.en   2      1899  0.500000  -298.07   -80.76     7.40    -2.76     0.02  -234.75     7.37   -96.08    17.40   -60.50   -14.44   -78.17     4.41     5.41
--> Name of file number  27:                                                     
# Energy files from Qdyn, version: 5.10.17 , git id=9325b9c29ad62a733df16f540968e33ee6c78260                       
rep1_fep_026_0.480.en   1      1899  0.480000  -284.04  -163.23     4.84    -3.56     0.07  -121.71    -0.46   -20.17    10.47   -50.56   -15.18   -50.98     4.25     0.02
rep1_fep_026_0.480.en   2      1899  0.520000  -301.18   -82.32     7.83    -2.01     0.03  -237.31     6.57   -93.41    16.83   -59.06   -14.58   -84.84     4.32     6.03
--> Name of file number  28:                                                     
# Energy files from Qdyn, version: 5.10.17 , git id=9325b9c29ad62a733df16f540968e33ee6c78260                       
rep1_fep_027_0.460.en   1      1899  0.460000  -279.93  -157.99     5.22    -3.28     0.12  -123.70    -0.41   -20.80    10.98   -50.75   -15.56   -52.15     4.17     0.10
rep1_fep_027_0.460.en   2      1899  0.540000  -305.18   -83.69     7.97    -1.85     0.05  -239.03     5.01   -91.54    15.72   -60.47   -14.94   -87.03     4.23     6.37
--> Name of file number  29:                                                     
# Energy files from Qdyn, version: 5.10.17 , git id=9325b9c29ad62a733df16f540968e33ee6c78260                       
rep1_fep_028_0.440.en   1      1899  0.440000  -279.02  -155.76     4.55    -3.41     0.08  -124.78     0.25   -21.64    11.38   -51.56   -16.17   -51.59     5.05     0.05
rep1_fep_028_0.440.en   2      1899  0.560000  -309.14   -85.66     7.74    -1.26     0.03  -240.70     4.78   -91.41    15.21   -62.87   -15.54   -86.42     5.11     5.92
--> Name of file number  30:                                                     
# Energy files from Qdyn, version: 5.10.17 , git id=9325b9c29ad62a733df16f540968e33ee6c78260                       
rep1_fep_029_0.420.en   1      1899  0.420000  -269.22  -133.71     4.97    -3.67     0.06  -141.81     4.89   -21.90    11.72   -51.33   -15.34   -68.58     8.51     0.05
rep1_fep_029_0.420.en   2      1899  0.580000  -317.15   -87.70     7.65    -0.98     0.02  -246.11     4.14   -81.42    10.21   -60.08   -14.66  -104.61     8.59     5.83
--> Name of file number  31:                                                     
# Energy files from Qdyn, version: 5.10.17 , git id=9325b9c29ad62a733df16f540968e33ee6c78260                       
rep1_fep_030_0.400.en   1      1899  0.400000  -263.66  -124.27     4.55    -3.21     0.07  -146.41     5.57   -22.66    11.94   -52.00   -15.18   -71.75     8.81     0.05
rep1_fep_030_0.400.en   2      1899  0.600000  -323.80   -87.85     7.17    -1.55     0.03  -251.65     3.11   -81.20     8.84   -61.52   -14.61  -108.93     8.87     6.94
--> Name of file number  32:                                                     
# Energy files from Qdyn, version: 5.10.17 , git id=9325b9c29ad62a733df16f540968e33ee6c78260                       
rep1_fep_031_0.380.en   1      1899  0.380000  -256.39  -119.20     4.93    -3.39     0.08  -147.00     8.12   -23.24    12.69   -52.55   -14.26   -71.21     9.69     0.08
rep1_fep_031_0.380.en   2      1899  0.620000  -319.24   -89.51     6.95    -1.37     0.03  -246.41     5.24   -78.29     9.10   -63.87   -13.63  -104.25     9.77     5.82
--> Name of file number  33:                                                     
# Energy files from Qdyn, version: 5.10.17 , git id=9325b9c29ad62a733df16f540968e33ee6c78260                       
rep1_fep_032_0.360.en   1      1899  0.360000  -255.04  -115.21     4.75    -2.92     0.08  -148.44     6.57   -23.38    12.90   -53.82   -15.13   -71.24     8.80     0.14
rep1_fep_032_0.360.en   2      1899  0.640000  -321.55   -89.53     7.26    -1.94     0.03  -246.71     2.39   -77.69     8.03   -66.30   -14.50  -102.71     8.87     6.94
--> Name of file number  34:                                                     
# Energy files from Qdyn, version: 5.10.17 , git id=9325b9c29ad62a733df16f540968e33ee6c78260                       
rep1_fep_033_0.340.en   1      1899  0.340000  -252.73  -110.62     5.46    -3.00     0.08  -150.62     5.83   -23.75    12.93   -52.62   -14.90   -74.25     7.80     0.13
rep1_fep_033_0.340.en   2      1899  0.660000  -327.26   -90.85     7.13    -1.67     0.03  -249.74     1.34   -75.84     7.80   -63.98   -14.34  -109.92     7.88     6.49
--> Name of file number  35:                                                     
# Energy files from Qdyn, version: 5.10.17 , git id=9325b9c29ad62a733df16f540968e33ee6c78260                       
rep1_fep_034_0.320.en   1      1899  0.320000  -232.05   -99.88     8.59    -1.77     0.12  -145.16     5.11   -57.54    17.47   -51.60   -13.45   -36.02     1.08     0.95
rep1_fep_034_0.320.en   2      1899  0.680000  -374.63  -179.64     8.86    -1.66     0.05  -204.22     1.89   -69.35    13.44   -61.72   -12.79   -73.16     1.24     0.09
--> Name of file number  36:                                                     
# Energy files from Qdyn, version: 5.10.17 , git id=9325b9c29ad62a733df16f540968e33ee6c78260                       
rep1_fep_035_0.300.en   1      1899  0.300000  -230.02  -103.52     7.93    -0.27     0.18  -138.59     4.10   -59.88    17.44   -49.38   -12.65   -29.33    -0.69     0.15
rep1_fep_035_0.300.en   2      1899  0.700000  -380.33  -190.19     8.54    -1.88     0.07  -197.39     0.51   -73.40    13.20   -60.72   -12.04   -63.26    -0.65     0.00
--> Name of file number  37:                                                     
# Energy files from Qdyn, version: 5.10.17 , git id=9325b9c29ad62a733df16f540968e33ee6c78260                       
rep1_fep_036_0.280.en   1      1899  0.280000  -222.35   -97.68     6.86    -0.02     0.17  -135.93     3.99   -61.51    16.71   -47.73   -11.78   -26.69    -0.94     0.26
rep1_fep_036_0.280.en   2      1899  0.720000  -384.85  -192.54     7.38    -2.67     0.07  -196.62    -0.48   -72.96    11.53   -65.73   -11.15   -57.93    -0.87     0.00
--> Name of file number  38:                                                     
# Energy files from Qdyn, version: 5.10.17 , git id=9325b9c29ad62a733df16f540968e33ee6c78260                       
rep1_fep_037_0.260.en   1      1899  0.260000  -223.98   -97.30     6.14    -0.03     0.12  -138.10     4.98   -60.98    17.30   -47.86   -11.80   -29.26    -0.51     0.20
rep1_fep_037_0.260.en   2      1899  0.740000  -392.09  -193.64     7.59    -2.96     0.05  -202.88    -0.25   -70.88    11.39   -69.44   -11.20   -62.56    -0.44     0.00
--> Name of file number  39:                                                     
# Energy files from Qdyn, version: 5.10.17 , git id=9325b9c29ad62a733df16f540968e33ee6c78260                       
rep1_fep_038_0.240.en   1      1899  0.240000  -222.16   -92.90     7.60    -0.94     0.05  -140.75     4.50   -65.76    18.06   -47.05   -12.12   -27.94    -1.45     0.28
rep1_fep_038_0.240.en   2      1899  0.760000  -393.82  -195.85     6.83    -3.32     0.02  -200.76    -0.74   -76.86    12.12   -62.32   -11.47   -61.58    -1.39     0.00
--> Name of file number  40:                                                     
# Energy files from Qdyn, version: 5.10.17 , git id=9325b9c29ad62a733df16f540968e33ee6c78260                       
rep1_fep_039_0.220.en   1      1899  0.220000  -212.19   -86.47     8.01     0.52     0.08  -140.19     5.47   -68.15    18.52   -44.06   -11.49   -27.98    -1.56     0.40
rep1_fep_039_0.220.en   2      1899  0.780000  -398.09  -196.27     6.18    -3.53     0.03  -203.59    -0.91   -78.33    11.48   -60.49   -10.93   -64.76    -1.46     0.00
--> Name of file number  41:                                                     
# Energy files from Qdyn, version: 5.10.17 , git id=9325b9c29ad62a733df16f540968e33ee6c78260                       
rep1_fep_040_0.200.en   1      1899  0.200000  -220.83   -89.29     6.77     0.17     0.08  -146.46     7.60   -64.57    18.49   -45.10   -12.60   -36.79     1.72     0.30
rep1_fep_040_0.200.en   2      1899  0.800000  -409.91  -197.18     6.26    -3.10     0.03  -216.46     0.54   -72.98    10.70   -61.53   -11.96   -81.96     1.80     0.00
--> Name of file number  42:                                                     
# Energy files from Qdyn, version: 5.10.17 , git id=9325b9c29ad62a733df16f540968e33ee6c78260                       
rep1_fep_041_0.180.en   1      1899  0.180000  -211.20   -82.69     6.82     1.36     0.08  -145.38     8.12   -69.64    19.43   -42.66   -12.04   -33.08     0.72     0.49
rep1_fep_041_0.180.en   2      1899  0.820000  -406.80  -198.16     5.52    -3.72     0.03  -210.87     0.39   -80.45    10.90   -58.26   -11.35   -72.16     0.84     0.00
--> Name of file number  43:                                                     
# Energy files from Qdyn, version: 5.10.17 , git id=9325b9c29ad62a733df16f540968e33ee6c78260                       
rep1_fep_042_0.160.en   1      1899  0.160000  -211.27   -80.20     6.75     0.86     0.10  -146.86     7.26   -68.66    18.73   -44.44   -12.52   -33.76     1.06     0.84
rep1_fep_042_0.160.en   2      1899  0.840000  -411.20  -198.86     5.18    -3.35     0.04  -213.08    -1.13   -76.70     9.55   -61.71   -11.87   -74.67     1.18     0.00
--> Name of file number  44:                                                     
# Energy files from Qdyn, version: 5.10.17 , git id=9325b9c29ad62a733df16f540968e33ee6c78260                       
rep1_fep_043_0.140.en   1      1899  0.140000  -209.03   -78.37     7.49     1.20     0.07  -148.71     8.79   -69.29    19.71   -44.21   -12.62   -35.22     1.70     0.51
rep1_fep_043_0.140.en   2      1899  0.860000  -414.74  -198.81     5.19    -3.72     0.03  -217.02    -0.41   -78.09     9.75   -63.83   -11.97   -75.09     1.81     0.00
--> Name of file number  45:                                                     
# Energy files from Qdyn, version: 5.10.17 , git id=9325b9c29ad62a733df16f540968e33ee6c78260                       
rep1_fep_044_0.120.en   1      1899  0.120000  -206.19   -76.19     7.51     1.31     0.11  -149.43     9.93   -68.68    20.12   -44.15   -12.18   -36.61     1.99     0.58
rep1_fep_044_0.120.en   2      1899  0.880000  -414.96  -199.37     5.44    -3.63     0.04  -217.36    -0.09   -76.96     9.26   -63.36   -11.46   -77.04     2.11     0.00
--> Name of file number  46:                                                     
# Energy files from Qdyn, version: 5.10.17 , git id=9325b9c29ad62a733df16f540968e33ee6c78260                       
rep1_fep_045_0.100.en   1      1899  0.100000  -198.52   -69.82     9.01     1.23     0.05  -149.83    10.11   -69.69    19.97   -43.42   -11.40   -36.72     1.54     0.72
rep1_fep_045_0.100.en   2      1899  0.900000  -418.45  -199.60     4.81    -3.79     0.02  -218.95    -0.94   -75.96     8.16   -64.67   -10.72   -78.33     1.61     0.00
--> Name of file number  47:                                                     
# Energy files from Qdyn, version: 5.10.17 , git id=9325b9c29ad62a733df16f540968e33ee6c78260                       
rep1_fep_046_0.080.en   1      1899  0.080000  -201.23   -73.92     7.72     0.79     0.07  -146.61    10.20   -68.43    21.75   -43.28   -12.08   -34.91     0.53     0.53
rep1_fep_046_0.080.en   2      1899  0.920000  -416.75  -198.95     4.76    -3.62     0.03  -217.25    -1.72   -75.97     9.16   -63.08   -11.46   -78.20     0.59     0.00
--> Name of file number  48:                                                     
# Energy files from Qdyn, version: 5.10.17 , git id=9325b9c29ad62a733df16f540968e33ee6c78260                       
rep1_fep_047_0.060.en   1      1899  0.060000  -193.78   -66.38     8.44     1.24     0.06  -149.80    11.83   -70.72    22.20   -43.10   -11.32   -35.99     0.95     0.83
rep1_fep_047_0.060.en   2      1899  0.940000  -421.90  -199.39     4.07    -3.86     0.02  -221.23    -1.51   -77.88     8.10   -65.67   -10.63   -77.68     1.02     0.00
--> Name of file number  49:                                                     
# Energy files from Qdyn, version: 5.10.17 , git id=9325b9c29ad62a733df16f540968e33ee6c78260                       
rep1_fep_048_0.040.en   1      1899  0.040000  -157.56   -39.05    14.57     0.53     0.08  -149.51    11.70   -82.38    23.09   -37.73   -10.69   -29.41    -0.70     4.12
rep1_fep_048_0.040.en   2      1899  0.960000  -416.82  -200.21     5.08    -2.16     0.03  -215.72    -3.91   -92.56     6.70   -59.76   -10.00   -63.40    -0.61     0.07
--> Name of file number  50:                                                     
# Energy files from Qdyn, version: 5.10.17 , git id=9325b9c29ad62a733df16f540968e33ee6c78260                       
rep1_fep_049_0.020.en   1      1899  0.020000  -152.65   -33.83    14.67     0.08     0.10  -152.18    13.17   -84.73    23.24   -37.30    -9.73   -30.15    -0.34     5.35
rep1_fep_049_0.020.en   2      1899  0.980000  -417.51  -200.57     4.17    -2.68     0.04  -215.81    -3.01   -93.49     6.20   -59.04    -9.02   -63.27    -0.19     0.34
--> Name of file number  51:                                                     
# Energy files from Qdyn, version: 5.10.17 , git id=9325b9c29ad62a733df16f540968e33ee6c78260                       
rep1_fep_050_0.000.en   1      1899  0.000000   -93.66    -8.96    26.19     0.51     0.09  -150.28    30.23   -87.71    25.41   -36.85   -10.16   -25.72    14.99     8.57
rep1_fep_050_0.000.en   2      1899  1.000000  -412.50  -200.82     4.08    -1.19     0.03  -212.36    -2.80   -90.18     5.85   -62.87    -9.43   -59.31     0.78     0.56


# Part 1: Free energy perturbation summary:

# Calculation for full system
# lambda(1)      dGf sum(dGf)      dGr sum(dGr)     <dG>
   1.000000     0.000     0.000    -3.660    13.638     0.000
   0.980000     3.639     3.639    -3.532    17.298     3.650
   0.960000     3.508     7.147    -3.118    20.831     7.170
   0.940000     3.407    10.554    -2.998    23.949    10.432
   0.920000     3.028    13.582    -2.832    26.946    13.445
   0.900000     2.867    16.449    -2.719    29.779    16.295
   0.880000     2.723    19.172    -2.693    32.498    19.016
   0.860000     2.616    21.788    -2.651    35.191    21.670
   0.840000     2.559    24.347    -2.426    37.842    24.275
   0.820000     2.538    26.885    -2.228    40.268    26.757
   0.800000     2.319    29.203    -2.083    42.496    29.030
   0.780000     2.130    31.334    -2.028    44.579    31.137
   0.760000     2.016    33.350    -1.723    46.607    33.159
   0.740000     1.949    35.299    -1.765    48.329    34.995
   0.720000     1.654    36.953    -1.674    50.094    36.704
   0.700000     1.698    38.651    -1.617    51.768    38.391
   0.680000     1.580    40.231    -1.463    53.385    39.989
   0.660000     1.527    41.758    -1.218    54.848    41.484
   0.640000     1.376    43.134    -1.076    56.067    42.782
   0.620000     1.152    44.286    -0.844    57.143    43.896
   0.600000     1.025    45.311    -0.725    57.987    44.830
   0.580000     0.802    46.113    -0.589    58.712    45.594
   0.560000     0.676    46.790    -0.513    59.301    46.227
   0.540000     0.546    47.335    -0.498    59.814    46.756
   0.520000     0.463    47.798    -0.312    60.312    47.236
   0.500000     0.438    48.236    -0.289    60.625    47.611
   0.480000     0.241    48.477    -0.148    60.914    47.877
   0.460000     0.223    48.700    -0.043    61.062    48.062
   0.440000     0.040    48.739     0.298    61.105    48.103
   0.420000    -0.058    48.681     0.550    60.807    47.925
   0.400000    -0.420    48.261     0.595    60.257    47.440
   0.380000    -0.651    47.610     0.685    59.662    46.817
   0.360000    -0.705    46.905     0.844    58.977    46.122
   0.340000    -0.775    46.130     2.137    58.133    45.313
   0.320000    -0.942    45.189     2.362    55.996    43.773
   0.300000    -2.380    42.808     2.573    53.634    41.402
   0.280000    -2.448    40.361     2.705    51.061    38.892
   0.260000    -2.743    37.618     2.784    48.356    36.168
   0.240000    -2.813    34.805     3.049    45.572    33.369
   0.220000    -2.888    31.917     3.148    42.522    30.401
   0.200000    -3.184    28.734     3.249    39.374    27.235
   0.180000    -3.216    25.518     3.353    36.125    24.002
   0.160000    -3.370    22.148     3.474    32.772    20.641
   0.140000    -3.448    18.701     3.530    29.297    17.180
   0.120000    -3.558    15.143     3.738    25.768    13.636
   0.100000    -3.617    11.526     3.626    22.030     9.959
   0.080000    -3.863     7.663     3.889    18.403     6.214
   0.060000    -3.794     3.869     4.534    14.514     2.373
   0.040000    -4.043    -0.174     4.638     9.980    -1.916
   0.020000    -4.644    -4.818     5.342     5.342    -6.557
   0.000000    -4.758    -9.576     0.000     0.000   -11.607

# Min energy-gap is:  -1050.31
# Max energy-gap is:   -423.31



# Part 2: Reaction free energy summary:
# Lambda(1)  bin Energy gap      dGa     dGb     dGg    # pts    c1**2    c2**2
   1.000000   38    -580.06       0.00     162.14       0.00     62       NaN       NaN
   1.000000   39    -567.52       0.00     166.13       0.00    195       NaN       NaN
   1.000000   40    -554.98       0.00     169.48       0.00    227       NaN       NaN
   1.000000   41    -542.44       0.00     170.78       0.00    303       NaN       NaN
   1.000000   42    -529.90       0.00     176.62       0.00    396       NaN       NaN
   1.000000   43    -517.36       0.00     183.45       0.00    280       NaN       NaN
   1.000000   44    -504.82       0.00     189.74       0.00    257       NaN       NaN
   1.000000   45    -492.28       0.00     194.95       0.00    115       NaN       NaN
   1.000000   46    -479.74       0.00     200.73       0.00     47       NaN       NaN
   1.000000   47    -467.20       0.00     204.91       0.00     17       NaN       NaN
   0.980000   37    -592.60       0.52     149.03       0.52     66       NaN       NaN
   0.980000   38    -580.06       0.45     150.93       0.45    150       NaN       NaN
   0.980000   39    -567.52       0.35     158.52       0.35    251       NaN       NaN
   0.980000   40    -554.98       0.21     164.42       0.21    270       NaN       NaN
   0.980000   41    -542.44       0.09     170.75       0.09    348       NaN       NaN
   0.980000   42    -529.90      -0.05     176.04      -0.05    259       NaN       NaN
   0.980000   43    -517.36      -0.09     172.87      -0.09    162       NaN       NaN
   0.980000   44    -504.82      -0.19     176.44      -0.19    136       NaN       NaN
   0.980000   45    -492.28      -0.31     188.98      -0.31    107       NaN       NaN
   0.980000   46    -479.74      -0.45     193.07      -0.45     80       NaN       NaN
   0.980000   47    -467.20      -0.54     206.08      -0.54     26       NaN       NaN
   0.980000   48    -454.66      -0.66     212.44      -0.66     25       NaN       NaN
   0.960000   35    -617.68       1.61     135.69       1.61     15       NaN       NaN
   0.960000   36    -605.14       1.27     142.25       1.27     53       NaN       NaN
   0.960000   37    -592.60       1.16     146.54       1.16     90       NaN       NaN
   0.960000   38    -580.06       0.85     150.57       0.85    129       NaN       NaN
   0.960000   39    -567.52       0.53     155.43       0.53    274       NaN       NaN
   0.960000   40    -554.98       0.31     161.41       0.31    364       NaN       NaN
   0.960000   41    -542.44       0.07     166.34       0.07    338       NaN       NaN
   0.960000   42    -529.90      -0.10     170.48      -0.10    269       NaN       NaN
   0.960000   43    -517.36      -0.39     179.10      -0.39    199       NaN       NaN
   0.960000   44    -504.82      -0.51     187.45      -0.51     75       NaN       NaN
   0.960000   45    -492.28      -0.72     192.36      -0.72     55       NaN       NaN
   0.960000   46    -479.74      -0.95     197.34      -0.95     23       NaN       NaN
   0.960000   47    -467.20      -0.92     199.42      -0.92     15       NaN       NaN
   0.940000   33    -642.76       2.49     131.28       2.49     21       NaN       NaN
   0.940000   34    -630.22       2.23     133.00       2.23    151       NaN       NaN
   0.940000   35    -617.68       1.82     138.64       1.82    184       NaN       NaN
   0.940000   36    -605.14       1.51     142.43       1.51    325       NaN       NaN
   0.940000   37    -592.60       1.25     146.71       1.25    459       NaN       NaN
   0.940000   38    -580.06       0.90     151.71       0.90    371       NaN       NaN
   0.940000   39    -567.52       0.52     155.88       0.52    185       NaN       NaN
   0.940000   40    -554.98       0.08     162.78       0.08     92       NaN       NaN
   0.940000   41    -542.44      -0.17     170.51      -0.17     81       NaN       NaN
   0.940000   42    -529.90      -0.62     174.04      -0.62     28       NaN       NaN
   0.920000   31    -667.84       4.31     114.62       4.31     18       NaN       NaN
   0.920000   32    -655.30       3.68     121.04       3.68     75       NaN       NaN
   0.920000   33    -642.76       3.06     127.10       3.06     96       NaN       NaN
   0.920000   34    -630.22       2.65     130.13       2.65    257       NaN       NaN
   0.920000   35    -617.68       2.17     134.17       2.17    338       NaN       NaN
   0.920000   36    -605.14       1.66     139.76       1.66    304       NaN       NaN
   0.920000   37    -592.60       0.97     145.17       0.97    312       NaN       NaN
   0.920000   38    -580.06       0.51     151.77       0.51    197       NaN       NaN
   0.920000   39    -567.52       0.15     154.31       0.15    184       NaN       NaN
   0.920000   40    -554.98      -0.03     159.97      -0.03     83       NaN       NaN
   0.920000   41    -542.44      -0.18     164.76      -0.18     35       NaN       NaN
   0.900000   31    -667.84       4.47     121.75       4.47     11       NaN       NaN
   0.900000   32    -655.30       4.27     120.49       4.27     51       NaN       NaN
   0.900000   33    -642.76       3.69     124.40       3.69    166       NaN       NaN
   0.900000   34    -630.22       3.28     119.36       3.28    360       NaN       NaN
   0.900000   35    -617.68       2.67     127.04       2.67    378       NaN       NaN
   0.900000   36    -605.14       1.87     130.35       1.87    351       NaN       NaN
   0.900000   37    -592.60       1.18     139.07       1.18    233       NaN       NaN
   0.900000   38    -580.06       0.78     143.52       0.78    194       NaN       NaN
   0.900000   39    -567.52       0.17     151.85       0.17    121       NaN       NaN
   0.900000   40    -554.98      -0.36     163.29      -0.36     22       NaN       NaN
   0.880000   29    -692.92       6.75     107.11       6.75     22       NaN       NaN
   0.880000   30    -680.38       5.80     111.89       5.80     45       NaN       NaN
   0.880000   31    -667.84       4.90     114.20       4.90     87       NaN       NaN
   0.880000   32    -655.30       4.26     116.34       4.26    213       NaN       NaN
   0.880000   33    -642.76       3.67     119.46       3.67    228       NaN       NaN
   0.880000   34    -630.22       2.81     123.26       2.81    350       NaN       NaN
   0.880000   35    -617.68       2.07     130.49       2.07    460       NaN       NaN
   0.880000   36    -605.14       1.45     138.49       1.45    218       NaN       NaN
   0.880000   37    -592.60       1.09     142.93       1.09    186       NaN       NaN
   0.880000   38    -580.06       0.56     146.24       0.56     81       NaN       NaN
   0.860000   29    -692.92       9.51      95.88       9.51     17       NaN       NaN
   0.860000   30    -680.38       6.83      98.28       6.83     43       NaN       NaN
   0.860000   31    -667.84       6.02     106.24       6.02     87       NaN       NaN
   0.860000   32    -655.30       5.07     110.11       5.07    121       NaN       NaN
   0.860000   33    -642.76       4.00     117.77       4.00    204       NaN       NaN
   0.860000   34    -630.22       3.18     120.81       3.18    325       NaN       NaN
   0.860000   35    -617.68       2.51     122.45       2.51    425       NaN       NaN
   0.860000   36    -605.14       1.74     125.10       1.74    402       NaN       NaN
   0.860000   37    -592.60       0.56     129.24       0.56    144       NaN       NaN
   0.860000   38    -580.06      -0.59     140.85      -0.59    112       NaN       NaN
   0.860000   39    -567.52      -1.65     146.91      -1.65     15       NaN       NaN
   0.840000   30    -680.38       7.26     108.83       7.26     24       NaN       NaN
   0.840000   31    -667.84       5.57     114.48       5.57    173       NaN       NaN
   0.840000   32    -655.30       4.76     117.05       4.76    296       NaN       NaN
   0.840000   33    -642.76       3.59     119.76       3.59    363       NaN       NaN
   0.840000   34    -630.22       2.44     123.61       2.44    300       NaN       NaN
   0.840000   35    -617.68       1.42     129.19       1.42    305       NaN       NaN
   0.840000   36    -605.14       1.00     133.71       1.00    197       NaN       NaN
   0.840000   37    -592.60       0.60     138.28       0.60    137       NaN       NaN
   0.840000   38    -580.06      -0.65     142.98      -0.65     54       NaN       NaN
   0.840000   39    -567.52      -1.62     144.71      -1.62     30       NaN       NaN
   0.840000   40    -554.98      -1.15     155.32      -1.15     14       NaN       NaN
   0.820000   28    -705.46       9.43      99.20       9.43     33       NaN       NaN
   0.820000   29    -692.92       8.74     101.46       8.74    129       NaN       NaN
   0.820000   30    -680.38       7.64     105.17       7.64    141       NaN       NaN
   0.820000   31    -667.84       5.53     113.85       5.53    232       NaN       NaN
   0.820000   32    -655.30       4.40     113.77       4.40    493       NaN       NaN
   0.820000   33    -642.76       3.91     115.92       3.91    406       NaN       NaN
   0.820000   34    -630.22       2.86     121.76       2.86    231       NaN       NaN
   0.820000   35    -617.68       1.79     130.89       1.79    191       NaN       NaN
   0.820000   36    -605.14       1.16     138.76       1.16     40       NaN       NaN
   0.800000   27    -718.00      12.29      92.56      12.29     31       NaN       NaN
   0.800000   28    -705.46       9.61      95.15       9.61     79       NaN       NaN
   0.800000   29    -692.92       8.89      96.81       8.89    122       NaN       NaN
   0.800000   30    -680.38       7.39      99.73       7.39    381       NaN       NaN
   0.800000   31    -667.84       6.33     104.86       6.33    559       NaN       NaN
   0.800000   32    -655.30       5.02     111.14       5.02    386       NaN       NaN
   0.800000   33    -642.76       3.62     116.21       3.62    164       NaN       NaN
   0.800000   34    -630.22       3.04     124.11       3.04     75       NaN       NaN
   0.800000   35    -617.68       2.76     126.33       2.76     68       NaN       NaN
   0.800000   36    -605.14       2.29     131.65       2.29     34       NaN       NaN
   0.780000   27    -718.00      14.26      85.86      14.26     11       NaN       NaN
   0.780000   28    -705.46      11.05      89.28      11.05     62       NaN       NaN
   0.780000   29    -692.92       8.31      93.39       8.31    307       NaN       NaN
   0.780000   30    -680.38       7.88      93.16       7.88    414       NaN       NaN
   0.780000   31    -667.84       6.44      99.90       6.44    517       NaN       NaN
   0.780000   32    -655.30       5.82     106.00       5.82    335       NaN       NaN
   0.780000   33    -642.76       5.36     108.06       5.36    205       NaN       NaN
   0.780000   34    -630.22       4.69     112.89       4.69     41       NaN       NaN
   0.760000   27    -718.00      16.66      79.95      16.66     12       NaN       NaN
   0.760000   28    -705.46      11.61      88.47      11.61    107       NaN       NaN
   0.760000   29    -692.92      10.39      91.96      10.39    281       NaN       NaN
   0.760000   30    -680.38       8.75      92.32       8.75    376       NaN       NaN
   0.760000   31    -667.84       7.85      99.77       7.85    463       NaN       NaN
   0.760000   32    -655.30       6.12     102.43       6.12    403       NaN       NaN
   0.760000   33    -642.76       5.27     103.27       5.27    167       NaN       NaN
   0.760000   34    -630.22       4.69     105.26       4.69     69       NaN       NaN
   0.760000   35    -617.68       3.54     121.13       3.54     21       NaN       NaN
   0.740000   25    -743.08      17.36      80.98      17.36     23       NaN       NaN
   0.740000   26    -730.54      15.44      81.44      15.44     97       NaN       NaN
   0.740000   27    -718.00      13.69      82.25      13.69    321       NaN       NaN
   0.740000   28    -705.46      12.47      86.59      12.47    500       NaN       NaN
   0.740000   29    -692.92      10.65      91.22      10.65    500       NaN       NaN
   0.740000   30    -680.38       8.65      93.46       8.65    349       NaN       NaN
   0.740000   31    -667.84       7.41     102.38       7.41     87       NaN       NaN
   0.740000   32    -655.30       6.47     114.26       6.47     14       NaN       NaN
   0.720000   26    -730.54      16.20      84.81      16.20     44       NaN       NaN
   0.720000   27    -718.00      14.74      86.33      14.74    134       NaN       NaN
   0.720000   28    -705.46      12.37      84.92      12.37    411       NaN       NaN
   0.720000   29    -692.92      10.91      91.39      10.91    566       NaN       NaN
   0.720000   30    -680.38       9.15      94.18       9.15    426       NaN       NaN
   0.720000   31    -667.84       8.13      96.12       8.13    224       NaN       NaN
   0.720000   32    -655.30       6.35     102.98       6.35     80       NaN       NaN
   0.720000   33    -642.76       4.73     113.65       4.73     10       NaN       NaN
   0.700000   25    -743.08      18.60      81.72      18.60     23       NaN       NaN
   0.700000   26    -730.54      14.77      78.75      14.77    152       NaN       NaN
   0.700000   27    -718.00      13.45      81.87      13.45    373       NaN       NaN
   0.700000   28    -705.46      11.63      84.40      11.63    558       NaN       NaN
   0.700000   29    -692.92       9.62      86.58       9.62    437       NaN       NaN
   0.700000   30    -680.38       7.91      90.31       7.91    262       NaN       NaN
   0.700000   31    -667.84       8.70     101.89       8.70     65       NaN       NaN
   0.700000   32    -655.30       6.82     103.59       6.82     13       NaN       NaN
   0.700000   33    -642.76       4.26     115.42       4.26     16       NaN       NaN
   0.680000   25    -743.08      17.75      75.93      17.75     87       NaN       NaN
   0.680000   26    -730.54      15.88      78.43      15.88    261       NaN       NaN
   0.680000   27    -718.00      14.09      78.41      14.09    351       NaN       NaN
   0.680000   28    -705.46      11.75      80.62      11.75    488       NaN       NaN
   0.680000   29    -692.92      10.43      86.25      10.43    390       NaN       NaN
   0.680000   30    -680.38       8.62      89.42       8.62    228       NaN       NaN
   0.680000   31    -667.84       6.73     100.12       6.73     82       NaN       NaN
   0.660000   23    -768.16      20.92      69.13      20.92     29       NaN       NaN
   0.660000   24    -755.62      18.95      68.70      18.95    143       NaN       NaN
   0.660000   25    -743.08      16.61      71.56      16.61    368       NaN       NaN
   0.660000   26    -730.54      14.56      74.19      14.56    377       NaN       NaN
   0.660000   27    -718.00      12.92      81.42      12.92    428       NaN       NaN
   0.660000   28    -705.46       9.89      83.86       9.89    363       NaN       NaN
   0.660000   29    -692.92       8.26      87.19       8.26    163       NaN       NaN
   0.660000   30    -680.38       9.80      99.24       9.80     28       NaN       NaN
   0.640000   22    -780.70      23.61      59.15      23.61     88       NaN       NaN
   0.640000   23    -768.16      22.10      66.23      22.10    300       NaN       NaN
   0.640000   24    -755.62      19.54      71.52      19.54    414       NaN       NaN
   0.640000   25    -743.08      18.33      72.49      18.33    554       NaN       NaN
   0.640000   26    -730.54      16.01      77.79      16.01    413       NaN       NaN
   0.640000   27    -718.00      14.33      85.81      14.33    116       NaN       NaN
   0.620000   20    -805.78      28.93      66.00      28.93     33       NaN       NaN
   0.620000   21    -793.24      26.69      59.28      26.69     66       NaN       NaN
   0.620000   22    -780.70      23.07      67.02      23.07    188       NaN       NaN
   0.620000   23    -768.16      20.94      66.16      20.94    516       NaN       NaN
   0.620000   24    -755.62      18.95      69.90      18.95    634       NaN       NaN
   0.620000   25    -743.08      18.05      72.76      18.05    410       NaN       NaN
   0.620000   26    -730.54      17.59      80.94      17.59     42       NaN       NaN
   0.620000   27    -718.00      15.23      89.03      15.23     10       NaN       NaN
   0.600000   18    -830.86      35.08      56.95      35.08     33       NaN       NaN
   0.600000   19    -818.32      30.54      59.18      30.54     87       NaN       NaN
   0.600000   20    -805.78      26.60      62.88      26.60    365       NaN       NaN
   0.600000   21    -793.24      25.70      63.60      25.70    569       NaN       NaN
   0.600000   22    -780.70      23.28      65.62      23.28    527       NaN       NaN
   0.600000   23    -768.16      20.07      68.26      20.07    238       NaN       NaN
   0.600000   24    -755.62      18.23      74.25      18.23     70       NaN       NaN
   0.600000   25    -743.08      18.62      79.33      18.62     10       NaN       NaN
   0.580000   18    -830.86      32.12      59.95      32.12     21       NaN       NaN
   0.580000   19    -818.32      30.78      54.80      30.78    189       NaN       NaN
   0.580000   20    -805.78      28.88      56.50      28.88    559       NaN       NaN
   0.580000   21    -793.24      24.70      59.09      24.70    634       NaN       NaN
   0.580000   22    -780.70      23.23      57.27      23.23    390       NaN       NaN
   0.580000   23    -768.16      20.81      68.49      20.81     66       NaN       NaN
   0.580000   24    -755.62      26.15      71.92      26.15     16       NaN       NaN
   0.580000   25    -743.08      24.71      69.96      24.71     11       NaN       NaN
   0.580000   26    -730.54      25.00      70.06      25.00     13       NaN       NaN
   0.560000   17    -843.40      36.60      49.84      36.60     46       NaN       NaN
   0.560000   18    -830.86      34.58      52.47      34.58    132       NaN       NaN
   0.560000   19    -818.32      32.45      54.57      32.45    282       NaN       NaN
   0.560000   20    -805.78      30.89      56.46      30.89    583       NaN       NaN
   0.560000   21    -793.24      27.69      58.26      27.69    635       NaN       NaN
   0.560000   22    -780.70      24.46      60.89      24.46    196       NaN       NaN
   0.560000   23    -768.16      25.81      61.80      25.81     19       NaN       NaN
   0.540000   16    -855.94      33.87      48.59      33.87     22       NaN       NaN
   0.540000   17    -843.40      34.34      48.64      34.34    220       NaN       NaN
   0.540000   18    -830.86      33.11      51.49      33.11    383       NaN       NaN
   0.540000   19    -818.32      31.48      55.81      31.48    507       NaN       NaN
   0.540000   20    -805.78      29.50      55.91      29.50    450       NaN       NaN
   0.540000   21    -793.24      29.06      56.49      29.06    225       NaN       NaN
   0.540000   22    -780.70      27.79      64.51      27.79     83       NaN       NaN
   0.520000   16    -855.94      36.68      49.93      36.68     77       NaN       NaN
   0.520000   17    -843.40      36.59      49.02      36.59    179       NaN       NaN
   0.520000   18    -830.86      34.17      51.48      34.17    350       NaN       NaN
   0.520000   19    -818.32      33.28      54.74      33.28    372       NaN       NaN
   0.520000   20    -805.78      30.55      54.51      30.55    530       NaN       NaN
   0.520000   21    -793.24      27.28      57.39      27.28    228       NaN       NaN
   0.520000   22    -780.70      23.01      62.98      23.01    124       NaN       NaN
   0.520000   23    -768.16      23.85      65.50      23.85     30       NaN       NaN
   0.500000   16    -855.94      42.50      44.60      42.48     29       NaN       NaN
   0.500000   17    -843.40      40.81      43.72      40.80     85       NaN       NaN
   0.500000   18    -830.86      33.94      41.68      33.94    448       NaN       NaN
   0.500000   19    -818.32      33.50      47.53      33.50    774       NaN       NaN
   0.500000   20    -805.78      31.10      52.39      31.10    425       NaN       NaN
   0.500000   21    -793.24      30.61      52.58      30.61     94       NaN       NaN
   0.500000   22    -780.70      27.93      58.00      27.93     35       NaN       NaN
   0.480000   16    -855.94      37.98      44.50      37.98    119       NaN       NaN
   0.480000   17    -843.40      36.71      44.43      36.71    353       NaN       NaN
   0.480000   18    -830.86      32.43      42.43      32.43    627       NaN       NaN
   0.480000   19    -818.32      32.17      40.34      32.17    491       NaN       NaN
   0.480000   20    -805.78      32.29      51.23      32.29    205       NaN       NaN
   0.480000   21    -793.24      35.45      54.09      35.45     83       NaN       NaN
   0.480000   22    -780.70      31.54      60.56      31.54     18       NaN       NaN
   0.460000   15    -868.48      47.08      44.44      44.43     35       NaN       NaN
   0.460000   16    -855.94      43.48      36.89      36.89    178       NaN       NaN
   0.460000   17    -843.40      41.11      37.10      37.10    363       NaN       NaN
   0.460000   18    -830.86      33.58      36.97      33.58    594       NaN       NaN
   0.460000   19    -818.32      29.53      43.48      29.53    529       NaN       NaN
   0.460000   20    -805.78      31.60      48.60      31.60    193       NaN       NaN
   0.440000   14    -881.02      51.10      37.47      37.47     33     0.000     1.000
   0.440000   15    -868.48      42.62      33.28      33.28    108       NaN       NaN
   0.440000   16    -855.94      41.47      33.78      33.78    307       NaN       NaN
   0.440000   17    -843.40      38.20      35.92      35.91    489       NaN       NaN
   0.440000   18    -830.86      39.09      40.10      38.99    455       NaN       NaN
   0.440000   19    -818.32      36.69      36.97      36.40    395       NaN       NaN
   0.440000   20    -805.78      35.92      50.68      35.92    105       NaN       NaN
   0.420000   14    -881.02      61.96      28.29      28.29     70     0.000     1.000
   0.420000   15    -868.48      55.22      29.11      29.11    111     0.000     1.000
   0.420000   16    -855.94      48.14      30.57      30.57    386       NaN       NaN
   0.420000   17    -843.40      46.42      33.87      33.87    696       NaN       NaN
   0.420000   18    -830.86      45.50      31.40      31.40    438       NaN       NaN
   0.420000   19    -818.32      42.55      37.65      37.65    183       NaN       NaN
   0.400000   14    -881.02      72.22      25.08      25.08     58     0.000     1.000
   0.400000   15    -868.48      52.86      25.30      25.30    451     0.000     1.000
   0.400000   16    -855.94      51.25      29.54      29.54    501     0.000     1.000
   0.400000   17    -843.40      48.18      31.36      31.36    596       NaN       NaN
   0.400000   18    -830.86      53.24      31.90      31.90    187     0.000     1.000
   0.400000   19    -818.32      59.18      35.16      35.16     80     0.000     1.000
   0.400000   20    -805.78      57.82      38.40      38.40     26     0.000     1.000
   0.380000   15    -868.48      67.44      27.23      27.23     32     0.000     1.000
   0.380000   16    -855.94      66.58      27.58      27.58    199     0.000     1.000
   0.380000   17    -843.40      46.21      27.90      27.90    621       NaN       NaN
   0.380000   18    -830.86      42.04      29.70      29.70    614       NaN       NaN
   0.380000   19    -818.32      42.31      31.26      31.26    341       NaN       NaN
   0.380000   20    -805.78      50.89      30.18      30.18     88     0.000     1.000
   0.360000   15    -868.48      70.06      25.46      25.46     94     0.000     1.000
   0.360000   16    -855.94      59.85      25.53      25.53    305     0.000     1.000
   0.360000   17    -843.40      55.93      25.00      25.00    554     0.000     1.000
   0.360000   18    -830.86      53.86      27.12      27.12    598     0.000     1.000
   0.360000   19    -818.32      57.51      29.32      29.32    300     0.000     1.000
   0.360000   20    -805.78      55.26      28.21      28.21     43     0.000     1.000
   0.340000   14    -881.02      72.05      22.16      22.16     59     0.000     1.000
   0.340000   15    -868.48      71.46      21.08      21.08    269     0.000     1.000
   0.340000   16    -855.94      62.75      21.42      21.42    542     0.000     1.000
   0.340000   17    -843.40      62.80      21.59      21.59    556     0.000     1.000
   0.340000   18    -830.86      54.47      21.88      21.88    323     0.000     1.000
   0.340000   19    -818.32      54.13      29.29      29.29    107     0.000     1.000
   0.340000   20    -805.78      59.50      25.63      25.63     37     0.000     1.000
   0.320000    7    -968.80     117.80      -5.11      -5.11     18     0.000     1.000
   0.320000    8    -956.26     114.77      -2.49      -2.49     83     0.000     1.000
   0.320000    9    -943.72     106.95      -1.76      -1.76    293     0.000     1.000
   0.320000   10    -931.18      97.51      -6.70      -6.70    523     0.000     1.000
   0.320000   11    -918.64      95.17      -6.27      -6.27    488     0.000     1.000
   0.320000   12    -906.10      90.31      -7.24      -7.24    269     0.000     1.000
   0.320000   13    -893.56      96.11      -9.17      -9.17     90     0.000     1.000
   0.320000   14    -881.02      94.99       1.06       1.06     63     0.000     1.000
   0.320000   15    -868.48      98.92       1.57       1.57     22     0.000     1.000
   0.320000   16    -855.94      97.56       3.82       3.82     28     0.000     1.000
   0.320000   17    -843.40      95.49      15.68      15.68     16     0.000     1.000
   0.300000    7    -968.80     120.58       0.87       0.87     14     0.000     1.000
   0.300000    8    -956.26     108.68       1.05       1.05    198     0.000     1.000
   0.300000    9    -943.72     106.88      -1.14      -1.14    434     0.000     1.000
   0.300000   10    -931.18     108.84       0.63       0.63    585     0.000     1.000
   0.300000   11    -918.64     106.36       0.53       0.53    420     0.000     1.000
   0.300000   12    -906.10     110.14       1.69       1.69    195     0.000     1.000
   0.300000   13    -893.56     109.25       2.76       2.76     53     0.000     1.000
   0.280000    8    -956.26     127.27      -9.90      -9.90    128     0.000     1.000
   0.280000    9    -943.72     118.65      -8.03      -8.03    457     0.000     1.000
   0.280000   10    -931.18     113.57      -6.13      -6.13    814     0.000     1.000
   0.280000   11    -918.64     111.06      -3.87      -3.87    402     0.000     1.000
   0.280000   12    -906.10     110.24      -0.96      -0.96     95     0.000     1.000
   0.260000    5    -993.88     132.64      -5.60      -5.60     19     0.000     1.000
   0.260000    6    -981.34     128.04      -5.99      -5.99    141     0.000     1.000
   0.260000    7    -968.80     122.07      -4.33      -4.33    298     0.000     1.000
   0.260000    8    -956.26     111.27      -4.55      -4.55    405     0.000     1.000
   0.260000    9    -943.72     108.47      -4.05      -4.05    503     0.000     1.000
   0.260000   10    -931.18     110.38      -3.69      -3.69    314     0.000     1.000
   0.260000   11    -918.64     115.12      -3.18      -3.18    145     0.000     1.000
   0.260000   12    -906.10     115.29      -0.61      -0.61     33     0.000     1.000
   0.260000   13    -893.56     136.07      -1.37      -1.37     34     0.000     1.000
   0.240000    5    -993.88     142.36      -2.01      -2.01     20     0.000     1.000
   0.240000    6    -981.34     121.97      -6.29      -6.29    148     0.000     1.000
   0.240000    7    -968.80     120.57      -5.58      -5.58    303     0.000     1.000
   0.240000    8    -956.26     126.89      -5.66      -5.66    494     0.000     1.000
   0.240000    9    -943.72     123.14      -4.22      -4.22    440     0.000     1.000
   0.240000   10    -931.18     123.13      -4.72      -4.72    331     0.000     1.000
   0.240000   11    -918.64     132.36      -7.00      -7.00    127     0.000     1.000
   0.240000   12    -906.10     133.43      -8.52      -8.52     36     0.000     1.000
   0.220000    5    -993.88     136.37      -9.29      -9.29     35     0.000     1.000
   0.220000    6    -981.34     123.48      -8.10      -8.10    176     0.000     1.000
   0.220000    7    -968.80     123.82      -7.20      -7.20    290     0.000     1.000
   0.220000    8    -956.26     127.26      -8.92      -8.92    470     0.000     1.000
   0.220000    9    -943.72     126.36      -7.72      -7.72    311     0.000     1.000
   0.220000   10    -931.18     135.71      -7.44      -7.44    329     0.000     1.000
   0.220000   11    -918.64     142.15      -8.62      -8.62    193     0.000     1.000
   0.220000   12    -906.10     139.56      -8.08      -8.08     80     0.000     1.000
   0.220000   13    -893.56     141.95      -6.78      -6.78     15     0.000     1.000
   0.200000    3   -1018.96     149.44      -4.32      -4.32     24     0.000     1.000
   0.200000    4   -1006.42     135.96      -7.16      -7.16    196     0.000     1.000
   0.200000    5    -993.88     138.14      -7.40      -7.40    450     0.000     1.000
   0.200000    6    -981.34     138.03      -6.22      -6.22    549     0.000     1.000
   0.200000    7    -968.80     137.19      -8.05      -8.05    410     0.000     1.000
   0.200000    8    -956.26     139.01      -8.06      -8.06    213     0.000     1.000
   0.200000    9    -943.72     149.87      -6.68      -6.68     57     0.000     1.000
   0.180000    3   -1018.96     156.84      -5.68      -5.68     12     0.000     1.000
   0.180000    4   -1006.42     145.61      -8.07      -8.07     50     0.000     1.000
   0.180000    5    -993.88     139.13      -8.75      -8.75    108     0.000     1.000
   0.180000    6    -981.34     140.63      -8.89      -8.89    400     0.000     1.000
   0.180000    7    -968.80     139.48      -8.90      -8.90    493     0.000     1.000
   0.180000    8    -956.26     134.99      -8.90      -8.90    427     0.000     1.000
   0.180000    9    -943.72     133.27      -8.42      -8.42    273     0.000     1.000
   0.180000   10    -931.18     139.24      -6.93      -6.93    130     0.000     1.000
   0.160000    3   -1018.96     156.05      -7.45      -7.45     24     0.000     1.000
   0.160000    4   -1006.42     154.07      -8.85      -8.85    164     0.000     1.000
   0.160000    5    -993.88     146.36      -8.52      -8.52    337     0.000     1.000
   0.160000    6    -981.34     146.16      -7.64      -7.64    441     0.000     1.000
   0.160000    7    -968.80     147.98      -8.57      -8.57    343     0.000     1.000
   0.160000    8    -956.26     146.82      -8.53      -8.53    271     0.000     1.000
   0.160000    9    -943.72     152.65     -10.29     -10.29    237     0.000     1.000
   0.160000   10    -931.18     150.84     -11.10     -11.10     82     0.000     1.000
   0.140000    4   -1006.42     157.77      -7.96      -7.96     74     0.000     1.000
   0.140000    5    -993.88     150.23      -9.12      -9.12    362     0.000     1.000
   0.140000    6    -981.34     147.46      -9.53      -9.53    729     0.000     1.000
   0.140000    7    -968.80     151.93     -10.05     -10.05    544     0.000     1.000
   0.140000    8    -956.26     154.30      -8.58      -8.58    164     0.000     1.000
   0.140000    9    -943.72     173.15      -8.65      -8.65     12     0.000     1.000
   0.140000   10    -931.18     174.69      -8.71      -8.71     14     0.000     1.000
   0.120000    1   -1044.04     166.14      -7.71      -7.71     13     0.000     1.000
   0.120000    3   -1018.96     173.92      -9.50      -9.50     33     0.000     1.000
   0.120000    4   -1006.42     155.88      -9.03      -9.03     95     0.000     1.000
   0.120000    5    -993.88     143.75      -9.07      -9.07    310     0.000     1.000
   0.120000    6    -981.34     143.33      -8.86      -8.86    499     0.000     1.000
   0.120000    7    -968.80     152.52      -8.91      -8.91    544     0.000     1.000
   0.120000    8    -956.26     163.90      -9.08      -9.08    259     0.000     1.000
   0.120000    9    -943.72     167.94      -9.23      -9.23    125     0.000     1.000
   0.120000   10    -931.18     173.39      -8.62      -8.62     12     0.000     1.000
   0.100000    2   -1031.50     148.21      -6.80      -6.80     13     0.000     1.000
   0.100000    3   -1018.96     150.95      -8.08      -8.08     14     0.000     1.000
   0.100000    4   -1006.42     160.91      -8.30      -8.30     89     0.000     1.000
   0.100000    5    -993.88     146.00      -8.97      -8.97    338     0.000     1.000
   0.100000    6    -981.34     155.09      -9.76      -9.76    512     0.000     1.000
   0.100000    7    -968.80     158.80     -10.66     -10.66    462     0.000     1.000
   0.100000    8    -956.26     160.94     -11.05     -11.05    390     0.000     1.000
   0.100000    9    -943.72     160.16     -11.44     -11.44     65     0.000     1.000
   0.100000   10    -931.18     180.61     -11.32     -11.32     16     0.000     1.000
   0.080000    3   -1018.96     148.03      -8.94      -8.94     31     0.000     1.000
   0.080000    4   -1006.42     150.69      -9.09      -9.09     91     0.000     1.000
   0.080000    5    -993.88     143.72      -8.46      -8.46    324     0.000     1.000
   0.080000    6    -981.34     146.14      -9.39      -9.39    423     0.000     1.000
   0.080000    7    -968.80     151.65      -9.83      -9.83    569     0.000     1.000
   0.080000    8    -956.26     155.21      -9.96      -9.96    375     0.000     1.000
   0.080000    9    -943.72     165.61     -10.75     -10.75     76     0.000     1.000
   0.080000   10    -931.18     195.10     -11.04     -11.04     10     0.000     1.000
   0.060000    2   -1031.50     157.65      -8.93      -8.93     24     0.000     1.000
   0.060000    3   -1018.96     159.24      -8.94      -8.94     89     0.000     1.000
   0.060000    4   -1006.42     159.58      -9.45      -9.45    291     0.000     1.000
   0.060000    5    -993.88     159.24      -9.55      -9.55    379     0.000     1.000
   0.060000    6    -981.34     168.61      -9.84      -9.84    318     0.000     1.000
   0.060000    7    -968.80     169.13     -10.19     -10.19    254     0.000     1.000
   0.060000    8    -956.26     178.40     -10.15     -10.15    202     0.000     1.000
   0.060000    9    -943.72     180.83     -10.50     -10.50    152     0.000     1.000
   0.060000   10    -931.18     189.22     -10.82     -10.82    160     0.000     1.000
   0.060000   11    -918.64     210.65     -11.90     -11.90     23     0.000     1.000
   0.040000    6    -981.34     195.11     -10.62     -10.62     12     0.000     1.000
   0.040000    7    -968.80     193.76     -10.62     -10.62     53     0.000     1.000
   0.040000    8    -956.26     192.88     -10.96     -10.96    170     0.000     1.000
   0.040000    9    -943.72     193.78     -10.97     -10.97    459     0.000     1.000
   0.040000   10    -931.18     199.74     -11.14     -11.14    534     0.000     1.000
   0.040000   11    -918.64     200.39     -11.43     -11.43    426     0.000     1.000
   0.040000   12    -906.10     201.03     -11.78     -11.78    171     0.000     1.000
   0.040000   13    -893.56     214.05     -12.04     -12.04     53     0.000     1.000
   0.040000   14    -881.02     237.96     -12.49     -12.49     20     0.000     1.000
   0.020000    7    -968.80     199.16     -11.00     -11.00     16     0.000     1.000
   0.020000    8    -956.26     198.83     -11.04     -11.04    230     0.000     1.000
   0.020000    9    -943.72     202.22     -11.15     -11.15    411     0.000     1.000
   0.020000   10    -931.18     194.15     -11.29     -11.29    435     0.000     1.000
   0.020000   11    -918.64     198.72     -11.33     -11.33    390     0.000     1.000
   0.020000   12    -906.10     208.79     -11.46     -11.46    250     0.000     1.000
   0.020000   13    -893.56     221.69     -11.64     -11.64    131     0.000     1.000
   0.020000   14    -881.02     229.35     -11.62     -11.62     11     0.000     1.000
   0.020000   15    -868.48     244.42     -11.79     -11.79     25     0.000     1.000
   0.000000    9    -943.72     224.81     -11.61     -11.61     18     0.000     1.000
   0.000000   10    -931.18     208.01     -11.61     -11.61     52     0.000     1.000
   0.000000   11    -918.64     210.42     -11.61     -11.61    106     0.000     1.000
   0.000000   12    -906.10     219.59     -11.61     -11.61    129     0.000     1.000
   0.000000   13    -893.56     220.52     -11.61     -11.61    217     0.000     1.000
   0.000000   14    -881.02     227.42     -11.61     -11.61    369     0.000     1.000
   0.000000   15    -868.48     225.18     -11.61     -11.61    272     0.000     1.000
   0.000000   16    -855.94     226.67     -11.61     -11.61    195     0.000     1.000
   0.000000   17    -843.40     253.50     -11.61     -11.61    134     0.000     1.000
   0.000000   18    -830.86     286.92     -11.61     -11.61     64     0.000     1.000
   0.000000   19    -818.32     293.95     -11.61     -11.61     92     0.000     1.000
   0.000000   20    -805.78     307.27     -11.61     -11.61     81     0.000     1.000
   0.000000   21    -793.24     317.33     -11.61     -11.61     11     0.000     1.000
   0.000000   22    -780.70     336.48     -11.61     -11.61     16     0.000     1.000
   0.000000   23    -768.16     344.11     -11.61     -11.61     17     0.000     1.000
   0.000000   24    -755.62     353.61     -11.61     -11.61     19     0.000     1.000
   0.000000   25    -743.08     360.58     -11.61     -11.61     17     0.000     1.000
   0.000000   27    -718.00     389.84     -11.61     -11.61     12     0.000     1.000
   0.000000   28    -705.46     400.94     -11.61     -11.61     14     0.000     1.000
   0.000000   29    -692.92     421.25     -11.61     -11.61     18     0.000     1.000


# Part 3: Bin-averaged summary:
# bin  energy gap  <dGg> <dGg norm> pts  <c1**2> <c2**2> <r_xy>
   1  -1044.04     -7.71      1.58         13    0.000    1.000    3.085
   2  -1031.50     -8.18      1.11         37    0.000    1.000    3.642
   3  -1018.96     -8.15      1.14        227    0.000    1.000    3.370
   4  -1006.42     -8.59      0.70       1050    0.000    1.000    3.306
   5   -993.88     -8.62      0.67       2682    0.000    1.000    3.230
   6   -981.34     -8.54      0.75       4348    0.000    1.000    3.179
   7   -968.80     -8.66      0.63       4611    0.000    1.000    3.121
   8   -956.26     -8.08      1.21       4479    0.000    1.000    3.054
   9   -943.72     -7.02      2.27       4323    0.000    1.000    2.995
  10   -931.18     -6.64      2.65       4341    0.000    1.000    3.010
  11   -918.64     -6.69      2.60       2720    0.000    1.000    2.964
  12   -906.10     -7.20      2.09       1258    0.000    1.000    2.903
  13   -893.56     -9.29      0.00        593    0.000    1.000    2.632
  14   -881.02      2.03     11.32        683    0.000    1.000    2.898
  15   -868.48     17.83     27.12       1419      NaN      NaN    3.527
  16   -855.94     26.17     35.46       2888      NaN      NaN    3.739
  17   -843.40     30.03     39.32       4908      NaN      NaN    3.766
  18   -830.86     31.28     40.57       5267      NaN      NaN    3.713
  19   -818.32     31.49     40.78       4729      NaN      NaN    3.633
  20   -805.78     29.24     38.53       3723      NaN      NaN    3.565
  21   -793.24     26.75     36.04       2545      NaN      NaN    3.558
  22   -780.70     23.46     32.75       1665      NaN      NaN    3.543
  23   -768.16     20.74     30.03       1215      NaN      NaN    3.538
  24   -755.62     18.74     28.03       1296      NaN      NaN    3.546
  25   -743.08     17.50     26.79       1503      NaN      NaN    3.548
  26   -730.54     15.56     24.85       1399      NaN      NaN    3.580
  27   -718.00     13.49     22.78       1799      NaN      NaN    3.594
  28   -705.46     11.46     20.75       2615      NaN      NaN    3.619
  29   -692.92      9.79     19.08       2952      NaN      NaN    3.622
  30   -680.38      8.24     17.53       2717      NaN      NaN    3.643
  31   -667.84      6.68     15.97       2605      NaN      NaN    3.655
  32   -655.30      5.09     14.38       2480      NaN      NaN    3.674
  33   -642.76      4.00     13.29       2046      NaN      NaN    3.714
  34   -630.22      2.94     12.23       2159      NaN      NaN    3.770
  35   -617.68      2.16     11.45       2385      NaN      NaN    3.801
  36   -605.14      1.59     10.88       1924      NaN      NaN    3.839
  37   -592.60      1.02     10.31       1627      NaN      NaN    3.850
  38   -580.06      0.52      9.81       1350      NaN      NaN    3.905
  39   -567.52      0.24      9.53       1255      NaN      NaN    3.944
  40   -554.98      0.14      9.43       1072      NaN      NaN    3.969
  41   -542.44      0.03      9.32       1105      NaN      NaN    4.003
  42   -529.90     -0.06      9.23        952      NaN      NaN    3.983
  43   -517.36     -0.14      9.15        641      NaN      NaN    3.969
  44   -504.82     -0.14      9.15        468      NaN      NaN    3.991
  45   -492.28     -0.26      9.03        277      NaN      NaN    3.994
  46   -479.74     -0.39      8.90        150      NaN      NaN    4.021
  47   -467.20     -0.48      8.81         58      NaN      NaN    4.057
  48   -454.66     -0.66      8.63         25      NaN      NaN    4.113
