# Qfep                       version 5.10.24 , gi(modified on 20240701                                                                        )

--> Number of energy files: # Number of files                 =    51
--> No. of states, no. of predefined off-diag elements: # Number of states                 =     2
# Number of off-diagonal elements =     0
--> Give kT & no, of pts to skip   & calculation mode: # kT                              = 0.596
# Number of data points to skip   =   100
# Only QQ interactions will be considered   =   0
--> Give number of gap-bins: # Number of gap-bins              =    50
--> Give minimum # pts/bin: # Minimum number of points per bin=    10
--> Give alpha for state  2:                                                    # Alpha for state  2              =    30.00
--> Number of off-diagonal elements:# Number of off-diagonal elements =     1
#   i   j   A(i,j)  mu(i,j) eta(i,j) rxy0(i,j)
--> i, j, A_ij, mu_ij, eta_ij, r_xy0: #   1   2     25.00      0.00      0.00      0.00
--> linear combination of states defining reaction coord: # Linear combination co-efficients=  1.00 -1.00


# Part 0: Average energies for all states in all files
# file             state   pts   lambda    EQtot   EQbond  EQang   EQtor   EQimp    EQel   EQvdW  Eel_qq  EvdW_qq Eel_qp  EvdW_qp Eel_qw EvdW_qw Eqrstr
--> Name of file number   1:                                                     
# Energy files from Qdyn, version: 5.10.17 , git id=9325b9c29ad62a733df16f540968e33ee6c78260                       
rep3_fep_000_1.000.en   1      1899  1.000000  -287.66  -180.40     2.78    -3.57     0.09   -87.91   -19.74   -17.06    -0.19   -47.55   -18.73   -23.31    -0.82     1.09
rep3_fep_000_1.000.en   2      1899  0.000000   -68.79    -3.30   118.79     0.76     0.04  -205.23     9.78  -125.42    28.27   -45.82   -17.76   -33.99    -0.73    10.37
--> Name of file number   2:                                                     
# Energy files from Qdyn, version: 5.10.17 , git id=9325b9c29ad62a733df16f540968e33ee6c78260                       
rep3_fep_001_0.980.en   1      1899  0.980000  -286.88  -180.25     3.47    -3.31     0.09   -87.09   -20.17   -18.70    -0.24   -48.09   -18.55   -20.30    -1.38     0.38
rep3_fep_001_0.980.en   2      1899  0.020000  -114.82   -15.05    82.61     1.54     0.04  -199.47     8.83  -123.80    27.78   -45.88   -17.64   -29.78    -1.31     6.70
--> Name of file number   3:                                                     
# Energy files from Qdyn, version: 5.10.17 , git id=9325b9c29ad62a733df16f540968e33ee6c78260                       
rep3_fep_002_0.960.en   1      1899  0.960000  -287.71  -180.10     3.81    -3.34     0.07   -88.83   -19.60   -19.03    -0.34   -47.88   -18.28   -21.92    -0.97     0.28
rep3_fep_002_0.960.en   2      1899  0.040000  -139.97   -20.02    63.55     1.41     0.03  -200.83     8.64  -123.93    26.99   -44.36   -17.44   -32.55    -0.91     7.25
--> Name of file number   4:                                                     
# Energy files from Qdyn, version: 5.10.17 , git id=9325b9c29ad62a733df16f540968e33ee6c78260                       
rep3_fep_003_0.940.en   1      1899  0.940000  -286.90  -180.64     3.21    -3.55     0.10   -87.39   -18.89   -18.26    -0.20   -48.10   -17.88   -21.04    -0.81     0.27
rep3_fep_003_0.940.en   2      1899  0.060000  -156.13   -21.52    49.45     1.45     0.04  -203.89     9.14  -126.89    26.89   -45.91   -16.99   -31.09    -0.76     9.20
--> Name of file number   5:                                                     
# Energy files from Qdyn, version: 5.10.17 , git id=9325b9c29ad62a733df16f540968e33ee6c78260                       
rep3_fep_004_0.920.en   1      1899  0.920000  -288.91  -180.59     4.00    -3.02     0.17   -91.61   -18.31   -18.54     0.35   -50.36   -18.02   -22.70    -0.64     0.43
rep3_fep_004_0.920.en   2      1899  0.080000  -187.08   -35.25    32.69     1.62     0.07  -206.23     8.68  -124.54    26.38   -47.94   -17.10   -33.75    -0.60    11.34
--> Name of file number   6:                                                     
# Energy files from Qdyn, version: 5.10.17 , git id=9325b9c29ad62a733df16f540968e33ee6c78260                       
rep3_fep_005_0.900.en   1      1899  0.900000  -287.03  -180.28     3.51    -3.22     0.15   -89.68   -18.09   -18.58     0.82   -48.65   -18.18   -22.44    -0.73     0.58
rep3_fep_005_0.900.en   2      1899  0.100000  -191.54   -35.51    26.53     1.60     0.06  -203.92     8.37  -124.91    26.53   -45.95   -17.46   -33.06    -0.70    11.34
--> Name of file number   7:                                                     
# Energy files from Qdyn, version: 5.10.17 , git id=9325b9c29ad62a733df16f540968e33ee6c78260                       
rep3_fep_006_0.880.en   1      1899  0.880000  -283.76  -180.43     3.48    -3.52     0.10   -86.19   -17.49   -18.91     1.16   -48.49   -16.85   -18.79    -1.80     0.28
rep3_fep_006_0.880.en   2      1899  0.120000  -195.31   -35.65    18.49     1.31     0.04  -196.93     8.67  -122.94    26.60   -45.77   -16.17   -28.22    -1.76     8.77
--> Name of file number   8:                                                     
# Energy files from Qdyn, version: 5.10.17 , git id=9325b9c29ad62a733df16f540968e33ee6c78260                       
rep3_fep_007_0.860.en   1      1899  0.860000  -277.46  -179.00     4.35    -2.52     0.09   -86.84   -13.54   -28.41     5.11   -43.28   -16.36   -15.15    -2.29     0.00
rep3_fep_007_0.860.en   2      1899  0.140000  -228.45   -79.05    14.94     2.96     0.04  -177.02     9.54  -110.65    27.58   -40.45   -15.80   -25.92    -2.24     0.14
--> Name of file number   9:                                                     
# Energy files from Qdyn, version: 5.10.17 , git id=9325b9c29ad62a733df16f540968e33ee6c78260                       
rep3_fep_008_0.840.en   1      1899  0.840000  -278.49  -178.96     4.08    -2.59     0.12   -85.60   -15.55   -28.72     5.15   -41.22   -17.79   -15.66    -2.90     0.00
rep3_fep_008_0.840.en   2      1899  0.160000  -234.10   -81.86    12.00     3.45     0.05  -173.85     6.04  -109.29    26.23   -38.47   -17.34   -26.09    -2.86     0.09
--> Name of file number  10:                                                     
# Energy files from Qdyn, version: 5.10.17 , git id=9325b9c29ad62a733df16f540968e33ee6c78260                       
rep3_fep_009_0.820.en   1      1899  0.820000  -274.99  -178.03     3.98    -1.91     0.10   -85.22   -13.92   -30.73     6.79   -40.62   -17.59   -13.87    -3.11     0.00
rep3_fep_009_0.820.en   2      1899  0.180000  -239.75   -92.77    12.58     1.83     0.04  -168.17     6.71  -109.54    26.89   -35.96   -17.12   -22.68    -3.06     0.03
--> Name of file number  11:                                                     
# Energy files from Qdyn, version: 5.10.17 , git id=9325b9c29ad62a733df16f540968e33ee6c78260                       
rep3_fep_010_0.800.en   1      1899  0.800000  -281.13  -177.39     3.52    -2.53     0.11   -95.01    -9.83   -31.21     8.39   -42.78   -17.35   -21.02    -0.87     0.00
rep3_fep_010_0.800.en   2      1899  0.200000  -255.16   -96.92    10.33     2.49     0.04  -180.98     9.85  -106.57    27.42   -42.56   -16.75   -31.85    -0.83     0.02
--> Name of file number  12:                                                     
# Energy files from Qdyn, version: 5.10.17 , git id=9325b9c29ad62a733df16f540968e33ee6c78260                       
rep3_fep_011_0.780.en   1      1899  0.780000  -280.89  -176.94     3.32    -2.18     0.12   -96.00    -9.22   -31.75     9.08   -43.48   -17.19   -20.78    -1.11     0.00
rep3_fep_011_0.780.en   2      1899  0.220000  -260.70  -101.29    11.15     3.15     0.05  -183.30     9.53  -105.55    27.21   -44.25   -16.62   -33.51    -1.06     0.01
--> Name of file number  13:                                                     
# Energy files from Qdyn, version: 5.10.17 , git id=9325b9c29ad62a733df16f540968e33ee6c78260                       
rep3_fep_012_0.760.en   1      1899  0.760000  -276.74  -175.63     3.81    -1.44     0.14   -93.64    -9.97   -32.62     9.49   -43.53   -17.48   -17.50    -1.99     0.00
rep3_fep_012_0.760.en   2      1899  0.240000  -265.13  -105.04    10.36     2.09     0.06  -180.50     7.88  -106.27    26.63   -43.17   -16.81   -31.06    -1.93     0.02
--> Name of file number  14:                                                     
# Energy files from Qdyn, version: 5.10.17 , git id=9325b9c29ad62a733df16f540968e33ee6c78260                       
rep3_fep_013_0.740.en   1      1899  0.740000  -272.42  -174.07     3.76    -0.42     0.15   -95.24    -6.60   -34.42    11.34   -42.45   -16.61   -18.37    -1.34     0.00
rep3_fep_013_0.740.en   2      1899  0.260000  -275.71  -112.05    11.07     1.07     0.06  -185.75     9.88  -105.91    27.14   -45.03   -15.99   -34.81    -1.26     0.00
--> Name of file number  15:                                                     
# Energy files from Qdyn, version: 5.10.17 , git id=9325b9c29ad62a733df16f540968e33ee6c78260                       
rep3_fep_014_0.720.en   1      1899  0.720000  -271.88  -172.41     3.53    -2.05     0.11   -96.13    -4.92   -35.52    12.91   -41.35   -16.52   -19.26    -1.32     0.00
rep3_fep_014_0.720.en   2      1899  0.280000  -281.57  -120.73     9.32     1.71     0.04  -181.88     9.97  -103.00    27.20   -43.38   -15.96   -35.49    -1.27     0.00
--> Name of file number  16:                                                     
# Energy files from Qdyn, version: 5.10.17 , git id=9325b9c29ad62a733df16f540968e33ee6c78260                       
rep3_fep_015_0.700.en   1      1899  0.700000  -267.38  -169.90     3.20    -1.69     0.07   -95.41    -3.66   -38.38    15.56   -38.81   -17.47   -18.22    -1.75     0.00
rep3_fep_015_0.700.en   2      1899  0.300000  -290.56  -129.67     7.62    -1.07     0.03  -176.80     9.33  -104.13    27.81   -36.46   -16.74   -36.21    -1.74     0.00
--> Name of file number  17:                                                     
# Energy files from Qdyn, version: 5.10.17 , git id=9325b9c29ad62a733df16f540968e33ee6c78260                       
rep3_fep_016_0.680.en   1      1899  0.680000  -268.91  -166.22     4.63    -2.38     0.07  -101.05    -3.97   -40.43    15.29   -43.23   -17.53   -17.40    -1.73     0.00
rep3_fep_016_0.680.en   2      1899  0.320000  -303.41  -133.43     8.92    -1.68     0.03  -184.45     7.21  -104.39    25.81   -40.01   -16.86   -40.05    -1.74     0.00
--> Name of file number  18:                                                     
# Energy files from Qdyn, version: 5.10.17 , git id=9325b9c29ad62a733df16f540968e33ee6c78260                       
rep3_fep_017_0.660.en   1      1899  0.660000  -266.93  -164.20     3.65    -2.61     0.06  -102.02    -1.82   -42.11    17.22   -41.58   -18.20   -18.33    -0.84     0.00
rep3_fep_017_0.660.en   2      1899  0.340000  -310.67  -139.23     8.21    -2.09     0.02  -185.35     7.77  -104.81    26.15   -37.00   -17.52   -43.53    -0.86     0.00
--> Name of file number  19:                                                     
# Energy files from Qdyn, version: 5.10.17 , git id=9325b9c29ad62a733df16f540968e33ee6c78260                       
rep3_fep_018_0.640.en   1      1899  0.640000  -261.59  -157.48     3.30    -2.84     0.06  -105.11     0.48   -45.44    18.54   -40.90   -17.47   -18.78    -0.59     0.01
rep3_fep_018_0.640.en   2      1899  0.360000  -321.65  -149.78     7.52    -2.30     0.02  -184.92     7.80  -102.63    25.21   -38.00   -16.80   -44.29    -0.61     0.00
--> Name of file number  20:                                                     
# Energy files from Qdyn, version: 5.10.17 , git id=9325b9c29ad62a733df16f540968e33ee6c78260                       
rep3_fep_019_0.620.en   1      1899  0.620000  -257.23  -151.51     3.94    -2.34     0.07  -106.90    -0.51   -48.25    19.01   -41.75   -18.20   -16.90    -1.31     0.01
rep3_fep_019_0.620.en   2      1899  0.380000  -322.27  -155.79     7.80    -2.57     0.03  -177.25     5.51  -101.73    24.34   -35.39   -17.50   -40.13    -1.32     0.00
--> Name of file number  21:                                                     
# Energy files from Qdyn, version: 5.10.17 , git id=9325b9c29ad62a733df16f540968e33ee6c78260                       
rep3_fep_020_0.600.en   1      1899  0.600000  -254.50  -149.11     4.23    -2.79     0.05  -107.07     0.17   -48.73    19.13   -40.80   -17.93   -17.53    -1.03     0.02
rep3_fep_020_0.600.en   2      1899  0.400000  -331.37  -160.31     7.52    -2.15     0.02  -181.19     4.73  -100.78    22.96   -36.97   -17.17   -43.44    -1.05     0.00
--> Name of file number  22:                                                     
# Energy files from Qdyn, version: 5.10.17 , git id=9325b9c29ad62a733df16f540968e33ee6c78260                       
rep3_fep_021_0.580.en   1      1899  0.580000  -250.64  -144.65     4.01    -3.06     0.04  -106.95    -0.05   -51.59    20.12   -40.61   -18.73   -14.75    -1.44     0.02
rep3_fep_021_0.580.en   2      1899  0.420000  -330.09  -165.66     6.70    -2.63     0.02  -171.76     3.24  -100.07    22.74   -38.09   -18.05   -33.60    -1.45     0.00
--> Name of file number  23:                                                     
# Energy files from Qdyn, version: 5.10.17 , git id=9325b9c29ad62a733df16f540968e33ee6c78260                       
rep3_fep_022_0.560.en   1      1899  0.560000  -248.08  -140.26     4.10    -2.57     0.06  -110.35     0.93   -52.99    20.06   -39.29   -17.83   -18.08    -1.30     0.01
rep3_fep_022_0.560.en   2      1899  0.440000  -341.71  -169.69     6.18    -2.04     0.02  -179.38     3.19   -97.60    21.59   -38.54   -17.08   -43.24    -1.32     0.00
--> Name of file number  24:                                                     
# Energy files from Qdyn, version: 5.10.17 , git id=9325b9c29ad62a733df16f540968e33ee6c78260                       
rep3_fep_023_0.540.en   1      1899  0.540000  -247.60  -137.18     4.06    -2.71     0.05  -113.76     1.94   -54.50    20.47   -41.14   -17.70   -18.13    -0.83     0.01
rep3_fep_023_0.540.en   2      1899  0.460000  -347.30  -174.28     6.12    -2.45     0.02  -180.02     3.32   -96.77    21.13   -38.43   -16.96   -44.81    -0.85     0.00
--> Name of file number  25:                                                     
# Energy files from Qdyn, version: 5.10.17 , git id=9325b9c29ad62a733df16f540968e33ee6c78260                       
rep3_fep_024_0.520.en   1      1899  0.520000  -245.03  -135.32     4.67    -2.69     0.05  -113.49     1.75   -54.99    20.43   -40.63   -17.73   -17.87    -0.95     0.01
rep3_fep_024_0.520.en   2      1899  0.480000  -345.86  -176.96     6.64    -2.34     0.02  -175.75     2.53   -95.14    20.47   -37.73   -16.98   -42.88    -0.96     0.00
--> Name of file number  26:                                                     
# Energy files from Qdyn, version: 5.10.17 , git id=9325b9c29ad62a733df16f540968e33ee6c78260                       
rep3_fep_025_0.500.en   1      1899  0.500000  -243.17  -133.26     4.99    -2.52     0.04  -115.75     3.32   -55.89    20.32   -41.33   -16.59   -18.54    -0.41     0.02
rep3_fep_025_0.500.en   2      1899  0.500000  -348.97  -177.65     6.81    -2.51     0.02  -179.36     3.72   -95.45    19.98   -40.59   -15.81   -43.32    -0.44     0.00
--> Name of file number  27:                                                     
# Energy files from Qdyn, version: 5.10.17 , git id=9325b9c29ad62a733df16f540968e33ee6c78260                       
rep3_fep_026_0.480.en   1      1899  0.480000  -240.94  -128.75     4.46    -2.37     0.04  -116.98     2.64   -57.46    19.91   -41.73   -16.60   -17.79    -0.67     0.02
rep3_fep_026_0.480.en   2      1899  0.520000  -352.76  -180.78     6.14    -2.92     0.01  -177.71     2.50   -94.27    19.01   -40.21   -15.81   -43.23    -0.70     0.00
--> Name of file number  28:                                                     
# Energy files from Qdyn, version: 5.10.17 , git id=9325b9c29ad62a733df16f540968e33ee6c78260                       
rep3_fep_027_0.460.en   1      1899  0.460000  -237.53  -124.61     5.27    -2.45     0.05  -119.46     3.64   -58.23    20.36   -42.65   -15.97   -18.59    -0.74     0.03
rep3_fep_027_0.460.en   2      1899  0.540000  -355.47  -182.52     6.35    -2.21     0.02  -179.73     2.63   -92.50    18.60   -41.95   -15.21   -45.28    -0.76     0.00
--> Name of file number  29:                                                     
# Energy files from Qdyn, version: 5.10.17 , git id=9325b9c29ad62a733df16f540968e33ee6c78260                       
rep3_fep_028_0.440.en   1      1899  0.440000  -236.47  -122.96     5.08    -1.72     0.10  -120.30     3.32   -58.61    20.41   -41.29   -16.82   -20.41    -0.27     0.03
rep3_fep_028_0.440.en   2      1899  0.560000  -357.84  -183.14     6.13    -1.87     0.04  -180.95     1.95   -92.74    18.24   -40.17   -15.99   -48.04    -0.30     0.00
--> Name of file number  30:                                                     
# Energy files from Qdyn, version: 5.10.17 , git id=9325b9c29ad62a733df16f540968e33ee6c78260                       
rep3_fep_029_0.420.en   1      1899  0.420000  -231.88  -119.79     5.20    -1.75     0.11  -119.07     3.38   -57.89    19.20   -42.96   -14.53   -18.22    -1.29     0.04
rep3_fep_029_0.420.en   2      1899  0.580000  -362.86  -185.34     5.71    -0.83     0.05  -183.55     1.09   -89.75    16.19   -48.13   -13.79   -45.66    -1.31     0.00
--> Name of file number  31:                                                     
# Energy files from Qdyn, version: 5.10.17 , git id=9325b9c29ad62a733df16f540968e33ee6c78260                       
rep3_fep_030_0.400.en   1      1899  0.400000  -230.51  -116.14     5.90    -1.41     0.09  -123.56     4.54   -58.64    19.13   -43.02   -14.95   -21.91     0.36     0.06
rep3_fep_030_0.400.en   2      1899  0.600000  -366.01  -186.40     6.06    -0.69     0.04  -186.82     1.81   -88.21    15.63   -47.72   -14.15   -50.89     0.33     0.00
--> Name of file number  32:                                                     
# Energy files from Qdyn, version: 5.10.17 , git id=9325b9c29ad62a733df16f540968e33ee6c78260                       
rep3_fep_031_0.380.en   1      1899  0.380000  -233.26  -116.79     5.58    -2.02     0.08  -124.94     4.77   -59.16    19.48   -42.57   -15.34   -23.21     0.63     0.05
rep3_fep_031_0.380.en   2      1899  0.620000  -370.97  -187.63     5.96    -1.61     0.03  -189.60     1.88   -88.38    15.79   -48.14   -14.51   -53.09     0.60     0.00
--> Name of file number  33:                                                     
# Energy files from Qdyn, version: 5.10.17 , git id=9325b9c29ad62a733df16f540968e33ee6c78260                       
rep3_fep_032_0.360.en   1      1899  0.360000  -231.99  -114.28     5.74    -2.05     0.07  -126.20     4.66   -60.56    19.28   -42.76   -15.44   -22.87     0.82     0.05
rep3_fep_032_0.360.en   2      1899  0.640000  -375.66  -189.51     5.92    -2.51     0.03  -190.86     1.28   -88.82    15.14   -48.95   -14.66   -53.10     0.80     0.00
--> Name of file number  34:                                                     
# Energy files from Qdyn, version: 5.10.17 , git id=9325b9c29ad62a733df16f540968e33ee6c78260                       
rep3_fep_033_0.340.en   1      1899  0.340000  -230.18  -112.66     5.09    -1.73     0.12  -127.64     6.60   -60.03    19.75   -42.70   -14.51   -24.92     1.36     0.05
rep3_fep_033_0.340.en   2      1899  0.660000  -378.09  -191.07     5.53    -1.57     0.05  -193.35     2.32   -86.01    14.75   -50.16   -13.76   -57.17     1.33     0.00
--> Name of file number  35:                                                     
# Energy files from Qdyn, version: 5.10.17 , git id=9325b9c29ad62a733df16f540968e33ee6c78260                       
rep3_fep_034_0.320.en   1      1899  0.320000  -229.56  -109.68     6.08    -1.85     0.14  -131.78     7.46   -59.75    19.01   -45.15   -13.20   -26.88     1.65     0.07
rep3_fep_034_0.320.en   2      1899  0.680000  -382.94  -192.31     5.82    -1.19     0.06  -198.39     3.08   -83.32    13.97   -52.22   -12.51   -62.85     1.61     0.00
--> Name of file number  36:                                                     
# Energy files from Qdyn, version: 5.10.17 , git id=9325b9c29ad62a733df16f540968e33ee6c78260                       
rep3_fep_035_0.300.en   1      1899  0.300000  -225.07  -106.57     6.11    -1.50     0.10  -130.64     7.32   -61.14    19.65   -43.86   -14.04   -25.64     1.72     0.10
rep3_fep_035_0.300.en   2      1899  0.700000  -385.21  -193.78     5.03    -1.85     0.04  -196.57     1.91   -83.84    13.55   -53.88   -13.32   -58.84     1.68     0.00
--> Name of file number  37:                                                     
# Energy files from Qdyn, version: 5.10.17 , git id=9325b9c29ad62a733df16f540968e33ee6c78260                       
rep3_fep_036_0.280.en   1      1899  0.280000  -223.01  -104.73     6.78    -1.44     0.14  -131.11     7.24   -61.15    19.39   -43.63   -13.93   -26.33     1.78     0.10
rep3_fep_036_0.280.en   2      1899  0.720000  -383.58  -194.21     5.56    -1.63     0.06  -194.78     1.42   -82.75    12.92   -51.89   -13.24   -60.14     1.74     0.00
--> Name of file number  38:                                                     
# Energy files from Qdyn, version: 5.10.17 , git id=9325b9c29ad62a733df16f540968e33ee6c78260                       
rep3_fep_037_0.260.en   1      1899  0.260000  -222.69  -103.70     5.80    -1.62     0.13  -131.53     8.13   -60.97    19.79   -44.14   -13.98   -26.43     2.32     0.11
rep3_fep_037_0.260.en   2      1899  0.740000  -383.97  -194.87     4.73    -1.13     0.05  -194.44     1.68   -82.27    12.71   -52.08   -13.30   -60.09     2.27     0.00
--> Name of file number  39:                                                     
# Energy files from Qdyn, version: 5.10.17 , git id=9325b9c29ad62a733df16f540968e33ee6c78260                       
rep3_fep_038_0.240.en   1      1899  0.240000  -220.65  -100.71     6.47    -1.29     0.15  -132.11     6.70   -61.60    19.13   -43.48   -14.69   -27.03     2.26     0.13
rep3_fep_038_0.240.en   2      1899  0.760000  -385.96  -195.75     4.90    -1.32     0.06  -193.96     0.11   -82.22    11.85   -50.49   -13.95   -61.25     2.21     0.00
--> Name of file number  40:                                                     
# Energy files from Qdyn, version: 5.10.17 , git id=9325b9c29ad62a733df16f540968e33ee6c78260                       
rep3_fep_039_0.220.en   1      1899  0.220000  -216.82   -98.46     6.82    -0.14     0.14  -133.29     7.96   -62.97    19.27   -40.13   -13.93   -30.19     2.62     0.16
rep3_fep_039_0.220.en   2      1899  0.780000  -388.16  -196.52     5.18    -2.21     0.05  -195.94     1.27   -81.62    11.92   -50.81   -13.26   -63.51     2.61     0.00
--> Name of file number  41:                                                     
# Energy files from Qdyn, version: 5.10.17 , git id=9325b9c29ad62a733df16f540968e33ee6c78260                       
rep3_fep_040_0.200.en   1      1899  0.200000  -213.05   -95.21     7.28    -0.58     0.25  -133.16     8.17   -61.89    19.39   -41.96   -14.34   -29.32     3.12     0.20
rep3_fep_040_0.200.en   2      1899  0.800000  -387.08  -196.44     4.74    -0.53     0.10  -195.20     0.25   -79.49    10.81   -51.72   -13.64   -63.99     3.08     0.00
--> Name of file number  42:                                                     
# Energy files from Qdyn, version: 5.10.17 , git id=9325b9c29ad62a733df16f540968e33ee6c78260                       
rep3_fep_041_0.180.en   1      1899  0.180000  -211.88   -93.27     7.82    -0.04     0.16  -134.33     7.56   -63.13    19.25   -40.38   -13.73   -30.82     2.04     0.21
rep3_fep_041_0.180.en   2      1899  0.820000  -393.72  -197.33     4.94    -1.32     0.06  -199.66    -0.42   -81.00    10.55   -52.93   -13.00   -65.72     2.03     0.00
--> Name of file number  43:                                                     
# Energy files from Qdyn, version: 5.10.17 , git id=9325b9c29ad62a733df16f540968e33ee6c78260                       
rep3_fep_042_0.160.en   1      1899  0.160000  -213.02   -92.19     7.46    -0.72     0.21  -136.29     8.32   -62.44    19.24   -44.20   -13.56   -29.66     2.64     0.19
rep3_fep_042_0.160.en   2      1899  0.840000  -392.15  -197.41     4.53    -1.09     0.09  -197.80    -0.45   -78.13     9.81   -54.90   -12.85   -64.78     2.59     0.00
--> Name of file number  44:                                                     
# Energy files from Qdyn, version: 5.10.17 , git id=9325b9c29ad62a733df16f540968e33ee6c78260                       
rep3_fep_043_0.140.en   1      1899  0.140000  -204.64   -89.65     8.37     0.05     0.23  -134.37    10.51   -62.63    20.40   -41.33   -12.95   -30.41     3.06     0.23
rep3_fep_043_0.140.en   2      1899  0.860000  -394.97  -198.56     4.55    -1.57     0.09  -200.10     0.62   -78.65     9.81   -56.45   -12.21   -65.01     3.02     0.00
--> Name of file number  45:                                                     
# Energy files from Qdyn, version: 5.10.17 , git id=9325b9c29ad62a733df16f540968e33ee6c78260                       
rep3_fep_044_0.120.en   1      1899  0.120000  -201.95   -85.50     8.15     0.28     0.20  -135.60    10.25   -63.52    20.53   -41.88   -13.81   -30.20     3.52     0.28
rep3_fep_044_0.120.en   2      1899  0.880000  -396.55  -198.50     4.69    -1.97     0.08  -200.04    -0.81   -78.08     8.79   -57.31   -13.09   -64.65     3.49     0.00
--> Name of file number  46:                                                     
# Energy files from Qdyn, version: 5.10.17 , git id=9325b9c29ad62a733df16f540968e33ee6c78260                       
rep3_fep_045_0.100.en   1      1899  0.100000  -195.99   -81.56    10.43     0.14     0.27  -136.48    10.85   -62.56    20.99   -43.58   -13.71   -30.34     3.56     0.36
rep3_fep_045_0.100.en   2      1899  0.900000  -397.33  -199.23     4.53    -0.71     0.11  -201.05    -0.97   -75.98     8.47   -59.43   -12.95   -65.64     3.51     0.00
--> Name of file number  47:                                                     
# Energy files from Qdyn, version: 5.10.17 , git id=9325b9c29ad62a733df16f540968e33ee6c78260                       
rep3_fep_046_0.080.en   1      1899  0.080000  -192.03   -76.85     9.51     0.34     0.21  -137.85    12.16   -64.46    21.65   -41.05   -13.47   -32.34     3.97     0.45
rep3_fep_046_0.080.en   2      1899  0.920000  -395.99  -199.47     4.25    -1.40     0.09  -198.33    -1.13   -75.65     7.68   -56.03   -12.75   -66.65     3.94     0.00
--> Name of file number  48:                                                     
# Energy files from Qdyn, version: 5.10.17 , git id=9325b9c29ad62a733df16f540968e33ee6c78260                       
rep3_fep_047_0.060.en   1      1899  0.060000  -181.92   -76.26    15.71     1.04     0.31  -136.90    13.76   -62.60    22.91   -40.46   -13.27   -33.84     4.11     0.42
rep3_fep_047_0.060.en   2      1899  0.940000  -398.06  -199.40     4.91    -0.98     0.12  -202.20    -0.52   -76.45     7.89   -56.37   -12.47   -69.38     4.06     0.00
--> Name of file number  49:                                                     
# Energy files from Qdyn, version: 5.10.17 , git id=9325b9c29ad62a733df16f540968e33ee6c78260                       
rep3_fep_048_0.040.en   1      1899  0.040000  -176.84   -72.55    16.34     1.12     0.16  -136.37    13.95   -66.27    23.80   -37.61   -13.85   -32.49     3.99     0.51
rep3_fep_048_0.040.en   2      1899  0.960000  -396.73  -200.25     5.33    -2.68     0.07  -198.02    -1.18   -78.17     7.98   -55.74   -13.14   -64.10     3.98     0.00
--> Name of file number  50:                                                     
# Energy files from Qdyn, version: 5.10.17 , git id=9325b9c29ad62a733df16f540968e33ee6c78260                       
rep3_fep_049_0.020.en   1      1899  0.020000  -166.31   -67.76    19.75     1.48     0.08  -135.66    15.21   -67.91    24.53   -36.79   -12.99   -30.97     3.67     0.60
rep3_fep_049_0.020.en   2      1899  0.980000  -400.02  -200.78     5.06    -3.47     0.03  -200.88     0.02   -78.39     8.59   -61.81   -12.25   -60.68     3.67     0.00
--> Name of file number  51:                                                     
# Energy files from Qdyn, version: 5.10.17 , git id=9325b9c29ad62a733df16f540968e33ee6c78260                       
rep3_fep_050_0.000.en   1      1899  0.000000  -147.21   -60.83    32.20     1.54     0.23  -136.32    15.16   -62.54    23.91   -37.10   -13.39   -36.67     4.64     0.80
rep3_fep_050_0.000.en   2      1899  1.000000  -407.78  -201.14     4.56    -2.17     0.09  -206.87    -2.25   -70.47     5.75   -65.94   -12.62   -70.47     4.62     0.00


# Part 1: Free energy perturbation summary:

# Calculation for full system
# lambda(1)      dGf sum(dGf)      dGr sum(dGr)     <dG>
   1.000000     0.000     0.000    -4.214    50.021     0.000
   0.980000     4.888     4.888    -3.770    54.234     4.551
   0.960000     3.834     8.723    -3.399    58.004     8.353
   0.940000     3.361    12.084    -2.677    61.403    11.733
   0.920000     3.097    15.181    -2.551    64.080    14.620
   0.900000     2.593    17.774    -2.438    66.630    17.191
   0.880000     2.469    20.243    -1.655    69.068    19.645
   0.860000     2.306    22.548    -1.537    70.724    21.626
   0.840000     1.512    24.061    -1.345    72.261    23.150
   0.820000     1.440    25.501    -1.164    73.605    24.543
   0.800000     1.267    26.768    -1.046    74.770    25.758
   0.780000     1.077    27.845    -0.877    75.815    26.820
   0.760000     0.961    28.806    -0.592    76.693    27.739
   0.740000     0.788    29.594    -0.463    77.285    28.429
   0.720000     0.477    30.072    -0.219    77.748    28.900
   0.700000     0.348    30.420     0.028    77.967    29.183
   0.680000     0.052    30.472     0.219    77.939    29.195
   0.660000    -0.153    30.318     0.502    77.720    29.009
   0.640000    -0.329    29.990     0.556    77.219    28.594
   0.620000    -0.694    29.295     0.869    76.663    27.969
   0.600000    -0.819    28.477     0.930    75.794    27.125
   0.580000    -1.002    27.474     1.231    74.865    26.159
   0.560000    -1.044    26.430     1.365    73.634    25.022
   0.540000    -1.316    25.114     1.391    72.268    23.681
   0.520000    -1.422    23.692     1.484    70.877    22.275
   0.500000    -1.443    22.250     1.592    69.393    20.811
   0.480000    -1.547    20.702     1.714    67.800    19.241
   0.460000    -1.679    19.023     1.791    66.086    17.544
   0.440000    -1.802    17.221     1.981    64.295    15.748
   0.420000    -1.863    15.358     2.067    62.314    13.826
   0.400000    -2.058    13.300     2.122    60.247    11.763
   0.380000    -2.152    11.148     2.248    58.125     9.626
   0.360000    -2.186     8.962     2.340    55.876     7.409
   0.340000    -2.299     6.663     2.446    53.536     5.089
   0.320000    -2.378     4.285     2.577    51.090     2.678
   0.300000    -2.490     1.795     2.586    48.513     0.144
   0.280000    -2.627    -0.831     2.604    45.928    -2.462
   0.260000    -2.637    -3.469     2.684    43.323    -5.083
   0.240000    -2.648    -6.117     2.808    40.639    -7.749
   0.220000    -2.729    -8.846     2.857    37.832   -10.518
   0.200000    -2.846   -11.692     3.009    34.975   -13.369
   0.180000    -2.904   -14.596     2.952    31.966   -16.325
   0.160000    -3.065   -17.660     3.173    29.014   -19.334
   0.140000    -3.013   -20.674     3.265    25.841   -22.427
   0.120000    -3.242   -23.916     3.392    22.576   -25.680
   0.100000    -3.319   -27.235     3.439    19.184   -29.036
   0.080000    -3.463   -30.698     3.625    15.744   -32.487
   0.060000    -3.520   -34.218     3.698    12.119   -36.060
   0.040000    -3.812   -38.030     3.988     8.421   -39.815
   0.020000    -3.911   -41.940     4.433     4.433   -43.764
   0.000000    -4.181   -46.122     0.000     0.000   -48.071

# Min energy-gap is:   -289.39
# Max energy-gap is:    275.43



# Part 2: Reaction free energy summary:
# Lambda(1)  bin Energy gap      dGa     dGb     dGg    # pts    c1**2    c2**2
   1.000000    1    -283.74       0.00     279.71      -2.19     88     0.992     0.008
   1.000000    2    -272.44       0.00     268.66      -2.28    205     0.992     0.008
   1.000000    3    -261.15       0.00     257.25      -2.37    342     0.991     0.009
   1.000000    4    -249.85       0.00     245.90      -2.48    510     0.990     0.010
   1.000000    5    -238.55       0.00     234.82      -2.59    432     0.989     0.011
   1.000000    6    -227.26       0.00     223.53      -2.71    239     0.988     0.012
   1.000000    7    -215.96       0.00     212.16      -2.84     72     0.987     0.013
   1.000000    8    -204.67       0.00     208.27      -2.95     11     0.986     0.014
   0.980000    4    -249.85      -0.41     245.14      -2.90     25     0.990     0.010
   0.980000    5    -238.55      -0.20     234.27      -2.80    121     0.989     0.011
   0.980000    6    -227.26       0.01     223.32      -2.71    290     0.988     0.012
   0.980000    7    -215.96       0.23     212.39      -2.63    362     0.987     0.013
   0.980000    8    -204.67       0.45     201.35      -2.55    299     0.986     0.014
   0.980000    9    -193.37       0.68     190.40      -2.50    260     0.984     0.016
   0.980000   10    -182.07       0.90     179.27      -2.46    226     0.982     0.018
   0.980000   11    -170.78       1.12     168.74      -2.45    161     0.980     0.020
   0.980000   12    -159.48       1.38     156.80      -2.47     71     0.977     0.023
   0.980000   13    -148.18       1.56     146.14      -2.51     75     0.974     0.026
   0.960000    5    -238.55      -1.09     233.55      -3.71     11     0.989     0.011
   0.960000    6    -227.26      -0.68     222.36      -3.41     74     0.988     0.012
   0.960000    7    -215.96      -0.27     211.75      -3.13    165     0.987     0.013
   0.960000    8    -204.67       0.16     201.41      -2.84    239     0.986     0.014
   0.960000    9    -193.37       0.64     189.90      -2.55    169     0.984     0.016
   0.960000   10    -182.07       1.05     179.55      -2.31    257     0.982     0.018
   0.960000   11    -170.78       1.51     168.62      -2.06    270     0.980     0.020
   0.960000   12    -159.48       1.97     157.69      -1.85    346     0.977     0.023
   0.960000   13    -148.18       2.37     147.32      -1.70    257     0.974     0.026
   0.960000   14    -136.89       2.84     136.31      -1.56     84     0.970     0.030
   0.960000   15    -125.59       3.22     125.32      -1.48     22     0.966     0.034
   0.940000    5    -238.55      -2.56     232.74      -5.15     11     0.989     0.011
   0.940000    6    -227.26      -1.99     223.65      -4.69     34     0.988     0.012
   0.940000    8    -204.67      -0.52     200.62      -3.53     18     0.986     0.014
   0.940000    9    -193.37       0.14     189.71      -3.04     84     0.984     0.016
   0.940000   10    -182.07       0.81     179.24      -2.56    222     0.982     0.018
   0.940000   11    -170.78       1.47     168.74      -2.10    300     0.980     0.020
   0.940000   12    -159.48       2.14     157.99      -1.67    460     0.977     0.023
   0.940000   13    -148.18       2.81     147.55      -1.28    450     0.974     0.026
   0.940000   14    -136.89       3.46     137.03      -0.93    224     0.970     0.030
   0.940000   15    -125.59       4.06     126.88      -0.65     82     0.965     0.035
   0.920000   12    -159.48       2.13     157.14      -1.77     17     0.976     0.024
   0.920000   13    -148.18       2.81     147.12      -1.30    294     0.973     0.027
   0.920000   14    -136.89       3.59     137.16      -0.79    697     0.970     0.030
   0.920000   15    -125.59       4.45     126.95      -0.28    596     0.965     0.035
   0.920000   16    -114.29       5.31     116.78       0.17    234     0.959     0.041
   0.920000   17    -103.00       6.21     107.45       0.57     61     0.951     0.049
   0.900000   13    -148.18       2.38     147.13      -1.71    106     0.973     0.027
   0.900000   14    -136.89       3.49     136.87      -0.91    453     0.969     0.031
   0.900000   15    -125.59       4.58     126.73      -0.18    757     0.964     0.036
   0.900000   16    -114.29       5.54     117.27       0.42    450     0.959     0.041
   0.900000   17    -103.00       6.74     107.25       1.08    118     0.950     0.050
   0.880000   13    -148.18       2.06     146.29      -2.07    129     0.973     0.027
   0.880000   14    -136.89       3.04     136.87      -1.32    210     0.970     0.030
   0.880000   15    -125.59       4.58     126.58      -0.19    484     0.964     0.036
   0.880000   16    -114.29       5.78     116.95       0.63    568     0.958     0.042
   0.880000   17    -103.00       7.13     107.17       1.47    404     0.950     0.050
   0.880000   18     -91.70       8.30      97.85       2.11     92     0.941     0.059
   0.860000   16    -114.29       5.62     116.45       0.41     47     0.957     0.043
   0.860000   17    -103.00       7.15     106.82       1.45    208     0.949     0.051
   0.860000   18     -91.70       8.64      97.08       2.36    300     0.939     0.061
   0.860000   19     -80.41      10.22      87.50       3.20    531     0.924     0.076
   0.860000   20     -69.11      11.72      78.11       3.80    532     0.906     0.094
   0.860000   21     -57.81      13.22      68.46       4.18    252     0.881     0.119
   0.860000   22     -46.52      14.59      61.34       4.26     29     0.852     0.148
   0.840000   17    -103.00       6.78     106.25       1.03     69     0.948     0.052
   0.840000   18     -91.70       8.42      96.76       2.12    244     0.938     0.062
   0.840000   19     -80.41      10.15      87.49       3.12    597     0.924     0.076
   0.840000   20     -69.11      11.84      78.27       3.93    643     0.906     0.094
   0.840000   21     -57.81      13.55      68.90       4.52    298     0.881     0.119
   0.840000   22     -46.52      15.34      59.62       4.80     46     0.845     0.155
   0.820000   18     -91.70       8.06      96.34       1.72     60     0.937     0.063
   0.820000   19     -80.41      10.08      87.33       2.98    309     0.922     0.078
   0.820000   20     -69.11      11.95      78.12       3.99    690     0.904     0.096
   0.820000   21     -57.81      13.81      69.00       4.76    613     0.879     0.121
   0.820000   22     -46.52      15.61      60.72       5.21    211     0.849     0.151
   0.820000   23     -35.22      17.47      56.15       5.32     13     0.808     0.192
   0.800000   18     -91.70       7.66      96.08       1.23     19     0.937     0.063
   0.800000   19     -80.41       9.72      86.61       2.64    102     0.921     0.079
   0.800000   20     -69.11      11.86      77.91       3.88    317     0.902     0.098
   0.800000   21     -57.81      13.90      69.08       4.83    753     0.877     0.123
   0.800000   22     -46.52      15.99      60.38       5.49    532     0.844     0.156
   0.800000   23     -35.22      18.15      51.47       5.73    163     0.797     0.203
   0.800000   24     -23.92      20.21      47.16       5.47     13     0.741     0.259
   0.780000   19     -80.41       9.90      85.95       2.51     24     0.919     0.081
   0.780000   20     -69.11      11.58      77.71       3.58    190     0.902     0.098
   0.780000   21     -57.81      13.85      68.88       4.76    682     0.875     0.125
   0.780000   22     -46.52      16.04      60.46       5.59    527     0.843     0.157
   0.780000   23     -35.22      18.53      52.07       6.06    435     0.793     0.207
   0.780000   24     -23.92      20.85      43.04       5.85     37     0.730     0.270
   0.760000   20     -69.11      11.28      77.03       3.25     69     0.900     0.100
   0.760000   21     -57.81      13.73      68.54       4.60    288     0.873     0.127
   0.760000   22     -46.52      16.20      60.46       5.63    651     0.839     0.161
   0.760000   23     -35.22      18.84      51.92       6.28    561     0.788     0.212
   0.760000   24     -23.92      21.39      43.69       6.24    319     0.723     0.277
   0.760000   25     -12.63      23.63      40.47       5.75     11     0.661     0.339
   0.740000   21     -57.81      13.27      68.00       4.17     49     0.872     0.128
   0.740000   22     -46.52      16.20      59.75       5.53    263     0.832     0.168
   0.740000   23     -35.22      18.82      51.91       6.26    494     0.786     0.214
   0.740000   24     -23.92      21.73      43.51       6.41    539     0.714     0.286
   0.740000   25     -12.63      24.55      35.45       5.56    448     0.626     0.374
   0.740000   26      -1.33      27.24      27.61       3.78     96     0.536     0.464
   0.740000   27       9.97      30.18      22.59       1.32     10     0.429     0.571
   0.720000   21     -57.81      12.79      67.81       3.49     13     0.874     0.126
   0.720000   22     -46.52      15.69      59.60       5.00    106     0.836     0.164
   0.720000   23     -35.22      18.66      51.56       6.05    314     0.784     0.216
   0.720000   24     -23.92      21.70      43.51       6.41    586     0.712     0.288
   0.720000   25     -12.63      24.65      35.72       5.84    633     0.629     0.371
   0.720000   26      -1.33      27.71      28.03       4.06    193     0.526     0.474
   0.720000   27       9.97      31.04      19.53       0.71     42     0.411     0.589
   0.720000   28      21.26      34.88      10.65      -4.55     12     0.290     0.710
   0.700000   22     -46.52      14.45      59.14       4.11     24     0.840     0.160
   0.700000   23     -35.22      18.26      51.06       5.66     88     0.780     0.220
   0.700000   24     -23.92      21.57      43.41       6.23    364     0.710     0.290
   0.700000   25     -12.63      24.77      35.48       5.79    483     0.619     0.381
   0.700000   26      -1.33      28.02      27.79       4.16    457     0.518     0.482
   0.700000   27       9.97      31.53      20.06       1.11    348     0.404     0.596
   0.700000   28      21.26      34.62      12.28      -3.00     86     0.316     0.684
   0.700000   29      32.56      38.00       4.77      -7.99     46     0.236     0.764
   0.680000   24     -23.92      22.18      42.55       5.85     79     0.693     0.307
   0.680000   25     -12.63      24.49      35.40       5.59    331     0.619     0.381
   0.680000   26      -1.33      28.05      27.92       4.17    553     0.514     0.486
   0.680000   27       9.97      31.60      20.16       1.30    490     0.405     0.595
   0.680000   28      21.26      35.20      12.62      -2.65    339     0.309     0.691
   0.680000   29      32.56      38.44       5.54      -7.08    104     0.242     0.758
   0.660000   25     -12.63      24.45      34.92       5.13    116     0.609     0.391
   0.660000   26      -1.33      27.90      27.38       3.80    323     0.502     0.498
   0.660000   27       9.97      31.72      20.12       1.26    612     0.398     0.602
   0.660000   28      21.26      35.33      12.85      -2.43    518     0.308     0.692
   0.660000   29      32.56      38.98       5.84      -6.77    279     0.238     0.762
   0.660000   30      43.85      42.84       0.14     -11.02     43     0.180     0.820
   0.640000   25     -12.63      23.75      34.32       4.49     33     0.605     0.395
   0.640000   26      -1.33      27.61      27.08       3.45     94     0.501     0.499
   0.640000   27       9.97      31.34      19.97       1.11    243     0.399     0.601
   0.640000   28      21.26      35.52      12.80      -2.49    393     0.301     0.699
   0.640000   29      32.56      39.41       5.70      -6.91    526     0.228     0.772
   0.640000   30      43.85      43.44      -1.36     -11.97    365     0.173     0.827
   0.640000   31      55.15      47.42      -8.49     -17.59    176     0.133     0.867
   0.640000   32      66.45      51.35     -15.32     -23.30     58     0.104     0.896
   0.620000   24     -23.92      19.12      40.35       3.26     17     0.699     0.301
   0.620000   25     -12.63      22.45      33.43       3.64     35     0.610     0.390
   0.620000   26      -1.33      26.39      26.77       2.96     94     0.515     0.485
   0.620000   27       9.97      30.99      19.52       0.69    180     0.395     0.605
   0.620000   28      21.26      35.05      12.74      -2.53    304     0.306     0.694
   0.620000   29      32.56      39.40       5.63      -6.94    328     0.227     0.773
   0.620000   30      43.85      43.68      -1.17     -11.78    449     0.171     0.829
   0.620000   31      55.15      48.02      -8.20     -17.28    340     0.131     0.869
   0.620000   32      66.45      51.97     -14.94     -22.84    143     0.104     0.896
   0.600000   27       9.97      30.29      19.21       0.26     35     0.401     0.599
   0.600000   28      21.26      34.94      12.25      -3.03    105     0.297     0.703
   0.600000   29      32.56      39.37       5.42      -7.15    321     0.224     0.776
   0.600000   30      43.85      43.66      -1.07     -11.68    630     0.171     0.829
   0.600000   31      55.15      48.03      -7.85     -16.93    482     0.131     0.869
   0.600000   32      66.45      52.30     -14.18     -22.12    246     0.105     0.895
   0.600000   33      77.74      56.85     -20.60     -27.70     75     0.082     0.918
   0.580000   27       9.97      30.83      18.43      -0.61     11     0.384     0.616
   0.580000   28      21.26      34.30      11.40      -3.78     86     0.290     0.710
   0.580000   29      32.56      38.82       5.34      -7.28    266     0.225     0.775
   0.580000   30      43.85      43.58      -1.06     -11.69    599     0.170     0.830
   0.580000   31      55.15      48.22      -7.69     -16.78    489     0.130     0.870
   0.580000   32      66.45      52.79     -13.95     -21.89    412     0.103     0.897
   0.580000   33      77.74      56.86     -16.96     -24.53     36     0.087     0.913
   0.560000   29      32.56      40.48       4.74      -7.94     16     0.210     0.790
   0.560000   30      43.85      43.70      -1.48     -12.11    193     0.165     0.835
   0.560000   31      55.15      48.48      -7.91     -16.99    591     0.126     0.874
   0.560000   32      66.45      52.91     -13.81     -21.74    664     0.102     0.898
   0.560000   33      77.74      57.78     -19.88     -26.90    340     0.082     0.918
   0.560000   34      89.04      62.58     -25.34     -31.70     87     0.067     0.933
   0.540000   30      43.85      45.22      -2.30     -12.89     26     0.156     0.844
   0.540000   31      55.15      48.10      -8.04     -17.13    296     0.127     0.873
   0.540000   32      66.45      53.07     -14.00     -21.93    834     0.099     0.901
   0.540000   33      77.74      57.96     -19.80     -26.81    621     0.081     0.919
   0.540000   34      89.04      62.80     -25.20     -31.47    117     0.068     0.932
   0.520000   30      43.85      45.39      -3.05     -13.58     12     0.152     0.848
   0.520000   31      55.15      47.91      -8.36     -17.43    232     0.125     0.875
   0.520000   32      66.45      53.05     -14.00     -21.94    836     0.099     0.901
   0.520000   33      77.74      58.07     -19.34     -26.38    687     0.081     0.919
   0.520000   34      89.04      63.14     -25.28     -31.55    118     0.066     0.934
   0.520000   35     100.34      68.38     -28.75     -34.72     14     0.056     0.944
   0.500000   31      55.15      48.13      -8.67     -17.76    108     0.124     0.876
   0.500000   32      66.45      52.87     -14.13     -22.07    568     0.098     0.902
   0.500000   33      77.74      58.27     -19.50     -26.52    811     0.080     0.920
   0.500000   34      89.04      63.61     -24.80     -31.09    351     0.066     0.934
   0.500000   35     100.34      68.96     -28.72     -34.61     52     0.055     0.945
   0.480000   31      55.15      47.70      -8.88     -18.00     62     0.124     0.876
   0.480000   32      66.45      52.30     -14.24     -22.16    292     0.100     0.900
   0.480000   33      77.74      58.22     -19.48     -26.50    720     0.079     0.921
   0.480000   34      89.04      63.94     -24.83     -31.10    531     0.065     0.935
   0.480000   35     100.34      69.45     -29.22     -34.98    278     0.054     0.946
   0.480000   36     111.63      75.13     -34.20     -39.51     16     0.045     0.955
   0.460000   31      55.15      45.99      -8.93     -18.08     12     0.132     0.868
   0.460000   32      66.45      53.16     -14.80     -22.72    145     0.096     0.904
   0.460000   33      77.74      57.90     -19.63     -26.64    544     0.079     0.921
   0.460000   34      89.04      63.90     -24.76     -31.03    615     0.064     0.936
   0.460000   35     100.34      69.95     -29.71     -35.39    472     0.053     0.947
   0.460000   36     111.63      75.62     -32.97     -38.35    111     0.046     0.954
   0.440000   32      66.45      51.84     -15.10     -23.02     56     0.097     0.903
   0.440000   33      77.74      57.89     -19.78     -26.81    365     0.079     0.921
   0.440000   34      89.04      64.00     -24.67     -30.95    748     0.064     0.936
   0.440000   35     100.34      70.04     -29.49     -35.16    578     0.053     0.947
   0.440000   36     111.63      76.01     -33.95     -39.15    152     0.045     0.955
   0.420000   33      77.74      58.27     -20.39     -27.41    124     0.076     0.924
   0.420000   34      89.04      63.86     -24.85     -31.13    387     0.063     0.937
   0.420000   35     100.34      70.29     -29.50     -35.18    791     0.052     0.948
   0.420000   36     111.63      76.48     -33.96     -39.14    466     0.044     0.956
   0.420000   37     122.93      82.86     -38.27     -43.05    131     0.038     0.962
   0.400000   33      77.74      57.30     -20.79     -27.80     57     0.077     0.923
   0.400000   34      89.04      63.77     -25.27     -31.54    284     0.062     0.938
   0.400000   35     100.34      70.06     -29.49     -35.16    613     0.053     0.947
   0.400000   36     111.63      76.79     -33.78     -38.97    659     0.044     0.956
   0.400000   37     122.93      83.36     -37.85     -42.64    259     0.038     0.962
   0.400000   38     134.22      89.81     -41.05     -45.60     27     0.033     0.967
   0.380000   34      89.04      63.65     -25.49     -31.77    183     0.062     0.938
   0.380000   35     100.34      70.14     -29.57     -35.25    650     0.052     0.948
   0.380000   36     111.63      76.67     -33.67     -38.85    723     0.044     0.956
   0.380000   37     122.93      83.42     -37.30     -42.09    308     0.038     0.962
   0.380000   38     134.22      90.25     -40.50     -45.05     35     0.033     0.967
   0.360000   34      89.04      66.65     -26.30     -32.55     22     0.059     0.941
   0.360000   35     100.34      70.12     -29.91     -35.59    357     0.051     0.949
   0.360000   36     111.63      76.92     -33.68     -38.87    914     0.043     0.957
   0.360000   37     122.93      83.79     -37.38     -42.15    504     0.037     0.963
   0.360000   38     134.22      90.86     -40.80     -45.26    102     0.032     0.968
   0.340000   35     100.34      71.86     -30.43     -36.09    104     0.050     0.950
   0.340000   36     111.63      76.93     -33.92     -39.08    794     0.043     0.957
   0.340000   37     122.93      83.71     -37.23     -42.00    855     0.037     0.963
   0.340000   38     134.22      91.01     -40.96     -45.37    137     0.032     0.968
   0.320000   35     100.34      72.67     -30.82     -36.47     23     0.049     0.951
   0.320000   36     111.63      76.94     -34.16     -39.32    382     0.042     0.958
   0.320000   37     122.93      83.83     -37.27     -42.03   1007     0.037     0.963
   0.320000   38     134.22      91.37     -40.65     -45.06    424     0.032     0.968
   0.320000   39     145.52      98.49     -43.06     -47.28     63     0.028     0.972
   0.300000   35     100.34      71.35     -31.11     -36.78     19     0.050     0.950
   0.300000   36     111.63      76.47     -34.24     -39.42    123     0.043     0.957
   0.300000   37     122.93      84.29     -37.59     -42.34    601     0.036     0.964
   0.300000   38     134.22      91.61     -40.63     -45.04    943     0.032     0.968
   0.300000   39     145.52      99.23     -43.53     -47.66    210     0.028     0.972
   0.280000   36     111.63      76.76     -34.69     -39.86    125     0.042     0.958
   0.280000   37     122.93      83.95     -37.64     -42.40    652     0.036     0.964
   0.280000   38     134.22      91.46     -40.44     -44.85    816     0.032     0.968
   0.280000   39     145.52      99.36     -43.21     -47.33    280     0.028     0.972
   0.280000   40     156.82     107.29     -45.86     -49.77     26     0.025     0.975
   0.260000   36     111.63      79.00     -35.08     -40.25     69     0.042     0.958
   0.260000   37     122.93      83.83     -37.80     -42.55    676     0.036     0.964
   0.260000   38     134.22      91.56     -40.31     -44.73    861     0.032     0.968
   0.260000   39     145.52      99.74     -42.97     -47.10    274     0.028     0.972
   0.260000   40     156.82     107.83     -45.34     -49.26     19     0.024     0.976
   0.240000   36     111.63      80.29     -35.61     -40.76     15     0.041     0.959
   0.240000   37     122.93      83.46     -37.97     -42.73    397     0.036     0.964
   0.240000   38     134.22      91.70     -40.47     -44.87    978     0.031     0.969
   0.240000   39     145.52      99.86     -42.79     -46.91    449     0.028     0.972
   0.240000   40     156.82     108.18     -45.48     -49.32     60     0.024     0.976
   0.220000   37     122.93      83.21     -38.20     -42.97     72     0.036     0.964
   0.220000   38     134.22      91.84     -40.60     -45.00    723     0.031     0.969
   0.220000   39     145.52     100.19     -42.76     -46.87    921     0.027     0.973
   0.220000   40     156.82     108.41     -44.74     -48.62    172     0.024     0.976
   0.200000   37     122.93      84.51     -38.64     -43.39     78     0.035     0.965
   0.200000   38     134.22      91.37     -40.75     -45.15    501     0.031     0.969
   0.200000   39     145.52     100.19     -42.75     -46.86    940     0.027     0.973
   0.200000   40     156.82     108.93     -44.69     -48.55    359     0.024     0.976
   0.200000   41     168.11     117.50     -46.29     -50.00     21     0.022     0.978
   0.180000   38     134.22      92.16     -41.00     -45.40    184     0.031     0.969
   0.180000   39     145.52     100.35     -42.87     -46.97    736     0.027     0.973
   0.180000   40     156.82     109.11     -44.73     -48.57    713     0.024     0.976
   0.180000   41     168.11     118.16     -46.47     -50.10    261     0.021     0.979
   0.160000   37     122.93      85.91     -39.57     -44.33     12     0.035     0.965
   0.160000   38     134.22      90.77     -41.14     -45.56    303     0.031     0.969
   0.160000   39     145.52      99.83     -42.82     -46.94    788     0.027     0.973
   0.160000   40     156.82     109.25     -44.53     -48.38    623     0.024     0.976
   0.160000   41     168.11     118.39     -46.11     -49.74    173     0.021     0.979
   0.140000   38     134.22      93.69     -41.75     -46.13     40     0.030     0.970
   0.140000   39     145.52      99.95     -43.14     -47.24    307     0.027     0.973
   0.140000   40     156.82     109.51     -44.60     -48.44    811     0.023     0.977
   0.140000   41     168.11     118.79     -45.97     -49.59    541     0.021     0.979
   0.140000   42     179.41     128.39     -47.55     -50.95    181     0.019     0.981
   0.140000   43     190.71     137.45     -48.79     -52.05     19     0.017     0.983
   0.120000   39     145.52     100.52     -43.54     -47.62    141     0.026     0.974
   0.120000   40     156.82     109.31     -44.70     -48.54    641     0.023     0.977
   0.120000   41     168.11     118.99     -45.90     -49.51    805     0.021     0.979
   0.120000   42     179.41     128.65     -47.19     -50.60    300     0.019     0.981
   0.120000   43     190.71     138.61     -48.15     -51.43     12     0.017     0.983
   0.100000   39     145.52     103.75     -43.97     -48.04     42     0.026     0.974
   0.100000   40     156.82     109.24     -44.89     -48.73    322     0.023     0.977
   0.100000   41     168.11     119.02     -45.98     -49.58    804     0.021     0.979
   0.100000   42     179.41     128.86     -46.98     -50.39    556     0.019     0.981
   0.100000   43     190.71     138.88     -48.03     -51.26    158     0.017     0.983
   0.100000   44     202.00     148.56     -49.35     -52.37     15     0.015     0.985
   0.080000   39     145.52     103.90     -44.43     -48.50     24     0.026     0.974
   0.080000   40     156.82     108.87     -45.18     -49.02    277     0.023     0.977
   0.080000   41     168.11     118.97     -46.03     -49.64    672     0.021     0.979
   0.080000   42     179.41     129.04     -46.90     -50.30    615     0.018     0.982
   0.080000   43     190.71     139.18     -47.67     -50.90    269     0.017     0.983
   0.080000   44     202.00     149.36     -48.48     -51.55     42     0.015     0.985
   0.060000   39     145.52     101.20     -44.97     -49.06     39     0.026     0.974
   0.060000   40     156.82     107.93     -45.51     -49.38    157     0.024     0.976
   0.060000   41     168.11     118.27     -46.17     -49.79    219     0.021     0.979
   0.060000   42     179.41     129.14     -46.88     -50.28    437     0.018     0.982
   0.060000   43     190.71     139.71     -47.53     -50.74    513     0.016     0.984
   0.060000   44     202.00     150.19     -48.21     -51.24    366     0.015     0.985
   0.060000   45     213.30     160.59     -48.84     -51.73    140     0.013     0.987
   0.060000   46     224.60     171.19     -49.40     -52.18     28     0.012     0.988
   0.040000   40     156.82     107.95     -46.18     -50.01     83     0.023     0.977
   0.040000   41     168.11     118.43     -46.58     -50.20    279     0.021     0.979
   0.040000   42     179.41     128.82     -47.01     -50.42    446     0.018     0.982
   0.040000   43     190.71     139.59     -47.46     -50.67    463     0.016     0.984
   0.040000   44     202.00     150.32     -47.91     -50.95    274     0.015     0.985
   0.040000   45     213.30     161.22     -48.33     -51.23    218     0.013     0.987
   0.040000   46     224.60     171.81     -48.77     -51.53     96     0.012     0.988
   0.040000   47     235.89     182.39     -49.20     -51.83     32     0.011     0.989
   0.020000   41     168.11     120.98     -47.17     -50.76     36     0.020     0.980
   0.020000   42     179.41     128.93     -47.39     -50.77    157     0.018     0.982
   0.020000   43     190.71     139.74     -47.59     -50.80    538     0.016     0.984
   0.020000   44     202.00     150.44     -47.80     -50.85    540     0.015     0.985
   0.020000   45     213.30     161.53     -48.02     -50.92    236     0.013     0.987
   0.020000   46     224.60     172.75     -48.25     -51.00    208     0.012     0.988
   0.020000   47     235.89     183.60     -48.47     -51.10    140     0.011     0.989
   0.020000   48     247.19     194.14     -48.69     -51.20     41     0.010     0.990
   0.000000   42     179.41     131.14     -48.07     -51.45     72     0.018     0.982
   0.000000   43     190.71     139.05     -48.07     -51.30    150     0.016     0.984
   0.000000   44     202.00     149.58     -48.07     -51.11     94     0.015     0.985
   0.000000   45     213.30     161.33     -48.07     -50.96    178     0.013     0.987
   0.000000   46     224.60     172.87     -48.07     -50.82    291     0.012     0.988
   0.000000   47     235.89     184.06     -48.07     -50.69    394     0.011     0.989
   0.000000   48     247.19     195.14     -48.07     -50.57    465     0.010     0.990
   0.000000   49     258.48     206.12     -48.07     -50.49    231     0.009     0.991
   0.000000   50     269.78     218.27     -48.07     -50.37     23     0.008     0.992


# Part 3: Bin-averaged summary:
# bin  energy gap  <dGg> <dGg norm> pts  <c1**2> <c2**2> <r_xy>
   1   -283.74     -2.19     48.97         88    0.992    0.008    3.767
   2   -272.44     -2.28     48.89        205    0.992    0.008    3.762
   3   -261.15     -2.37     48.79        342    0.991    0.009    3.874
   4   -249.85     -2.50     48.66        535    0.990    0.010    3.910
   5   -238.55     -2.71     48.46        575    0.989    0.011    3.846
   6   -227.26     -2.90     48.26        637    0.988    0.012    3.724
   7   -215.96     -2.79     48.37        599    0.987    0.013    3.714
   8   -204.67     -2.71     48.45        567    0.986    0.014    3.684
   9   -193.37     -2.60     48.56        513    0.984    0.016    3.647
  10   -182.07     -2.44     48.73        705    0.982    0.018    3.634
  11   -170.78     -2.16     49.00        731    0.980    0.020    3.627
  12   -159.48     -1.81     49.35        894    0.977    0.023    3.586
  13   -148.18     -1.55     49.62       1311    0.974    0.026    3.564
  14   -136.89     -0.95     50.22       1668    0.970    0.030    3.549
  15   -125.59     -0.25     50.91       1941    0.964    0.036    3.528
  16   -114.29      0.46     51.63       1299    0.959    0.041    3.485
  17   -103.00      1.31     52.48        860    0.950    0.050    3.326
  18    -91.70      2.16     53.33        715    0.939    0.061    3.160
  19    -80.41      3.08     54.24       1563    0.923    0.077    3.105
  20    -69.11      3.87     55.03       2441    0.904    0.096    3.091
  21    -57.81      4.67     55.84       2948    0.877    0.123    3.081
  22    -46.52      5.47     56.63       2389    0.841    0.159    3.105
  23    -35.22      6.12     57.28       2068    0.789    0.211    3.112
  24    -23.92      6.28     57.44       1954    0.714    0.286    3.170
  25    -12.63      5.63     56.79       2090    0.623    0.377    3.291
  26     -1.33      3.97     55.13       1810    0.515    0.485    3.406
  27      9.97      1.13     52.30       1971    0.401    0.599    3.503
  28     21.26     -2.64     48.53       1843    0.305    0.695    3.568
  29     32.56     -7.03     44.13       1886    0.229    0.771    3.640
  30     43.85    -11.80     39.37       2317    0.171    0.829    3.717
  31     55.15    -17.13     34.04       2788    0.128    0.872    3.763
  32     66.45    -22.03     29.13       4254    0.100    0.900    3.785
  33     77.74    -26.65     24.51       4380    0.080    0.920    3.784
  34     89.04    -31.18     19.98       3443    0.064    0.936    3.819
  35    100.34    -35.26     15.90       3951    0.052    0.948    3.902
  36    111.63    -39.05     12.11       4549    0.044    0.956    3.938
  37    122.93    -42.32      8.84       5552    0.037    0.963    3.980
  38    134.22    -45.01      6.16       6074    0.032    0.968    4.015
  39    145.52    -47.05      4.12       5214    0.027    0.973    4.051
  40    156.82    -48.63      2.53       4263    0.024    0.976    4.086
  41    168.11    -49.69      1.47       3811    0.021    0.979    4.132
  42    179.41    -50.46      0.70       2764    0.018    0.982    4.133
  43    190.71    -50.86      0.31       2122    0.016    0.984    3.973
  44    202.00    -51.04      0.13       1331    0.015    0.985    3.783
  45    213.30    -51.16      0.00        772    0.013    0.987    3.672
  46    224.60    -51.05      0.11        623    0.012    0.988    3.745
  47    235.89    -50.85      0.31        566    0.011    0.989    3.956
  48    247.19    -50.63      0.54        506    0.010    0.990    4.208
  49    258.48    -50.49      0.67        231    0.009    0.991    4.221
  50    269.78    -50.37      0.79         23    0.008    0.992    4.145
