# Qfep                       version 5.10.24 , gi(modified on 20240701                                                                        )

--> Number of energy files: # Number of files                 =    51
--> No. of states, no. of predefined off-diag elements: # Number of states                 =     2
# Number of off-diagonal elements =     0
--> Give kT & no, of pts to skip   & calculation mode: # kT                              = 0.596
# Number of data points to skip   =   100
# Only QQ interactions will be considered   =   0
--> Give number of gap-bins: # Number of gap-bins              =    50
--> Give minimum # pts/bin: # Minimum number of points per bin=    10
--> Give alpha for state  2:                                                    # Alpha for state  2              =    30.00
--> Number of off-diagonal elements:# Number of off-diagonal elements =     1
#   i   j   A(i,j)  mu(i,j) eta(i,j) rxy0(i,j)
--> i, j, A_ij, mu_ij, eta_ij, r_xy0: #   1   2     25.00      0.00      0.00      0.00
--> linear combination of states defining reaction coord: # Linear combination co-efficients=  1.00 -1.00


# Part 0: Average energies for all states in all files
# file             state   pts   lambda    EQtot   EQbond  EQang   EQtor   EQimp    EQel   EQvdW  Eel_qq  EvdW_qq Eel_qp  EvdW_qp Eel_qw EvdW_qw Eqrstr
--> Name of file number   1:                                                     
# Energy files from Qdyn, version: 5.10.17 , git id=9325b9c29ad62a733df16f540968e33ee6c78260                       
rep1_fep_000_1.000.en   1      1899  1.000000  -299.68  -180.82     2.50    -3.60     0.09  -102.48   -16.63   -15.85    -1.15   -51.58   -16.15   -35.06     0.67     1.26
rep1_fep_000_1.000.en   2      1899  0.000000  -145.70    -0.36    52.89     2.85     0.04  -228.73     8.90  -131.13    23.47   -46.17   -15.27   -51.44     0.71    18.71
--> Name of file number   2:                                                     
# Energy files from Qdyn, version: 5.10.17 , git id=9325b9c29ad62a733df16f540968e33ee6c78260                       
rep1_fep_001_0.980.en   1      1899  0.980000  -298.33  -180.57     2.58    -3.31     0.12  -101.80   -16.76   -15.92    -1.03   -51.11   -16.71   -34.77     0.97     1.40
rep1_fep_001_0.980.en   2      1899  0.020000  -149.43    -1.27    48.63     3.81     0.05  -228.46     8.20  -131.76    23.10   -47.64   -15.91   -49.06     1.01    19.61
--> Name of file number   3:                                                     
# Energy files from Qdyn, version: 5.10.17 , git id=9325b9c29ad62a733df16f540968e33ee6c78260                       
rep1_fep_002_0.960.en   1      1899  0.960000  -298.03  -180.13     2.80    -3.33     0.13  -102.76   -16.20   -16.27    -0.90   -50.26   -16.37   -36.22     1.07     1.46
rep1_fep_002_0.960.en   2      1899  0.040000  -154.46     1.90    42.16     3.25     0.05  -230.38     8.14  -133.52    22.76   -46.74   -15.71   -50.12     1.09    20.42
--> Name of file number   4:                                                     
# Energy files from Qdyn, version: 5.10.17 , git id=9325b9c29ad62a733df16f540968e33ee6c78260                       
rep1_fep_003_0.940.en   1      1899  0.940000  -299.29  -180.34     2.78    -3.55     0.09  -103.57   -15.52   -16.81    -0.65   -47.72   -16.62   -39.04     1.75     0.82
rep1_fep_003_0.940.en   2      1899  0.060000  -175.77    -3.56    30.44     1.69     0.04  -229.08     8.41  -128.31    22.52   -42.79   -15.89   -57.97     1.78    16.29
--> Name of file number   5:                                                     
# Energy files from Qdyn, version: 5.10.17 , git id=9325b9c29ad62a733df16f540968e33ee6c78260                       
rep1_fep_004_0.920.en   1      1899  0.920000  -299.03  -179.97     2.65    -3.33     0.10  -103.67   -15.38   -16.36    -0.68   -49.65   -16.08   -37.67     1.39     0.57
rep1_fep_004_0.920.en   2      1899  0.080000  -182.36   -11.65    28.35     3.47     0.04  -225.34     7.81  -125.27    21.75   -46.64   -15.37   -53.44     1.43    14.96
--> Name of file number   6:                                                     
# Energy files from Qdyn, version: 5.10.17 , git id=9325b9c29ad62a733df16f540968e33ee6c78260                       
rep1_fep_005_0.900.en   1      1899  0.900000  -295.79  -179.87     3.01    -3.23     0.12  -100.16   -15.99   -16.48    -0.52   -46.94   -16.91   -36.74     1.43     0.33
rep1_fep_005_0.900.en   2      1899  0.100000  -187.08   -14.05    24.11     3.17     0.05  -219.51     6.68  -122.68    21.49   -44.13   -16.29   -52.69     1.47    12.47
--> Name of file number   7:                                                     
# Energy files from Qdyn, version: 5.10.17 , git id=9325b9c29ad62a733df16f540968e33ee6c78260                       
rep1_fep_006_0.880.en   1      1899  0.880000  -297.68  -179.88     3.12    -2.88     0.15  -103.52   -15.07   -16.49    -0.04   -50.64   -16.59   -36.38     1.56     0.41
rep1_fep_006_0.880.en   2      1899  0.120000  -194.17   -19.36    23.38     3.76     0.06  -223.02     7.54  -122.02    21.73   -48.34   -15.80   -52.65     1.60    13.47
--> Name of file number   8:                                                     
# Energy files from Qdyn, version: 5.10.17 , git id=9325b9c29ad62a733df16f540968e33ee6c78260                       
rep1_fep_007_0.860.en   1      1899  0.860000  -295.07  -179.14     3.60    -2.76     0.17  -102.63   -14.82   -16.51     0.13   -49.76   -16.71   -36.36     1.76     0.50
rep1_fep_007_0.860.en   2      1899  0.140000  -193.51   -25.09    26.12     3.64     0.07  -219.04     7.43  -119.64    21.56   -46.68   -15.94   -52.72     1.80    13.36
--> Name of file number   9:                                                     
# Energy files from Qdyn, version: 5.10.17 , git id=9325b9c29ad62a733df16f540968e33ee6c78260                       
rep1_fep_008_0.840.en   1      1899  0.840000  -296.52  -179.04     3.68    -2.33     0.25  -106.19   -13.60   -16.80     0.84   -50.57   -16.81   -38.82     2.36     0.72
rep1_fep_008_0.840.en   2      1899  0.160000  -196.91   -27.12    25.76     4.46     0.10  -223.09     7.86  -120.47    21.50   -47.25   -16.05   -55.37     2.41    15.12
--> Name of file number  10:                                                     
# Energy files from Qdyn, version: 5.10.17 , git id=9325b9c29ad62a733df16f540968e33ee6c78260                       
rep1_fep_009_0.820.en   1      1899  0.820000  -296.28  -178.71     3.89    -2.71     0.21  -106.13   -13.07   -17.34     1.13   -50.52   -15.81   -38.28     1.62     0.23
rep1_fep_009_0.820.en   2      1899  0.180000  -207.59   -31.92    21.97     4.23     0.08  -220.75     7.56  -118.32    20.91   -47.13   -15.02   -55.29     1.67    11.23
--> Name of file number  11:                                                     
# Energy files from Qdyn, version: 5.10.17 , git id=9325b9c29ad62a733df16f540968e33ee6c78260                       
rep1_fep_010_0.800.en   1      1899  0.800000  -294.47  -178.05     3.87    -2.57     0.23  -104.68   -13.38   -17.59     1.80   -50.19   -16.68   -36.90     1.51     0.11
rep1_fep_010_0.800.en   2      1899  0.200000  -215.48   -41.54    21.16     4.27     0.09  -214.76     6.53  -114.34    20.90   -46.65   -15.94   -53.77     1.58     8.77
--> Name of file number  12:                                                     
# Energy files from Qdyn, version: 5.10.17 , git id=9325b9c29ad62a733df16f540968e33ee6c78260                       
rep1_fep_011_0.780.en   1      1899  0.780000  -291.78  -177.27     4.36    -2.16     0.22  -105.85   -11.33   -17.83     2.73   -51.91   -15.88   -36.11     1.81     0.25
rep1_fep_011_0.780.en   2      1899  0.220000  -219.23   -47.50    20.08     4.22     0.09  -212.53     7.57  -111.72    20.86   -48.90   -15.18   -51.91     1.89     8.85
--> Name of file number  13:                                                     
# Energy files from Qdyn, version: 5.10.17 , git id=9325b9c29ad62a733df16f540968e33ee6c78260                       
rep1_fep_012_0.760.en   1      1899  0.760000  -289.55  -176.58     4.12    -1.99     0.27  -103.27   -12.31   -18.30     2.73   -50.70   -16.10   -34.28     1.06     0.20
rep1_fep_012_0.760.en   2      1899  0.240000  -220.10   -45.56    16.22     4.37     0.11  -210.57     6.69  -112.45    20.94   -48.96   -15.38   -49.15     1.13     8.64
--> Name of file number  14:                                                     
# Energy files from Qdyn, version: 5.10.17 , git id=9325b9c29ad62a733df16f540968e33ee6c78260                       
rep1_fep_013_0.740.en   1      1899  0.740000  -289.32  -176.85     3.26    -2.16     0.24  -102.65   -11.19   -19.22     3.80   -51.55   -15.63   -31.88     0.65     0.03
rep1_fep_013_0.740.en   2      1899  0.260000  -234.96   -53.79    12.80     2.89     0.10  -211.47     7.72  -109.83    21.95   -53.51   -14.95   -48.13     0.73     6.79
--> Name of file number  15:                                                     
# Energy files from Qdyn, version: 5.10.17 , git id=9325b9c29ad62a733df16f540968e33ee6c78260                       
rep1_fep_014_0.720.en   1      1899  0.720000  -287.75  -176.20     3.72    -2.28     0.23  -102.71   -10.59   -19.03     3.90   -51.51   -15.17   -32.17     0.68     0.08
rep1_fep_014_0.720.en   2      1899  0.280000  -231.22   -53.75    14.04     3.58     0.09  -209.72     7.77  -110.21    21.46   -52.06   -14.45   -47.45     0.76     6.76
--> Name of file number  16:                                                     
# Energy files from Qdyn, version: 5.10.17 , git id=9325b9c29ad62a733df16f540968e33ee6c78260                       
rep1_fep_015_0.700.en   1      1899  0.700000  -288.17  -175.98     3.90    -1.78     0.29  -102.85   -11.81   -19.31     4.47   -51.39   -16.79   -32.15     0.51     0.06
rep1_fep_015_0.700.en   2      1899  0.300000  -236.83   -56.75    11.84     3.78     0.12  -208.33     5.81  -108.82    21.31   -51.38   -16.09   -48.12     0.59     6.70
--> Name of file number  17:                                                     
# Energy files from Qdyn, version: 5.10.17 , git id=9325b9c29ad62a733df16f540968e33ee6c78260                       
rep1_fep_016_0.680.en   1      1899  0.680000  -287.72  -173.01     3.98    -1.36     0.35  -107.82    -9.93   -19.13     4.68   -51.91   -16.29   -36.78     1.68     0.07
rep1_fep_016_0.680.en   2      1899  0.320000  -239.07   -55.95    13.51     4.33     0.14  -214.62     5.99  -108.57    19.99   -51.23   -15.75   -54.82     1.75     7.53
--> Name of file number  18:                                                     
# Energy files from Qdyn, version: 5.10.17 , git id=9325b9c29ad62a733df16f540968e33ee6c78260                       
rep1_fep_017_0.660.en   1      1899  0.660000  -288.66  -174.37     4.06    -1.88     0.27  -107.08    -9.73   -19.50     5.50   -50.67   -16.71   -36.92     1.48     0.08
rep1_fep_017_0.660.en   2      1899  0.340000  -247.67   -62.57    11.36     3.94     0.11  -213.83     6.13  -106.74    20.60   -51.58   -16.02   -55.50     1.55     7.19
--> Name of file number  19:                                                     
# Energy files from Qdyn, version: 5.10.17 , git id=9325b9c29ad62a733df16f540968e33ee6c78260                       
rep1_fep_018_0.640.en   1      1899  0.640000  -288.44  -173.96     3.74    -2.92     0.12  -110.16    -5.27   -19.66     6.81   -50.43   -15.20   -40.07     3.12     0.00
rep1_fep_018_0.640.en   2      1899  0.360000  -259.14   -66.32     8.26     2.58     0.05  -218.21    10.03  -101.92    21.33   -55.52   -14.49   -60.77     3.19     4.46
--> Name of file number  20:                                                     
# Energy files from Qdyn, version: 5.10.17 , git id=9325b9c29ad62a733df16f540968e33ee6c78260                       
rep1_fep_019_0.620.en   1      1899  0.620000  -288.43  -172.48     4.06    -3.16     0.08  -111.96    -5.00   -19.27     7.20   -50.45   -15.40   -42.24     3.20     0.02
rep1_fep_019_0.620.en   2      1899  0.380000  -265.87   -67.08     8.15     0.53     0.03  -222.17     8.52  -101.16    20.02   -56.17   -14.76   -64.85     3.27     6.14
--> Name of file number  21:                                                     
# Energy files from Qdyn, version: 5.10.17 , git id=9325b9c29ad62a733df16f540968e33ee6c78260                       
rep1_fep_020_0.600.en   1      1899  0.600000  -290.45  -171.85     4.27    -3.77     0.05  -115.00    -4.16   -19.66     8.01   -50.06   -15.17   -45.28     3.00     0.01
rep1_fep_020_0.600.en   2      1899  0.400000  -279.32   -71.36     8.13    -0.49     0.02  -229.11     8.19   -99.66    19.59   -55.10   -14.47   -74.34     3.08     5.30
--> Name of file number  22:                                                     
# Energy files from Qdyn, version: 5.10.17 , git id=9325b9c29ad62a733df16f540968e33ee6c78260                       
rep1_fep_021_0.580.en   1      1899  0.580000  -288.47  -171.47     3.96    -3.56     0.07  -112.32    -5.18   -20.55     8.29   -49.26   -15.65   -42.50     2.18     0.03
rep1_fep_021_0.580.en   2      1899  0.420000  -283.45   -75.35     8.52    -1.65     0.03  -227.47     7.48   -99.42    20.22   -56.52   -14.98   -71.53     2.25     4.99
--> Name of file number  23:                                                     
# Energy files from Qdyn, version: 5.10.17 , git id=9325b9c29ad62a733df16f540968e33ee6c78260                       
rep1_fep_022_0.560.en   1      1899  0.560000  -286.55  -169.81     3.94    -3.21     0.11  -114.87    -2.72   -21.45     8.70   -50.47   -14.45   -42.95     3.03     0.02
rep1_fep_022_0.560.en   2      1899  0.440000  -288.17   -77.46     8.67    -1.86     0.04  -231.00     8.98   -99.30    19.69   -59.66   -13.82   -72.04     3.12     4.45
--> Name of file number  24:                                                     
# Energy files from Qdyn, version: 5.10.17 , git id=9325b9c29ad62a733df16f540968e33ee6c78260                       
rep1_fep_023_0.540.en   1      1899  0.540000  -288.45  -169.89     3.19    -3.33     0.06  -115.01    -3.50   -21.32     9.56   -49.94   -15.42   -43.75     2.37     0.04
rep1_fep_023_0.540.en   2      1899  0.460000  -294.02   -79.59     6.76    -2.28     0.02  -231.14     7.89   -98.09    20.22   -58.72   -14.76   -74.33     2.44     4.32
--> Name of file number  25:                                                     
# Energy files from Qdyn, version: 5.10.17 , git id=9325b9c29ad62a733df16f540968e33ee6c78260                       
rep1_fep_024_0.520.en   1      1899  0.520000  -287.21  -166.18     3.75    -3.64     0.07  -119.35    -1.91   -20.22     9.44   -50.40   -15.36   -48.73     4.02     0.05
rep1_fep_024_0.520.en   2      1899  0.480000  -293.85   -78.83     7.55    -1.21     0.03  -234.38     6.92   -95.70    17.52   -60.41   -14.68   -78.27     4.08     6.06
--> Name of file number  26:                                                     
# Energy files from Qdyn, version: 5.10.17 , git id=9325b9c29ad62a733df16f540968e33ee6c78260                       
rep1_fep_025_0.500.en   1      1899  0.500000  -281.93  -163.72     4.17    -3.09     0.04  -118.65    -0.75   -21.50    10.07   -49.62   -15.14   -47.54     4.33     0.07
rep1_fep_025_0.500.en   2      1899  0.500000  -298.07   -80.76     7.40    -2.76     0.02  -234.75     7.37   -96.08    17.40   -60.50   -14.44   -78.17     4.41     5.41
--> Name of file number  27:                                                     
# Energy files from Qdyn, version: 5.10.17 , git id=9325b9c29ad62a733df16f540968e33ee6c78260                       
rep1_fep_026_0.480.en   1      1899  0.480000  -284.04  -163.23     4.84    -3.56     0.07  -121.71    -0.46   -20.17    10.47   -50.56   -15.18   -50.98     4.25     0.02
rep1_fep_026_0.480.en   2      1899  0.520000  -301.18   -82.32     7.83    -2.01     0.03  -237.31     6.57   -93.41    16.83   -59.06   -14.58   -84.84     4.32     6.03
--> Name of file number  28:                                                     
# Energy files from Qdyn, version: 5.10.17 , git id=9325b9c29ad62a733df16f540968e33ee6c78260                       
rep1_fep_027_0.460.en   1      1899  0.460000  -279.93  -157.99     5.22    -3.28     0.12  -123.70    -0.41   -20.80    10.98   -50.75   -15.56   -52.15     4.17     0.10
rep1_fep_027_0.460.en   2      1899  0.540000  -305.18   -83.69     7.97    -1.85     0.05  -239.03     5.01   -91.54    15.72   -60.47   -14.94   -87.03     4.23     6.37
--> Name of file number  29:                                                     
# Energy files from Qdyn, version: 5.10.17 , git id=9325b9c29ad62a733df16f540968e33ee6c78260                       
rep1_fep_028_0.440.en   1      1899  0.440000  -279.02  -155.76     4.55    -3.41     0.08  -124.78     0.25   -21.64    11.38   -51.56   -16.17   -51.59     5.05     0.05
rep1_fep_028_0.440.en   2      1899  0.560000  -309.14   -85.66     7.74    -1.26     0.03  -240.70     4.78   -91.41    15.21   -62.87   -15.54   -86.42     5.11     5.92
--> Name of file number  30:                                                     
# Energy files from Qdyn, version: 5.10.17 , git id=9325b9c29ad62a733df16f540968e33ee6c78260                       
rep1_fep_029_0.420.en   1      1899  0.420000  -269.22  -133.71     4.97    -3.67     0.06  -141.81     4.89   -21.90    11.72   -51.33   -15.34   -68.58     8.51     0.05
rep1_fep_029_0.420.en   2      1899  0.580000  -317.15   -87.70     7.65    -0.98     0.02  -246.11     4.14   -81.42    10.21   -60.08   -14.66  -104.61     8.59     5.83
--> Name of file number  31:                                                     
# Energy files from Qdyn, version: 5.10.17 , git id=9325b9c29ad62a733df16f540968e33ee6c78260                       
rep1_fep_030_0.400.en   1      1899  0.400000  -263.66  -124.27     4.55    -3.21     0.07  -146.41     5.57   -22.66    11.94   -52.00   -15.18   -71.75     8.81     0.05
rep1_fep_030_0.400.en   2      1899  0.600000  -323.80   -87.85     7.17    -1.55     0.03  -251.65     3.11   -81.20     8.84   -61.52   -14.61  -108.93     8.87     6.94
--> Name of file number  32:                                                     
# Energy files from Qdyn, version: 5.10.17 , git id=9325b9c29ad62a733df16f540968e33ee6c78260                       
rep1_fep_031_0.380.en   1      1899  0.380000  -256.39  -119.20     4.93    -3.39     0.08  -147.00     8.12   -23.24    12.69   -52.55   -14.26   -71.21     9.69     0.08
rep1_fep_031_0.380.en   2      1899  0.620000  -319.24   -89.51     6.95    -1.37     0.03  -246.41     5.24   -78.29     9.10   -63.87   -13.63  -104.25     9.77     5.82
--> Name of file number  33:                                                     
# Energy files from Qdyn, version: 5.10.17 , git id=9325b9c29ad62a733df16f540968e33ee6c78260                       
rep1_fep_032_0.360.en   1      1899  0.360000  -255.04  -115.21     4.75    -2.92     0.08  -148.44     6.57   -23.38    12.90   -53.82   -15.13   -71.24     8.80     0.14
rep1_fep_032_0.360.en   2      1899  0.640000  -321.55   -89.53     7.26    -1.94     0.03  -246.71     2.39   -77.69     8.03   -66.30   -14.50  -102.71     8.87     6.94
--> Name of file number  34:                                                     
# Energy files from Qdyn, version: 5.10.17 , git id=9325b9c29ad62a733df16f540968e33ee6c78260                       
rep1_fep_033_0.340.en   1      1899  0.340000  -252.73  -110.62     5.46    -3.00     0.08  -150.62     5.83   -23.75    12.93   -52.62   -14.90   -74.25     7.80     0.13
rep1_fep_033_0.340.en   2      1899  0.660000  -327.26   -90.85     7.13    -1.67     0.03  -249.74     1.34   -75.84     7.80   -63.98   -14.34  -109.92     7.88     6.49
--> Name of file number  35:                                                     
# Energy files from Qdyn, version: 5.10.17 , git id=9325b9c29ad62a733df16f540968e33ee6c78260                       
rep1_fep_034_0.320.en   1      1899  0.320000  -232.05   -99.88     8.59    -1.77     0.12  -145.16     5.11   -57.54    17.47   -51.60   -13.45   -36.02     1.08     0.95
rep1_fep_034_0.320.en   2      1899  0.680000  -374.63  -179.64     8.86    -1.66     0.05  -204.22     1.89   -69.35    13.44   -61.72   -12.79   -73.16     1.24     0.09
--> Name of file number  36:                                                     
# Energy files from Qdyn, version: 5.10.17 , git id=9325b9c29ad62a733df16f540968e33ee6c78260                       
rep1_fep_035_0.300.en   1      1899  0.300000  -230.02  -103.52     7.93    -0.27     0.18  -138.59     4.10   -59.88    17.44   -49.38   -12.65   -29.33    -0.69     0.15
rep1_fep_035_0.300.en   2      1899  0.700000  -380.33  -190.19     8.54    -1.88     0.07  -197.39     0.51   -73.40    13.20   -60.72   -12.04   -63.26    -0.65     0.00
--> Name of file number  37:                                                     
# Energy files from Qdyn, version: 5.10.17 , git id=9325b9c29ad62a733df16f540968e33ee6c78260                       
rep1_fep_036_0.280.en   1      1899  0.280000  -222.35   -97.68     6.86    -0.02     0.17  -135.93     3.99   -61.51    16.71   -47.73   -11.78   -26.69    -0.94     0.26
rep1_fep_036_0.280.en   2      1899  0.720000  -384.85  -192.54     7.38    -2.67     0.07  -196.62    -0.48   -72.96    11.53   -65.73   -11.15   -57.93    -0.87     0.00
--> Name of file number  38:                                                     
# Energy files from Qdyn, version: 5.10.17 , git id=9325b9c29ad62a733df16f540968e33ee6c78260                       
rep1_fep_037_0.260.en   1      1899  0.260000  -223.98   -97.30     6.14    -0.03     0.12  -138.10     4.98   -60.98    17.30   -47.86   -11.80   -29.26    -0.51     0.20
rep1_fep_037_0.260.en   2      1899  0.740000  -392.09  -193.64     7.59    -2.96     0.05  -202.88    -0.25   -70.88    11.39   -69.44   -11.20   -62.56    -0.44     0.00
--> Name of file number  39:                                                     
# Energy files from Qdyn, version: 5.10.17 , git id=9325b9c29ad62a733df16f540968e33ee6c78260                       
rep1_fep_038_0.240.en   1      1899  0.240000  -222.16   -92.90     7.60    -0.94     0.05  -140.75     4.50   -65.76    18.06   -47.05   -12.12   -27.94    -1.45     0.28
rep1_fep_038_0.240.en   2      1899  0.760000  -393.82  -195.85     6.83    -3.32     0.02  -200.76    -0.74   -76.86    12.12   -62.32   -11.47   -61.58    -1.39     0.00
--> Name of file number  40:                                                     
# Energy files from Qdyn, version: 5.10.17 , git id=9325b9c29ad62a733df16f540968e33ee6c78260                       
rep1_fep_039_0.220.en   1      1899  0.220000  -212.19   -86.47     8.01     0.52     0.08  -140.19     5.47   -68.15    18.52   -44.06   -11.49   -27.98    -1.56     0.40
rep1_fep_039_0.220.en   2      1899  0.780000  -398.09  -196.27     6.18    -3.53     0.03  -203.59    -0.91   -78.33    11.48   -60.49   -10.93   -64.76    -1.46     0.00
--> Name of file number  41:                                                     
# Energy files from Qdyn, version: 5.10.17 , git id=9325b9c29ad62a733df16f540968e33ee6c78260                       
rep1_fep_040_0.200.en   1      1899  0.200000  -220.83   -89.29     6.77     0.17     0.08  -146.46     7.60   -64.57    18.49   -45.10   -12.60   -36.79     1.72     0.30
rep1_fep_040_0.200.en   2      1899  0.800000  -409.91  -197.18     6.26    -3.10     0.03  -216.46     0.54   -72.98    10.70   -61.53   -11.96   -81.96     1.80     0.00
--> Name of file number  42:                                                     
# Energy files from Qdyn, version: 5.10.17 , git id=9325b9c29ad62a733df16f540968e33ee6c78260                       
rep1_fep_041_0.180.en   1      1899  0.180000  -211.20   -82.69     6.82     1.36     0.08  -145.38     8.12   -69.64    19.43   -42.66   -12.04   -33.08     0.72     0.49
rep1_fep_041_0.180.en   2      1899  0.820000  -406.80  -198.16     5.52    -3.72     0.03  -210.87     0.39   -80.45    10.90   -58.26   -11.35   -72.16     0.84     0.00
--> Name of file number  43:                                                     
# Energy files from Qdyn, version: 5.10.17 , git id=9325b9c29ad62a733df16f540968e33ee6c78260                       
rep1_fep_042_0.160.en   1      1899  0.160000  -211.27   -80.20     6.75     0.86     0.10  -146.86     7.26   -68.66    18.73   -44.44   -12.52   -33.76     1.06     0.84
rep1_fep_042_0.160.en   2      1899  0.840000  -411.20  -198.86     5.18    -3.35     0.04  -213.08    -1.13   -76.70     9.55   -61.71   -11.87   -74.67     1.18     0.00
--> Name of file number  44:                                                     
# Energy files from Qdyn, version: 5.10.17 , git id=9325b9c29ad62a733df16f540968e33ee6c78260                       
rep1_fep_043_0.140.en   1      1899  0.140000  -209.03   -78.37     7.49     1.20     0.07  -148.71     8.79   -69.29    19.71   -44.21   -12.62   -35.22     1.70     0.51
rep1_fep_043_0.140.en   2      1899  0.860000  -414.74  -198.81     5.19    -3.72     0.03  -217.02    -0.41   -78.09     9.75   -63.83   -11.97   -75.09     1.81     0.00
--> Name of file number  45:                                                     
# Energy files from Qdyn, version: 5.10.17 , git id=9325b9c29ad62a733df16f540968e33ee6c78260                       
rep1_fep_044_0.120.en   1      1899  0.120000  -206.19   -76.19     7.51     1.31     0.11  -149.43     9.93   -68.68    20.12   -44.15   -12.18   -36.61     1.99     0.58
rep1_fep_044_0.120.en   2      1899  0.880000  -414.96  -199.37     5.44    -3.63     0.04  -217.36    -0.09   -76.96     9.26   -63.36   -11.46   -77.04     2.11     0.00
--> Name of file number  46:                                                     
# Energy files from Qdyn, version: 5.10.17 , git id=9325b9c29ad62a733df16f540968e33ee6c78260                       
rep1_fep_045_0.100.en   1      1899  0.100000  -198.52   -69.82     9.01     1.23     0.05  -149.83    10.11   -69.69    19.97   -43.42   -11.40   -36.72     1.54     0.72
rep1_fep_045_0.100.en   2      1899  0.900000  -418.45  -199.60     4.81    -3.79     0.02  -218.95    -0.94   -75.96     8.16   -64.67   -10.72   -78.33     1.61     0.00
--> Name of file number  47:                                                     
# Energy files from Qdyn, version: 5.10.17 , git id=9325b9c29ad62a733df16f540968e33ee6c78260                       
rep1_fep_046_0.080.en   1      1899  0.080000  -201.23   -73.92     7.72     0.79     0.07  -146.61    10.20   -68.43    21.75   -43.28   -12.08   -34.91     0.53     0.53
rep1_fep_046_0.080.en   2      1899  0.920000  -416.75  -198.95     4.76    -3.62     0.03  -217.25    -1.72   -75.97     9.16   -63.08   -11.46   -78.20     0.59     0.00
--> Name of file number  48:                                                     
# Energy files from Qdyn, version: 5.10.17 , git id=9325b9c29ad62a733df16f540968e33ee6c78260                       
rep1_fep_047_0.060.en   1      1899  0.060000  -193.78   -66.38     8.44     1.24     0.06  -149.80    11.83   -70.72    22.20   -43.10   -11.32   -35.99     0.95     0.83
rep1_fep_047_0.060.en   2      1899  0.940000  -421.90  -199.39     4.07    -3.86     0.02  -221.23    -1.51   -77.88     8.10   -65.67   -10.63   -77.68     1.02     0.00
--> Name of file number  49:                                                     
# Energy files from Qdyn, version: 5.10.17 , git id=9325b9c29ad62a733df16f540968e33ee6c78260                       
rep1_fep_048_0.040.en   1      1899  0.040000  -157.56   -39.05    14.57     0.53     0.08  -149.51    11.70   -82.38    23.09   -37.73   -10.69   -29.41    -0.70     4.12
rep1_fep_048_0.040.en   2      1899  0.960000  -416.82  -200.21     5.08    -2.16     0.03  -215.72    -3.91   -92.56     6.70   -59.76   -10.00   -63.40    -0.61     0.07
--> Name of file number  50:                                                     
# Energy files from Qdyn, version: 5.10.17 , git id=9325b9c29ad62a733df16f540968e33ee6c78260                       
rep1_fep_049_0.020.en   1      1899  0.020000  -152.65   -33.83    14.67     0.08     0.10  -152.18    13.17   -84.73    23.24   -37.30    -9.73   -30.15    -0.34     5.35
rep1_fep_049_0.020.en   2      1899  0.980000  -417.51  -200.57     4.17    -2.68     0.04  -215.81    -3.01   -93.49     6.20   -59.04    -9.02   -63.27    -0.19     0.34
--> Name of file number  51:                                                     
# Energy files from Qdyn, version: 5.10.17 , git id=9325b9c29ad62a733df16f540968e33ee6c78260                       
rep1_fep_050_0.000.en   1      1899  0.000000   -93.66    -8.96    26.19     0.51     0.09  -150.28    30.23   -87.71    25.41   -36.85   -10.16   -25.72    14.99     8.57
rep1_fep_050_0.000.en   2      1899  1.000000  -412.50  -200.82     4.08    -1.19     0.03  -212.36    -2.80   -90.18     5.85   -62.87    -9.43   -59.31     0.78     0.56


# Part 1: Free energy perturbation summary:

# Calculation for full system
# lambda(1)      dGf sum(dGf)      dGr sum(dGr)     <dG>
   1.000000     0.000     0.000    -3.660    13.638     0.000
   0.980000     3.639     3.639    -3.532    17.298     3.650
   0.960000     3.508     7.147    -3.118    20.831     7.170
   0.940000     3.407    10.554    -2.998    23.949    10.432
   0.920000     3.028    13.582    -2.832    26.946    13.445
   0.900000     2.867    16.449    -2.719    29.779    16.295
   0.880000     2.723    19.172    -2.693    32.498    19.016
   0.860000     2.616    21.788    -2.651    35.191    21.670
   0.840000     2.559    24.347    -2.426    37.842    24.275
   0.820000     2.538    26.885    -2.228    40.268    26.757
   0.800000     2.319    29.203    -2.083    42.496    29.030
   0.780000     2.130    31.334    -2.028    44.579    31.137
   0.760000     2.016    33.350    -1.723    46.607    33.159
   0.740000     1.949    35.299    -1.765    48.329    34.995
   0.720000     1.654    36.953    -1.674    50.094    36.704
   0.700000     1.698    38.651    -1.617    51.768    38.391
   0.680000     1.580    40.231    -1.463    53.385    39.989
   0.660000     1.527    41.758    -1.218    54.848    41.484
   0.640000     1.376    43.134    -1.076    56.067    42.782
   0.620000     1.152    44.286    -0.844    57.143    43.896
   0.600000     1.025    45.311    -0.725    57.987    44.830
   0.580000     0.802    46.113    -0.589    58.712    45.594
   0.560000     0.676    46.790    -0.513    59.301    46.227
   0.540000     0.546    47.335    -0.498    59.814    46.756
   0.520000     0.463    47.798    -0.312    60.312    47.236
   0.500000     0.438    48.236    -0.289    60.625    47.611
   0.480000     0.241    48.477    -0.148    60.914    47.877
   0.460000     0.223    48.700    -0.043    61.062    48.062
   0.440000     0.040    48.739     0.298    61.105    48.103
   0.420000    -0.058    48.681     0.550    60.807    47.925
   0.400000    -0.420    48.261     0.595    60.257    47.440
   0.380000    -0.651    47.610     0.685    59.662    46.817
   0.360000    -0.705    46.905     0.844    58.977    46.122
   0.340000    -0.775    46.130     2.137    58.133    45.313
   0.320000    -0.942    45.189     2.362    55.996    43.773
   0.300000    -2.380    42.808     2.573    53.634    41.402
   0.280000    -2.448    40.361     2.705    51.061    38.892
   0.260000    -2.743    37.618     2.784    48.356    36.168
   0.240000    -2.813    34.805     3.049    45.572    33.369
   0.220000    -2.888    31.917     3.148    42.522    30.401
   0.200000    -3.184    28.734     3.249    39.374    27.235
   0.180000    -3.216    25.518     3.353    36.125    24.002
   0.160000    -3.370    22.148     3.474    32.772    20.641
   0.140000    -3.448    18.701     3.530    29.297    17.180
   0.120000    -3.558    15.143     3.738    25.768    13.636
   0.100000    -3.617    11.526     3.626    22.030     9.959
   0.080000    -3.863     7.663     3.889    18.403     6.214
   0.060000    -3.794     3.869     4.534    14.514     2.373
   0.040000    -4.043    -0.174     4.638     9.980    -1.916
   0.020000    -4.644    -4.818     5.342     5.342    -6.557
   0.000000    -4.758    -9.576     0.000     0.000   -11.607

# Min energy-gap is:   -225.65
# Max energy-gap is:    597.72



# Part 2: Reaction free energy summary:
# Lambda(1)  bin Energy gap      dGa     dGb     dGg    # pts    c1**2    c2**2
   1.000000    1    -217.41       0.00     210.58      -2.90     42     0.987     0.013
   1.000000    2    -200.95       0.00     194.31      -3.11    405     0.985     0.015
   1.000000    3    -184.48       0.00     178.22      -3.35    947     0.982     0.018
   1.000000    4    -168.01       0.00     163.39      -3.60    505     0.980     0.020
   0.980000    1    -217.41      -0.66     210.04      -3.52     70     0.987     0.013
   0.980000    2    -200.95      -0.35     194.16      -3.43    290     0.985     0.015
   0.980000    3    -184.48      -0.03     178.03      -3.37    630     0.982     0.018
   0.980000    4    -168.01       0.26     162.51      -3.35    714     0.979     0.021
   0.980000    5    -151.54       0.53     149.62      -3.38    195     0.976     0.024
   0.960000    2    -200.95      -0.76     193.48      -3.86    155     0.985     0.015
   0.960000    3    -184.48      -0.19     178.23      -3.52    679     0.982     0.018
   0.960000    4    -168.01       0.40     162.68      -3.21    789     0.979     0.021
   0.960000    5    -151.54       1.05     147.07      -2.93    250     0.975     0.025
   0.960000    6    -135.08       1.60     136.02      -2.75     26     0.970     0.030
   0.940000    3    -184.48      -0.52     177.69      -3.87     70     0.982     0.018
   0.940000    4    -168.01       0.37     162.29      -3.27    420     0.979     0.021
   0.940000    5    -151.54       1.28     147.33      -2.70   1057     0.975     0.025
   0.940000    6    -135.08       2.11     132.76      -2.25    351     0.970     0.030
   0.920000    4    -168.01       0.06     162.45      -3.58    377     0.979     0.021
   0.920000    5    -151.54       1.21     147.13      -2.75    725     0.975     0.025
   0.920000    6    -135.08       2.49     132.32      -1.91    657     0.969     0.031
   0.920000    7    -118.61       3.66     118.12      -1.24    132     0.962     0.038
   0.900000    4    -168.01      -0.21     161.31      -3.89    117     0.978     0.022
   0.900000    5    -151.54       1.05     147.18      -2.91    580     0.974     0.026
   0.900000    6    -135.08       2.74     132.19      -1.69    821     0.968     0.032
   0.900000    7    -118.61       3.93     119.37      -0.92    375     0.963     0.037
   0.880000    5    -151.54       0.97     146.51      -3.04    461     0.974     0.026
   0.880000    6    -135.08       2.52     132.64      -1.85    901     0.969     0.031
   0.880000    7    -118.61       4.42     118.32      -0.48    452     0.961     0.039
   0.880000    8    -102.14       6.17     107.92       0.64     85     0.952     0.048
   0.860000    4    -168.01      -1.80     161.85      -5.43     34     0.979     0.021
   0.860000    5    -151.54       0.57     146.19      -3.42    296     0.974     0.026
   0.860000    6    -135.08       2.46     132.74      -1.91    984     0.969     0.031
   0.860000    7    -118.61       4.63     118.78      -0.26    442     0.961     0.039
   0.860000    8    -102.14       6.81     105.19       1.27    113     0.951     0.049
   0.860000    9     -85.67       9.26      96.20       2.71     30     0.935     0.065
   0.840000    4    -168.01      -1.96     159.37      -5.67     21     0.978     0.022
   0.840000    5    -151.54       0.17     146.19      -3.81    347     0.974     0.026
   0.840000    6    -135.08       2.35     132.68      -2.01    674     0.968     0.032
   0.840000    7    -118.61       4.91     119.26      -0.00    779     0.961     0.039
   0.840000    8    -102.14       7.08     107.89       1.58     78     0.952     0.048
   0.820000    5    -151.54       0.64     145.09      -3.54     17     0.973     0.027
   0.820000    6    -135.08       2.28     132.37      -2.11    549     0.968     0.032
   0.820000    7    -118.61       4.88     119.10       0.00    818     0.961     0.039
   0.820000    8    -102.14       7.58     106.24       2.06    456     0.951     0.049
   0.820000    9     -85.67      10.36      99.38       3.97     59     0.938     0.062
   0.800000    6    -135.08       2.50     131.73      -2.01    142     0.967     0.033
   0.800000    7    -118.61       4.85     118.92      -0.04    689     0.960     0.040
   0.800000    8    -102.14       7.80     106.64       2.26    837     0.950     0.050
   0.800000    9     -85.67      11.01      93.74       4.61    231     0.934     0.066
   0.780000    7    -118.61       5.11     118.65       0.14    427     0.959     0.041
   0.780000    8    -102.14       7.94     106.44       2.40   1114     0.949     0.051
   0.780000    9     -85.67      11.15      93.79       4.79    338     0.935     0.065
   0.780000   10     -69.21      14.58      86.21       7.08     20     0.914     0.086
   0.760000    7    -118.61       4.73     118.30      -0.23    332     0.959     0.041
   0.760000    8    -102.14       7.88     106.46       2.34    951     0.949     0.051
   0.760000    9     -85.67      11.51      95.21       5.11    590     0.934     0.066
   0.760000   10     -69.21      15.35      81.45       7.80     23     0.909     0.091
   0.740000    7    -118.61       5.52     117.67       0.26     11     0.957     0.043
   0.740000    8    -102.14       7.75     105.82       2.23    283     0.947     0.053
   0.740000    9     -85.67      11.69      94.12       5.30   1089     0.932     0.068
   0.740000   10     -69.21      15.67      82.75       8.12    509     0.911     0.089
   0.720000    7    -118.61       4.67     116.87      -0.51     26     0.957     0.043
   0.720000    8    -102.14       7.67     105.54       2.12    433     0.946     0.054
   0.720000    9     -85.67      11.68      94.19       5.28   1072     0.931     0.069
   0.720000   10     -69.21      15.77      84.77       8.24    368     0.912     0.088
   0.700000    7    -118.61       4.15     117.05      -1.07     13     0.958     0.042
   0.700000    8    -102.14       7.49     105.40       1.90    263     0.946     0.054
   0.700000    9     -85.67      11.51      94.43       5.12    888     0.932     0.068
   0.700000   10     -69.21      16.35      83.15       8.79    682     0.906     0.094
   0.700000   11     -52.74      20.68      78.11      11.56     53     0.880     0.120
   0.680000    8    -102.14       7.07     104.99       1.44    162     0.946     0.054
   0.680000    9     -85.67      11.52      94.43       5.11    912     0.931     0.069
   0.680000   10     -69.21      16.32      83.52       8.80    678     0.907     0.093
   0.680000   11     -52.74      21.41      76.17      12.22    147     0.874     0.126
   0.660000    8    -102.14       7.47     104.33       1.69     50     0.944     0.056
   0.660000    9     -85.67      11.57      94.05       5.15    502     0.928     0.072
   0.660000   10     -69.21      16.50      83.52       8.95    983     0.905     0.095
   0.660000   11     -52.74      21.70      73.42      12.55    337     0.871     0.129
   0.660000   12     -36.27      27.08      67.63      15.56     27     0.819     0.181
   0.640000    9     -85.67      13.49      93.31       6.49     60     0.924     0.076
   0.640000   10     -69.21      16.90      83.22       9.29    795     0.900     0.100
   0.640000   11     -52.74      21.99      73.45      12.84    921     0.866     0.134
   0.640000   12     -36.27      27.69      63.75      16.15    112     0.810     0.190
   0.640000   13     -19.81      33.65      57.91      18.34     11     0.720     0.280
   0.620000   10     -69.21      17.05      82.78       9.39    331     0.897     0.103
   0.620000   11     -52.74      22.22      73.21      13.04   1236     0.861     0.139
   0.620000   12     -36.27      27.78      64.47      16.30    318     0.814     0.186
   0.620000   13     -19.81      34.27      58.36      18.98     14     0.718     0.282
   0.600000   10     -69.21      17.52      82.48       9.45     26     0.898     0.102
   0.600000   11     -52.74      22.85      72.76      13.56    561     0.851     0.149
   0.600000   12     -36.27      28.31      64.08      16.73   1224     0.802     0.198
   0.600000   13     -19.81      34.46      57.50      19.35     88     0.719     0.281
   0.580000   11     -52.74      22.67      72.44      13.44    252     0.847     0.153
   0.580000   12     -36.27      28.60      63.48      16.97   1248     0.790     0.210
   0.580000   13     -19.81      34.74      55.12      19.67    393     0.710     0.290
   0.560000   11     -52.74      23.60      72.00      13.71     49     0.845     0.155
   0.560000   12     -36.27      28.84      63.30      17.17    918     0.779     0.221
   0.560000   13     -19.81      35.02      55.23      19.88    886     0.704     0.296
   0.560000   14      -3.34      41.90      49.82      21.35     46     0.585     0.415
   0.540000   12     -36.27      28.66      63.19      16.93    601     0.779     0.221
   0.540000   13     -19.81      35.20      55.10      20.00   1156     0.698     0.302
   0.540000   14      -3.34      42.67      48.31      21.76    142     0.563     0.437
   0.520000   11     -52.74      22.33      71.31      12.46     42     0.848     0.152
   0.520000   12     -36.27      28.17      63.07      16.58    519     0.778     0.222
   0.520000   13     -19.81      35.36      55.03      20.16   1179     0.685     0.315
   0.520000   14      -3.34      42.68      48.85      22.06    159     0.568     0.432
   0.500000   12     -36.27      28.77      62.75      16.74    167     0.772     0.228
   0.500000   13     -19.81      35.54      54.74      20.32    968     0.670     0.330
   0.500000   14      -3.34      42.96      47.16      22.30    685     0.556     0.444
   0.500000   15      13.13      50.98      40.64      21.98     79     0.410     0.590
   0.480000   12     -36.27      30.74      62.26      17.43    103     0.765     0.235
   0.480000   13     -19.81      35.36      54.89      20.07    957     0.674     0.326
   0.480000   14      -3.34      43.26      47.68      22.49    761     0.552     0.448
   0.480000   15      13.13      51.49      39.60      22.27     76     0.402     0.598
   0.460000   12     -36.27      28.06      62.25      15.83     46     0.774     0.226
   0.460000   13     -19.81      35.19      54.62      19.89    525     0.667     0.333
   0.460000   14      -3.34      43.40      47.59      22.60    898     0.540     0.460
   0.460000   15      13.13      52.11      40.11      22.65    381     0.391     0.609
   0.460000   16      29.60      60.59      35.12      20.71     49     0.274     0.726
   0.440000   13     -19.81      36.05      54.22      20.07    282     0.657     0.343
   0.440000   14      -3.34      43.36      47.50      22.58   1034     0.533     0.467
   0.440000   15      13.13      52.05      40.74      23.03    464     0.399     0.601
   0.440000   16      29.60      61.83      32.84      20.03    119     0.243     0.757
   0.420000   14      -3.34      43.72      47.02      22.58    363     0.508     0.492
   0.420000   15      13.13      52.35      40.43      23.00    690     0.380     0.620
   0.420000   16      29.60      61.94      33.82      20.86    699     0.254     0.746
   0.420000   17      46.06      71.02      28.44      17.89    140     0.178     0.822
   0.400000   14      -3.34      46.69      46.30      22.48     49     0.487     0.513
   0.400000   15      13.13      52.20      40.06      22.73    396     0.363     0.637
   0.400000   16      29.60      62.08      33.62      20.75    934     0.242     0.758
   0.400000   17      46.06      71.44      28.21      17.94    486     0.174     0.826
   0.400000   18      62.53      81.13      23.66      14.67     34     0.122     0.878
   0.380000   14      -3.34      41.74      46.18      21.18     86     0.512     0.488
   0.380000   15      13.13      51.79      39.66      22.39    169     0.358     0.642
   0.380000   16      29.60      62.04      33.84      20.88    901     0.243     0.757
   0.380000   17      46.06      71.75      28.17      18.00    719     0.170     0.830
   0.380000   18      62.53      80.95      25.83      16.20     20     0.130     0.870
   0.360000   15      13.13      53.22      39.24      22.04    213     0.338     0.662
   0.360000   16      29.60      61.68      33.82      20.84    796     0.243     0.757
   0.360000   17      46.06      72.11      28.33      18.16    779     0.166     0.834
   0.360000   18      62.53      81.95      23.87      15.23    111     0.120     0.880
   0.340000   15      13.13      52.76      38.79      21.54     29     0.344     0.656
   0.340000   16      29.60      61.96      33.44      20.55    549     0.231     0.769
   0.340000   17      46.06      71.95      28.38      18.26    924     0.166     0.834
   0.340000   18      62.53      82.58      23.07      14.84    353     0.115     0.885
   0.340000   19      79.00      93.42      19.28      11.92     44     0.084     0.916
   0.320000   19      79.00      94.08      16.97      10.17    154     0.075     0.925
   0.320000   20      95.47     104.98      11.77       5.96    469     0.057     0.943
   0.320000   21     111.93     116.06       6.62       1.54    660     0.044     0.956
   0.320000   22     128.40     126.92       1.43      -3.06    384     0.035     0.965
   0.320000   23     144.87     138.20      -3.44      -7.49    184     0.028     0.972
   0.320000   24     161.33     149.19      -8.94     -12.60     36     0.023     0.977
   0.300000   20      95.47     105.57      11.17       5.37    164     0.054     0.946
   0.300000   21     111.93     116.09       6.39       1.32    745     0.042     0.958
   0.300000   22     128.40     127.12       1.92      -2.58    857     0.035     0.965
   0.300000   23     144.87     138.15      -1.92      -6.03    133     0.029     0.971
   0.280000   20      95.47     109.28      10.45       4.66     40     0.052     0.948
   0.280000   21     111.93     116.34       6.19       1.12    352     0.042     0.958
   0.280000   22     128.40     127.13       2.00      -2.51    866     0.034     0.966
   0.280000   23     144.87     138.75      -2.62      -6.66    412     0.028     0.972
   0.280000   24     161.33     150.82      -7.00     -10.68    190     0.023     0.977
   0.280000   25     177.80     162.05     -10.70     -14.13     39     0.019     0.981
   0.260000   20      95.47     106.64      10.00       4.18     24     0.054     0.946
   0.260000   21     111.93     115.18       5.84       0.76    139     0.042     0.958
   0.260000   22     128.40     127.33       1.57      -2.92    647     0.033     0.967
   0.260000   23     144.87     138.96      -2.27      -6.32    873     0.028     0.972
   0.260000   24     161.33     150.80      -6.03      -9.71    216     0.023     0.977
   0.240000   21     111.93     119.30       5.24       0.16     39     0.041     0.959
   0.240000   22     128.40     127.06       1.57      -2.94    651     0.033     0.967
   0.240000   23     144.87     138.98      -2.07      -6.13    891     0.028     0.972
   0.240000   24     161.33     151.13      -5.63      -9.32    250     0.023     0.977
   0.240000   25     177.80     163.47      -8.39     -11.89     68     0.020     0.980
   0.220000   21     111.93     121.66       4.33      -0.72     16     0.040     0.960
   0.220000   22     128.40     126.38       1.01      -3.48    158     0.033     0.967
   0.220000   23     144.87     139.20      -2.41      -6.44    662     0.027     0.973
   0.220000   24     161.33     151.49      -5.79      -9.46    707     0.023     0.977
   0.220000   25     177.80     164.24      -8.94     -12.32    342     0.019     0.981
   0.220000   26     194.27     176.35     -10.98     -14.24     14     0.017     0.983
   0.200000   22     128.40     134.53       0.23      -4.25     25     0.031     0.969
   0.200000   23     144.87     139.13      -2.69      -6.73    493     0.026     0.974
   0.200000   24     161.33     151.53      -5.49      -9.18   1085     0.023     0.977
   0.200000   25     177.80     164.25      -8.23     -11.65    288     0.019     0.981
   0.180000   22     128.40     131.80      -0.13      -4.62     25     0.032     0.968
   0.180000   23     144.87     138.28      -2.73      -6.78    322     0.027     0.973
   0.180000   24     161.33     151.61      -5.68      -9.35    769     0.022     0.978
   0.180000   25     177.80     164.71      -8.27     -11.65    677     0.019     0.981
   0.180000   26     194.27     177.93     -10.39     -13.60    106     0.016     0.984
   0.160000   23     144.87     145.14      -3.45      -7.48    142     0.026     0.974
   0.160000   24     161.33     151.27      -5.60      -9.29    781     0.022     0.978
   0.160000   25     177.80     164.90      -8.04     -11.42    798     0.019     0.981
   0.160000   26     194.27     178.42     -10.21     -13.37    165     0.016     0.984
   0.160000   27     210.74     192.03     -12.42     -15.40     13     0.014     0.986
   0.140000   23     144.87     145.18      -3.94      -7.97     16     0.026     0.974
   0.140000   24     161.33     151.47      -5.96      -9.64    586     0.022     0.978
   0.140000   25     177.80     164.89      -8.02     -11.40    979     0.019     0.981
   0.140000   26     194.27     178.51      -9.94     -13.08    283     0.016     0.984
   0.140000   27     210.74     192.93     -11.81     -14.78     35     0.014     0.986
   0.120000   23     144.87     141.51      -4.30      -8.35     31     0.026     0.974
   0.120000   24     161.33     150.21      -6.18      -9.86    338     0.022     0.978
   0.120000   25     177.80     164.76      -7.97     -11.35    982     0.019     0.981
   0.120000   26     194.27     178.81      -9.53     -12.69    533     0.016     0.984
   0.120000   27     210.74     192.94     -10.97     -13.97     15     0.014     0.986
   0.100000   23     144.87     143.96      -5.12      -9.15     11     0.026     0.974
   0.100000   24     161.33     150.13      -6.65     -10.32     97     0.022     0.978
   0.100000   25     177.80     165.24      -8.14     -11.51    671     0.018     0.982
   0.100000   26     194.27     179.23      -9.55     -12.68    797     0.016     0.984
   0.100000   27     210.74     193.89     -11.19     -14.08    269     0.014     0.986
   0.100000   28     227.20     208.32     -12.30     -15.07     54     0.012     0.988
   0.080000   23     144.87     142.41      -5.85      -9.89     37     0.025     0.975
   0.080000   24     161.33     149.18      -6.89     -10.60    272     0.022     0.978
   0.080000   25     177.80     164.48      -8.18     -11.58    685     0.018     0.982
   0.080000   26     194.27     179.15      -9.37     -12.51    596     0.016     0.984
   0.080000   27     210.74     194.24     -10.60     -13.52    283     0.014     0.986
   0.080000   28     227.20     208.46     -11.45     -14.24     26     0.012     0.988
   0.060000   24     161.33     157.27      -7.63     -11.30     36     0.021     0.979
   0.060000   25     177.80     164.25      -8.48     -11.86    395     0.018     0.982
   0.060000   26     194.27     179.25      -9.36     -12.50    768     0.016     0.984
   0.060000   27     210.74     194.51     -10.27     -13.19    522     0.014     0.986
   0.060000   28     227.20     209.57     -11.12     -13.86    151     0.012     0.988
   0.060000   29     243.67     225.56     -12.12     -14.68     27     0.010     0.990
   0.040000   26     194.27     191.00      -9.97     -13.03     12     0.015     0.985
   0.040000   27     210.74     195.41     -10.49     -13.36    413     0.013     0.987
   0.040000   28     227.20     210.27     -11.03     -13.73    900     0.012     0.988
   0.040000   29     243.67     225.75     -11.60     -14.15    477     0.010     0.990
   0.040000   30     260.14     241.29     -12.23     -14.63     88     0.009     0.991
   0.020000   27     210.74     195.11     -10.85     -13.72    253     0.013     0.987
   0.020000   28     227.20     209.94     -11.11     -13.82    708     0.012     0.988
   0.020000   29     243.67     226.10     -11.42     -13.97    737     0.010     0.990
   0.020000   30     260.14     241.87     -11.71     -14.11    189     0.009     0.991
   0.000000   28     227.20     209.74     -11.61     -14.30     92     0.011     0.989
   0.000000   29     243.67     225.79     -11.61     -14.14    294     0.010     0.990
   0.000000   30     260.14     242.29     -11.61     -13.99    372     0.009     0.991
   0.000000   31     276.61     258.51     -11.61     -13.85    292     0.008     0.992
   0.000000   32     293.07     275.03     -11.61     -13.73    313     0.007     0.993
   0.000000   33     309.54     291.54     -11.61     -13.62    200     0.006     0.994
   0.000000   34     326.01     307.66     -11.61     -13.52    127     0.006     0.994
   0.000000   35     342.47     325.11     -11.61     -13.42     53     0.005     0.995
   0.000000   36     358.94     341.04     -11.61     -13.35     23     0.005     0.995
   0.000000   37     375.41     356.83     -11.61     -13.28     12     0.004     0.996
   0.000000   38     391.88     376.23     -11.61     -13.20     20     0.004     0.996
   0.000000   39     408.34     390.01     -11.61     -13.13     23     0.004     0.996
   0.000000   40     424.81     407.98     -11.61     -13.07     15     0.003     0.997
   0.000000   41     441.28     423.98     -11.61     -13.02     19     0.003     0.997
   0.000000   44     490.68     472.37     -11.61     -12.88     12     0.003     0.997


# Part 3: Bin-averaged summary:
# bin  energy gap  <dGg> <dGg norm> pts  <c1**2> <c2**2> <r_xy>
   1   -217.41     -3.29     10.83        112    0.987    0.013    4.052
   2   -200.95     -3.36     10.76        850    0.985    0.015    3.991
   3   -184.48     -3.42     10.70       2326    0.982    0.018    4.000
   4   -168.01     -3.43     10.68       2977    0.979    0.021    3.974
   5   -151.54     -2.98     11.13       3928    0.974    0.026    3.860
   6   -135.08     -1.93     12.19       5105    0.969    0.031    3.788
   7   -118.61     -0.20     13.91       4496    0.961    0.039    3.704
   8   -102.14      2.16     16.27       4825    0.949    0.051    3.653
   9    -85.67      5.14     19.25       5771    0.932    0.068    3.630
  10    -69.21      8.83     22.95       4415    0.905    0.095    3.583
  11    -52.74     13.00     27.11       3598    0.861    0.139    3.562
  12    -36.27     16.83     30.95       5283    0.789    0.211    3.565
  13    -19.81     20.03     34.15       6459    0.686    0.314    3.595
  14     -3.34     22.43     36.55       4223    0.542    0.458    3.610
  15     13.13     22.72     36.83       2497    0.379    0.621    3.749
  16     29.60     20.77     34.88       4047    0.243    0.757    3.937
  17     46.06     18.11     32.22       3048    0.169    0.831    4.000
  18     62.53     14.96     29.08        518    0.117    0.883    4.051
  19     79.00     10.56     24.68        198    0.077    0.923    3.825
  20     95.47      5.68     19.80        697    0.056    0.944    3.498
  21    111.93      1.28     15.39       1951    0.043    0.957    3.493
  22    128.40     -2.81     11.31       3613    0.034    0.966    3.452
  23    144.87     -6.56      7.56       4207    0.027    0.973    3.331
  24    161.33     -9.56      4.55       5363    0.022    0.978    3.240
  25    177.80    -11.57      2.54       5924    0.019    0.981    3.109
  26    194.27    -12.71      1.40       3274    0.016    0.984    2.983
  27    210.74    -13.54      0.57       1803    0.014    0.986    2.596
  28    227.20    -13.85      0.27       1931    0.012    0.988    2.212
  29    243.67    -14.07      0.05       1535    0.010    0.990    2.118
  30    260.14    -14.11      0.00        649    0.009    0.991    2.101
  31    276.61    -13.85      0.26        292    0.008    0.992    2.032
  32    293.07    -13.73      0.38        313    0.007    0.993    1.965
  33    309.54    -13.62      0.49        200    0.006    0.994    1.907
  34    326.01    -13.52      0.60        127    0.006    0.994    1.935
  35    342.47    -13.42      0.69         53    0.005    0.995    1.990
  36    358.94    -13.35      0.77         23    0.005    0.995    1.998
  37    375.41    -13.28      0.84         12    0.004    0.996    2.045
  38    391.88    -13.20      0.92         20    0.004    0.996    2.079
  39    408.34    -13.13      0.98         23    0.004    0.996    2.093
  40    424.81    -13.07      1.05         15    0.003    0.997    2.141
  41    441.28    -13.02      1.10         19    0.003    0.997    2.116
  44    490.68    -12.88      1.24         12    0.003    0.997    2.115
