
Build and version information

Build number 6.0.8
Build date   20240208
Built:       
      by     nayanika
      on     nayanika-HP-Pavilion-Gaming-Laptop-15-ec0xxx
      git id d993af2a20623fcf9dc867341fb6902d395c0ec9
      with   GNU Fortran Ubuntu 9.4.0-1ubuntu1~20.04.2 9.4.0
Qdyn version 6.0.8 , git id=d993af2a20623fcf9dc867341fb6902d395c0ec9 initialising
Current date 2024- 2-13 and time 16:50:54

Welcome in qdyn modification date 20240208

 Q6, Copyright © 2017 Johan Åqvist, John Marelius, Shina Caroline Lynn Kamerlin and Paul Bauer
 Q6 comes with ABSOLUTELY NO WARRANTY.  This is free software, and you are welcome
 to redistribute it under certain conditions. For details, add the --help flag.
----------------------- Reading input from relax_001.inp ----------------------
Number of MD steps =       200  Stepsize (fs)    =     1.000
 Not being verbose in temperature print out
Target temperature =      0.10  T-relax time     =      1.00
 No thermostat chosen. Berendsen thermostat will be used.
 Leap frog integrator used by default.
Solute and solvent atoms coupled separately to heat bath.
May redefine groups in later section
Generating seed from system time, please set seed manually to reproduce results
Initial velocities will be generated from Maxwell distribution:
Maxwell temperature=      0.10 Random number seed=      3991
 Using Shake as the constraint algorithm
Shake constraints on solute bonds to any atoms : off
Nonbonded method   = LRF Taylor expansion outside cut-off
Using default temperature coupling groups
Boundary: sphere
Cut-off radii for non-bonded interactions:
Solute-solute:     10.00
Solvent-solvent:   10.00
Solute-solvent:    10.00
Q-atom-non-Q-atom: 99.00
LRF:               99.00
 Radius of inner restrained shell set to 85% of exclusion shell radius.
Radius of inner restrained shell       =       0.850
Polarization force update at default 10/ps
Update every  100 steps
temperature print-out interval set to default.
Non-bonded pair list update interval   =      30
Energy summary print-out interval      =     100
Temperature print-out interval         =      10
Trajectory write interval              =     100
No energy file written.
All atoms will be included in the trajectory.
Topology file      = GPX6cys_mouse.top
Initial coordinates taken from topology.
Final coord. file  = relax_001.re
Trajectory file    = relax_001.dcd
FEP input file     = correctedGPX6_mousecys.fep

lambda-values      =  0.90000 0.10000

List of excluded atom groups
No QCP section found, will not try to use RPMD.

Listing of restraining data:
---------------------------- Reading topology file ---------------------------
GPX6cys_mouse.top                                                               

No. of solute atoms     =       3055
No. of solvent atoms    =       1740
Solvent dielectric*1000 =     80100
No. of coordinates      =      14385
No. of atom type codes  =       4795
No. of solute bonds     =       3101
No. of solvent bonds    =       1740
No. of solute angles    =       5596
No. of solvent angles   =        580
No. of solute torsions  =      10854
No. of solvent torsions =          0
No. of solute impropers =        650
No. of solvent impropers=          0
No. of atomic charges   =       4795
No. of solute chargegrps=        548
No. of solvent chargegps=        580
Charge group cut-off    : Switching atoms
vdW  rule [ 1=G / 2=A ] =          1
El-static 1-4 damping   =      0.500
Coulomb constant        =   332.0000
No. of atom types       =         84
No. of LJ type 2 pairs  =          0
No. of heavy atoms      =       2138
No. of 1-4 neighbours   =       8172
No. long-range 1-4 nbrs =          4
No. of nbor exclusions  =      11017
No. of long-range excls =          0
No. of residues         =        776
No of solute residues   =        196
No. of molecules        =        582
Atom type names         =         84
SYBYL atom types        =         84
Boundary: sphere
Exclusion radius        =     20.000
Eff. solvent radius     =     19.790
Solvent density         =   0.03350000
Solute centre           =     43.704    34.968    42.174
Solvent centre          =     43.704    34.968    42.174
No. of excluded atoms   =       1268
Molecular topology read successfully.

Found      536 solute atoms in the restrained shell region ( 17.00 to  20.00)
----------------------------- Reading Q atom list ----------------------------
No. of fep/evb states    =     2
No. of fep/evb atoms     =     9
Atom nos.:   730   733   729   731   732  3052  3053  3054  3055
--------------------------- Reading fep/evb strategy --------------------------

No. of changing charges  =     9
Effective Q-atom charges for all Q-atoms
Q atom    charge in state 1 state 2
     1               -0.335   0.121
     2                0.155   0.417
     3                0.060  -0.018
     4                0.060   0.060
     5                0.060   0.060
     6               -0.418  -0.834
     7               -0.418  -0.640
     8                0.418   0.417
     9                0.418   0.418

   SUM               -0.000   0.000

No. of Q-atom types  =    14
Name            Ai      Bi      Ci     ai Ai(1-4) Bi(1-4)    Mass
SH         2001.57   44.74  165.00  1.58  1415.32   31.64   32.06
snn.SG     2593.94   55.60  165.00  1.58  1834.19   39.31   32.06
HS            0.00    0.00    1.00  1.58     0.00    0.00    1.01
HW            0.00    0.00    1.00  1.58     0.00    0.00    1.01
CT          944.52   22.03    1.00  1.58   667.88   15.58   12.01
snn.CB      944.52   22.03    1.00  1.58   667.88   15.58   12.01
HC           84.57    5.41    1.00  1.58    59.80    3.83    1.01
snn.HB2      84.57    5.41    1.00  1.58    59.80    3.83    1.01
snn.HB3      84.57    5.41    1.00  1.58    59.80    3.83    1.01
prx.O       760.64   25.04    1.00  1.58   537.86   17.71   16.00
OW          762.89   24.39    1.00  1.58   539.44   17.25   16.00
snn.OS      760.64   25.04    1.00  1.58   537.86   17.71   16.00
prx.H         0.01    0.04    1.00  1.58     0.00    0.03    1.01
snn.HG        0.01    0.04    1.00  1.58     0.00    0.03    1.01

Assigning Q-atom types to all Q atoms:
Q atom    atom type in  state 1  state 2
     1                  SH       snn.SG  
     2                  HS       HW      
     3                  CT       snn.CB  
     4                  HC       snn.HB2 
     5                  HC       snn.HB3 
     6                  prx.O    OW      
     7                  prx.O    snn.OS  
     8                  prx.H    HW      
     9                  prx.H    snn.HG  

No. of soft repulsion non-bonded pairs =     5
q-atom_i q-atom_j
       6        7
       1        2
       8        2
       6        2
       1        7

Q-bond types:
type #  Morse E_diss    alpha       b0  Harmonic force_k 
     1         54.00     2.32     1.32
     2         81.00     1.87     1.32
     3        104.00     1.99     0.74
     4        102.00     2.26     0.96
     5         81.00     1.87     1.32
     6        102.00     2.26     0.96
     7        102.00     2.26     0.96


No. of changing bonds    =     6
atom_i atom_j   bond type in state 1 state 2
  3052   3053                      1       0
   730    733                      2       0
   733   3054                      0       3
   733   3052                      0       4
   730   3053                      0       5
  3052   3054                      6       7

Q-angle types:
type #       force-k   theta0
     1        160.00   102.22
     2         88.00    96.00
     3          0.00   127.74
     4        220.00   100.78
     5        200.00   104.52
     6        130.00   106.24


No. of changing angles   =     8
atom_i atom_j atom_k    angle type in state 1 state 2
  3052   3053   3055                        1       0
  3053   3052   3054                        1       0
   729    730    733                        2       0
  3052    733   3054                        0       3
   729    730   3053                        0       4
   733   3054   3052                        0       3
   733   3052   3054                        0       5
   730   3053   3055                        0       6

Q-torsion types:
type #       force-k     mult    delta

Program received signal SIGSEGV: Segmentation fault - invalid memory reference.

Backtrace for this error:
#0  0x7f53b62cbd11 in ???
#1  0x7f53b62caee5 in ???
#2  0x7f53b5f9208f in ???
	at /build/glibc-wuryBv/glibc-2.31/signal/../sysdeps/unix/sysv/linux/x86_64/sigaction.c:0
#3  0x564f7f14d8ab in __qmath_MOD_qvec_sub
	at /home/nayanika/github/Q6/src/math.f90:166
#4  0x564f7f1c3a1c in __nonbondene_MOD_lrf_taylor
	at /home/nayanika/github/Q6/src/nonbondene.f90:528
#5  0x564f7f1b0643 in __potene_MOD_pot_energy_nonbonds
	at /home/nayanika/github/Q6/src/potene.f90:376
#6  0x564f7f1b0e84 in __potene_MOD_pot_energy
	at /home/nayanika/github/Q6/src/potene.f90:129
#7  0x564f7f13cb70 in __md_MOD_md_run
	at /home/nayanika/github/Q6/src/md.f90:1742
#8  0x564f7f169385 in qdyn6
	at /home/nayanika/github/Q6/src/qdyn.f90:158
#9  0x564f7f169523 in main
	at /home/nayanika/github/Q6/src/qdyn.f90:26
