# Qfep                       version 5.10.18 , gi(modified on 20211204                                                                        )
 
--> Number of energy files: # Number of files                 =    51
--> No. of states, no. of predefined off-diag elements: # Number of states                 =     2
# Number of off-diagonal elements =     0
--> Give kT & no, of pts to skip   & calculation mode: # kT                              = 0.596
# Number of data points to skip   =   100
# Only QQ interactions will be considered   =   0
--> Give number of gap-bins: # Number of gap-bins              =    50
--> Give minimum # pts/bin: # Minimum number of points per bin=    10
--> Give alpha for state  2:                                                    # Alpha for state  2              =   -92.88
--> Number of off-diagonal elements:# Number of off-diagonal elements =     1
#   i   j   A(i,j)  mu(i,j) eta(i,j) rxy0(i,j)
--> i, j, A_ij, mu_ij, eta_ij, r_xy0: #   1   2     79.11      0.00      0.00      0.00
--> linear combination of states defining reaction coord: # Linear combination co-efficients=  1.00 -1.00
 
 
# Part 0: Average energies for all states in all files
# file             state   pts   lambda    EQtot   EQbond  EQang   EQtor   EQimp    EQel   EQvdW  Eel_qq  EvdW_qq Eel_qp  EvdW_qp Eel_qw EvdW_qw Eqrstr
--> Name of file number   1:                                                     
# Energy files from Qdyn, version: 5.10.17 , git id=9325b9c29ad62a733df16f540968e33ee6c78260                       
fep_050_1.000.en        1      1899  1.000000  -133.75  -133.54     1.18    -4.55     0.00    10.06    -6.91    13.77    -0.00    -3.71    -6.91     0.00     0.00     0.00
fep_050_1.000.en        2      1899  0.000000   153.24     0.56   108.04    -1.59     0.00    49.98    -3.76    61.85     2.80   -11.87    -6.56     0.00     0.00     0.00
--> Name of file number   2:                                                     
# Energy files from Qdyn, version: 5.10.17 , git id=9325b9c29ad62a733df16f540968e33ee6c78260                       
fep_049_0.980.en        1      1899  0.980000  -133.30  -133.46     1.16    -4.34     0.00    10.13    -6.79    13.76    -0.00    -3.63    -6.79     0.00     0.00     0.00
fep_049_0.980.en        2      1899  0.020000   114.72     0.57    69.78    -1.95     0.00    49.99    -3.68    61.70     2.77   -11.71    -6.45     0.00     0.00     0.00
--> Name of file number   3:                                                     
# Energy files from Qdyn, version: 5.10.17 , git id=9325b9c29ad62a733df16f540968e33ee6c78260                       
fep_048_0.960.en        1      1899  0.960000  -133.30  -133.47     1.52    -4.39     0.00    10.50    -7.46    13.75    -0.00    -3.25    -7.46     0.00     0.00     0.00
fep_048_0.960.en        2      1899  0.040000    83.82     0.57    38.94    -2.38     0.00    51.07    -4.38    61.37     2.69   -10.31    -7.07     0.00     0.00     0.00
--> Name of file number   4:                                                     
# Energy files from Qdyn, version: 5.10.17 , git id=9325b9c29ad62a733df16f540968e33ee6c78260                       
fep_047_0.940.en        1      1899  0.940000  -130.84  -133.45     1.37    -3.06     0.00    11.24    -6.93    13.49    -0.00    -2.26    -6.93     0.00     0.00     0.00
fep_047_0.940.en        2      1899  0.060000    85.08     0.57    41.29    -1.20     0.00    48.27    -3.85    60.61     2.73   -12.35    -6.58     0.00     0.00     0.00
--> Name of file number   5:                                                     
# Energy files from Qdyn, version: 5.10.17 , git id=9325b9c29ad62a733df16f540968e33ee6c78260                       
fep_046_0.920.en        1      1899  0.920000  -131.30  -133.51     1.66    -3.82     0.00    11.20    -6.84    13.74    -0.00    -2.54    -6.84     0.00     0.00     0.00
fep_046_0.920.en        2      1899  0.080000    78.61     0.57    35.42    -1.29     0.00    47.79    -3.88    60.93     2.60   -13.14    -6.48     0.00     0.00     0.00
--> Name of file number   6:                                                     
# Energy files from Qdyn, version: 5.10.17 , git id=9325b9c29ad62a733df16f540968e33ee6c78260                       
fep_000_0.900.en        1      1899  0.900000  -133.01  -133.62     1.79    -4.39     0.00    10.36    -7.15    14.17    -0.00    -3.81    -7.15     0.00     0.00     0.00
fep_000_0.900.en        2      1899  0.100000    83.78     0.54    40.19    -1.71     0.00    48.90    -4.13    61.88     2.63   -12.98    -6.76     0.00     0.00     0.00
--> Name of file number   7:                                                     
# Energy files from Qdyn, version: 5.10.17 , git id=9325b9c29ad62a733df16f540968e33ee6c78260                       
fep_001_0.880.en        1      1899  0.880000  -130.61  -133.18     1.82    -3.71     0.00    11.15    -6.69    13.94    -0.00    -2.79    -6.69     0.00     0.00     0.00
fep_001_0.880.en        2      1899  0.120000    70.14     0.57    29.50    -1.91     0.00    45.82    -3.84    60.67     2.50   -14.85    -6.33     0.00     0.00     0.00
--> Name of file number   8:                                                     
# Energy files from Qdyn, version: 5.10.17 , git id=9325b9c29ad62a733df16f540968e33ee6c78260                       
fep_002_0.860.en        1      1899  0.860000  -129.11  -132.40     1.88    -2.80     0.00    10.83    -6.62    13.39    -0.00    -2.56    -6.62     0.00     0.00     0.00
fep_002_0.860.en        2      1899  0.140000    64.82     0.57    26.26    -2.32     0.00    44.09    -3.78    59.23     2.51   -15.13    -6.29     0.00     0.00     0.00
--> Name of file number   9:                                                     
# Energy files from Qdyn, version: 5.10.17 , git id=9325b9c29ad62a733df16f540968e33ee6c78260                       
fep_003_0.840.en        1      1899  0.840000  -129.62  -132.41     3.12    -3.55     0.00    10.58    -7.37    13.60    -0.00    -3.02    -7.37     0.00     0.00     0.00
fep_003_0.840.en        2      1899  0.160000    58.83     0.53    21.31    -2.08     0.00    43.64    -4.56    58.94     2.42   -15.30    -6.98     0.00     0.00     0.00
--> Name of file number  10:                                                     
# Energy files from Qdyn, version: 5.10.17 , git id=9325b9c29ad62a733df16f540968e33ee6c78260                       
fep_004_0.820.en        1      1899  0.820000  -128.58  -132.80     3.27    -3.87     0.00    11.18    -6.36    14.12    -0.00    -2.94    -6.36     0.00     0.00     0.00
fep_004_0.820.en        2      1899  0.180000    57.48     0.53    22.58    -2.15     0.00    40.22    -3.70    60.19     2.33   -19.96    -6.03     0.00     0.00     0.00
--> Name of file number  11:                                                     
# Energy files from Qdyn, version: 5.10.17 , git id=9325b9c29ad62a733df16f540968e33ee6c78260                       
fep_005_0.800.en        1      1899  0.800000  -130.10  -133.02     2.57    -2.68     0.00     9.41    -6.38    13.39    -0.00    -3.98    -6.38     0.00     0.00     0.00
fep_005_0.800.en        2      1899  0.200000    52.65     0.53    20.86    -1.74     0.00    36.82    -3.81    58.33     2.23   -21.51    -6.04     0.00     0.00     0.00
--> Name of file number  12:                                                     
# Energy files from Qdyn, version: 5.10.17 , git id=9325b9c29ad62a733df16f540968e33ee6c78260                       
fep_006_0.780.en        1      1899  0.780000  -129.11  -132.63     3.27    -3.67     0.00    10.63    -6.71    13.87    -0.00    -3.24    -6.71     0.00     0.00     0.00
fep_006_0.780.en        2      1899  0.220000    49.99     0.54    18.06    -0.96     0.00    36.54    -4.19    58.98     2.17   -22.44    -6.36     0.00     0.00     0.00
--> Name of file number  13:                                                     
# Energy files from Qdyn, version: 5.10.17 , git id=9325b9c29ad62a733df16f540968e33ee6c78260                       
fep_007_0.760.en        1      1899  0.760000  -127.51  -132.55     5.03    -3.95     0.00    10.43    -6.47    13.88    -0.00    -3.45    -6.47     0.00     0.00     0.00
fep_007_0.760.en        2      1899  0.240000    48.20     0.62    16.18    -2.42     0.00    37.72    -3.91    58.79     2.22   -21.07    -6.13     0.00     0.00     0.00
--> Name of file number  14:                                                     
# Energy files from Qdyn, version: 5.10.17 , git id=9325b9c29ad62a733df16f540968e33ee6c78260                       
fep_008_0.740.en        1      1899  0.740000  -126.18  -130.92     4.46    -4.28     0.00    10.56    -5.99    13.72    -0.00    -3.17    -5.99     0.00     0.00     0.00
fep_008_0.740.en        2      1899  0.260000    45.43     0.76    13.37    -3.71     0.00    38.58    -3.57    57.48     2.10   -18.90    -5.68     0.00     0.00     0.00
--> Name of file number  15:                                                     
# Energy files from Qdyn, version: 5.10.17 , git id=9325b9c29ad62a733df16f540968e33ee6c78260                       
fep_009_0.720.en        1      1899  0.720000  -127.22  -130.88     4.14    -4.14     0.00     9.74    -6.09    13.62    -0.00    -3.88    -6.09     0.00     0.00     0.00
fep_009_0.720.en        2      1899  0.280000    46.30     0.78    12.30    -2.88     0.00    39.80    -3.70    57.22     2.07   -17.43    -5.77     0.00     0.00     0.00
--> Name of file number  16:                                                     
# Energy files from Qdyn, version: 5.10.17 , git id=9325b9c29ad62a733df16f540968e33ee6c78260                       
fep_010_0.700.en        1      1899  0.700000  -125.96  -130.15     3.64    -3.49     0.00    10.13    -6.10    13.41    -0.00    -3.28    -6.10     0.00     0.00     0.00
fep_010_0.700.en        2      1899  0.300000    42.57     0.82    12.24    -2.76     0.00    36.10    -3.83    56.04     1.97   -19.95    -5.80     0.00     0.00     0.00
--> Name of file number  17:                                                     
# Energy files from Qdyn, version: 5.10.17 , git id=9325b9c29ad62a733df16f540968e33ee6c78260                       
fep_011_0.680.en        1      1899  0.680000  -125.54  -128.62     3.31    -4.25     0.00     9.69    -5.68    13.66    -0.00    -3.97    -5.68     0.00     0.00     0.00
fep_011_0.680.en        2      1899  0.320000    41.28     0.82    11.64    -2.92     0.00    35.21    -3.48    56.15     1.90   -20.94    -5.38     0.00     0.00     0.00
--> Name of file number  18:                                                     
# Energy files from Qdyn, version: 5.10.17 , git id=9325b9c29ad62a733df16f540968e33ee6c78260                       
fep_012_0.660.en        1      1899  0.660000  -124.31  -127.91     3.44    -3.56     0.00     9.50    -5.78    13.40    -0.00    -3.90    -5.78     0.00     0.00     0.00
fep_012_0.660.en        2      1899  0.340000    34.34     0.80    10.09    -1.67     0.00    28.80    -3.68    54.89     1.81   -26.10    -5.50     0.00     0.00     0.00
--> Name of file number  19:                                                     
# Energy files from Qdyn, version: 5.10.17 , git id=9325b9c29ad62a733df16f540968e33ee6c78260                       
fep_013_0.640.en        1      1899  0.640000  -124.95  -129.83     4.38    -3.11     0.00     9.69    -6.07    13.45    -0.00    -3.77    -6.07     0.00     0.00     0.00
fep_013_0.640.en        2      1899  0.360000    33.27     0.79    11.65    -2.28     0.00    27.06    -3.96    55.24     1.80   -28.17    -5.76     0.00     0.00     0.00
--> Name of file number  20:                                                     
# Energy files from Qdyn, version: 5.10.17 , git id=9325b9c29ad62a733df16f540968e33ee6c78260                       
fep_014_0.620.en        1      1899  0.620000  -123.39  -128.76     4.80    -3.87     0.00    10.11    -5.66    13.54    -0.00    -3.43    -5.66     0.00     0.00     0.00
fep_014_0.620.en        2      1899  0.380000    29.92     0.75    10.84    -2.72     0.00    24.74    -3.70    54.73     1.66   -29.98    -5.36     0.00     0.00     0.00
--> Name of file number  21:                                                     
# Energy files from Qdyn, version: 5.10.17 , git id=9325b9c29ad62a733df16f540968e33ee6c78260                       
fep_015_0.600.en        1      1899  0.600000  -123.74  -129.86     5.48    -3.26     0.00     9.42    -5.51    13.68    -0.00    -4.26    -5.51     0.00     0.00     0.00
fep_015_0.600.en        2      1899  0.400000    28.75     0.72    10.23    -2.63     0.00    24.03    -3.62    54.46     1.61   -30.42    -5.23     0.00     0.00     0.00
--> Name of file number  22:                                                     
# Energy files from Qdyn, version: 5.10.17 , git id=9325b9c29ad62a733df16f540968e33ee6c78260                       
fep_016_0.580.en        1      1899  0.580000  -123.00  -129.98     5.56    -2.69     0.00     9.23    -5.12    13.40    -0.00    -4.17    -5.12     0.00     0.00     0.00
fep_016_0.580.en        2      1899  0.420000    30.30     0.70     9.38    -0.69     0.00    24.23    -3.31    53.72     1.58   -29.49    -4.89     0.00     0.00     0.00
--> Name of file number  23:                                                     
# Energy files from Qdyn, version: 5.10.17 , git id=9325b9c29ad62a733df16f540968e33ee6c78260                       
fep_017_0.560.en        1      1899  0.560000  -120.38  -129.33     6.90    -1.94     0.00     9.40    -5.41    13.19    -0.00    -3.79    -5.41     0.00     0.00     0.00
fep_017_0.560.en        2      1899  0.440000    24.85     0.68     9.07    -3.11     0.00    21.88    -3.66    52.62     1.47   -30.75    -5.14     0.00     0.00     0.00
--> Name of file number  24:                                                     
# Energy files from Qdyn, version: 5.10.17 , git id=9325b9c29ad62a733df16f540968e33ee6c78260                       
fep_018_0.540.en        1      1899  0.540000  -118.56  -128.05     7.37    -1.65     0.00     8.69    -4.93    13.02    -0.00    -4.33    -4.93     0.00     0.00     0.00
fep_018_0.540.en        2      1899  0.460000    21.42     0.66     8.99    -3.74     0.00    18.80    -3.30    51.10     1.41   -32.30    -4.71     0.00     0.00     0.00
--> Name of file number  25:                                                     
# Energy files from Qdyn, version: 5.10.17 , git id=9325b9c29ad62a733df16f540968e33ee6c78260                       
fep_019_0.520.en        1      1899  0.520000  -115.81  -126.09     7.65    -2.14     0.00     9.52    -4.75    13.12    -0.00    -3.60    -4.75     0.00     0.00     0.00
fep_019_0.520.en        2      1899  0.480000    17.48     0.63     7.94    -3.71     0.00    15.85    -3.23    50.25     1.31   -34.41    -4.54     0.00     0.00     0.00
--> Name of file number  26:                                                     
# Energy files from Qdyn, version: 5.10.17 , git id=9325b9c29ad62a733df16f540968e33ee6c78260                       
fep_020_0.500.en        1      1899  0.500000   -34.47   -49.69    10.80    -2.64     0.00    13.08    -6.03    12.06    -0.00     1.02    -6.03     0.00     0.00     0.00
fep_020_0.500.en        2      1899  0.500000    26.72     0.21     8.14    -3.92     0.00    26.67    -4.39    34.13     1.29    -7.46    -5.68     0.00     0.00     0.00
--> Name of file number  27:                                                     
# Energy files from Qdyn, version: 5.10.17 , git id=9325b9c29ad62a733df16f540968e33ee6c78260                       
fep_021_0.480.en        1      1899  0.480000   -32.91   -49.05    11.28    -1.21     0.00    13.75    -7.69    11.75    -0.00     2.00    -7.69     0.00     0.00     0.00
fep_021_0.480.en        2      1899  0.520000    23.66     0.20     8.02    -3.96     0.00    25.42    -6.03    32.30     1.22    -6.88    -7.25     0.00     0.00     0.00
--> Name of file number  28:                                                     
# Energy files from Qdyn, version: 5.10.17 , git id=9325b9c29ad62a733df16f540968e33ee6c78260                       
fep_022_0.460.en        1      1899  0.460000   -32.98   -48.03    11.70    -1.87     0.00    12.69    -7.46    11.89    -0.00     0.80    -7.46     0.00     0.00     0.00
fep_022_0.460.en        2      1899  0.540000    23.73     0.20     7.07    -3.86     0.00    26.22    -5.91    31.81     1.11    -5.59    -7.02     0.00     0.00     0.00
--> Name of file number  29:                                                     
# Energy files from Qdyn, version: 5.10.17 , git id=9325b9c29ad62a733df16f540968e33ee6c78260                       
fep_023_0.440.en        1      1899  0.440000   -33.02   -47.21    11.94    -1.70     0.00    11.87    -7.93    11.89    -0.00    -0.02    -7.93     0.00     0.00     0.00
fep_023_0.440.en        2      1899  0.560000    21.46     0.20     5.46    -3.92     0.00    26.16    -6.44    30.93     1.02    -4.77    -7.47     0.00     0.00     0.00
--> Name of file number  30:                                                     
# Energy files from Qdyn, version: 5.10.17 , git id=9325b9c29ad62a733df16f540968e33ee6c78260                       
fep_024_0.420.en        1      1899  0.420000   -29.35   -46.42    13.95    -1.59     0.00    12.53    -7.82    11.92    -0.00     0.61    -7.82     0.00     0.00     0.00
fep_024_0.420.en        2      1899  0.580000    19.61     0.20     4.80    -3.94     0.00    24.99    -6.44    29.70     0.92    -4.71    -7.36     0.00     0.00     0.00
--> Name of file number  31:                                                     
# Energy files from Qdyn, version: 5.10.17 , git id=9325b9c29ad62a733df16f540968e33ee6c78260                       
fep_025_0.400.en        1      1899  0.400000   -29.05   -45.70    12.54    -1.23     0.00    12.71    -7.37    11.82    -0.00     0.90    -7.37     0.00     0.00     0.00
fep_025_0.400.en        2      1899  0.600000    19.93     0.20     5.90    -3.50     0.00    23.46    -6.12    28.67     0.83    -5.21    -6.94     0.00     0.00     0.00
--> Name of file number  32:                                                     
# Energy files from Qdyn, version: 5.10.17 , git id=9325b9c29ad62a733df16f540968e33ee6c78260                       
fep_026_0.380.en        1      1899  0.380000   -26.47   -44.49    14.68    -1.20     0.00    12.30    -7.75    11.88    -0.00     0.42    -7.75     0.00     0.00     0.00
fep_026_0.380.en        2      1899  0.620000    16.69     0.19     5.10    -3.80     0.00    21.72    -6.52    27.16     0.76    -5.44    -7.28     0.00     0.00     0.00
--> Name of file number  33:                                                     
# Energy files from Qdyn, version: 5.10.17 , git id=9325b9c29ad62a733df16f540968e33ee6c78260                       
fep_027_0.360.en        1      1899  0.360000   -21.70   -42.99    16.72    -0.93     0.00    13.30    -7.79    11.86    -0.00     1.44    -7.79     0.00     0.00     0.00
fep_027_0.360.en        2      1899  0.640000    14.69     0.19     4.84    -3.81     0.00    20.11    -6.65    25.76     0.67    -5.65    -7.32     0.00     0.00     0.00
--> Name of file number  34:                                                     
# Energy files from Qdyn, version: 5.10.17 , git id=9325b9c29ad62a733df16f540968e33ee6c78260                       
fep_028_0.340.en        1      1899  0.340000   -17.82   -42.95    19.55    -0.71     0.00    13.77    -7.48    11.95    -0.00     1.82    -7.48     0.00     0.00     0.00
fep_028_0.340.en        2      1899  0.660000    12.20     0.19     4.21    -3.86     0.00    18.07    -6.41    24.52     0.63    -6.44    -7.04     0.00     0.00     0.00
--> Name of file number  35:                                                     
# Energy files from Qdyn, version: 5.10.17 , git id=9325b9c29ad62a733df16f540968e33ee6c78260                       
fep_029_0.320.en        1      1899  0.320000   -15.86   -40.37    20.51    -1.45     0.00    13.06    -7.60    12.07    -0.00     0.99    -7.60     0.00     0.00     0.00
fep_029_0.320.en        2      1899  0.680000    12.24     0.19     4.68    -3.74     0.00    17.75    -6.64    23.40     0.50    -5.64    -7.14     0.00     0.00     0.00
--> Name of file number  36:                                                     
# Energy files from Qdyn, version: 5.10.17 , git id=9325b9c29ad62a733df16f540968e33ee6c78260                       
fep_030_0.300.en        1      1899  0.300000    -2.82   -41.07    33.01    -0.72     0.00    13.57    -7.62    12.75    -0.00     0.83    -7.62     0.00     0.00     0.00
fep_030_0.300.en        2      1899  0.700000     5.70     0.18     3.92    -3.85     0.00    11.89    -6.44    17.13     0.74    -5.23    -7.18     0.00     0.00     0.00
--> Name of file number  37:                                                     
# Energy files from Qdyn, version: 5.10.17 , git id=9325b9c29ad62a733df16f540968e33ee6c78260                       
fep_031_0.280.en        1      1899  0.280000     5.27   -39.34    39.32    -1.36     0.00    14.19    -7.53    13.06    -0.00     1.13    -7.53     0.00     0.00     0.00
fep_031_0.280.en        2      1899  0.720000     3.21     0.17     3.70    -3.77     0.00     9.37    -6.26    14.71     0.82    -5.35    -7.08     0.00     0.00     0.00
--> Name of file number  38:                                                     
# Energy files from Qdyn, version: 5.10.17 , git id=9325b9c29ad62a733df16f540968e33ee6c78260                       
fep_032_0.260.en        1      1899  0.260000    38.23   -43.88    74.20    -0.63     0.00    16.22    -7.68    15.13    -0.00     1.09    -7.68     0.00     0.00     0.00
fep_032_0.260.en        2      1899  0.740000   -10.33     0.17     3.81    -3.39     0.00    -5.81    -5.10    -0.36     2.13    -5.45    -7.24     0.00     0.00     0.00
--> Name of file number  39:                                                     
# Energy files from Qdyn, version: 5.10.17 , git id=9325b9c29ad62a733df16f540968e33ee6c78260                       
fep_033_0.240.en        1      1899  0.240000   110.82     6.40   106.77    -2.09     0.00     7.50    -7.76     6.16    -0.00     1.33    -7.76     0.00     0.00     0.00
fep_033_0.240.en        2      1899  0.760000    43.46    17.86    42.76    -1.84     0.00    -8.96    -6.36    -3.32     0.95    -5.64    -7.31     0.00     0.00     0.00
--> Name of file number  40:                                                     
# Energy files from Qdyn, version: 5.10.17 , git id=9325b9c29ad62a733df16f540968e33ee6c78260                       
fep_034_0.220.en        1      1899  0.220000   103.73    14.51    97.36    -2.44     0.00     1.78    -7.47     0.34    -0.00     1.44    -7.47     0.00     0.00     0.00
fep_034_0.220.en        2      1899  0.780000    41.34    12.96    42.66    -1.72     0.00    -5.53    -7.04     0.36    -0.00    -5.89    -7.04     0.00     0.00     0.00
--> Name of file number  41:                                                     
# Energy files from Qdyn, version: 5.10.17 , git id=9325b9c29ad62a733df16f540968e33ee6c78260                       
fep_035_0.200.en        1      1899  0.200000    96.51    10.04    95.42    -2.46     0.00     1.33    -7.82     0.18    -0.00     1.14    -7.82     0.00     0.00     0.00
fep_035_0.200.en        2      1899  0.800000    23.94     8.53    30.19    -2.03     0.00    -5.39    -7.36     0.19    -0.00    -5.58    -7.36     0.00     0.00     0.00
--> Name of file number  42:                                                     
# Energy files from Qdyn, version: 5.10.17 , git id=9325b9c29ad62a733df16f540968e33ee6c78260                       
fep_036_0.180.en        1      1899  0.180000   107.70    14.81   100.64    -2.47     0.00     2.31    -7.60     0.12    -0.00     2.19    -7.60     0.00     0.00     0.00
fep_036_0.180.en        2      1899  0.820000    18.37    13.84    20.02    -2.12     0.00    -6.22    -7.16     0.13    -0.00    -6.35    -7.16     0.00     0.00     0.00
--> Name of file number  43:                                                     
# Energy files from Qdyn, version: 5.10.17 , git id=9325b9c29ad62a733df16f540968e33ee6c78260                       
fep_037_0.160.en        1      1899  0.160000    90.75    10.87    87.55    -2.62     0.00     2.59    -7.64     0.09    -0.00     2.50    -7.64     0.00     0.00     0.00
fep_037_0.160.en        2      1899  0.840000    13.89    10.14    20.12    -2.25     0.00    -6.92    -7.20     0.10    -0.00    -7.02    -7.20     0.00     0.00     0.00
--> Name of file number  44:                                                     
# Energy files from Qdyn, version: 5.10.17 , git id=9325b9c29ad62a733df16f540968e33ee6c78260                       
fep_038_0.140.en        1      1899  0.140000    96.24     9.47    94.79    -2.65     0.00     1.85    -7.22     0.07    -0.00     1.78    -7.22     0.00     0.00     0.00
fep_038_0.140.en        2      1899  0.860000     8.09     8.84    14.66    -1.84     0.00    -6.79    -6.78     0.08    -0.00    -6.86    -6.78     0.00     0.00     0.00
--> Name of file number  45:                                                     
# Energy files from Qdyn, version: 5.10.17 , git id=9325b9c29ad62a733df16f540968e33ee6c78260                       
fep_039_0.120.en        1      1899  0.120000    93.88     9.21    92.49    -2.57     0.00     2.14    -7.37     0.06    -0.00     2.07    -7.37     0.00     0.00     0.00
fep_039_0.120.en        2      1899  0.880000     6.59     8.76    12.97    -1.69     0.00    -6.50    -6.95     0.06    -0.00    -6.56    -6.95     0.00     0.00     0.00
--> Name of file number  46:                                                     
# Energy files from Qdyn, version: 5.10.17 , git id=9325b9c29ad62a733df16f540968e33ee6c78260                       
fep_040_0.100.en        1      1899  0.100000   109.58     6.78   109.91    -2.33     0.00     2.59    -7.37     0.05    -0.00     2.53    -7.37     0.00     0.00     0.00
fep_040_0.100.en        2      1899  0.900000     0.39     6.36     9.71    -1.90     0.00    -6.83    -6.95     0.05    -0.00    -6.88    -6.95     0.00     0.00     0.00
--> Name of file number  47:                                                     
# Energy files from Qdyn, version: 5.10.17 , git id=9325b9c29ad62a733df16f540968e33ee6c78260                       
fep_041_0.080.en        1      1899  0.080000   100.85     5.64   102.30    -2.09     0.00     2.37    -7.36     0.05    -0.00     2.32    -7.36     0.00     0.00     0.00
fep_041_0.080.en        2      1899  0.920000     0.83     5.28    11.50    -2.08     0.00    -6.91    -6.95     0.05    -0.00    -6.96    -6.95     0.00     0.00     0.00
--> Name of file number  48:                                                     
# Energy files from Qdyn, version: 5.10.17 , git id=9325b9c29ad62a733df16f540968e33ee6c78260                       
fep_042_0.060.en        1      1899  0.060000   117.23     4.31   120.49    -2.75     0.00     2.49    -7.31     0.04    -0.00     2.45    -7.31     0.00     0.00     0.00
fep_042_0.060.en        2      1899  0.940000    -3.02     3.90     8.35    -1.39     0.00    -7.00    -6.89     0.04    -0.00    -7.04    -6.89     0.00     0.00     0.00
--> Name of file number  49:                                                     
# Energy files from Qdyn, version: 5.10.17 , git id=9325b9c29ad62a733df16f540968e33ee6c78260                       
fep_043_0.040.en        1      1899  0.040000   115.39     2.11   120.86    -2.79     0.00     2.42    -7.22     0.04    -0.00     2.38    -7.22     0.00     0.00     0.00
fep_043_0.040.en        2      1899  0.960000    -5.87     1.65     7.80    -1.62     0.00    -6.91    -6.80     0.04    -0.00    -6.95    -6.80     0.00     0.00     0.00
--> Name of file number  50:                                                     
# Energy files from Qdyn, version: 5.10.17 , git id=9325b9c29ad62a733df16f540968e33ee6c78260                       
fep_044_0.020.en        1      1899  0.020000   125.41     3.13   130.05    -3.14     0.00     2.61    -7.25     0.03    -0.00     2.58    -7.25     0.00     0.00     0.00
fep_044_0.020.en        2      1899  0.980000    -6.51     2.77     7.46    -2.73     0.00    -7.17    -6.84     0.03    -0.00    -7.20    -6.84     0.00     0.00     0.00
--> Name of file number  51:                                                     
# Energy files from Qdyn, version: 5.10.17 , git id=9325b9c29ad62a733df16f540968e33ee6c78260                       
fep_045_0.000.en        1      1899  0.000000   173.52     3.30   177.92    -2.98     0.00     2.37    -7.07     0.03    -0.00     2.33    -7.07     0.00     0.00     0.00
fep_045_0.000.en        2      1899  1.000000    -6.63     2.91     6.48    -2.34     0.00    -7.02    -6.67     0.03    -0.00    -7.05    -6.67     0.00     0.00     0.00
 
 
# Part 1: Free energy perturbation summary:

# Calculation for full system
# lambda(1)      dGf sum(dGf)      dGr sum(dGr)     <dG>
   1.000000     0.000     0.000    -4.160     6.650     0.000
   0.980000     2.883     2.883    -2.607    10.810     3.521
   0.960000     2.727     5.611    -2.640    13.417     6.189
   0.940000     2.380     7.990    -2.507    16.057     8.699
   0.920000     2.331    10.321    -2.643    18.565    11.118
   0.900000     2.207    12.528    -2.272    21.208    13.543
   0.880000     2.338    14.866    -2.107    23.480    15.848
   0.860000     2.071    16.937    -1.992    25.587    17.937
   0.840000     1.946    18.883    -1.934    27.579    19.905
   0.820000     1.840    20.722    -1.864    29.513    21.792
   0.800000     1.802    22.524    -1.792    31.377    23.625
   0.780000     1.737    24.261    -1.716    33.169    25.390
   0.760000     1.665    25.926    -1.636    34.885    27.081
   0.740000     1.603    27.530    -1.660    36.521    28.700
   0.720000     1.516    29.046    -1.566    38.181    30.288
   0.700000     1.567    30.613    -1.543    39.748    31.855
   0.680000     1.465    32.079    -1.379    41.290    33.359
   0.660000     1.419    33.498    -1.355    42.670    34.758
   0.640000     1.257    34.755    -1.257    44.025    36.065
   0.620000     1.258    36.013    -1.233    45.282    37.322
   0.600000     1.164    37.177    -1.251    46.515    38.521
   0.580000     1.153    38.330    -1.095    47.766    39.723
   0.560000     1.166    39.495    -0.989    48.862    40.853
   0.540000     0.997    40.492    -0.866    49.850    41.846
   0.520000     0.895    41.387     0.603    50.716    42.726
   0.500000     0.749    42.136     0.710    50.113    42.799
   0.480000    -1.352    40.784     0.704    49.404    41.768
   0.460000    -0.743    40.041     0.753    48.700    41.045
   0.440000    -0.744    39.297     0.859    47.946    40.296
   0.420000    -0.783    38.513     0.830    47.087    39.475
   0.400000    -0.899    37.614     0.944    46.257    38.611
   0.380000    -0.929    36.686     1.076    45.313    37.674
   0.360000    -1.048    35.638     1.211    44.238    36.612
   0.340000    -1.186    34.452     1.249    43.027    35.414
   0.320000    -1.303    33.149     1.519    41.777    34.138
   0.300000    -1.345    31.804     1.672    40.258    32.706
   0.280000    -1.982    29.822     2.372    38.586    30.879
   0.260000    -2.352    27.470     1.012    36.214    28.516
   0.240000    -3.175    24.295     1.918    35.201    26.423
   0.220000   -30.730    -6.435     2.508    33.283    10.099
   0.200000    -5.572   -12.007     2.639    30.775     6.059
   0.180000    -4.847   -16.854     2.499    28.137     2.316
   0.160000    -5.787   -22.641     2.828    25.638    -1.827
   0.140000    -5.117   -27.758     2.921    22.810    -5.799
   0.120000    -5.079   -32.838     3.184    19.889    -9.799
   0.100000    -5.192   -38.030     3.065    16.705   -13.987
   0.080000    -5.303   -43.333     3.310    13.640   -18.172
   0.060000    -5.185   -48.518     3.274    10.330   -22.419
   0.040000    -6.310   -54.828     3.473     7.056   -27.211
   0.020000    -6.449   -61.277     3.583     3.583   -32.172
   0.000000    -6.316   -67.593     0.000     0.000   -37.122
 
# Min energy-gap is:   -478.40
# Max energy-gap is:   1761.54
 
 
 
# Part 2: Reaction free energy summary:
# Lambda(1)  bin Energy gap      dGa     dGb     dGg    # pts    c1**2    c2**2
   1.000000    1    -456.00       0.00     435.94     -13.47     47     0.972     0.028
   1.000000    2    -411.20       0.00     390.44     -14.95     45     0.966     0.034
   1.000000    3    -366.40       0.00     346.15     -16.74     46     0.958     0.042
   1.000000    4    -321.60       0.00     302.36     -18.80    137     0.948     0.052
   1.000000    5    -276.80       0.00     257.24     -21.53    156     0.934     0.066
   1.000000    6    -232.00       0.00     212.07     -25.53    175     0.910     0.090
   1.000000    7    -187.20       0.00     166.96     -30.79    300     0.877     0.123
   1.000000    8    -142.41       0.00     122.48     -37.80    700     0.831     0.169
   1.000000    9     -97.61       0.00      95.80     -43.14    293     0.786     0.214
   0.980000    4    -321.60      -2.63     300.34     -21.81     36     0.945     0.055
   0.980000    5    -276.80      -1.98     254.89     -23.59     27     0.932     0.068
   0.980000    6    -232.00      -1.10     210.93     -26.30    151     0.911     0.089
   0.980000    7    -187.20      -0.19     167.30     -30.54    390     0.877     0.123
   0.980000    8    -142.41       0.67     123.64     -36.74    931     0.830     0.170
   0.980000    9     -97.61       1.30      92.38     -42.43    364     0.785     0.215
   0.960000    7    -187.20      -0.81     166.40     -31.64     40     0.869     0.131
   0.960000    8    -142.41       0.57     123.62     -36.70   1010     0.825     0.175
   0.960000    9     -97.61       1.80      91.09     -42.24    849     0.781     0.219
   0.940000    7    -187.20      -2.14     165.64     -32.43     86     0.872     0.128
   0.940000    8    -142.41       0.06     123.71     -36.75    870     0.825     0.175
   0.940000    9     -97.61       2.13      89.35     -41.80    943     0.778     0.222
   0.920000    7    -187.20      -2.57     164.29     -33.62     40     0.866     0.134
   0.920000    8    -142.41      -0.61     123.60     -36.87    745     0.825     0.175
   0.920000    9     -97.61       2.44      85.21     -42.22   1114     0.771     0.229
   0.900000    7    -187.20      -3.93     163.83     -34.52     73     0.869     0.131
   0.900000    8    -142.41      -1.36     123.91     -36.79    929     0.828     0.172
   0.900000    9     -97.61       2.45      88.00     -40.77    897     0.776     0.224
   0.880000    8    -142.41      -1.93     123.33     -37.29    418     0.820     0.180
   0.880000    9     -97.61       2.77      85.64     -41.00   1466     0.768     0.232
   0.860000    8    -142.41      -1.14     122.77     -37.80    244     0.815     0.185
   0.860000    9     -97.61       2.78      85.66     -40.83   1583     0.763     0.237
   0.860000   10     -52.81       7.81      70.84     -43.87     72     0.704     0.296
   0.840000    8    -142.41      -0.95     122.24     -38.39    132     0.813     0.187
   0.840000    9     -97.61       2.52      85.76     -40.84   1647     0.756     0.244
   0.840000   10     -52.81       8.45      70.59     -43.43    120     0.700     0.300
   0.820000    8    -142.41      -1.47     121.67     -39.04     78     0.811     0.189
   0.820000    9     -97.61       2.25      85.84     -40.73   1669     0.753     0.247
   0.820000   10     -52.81       8.71      78.00     -42.16    152     0.707     0.293
   0.800000    8    -142.41      -1.32     120.94     -39.69     39     0.808     0.192
   0.800000    9     -97.61       1.90      86.15     -40.58   1572     0.752     0.248
   0.800000   10     -52.81       9.24      72.36     -42.05    288     0.703     0.297
   0.780000    8    -142.41      -3.08     120.05     -40.47     28     0.810     0.190
   0.780000    9     -97.61       1.49      86.21     -40.61   1496     0.746     0.254
   0.780000   10     -52.81       9.72      67.52     -41.93    375     0.698     0.302
   0.760000    8    -142.41      -2.28     119.30     -41.10     11     0.805     0.195
   0.760000    9     -97.61       1.31      86.28     -40.67   1364     0.743     0.257
   0.760000   10     -52.81       9.98      67.18     -41.56    524     0.697     0.303
   0.740000    9     -97.61       1.20      86.31     -40.80   1145     0.740     0.260
   0.740000   10     -52.81      10.25      65.67     -41.41    750     0.692     0.308
   0.720000    9     -97.61       1.54      86.36     -41.00   1212     0.741     0.259
   0.720000   10     -52.81      10.16      67.77     -40.92    687     0.699     0.301
   0.700000    9     -97.61      -0.87      86.20     -41.32    956     0.737     0.263
   0.700000   10     -52.81      10.58      68.08     -40.72    943     0.692     0.308
   0.680000    9     -97.61      -1.16      86.12     -41.79    888     0.737     0.263
   0.680000   10     -52.81      10.63      63.73     -40.55   1011     0.687     0.313
   0.660000    9     -97.61       0.66      85.87     -41.92    439     0.735     0.265
   0.660000   10     -52.81      10.90      63.37     -40.38   1460     0.677     0.323
   0.640000    9     -97.61       3.30      85.54     -41.88    401     0.730     0.270
   0.640000   10     -52.81      10.71      59.62     -40.37   1493     0.679     0.321
   0.620000    9     -97.61       2.14      85.24     -42.60    185     0.731     0.269
   0.620000   10     -52.81      10.85      60.08     -40.29   1714     0.671     0.329
   0.600000    9     -97.61       2.79      84.78     -42.70    169     0.727     0.273
   0.600000   10     -52.81      10.79      60.73     -40.35   1726     0.670     0.330
   0.580000    9     -97.61       3.73      84.56     -42.96    191     0.726     0.274
   0.580000   10     -52.81      10.36      60.99     -40.58   1708     0.672     0.328
   0.560000    9     -97.61       5.63      83.94     -42.85     53     0.722     0.278
   0.560000   10     -52.81      10.58      60.98     -40.42   1765     0.658     0.342
   0.560000   11      -8.01      28.59      52.35     -37.76     81     0.577     0.423
   0.540000    9     -97.61       3.98      83.64     -43.89     13     0.726     0.274
   0.540000   10     -52.81      10.53      60.60     -40.38   1752     0.646     0.354
   0.540000   11      -8.01      28.87      49.45     -37.30    134     0.578     0.422
   0.520000   10     -52.81      10.99      60.46     -40.41   1446     0.639     0.361
   0.520000   11      -8.01      29.53      48.49     -36.83    453     0.571     0.429
   0.500000   11      -8.01      47.64      36.26     -36.55     19     0.462     0.538
   0.500000   12      36.79      52.69      16.17     -39.35   1831     0.404     0.596
   0.500000   13      81.59      73.18       1.91     -45.04     47     0.317     0.683
   0.480000   12      36.79      54.88      17.47     -39.23   1899     0.388     0.612
   0.460000   12      36.79      52.67      17.38     -39.10   1895     0.389     0.611
   0.440000   12      36.79      55.76      17.90     -39.00   1883     0.383     0.617
   0.440000   13      81.59      74.22      13.34     -40.83     16     0.320     0.680
   0.420000   12      36.79      56.12      17.04     -39.29   1846     0.368     0.632
   0.420000   13      81.59      74.95      11.98     -40.78     53     0.313     0.687
   0.400000   12      36.79      52.50      17.05     -39.22   1672     0.375     0.625
   0.400000   13      81.59      75.34       9.60     -40.61    227     0.311     0.689
   0.380000   12      36.79      52.05      16.94     -39.30   1478     0.364     0.636
   0.380000   13      81.59      75.81       8.24     -40.51    421     0.305     0.695
   0.360000   12      36.79      56.42      16.76     -39.43   1111     0.356     0.644
   0.360000   13      81.59      76.06       6.89     -40.35    788     0.301     0.699
   0.340000   12      36.79      58.70      16.55     -39.61    693     0.348     0.652
   0.340000   13      81.59      76.37       6.71     -40.11   1206     0.298     0.702
   0.320000   12      36.79      58.71      16.22     -39.85    638     0.343     0.657
   0.320000   13      81.59      76.24       4.58     -40.02   1261     0.296     0.704
   0.300000   12      36.79      64.19      15.81     -40.19    214     0.341     0.659
   0.300000   13      81.59      76.43       4.02     -40.10   1306     0.283     0.717
   0.300000   14     126.39     107.56      -9.91     -44.55    326     0.192     0.808
   0.300000   15     171.19     138.65     -16.19     -47.93     53     0.149     0.851
   0.280000   12      36.79      63.89      15.30     -40.97     90     0.341     0.659
   0.280000   13      81.59      76.40       4.07     -40.33   1285     0.275     0.725
   0.280000   14     126.39     107.77      -8.64     -43.53    367     0.192     0.808
   0.280000   15     171.19     140.20     -20.92     -49.65    151     0.137     0.863
   0.260000   13      81.59      76.57       3.49     -41.00    424     0.264     0.736
   0.260000   14     126.39     108.28      -8.76     -43.53    522     0.177     0.823
   0.260000   15     171.19     140.76     -19.67     -48.31    885     0.137     0.863
   0.260000   16     215.98     173.71     -25.90     -52.16     68     0.106     0.894
   0.240000   11      -8.01       5.91      24.33     -59.81     65     0.513     0.487
   0.240000   12      36.79      40.02      14.07     -47.57    136     0.389     0.611
   0.240000   13      81.59      73.72       3.05     -41.70    253     0.269     0.731
   0.240000   14     126.39     108.01      -7.48     -42.52    385     0.186     0.814
   0.240000   15     171.19     141.99     -18.28     -46.90    513     0.133     0.867
   0.240000   16     215.98     175.99     -28.97     -53.11    265     0.098     0.902
   0.240000   17     260.78     209.66     -39.80     -60.58    127     0.074     0.926
   0.240000   18     305.58     243.84     -50.49     -68.74     81     0.056     0.944
   0.240000   19     350.38     280.59     -61.28     -77.46     27     0.045     0.955
   0.240000   20     395.18     311.85     -71.82     -86.40     24     0.037     0.963
   0.220000   11      -8.01      12.37       7.95     -67.88     12     0.479     0.521
   0.220000   12      36.79      24.38      -1.42     -63.12    120     0.379     0.621
   0.220000   13      81.59      59.33     -11.43     -56.38    355     0.262     0.738
   0.220000   14     126.39      93.66     -20.80     -55.99    551     0.191     0.809
   0.220000   15     171.19     128.66     -30.53     -59.24    343     0.137     0.863
   0.220000   16     215.98     163.53     -40.71     -64.80    217     0.098     0.902
   0.220000   17     260.78     198.36     -50.48     -71.29    166     0.073     0.927
   0.220000   18     305.58     233.05     -59.55     -77.99    100     0.057     0.943
   0.220000   19     350.38     268.15     -70.13     -86.29     21     0.046     0.954
   0.220000   20     395.18     303.11     -80.01     -94.65     11     0.036     0.964
   0.200000   12      36.79      49.43      -5.24     -61.13     11     0.333     0.667
   0.200000   13      81.59      57.04     -13.47     -58.84    276     0.257     0.743
   0.200000   14     126.39      91.49     -22.09     -57.44    571     0.189     0.811
   0.200000   15     171.19     127.49     -31.03     -59.77    482     0.134     0.866
   0.200000   16     215.98     163.20     -39.81     -64.03    314     0.099     0.901
   0.200000   17     260.78     199.22     -48.69     -69.54    155     0.074     0.926
   0.200000   18     305.58     235.17     -57.00     -75.48     73     0.058     0.942
   0.200000   19     350.38     271.74     -66.88     -83.04     14     0.045     0.955
   0.180000   13      81.59      54.03     -15.04     -61.32    201     0.262     0.738
   0.180000   14     126.39      90.16     -22.99     -58.60    516     0.185     0.815
   0.180000   15     171.19     126.67     -30.90     -59.79    482     0.135     0.865
   0.180000   16     215.98     163.51     -38.98     -63.26    293     0.097     0.903
   0.180000   17     260.78     200.10     -47.02     -67.90    218     0.073     0.927
   0.180000   18     305.58     236.53     -55.17     -73.43     97     0.057     0.943
   0.180000   19     350.38     273.30     -62.44     -78.86     54     0.045     0.955
   0.180000   20     395.18     310.51     -69.81     -84.74     26     0.036     0.964
   0.160000   12      36.79      36.86     -10.29     -68.07     23     0.347     0.653
   0.160000   13      81.59      51.16     -17.39     -64.03    253     0.256     0.744
   0.160000   14     126.39      87.87     -24.11     -60.36    550     0.189     0.811
   0.160000   15     171.19     125.29     -31.18     -60.32    493     0.135     0.865
   0.160000   16     215.98     163.24     -38.41     -62.77    278     0.098     0.902
   0.160000   17     260.78     200.63     -45.44     -66.40    164     0.074     0.926
   0.160000   18     305.58     238.18     -52.42     -70.79    108     0.057     0.943
   0.160000   19     350.38     275.18     -59.78     -76.08     23     0.046     0.954
   0.140000   13      81.59      64.32     -19.80     -64.13    127     0.238     0.762
   0.140000   14     126.39      85.94     -25.13     -62.03    598     0.190     0.810
   0.140000   15     171.19     124.88     -31.40     -60.80    479     0.135     0.865
   0.140000   16     215.98     162.98     -37.73     -62.20    309     0.098     0.902
   0.140000   17     260.78     201.60     -43.94     -64.93    228     0.074     0.926
   0.140000   18     305.58     240.10     -49.92     -68.40    114     0.057     0.943
   0.140000   19     350.38     278.40     -54.25     -71.34     44     0.047     0.953
   0.120000   13      81.59      61.54     -21.62     -66.80     99     0.243     0.757
   0.120000   14     126.39      84.39     -26.51     -63.60    511     0.185     0.815
   0.120000   15     171.19     123.54     -31.63     -61.43    609     0.135     0.865
   0.120000   16     215.98     162.87     -36.94     -61.68    400     0.098     0.902
   0.120000   17     260.78     202.73     -42.13     -63.33    200     0.075     0.925
   0.120000   18     305.58     241.54     -47.68     -66.09     41     0.058     0.942
   0.120000   19     350.38     282.10     -52.95     -69.50     31     0.043     0.957
   0.100000   13      81.59      55.82     -23.63     -70.13     29     0.249     0.751
   0.100000   14     126.39      83.32     -27.88     -65.25    412     0.181     0.819
   0.100000   15     171.19     122.17     -32.09     -62.39    512     0.135     0.865
   0.100000   16     215.98     162.74     -36.63     -61.52    412     0.097     0.903
   0.100000   17     260.78     202.83     -41.02     -62.28    290     0.074     0.926
   0.100000   18     305.58     243.14     -45.59     -64.09    192     0.056     0.944
   0.100000   19     350.38     282.83     -49.23     -65.94     52     0.047     0.953
   0.080000   13      81.59      71.09     -26.20     -69.90     28     0.233     0.767
   0.080000   14     126.39      80.50     -29.10     -67.51    548     0.186     0.814
   0.080000   15     171.19     121.21     -32.50     -63.37    478     0.135     0.865
   0.080000   16     215.98     162.63     -36.08     -61.45    395     0.098     0.902
   0.080000   17     260.78     203.71     -39.61     -61.18    255     0.074     0.926
   0.080000   18     305.58     244.66     -43.29     -61.97    140     0.057     0.943
   0.080000   19     350.38     285.64     -45.51     -62.86     55     0.047     0.953
   0.060000   13      81.59      67.78     -28.38     -72.43     12     0.235     0.765
   0.060000   14     126.39      78.54     -30.68     -69.10    354     0.180     0.820
   0.060000   15     171.19     119.92     -33.09     -64.47    575     0.135     0.865
   0.060000   16     215.98     161.93     -35.79     -61.57    361     0.098     0.902
   0.060000   17     260.78     203.92     -38.44     -60.28    256     0.074     0.926
   0.060000   18     305.58     246.37     -41.07     -60.04    167     0.057     0.943
   0.060000   19     350.38     288.63     -43.84     -60.52     99     0.045     0.955
   0.060000   20     395.18     330.09     -46.26     -61.36     63     0.037     0.963
   0.060000   21     439.98     371.27     -48.14     -62.25     12     0.031     0.969
   0.040000   14     126.39      75.88     -32.58     -71.99    404     0.183     0.817
   0.040000   15     171.19     118.17     -34.26     -66.08    510     0.134     0.866
   0.040000   16     215.98     161.14     -36.04     -62.23    377     0.097     0.903
   0.040000   17     260.78     204.26     -37.76     -60.03    232     0.074     0.926
   0.040000   18     305.58     246.82     -39.67     -58.76    169     0.056     0.944
   0.040000   19     350.38     289.95     -41.33     -58.29    131     0.045     0.955
   0.040000   20     395.18     333.12     -42.97     -58.25     56     0.037     0.963
   0.040000   21     439.98     378.03     -44.70     -58.54     10     0.031     0.969
   0.020000   14     126.39      74.05     -34.85     -74.73    288     0.181     0.819
   0.020000   15     171.19     116.09     -35.67     -67.90    422     0.132     0.868
   0.020000   16     215.98     160.12     -36.58     -63.08    459     0.096     0.904
   0.020000   17     260.78     203.62     -37.41     -60.01    346     0.074     0.926
   0.020000   18     305.58     247.97     -38.30     -57.80    224     0.057     0.943
   0.020000   19     350.38     291.30     -39.19     -56.37    108     0.045     0.955
   0.020000   20     395.18     336.43     -40.06     -55.40     35     0.036     0.964
   0.020000   21     439.98     378.72     -40.80     -54.88     17     0.031     0.969
   0.000000   13      81.59      62.99     -37.12     -80.46     10     0.230     0.770
   0.000000   14     126.39      69.77     -37.12     -77.65    207     0.185     0.815
   0.000000   15     171.19     114.57     -37.12     -69.72    320     0.132     0.868
   0.000000   16     215.98     158.77     -37.12     -64.16    272     0.097     0.903
   0.000000   17     260.78     203.57     -37.12     -59.87    333     0.072     0.928
   0.000000   18     305.58     248.68     -37.12     -56.84    242     0.056     0.944
   0.000000   19     350.38     293.34     -37.12     -54.50    149     0.045     0.955
   0.000000   20     395.18     337.84     -37.12     -52.59    125     0.036     0.964
   0.000000   21     439.98     383.26     -37.12     -51.07    113     0.030     0.970
   0.000000   22     484.78     428.08     -37.12     -49.85     73     0.025     0.975
   0.000000   23     529.57     474.32     -37.12     -48.86     36     0.021     0.979
   0.000000   24     574.37     516.82     -37.12     -48.00     15     0.018     0.982
 
 
# Part 3: Bin-averaged summary:
# bin  energy gap  <dGg> <dGg norm> pts  <c1**2> <c2**2> <r_xy>
   1   -456.00    -13.47     50.48         47    0.972    0.028 2104.493
   2   -411.20    -14.95     49.01         45    0.966    0.034 2102.051
   3   -366.40    -16.74     47.21         46    0.958    0.042 2103.597
   4   -321.60    -19.43     44.53        173    0.947    0.053 2105.494
   5   -276.80    -21.83     42.12        183    0.934    0.066 2103.595
   6   -232.00    -25.89     38.07        326    0.910    0.090 2092.239
   7   -187.20    -31.29     32.67        929    0.875    0.125 2063.713
   8   -142.41    -37.07     26.89       6135    0.826    0.174 2022.693
   9    -97.61    -41.19     22.76      20909    0.755    0.245 2119.178
  10    -52.81    -40.63     23.33      17986    0.672    0.328 2399.974
  11     -8.01    -39.45     24.51        764    0.564    0.436 2585.073
  12     36.79    -39.61     24.35      15540    0.376    0.624 2645.450
  13     81.59    -43.70     20.25       8677    0.284    0.716 2696.448
  14    126.39    -59.25      4.70       7110    0.186    0.814 2696.089
  15    171.19    -59.54      4.42       7307    0.135    0.865 2693.384
  16    215.98    -61.85      2.11       4420    0.098    0.902 2685.667
  17    260.78    -63.03      0.93       2970    0.074    0.926 2682.346
  18    305.58    -63.95      0.00       1748    0.057    0.943 2680.078
  19    350.38    -63.23      0.72        808    0.045    0.955 2673.639
  20    395.18    -61.64      2.31        340    0.036    0.964 2669.326
  21    439.98    -52.87     11.09        152    0.030    0.970 2654.529
  22    484.78    -49.85     14.10         73    0.025    0.975 2652.372
  23    529.57    -48.86     15.09         36    0.021    0.979 2652.294
  24    574.37    -48.00     15.95         15    0.018    0.982 2652.160
