            --------------------------------------------------------
                             AMBER SQM VERSION 19
 
                                     By
              Ross C. Walker, Michael F. Crowley, Scott Brozell,
                         Tim Giese, Andreas W. Goetz,
                        Tai-Sung Lee and David A. Case
 
            --------------------------------------------------------
 

--------------------------------------------------------------------------------
  QM CALCULATION INFO
--------------------------------------------------------------------------------

| QMMM: Citation for AMBER QMMM Run:
| QMMM: R.C. Walker, M.F. Crowley and D.A. Case, J. COMP. CHEM. 29:1019, 2008

QMMM: SINGLET STATE CALCULATION
QMMM: RHF CALCULATION, NO. OF DOUBLY OCCUPIED LEVELS =  7

| QMMM: *** Selected Hamiltonian *** 
| QMMM: AM1         

| QMMM: *** Parameter sets in use ***
| QMMM: O : M.J.S.DEWAR et al. JACS, 107, 3902, (1985)
| QMMM: H : M.J.S.DEWAR et al. JACS, 107, 3902, (1985)

| QMMM: *** SCF convergence criteria ***
| QMMM: Energy change                :  0.1D-09 kcal/mol
| QMMM: Error matrix |FP-PF|         :  0.1D+00 au
| QMMM: Density matrix change        :  0.5D-06
| QMMM: Maximum number of SCF cycles :     1000

| QMMM: *** Diagonalization Routine Information ***
| QMMM: Pseudo diagonalizations are allowed.
| QMMM: Auto diagonalization routine selection is in use.
| QMMM:
| QMMM: Timing diagonalization routines:
| QMMM:                              norbs =       10
| QMMM:    diag iterations used for timing =       20
| QMMM:
| QMMM:              Internal diag routine = 0.002759 seconds
| QMMM:                 Dspev diag routine = 0.008042 seconds
| QMMM:                Dspevd diag routine = 0.004179 seconds
| QMMM:                Dspevx diag routine = 0.008934 seconds
| QMMM:                 Dsyev diag routine = 0.005283 seconds
| QMMM:                Dsyevd diag routine = 0.004996 seconds
| QMMM:                Dsyevr diag routine = 0.005769 seconds
| QMMM:
| QMMM:                Pseudo diag routine = 0.000212 seconds
| QMMM:
| QMMM: Using internal diagonalization routine (diag_routine=1).

  QMMM: QM Region Cartesian Coordinates (*=link atom) 
  QMMM: QM_NO.   MM_NO.  ATOM         X         Y         Z
  QMMM:     1        1      O        0.4720  -10.9130   10.7780
  QMMM:     2        2      O        1.1710   -9.8910   11.4520
  QMMM:     3        3      H        1.4320   -9.2130   10.8230
  QMMM:     4        4      H        0.2750  -11.4780   11.4130

--------------------------------------------------------------------------------
  RESULTS
--------------------------------------------------------------------------------

      iter         sqm energy              rms gradient
      ----    -------------------    -----------------------
xmin    10      -35.2673 kcal/mol        0.0038 kcal/(mol*A)
xmin    20      -35.3037 kcal/mol        0.4062 kcal/(mol*A)
xmin    30      -35.3536 kcal/mol        0.6717 kcal/(mol*A)
xmin    40      -35.3615 kcal/mol        0.1516 kcal/(mol*A)
xmin    50      -35.3623 kcal/mol        0.0759 kcal/(mol*A)
xmin    60      -35.3624 kcal/mol        0.0050 kcal/(mol*A)
xmin    70      -35.3624 kcal/mol        0.0011 kcal/(mol*A)
  ... geometry converged !
 
 Final MO eigenvalues (eV):
 -39.8752  -32.7972  -19.8254  -18.8219  -16.2208  -13.0298  -11.4113    2.8621
   4.5727    6.1394

 Heat of formation   =        -35.36237229 kcal/mol  (       -1.53342753 eV)

 Total SCF energy    =     -15363.45243982 kcal/mol  (     -666.20929014 eV)
 Electronic energy   =     -28236.19434521 kcal/mol  (    -1224.41326678 eV)
 Core-core repulsion =      12872.74190539 kcal/mol  (      558.20397664 eV)
 
    Atomic Charges for Step       1 :
  Atom    Element       Mulliken Charge
     1      O                 -0.211
     2      O                 -0.211
     3      H                  0.211
     4      H                  0.211
 Total Mulliken Charge =      -0.000
 
                  X        Y        Z     TOTAL  
  QM DIPOLE    -1.178    0.666    0.226    1.372
 
 Final Structure

  QMMM: QM Region Cartesian Coordinates (*=link atom) 
  QMMM: QM_NO.   MM_NO.  ATOM         X         Y         Z
  QMMM:     1        1      O        0.6939  -10.9299   10.7484
  QMMM:     2        2      O        1.3369  -10.0188   11.4165
  QMMM:     3        3      H        1.2289   -9.1843   10.9082
  QMMM:     4        4      H        0.0903  -11.3620   11.3929

           --------- Calculation Completed ----------

