# Qfep                       version 5.10.24 , gi(modified on 20240701                                                                        )

--> Number of energy files: # Number of files                 =    51
--> No. of states, no. of predefined off-diag elements: # Number of states                 =     2
# Number of off-diagonal elements =     0
--> Give kT & no, of pts to skip   & calculation mode: # kT                              = 0.596
# Number of data points to skip   =   100
# Only QQ interactions will be considered   =   0
--> Give number of gap-bins: # Number of gap-bins              =    50
--> Give minimum # pts/bin: # Minimum number of points per bin=    10
--> Give alpha for state  2:                                                    # Alpha for state  2              =    40.00
--> Number of off-diagonal elements:# Number of off-diagonal elements =     1
#   i   j   A(i,j)  mu(i,j) eta(i,j) rxy0(i,j)
--> i, j, A_ij, mu_ij, eta_ij, r_xy0: #   1   2     25.00      0.00      0.00      0.00
--> linear combination of states defining reaction coord: # Linear combination co-efficients=  1.00 -1.00


# Part 0: Average energies for all states in all files
# file             state   pts   lambda    EQtot   EQbond  EQang   EQtor   EQimp    EQel   EQvdW  Eel_qq  EvdW_qq Eel_qp  EvdW_qp Eel_qw EvdW_qw Eqrstr
--> Name of file number   1:                                                     
# Energy files from Qdyn, version: 5.10.17 , git id=9325b9c29ad62a733df16f540968e33ee6c78260                       
rep0_fep_000_1.000.en   1      1899  1.000000  -302.40  -180.79     2.93    -3.52     0.15  -105.17   -17.02   -15.55    -1.15   -52.99   -18.32   -36.63     2.45     1.02
rep0_fep_000_1.000.en   2      1899  0.000000  -149.66     2.07    56.70     4.38     0.06  -241.39     8.73  -145.21    23.92   -48.92   -17.65   -47.25     2.45    19.79
--> Name of file number   2:                                                     
# Energy files from Qdyn, version: 5.10.17 , git id=9325b9c29ad62a733df16f540968e33ee6c78260                       
rep0_fep_001_0.980.en   1      1899  0.980000  -301.95  -180.98     3.33    -2.82     0.13  -106.78   -15.87   -15.32    -0.90   -51.22   -17.81   -40.25     2.84     1.03
rep0_fep_001_0.980.en   2      1899  0.020000  -161.48    -0.15    49.97     5.27     0.05  -245.25     9.25  -144.97    23.67   -48.67   -17.25   -51.61     2.84    19.39
--> Name of file number   3:                                                     
# Energy files from Qdyn, version: 5.10.17 , git id=9325b9c29ad62a733df16f540968e33ee6c78260                       
rep0_fep_002_0.960.en   1      1899  0.960000  -300.96  -180.78     3.46    -3.41     0.11  -102.63   -18.30   -15.64    -1.37   -53.32   -18.12   -33.67     1.19     0.58
rep0_fep_002_0.960.en   2      1899  0.040000  -177.81     1.93    34.27     3.13     0.04  -241.41     6.64  -144.00    22.95   -52.26   -17.50   -45.15     1.19    17.59
--> Name of file number   4:                                                     
# Energy files from Qdyn, version: 5.10.17 , git id=9325b9c29ad62a733df16f540968e33ee6c78260                       
rep0_fep_003_0.940.en   1      1899  0.940000  -299.63  -181.06     3.68    -3.75     0.13  -101.07   -18.35   -16.58    -1.19   -50.34   -18.29   -34.16     1.13     0.79
rep0_fep_003_0.940.en   2      1899  0.060000  -174.57     3.07    34.82     2.80     0.05  -241.40     6.12  -148.63    22.78   -48.04   -17.79   -44.74     1.13    19.97
--> Name of file number   5:                                                     
# Energy files from Qdyn, version: 5.10.17 , git id=9325b9c29ad62a733df16f540968e33ee6c78260                       
rep0_fep_004_0.920.en   1      1899  0.920000  -301.64  -180.76     3.14    -3.71     0.13  -101.99   -18.97   -16.66    -1.42   -51.08   -18.49   -34.25     0.94     0.52
rep0_fep_004_0.920.en   2      1899  0.080000  -184.49     0.31    30.79     3.54     0.05  -241.43     4.84  -146.16    21.88   -50.21   -17.98   -45.06     0.94    17.41
--> Name of file number   6:                                                     
# Energy files from Qdyn, version: 5.10.17 , git id=9325b9c29ad62a733df16f540968e33ee6c78260                       
rep0_fep_005_0.900.en   1      1899  0.900000  -298.06  -180.75     3.42    -4.16     0.07   -97.67   -19.32   -16.55    -1.26   -48.89   -18.29   -32.23     0.23     0.34
rep0_fep_005_0.900.en   2      1899  0.100000  -193.64    -6.13    22.95     2.79     0.03  -231.34     4.24  -140.62    21.79   -45.37   -17.79   -45.34     0.24    13.83
--> Name of file number   7:                                                     
# Energy files from Qdyn, version: 5.10.17 , git id=9325b9c29ad62a733df16f540968e33ee6c78260                       
rep0_fep_006_0.880.en   1      1899  0.880000  -297.79  -179.51     3.41    -4.07     0.08   -99.98   -17.99   -16.72    -1.23   -49.34   -18.09   -33.91     1.33     0.27
rep0_fep_006_0.880.en   2      1899  0.120000  -197.91    -4.87    20.41     2.97     0.03  -233.69     4.45  -140.49    20.71   -48.15   -17.59   -45.05     1.33    12.79
--> Name of file number   8:                                                     
# Energy files from Qdyn, version: 5.10.17 , git id=9325b9c29ad62a733df16f540968e33ee6c78260                       
rep0_fep_007_0.860.en   1      1899  0.860000  -298.98  -179.03     2.90    -3.79     0.13  -100.74   -18.73   -16.51    -1.05   -50.25   -18.84   -33.99     1.16     0.27
rep0_fep_007_0.860.en   2      1899  0.140000  -199.40    -4.70    22.77     3.13     0.05  -238.57     3.43  -141.91    20.63   -48.06   -18.35   -48.60     1.16    14.49
--> Name of file number   9:                                                     
# Energy files from Qdyn, version: 5.10.17 , git id=9325b9c29ad62a733df16f540968e33ee6c78260                       
rep0_fep_008_0.840.en   1      1899  0.840000  -294.33  -179.13     3.85    -3.48     0.13   -99.07   -16.83   -16.60    -0.45   -49.56   -17.14   -32.91     0.75     0.21
rep0_fep_008_0.840.en   2      1899  0.160000  -202.56   -13.77    21.09     3.37     0.05  -230.77     5.28  -136.35    21.21   -47.64   -16.69   -46.78     0.75    12.19
--> Name of file number  10:                                                     
# Energy files from Qdyn, version: 5.10.17 , git id=9325b9c29ad62a733df16f540968e33ee6c78260                       
rep0_fep_009_0.820.en   1      1899  0.820000  -294.26  -179.45     4.79    -3.26     0.17  -100.13   -16.65   -17.18    -0.55   -50.18   -16.81   -32.78     0.71     0.29
rep0_fep_009_0.820.en   2      1899  0.180000  -205.40   -12.74    20.31     3.04     0.07  -233.56     4.77  -138.15    20.38   -48.70   -16.32   -46.71     0.71    12.72
--> Name of file number  11:                                                     
# Energy files from Qdyn, version: 5.10.17 , git id=9325b9c29ad62a733df16f540968e33ee6c78260                       
rep0_fep_010_0.800.en   1      1899  0.800000  -295.51  -178.84     4.06    -3.40     0.15  -101.51   -16.09   -17.93    -0.16   -50.67   -17.09   -32.91     1.15     0.14
rep0_fep_010_0.800.en   2      1899  0.200000  -217.08   -17.52    15.38     3.29     0.06  -233.26     4.60  -135.81    20.05   -50.48   -16.61   -46.97     1.15    10.38
--> Name of file number  12:                                                     
# Energy files from Qdyn, version: 5.10.17 , git id=9325b9c29ad62a733df16f540968e33ee6c78260                       
rep0_fep_011_0.780.en   1      1899  0.780000  -296.13  -179.03     3.80    -3.18     0.19  -104.06   -13.92   -16.94     0.41   -48.62   -17.44   -38.51     3.11     0.09
rep0_fep_011_0.780.en   2      1899  0.220000  -216.97   -24.09    18.86     3.47     0.07  -232.38     6.62  -130.92    20.52   -45.90   -16.99   -55.56     3.10    10.47
--> Name of file number  13:                                                     
# Energy files from Qdyn, version: 5.10.17 , git id=9325b9c29ad62a733df16f540968e33ee6c78260                       
rep0_fep_012_0.760.en   1      1899  0.760000  -294.01  -177.93     3.88    -3.41     0.10  -104.07   -12.61   -16.95     1.43   -49.03   -17.00   -38.10     2.97     0.03
rep0_fep_012_0.760.en   2      1899  0.240000  -239.21   -33.76     8.74     0.71     0.04  -229.44     7.14  -123.17    20.78   -48.40   -16.59   -57.88     2.95     7.36
--> Name of file number  14:                                                     
# Energy files from Qdyn, version: 5.10.17 , git id=9325b9c29ad62a733df16f540968e33ee6c78260                       
rep0_fep_013_0.740.en   1      1899  0.740000  -294.77  -177.16     4.09    -3.94     0.08  -105.78   -12.21   -17.57     2.05   -47.85   -16.78   -40.36     2.52     0.15
rep0_fep_013_0.740.en   2      1899  0.260000  -249.39   -37.28     8.09    -0.48     0.03  -234.12     6.75  -122.60    20.62   -47.77   -16.37   -63.75     2.51     7.63
--> Name of file number  15:                                                     
# Energy files from Qdyn, version: 5.10.17 , git id=9325b9c29ad62a733df16f540968e33ee6c78260                       
rep0_fep_014_0.720.en   1      1899  0.720000  -297.34  -176.98     4.03    -4.07     0.03  -106.77   -13.59   -18.13     2.55   -47.93   -18.28   -40.71     2.14     0.01
rep0_fep_014_0.720.en   2      1899  0.280000  -261.09   -41.95     6.74    -0.88     0.01  -235.62     5.48  -120.27    21.31   -48.92   -17.94   -66.43     2.12     5.13
--> Name of file number  16:                                                     
# Energy files from Qdyn, version: 5.10.17 , git id=9325b9c29ad62a733df16f540968e33ee6c78260                       
rep0_fep_015_0.700.en   1      1899  0.700000  -298.02  -176.32     4.45    -3.66     0.04  -110.08   -12.47   -17.14     2.99   -50.74   -17.58   -42.20     2.12     0.03
rep0_fep_015_0.700.en   2      1899  0.300000  -267.41   -45.60     7.72    -2.12     0.01  -239.96     6.70  -116.30    21.89   -54.30   -17.28   -69.37     2.09     5.84
--> Name of file number  17:                                                     
# Energy files from Qdyn, version: 5.10.17 , git id=9325b9c29ad62a733df16f540968e33ee6c78260                       
rep0_fep_016_0.680.en   1      1899  0.680000  -295.85  -175.61     3.73    -3.78     0.05  -109.75   -10.52   -17.25     3.78   -50.71   -17.26   -41.79     2.96     0.02
rep0_fep_016_0.680.en   2      1899  0.320000  -268.76   -49.65     6.33    -3.76     0.02  -235.88     8.42  -114.09    22.39   -56.07   -16.88   -65.72     2.92     5.75
--> Name of file number  18:                                                     
# Energy files from Qdyn, version: 5.10.17 , git id=9325b9c29ad62a733df16f540968e33ee6c78260                       
rep0_fep_017_0.660.en   1      1899  0.660000  -292.24  -174.62     4.83    -3.48     0.06  -109.68    -9.40   -20.72     5.88   -50.84   -17.02   -38.12     1.74     0.04
rep0_fep_017_0.660.en   2      1899  0.340000  -277.12   -63.79     8.18    -3.02     0.02  -230.95     8.30  -110.85    23.24   -55.27   -16.63   -64.83     1.70     4.14
--> Name of file number  19:                                                     
# Energy files from Qdyn, version: 5.10.17 , git id=9325b9c29ad62a733df16f540968e33ee6c78260                       
rep0_fep_018_0.640.en   1      1899  0.640000  -274.34  -159.40     5.29    -2.54     0.06  -117.32    -0.43   -40.91    14.84   -46.98   -15.43   -29.44     0.16     0.00
rep0_fep_018_0.640.en   2      1899  0.360000  -327.49  -137.11    11.41    -2.21     0.02  -209.03     9.42  -103.71    24.37   -47.75   -15.06   -57.57     0.12     0.00
--> Name of file number  20:                                                     
# Energy files from Qdyn, version: 5.10.17 , git id=9325b9c29ad62a733df16f540968e33ee6c78260                       
rep0_fep_019_0.620.en   1      1899  0.620000  -267.37  -155.30     3.94    -1.49     0.08  -114.10    -0.50   -43.66    16.30   -43.23   -16.59   -27.22    -0.21     0.00
rep0_fep_019_0.620.en   2      1899  0.380000  -330.65  -143.92     8.19    -3.18     0.03  -199.84     8.06  -103.02    24.61   -46.36   -16.31   -50.46    -0.24     0.00
--> Name of file number  21:                                                     
# Energy files from Qdyn, version: 5.10.17 , git id=9325b9c29ad62a733df16f540968e33ee6c78260                       
rep0_fep_020_0.600.en   1      1899  0.600000  -259.92  -148.99     4.64    -1.10     0.09  -116.56     2.00   -47.75    17.00   -42.28   -15.38   -26.53     0.38     0.00
rep0_fep_020_0.600.en   2      1899  0.400000  -335.73  -151.72     7.15    -3.27     0.04  -197.33     9.41  -104.07    24.17   -43.38   -15.12   -49.88     0.35     0.00
--> Name of file number  22:                                                     
# Energy files from Qdyn, version: 5.10.17 , git id=9325b9c29ad62a733df16f540968e33ee6c78260                       
rep0_fep_021_0.580.en   1      1899  0.580000  -260.35  -142.75     4.91    -0.50     0.11  -123.41     1.29   -48.86    17.19   -42.50   -16.81   -32.04     0.91     0.00
rep0_fep_021_0.580.en   2      1899  0.420000  -349.03  -157.93     8.50    -3.86     0.04  -202.86     7.08   -97.48    22.79   -46.87   -16.60   -58.50     0.89     0.00
--> Name of file number  23:                                                     
# Energy files from Qdyn, version: 5.10.17 , git id=9325b9c29ad62a733df16f540968e33ee6c78260                       
rep0_fep_022_0.560.en   1      1899  0.560000  -257.50  -139.66     4.81    -1.28     0.06  -122.96     1.52   -49.56    17.53   -42.80   -17.33   -30.60     1.32     0.00
rep0_fep_022_0.560.en   2      1899  0.440000  -352.95  -162.96     8.47    -3.62     0.02  -201.59     6.71   -93.77    22.49   -50.00   -17.06   -57.82     1.29     0.00
--> Name of file number  24:                                                     
# Energy files from Qdyn, version: 5.10.17 , git id=9325b9c29ad62a733df16f540968e33ee6c78260                       
rep0_fep_023_0.540.en   1      1899  0.540000  -254.30  -132.18     5.46     0.25     0.11  -129.64     1.70   -52.75    15.99   -45.38   -16.11   -31.51     1.82     0.00
rep0_fep_023_0.540.en   2      1899  0.460000  -362.29  -167.70     8.43    -3.68     0.05  -205.08     5.70   -94.42    19.73   -51.59   -15.81   -59.07     1.78     0.00
--> Name of file number  25:                                                     
# Energy files from Qdyn, version: 5.10.17 , git id=9325b9c29ad62a733df16f540968e33ee6c78260                       
rep0_fep_024_0.520.en   1      1899  0.520000  -246.11  -131.12     5.24    -0.44     0.12  -121.11     1.20   -54.27    17.33   -40.41   -16.12   -26.43    -0.01     0.00
rep0_fep_024_0.520.en   2      1899  0.480000  -355.48  -171.95     6.76    -2.85     0.05  -192.55     5.06   -96.68    20.97   -44.95   -15.88   -50.92    -0.04     0.00
--> Name of file number  26:                                                     
# Energy files from Qdyn, version: 5.10.17 , git id=9325b9c29ad62a733df16f540968e33ee6c78260                       
rep0_fep_025_0.500.en   1      1899  0.500000  -242.98  -129.39     5.48     0.30     0.05  -119.95     0.52   -55.30    16.94   -38.94   -15.78   -25.70    -0.65     0.01
rep0_fep_025_0.500.en   2      1899  0.500000  -358.76  -174.29     6.58    -3.97     0.02  -191.62     4.52   -95.98    20.73   -44.64   -15.54   -51.01    -0.67     0.00
--> Name of file number  27:                                                     
# Energy files from Qdyn, version: 5.10.17 , git id=9325b9c29ad62a733df16f540968e33ee6c78260                       
rep0_fep_026_0.480.en   1      1899  0.480000  -242.39  -122.64     6.43    -0.33     0.10  -128.94     2.97   -55.79    16.81   -41.44   -15.56   -31.71     1.71     0.01
rep0_fep_026_0.480.en   2      1899  0.520000  -362.81  -178.54     8.26    -3.01     0.04  -195.62     6.05   -89.86    19.70   -46.77   -15.33   -59.00     1.69     0.00
--> Name of file number  28:                                                     
# Energy files from Qdyn, version: 5.10.17 , git id=9325b9c29ad62a733df16f540968e33ee6c78260                       
rep0_fep_027_0.460.en   1      1899  0.460000  -241.48  -118.46     5.88    -1.13     0.10  -130.38     2.48   -56.77    16.24   -41.38   -15.64   -32.23     1.88     0.03
rep0_fep_027_0.460.en   2      1899  0.540000  -368.91  -183.51     7.28    -3.43     0.04  -194.45     5.16   -85.63    18.84   -46.30   -15.52   -62.52     1.85     0.00
--> Name of file number  29:                                                     
# Energy files from Qdyn, version: 5.10.17 , git id=9325b9c29ad62a733df16f540968e33ee6c78260                       
rep0_fep_028_0.440.en   1      1899  0.440000  -239.55  -117.64     5.37    -0.58     0.07  -126.54    -0.27   -57.57    16.20   -41.14   -16.49   -27.83     0.02     0.04
rep0_fep_028_0.440.en   2      1899  0.560000  -368.30  -184.19     5.96    -3.93     0.03  -189.05     2.88   -86.30    19.10   -44.60   -16.22   -58.16    -0.00     0.00
--> Name of file number  30:                                                     
# Energy files from Qdyn, version: 5.10.17 , git id=9325b9c29ad62a733df16f540968e33ee6c78260                       
rep0_fep_029_0.420.en   1      1899  0.420000  -242.56  -115.94     5.28    -1.46     0.07  -132.95     2.40   -57.75    16.48   -41.26   -16.18   -33.94     2.10     0.03
rep0_fep_029_0.420.en   2      1899  0.580000  -375.40  -185.85     5.62    -2.81     0.03  -197.44     5.05   -84.86    18.96   -46.09   -15.97   -66.48     2.07     0.00
--> Name of file number  31:                                                     
# Energy files from Qdyn, version: 5.10.17 , git id=9325b9c29ad62a733df16f540968e33ee6c78260                       
rep0_fep_030_0.400.en   1      1899  0.400000  -240.39  -111.45     6.22    -1.79     0.06  -135.50     2.03   -58.39    15.53   -42.01   -15.01   -35.11     1.51     0.05
rep0_fep_030_0.400.en   2      1899  0.600000  -379.30  -188.28     6.73    -3.04     0.02  -198.90     4.17   -81.05    17.59   -48.80   -14.89   -69.05     1.47     0.00
--> Name of file number  32:                                                     
# Energy files from Qdyn, version: 5.10.17 , git id=9325b9c29ad62a733df16f540968e33ee6c78260                       
rep0_fep_031_0.380.en   1      1899  0.380000  -234.41  -108.83     5.83    -0.33     0.08  -131.63     0.39   -60.47    15.17   -40.75   -15.72   -30.41     0.95     0.06
rep0_fep_031_0.380.en   2      1899  0.620000  -378.85  -192.22     5.57    -3.37     0.03  -191.47     2.61   -83.11    17.19   -47.62   -15.50   -60.74     0.92     0.00
--> Name of file number  33:                                                     
# Energy files from Qdyn, version: 5.10.17 , git id=9325b9c29ad62a733df16f540968e33ee6c78260                       
rep0_fep_032_0.360.en   1      1899  0.360000  -232.52  -107.49     6.18    -0.00     0.06  -133.92     2.58   -61.30    15.45   -40.63   -15.20   -32.00     2.34     0.07
rep0_fep_032_0.360.en   2      1899  0.640000  -380.68  -192.02     5.79    -3.54     0.02  -195.78     4.85   -83.69    17.43   -46.85   -14.90   -65.25     2.31     0.00
--> Name of file number  34:                                                     
# Energy files from Qdyn, version: 5.10.17 , git id=9325b9c29ad62a733df16f540968e33ee6c78260                       
rep0_fep_033_0.340.en   1      1899  0.340000  -231.33  -104.80     5.40    -0.19     0.10  -133.65     1.74   -62.08    14.60   -39.61   -14.98   -31.96     2.11     0.08
rep0_fep_033_0.340.en   2      1899  0.660000  -385.75  -193.89     5.34    -3.65     0.04  -197.13     3.54   -83.44    16.27   -47.21   -14.81   -66.48     2.08     0.00
--> Name of file number  35:                                                     
# Energy files from Qdyn, version: 5.10.17 , git id=9325b9c29ad62a733df16f540968e33ee6c78260                       
rep0_fep_034_0.320.en   1      1899  0.320000  -227.44  -100.90     5.98     0.82     0.09  -135.63     2.10   -64.79    14.84   -40.38   -14.74   -30.46     2.00     0.09
rep0_fep_034_0.320.en   2      1899  0.680000  -389.31  -195.28     4.71    -3.61     0.03  -199.04     3.87   -85.91    16.39   -50.92   -14.50   -62.21     1.98     0.00
--> Name of file number  36:                                                     
# Energy files from Qdyn, version: 5.10.17 , git id=9325b9c29ad62a733df16f540968e33ee6c78260                       
rep0_fep_035_0.300.en   1      1899  0.300000  -229.49   -98.54     5.83     0.49     0.06  -136.73    -0.69   -62.18    12.72   -42.86   -14.29   -31.70     0.88     0.11
rep0_fep_035_0.300.en   2      1899  0.700000  -394.33  -196.20     5.38    -3.73     0.02  -200.78     0.99   -78.58    14.19   -55.95   -14.07   -66.25     0.86     0.00
--> Name of file number  37:                                                     
# Energy files from Qdyn, version: 5.10.17 , git id=9325b9c29ad62a733df16f540968e33ee6c78260                       
rep0_fep_036_0.280.en   1      1899  0.280000  -227.89   -94.48     5.73     0.66     0.05  -138.23    -1.75   -64.69    12.59   -43.68   -15.02   -29.86     0.68     0.13
rep0_fep_036_0.280.en   2      1899  0.720000  -393.80  -195.86     4.98    -3.99     0.02  -198.61    -0.34   -81.92    13.78   -53.43   -14.77   -63.25     0.65     0.00
--> Name of file number  38:                                                     
# Energy files from Qdyn, version: 5.10.17 , git id=9325b9c29ad62a733df16f540968e33ee6c78260                       
rep0_fep_037_0.260.en   1      1899  0.260000  -223.77   -91.23     5.97     0.27     0.04  -138.10    -0.89   -64.94    12.37   -42.84   -14.86   -30.33     1.60     0.17
rep0_fep_037_0.260.en   2      1899  0.740000  -392.48  -195.65     5.45    -3.84     0.02  -198.74     0.28   -81.33    13.35   -53.49   -14.65   -63.91     1.57     0.00
--> Name of file number  39:                                                     
# Energy files from Qdyn, version: 5.10.17 , git id=9325b9c29ad62a733df16f540968e33ee6c78260                       
rep0_fep_038_0.240.en   1      1899  0.240000  -226.02   -90.47     6.26     0.59     0.14  -141.34    -1.37   -63.73    11.35   -44.62   -15.07   -32.99     2.35     0.17
rep0_fep_038_0.240.en   2      1899  0.760000  -398.57  -196.12     5.59    -3.37     0.06  -204.34    -0.39   -77.52    12.17   -55.10   -14.88   -71.71     2.32     0.00
--> Name of file number  40:                                                     
# Energy files from Qdyn, version: 5.10.17 , git id=9325b9c29ad62a733df16f540968e33ee6c78260                       
rep0_fep_039_0.220.en   1      1899  0.220000  -229.08   -87.98     6.64    -0.38     0.09  -146.79    -0.86   -62.57    10.73   -46.47   -14.86   -37.75     3.27     0.20
rep0_fep_039_0.220.en   2      1899  0.780000  -406.52  -195.97     5.93    -3.59     0.04  -213.07     0.15   -73.45    11.61   -58.68   -14.69   -80.94     3.22     0.00
--> Name of file number  41:                                                     
# Energy files from Qdyn, version: 5.10.17 , git id=9325b9c29ad62a733df16f540968e33ee6c78260                       
rep0_fep_040_0.200.en   1      1899  0.200000  -224.27   -87.23     9.58     0.17     0.18  -147.53     0.33   -62.43    10.35   -45.35   -14.24   -39.75     4.21     0.23
rep0_fep_040_0.200.en   2      1899  0.800000  -404.18  -196.08     6.00    -3.15     0.07  -212.30     1.27   -72.09    11.28   -59.14   -14.17   -81.07     4.17     0.00
--> Name of file number  42:                                                     
# Energy files from Qdyn, version: 5.10.17 , git id=9325b9c29ad62a733df16f540968e33ee6c78260                       
rep0_fep_041_0.180.en   1      1899  0.180000  -225.04   -85.30     8.23    -0.54     0.09  -147.06    -0.69   -62.78     9.75   -46.14   -14.70   -38.14     4.26     0.23
rep0_fep_041_0.180.en   2      1899  0.820000  -404.02  -197.28     5.81    -3.65     0.04  -209.24     0.30   -69.76    10.65   -59.48   -14.57   -80.00     4.21     0.00
--> Name of file number  43:                                                     
# Energy files from Qdyn, version: 5.10.17 , git id=9325b9c29ad62a733df16f540968e33ee6c78260                       
rep0_fep_042_0.160.en   1      1899  0.160000  -218.88   -81.39    10.05    -0.78     0.04  -144.31    -2.78   -63.83     8.40   -42.41   -14.99   -38.07     3.80     0.28
rep0_fep_042_0.160.en   2      1899  0.840000  -406.10  -199.03     5.49    -3.95     0.02  -206.71    -1.92   -70.00     9.25   -57.01   -14.93   -79.70     3.75     0.00
--> Name of file number  44:                                                     
# Energy files from Qdyn, version: 5.10.17 , git id=9325b9c29ad62a733df16f540968e33ee6c78260                       
rep0_fep_043_0.140.en   1      1899  0.140000  -215.83   -77.34     9.38    -0.42     0.11  -146.23    -1.69   -64.48     8.38   -43.20   -14.52   -38.55     4.45     0.37
rep0_fep_043_0.140.en   2      1899  0.860000  -409.46  -199.90     4.51    -3.03     0.04  -210.02    -1.06   -70.32     9.04   -62.13   -14.51   -77.57     4.40     0.00
--> Name of file number  45:                                                     
# Energy files from Qdyn, version: 5.10.17 , git id=9325b9c29ad62a733df16f540968e33ee6c78260                       
rep0_fep_044_0.120.en   1      1899  0.120000  -212.59   -75.49    11.02    -0.76     0.19  -146.64    -1.28   -64.84     7.98   -41.96   -14.65   -39.84     5.39     0.37
rep0_fep_044_0.120.en   2      1899  0.880000  -406.48  -200.25     4.51    -2.20     0.08  -207.80    -0.83   -71.71     8.46   -55.66   -14.61   -80.43     5.32     0.00
--> Name of file number  46:                                                     
# Energy files from Qdyn, version: 5.10.17 , git id=9325b9c29ad62a733df16f540968e33ee6c78260                       
rep0_fep_045_0.100.en   1      1899  0.100000  -208.78   -73.70    11.76    -0.10     0.18  -144.94    -2.36   -65.67     7.44   -40.93   -14.63   -38.34     4.82     0.38
rep0_fep_045_0.100.en   2      1899  0.900000  -408.62  -200.66     4.41    -2.69     0.07  -207.75    -2.00   -71.86     7.86   -57.93   -14.63   -77.96     4.77     0.00
--> Name of file number  47:                                                     
# Energy files from Qdyn, version: 5.10.17 , git id=9325b9c29ad62a733df16f540968e33ee6c78260                       
rep0_fep_046_0.080.en   1      1899  0.080000  -208.13   -72.47    12.34     0.06     0.20  -146.82    -1.83   -65.79     7.07   -41.64   -14.00   -39.39     5.11     0.38
rep0_fep_046_0.080.en   2      1899  0.920000  -409.77  -200.62     4.17    -2.19     0.08  -209.66    -1.55   -71.97     7.38   -59.10   -13.98   -78.58     5.06     0.00
--> Name of file number  48:                                                     
# Energy files from Qdyn, version: 5.10.17 , git id=9325b9c29ad62a733df16f540968e33ee6c78260                       
rep0_fep_047_0.060.en   1      1899  0.060000  -206.65   -67.35    12.03    -0.67     0.17  -149.82    -1.55   -66.26     6.48   -42.81   -13.64   -40.74     5.61     0.54
rep0_fep_047_0.060.en   2      1899  0.940000  -413.24  -200.48     3.90    -1.95     0.07  -213.40    -1.38   -70.76     6.69   -60.87   -13.62   -81.78     5.55     0.00
--> Name of file number  49:                                                     
# Energy files from Qdyn, version: 5.10.17 , git id=9325b9c29ad62a733df16f540968e33ee6c78260                       
rep0_fep_048_0.040.en   1      1899  0.040000  -195.64   -60.76    16.64    -0.32     0.16  -149.73    -2.34   -67.87     5.94   -43.33   -13.55   -38.53     5.26     0.71
rep0_fep_048_0.040.en   2      1899  0.960000  -408.96  -200.28     4.32    -1.67     0.06  -209.06    -2.34   -69.40     5.92   -64.14   -13.48   -75.52     5.22     0.00
--> Name of file number  50:                                                     
# Energy files from Qdyn, version: 5.10.17 , git id=9325b9c29ad62a733df16f540968e33ee6c78260                       
rep0_fep_049_0.020.en   1      1899  0.020000  -171.93   -60.92    42.93     0.76     0.28  -152.62    -3.00   -67.92     5.17   -44.22   -14.57   -40.47     6.40     0.64
rep0_fep_049_0.020.en   2      1899  0.980000  -408.24  -199.77     4.34    -1.78     0.11  -208.08    -3.07   -68.91     5.08   -61.25   -14.50   -77.92     6.35     0.00
--> Name of file number  51:                                                     
# Energy files from Qdyn, version: 5.10.17 , git id=9325b9c29ad62a733df16f540968e33ee6c78260                       
rep0_fep_050_0.000.en   1      1899  0.000000  -121.78   -34.53    67.36    -0.25     0.24  -155.57    -3.82   -80.20     4.94   -40.40   -13.21   -34.98     4.45     4.79
rep0_fep_050_0.000.en   2      1899  1.000000  -411.18  -200.79     4.16    -0.04     0.10  -211.53    -3.44   -86.18     5.13   -61.74   -13.00   -63.62     4.43     0.36


# Part 1: Free energy perturbation summary:

# Calculation for full system
# lambda(1)      dGf sum(dGf)      dGr sum(dGr)     <dG>
   1.000000     0.000     0.000    -3.657    32.435     0.000
   0.980000     3.816     3.816    -3.300    36.092     3.737
   0.960000     3.569     7.386    -3.339    39.392     7.172
   0.940000     3.223    10.609    -3.181    42.731    10.453
   0.920000     3.264    13.873    -2.916    45.912    13.675
   0.900000     3.107    16.980    -2.840    48.828    16.687
   0.880000     2.861    19.841    -2.829    51.668    19.537
   0.860000     2.754    22.596    -2.703    54.497    22.329
   0.840000     2.751    25.347    -2.624    57.200    25.056
   0.820000     2.580    27.927    -2.421    59.825    27.658
   0.800000     2.535    30.462    -2.426    62.245    30.136
   0.780000     2.308    32.769    -1.924    64.672    32.503
   0.760000     2.333    35.103    -1.737    66.596    34.632
   0.740000     1.869    36.972    -1.559    68.332    36.435
   0.720000     1.678    38.650    -1.440    69.891    38.053
   0.700000     1.495    40.145    -1.369    71.330    39.520
   0.680000     1.384    41.528    -1.233    72.699    40.897
   0.660000     1.314    42.842     0.165    73.932    42.170
   0.640000     0.808    43.651     0.376    73.767    42.492
   0.620000    -0.366    43.284     0.589    73.392    42.121
   0.600000    -0.553    42.731     0.906    72.803    41.550
   0.580000    -0.821    41.910     1.053    71.897    40.686
   0.560000    -1.044    40.866     1.306    70.843    39.638
   0.540000    -1.163    39.703     1.324    69.538    38.403
   0.520000    -1.414    38.289     1.465    68.214    37.034
   0.500000    -1.440    36.849     1.559    66.749    35.582
   0.480000    -1.560    35.289     1.709    65.190    34.022
   0.460000    -1.657    33.632     1.724    63.481    32.339
   0.440000    -1.785    31.847     1.816    61.757    30.585
   0.420000    -1.823    30.024     1.940    59.941    28.765
   0.400000    -1.897    28.127     2.062    58.001    26.847
   0.380000    -2.014    26.113     2.127    55.938    24.809
   0.360000    -2.114    23.999     2.260    53.811    22.688
   0.340000    -2.200    21.799     2.411    51.551    20.458
   0.320000    -2.319    19.479     2.475    49.140    18.093
   0.300000    -2.462    17.017     2.497    46.665    15.624
   0.280000    -2.518    14.499     2.547    44.168    13.116
   0.260000    -2.541    11.958     2.622    41.622    10.573
   0.240000    -2.601     9.357     2.726    38.999     7.961
   0.220000    -2.680     6.677     2.773    36.274     5.258
   0.200000    -2.772     3.906     2.757    33.501     2.486
   0.180000    -2.826     1.079     2.922    30.744    -0.306
   0.160000    -2.803    -1.724     3.038    27.822    -3.168
   0.140000    -2.966    -4.690     3.046    24.785    -6.170
   0.120000    -3.107    -7.797     3.172    21.739    -9.246
   0.100000    -3.111   -10.908     3.202    18.567   -12.388
   0.080000    -3.220   -14.128     3.312    15.364   -15.599
   0.060000    -3.264   -17.392     3.413    12.052   -18.887
   0.040000    -3.352   -20.744     3.805     8.639   -22.269
   0.020000    -3.536   -24.280     4.834     4.834   -25.940
   0.000000    -4.066   -28.346     0.000     0.000   -30.390

# Min energy-gap is:   -221.38
# Max energy-gap is:    289.13



# Part 2: Reaction free energy summary:
# Lambda(1)  bin Energy gap      dGa     dGb     dGg    # pts    c1**2    c2**2
   1.000000    1    -216.28       0.00     211.99      -2.90     68     0.987     0.013
   1.000000    2    -206.07       0.00     202.45      -3.01    385     0.986     0.014
   1.000000    3    -195.86       0.00     192.38      -3.14    634     0.984     0.016
   1.000000    4    -185.65       0.00     182.87      -3.29    567     0.983     0.017
   1.000000    5    -175.44       0.00     172.08      -3.49    196     0.981     0.019
   1.000000    6    -165.23       0.00     166.77      -3.64     49     0.979     0.021
   0.980000    1    -216.28      -0.59     212.21      -3.44     41     0.987     0.013
   0.980000    2    -206.07      -0.37     202.49      -3.37     67     0.986     0.014
   0.980000    3    -195.86      -0.16     192.04      -3.32    163     0.984     0.016
   0.980000    4    -185.65       0.03     182.28      -3.28    605     0.983     0.017
   0.980000    5    -175.44       0.22     172.47      -3.27    673     0.981     0.019
   0.980000    6    -165.23       0.39     163.32      -3.27    327     0.979     0.021
   0.980000    7    -155.01       0.59     152.80      -3.29     15     0.976     0.024
   0.960000    4    -185.65      -0.18     181.98      -3.52     53     0.982     0.018
   0.960000    5    -175.44       0.21     172.07      -3.31    469     0.981     0.019
   0.960000    6    -165.23       0.52     162.81      -3.15    688     0.979     0.021
   0.960000    7    -155.01       0.95     152.90      -2.97    417     0.976     0.024
   0.960000    8    -144.80       1.36     142.93      -2.82    244     0.973     0.027
   0.960000    9    -134.59       1.61     140.66      -2.75     22     0.971     0.029
   0.940000    3    -195.86      -1.04     190.33      -4.25     10     0.984     0.016
   0.940000    4    -185.65      -0.61     181.43      -3.94    129     0.982     0.018
   0.940000    5    -175.44      -0.08     172.22      -3.56    459     0.981     0.019
   0.940000    6    -165.23       0.52     162.64      -3.17    689     0.979     0.021
   0.940000    7    -155.01       1.10     153.06      -2.81    458     0.976     0.024
   0.940000    8    -144.80       1.62     144.49      -2.51    145     0.973     0.027
   0.920000    4    -185.65      -0.90     180.70      -4.27     20     0.982     0.018
   0.920000    5    -175.44      -0.32     171.85      -3.82    227     0.981     0.019
   0.920000    6    -165.23       0.42     162.73      -3.26    452     0.979     0.021
   0.920000    7    -155.01       1.23     153.25      -2.68    664     0.976     0.024
   0.920000    8    -144.80       1.96     144.30      -2.18    463     0.973     0.027
   0.920000    9    -134.59       2.70     138.86      -1.71     73     0.970     0.030
   0.900000    6    -165.23       0.34     162.06      -3.39     84     0.978     0.022
   0.900000    7    -155.01       1.19     153.03      -2.74    430     0.976     0.024
   0.900000    8    -144.80       2.13     144.01      -2.03    779     0.973     0.027
   0.900000    9    -134.59       3.08     135.52      -1.36    528     0.969     0.031
   0.900000   10    -124.38       4.09     127.31      -0.68     78     0.964     0.036
   0.880000    6    -165.23      -0.03     161.58      -3.77     88     0.978     0.022
   0.880000    7    -155.01       1.00     152.77      -2.93    278     0.975     0.025
   0.880000    8    -144.80       2.14     144.01      -2.03    633     0.972     0.028
   0.880000    9    -134.59       3.21     135.25      -1.23    530     0.969     0.031
   0.880000   10    -124.38       4.44     126.46      -0.33    310     0.964     0.036
   0.880000   11    -114.17       5.55     118.13       0.43     52     0.959     0.041
   0.860000    6    -165.23      -0.49     160.94      -4.23     34     0.978     0.022
   0.860000    7    -155.01       0.66     152.48      -3.26    291     0.975     0.025
   0.860000    8    -144.80       1.94     144.04      -2.21    658     0.973     0.027
   0.860000    9    -134.59       3.30     135.36      -1.13    578     0.969     0.031
   0.860000   10    -124.38       4.70     126.93      -0.06    280     0.964     0.036
   0.860000   11    -114.17       6.14     117.95       0.98     44     0.958     0.042
   0.860000   12    -103.96       7.33     113.91       1.78     14     0.953     0.047
   0.840000    6    -165.23      -1.24     160.73      -4.94     75     0.978     0.022
   0.840000    7    -155.01       0.08     152.67      -3.81    137     0.976     0.024
   0.840000    8    -144.80       1.85     143.70      -2.32    258     0.972     0.028
   0.840000    9    -134.59       3.40     135.37      -1.05    481     0.969     0.031
   0.840000   10    -124.38       4.99     126.80       0.22    599     0.964     0.036
   0.840000   11    -114.17       6.49     118.71       1.36    333     0.959     0.041
   0.820000    7    -155.01      -0.22     152.00      -4.13    131     0.975     0.025
   0.820000    8    -144.80       1.49     143.40      -2.66    194     0.972     0.028
   0.820000    9    -134.59       3.31     135.41      -1.14    500     0.968     0.032
   0.820000   10    -124.38       5.06     127.07       0.29    650     0.964     0.036
   0.820000   11    -114.17       6.63     119.92       1.52    373     0.959     0.041
   0.820000   12    -103.96       8.46     113.09       2.90     51     0.952     0.048
   0.800000    8    -144.80       1.46     142.81      -2.75     29     0.972     0.028
   0.800000    9    -134.59       3.19     134.91      -1.27    356     0.968     0.032
   0.800000   10    -124.38       4.92     127.26       0.17    646     0.964     0.036
   0.800000   11    -114.17       6.95     119.21       1.82    391     0.958     0.042
   0.800000   12    -103.96       8.98     111.11       3.40    316     0.951     0.049
   0.800000   13     -93.75      11.12     102.61       4.99    119     0.941     0.059
   0.800000   14     -83.54      12.94      97.34       6.22     42     0.932     0.068
   0.780000    8    -144.80       0.41     142.53      -3.71     34     0.972     0.028
   0.780000    9    -134.59       2.99     134.81      -1.49    314     0.968     0.032
   0.780000   10    -124.38       4.87     127.15       0.11    699     0.964     0.036
   0.780000   11    -114.17       6.94     119.30       1.82    465     0.958     0.042
   0.780000   12    -103.96       9.18     111.36       3.61    264     0.951     0.049
   0.780000   13     -93.75      11.23     103.75       5.19     92     0.943     0.057
   0.780000   14     -83.54      13.65      97.42       6.92     28     0.931     0.069
   0.760000   11    -114.17       7.23     118.63       2.03    109     0.957     0.043
   0.760000   12    -103.96       9.57     111.07       3.94    499     0.950     0.050
   0.760000   13     -93.75      11.77     103.69       5.66    795     0.941     0.059
   0.760000   14     -83.54      14.08      96.24       7.36    438     0.930     0.070
   0.760000   15     -73.33      16.34      91.18       8.90     50     0.917     0.083
   0.740000   11    -114.17       7.28     117.99       1.99     17     0.956     0.044
   0.740000   12    -103.96       9.16     110.72       3.57     84     0.950     0.050
   0.740000   13     -93.75      11.82     103.39       5.68    608     0.940     0.060
   0.740000   14     -83.54      14.23      96.13       7.51    772     0.929     0.071
   0.740000   15     -73.33      16.75      88.78       9.30    327     0.915     0.085
   0.740000   16     -63.12      19.20      82.06      10.87     91     0.897     0.103
   0.720000   12    -103.96       9.60     110.00       3.81     27     0.948     0.052
   0.720000   13     -93.75      11.46     103.33       5.35    220     0.941     0.059
   0.720000   14     -83.54      14.36      95.72       7.62    470     0.927     0.073
   0.720000   15     -73.33      17.04      88.64       9.56    770     0.913     0.087
   0.720000   16     -63.12      19.71      81.94      11.32    404     0.894     0.106
   0.700000   13     -93.75      12.08     102.49       5.72     36     0.938     0.062
   0.700000   14     -83.54      14.23      95.57       7.46    355     0.927     0.073
   0.700000   15     -73.33      16.96      88.75       9.49    699     0.913     0.087
   0.700000   16     -63.12      19.87      82.01      11.49    685     0.894     0.106
   0.700000   17     -52.91      22.92      74.79      13.40    104     0.865     0.135
   0.700000   18     -42.70      25.80      69.43      14.85     20     0.833     0.167
   0.680000   14     -83.54      14.10      95.39       7.30    208     0.927     0.073
   0.680000   15     -73.33      16.97      88.64       9.49    683     0.912     0.088
   0.680000   16     -63.12      20.03      81.95      11.64    689     0.892     0.108
   0.680000   17     -52.91      23.08      75.11      13.59    285     0.867     0.133
   0.680000   18     -42.70      26.14      70.34      15.23     33     0.836     0.164
   0.660000   14     -83.54      13.78      94.93       6.99     95     0.926     0.074
   0.660000   15     -73.33      16.95      88.42       9.44    504     0.910     0.090
   0.660000   16     -63.12      19.98      82.04      11.61    647     0.892     0.108
   0.660000   17     -52.91      23.30      75.57      13.78    251     0.867     0.133
   0.660000   18     -42.70      26.89      68.60      15.90     82     0.824     0.176
   0.660000   19     -32.49      30.09      61.77      17.25     49     0.782     0.218
   0.660000   20     -22.28      33.89      55.33      18.30     52     0.707     0.293
   0.660000   21     -12.07      37.41      48.19      18.31     65     0.613     0.387
   0.660000   22      -1.86      40.84      41.65      17.29     52     0.519     0.481
   0.660000   23       8.35      44.29      35.05      15.18     40     0.421     0.579
   0.660000   24      18.56      47.91      27.73      11.61     50     0.321     0.679
   0.640000   20     -22.28      34.18      54.71      18.27     82     0.694     0.306
   0.640000   21     -12.07      37.60      48.11      18.39    145     0.609     0.391
   0.640000   22      -1.86      41.17      41.71      17.52    337     0.513     0.487
   0.640000   23       8.35      44.75      35.37      15.63    418     0.419     0.581
   0.640000   24      18.56      48.39      28.90      12.65    382     0.328     0.672
   0.640000   25      28.77      52.06      22.62       9.01    305     0.254     0.746
   0.640000   26      38.98      55.68      15.99       4.50    140     0.197     0.803
   0.640000   27      49.19      59.27       9.20      -0.71     65     0.151     0.849
   0.640000   28      59.40      62.82       5.77      -3.55     22     0.125     0.875
   0.620000   21     -12.07      36.78      47.47      17.80     43     0.611     0.389
   0.620000   22      -1.86      40.73      41.53      17.20    212     0.516     0.484
   0.620000   23       8.35      44.56      35.16      15.40    282     0.415     0.585
   0.620000   24      18.56      48.46      28.84      12.62    373     0.325     0.675
   0.620000   25      28.77      52.27      22.49       8.97    430     0.251     0.749
   0.620000   26      38.98      55.82      16.71       5.16    392     0.200     0.800
   0.620000   27      49.19      59.99       9.96       0.03    119     0.150     0.850
   0.620000   28      59.40      63.68       3.48      -5.21     38     0.118     0.882
   0.600000   20     -22.28      33.72      52.77      16.68     14     0.680     0.320
   0.600000   21     -12.07      35.99      47.26      17.00     24     0.617     0.383
   0.600000   22      -1.86      40.13      40.58      16.51     53     0.507     0.493
   0.600000   23       8.35      44.16      34.73      15.00    162     0.412     0.588
   0.600000   24      18.56      48.21      28.72      12.46    263     0.323     0.677
   0.600000   25      28.77      52.24      22.40       8.90    288     0.248     0.752
   0.600000   26      38.98      56.24      16.57       5.07    361     0.194     0.806
   0.600000   27      49.19      60.40      10.37       0.44    414     0.149     0.851
   0.600000   28      59.40      64.24       4.30      -4.36    265     0.120     0.880
   0.600000   29      69.61      68.01      -0.93      -8.75     55     0.098     0.902
   0.580000   24      18.56      47.99      27.91      11.78     61     0.315     0.685
   0.580000   25      28.77      52.07      22.08       8.57    228     0.243     0.757
   0.580000   26      38.98      56.01      16.56       5.05    424     0.195     0.805
   0.580000   27      49.19      60.37      10.61       0.68    505     0.150     0.850
   0.580000   28      59.40      64.51       4.88      -3.83    400     0.119     0.881
   0.580000   29      69.61      68.72      -1.01      -8.71    206     0.096     0.904
   0.580000   30      79.82      72.75      -6.23     -13.15     49     0.080     0.920
   0.580000   31      90.03      77.52     -11.67     -18.10     18     0.064     0.936
   0.560000   24      18.56      46.33      28.11      11.69     13     0.338     0.662
   0.560000   25      28.77      52.30      21.72       8.17     86     0.239     0.761
   0.560000   26      38.98      56.11      16.23       4.71    265     0.190     0.810
   0.560000   27      49.19      60.54      10.38       0.47    511     0.146     0.854
   0.560000   28      59.40      64.67       5.00      -3.69    575     0.119     0.881
   0.560000   29      69.61      69.11      -0.52      -8.23    309     0.096     0.904
   0.560000   30      79.82      73.73      -6.17     -13.09    135     0.077     0.923
   0.540000   26      38.98      55.57      15.55       4.08     61     0.187     0.813
   0.540000   27      49.19      60.51       9.90       0.02    221     0.142     0.858
   0.540000   28      59.40      64.62       4.91      -3.78    516     0.118     0.882
   0.540000   29      69.61      69.47      -0.61      -8.32    500     0.094     0.906
   0.540000   30      79.82      73.94      -5.74     -12.67    422     0.077     0.923
   0.540000   31      90.03      78.55     -11.25     -17.52    152     0.064     0.936
   0.540000   32     100.24      83.34     -15.00     -20.94     27     0.054     0.946
   0.520000   25      28.77      49.61      20.88       7.24     24     0.254     0.746
   0.520000   26      38.98      55.10      15.18       3.67     48     0.187     0.813
   0.520000   27      49.19      60.01       9.81      -0.10    183     0.145     0.855
   0.520000   28      59.40      64.52       4.70      -3.99    335     0.116     0.884
   0.520000   29      69.61      69.36      -0.63      -8.32    582     0.093     0.907
   0.520000   30      79.82      74.04      -5.59     -12.50    555     0.077     0.923
   0.520000   31      90.03      78.79     -10.30     -16.60    147     0.065     0.935
   0.520000   32     100.24      83.43     -13.80     -19.80     20     0.055     0.945
   0.500000   26      38.98      55.53      14.63       3.08     19     0.184     0.816
   0.500000   27      49.19      59.29       9.43      -0.49     90     0.146     0.854
   0.500000   28      59.40      64.33       4.34      -4.33    209     0.115     0.885
   0.500000   29      69.61      69.32      -0.64      -8.34    522     0.093     0.907
   0.500000   30      79.82      74.23      -5.58     -12.48    617     0.076     0.924
   0.500000   31      90.03      79.27     -10.57     -16.81    385     0.064     0.936
   0.500000   32     100.24      83.84     -13.74     -19.66     57     0.055     0.945
   0.480000   27      49.19      60.71       8.61      -1.28     35     0.139     0.861
   0.480000   28      59.40      63.73       4.19      -4.52    161     0.116     0.884
   0.480000   29      69.61      69.21      -0.72      -8.44    396     0.092     0.908
   0.480000   30      79.82      74.18      -5.59     -12.49    635     0.076     0.924
   0.480000   31      90.03      79.31     -10.19     -16.45    454     0.064     0.936
   0.480000   32     100.24      84.69     -14.85     -20.59    198     0.053     0.947
   0.480000   33     110.45      90.11     -20.24     -25.47     15     0.045     0.955
   0.460000   28      59.40      63.05       3.85      -4.88     36     0.117     0.883
   0.460000   29      69.61      69.13      -1.00      -8.71    172     0.092     0.908
   0.460000   30      79.82      74.18      -5.54     -12.46    495     0.076     0.924
   0.460000   31      90.03      79.61     -10.22     -16.47    777     0.063     0.937
   0.460000   32     100.24      84.64     -14.39     -20.12    323     0.054     0.946
   0.460000   33     110.45      90.21     -19.24     -24.47     86     0.046     0.954
   0.440000   28      59.40      63.07       3.14      -5.56     68     0.114     0.886
   0.440000   29      69.61      68.18      -1.30      -9.00    170     0.093     0.907
   0.440000   30      79.82      73.90      -5.73     -12.63    410     0.075     0.925
   0.440000   31      90.03      79.50     -10.07     -16.32    648     0.063     0.937
   0.440000   32     100.24      84.94     -14.09     -19.83    458     0.054     0.946
   0.440000   33     110.45      90.71     -18.50     -23.78    120     0.045     0.955
   0.440000   34     120.66      96.53     -21.92     -26.93     20     0.039     0.961
   0.420000   28      59.40      64.63       2.40      -6.31     12     0.110     0.890
   0.420000   29      69.61      68.00      -1.80      -9.51    101     0.090     0.910
   0.420000   30      79.82      73.79      -5.92     -12.83    318     0.075     0.925
   0.420000   31      90.03      79.42     -10.05     -16.31    657     0.063     0.937
   0.420000   32     100.24      85.20     -14.03     -19.76    569     0.053     0.947
   0.420000   33     110.45      90.90     -18.28     -23.54    206     0.045     0.955
   0.420000   34     120.66      96.56     -22.29     -27.17     36     0.039     0.961
   0.400000   29      69.61      70.06      -2.40     -10.10     35     0.088     0.912
   0.400000   30      79.82      73.25      -6.05     -12.98    150     0.076     0.924
   0.400000   31      90.03      79.55     -10.17     -16.43    439     0.062     0.938
   0.400000   32     100.24      85.29     -14.07     -19.78    736     0.053     0.947
   0.400000   33     110.45      91.27     -17.98     -23.23    451     0.045     0.955
   0.400000   34     120.66      97.17     -21.64     -26.51     85     0.039     0.961
   0.380000   30      79.82      74.83      -6.84     -13.74     35     0.072     0.928
   0.380000   31      90.03      79.53     -10.59     -16.83    259     0.061     0.939
   0.380000   32     100.24      85.29     -14.21     -19.91    701     0.052     0.948
   0.380000   33     110.45      91.41     -17.83     -23.08    709     0.045     0.955
   0.380000   34     120.66      97.41     -21.40     -26.26    193     0.039     0.961
   0.360000   30      79.82      76.71      -7.72     -14.56     14     0.070     0.930
   0.360000   31      90.03      78.52     -10.73     -16.97    183     0.062     0.938
   0.360000   32     100.24      85.05     -14.34     -20.04    528     0.052     0.948
   0.360000   33     110.45      91.39     -17.65     -22.91    728     0.045     0.955
   0.360000   34     120.66      97.91     -21.26     -26.12    334     0.039     0.961
   0.360000   35     130.87     104.16     -24.50     -29.04    105     0.034     0.966
   0.340000   32     100.24      85.39     -14.55     -20.26    329     0.051     0.949
   0.340000   33     110.45      91.58     -17.77     -23.03    721     0.044     0.956
   0.340000   34     120.66      97.99     -21.01     -25.89    624     0.039     0.961
   0.340000   35     130.87     104.70     -24.44     -28.96    174     0.033     0.967
   0.340000   36     141.08     111.41     -27.15     -31.46     42     0.029     0.971
   0.320000   32     100.24      84.59     -14.71     -20.44     75     0.052     0.948
   0.320000   33     110.45      91.73     -18.10     -23.34    300     0.044     0.956
   0.320000   34     120.66      98.37     -21.12     -25.98    925     0.038     0.962
   0.320000   35     130.87     104.68     -24.08     -28.61    467     0.034     0.966
   0.320000   36     141.08     111.56     -26.76     -31.05    128     0.030     0.970
   0.300000   33     110.45      91.41     -18.35     -23.59    244     0.044     0.956
   0.300000   34     120.66      98.19     -21.25     -26.10    794     0.038     0.962
   0.300000   35     130.87     105.04     -24.12     -28.64    696     0.033     0.967
   0.300000   36     141.08     111.69     -26.18     -30.50    162     0.030     0.970
   0.280000   33     110.45      91.92     -18.62     -23.87    185     0.043     0.957
   0.280000   34     120.66      98.14     -21.20     -26.07    777     0.038     0.962
   0.280000   35     130.87     105.04     -23.87     -28.40    734     0.033     0.967
   0.280000   36     141.08     112.16     -26.28     -30.55    171     0.029     0.971
   0.280000   37     151.29     119.58     -28.50     -32.59     32     0.026     0.974
   0.260000   33     110.45      91.93     -18.72     -23.99    145     0.044     0.956
   0.260000   34     120.66      97.95     -21.37     -26.23    571     0.038     0.962
   0.260000   35     130.87     105.12     -23.75     -28.29    754     0.033     0.967
   0.260000   36     141.08     112.64     -26.33     -30.57    398     0.029     0.971
   0.260000   37     151.29     119.68     -28.34     -32.38     31     0.026     0.974
   0.240000   33     110.45      90.92     -19.16     -24.42     91     0.043     0.957
   0.240000   34     120.66      97.74     -21.60     -26.45    312     0.037     0.963
   0.240000   35     130.87     105.29     -23.92     -28.44    872     0.033     0.967
   0.240000   36     141.08     112.49     -25.99     -30.24    499     0.029     0.971
   0.240000   37     151.29     120.41     -28.56     -32.54    109     0.025     0.975
   0.240000   38     161.50     127.79     -30.42     -34.23     16     0.023     0.977
   0.220000   34     120.66      97.77     -21.93     -26.78    155     0.037     0.963
   0.220000   35     130.87     105.09     -23.93     -28.46    669     0.033     0.967
   0.220000   36     141.08     112.90     -26.06     -30.30    795     0.029     0.971
   0.220000   37     151.29     120.43     -28.09     -32.08    270     0.026     0.974
   0.220000   38     161.50     127.89     -29.49     -33.35     10     0.023     0.977
   0.200000   34     120.66      97.72     -22.16     -27.03     79     0.037     0.963
   0.200000   35     130.87     105.20     -24.10     -28.62    534     0.032     0.968
   0.200000   36     141.08     112.83     -25.99     -30.22    882     0.029     0.971
   0.200000   37     151.29     120.59     -27.72     -31.72    345     0.026     0.974
   0.200000   38     161.50     128.90     -30.01     -33.74     28     0.023     0.977
   0.200000   39     171.71     137.19     -32.10     -35.61     18     0.020     0.980
   0.180000   34     120.66      98.71     -22.58     -27.43    104     0.037     0.963
   0.180000   35     130.87     104.71     -24.18     -28.71    617     0.033     0.967
   0.180000   36     141.08     112.78     -25.89     -30.13    772     0.029     0.971
   0.180000   37     151.29     120.91     -27.55     -31.55    387     0.026     0.974
   0.180000   38     161.50     128.42     -28.59     -32.47     19     0.024     0.976
   0.160000   35     130.87     105.09     -24.56     -29.07    178     0.032     0.968
   0.160000   36     141.08     112.74     -26.01     -30.24    638     0.029     0.971
   0.160000   37     151.29     121.15     -27.49     -31.47    819     0.025     0.975
   0.160000   38     161.50     129.39     -28.85     -32.64    253     0.023     0.977
   0.140000   34     120.66     100.32     -23.55     -28.40     10     0.036     0.964
   0.140000   35     130.87     104.23     -24.75     -29.29     78     0.032     0.968
   0.140000   36     141.08     112.76     -26.19     -30.42    331     0.028     0.972
   0.140000   37     151.29     121.39     -27.54     -31.51    788     0.025     0.975
   0.140000   38     161.50     129.91     -28.85     -32.61    493     0.022     0.978
   0.140000   39     171.71     138.53     -30.20     -33.76    183     0.020     0.980
   0.140000   40     181.92     146.32     -31.00     -34.46     16     0.019     0.981
   0.120000   35     130.87     102.87     -24.94     -29.54     32     0.033     0.967
   0.120000   36     141.08     112.61     -26.45     -30.68    385     0.028     0.972
   0.120000   37     151.29     121.00     -27.50     -31.49    796     0.025     0.975
   0.120000   38     161.50     129.67     -28.62     -32.39    416     0.023     0.977
   0.120000   39     171.71     138.61     -29.75     -33.32    245     0.020     0.980
   0.120000   40     181.92     147.27     -30.66     -34.09     19     0.019     0.981
   0.100000   36     141.08     114.62     -26.73     -30.96    133     0.028     0.972
   0.100000   37     151.29     121.04     -27.68     -31.66    550     0.025     0.975
   0.100000   38     161.50     130.13     -28.62     -32.37    746     0.022     0.978
   0.100000   39     171.71     138.98     -29.46     -33.04    463     0.020     0.980
   0.080000   36     141.08     115.58     -27.13     -31.34    104     0.028     0.972
   0.080000   37     151.29     120.89     -27.82     -31.80    479     0.025     0.975
   0.080000   38     161.50     129.79     -28.53     -32.30    730     0.023     0.977
   0.080000   39     171.71     139.18     -29.31     -32.87    427     0.020     0.980
   0.080000   40     181.92     148.29     -30.00     -33.40    159     0.018     0.982
   0.060000   37     151.29     120.88     -28.07     -32.05    172     0.025     0.975
   0.060000   38     161.50     130.15     -28.63     -32.39    774     0.022     0.978
   0.060000   39     171.71     139.25     -29.17     -32.74    758     0.020     0.980
   0.060000   40     181.92     148.65     -29.70     -33.10    195     0.018     0.982
   0.040000   37     151.29     122.64     -28.42     -32.38     89     0.025     0.975
   0.040000   38     161.50     130.18     -28.78     -32.53    681     0.022     0.978
   0.040000   39     171.71     139.12     -29.12     -32.69    493     0.020     0.980
   0.040000   40     181.92     149.11     -29.54     -32.91    299     0.018     0.982
   0.040000   41     192.13     158.91     -29.96     -33.16    214     0.016     0.984
   0.040000   42     202.34     168.26     -30.32     -33.38     91     0.015     0.985
   0.040000   43     212.55     178.50     -30.79     -33.68     26     0.013     0.987
   0.020000   37     151.29     125.43     -29.04     -32.97     18     0.024     0.976
   0.020000   38     161.50     129.98     -29.19     -32.95    101     0.022     0.978
   0.020000   39     171.71     139.46     -29.40     -32.94    166     0.020     0.980
   0.020000   40     181.92     149.37     -29.59     -32.95    383     0.018     0.982
   0.020000   41     192.13     159.22     -29.79     -32.98    447     0.016     0.984
   0.020000   42     202.34     168.84     -29.97     -33.02    256     0.015     0.985
   0.020000   43     212.55     179.28     -30.20     -33.10    195     0.013     0.987
   0.020000   44     222.76     188.90     -30.38     -33.16    181     0.012     0.988
   0.020000   45     232.97     199.01     -30.60     -33.25     98     0.011     0.989
   0.020000   46     243.18     208.67     -30.77     -33.33     54     0.010     0.990
   0.000000   40     181.92     150.90     -30.39     -33.73     23     0.018     0.982
   0.000000   41     192.13     158.08     -30.39     -33.62     18     0.016     0.984
   0.000000   43     212.55     180.08     -30.39     -33.26     41     0.013     0.987
   0.000000   44     222.76     189.15     -30.39     -33.15    112     0.012     0.988
   0.000000   45     232.97     199.25     -30.39     -33.04    371     0.011     0.989
   0.000000   46     243.18     209.37     -30.39     -32.93    344     0.010     0.990
   0.000000   47     253.39     219.55     -30.39     -32.84    338     0.010     0.990
   0.000000   48     263.60     230.11     -30.39     -32.74    258     0.009     0.991
   0.000000   49     273.81     240.02     -30.39     -32.66    266     0.008     0.992
   0.000000   50     284.02     249.77     -30.39     -32.59    121     0.008     0.992


# Part 3: Bin-averaged summary:
# bin  energy gap  <dGg> <dGg norm> pts  <c1**2> <c2**2> <r_xy>
   1   -216.28     -3.11     30.07        109    0.987    0.013    4.104
   2   -206.07     -3.06     30.12        452    0.986    0.014    4.141
   3   -195.86     -3.19     29.99        807    0.984    0.016    4.083
   4   -185.65     -3.37     29.81       1374    0.983    0.017    3.995
   5   -175.44     -3.43     29.75       2024    0.981    0.019    4.028
   6   -165.23     -3.30     29.88       2486    0.979    0.021    3.992
   7   -155.01     -2.96     30.22       2821    0.976    0.024    3.968
   8   -144.80     -2.24     30.94       3437    0.973    0.027    3.909
   9   -134.59     -1.24     31.94       3382    0.969    0.031    3.864
  10   -124.38      0.10     33.28       3262    0.964    0.036    3.773
  11   -114.17      1.62     34.80       1784    0.959    0.041    3.718
  12   -103.96      3.64     36.82       1255    0.950    0.050    3.693
  13    -93.75      5.56     38.74       1870    0.941    0.059    3.687
  14    -83.54      7.43     40.61       2408    0.928    0.072    3.669
  15    -73.33      9.47     42.65       3033    0.912    0.088    3.693
  16    -63.12     11.51     44.69       2516    0.893    0.107    3.707
  17    -52.91     13.63     46.81        640    0.867    0.133    3.700
  18    -42.70     15.58     48.76        135    0.828    0.172    3.532
  19    -32.49     17.25     50.43         49    0.782    0.218    3.418
  20    -22.28     18.13     51.31        148    0.697    0.303    3.354
  21    -12.07     18.16     51.34        277    0.611    0.389    3.352
  22     -1.86     17.31     50.49        654    0.514    0.486    3.361
  23      8.35     15.42     48.60        902    0.417    0.583    3.349
  24     18.56     12.49     45.67       1142    0.325    0.675    3.353
  25     28.77      8.82     41.99       1361    0.249    0.751    3.368
  26     38.98      4.89     38.07       1710    0.195    0.805    3.376
  27     49.19      0.29     33.47       2143    0.147    0.853    3.386
  28     59.40     -4.03     29.15       2637    0.118    0.882    3.402
  29     69.61     -8.49     24.69       3048    0.093    0.907    3.442
  30     79.82    -12.62     20.56       3835    0.076    0.924    3.471
  31     90.03    -16.54     16.64       4119    0.063    0.937    3.523
  32    100.24    -19.96     13.22       4021    0.053    0.947    3.555
  33    110.45    -23.29      9.89       4001    0.045    0.955    3.510
  34    120.66    -26.18      7.00       5019    0.038    0.962    3.368
  35    130.87    -28.56      4.62       5910    0.033    0.967    3.389
  36    141.08    -30.38      2.80       5440    0.029    0.971    3.543
  37    151.29    -31.67      1.51       4885    0.025    0.975    3.727
  38    161.50    -32.46      0.71       4267    0.022    0.978    3.979
  39    171.71    -32.95      0.23       2753    0.020    0.980    4.061
  40    181.92    -33.09      0.09       1094    0.018    0.982    4.057
  41    192.13    -33.06      0.12        679    0.016    0.984    3.942
  42    202.34    -33.12      0.06        347    0.015    0.985    3.923
  43    212.55    -33.18      0.00        262    0.013    0.987    3.681
  44    222.76    -33.16      0.02        293    0.012    0.988    3.157
  45    232.97    -33.09      0.09        469    0.011    0.989    2.400
  46    243.18    -32.99      0.19        398    0.010    0.990    2.297
  47    253.39    -32.84      0.34        338    0.010    0.990    2.140
  48    263.60    -32.74      0.44        258    0.009    0.991    2.416
  49    273.81    -32.66      0.52        266    0.008    0.992    2.488
  50    284.02    -32.59      0.59        121    0.008    0.992    2.373
