
Build and version information

Build number 6.0.9
Build date   20240701
Built:       
      by     hp
      on     hp-HP-Pavilion-Gaming-Laptop-15-ec0xxx
      git id d993af2a20623fcf9dc867341fb6902d395c0ec9
      with   GNU Fortran Ubuntu 12.3.0-1ubuntu1~23.04 12.3.0
qfep version 6.0.9 , git id=d993af2a20623fcf9dc867341fb6902d395c0ec9 initialising
Current date 2024- 7-24 and time 15:31:51

Welcome in qfep modification date 20240701

 Q6, Copyright © 2017 Johan Åqvist, John Marelius, Shina Caroline Lynn Kamerlin and Paul Bauer
 Q6 comes with ABSOLUTELY NO WARRANTY.  This is free software, and you are welcome
 to redistribute it under certain conditions. For details, add the --help flag.
--> Number of energy files: # Number of files                 =    51
--> No. of states, no. of predefined off-diag elements: # Number of states                 =     2
# Number of off-diagonal elements =     1
--> Give kT & no, of pts to skip   & calculation mode: # kT                              = 0.596
# Number of data points to skip   =   100
# Only QQ interactions will be considered   =   0
--> Give number of gap-bins: # Number of gap-bins              =    50
--> Give minimum # pts/bin: # Minimum number of points per bin=    10
--> Give alpha for state  2:                                                    # Alpha for state  2              =    40.00
--> Hij scaling:# Scale factor for Hij            =  1.00
--> linear combination of states defining reaction coord: # Linear combination co-efficients=  1.00  2.00


# Part 0: Average energies for all states in all files
# file             state   pts   lambda    EQtot   EQbond  EQang   EQtor   EQimp    EQel   EQvdW  Eel_qq  EvdW_qq Eel_qp  EvdW_qp Eel_qw EvdW_qw Eqrstr
--> Name of file number   1:                                                     
>>>>> Failed to open 1 (unit 20 error code    2)
 >>>>> Enter a new file name (or nothing to cancel): # Energy files from Qdyn, version: 5.10.17 , git id=9325b9c29ad62a733df16f540968e33ee6c78260                       
rep1_fep_000_1.000.en   1      1899  1.000000  -300.87  -179.57     2.95    -3.67     0.15  -103.90   -18.13   -15.84    -1.46   -52.99   -18.01   -35.07     1.34     1.30
rep1_fep_000_1.000.en   2      1899  0.000000  -154.12     5.43    52.60     3.45     0.06  -244.64     7.67  -148.20    23.68   -47.67   -17.35   -48.77     1.33    21.32
--> Name of file number   2:                                                     
# Energy files from Qdyn, version: 5.10.17 , git id=9325b9c29ad62a733df16f540968e33ee6c78260                       
rep1_fep_001_0.980.en   1      1899  0.980000  -302.25  -180.57     2.55    -3.18     0.16  -103.72   -18.67   -15.97    -1.57   -52.98   -18.14   -34.77     1.04     1.18
rep1_fep_001_0.980.en   2      1899  0.020000  -161.24     6.50    46.90     4.06     0.06  -247.54     6.71  -150.69    23.22   -49.41   -17.55   -47.45     1.04    22.06
--> Name of file number   3:                                                     
# Energy files from Qdyn, version: 5.10.17 , git id=9325b9c29ad62a733df16f540968e33ee6c78260                       
rep1_fep_002_0.960.en   1      1899  0.960000  -301.03  -180.64     3.17    -3.31     0.17  -103.05   -18.34   -16.02    -1.50   -53.48   -17.95   -33.56     1.12     0.98
rep1_fep_002_0.960.en   2      1899  0.040000  -165.70     6.36    43.05     3.72     0.07  -247.15     6.83  -150.45    23.11   -51.08   -17.39   -45.61     1.12    21.41
--> Name of file number   4:                                                     
# Energy files from Qdyn, version: 5.10.17 , git id=9325b9c29ad62a733df16f540968e33ee6c78260                       
rep1_fep_003_0.940.en   1      1899  0.940000  -299.74  -180.49     3.73    -2.91     0.19  -103.08   -18.19   -15.96    -1.48   -54.00   -17.50   -33.12     0.80     1.01
rep1_fep_003_0.940.en   2      1899  0.060000  -165.17     7.01    43.70     4.13     0.08  -248.88     7.03  -151.32    23.14   -51.76   -16.90   -45.80     0.79    21.76
--> Name of file number   5:                                                     
# Energy files from Qdyn, version: 5.10.17 , git id=9325b9c29ad62a733df16f540968e33ee6c78260                       
rep1_fep_004_0.920.en   1      1899  0.920000  -301.38  -180.74     2.73    -3.19     0.21  -103.95   -17.37   -16.32    -1.44   -54.49   -17.12   -33.14     1.19     0.92
rep1_fep_004_0.920.en   2      1899  0.080000  -172.74     5.85    38.65     4.13     0.08  -250.09     7.47  -151.63    22.78   -53.65   -16.50   -44.81     1.18    21.17
--> Name of file number   6:                                                     
# Energy files from Qdyn, version: 5.10.17 , git id=9325b9c29ad62a733df16f540968e33ee6c78260                       
rep1_fep_005_0.900.en   1      1899  0.900000  -300.43  -180.87     3.02    -3.07     0.24  -102.48   -18.23   -16.56    -1.45   -52.38   -18.15   -33.53     1.37     0.95
rep1_fep_005_0.900.en   2      1899  0.100000  -181.13     0.07    35.34     3.76     0.09  -245.35     5.99  -147.66    22.21   -49.83   -17.59   -47.86     1.37    18.97
--> Name of file number   7:                                                     
# Energy files from Qdyn, version: 5.10.17 , git id=9325b9c29ad62a733df16f540968e33ee6c78260                       
rep1_fep_006_0.880.en   1      1899  0.880000  -298.71  -179.91     3.30    -3.16     0.21  -103.15   -16.77   -16.21    -1.59   -53.92   -16.94   -33.02     1.77     0.76
rep1_fep_006_0.880.en   2      1899  0.120000  -180.51     3.39    31.91     3.85     0.08  -246.23     6.61  -148.66    21.26   -51.39   -16.42   -46.18     1.76    19.87
--> Name of file number   8:                                                     
# Energy files from Qdyn, version: 5.10.17 , git id=9325b9c29ad62a733df16f540968e33ee6c78260                       
rep1_fep_007_0.860.en   1      1899  0.860000  -299.19  -179.35     3.79    -2.91     0.12  -106.01   -15.14   -15.77    -1.07   -50.14   -17.10   -40.11     3.03     0.32
rep1_fep_007_0.860.en   2      1899  0.140000  -200.45    -5.33    22.42     3.15     0.05  -242.76     7.03  -138.50    20.60   -47.66   -16.58   -56.61     3.01    14.99
--> Name of file number   9:                                                     
# Energy files from Qdyn, version: 5.10.17 , git id=9325b9c29ad62a733df16f540968e33ee6c78260                       
rep1_fep_008_0.840.en   1      1899  0.840000  -299.25  -179.10     3.65    -3.24     0.20  -105.36   -15.63   -17.01    -0.97   -49.44   -17.29   -38.92     2.64     0.23
rep1_fep_008_0.840.en   2      1899  0.160000  -212.25    -9.58    17.29     3.25     0.08  -242.49     5.89  -137.74    20.13   -48.27   -16.87   -56.49     2.63    13.32
--> Name of file number  10:                                                     
# Energy files from Qdyn, version: 5.10.17 , git id=9325b9c29ad62a733df16f540968e33ee6c78260                       
rep1_fep_009_0.820.en   1      1899  0.820000  -298.76  -179.04     3.49    -3.15     0.19  -105.01   -15.51   -16.47    -1.27   -50.21   -16.82   -38.33     2.58     0.27
rep1_fep_009_0.820.en   2      1899  0.180000  -203.91    -4.34    20.08     4.66     0.08  -243.87     5.92  -142.14    19.61   -48.30   -16.25   -53.43     2.57    13.57
--> Name of file number  11:                                                     
# Energy files from Qdyn, version: 5.10.17 , git id=9325b9c29ad62a733df16f540968e33ee6c78260                       
rep1_fep_010_0.800.en   1      1899  0.800000  -296.13  -178.50     3.98    -3.25     0.15  -103.11   -15.48   -16.26    -0.03   -48.58   -17.54   -38.26     2.09     0.08
rep1_fep_010_0.800.en   2      1899  0.200000  -222.03   -22.71    13.26     2.66     0.06  -230.69     5.28  -128.96    20.21   -46.81   -17.00   -54.92     2.07    10.12
--> Name of file number  12:                                                     
# Energy files from Qdyn, version: 5.10.17 , git id=9325b9c29ad62a733df16f540968e33ee6c78260                       
rep1_fep_011_0.780.en   1      1899  0.780000  -296.30  -178.03     3.66    -2.99     0.10  -105.33   -13.89   -15.90     1.61   -49.06   -17.50   -40.38     2.01     0.19
rep1_fep_011_0.780.en   2      1899  0.220000  -243.56   -33.48     7.67    -0.58     0.04  -231.29     5.93  -120.36    21.09   -48.32   -17.15   -62.62     1.99     8.15
--> Name of file number  13:                                                     
# Energy files from Qdyn, version: 5.10.17 , git id=9325b9c29ad62a733df16f540968e33ee6c78260                       
rep1_fep_012_0.760.en   1      1899  0.760000  -296.12  -177.93     3.64    -3.11     0.06  -104.38   -14.42   -16.09     2.04   -49.14   -17.29   -39.15     0.83     0.03
rep1_fep_012_0.760.en   2      1899  0.240000  -249.71   -35.68     6.66    -0.72     0.02  -231.24     4.83  -119.28    20.96   -48.14   -16.95   -63.82     0.82     6.40
--> Name of file number  14:                                                     
# Energy files from Qdyn, version: 5.10.17 , git id=9325b9c29ad62a733df16f540968e33ee6c78260                       
rep1_fep_013_0.740.en   1      1899  0.740000  -295.58  -177.54     3.06    -3.37     0.06  -105.57   -12.27   -15.12     1.90   -49.53   -16.61   -40.92     2.44     0.05
rep1_fep_013_0.740.en   2      1899  0.260000  -247.85   -37.66     7.48    -1.52     0.02  -230.57     7.07  -116.97    20.94   -50.00   -16.28   -63.60     2.41     7.34
--> Name of file number  15:                                                     
# Energy files from Qdyn, version: 5.10.17 , git id=9325b9c29ad62a733df16f540968e33ee6c78260                       
rep1_fep_014_0.720.en   1      1899  0.720000  -292.31  -176.99     3.50    -3.27     0.09  -103.63   -12.02   -15.80     2.78   -47.17   -16.99   -40.65     2.19     0.00
rep1_fep_014_0.720.en   2      1899  0.280000  -251.15   -42.04     6.62    -0.31     0.04  -228.68     6.80  -117.15    21.30   -45.37   -16.67   -66.15     2.17     6.41
--> Name of file number  16:                                                     
# Energy files from Qdyn, version: 5.10.17 , git id=9325b9c29ad62a733df16f540968e33ee6c78260                       
rep1_fep_015_0.700.en   1      1899  0.700000  -293.18  -175.94     3.83    -3.31     0.07  -106.56   -11.41   -16.98     2.96   -46.92   -16.98   -42.65     2.60     0.14
rep1_fep_015_0.700.en   2      1899  0.300000  -260.65   -42.68     6.48    -2.40     0.03  -235.16     6.95  -119.00    20.97   -43.77   -16.59   -72.39     2.56     6.14
--> Name of file number  17:                                                     
# Energy files from Qdyn, version: 5.10.17 , git id=9325b9c29ad62a733df16f540968e33ee6c78260                       
rep1_fep_016_0.680.en   1      1899  0.680000  -293.92  -176.80     3.96    -3.04     0.08  -107.08   -11.08   -18.04     3.85   -47.50   -16.94   -41.53     2.01     0.04
rep1_fep_016_0.680.en   2      1899  0.320000  -271.14   -48.28     6.56    -3.58     0.03  -239.07     7.31  -119.27    21.85   -48.24   -16.52   -71.57     1.98     5.89
--> Name of file number  18:                                                     
# Energy files from Qdyn, version: 5.10.17 , git id=9325b9c29ad62a733df16f540968e33ee6c78260                       
rep1_fep_017_0.660.en   1      1899  0.660000  -296.40  -175.69     3.91    -3.17     0.08  -111.49   -10.07   -17.04     3.73   -48.82   -16.53   -45.63     2.74     0.02
rep1_fep_017_0.660.en   2      1899  0.340000  -273.57   -48.22     5.91    -3.29     0.03  -242.30     7.55  -118.37    20.93   -50.68   -16.07   -73.24     2.70     6.76
--> Name of file number  19:                                                     
# Energy files from Qdyn, version: 5.10.17 , git id=9325b9c29ad62a733df16f540968e33ee6c78260                       
rep1_fep_018_0.640.en   1      1899  0.640000  -291.18  -174.67     4.10    -3.25     0.08  -108.67    -8.88   -17.57     4.50   -47.42   -16.09   -43.68     2.70     0.11
rep1_fep_018_0.640.en   2      1899  0.360000  -271.50   -50.42     6.52    -3.24     0.03  -239.17     8.16  -116.63    21.20   -49.28   -15.71   -73.27     2.66     6.63
--> Name of file number  20:                                                     
# Energy files from Qdyn, version: 5.10.17 , git id=9325b9c29ad62a733df16f540968e33ee6c78260                       
rep1_fep_019_0.620.en   1      1899  0.620000  -292.51  -175.01     4.07    -3.51     0.07  -108.41    -9.78   -17.40     4.88   -48.04   -17.04   -42.96     2.37     0.06
rep1_fep_019_0.620.en   2      1899  0.380000  -271.20   -53.52     5.68    -3.23     0.03  -233.28     6.62  -115.27    20.89   -49.00   -16.60   -69.00     2.33     6.50
--> Name of file number  21:                                                     
# Energy files from Qdyn, version: 5.10.17 , git id=9325b9c29ad62a733df16f540968e33ee6c78260                       
rep1_fep_020_0.600.en   1      1899  0.600000  -291.71  -174.12     4.11    -3.12     0.09  -109.62    -9.08   -17.56     5.36   -47.36   -16.67   -44.70     2.23     0.03
rep1_fep_020_0.600.en   2      1899  0.400000  -277.55   -57.17     4.88    -2.84     0.04  -235.60     6.72  -113.92    20.81   -50.41   -16.28   -71.27     2.19     6.42
--> Name of file number  22:                                                     
# Energy files from Qdyn, version: 5.10.17 , git id=9325b9c29ad62a733df16f540968e33ee6c78260                       
rep1_fep_021_0.580.en   1      1899  0.580000  -287.18  -172.63     4.43    -3.38     0.08  -106.51    -9.18   -18.65     6.26   -47.64   -16.25   -40.23     0.81     0.01
rep1_fep_021_0.580.en   2      1899  0.420000  -280.25   -63.06     4.74    -3.15     0.03  -230.61     6.61  -110.77    21.70   -51.35   -15.87   -68.48     0.78     5.19
--> Name of file number  23:                                                     
# Energy files from Qdyn, version: 5.10.17 , git id=9325b9c29ad62a733df16f540968e33ee6c78260                       
rep1_fep_022_0.560.en   1      1899  0.560000  -290.14  -171.35     4.19    -3.27     0.07  -113.20    -6.64   -18.54     6.51   -48.43   -15.62   -46.23     2.47     0.06
rep1_fep_022_0.560.en   2      1899  0.440000  -286.86   -64.42     5.27    -3.58     0.03  -238.80     7.93  -110.25    20.75   -53.66   -15.25   -74.89     2.43     6.73
--> Name of file number  24:                                                     
# Energy files from Qdyn, version: 5.10.17 , git id=9325b9c29ad62a733df16f540968e33ee6c78260                       
rep1_fep_023_0.540.en   1      1899  0.540000  -273.30  -156.89     5.46    -2.11     0.16  -118.50    -1.43   -31.78    11.14   -48.73   -14.74   -37.98     2.18     0.01
rep1_fep_023_0.540.en   2      1899  0.460000  -312.69  -103.76     6.30    -3.21     0.06  -224.21     9.63  -103.89    21.88   -53.54   -14.39   -66.78     2.14     2.50
--> Name of file number  25:                                                     
# Energy files from Qdyn, version: 5.10.17 , git id=9325b9c29ad62a733df16f540968e33ee6c78260                       
rep1_fep_024_0.520.en   1      1899  0.520000  -249.22  -129.51     5.91    -1.69     0.09  -125.63     1.59   -56.23    17.11   -45.34   -15.00   -24.06    -0.52     0.00
rep1_fep_024_0.520.en   2      1899  0.480000  -358.96  -171.37     6.34    -2.93     0.04  -196.17     5.13   -98.94    20.37   -46.48   -14.69   -50.75    -0.55     0.00
--> Name of file number  26:                                                     
# Energy files from Qdyn, version: 5.10.17 , git id=9325b9c29ad62a733df16f540968e33ee6c78260                       
rep1_fep_025_0.500.en   1      1899  0.500000  -247.88  -128.74     5.46    -1.75     0.06  -124.81     1.90   -57.12    17.51   -44.97   -14.61   -22.72    -1.00     0.00
rep1_fep_025_0.500.en   2      1899  0.500000  -357.99  -175.08     5.75    -3.61     0.03  -190.43     5.35   -97.53    20.68   -45.31   -14.31   -47.59    -1.02     0.00
--> Name of file number  27:                                                     
# Energy files from Qdyn, version: 5.10.17 , git id=9325b9c29ad62a733df16f540968e33ee6c78260                       
rep1_fep_026_0.480.en   1      1899  0.480000  -242.66  -124.28     5.33    -1.66     0.06  -123.82     1.69   -59.14    17.58   -44.70   -14.05   -19.98    -1.84     0.01
rep1_fep_026_0.480.en   2      1899  0.520000  -359.41  -179.68     5.47    -3.35     0.02  -186.56     4.69   -96.21    20.33   -50.19   -13.78   -40.16    -1.86     0.00
--> Name of file number  28:                                                     
# Energy files from Qdyn, version: 5.10.17 , git id=9325b9c29ad62a733df16f540968e33ee6c78260                       
rep1_fep_027_0.460.en   1      1899  0.460000  -245.03  -120.05     4.18    -1.88     0.06  -127.21    -0.15   -58.14    16.85   -45.98   -14.12   -23.09    -2.88     0.02
rep1_fep_027_0.460.en   2      1899  0.540000  -369.08  -183.77     4.99    -3.17     0.02  -189.88     2.72   -87.12    19.53   -56.82   -13.93   -45.94    -2.88     0.00
--> Name of file number  29:                                                     
# Energy files from Qdyn, version: 5.10.17 , git id=9325b9c29ad62a733df16f540968e33ee6c78260                       
rep1_fep_028_0.440.en   1      1899  0.440000  -249.56  -116.53     4.65    -3.08     0.05  -137.65     2.96   -57.95    16.89   -43.63   -15.20   -36.06     1.28     0.03
rep1_fep_028_0.440.en   2      1899  0.560000  -386.30  -187.40     5.15    -2.97     0.02  -206.50     5.40   -82.85    19.16   -52.01   -14.96   -71.65     1.20     0.00
--> Name of file number  30:                                                     
# Energy files from Qdyn, version: 5.10.17 , git id=9325b9c29ad62a733df16f540968e33ee6c78260                       
rep1_fep_029_0.420.en   1      1899  0.420000  -252.31  -112.11     4.94    -2.85     0.11  -144.53     2.09   -58.06    15.24   -48.95   -14.12   -37.52     0.96     0.03
rep1_fep_029_0.420.en   2      1899  0.580000  -394.93  -188.55     5.51    -2.45     0.04  -213.66     4.18   -79.50    17.11   -56.24   -13.83   -77.92     0.89     0.00
--> Name of file number  31:                                                     
# Energy files from Qdyn, version: 5.10.17 , git id=9325b9c29ad62a733df16f540968e33ee6c78260                       
rep1_fep_030_0.400.en   1      1899  0.400000  -249.33  -107.71     5.53    -2.78     0.09  -145.30     0.78   -59.01    14.85   -48.13   -14.54   -38.15     0.47     0.06
rep1_fep_030_0.400.en   2      1899  0.600000  -399.41  -190.12     5.29    -2.50     0.03  -214.74     2.63   -77.63    16.52   -56.81   -14.29   -80.30     0.40     0.00
--> Name of file number  32:                                                     
# Energy files from Qdyn, version: 5.10.17 , git id=9325b9c29ad62a733df16f540968e33ee6c78260                       
rep1_fep_031_0.380.en   1      1899  0.380000  -246.87  -105.81     5.38    -2.70     0.16  -145.02     1.05   -59.29    14.67   -47.72   -14.50   -38.01     0.88     0.07
rep1_fep_031_0.380.en   2      1899  0.620000  -399.91  -192.25     4.62    -2.03     0.06  -213.18     2.85   -76.83    16.25   -56.14   -14.23   -80.20     0.83     0.00
--> Name of file number  33:                                                     
# Energy files from Qdyn, version: 5.10.17 , git id=9325b9c29ad62a733df16f540968e33ee6c78260                       
rep1_fep_032_0.360.en   1      1899  0.360000  -244.69  -102.63     5.03    -2.74     0.14  -144.64     0.05   -59.76    14.08   -45.65   -15.16   -39.23     1.14     0.10
rep1_fep_032_0.360.en   2      1899  0.640000  -400.45  -193.20     4.87    -2.07     0.06  -211.92     1.82   -75.35    15.58   -55.18   -14.85   -81.39     1.08     0.00
--> Name of file number  34:                                                     
# Energy files from Qdyn, version: 5.10.17 , git id=9325b9c29ad62a733df16f540968e33ee6c78260                       
rep1_fep_033_0.340.en   1      1899  0.340000  -243.39  -102.52     5.28    -2.47     0.14  -145.87     1.96   -60.08    14.11   -47.99   -14.16   -37.80     2.02     0.08
rep1_fep_033_0.340.en   2      1899  0.660000  -398.10  -194.60     4.63    -1.88     0.05  -209.91     3.61   -75.92    15.55   -56.37   -13.91   -77.62     1.97     0.00
--> Name of file number  35:                                                     
# Energy files from Qdyn, version: 5.10.17 , git id=9325b9c29ad62a733df16f540968e33ee6c78260                       
rep1_fep_034_0.320.en   1      1899  0.320000  -241.68   -96.94     6.13    -2.77     0.14  -148.53     0.17   -60.56    12.79   -46.26   -15.21   -41.71     2.59     0.13
rep1_fep_034_0.320.en   2      1899  0.680000  -405.97  -194.90     5.23    -2.01     0.05  -215.83     1.50   -73.21    13.97   -55.00   -14.96   -87.62     2.48     0.00
--> Name of file number  36:                                                     
# Energy files from Qdyn, version: 5.10.17 , git id=9325b9c29ad62a733df16f540968e33ee6c78260                       
rep1_fep_035_0.300.en   1      1899  0.300000  -242.38   -98.04     6.36    -2.62     0.14  -151.48     3.13   -60.42    13.22   -48.50   -14.09   -42.56     4.00     0.13
rep1_fep_035_0.300.en   2      1899  0.700000  -404.76  -192.32     5.39    -2.07     0.06  -220.25     4.43   -74.58    14.39   -56.95   -13.85   -88.71     3.89     0.00
--> Name of file number  37:                                                     
# Energy files from Qdyn, version: 5.10.17 , git id=9325b9c29ad62a733df16f540968e33ee6c78260                       
rep1_fep_036_0.280.en   1      1899  0.280000  -236.10   -91.68     6.85    -1.89     0.10  -150.14     0.49   -60.85    12.25   -48.61   -15.56   -40.68     3.80     0.18
rep1_fep_036_0.280.en   2      1899  0.720000  -405.77  -194.27     5.57    -2.89     0.04  -215.92     1.70   -69.32    13.25   -59.87   -15.25   -86.73     3.69     0.00
--> Name of file number  38:                                                     
# Energy files from Qdyn, version: 5.10.17 , git id=9325b9c29ad62a733df16f540968e33ee6c78260                       
rep1_fep_037_0.260.en   1      1899  0.260000  -236.96   -92.40     6.53    -2.52     0.09  -149.78     0.94   -60.79    12.42   -49.29   -14.33   -39.69     2.86     0.17
rep1_fep_037_0.260.en   2      1899  0.740000  -409.28  -194.59     5.04    -2.68     0.04  -219.18     2.09   -69.45    13.47   -63.73   -14.13   -86.00     2.75     0.00
--> Name of file number  39:                                                     
# Energy files from Qdyn, version: 5.10.17 , git id=9325b9c29ad62a733df16f540968e33ee6c78260                       
rep1_fep_038_0.240.en   1      1899  0.240000  -228.15   -83.11     8.44    -1.56     0.14  -152.79     0.43   -62.48    11.15   -47.14   -14.69   -43.17     3.98     0.29
rep1_fep_038_0.240.en   2      1899  0.760000  -416.58  -197.72     4.87    -2.59     0.06  -222.57     1.37   -66.31    11.99   -63.28   -14.46   -92.98     3.84     0.00
--> Name of file number  40:                                                     
# Energy files from Qdyn, version: 5.10.17 , git id=9325b9c29ad62a733df16f540968e33ee6c78260                       
rep1_fep_039_0.220.en   1      1899  0.220000  -225.34   -83.06     8.41    -1.59     0.17  -148.17    -1.38   -62.27    10.86   -46.43   -15.29   -39.47     3.05     0.29
rep1_fep_039_0.220.en   2      1899  0.780000  -412.55  -198.04     5.88    -1.90     0.07  -218.23    -0.34   -67.60    11.84   -61.33   -15.07   -89.30     2.89     0.00
--> Name of file number  41:                                                     
# Energy files from Qdyn, version: 5.10.17 , git id=9325b9c29ad62a733df16f540968e33ee6c78260                       
rep1_fep_040_0.200.en   1      1899  0.200000  -218.44   -79.86     7.71    -0.39     0.11  -141.82    -4.54   -64.55     9.62   -45.02   -14.51   -32.26     0.35     0.34
rep1_fep_040_0.200.en   2      1899  0.800000  -405.62  -199.21     5.78    -2.85     0.04  -205.74    -3.64   -70.30    10.44   -60.06   -14.32   -75.38     0.24     0.00
--> Name of file number  42:                                                     
# Energy files from Qdyn, version: 5.10.17 , git id=9325b9c29ad62a733df16f540968e33ee6c78260                       
rep1_fep_041_0.180.en   1      1899  0.180000  -221.40   -78.57     6.03     0.11     0.16  -145.37    -4.08   -62.93     8.84   -45.18   -14.67   -37.26     1.74     0.33
rep1_fep_041_0.180.en   2      1899  0.820000  -412.52  -199.80     4.95    -1.68     0.06  -212.93    -3.13   -66.32     9.69   -61.83   -14.43   -84.79     1.61     0.00
--> Name of file number  43:                                                     
# Energy files from Qdyn, version: 5.10.17 , git id=9325b9c29ad62a733df16f540968e33ee6c78260                       
rep1_fep_042_0.160.en   1      1899  0.160000  -215.27   -74.92     7.25     0.78     0.13  -144.72    -4.17   -65.38     8.34   -44.15   -14.05   -35.19     1.54     0.38
rep1_fep_042_0.160.en   2      1899  0.840000  -415.44  -200.36     4.79    -2.79     0.05  -213.65    -3.48   -69.71     9.00   -60.75   -13.89   -83.19     1.41     0.00
--> Name of file number  44:                                                     
# Energy files from Qdyn, version: 5.10.17 , git id=9325b9c29ad62a733df16f540968e33ee6c78260                       
rep1_fep_043_0.140.en   1      1899  0.140000  -189.96   -50.66     8.68     1.51     0.09  -145.39    -6.27   -76.81     7.54   -41.19   -13.99   -27.40     0.18     2.09
rep1_fep_043_0.140.en   2      1899  0.860000  -415.03  -200.74     4.80    -2.78     0.04  -210.31    -6.07   -81.21     7.70   -58.43   -13.81   -70.67     0.05     0.04
--> Name of file number  45:                                                     
# Energy files from Qdyn, version: 5.10.17 , git id=9325b9c29ad62a733df16f540968e33ee6c78260                       
rep1_fep_044_0.120.en   1      1899  0.120000  -177.30   -42.77    12.85     1.33     0.11  -145.21    -6.75   -80.86     7.43   -38.60   -14.60   -25.75     0.42     3.15
rep1_fep_044_0.120.en   2      1899  0.880000  -410.87  -200.98     4.09    -2.17     0.04  -205.37    -6.52   -87.61     7.54   -53.68   -14.37   -64.08     0.30     0.04
--> Name of file number  46:                                                     
# Energy files from Qdyn, version: 5.10.17 , git id=9325b9c29ad62a733df16f540968e33ee6c78260                       
rep1_fep_045_0.100.en   1      1899  0.100000  -177.71   -40.55    10.70     1.61     0.12  -146.72    -6.54   -82.44     7.58   -38.56   -13.95   -25.73    -0.18     3.68
rep1_fep_045_0.100.en   2      1899  0.900000  -413.21  -201.03     5.19    -2.79     0.05  -208.61    -6.18   -90.90     7.67   -56.62   -13.56   -61.09    -0.29     0.15
--> Name of file number  47:                                                     
# Energy files from Qdyn, version: 5.10.17 , git id=9325b9c29ad62a733df16f540968e33ee6c78260                       
rep1_fep_046_0.080.en   1      1899  0.080000  -174.43   -37.24    10.74     1.74     0.10  -146.81    -6.69   -83.16     6.95   -39.26   -14.30   -24.39     0.66     3.73
rep1_fep_046_0.080.en   2      1899  0.920000  -411.66  -200.62     5.07    -2.64     0.04  -207.28    -6.35   -90.28     6.99   -58.22   -13.90   -58.79     0.56     0.13
--> Name of file number  48:                                                     
# Energy files from Qdyn, version: 5.10.17 , git id=9325b9c29ad62a733df16f540968e33ee6c78260                       
rep1_fep_047_0.060.en   1      1899  0.060000  -165.97   -33.30    15.12     2.02     0.10  -148.15    -6.53   -85.55     7.18   -38.53   -14.24   -24.07     0.53     4.77
rep1_fep_047_0.060.en   2      1899  0.940000  -414.87  -200.84     4.69    -2.18     0.04  -210.71    -6.09   -94.12     7.31   -58.21   -13.80   -58.38     0.39     0.22
--> Name of file number  49:                                                     
# Energy files from Qdyn, version: 5.10.17 , git id=9325b9c29ad62a733df16f540968e33ee6c78260                       
rep1_fep_048_0.040.en   1      1899  0.040000  -165.85   -32.83    14.37     1.59     0.07  -147.26    -6.15   -84.43     6.74   -36.48   -14.36   -26.35     1.46     4.35
rep1_fep_048_0.040.en   2      1899  0.960000  -416.82  -200.60     4.44    -2.39     0.03  -212.61    -5.87   -92.69     6.85   -54.18   -13.99   -65.75     1.27     0.19
--> Name of file number  50:                                                     
# Energy files from Qdyn, version: 5.10.17 , git id=9325b9c29ad62a733df16f540968e33ee6c78260                       
rep1_fep_049_0.020.en   1      1899  0.020000  -157.38   -24.98    15.74     1.58     0.06  -149.62    -5.68   -86.38     6.62   -36.48   -14.20   -26.76     1.90     5.52
rep1_fep_049_0.020.en   2      1899  0.980000  -419.50  -200.72     4.42    -2.57     0.02  -215.79    -5.15   -94.10     6.91   -55.77   -13.78   -65.92     1.73     0.28
--> Name of file number  51:                                                     
# Energy files from Qdyn, version: 5.10.17 , git id=9325b9c29ad62a733df16f540968e33ee6c78260                       
rep1_fep_050_0.000.en   1      1899  0.000000  -153.38   -22.70    17.37     2.01     0.09  -148.55    -7.65   -86.45     5.72   -36.88   -14.68   -25.22     1.30     6.05
rep1_fep_050_0.000.en   2      1899  1.000000  -415.81  -200.78     4.44    -2.24     0.04  -210.49    -7.18   -92.53     5.95   -55.89   -14.31   -62.07     1.19     0.40


# Part 1: Free energy perturbation summary:

# Calculation for full system
# lambda(1)      dGf sum(dGf)      dGr sum(dGr)     <dG>
   1.000000     0.000     0.000    -3.668    27.825     0.000
   0.980000     3.703     3.703    -3.556    31.493     3.685
   0.960000     3.577     7.280    -3.532    35.049     7.252
   0.940000     3.461    10.741    -3.404    38.581    10.748
   0.920000     3.452    14.194    -3.261    41.985    14.177
   0.900000     3.341    17.535    -3.215    45.246    17.478
   0.880000     3.117    20.651    -2.842    48.461    20.644
   0.860000     3.116    23.768    -2.614    51.303    23.623
   0.840000     2.698    26.466    -2.733    53.917    26.279
   0.820000     2.472    28.938    -2.315    56.649    28.881
   0.800000     2.660    31.598    -1.894    58.964    31.369
   0.780000     2.251    33.849    -1.748    60.858    33.441
   0.760000     1.818    35.667    -1.773    62.606    35.224
   0.740000     1.708    37.375    -1.650    64.379    36.964
   0.720000     1.735    39.110    -1.497    66.029    38.657
   0.700000     1.596    40.706    -1.282    67.526    40.203
   0.680000     1.405    42.110    -1.285    68.808    41.546
   0.660000     1.230    43.340    -1.239    70.093    42.804
   0.640000     1.228    44.568    -1.244    71.332    44.037
   0.620000     1.151    45.719    -1.108    72.576    45.235
   0.600000     1.207    46.926    -0.966    73.684    46.392
   0.580000     1.058    47.985    -0.899    74.650    47.405
   0.560000     0.910    48.895    -0.514    75.549    48.309
   0.540000     0.835    49.729     1.346    76.063    48.983
   0.520000    -0.755    48.974     1.363    74.716    47.933
   0.500000    -1.445    47.529     1.491    73.353    46.529
   0.480000    -1.441    46.088     1.643    71.862    45.062
   0.460000    -1.577    44.511     1.902    70.219    43.452
   0.440000    -1.721    42.790     2.021    68.317    41.641
   0.420000    -1.966    40.824     2.170    66.296    39.647
   0.400000    -2.086    38.738     2.236    64.126    37.519
   0.380000    -2.234    36.504     2.277    61.889    35.284
   0.360000    -2.284    34.220     2.274    59.613    33.004
   0.340000    -2.355    31.865     2.463    57.338    30.689
   0.320000    -2.314    29.551     2.377    54.875    28.300
   0.300000    -2.507    27.044     2.564    52.498    25.858
   0.280000    -2.514    24.530     2.616    49.934    23.319
   0.260000    -2.623    21.908     2.932    47.318    20.700
   0.240000    -2.677    19.231     2.910    44.386    17.896
   0.220000    -3.007    16.223     2.882    41.476    14.937
   0.200000    -2.977    13.246     2.993    38.594    12.007
   0.180000    -3.008    10.238     3.170    35.601     9.007
   0.160000    -3.054     7.184     3.658    32.432     5.895
   0.140000    -3.238     3.946     3.836    28.773     2.447
   0.120000    -3.741     0.205     3.879    24.937    -1.342
   0.100000    -3.902    -3.697     3.921    21.058    -5.232
   0.080000    -3.942    -7.639     4.142    17.137    -9.164
   0.060000    -3.967   -11.607     4.188    12.995   -13.218
   0.040000    -4.217   -15.824     4.400     8.807   -17.421
   0.020000    -4.252   -20.076     4.407     4.407   -21.747
   0.000000    -4.484   -24.560     0.000     0.000   -26.192

# Min energy-gap is:  -1024.08
# Max energy-gap is:   -448.38



# Part 2: Reaction free energy summary:
# Lambda(1)  bin Energy gap      dGa     dGb     dGg    # pts    c1**2    c2**2
   1.000000   39    -580.79       0.00     166.71       0.00     17       NaN       NaN
   1.000000   40    -569.27       0.00     165.54       0.00     97       NaN       NaN
   1.000000   41    -557.76       0.00     166.24       0.00    210       NaN       NaN
   1.000000   42    -546.25       0.00     171.55       0.00    250       NaN       NaN
   1.000000   43    -534.73       0.00     177.83       0.00    390       NaN       NaN
   1.000000   44    -523.22       0.00     178.03       0.00    417       NaN       NaN
   1.000000   45    -511.70       0.00     186.04       0.00    227       NaN       NaN
   1.000000   46    -500.19       0.00     193.91       0.00    139       NaN       NaN
   1.000000   47    -488.68       0.00     195.74       0.00     88       NaN       NaN
   1.000000   48    -477.16       0.00     201.29       0.00     27       NaN       NaN
   1.000000   49    -465.65       0.00     207.17       0.00     17       NaN       NaN
   1.000000   50    -454.13       0.00     213.76       0.00     14       NaN       NaN
   0.980000   37    -603.82       0.54     156.11       0.54     10       NaN       NaN
   0.980000   38    -592.30       0.45     158.12       0.45     46       NaN       NaN
   0.980000   39    -580.79       0.33     161.41       0.33    134       NaN       NaN
   0.980000   40    -569.27       0.27     160.34       0.27    248       NaN       NaN
   0.980000   41    -557.76       0.18     165.35       0.18    323       NaN       NaN
   0.980000   42    -546.25       0.10     170.22       0.10    350       NaN       NaN
   0.980000   43    -534.73      -0.02     175.33      -0.02    312       NaN       NaN
   0.980000   44    -523.22      -0.13     183.24      -0.13    218       NaN       NaN
   0.980000   45    -511.70      -0.25     188.98      -0.25    117       NaN       NaN
   0.980000   46    -500.19      -0.36     195.95      -0.36     97       NaN       NaN
   0.980000   47    -488.68      -0.45     200.11      -0.45     32       NaN       NaN
   0.980000   48    -477.16      -0.62     212.37      -0.62     12       NaN       NaN
   0.960000   37    -603.82       0.94     155.98       0.94     38       NaN       NaN
   0.960000   38    -592.30       0.86     155.69       0.86    161       NaN       NaN
   0.960000   39    -580.79       0.69     159.27       0.69    215       NaN       NaN
   0.960000   40    -569.27       0.55     161.80       0.55    250       NaN       NaN
   0.960000   41    -557.76       0.34     165.39       0.34    244       NaN       NaN
   0.960000   42    -546.25       0.12     167.30       0.12    327       NaN       NaN
   0.960000   43    -534.73      -0.08     174.92      -0.08    311       NaN       NaN
   0.960000   44    -523.22      -0.28     182.15      -0.28    200       NaN       NaN
   0.960000   45    -511.70      -0.50     184.61      -0.50     82       NaN       NaN
   0.960000   46    -500.19      -0.81     197.83      -0.81     30       NaN       NaN
   0.960000   47    -488.68      -0.96     203.59      -0.96     34       NaN       NaN
   0.940000   35    -626.85       2.09     144.96       2.09     10       NaN       NaN
   0.940000   37    -603.82       1.48     153.63       1.48     25       NaN       NaN
   0.940000   38    -592.30       1.27     156.01       1.27     50       NaN       NaN
   0.940000   39    -580.79       0.92     157.49       0.92    194       NaN       NaN
   0.940000   40    -569.27       0.68     158.88       0.68    282       NaN       NaN
   0.940000   41    -557.76       0.45     162.33       0.45    316       NaN       NaN
   0.940000   42    -546.25       0.12     163.54       0.12    367       NaN       NaN
   0.940000   43    -534.73      -0.30     172.68      -0.30    290       NaN       NaN
   0.940000   44    -523.22      -0.49     175.27      -0.49    196       NaN       NaN
   0.940000   45    -511.70      -0.76     180.31      -0.76    105       NaN       NaN
   0.940000   46    -500.19      -1.16     180.69      -1.16     49       NaN       NaN
   0.940000   47    -488.68      -0.16     181.31      -0.16     10       NaN       NaN
   0.920000   35    -626.85       2.60     146.93       2.60     10       NaN       NaN
   0.920000   37    -603.82       1.91     149.98       1.91     56       NaN       NaN
   0.920000   38    -592.30       1.56     152.92       1.56    250       NaN       NaN
   0.920000   39    -580.79       1.13     157.82       1.13    341       NaN       NaN
   0.920000   40    -569.27       0.59     163.12       0.59    440       NaN       NaN
   0.920000   41    -557.76       0.20     166.45       0.20    378       NaN       NaN
   0.920000   42    -546.25      -0.11     170.90      -0.11    230       NaN       NaN
   0.920000   43    -534.73      -0.48     176.67      -0.48    132       NaN       NaN
   0.920000   44    -523.22      -0.75     182.37      -0.75     42       NaN       NaN
   0.920000   45    -511.70      -1.11     185.51      -1.11     13       NaN       NaN
   0.900000   33    -649.87       4.62     129.23       4.62     29       NaN       NaN
   0.900000   34    -638.36       4.29     131.97       4.29     23       NaN       NaN
   0.900000   35    -626.85       3.34     136.69       3.34     78       NaN       NaN
   0.900000   36    -615.33       2.94     132.84       2.94    210       NaN       NaN
   0.900000   37    -603.82       2.39     135.76       2.39    255       NaN       NaN
   0.900000   38    -592.30       1.92     150.68       1.92    260       NaN       NaN
   0.900000   39    -580.79       1.23     151.14       1.23    279       NaN       NaN
   0.900000   40    -569.27       0.77     155.96       0.77    326       NaN       NaN
   0.900000   41    -557.76      -0.04     164.28      -0.04    177       NaN       NaN
   0.900000   42    -546.25      -0.60     169.93      -0.60    149       NaN       NaN
   0.900000   43    -534.73      -1.08     178.44      -1.08     40       NaN       NaN
   0.900000   44    -523.22      -1.51     183.01      -1.51     37       NaN       NaN
   0.900000   45    -511.70      -1.91     188.31      -1.91     21       NaN       NaN
   0.900000   46    -500.19      -2.35     195.60      -2.35     13       NaN       NaN
   0.880000   34    -638.36       4.43     135.07       4.43     13       NaN       NaN
   0.880000   35    -626.85       3.90     137.08       3.90     52       NaN       NaN
   0.880000   36    -615.33       3.32     140.67       3.32    193       NaN       NaN
   0.880000   37    -603.82       2.60     144.29       2.60    283       NaN       NaN
   0.880000   38    -592.30       2.08     150.19       2.08    294       NaN       NaN
   0.880000   39    -580.79       1.37     151.33       1.37    265       NaN       NaN
   0.880000   40    -569.27       0.79     156.27       0.79    260       NaN       NaN
   0.880000   41    -557.76       0.21     159.03       0.21    264       NaN       NaN
   0.880000   42    -546.25      -0.34     165.03      -0.34     99       NaN       NaN
   0.880000   43    -534.73      -0.74     173.93      -0.74     89       NaN       NaN
   0.880000   44    -523.22      -1.42     175.91      -1.42     66       NaN       NaN
   0.880000   45    -511.70      -1.69     181.23      -1.69     21       NaN       NaN
   0.860000   30    -684.42       8.32     114.01       8.32     29       NaN       NaN
   0.860000   31    -672.90       7.69     113.81       7.69     70       NaN       NaN
   0.860000   32    -661.39       7.04     114.21       7.04    118       NaN       NaN
   0.860000   33    -649.87       6.28     117.53       6.28    136       NaN       NaN
   0.860000   34    -638.36       5.15     125.20       5.15    187       NaN       NaN
   0.860000   35    -626.85       4.13     127.78       4.13    265       NaN       NaN
   0.860000   36    -615.33       3.33     139.50       3.33    367       NaN       NaN
   0.860000   37    -603.82       2.51     144.33       2.51    377       NaN       NaN
   0.860000   38    -592.30       1.94     147.47       1.94    212       NaN       NaN
   0.860000   39    -580.79       1.07     152.41       1.07     97       NaN       NaN
   0.860000   40    -569.27       0.16     159.59       0.16     37       NaN       NaN
   0.840000   29    -695.93      10.10     108.08      10.10     23       NaN       NaN
   0.840000   30    -684.42       9.25     110.06       9.25     71       NaN       NaN
   0.840000   31    -672.90       8.21     109.29       8.21    177       NaN       NaN
   0.840000   32    -661.39       7.31     116.10       7.31    310       NaN       NaN
   0.840000   33    -649.87       6.26     121.29       6.26    388       NaN       NaN
   0.840000   34    -638.36       4.72     126.50       4.72    321       NaN       NaN
   0.840000   35    -626.85       3.37     133.21       3.37    303       NaN       NaN
   0.840000   36    -615.33       2.35     141.38       2.35    168       NaN       NaN
   0.840000   37    -603.82       1.50     148.08       1.50     89       NaN       NaN
   0.840000   38    -592.30       0.71     151.39       0.71     34       NaN       NaN
   0.820000   30    -684.42       9.68     111.78       9.68     20       NaN       NaN
   0.820000   31    -672.90       7.56     119.79       7.56     17       NaN       NaN
   0.820000   32    -661.39       6.63     122.16       6.63     80       NaN       NaN
   0.820000   33    -649.87       5.43     123.87       5.43    273       NaN       NaN
   0.820000   34    -638.36       4.56     128.10       4.56    435       NaN       NaN
   0.820000   35    -626.85       3.77     132.47       3.77    355       NaN       NaN
   0.820000   36    -615.33       3.38     135.54       3.38    269       NaN       NaN
   0.820000   37    -603.82       2.38     137.98       2.38    251       NaN       NaN
   0.820000   38    -592.30       1.49     144.88       1.49    142       NaN       NaN
   0.820000   39    -580.79       0.67     150.08       0.67     57       NaN       NaN
   0.800000   29    -695.93      12.13     105.40      12.13     31       NaN       NaN
   0.800000   30    -684.42      10.25     108.82      10.25    179       NaN       NaN
   0.800000   31    -672.90       9.20     111.31       9.20    407       NaN       NaN
   0.800000   32    -661.39       7.44     112.92       7.44    566       NaN       NaN
   0.800000   33    -649.87       6.18     113.49       6.18    426       NaN       NaN
   0.800000   34    -638.36       5.12     122.93       5.12    230       NaN       NaN
   0.800000   35    -626.85       4.22     134.29       4.22     44       NaN       NaN
   0.800000   36    -615.33       3.79     137.17       3.79     14       NaN       NaN
   0.780000   25    -741.99      15.88      82.85      15.88     57       NaN       NaN
   0.780000   26    -730.47      14.45      88.63      14.45    160       NaN       NaN
   0.780000   27    -718.96      13.68      89.04      13.68    416       NaN       NaN
   0.780000   28    -707.44      12.52      96.74      12.52    528       NaN       NaN
   0.780000   29    -695.93      11.60     100.78      11.60    294       NaN       NaN
   0.780000   30    -684.42      10.50     105.01      10.50    185       NaN       NaN
   0.780000   31    -672.90       9.32     109.48       9.32    131       NaN       NaN
   0.780000   32    -661.39       8.25     114.66       8.25     77       NaN       NaN
   0.780000   33    -649.87       6.88     121.76       6.88     37       NaN       NaN
   0.760000   24    -753.50      16.59      88.54      16.59     31       NaN       NaN
   0.760000   25    -741.99      15.59      87.79      15.59    227       NaN       NaN
   0.760000   26    -730.47      14.13      89.00      14.13    312       NaN       NaN
   0.760000   27    -718.96      13.28      93.11      13.28    425       NaN       NaN
   0.760000   28    -707.44      12.52      96.53      12.52    461       NaN       NaN
   0.760000   29    -695.93      12.17      99.39      12.17    330       NaN       NaN
   0.760000   30    -684.42      11.12     102.12      11.12     86       NaN       NaN
   0.760000   31    -672.90      11.12     108.82      11.12     19       NaN       NaN
   0.740000   25    -741.99      17.69      84.25      17.69     50       NaN       NaN
   0.740000   26    -730.47      14.60      88.93      14.60    289       NaN       NaN
   0.740000   27    -718.96      13.05      96.37      13.05    534       NaN       NaN
   0.740000   28    -707.44      12.64      94.93      12.64    540       NaN       NaN
   0.740000   29    -695.93      11.68      99.65      11.68    373       NaN       NaN
   0.740000   30    -684.42      10.82     101.32      10.82     93       NaN       NaN
   0.740000   31    -672.90      11.51     108.79      11.51     20       NaN       NaN
   0.720000   24    -753.50      19.49      79.14      19.49     27       NaN       NaN
   0.720000   25    -741.99      18.01      80.73      18.01    176       NaN       NaN
   0.720000   26    -730.47      16.28      82.03      16.28    309       NaN       NaN
   0.720000   27    -718.96      14.75      88.13      14.75    498       NaN       NaN
   0.720000   28    -707.44      13.09      90.55      13.09    475       NaN       NaN
   0.720000   29    -695.93      12.40      94.84      12.40    283       NaN       NaN
   0.720000   30    -684.42      10.02     100.98      10.02    111       NaN       NaN
   0.720000   31    -672.90      11.58     106.21      11.58     20       NaN       NaN
   0.700000   22    -776.53      21.93      73.63      21.93     60       NaN       NaN
   0.700000   23    -765.01      20.96      76.35      20.96    183       NaN       NaN
   0.700000   24    -753.50      19.39      76.99      19.39    266       NaN       NaN
   0.700000   25    -741.99      17.58      78.76      17.58    354       NaN       NaN
   0.700000   26    -730.47      14.78      82.48      14.78    396       NaN       NaN
   0.700000   27    -718.96      13.36      88.84      13.36    317       NaN       NaN
   0.700000   28    -707.44      12.87      94.04      12.87    243       NaN       NaN
   0.700000   29    -695.93      11.19      94.76      11.19     72       NaN       NaN
   0.680000   20    -799.56      23.29      74.85      23.29     12       NaN       NaN
   0.680000   21    -788.04      22.71      70.93      22.71     92       NaN       NaN
   0.680000   22    -776.53      21.59      69.58      21.59    296       NaN       NaN
   0.680000   23    -765.01      19.89      69.97      19.89    501       NaN       NaN
   0.680000   24    -753.50      18.98      78.29      18.98    497       NaN       NaN
   0.680000   25    -741.99      18.28      83.15      18.28    261       NaN       NaN
   0.680000   26    -730.47      17.41      82.58      17.41    118       NaN       NaN
   0.680000   27    -718.96      16.91      84.09      16.91     49       NaN       NaN
   0.680000   28    -707.44      13.95      93.98      13.95     50       NaN       NaN
   0.680000   29    -695.93      12.74      98.06      12.74     23       NaN       NaN
   0.660000   20    -799.56      24.01      70.90      24.01     47       NaN       NaN
   0.660000   21    -788.04      23.30      73.13      23.30    186       NaN       NaN
   0.660000   22    -776.53      21.31      70.71      21.31    385       NaN       NaN
   0.660000   23    -765.01      19.58      74.52      19.58    581       NaN       NaN
   0.660000   24    -753.50      18.21      80.33      18.21    365       NaN       NaN
   0.660000   25    -741.99      16.53      85.45      16.53    230       NaN       NaN
   0.660000   26    -730.47      14.62      88.02      14.62     73       NaN       NaN
   0.660000   27    -718.96      13.12      91.39      13.12     27       NaN       NaN
   0.640000   20    -799.56      29.32      66.33      29.32     17       NaN       NaN
   0.640000   21    -788.04      24.70      68.31      24.70    111       NaN       NaN
   0.640000   22    -776.53      23.21      67.68      23.21    319       NaN       NaN
   0.640000   23    -765.01      21.44      71.11      21.44    404       NaN       NaN
   0.640000   24    -753.50      19.41      74.93      19.41    380       NaN       NaN
   0.640000   25    -741.99      15.85      76.85      15.85    298       NaN       NaN
   0.640000   26    -730.47      15.08      81.27      15.08    191       NaN       NaN
   0.640000   27    -718.96      13.97      83.88      13.97    108       NaN       NaN
   0.640000   28    -707.44      13.21      85.72      13.21     54       NaN       NaN
   0.640000   29    -695.93      12.81      97.32      12.81     17       NaN       NaN
   0.620000   21    -788.04      23.50      70.50      23.50     66       NaN       NaN
   0.620000   22    -776.53      22.07      72.09      22.07    266       NaN       NaN
   0.620000   23    -765.01      20.76      74.80      20.76    414       NaN       NaN
   0.620000   24    -753.50      19.17      77.24      19.17    491       NaN       NaN
   0.620000   25    -741.99      18.64      80.59      18.64    444       NaN       NaN
   0.620000   26    -730.47      17.46      82.34      17.46    165       NaN       NaN
   0.620000   27    -718.96      17.49      88.56      17.49     50       NaN       NaN
   0.600000   20    -799.56      26.78      67.54      26.78     43       NaN       NaN
   0.600000   21    -788.04      24.61      67.20      24.61    255       NaN       NaN
   0.600000   22    -776.53      21.68      71.14      21.68    521       NaN       NaN
   0.600000   23    -765.01      20.58      72.46      20.58    510       NaN       NaN
   0.600000   24    -753.50      17.69      74.01      17.69    363       NaN       NaN
   0.600000   25    -741.99      18.06      78.87      18.06    114       NaN       NaN
   0.600000   26    -730.47      19.12      84.53      19.12     28       NaN       NaN
   0.600000   27    -718.96      17.44      82.84      17.44     48       NaN       NaN
   0.580000   19    -811.07      33.00      65.31      33.00     40       NaN       NaN
   0.580000   20    -799.56      28.08      61.26      28.08     53       NaN       NaN
   0.580000   21    -788.04      26.37      63.67      26.37    209       NaN       NaN
   0.580000   22    -776.53      24.60      65.64      24.60    547       NaN       NaN
   0.580000   23    -765.01      23.21      65.93      23.21    495       NaN       NaN
   0.580000   24    -753.50      22.39      69.21      22.39    340       NaN       NaN
   0.580000   25    -741.99      20.73      72.81      20.73    168       NaN       NaN
   0.580000   26    -730.47      20.29      80.04      20.29     37       NaN       NaN
   0.580000   27    -718.96      20.41      83.66      20.41     10       NaN       NaN
   0.560000   18    -822.58      33.97      60.74      33.97     20       NaN       NaN
   0.560000   19    -811.07      27.89      62.77      27.89    208       NaN       NaN
   0.560000   20    -799.56      25.24      64.08      25.24    456       NaN       NaN
   0.560000   21    -788.04      22.90      64.24      22.90    398       NaN       NaN
   0.560000   22    -776.53      25.43      68.21      25.43    401       NaN       NaN
   0.560000   23    -765.01      24.07      71.28      24.07    202       NaN       NaN
   0.560000   24    -753.50      20.80      75.68      20.80     92       NaN       NaN
   0.560000   25    -741.99      20.28      77.93      20.28     67       NaN       NaN
   0.560000   26    -730.47      20.30      83.75      20.30     17       NaN       NaN
   0.560000   27    -718.96      18.43      85.20      18.43     16       NaN       NaN
   0.560000   28    -707.44      16.59      87.82      16.59     11       NaN       NaN
   0.540000   10    -914.70      83.81       1.49       1.49     61     0.000     1.000
   0.540000   11    -903.18      71.79       3.22       3.22    118     0.000     1.000
   0.540000   12    -891.67      72.07       2.95       2.95    101     0.000     1.000
   0.540000   13    -880.15      73.54       5.03       5.03    142     0.000     1.000
   0.540000   14    -868.64      68.77       9.42       9.42    117     0.000     1.000
   0.540000   15    -857.13      68.02      14.59      14.59     63     0.000     1.000
   0.540000   16    -845.61      62.62      20.54      20.54     19     0.000     1.000
   0.540000   17    -834.10      59.08      24.60      24.60     19     0.000     1.000
   0.540000   18    -822.58      30.09      38.48      30.09     50       NaN       NaN
   0.540000   19    -811.07      30.85      43.60      30.85    156       NaN       NaN
   0.540000   20    -799.56      28.01      51.14      28.01    247       NaN       NaN
   0.540000   21    -788.04      25.53      51.82      25.53    222       NaN       NaN
   0.540000   22    -776.53      24.33      54.72      24.33    326       NaN       NaN
   0.540000   23    -765.01      21.94      62.87      21.94    197       NaN       NaN
   0.540000   24    -753.50      21.07      55.00      21.07     47       NaN       NaN
   0.540000   25    -741.99      25.00      61.90      25.00     10       NaN       NaN
   0.520000    9    -926.21      84.71       2.22       2.22     15     0.000     1.000
   0.520000   10    -914.70      82.00       0.70       0.70     93     0.000     1.000
   0.520000   11    -903.18      74.86      -2.93      -2.93    240     0.000     1.000
   0.520000   12    -891.67      75.15      -3.30      -3.30    691     0.000     1.000
   0.520000   13    -880.15      72.53       1.50       1.50    614     0.000     1.000
   0.520000   14    -868.64      70.92      11.56      11.56    146     0.000     1.000
   0.520000   15    -857.13      68.92      15.31      15.31     79     0.000     1.000
   0.520000   16    -845.61      68.54      21.26      21.26     21     0.000     1.000
   0.500000   10    -914.70      80.50       2.71       2.71     73     0.000     1.000
   0.500000   11    -903.18      76.78       3.67       3.67    186     0.000     1.000
   0.500000   12    -891.67      74.47       0.92       0.92    554     0.000     1.000
   0.500000   13    -880.15      73.45       4.31       4.31    651     0.000     1.000
   0.500000   14    -868.64      72.05       9.29       9.29    282     0.000     1.000
   0.500000   15    -857.13      71.15      15.76      15.76    113     0.000     1.000
   0.500000   16    -845.61      70.50      19.21      19.21     32     0.000     1.000
   0.480000    9    -926.21      89.39      -0.43      -0.43     18     0.000     1.000
   0.480000   10    -914.70      78.24       2.03       2.03     96     0.000     1.000
   0.480000   11    -903.18      77.71      -0.27      -0.27    223     0.000     1.000
   0.480000   12    -891.67      74.65      -1.78      -1.78    420     0.000     1.000
   0.480000   13    -880.15      76.83      -0.75      -0.75    439     0.000     1.000
   0.480000   14    -868.64      72.22       0.60       0.60    463     0.000     1.000
   0.480000   15    -857.13      69.65       4.72       4.72    184     0.000     1.000
   0.480000   16    -845.61      72.90      12.79      12.79     46     0.000     1.000
   0.480000   17    -834.10      70.92      20.72      20.72     10     0.000     1.000
   0.460000    7    -949.24      91.93      -6.83      -6.83     51     0.000     1.000
   0.460000    8    -937.73      89.19      -5.05      -5.05    113     0.000     1.000
   0.460000    9    -926.21      85.00      -5.04      -5.04    216     0.000     1.000
   0.460000   10    -914.70      84.30      -3.64      -3.64    315     0.000     1.000
   0.460000   11    -903.18      80.59      -3.08      -3.08    459     0.000     1.000
   0.460000   12    -891.67      78.00       0.80       0.80    377     0.000     1.000
   0.460000   13    -880.15      79.50       3.99       3.99    209     0.000     1.000
   0.460000   14    -868.64      80.66       5.17       5.17    146     0.000     1.000
   0.460000   15    -857.13      82.95       8.73       8.73     13     0.000     1.000
   0.440000    4    -983.78      99.91      -7.88      -7.88     18     0.000     1.000
   0.440000    5    -972.27      93.05      -8.05      -8.05    113     0.000     1.000
   0.440000    6    -960.75      93.38      -7.73      -7.73    217     0.000     1.000
   0.440000    7    -949.24      87.94      -8.54      -8.54    543     0.000     1.000
   0.440000    8    -937.73      86.45      -7.74      -7.74    478     0.000     1.000
   0.440000    9    -926.21      85.82      -5.27      -5.27    386     0.000     1.000
   0.440000   10    -914.70      82.79      -3.35      -3.35    137     0.000     1.000
   0.420000    3    -995.30      98.05     -12.82     -12.82    125     0.000     1.000
   0.420000    4    -983.78      97.13     -10.63     -10.63    178     0.000     1.000
   0.420000    5    -972.27      92.32     -13.12     -13.12    378     0.000     1.000
   0.420000    6    -960.75      89.52     -10.19     -10.19    515     0.000     1.000
   0.420000    7    -949.24      89.10      -7.36      -7.36    503     0.000     1.000
   0.420000    8    -937.73      91.31      -6.30      -6.30    183     0.000     1.000
   0.420000    9    -926.21      90.18       2.76       2.76     10     0.000     1.000
   0.400000    1   -1018.32     103.23     -14.87     -14.87     26     0.000     1.000
   0.400000    2   -1006.81     102.52     -14.11     -14.11     39     0.000     1.000
   0.400000    3    -995.30     100.44     -15.75     -15.75     85     0.000     1.000
   0.400000    4    -983.78      92.62     -14.42     -14.42    378     0.000     1.000
   0.400000    5    -972.27      92.34      -9.63      -9.63    440     0.000     1.000
   0.400000    6    -960.75      95.17     -12.74     -12.74    529     0.000     1.000
   0.400000    7    -949.24      92.95     -13.42     -13.42    310     0.000     1.000
   0.400000    8    -937.73      90.67     -10.31     -10.31     82     0.000     1.000
   0.400000    9    -926.21      95.71      -1.91      -1.91     10     0.000     1.000
   0.380000    2   -1006.81     110.58     -13.59     -13.59     23     0.000     1.000
   0.380000    3    -995.30     104.19     -13.82     -13.82     56     0.000     1.000
   0.380000    4    -983.78     101.27     -11.85     -11.85    283     0.000     1.000
   0.380000    5    -972.27      97.66     -13.00     -13.00    552     0.000     1.000
   0.380000    6    -960.75      93.99     -11.79     -11.79    614     0.000     1.000
   0.380000    7    -949.24      94.41      -9.45      -9.45    342     0.000     1.000
   0.380000    8    -937.73      91.63      -2.76      -2.76     29     0.000     1.000
   0.360000    3    -995.30     104.61     -13.67     -13.67     43     0.000     1.000
   0.360000    4    -983.78      99.68     -17.17     -17.17    359     0.000     1.000
   0.360000    5    -972.27      94.94     -15.20     -15.20    514     0.000     1.000
   0.360000    6    -960.75      96.71     -12.43     -12.43    569     0.000     1.000
   0.360000    7    -949.24      90.45     -13.86     -13.86    300     0.000     1.000
   0.360000    8    -937.73      94.93     -12.19     -12.19     78     0.000     1.000
   0.360000    9    -926.21      96.31      -6.15      -6.15     29     0.000     1.000
   0.340000    3    -995.30     107.19     -11.99     -11.99     94     0.000     1.000
   0.340000    4    -983.78     102.01     -12.94     -12.94    153     0.000     1.000
   0.340000    5    -972.27     100.14     -12.93     -12.93    362     0.000     1.000
   0.340000    6    -960.75      99.78     -12.14     -12.14    501     0.000     1.000
   0.340000    7    -949.24      94.43     -11.44     -11.44    442     0.000     1.000
   0.340000    8    -937.73      96.08     -10.35     -10.35    317     0.000     1.000
   0.340000    9    -926.21      98.56      -8.70      -8.70     30     0.000     1.000
   0.320000    2   -1006.81     111.55     -14.38     -14.38     48     0.000     1.000
   0.320000    3    -995.30     105.58     -14.83     -14.83    313     0.000     1.000
   0.320000    4    -983.78     104.48     -15.26     -15.26    457     0.000     1.000
   0.320000    5    -972.27     103.45     -14.77     -14.77    393     0.000     1.000
   0.320000    6    -960.75     102.37     -14.89     -14.89    379     0.000     1.000
   0.320000    7    -949.24     100.88     -13.36     -13.36    283     0.000     1.000
   0.320000    8    -937.73     100.99     -12.54     -12.54     26     0.000     1.000
   0.300000    2   -1006.81     113.76     -19.42     -19.42     24     0.000     1.000
   0.300000    3    -995.30     106.33     -19.21     -19.21    174     0.000     1.000
   0.300000    4    -983.78      97.07     -17.76     -17.76    410     0.000     1.000
   0.300000    5    -972.27      89.80     -17.63     -17.63    538     0.000     1.000
   0.300000    6    -960.75      86.79     -16.67     -16.67    598     0.000     1.000
   0.300000    7    -949.24      86.80     -15.06     -15.06    126     0.000     1.000
   0.300000    8    -937.73     103.69     -12.39     -12.39     25     0.000     1.000
   0.280000    3    -995.30     115.08     -15.73     -15.73     53     0.000     1.000
   0.280000    4    -983.78     108.26     -17.81     -17.81    314     0.000     1.000
   0.280000    5    -972.27     103.81     -17.59     -17.59    679     0.000     1.000
   0.280000    6    -960.75     102.62     -16.10     -16.10    559     0.000     1.000
   0.280000    7    -949.24      98.24     -14.72     -14.72    269     0.000     1.000
   0.280000    8    -937.73     110.44     -13.10     -13.10     23     0.000     1.000
   0.260000    2   -1006.81     113.96     -16.41     -16.41     47     0.000     1.000
   0.260000    3    -995.30     112.08     -18.19     -18.19    272     0.000     1.000
   0.260000    4    -983.78     106.94     -17.03     -17.03    508     0.000     1.000
   0.260000    5    -972.27     106.44     -16.67     -16.67    558     0.000     1.000
   0.260000    6    -960.75     104.04     -15.99     -15.99    344     0.000     1.000
   0.260000    7    -949.24     103.50     -15.57     -15.57    147     0.000     1.000
   0.260000    8    -937.73     114.98     -14.70     -14.70     15     0.000     1.000
   0.240000    1   -1018.32     126.98     -21.95     -21.95     15     0.000     1.000
   0.240000    2   -1006.81     125.62     -22.63     -22.63    152     0.000     1.000
   0.240000    3    -995.30     117.60     -22.75     -22.75    335     0.000     1.000
   0.240000    4    -983.78     116.20     -21.43     -21.43    613     0.000     1.000
   0.240000    5    -972.27     116.64     -21.25     -21.25    504     0.000     1.000
   0.240000    6    -960.75     117.28     -19.84     -19.84    227     0.000     1.000
   0.240000    7    -949.24     120.53     -20.20     -20.20     53     0.000     1.000
   0.220000    2   -1006.81     125.03     -20.41     -20.41     22     0.000     1.000
   0.220000    3    -995.30     122.69     -19.36     -19.36    224     0.000     1.000
   0.220000    4    -983.78     115.88     -20.28     -20.28    398     0.000     1.000
   0.220000    5    -972.27     113.07     -20.67     -20.67    547     0.000     1.000
   0.220000    6    -960.75     106.33     -20.48     -20.48    420     0.000     1.000
   0.220000    7    -949.24     105.40     -19.91     -19.91    203     0.000     1.000
   0.220000    8    -937.73     122.09     -18.91     -18.91     44     0.000     1.000
   0.220000   12    -891.67     130.65     -18.91     -18.91     19     0.000     1.000
   0.200000    4    -983.78     112.25     -18.98     -18.98     47     0.000     1.000
   0.200000    5    -972.27     107.41     -18.72     -18.72    199     0.000     1.000
   0.200000    6    -960.75     105.97     -22.11     -22.11    422     0.000     1.000
   0.200000    7    -949.24     104.96     -23.15     -23.15    688     0.000     1.000
   0.200000    8    -937.73     111.71     -21.85     -21.85    321     0.000     1.000
   0.200000    9    -926.21     111.20     -21.67     -21.67    149     0.000     1.000
   0.200000   10    -914.70     127.79     -20.99     -20.99     59     0.000     1.000
   0.200000   11    -903.18     143.08     -21.74     -21.74     13     0.000     1.000
   0.180000    2   -1006.81     125.11     -18.22     -18.22     16     0.000     1.000
   0.180000    3    -995.30     123.69     -19.95     -19.95     95     0.000     1.000
   0.180000    4    -983.78     122.43     -20.22     -20.22    269     0.000     1.000
   0.180000    5    -972.27     121.93     -19.89     -19.89    501     0.000     1.000
   0.180000    6    -960.75     116.63     -20.30     -20.30    642     0.000     1.000
   0.180000    7    -949.24     115.78     -21.09     -21.09    299     0.000     1.000
   0.180000    8    -937.73     126.89     -21.07     -21.07     77     0.000     1.000
   0.160000    1   -1018.32     127.53     -17.83     -17.83     15     0.000     1.000
   0.160000    2   -1006.81     127.71     -20.13     -20.13     22     0.000     1.000
   0.160000    3    -995.30     131.15     -21.05     -21.05     74     0.000     1.000
   0.160000    4    -983.78     124.73     -21.70     -21.70    252     0.000     1.000
   0.160000    5    -972.27     125.68     -21.44     -21.44    547     0.000     1.000
   0.160000    6    -960.75     125.39     -21.81     -21.81    605     0.000     1.000
   0.160000    7    -949.24     124.68     -21.61     -21.61    267     0.000     1.000
   0.160000    8    -937.73     121.09     -19.80     -19.80     96     0.000     1.000
   0.140000    3    -995.30     144.75     -21.21     -21.21     17     0.000     1.000
   0.140000    4    -983.78     143.69     -22.15     -22.15     31     0.000     1.000
   0.140000    5    -972.27     140.67     -23.09     -23.09    154     0.000     1.000
   0.140000    6    -960.75     139.70     -23.22     -23.22    222     0.000     1.000
   0.140000    7    -949.24     139.02     -24.40     -24.40    287     0.000     1.000
   0.140000    8    -937.73     147.86     -25.03     -25.03    516     0.000     1.000
   0.140000    9    -926.21     149.16     -25.10     -25.10    425     0.000     1.000
   0.140000   10    -914.70     153.05     -25.36     -25.36    169     0.000     1.000
   0.140000   11    -903.18     153.82     -24.32     -24.32     78     0.000     1.000
   0.120000    6    -960.75     166.66     -24.46     -24.46     29     0.000     1.000
   0.120000    7    -949.24     156.65     -25.54     -25.54     70     0.000     1.000
   0.120000    8    -937.73     155.06     -25.72     -25.72    239     0.000     1.000
   0.120000    9    -926.21     149.80     -25.34     -25.34    461     0.000     1.000
   0.120000   10    -914.70     148.45     -25.35     -25.35    610     0.000     1.000
   0.120000   11    -903.18     149.30     -25.13     -25.13    417     0.000     1.000
   0.120000   12    -891.67     152.41     -25.13     -25.13     71     0.000     1.000
   0.100000    6    -960.75     157.06     -25.08     -25.08     54     0.000     1.000
   0.100000    7    -949.24     152.08     -25.01     -25.01    222     0.000     1.000
   0.100000    8    -937.73     155.88     -25.37     -25.37    294     0.000     1.000
   0.100000    9    -926.21     159.58     -25.60     -25.60    545     0.000     1.000
   0.100000   10    -914.70     153.60     -25.66     -25.66    438     0.000     1.000
   0.100000   11    -903.18     152.71     -25.67     -25.67    250     0.000     1.000
   0.100000   12    -891.67     152.37     -24.97     -24.97     86     0.000     1.000
   0.100000   13    -880.15     163.69     -25.19     -25.19     10     0.000     1.000
   0.080000    7    -949.24     165.37     -24.70     -24.70     28     0.000     1.000
   0.080000    8    -937.73     162.47     -25.06     -25.06    164     0.000     1.000
   0.080000    9    -926.21     157.21     -25.09     -25.09    625     0.000     1.000
   0.080000   10    -914.70     151.70     -25.38     -25.38    635     0.000     1.000
   0.080000   11    -903.18     159.12     -25.44     -25.44    363     0.000     1.000
   0.080000   12    -891.67     167.86     -25.43     -25.43     75     0.000     1.000
   0.060000    6    -960.75     175.98     -25.44     -25.44     33     0.000     1.000
   0.060000    7    -949.24     170.14     -25.57     -25.57    100     0.000     1.000
   0.060000    8    -937.73     167.38     -25.54     -25.54    231     0.000     1.000
   0.060000    9    -926.21     166.90     -25.83     -25.83    369     0.000     1.000
   0.060000   10    -914.70     163.77     -26.24     -26.24    434     0.000     1.000
   0.060000   11    -903.18     167.24     -26.15     -26.15    422     0.000     1.000
   0.060000   12    -891.67     169.72     -26.31     -26.31    224     0.000     1.000
   0.060000   13    -880.15     174.15     -26.72     -26.72     79     0.000     1.000
   0.040000    7    -949.24     169.19     -25.54     -25.54     96     0.000     1.000
   0.040000    8    -937.73     170.05     -25.65     -25.65    251     0.000     1.000
   0.040000    9    -926.21     161.21     -25.84     -25.84    555     0.000     1.000
   0.040000   10    -914.70     169.33     -25.97     -25.97    563     0.000     1.000
   0.040000   11    -903.18     175.82     -26.19     -26.19    295     0.000     1.000
   0.040000   12    -891.67     181.14     -26.43     -26.43    113     0.000     1.000
   0.040000   13    -880.15     181.52     -26.79     -26.79     14     0.000     1.000
   0.020000    7    -949.24     171.18     -25.97     -25.97     55     0.000     1.000
   0.020000    8    -937.73     166.96     -26.04     -26.04    231     0.000     1.000
   0.020000    9    -926.21     168.21     -26.12     -26.12    445     0.000     1.000
   0.020000   10    -914.70     175.52     -26.23     -26.23    599     0.000     1.000
   0.020000   11    -903.18     185.04     -26.33     -26.33    400     0.000     1.000
   0.020000   12    -891.67     191.00     -26.45     -26.45    153     0.000     1.000
   0.020000   13    -880.15     211.14     -26.62     -26.62     16     0.000     1.000
   0.000000    8    -937.73     174.69     -26.19     -26.19     36     0.000     1.000
   0.000000    9    -926.21     167.41     -26.19     -26.19    268     0.000     1.000
   0.000000   10    -914.70     167.87     -26.19     -26.19    483     0.000     1.000
   0.000000   11    -903.18     174.65     -26.19     -26.19    531     0.000     1.000
   0.000000   12    -891.67     182.77     -26.19     -26.19    373     0.000     1.000
   0.000000   13    -880.15     188.21     -26.19     -26.19    182     0.000     1.000
   0.000000   14    -868.64     200.40     -26.19     -26.19     26     0.000     1.000


# Part 3: Bin-averaged summary:
# bin  energy gap  <dGg> <dGg norm> pts  <c1**2> <c2**2> <r_xy>
   1  -1018.32    -17.56      4.67         56    0.000    1.000    3.788
   2  -1006.81    -18.86      3.36        393    0.000    1.000    3.824
   3   -995.30    -17.84      4.38       1960    0.000    1.000    3.855
   4   -983.78    -17.39      4.84       4668    0.000    1.000    3.807
   5   -972.27    -16.81      5.42       6979    0.000    1.000    3.753
   6   -960.75    -16.16      6.06       7479    0.000    1.000    3.667
   7   -949.24    -16.15      6.07       5684    0.000    1.000    3.502
   8   -937.73    -18.88      3.35       3869    0.000    1.000    2.984
   9   -926.21    -22.22      0.00       4556    0.000    1.000    2.551
  10   -914.70    -21.78      0.45       4765    0.000    1.000    2.474
  11   -903.18    -18.18      4.04       3995    0.000    1.000    2.617
  12   -891.67     -9.46     12.76       3257    0.000    1.000    3.085
  13   -880.15     -1.27     20.96       2356    0.000    1.000    3.376
  14   -868.64      4.88     27.11       1180    0.000    1.000    3.500
  15   -857.13     10.82     33.05        452    0.000    1.000    3.520
  16   -845.61     17.29     39.51        118    0.000    1.000    3.518
  17   -834.10     23.26     45.49         29    0.000    1.000    3.381
  18   -822.58     31.19     53.42         70      NaN      NaN    3.572
  19   -811.07     29.54     51.77        404      NaN      NaN    3.642
  20   -799.56     26.25     48.48        875      NaN      NaN    3.676
  21   -788.04     24.22     46.45       1539      NaN      NaN    3.653
  22   -776.53     23.09     45.32       3121      NaN      NaN    3.664
  23   -765.01     21.11     43.33       3487      NaN      NaN    3.671
  24   -753.50     19.32     41.54       2899      NaN      NaN    3.671
  25   -741.99     17.69     39.91       2456      NaN      NaN    3.692
  26   -730.47     15.44     37.66       2095      NaN      NaN    3.714
  27   -718.96     13.92     36.15       2498      NaN      NaN    3.748
  28   -707.44     12.76     34.99       2362      NaN      NaN    3.764
  29   -695.93     11.91     34.13       1446      NaN      NaN    3.756
  30   -684.42     10.26     32.49        774      NaN      NaN    3.743
  31   -672.90      9.01     31.24        861      NaN      NaN    3.762
  32   -661.39      7.36     29.59       1151      NaN      NaN    3.775
  33   -649.87      6.04     28.26       1289      NaN      NaN    3.819
  34   -638.36      4.79     27.02       1209      NaN      NaN    3.883
  35   -626.85      3.72     25.94       1117      NaN      NaN    3.982
  36   -615.33      3.14     25.37       1221      NaN      NaN    3.996
  37   -603.82      2.32     24.54       1384      NaN      NaN    3.997
  38   -592.30      1.64     23.86       1449      NaN      NaN    4.063
  39   -580.79      1.00     23.23       1599      NaN      NaN    4.108
  40   -569.27      0.58     22.80       1940      NaN      NaN    4.131
  41   -557.76      0.21     22.44       1912      NaN      NaN    4.125
  42   -546.25     -0.02     22.21       1772      NaN      NaN    4.130
  43   -534.73     -0.19     22.04       1564      NaN      NaN    4.122
  44   -523.22     -0.31     21.92       1176      NaN      NaN    4.095
  45   -511.70     -0.41     21.82        586      NaN      NaN    4.090
  46   -500.19     -0.45     21.78        328      NaN      NaN    4.121
  47   -488.68     -0.30     21.93        164      NaN      NaN    4.114
  48   -477.16     -0.19     22.03         39      NaN      NaN    4.085
  49   -465.65      0.00     22.22         17      NaN      NaN    4.024
  50   -454.13      0.00     22.22         14      NaN      NaN    3.957
