
Build and version information

Build number 5.10.22
Build date   20240304
Built:       
      by     nayanika
      on     nayanika-HP-Pavilion-Gaming-Laptop-15-ec0xxx
      git id 9325b9c29ad62a733df16f540968e33ee6c78260
      with   GNU Fortran Ubuntu 9.4.0-1ubuntu1~20.04.2 9.4.0
Current date 2024- 3-19 and time 17:26: 6

----------------------- Reading input from relax_002.inp ----------------------
Boundary: sphere
Number of MD steps =       200  Stepsize (fs)    =     0.100
Target temperature =      0.10  T-relax time     =      0.10
 No thermostat chosen. Berendsen thermostat will be used.
 Leap frog integrator used by default.
Solute and solvent atoms coupled separately to heat bath.
Initial velocities will be generated from Maxwell distribution:
Maxwell temperature=      0.10 Random number seed=    688129
Shake constaints on all solvent bonds    : off
Shake constaints on all solute bonds     : off
Shake constaints on all bonds to hydrogen: off
Nonbonded method   = LRF Taylor expansion outside cut-off
Cut-off radii for non-bonded interactions:
Solute-solute:     10.00
Solvent-solvent:   10.00
Solute-solvent:    10.00
Q-atom-non-Q-atom: 99.00
LRF:               99.00
Radius of inner restrained shell       =      20.000
Excluded atoms force constant set to default
Excluded atom restraint force constant         =  200.00
Non-bonded pair list update interval   =      25
Energy summary print-out interval      =      10
Temperature print-out interval         =      10
Trajectory write interval              =      10
No energy file written.
All atoms will be included in the trajectory.
Topology file      = GPX6cys_mouse.top
Initial coord. file= relax_001.re
Final coord. file  = relax_002.re
Trajectory file    = relax_002.dcd
FEP input file     = GPX6_wtmousecys.fep

lambda-values      =  1.00000 0.00000

List of excluded atom groups

Listing of restraining data:

No. of sequence restraints =         1
  atom_i  atom_j      fc  H-flag to_centre
       1    3051   20.00       0         0

No. of distance restraints =         1
atom_i atom_j   dist1   dist2   fc        state
  3052   3053    0.00    3.50   10.00       0
---------------------------- Reading topology file ---------------------------
GPX6cys_mouse.top                                                               

No. of solute atoms     =       3055
No. of solvent atoms    =       3750
No. of coordinates      =      20415
No. of atom type codes  =       6805
No. of solute bonds     =       3101
No. of solvent bonds    =       3750
No. of solute angles    =       5596
No. of solvent angles   =       1250
No. of solute torsions  =      11365
No. of solvent torsions =          0
No. of solute impropers =        658
No. of solvent impropers=          0
No. of atomic charges   =       6805
No. of solute chargegrps=        748
No. of solvent chargegps=       1250
Charge group cut-off    : Switching atoms
vdW  rule [ 1=G / 2=A ] =          1
El-static 1-4 damping   =      0.500
Coulomb constant        =   332.0716
No. of atom types       =        171
No. of LJ type 2 pairs  =          0
No. of heavy atoms      =       2808
No. of 1-4 neighbours   =       8175
No. long-range 1-4 nbrs =          1
No. of nbor exclusions  =      13697
No. of long-range excls =          0
No. of residues         =       1446
No of solute residues   =        196
No. of molecules        =       1252
Atom type names         =        171
SYBYL atom types        =        171
Boundary: sphere
Exclusion radius        =     25.000
Eff. solvent radius     =     23.980
Solute centre           =     37.914    31.866    49.100
Solvent centre          =     37.914    31.866    49.100
No. of excluded atoms   =        589
Molecular topology read successfully.

Found      702 solute atoms in the restrained shell region ( 20.00 to  25.00)
----------------------------- Reading restart file ----------------------------
Total number of atoms        =    6805
Number of waters encountered =    1250

----------------------------- Reading Q atom list ----------------------------
No. of fep/evb states    =     2
No. of fep/evb atoms     =    24
Atom nos.:   730   731   727   728   729   725   726   723   724  3052
Atom nos.:  3053  3054  3055  1259  1260  1261  1257  1258  1251  1252
Atom nos.:  1253  1254  1255  1256
--------------------------- Reading fep/evb strategy --------------------------

No. of changing charges  =    24
Effective Q-atom charges for all Q-atoms
Q atom    charge in state 1 state 2
     1               -0.335  -0.900
     2                0.155   0.418
     3                0.060  -0.300
     4                0.060   0.100
     5                0.060   0.100
     6                0.140   0.140
     7                0.060   0.060
     8               -0.500  -0.500
     9                0.300   0.300
    10               -0.418  -0.418
    11               -0.418  -0.418
    12                0.418   0.418
    13                0.418   0.418
    14               -0.760  -0.496
    15                0.380   0.480
    16                0.380   0.480
    17                0.500   0.286
    18               -0.500  -0.503
    19               -0.120  -0.120
    20                0.060   0.060
    21                0.060   0.060
    22               -0.120   0.216
    23                0.060   0.060
    24                0.060   0.060

   SUM               -0.000  -0.000

No. of Q-atom types  =    34
Name            Ai      Bi      Ci     ai Ai(1-4) Bi(1-4)    Mass
S200       2838.18   60.83  165.00  2.50  2006.89   43.01   32.06
sul.SG     2593.94   55.60  165.00  2.50  1834.19   39.31   32.06
H204          0.00    0.00    0.00  2.50     0.00    0.00    1.01
prx.H         0.01    0.04    1.00  2.50     0.00    0.03    1.01
C206        944.52   22.03    1.00  2.50   667.88   15.58   12.01
sul.CB      944.52   22.03    1.00  2.50   667.88   15.58   12.01
H140         84.57    5.41    1.00  2.50    59.80    3.83    1.01
sul.HB2      84.57    5.41    1.00  2.50    59.80    3.83    1.01
sul.HB3      84.57    5.41    1.00  2.50    59.80    3.83    1.01
C224        944.52   22.03    1.00  2.50   667.88   15.58   12.01
sul.CA      944.52   22.03    1.00  2.50   667.88   15.58   12.01
sul.HA       84.57    5.41    1.00  2.50    59.80    3.83    1.01
N238        971.75   28.31    1.00  2.50   687.13   20.02   14.01
sul.N       971.75   28.31    1.00  2.50   687.13   20.02   14.01
H241          0.00    0.00    1.00  2.50     0.00    0.00    1.01
sul.H         0.01    0.04    1.00  2.50     0.00    0.03    1.01
prx.O       760.64   25.04  110.00  2.50   537.86   17.71   16.00
glp.HE1       0.01    0.04  110.00  2.50     0.00    0.03    1.01
N237        971.75   28.31    1.00  2.50   687.13   20.02   14.01
glp.NE2     971.75   28.31    1.00  2.50   687.13   20.02   14.01
H240          0.00    0.00    1.00  2.50     0.00    0.00    1.01
glp.HE21      0.01    0.04    1.00  2.50     0.00    0.03    1.01
glp.HE22      0.01    0.04    1.00  2.50     0.00    0.03    1.01
C235       1802.24   34.18    1.00  2.50  1274.37   24.17   12.01
glp.CD     1802.24   34.18    1.00  2.50  1274.38   24.17   12.01
O236        616.44   23.77  110.00  2.50   435.89   16.81   16.00
glp.OE1     760.64   25.04  110.00  2.50   537.86   17.71   16.00
C136        944.52   22.03    1.00  2.50   667.88   15.58   12.01
glp.CB      944.52   22.03    1.00  2.50   667.88   15.58   12.01
glp.HB2      84.57    5.41    1.00  2.50    59.80    3.83    1.01
glp.HB3      84.57    5.41    1.00  2.50    59.80    3.83    1.01
glp.CG      944.52   22.03    1.00  2.50   667.88   15.58   12.01
glp.HG2      84.57    5.41    1.00  2.50    59.80    3.83    1.01
glp.HG3      84.57    5.41    1.00  2.50    59.80    3.83    1.01

Assigning Q-atom types to all Q atoms:
Q atom    atom type in  state 1  state 2
     1                  S200     sul.SG  
     2                  H204     prx.H   
     3                  C206     sul.CB  
     4                  H140     sul.HB2 
     5                  H140     sul.HB3 
     6                  C224     sul.CA  
     7                  H140     sul.HA  
     8                  N238     sul.N   
     9                  H241     sul.H   
    10                  prx.O    prx.O   
    11                  prx.O    prx.O   
    12                  prx.H    glp.HE1 
    13                  prx.H    prx.H   
    14                  N237     glp.NE2 
    15                  H240     glp.HE21
    16                  H240     glp.HE22
    17                  C235     glp.CD  
    18                  O236     glp.OE1 
    19                  C136     glp.CB  
    20                  H140     glp.HB2 
    21                  H140     glp.HB3 
    22                  C136     glp.CG  
    23                  H140     glp.HG2 
    24                  H140     glp.HG3 

No. of soft repulsion non-bonded pairs =     4
q-atom_i q-atom_j
      10       12
       1        2
      10        2
      18       12

Q-bond types:
type #  Morse E_diss    alpha       b0  Harmonic force_k 
     1                            0.94           1106.00
     2         81.00     1.87     1.32
     3                            0.94           1106.00
     4                            1.33            980.00
     5                            1.29           1270.00
     6                            1.23           1140.00
     7                            1.37            880.00
     8                            1.52            634.00
     9                            1.49            580.00
    10                            1.01            868.00
    11                            1.01            980.00
    12                            1.01            980.00


No. of changing bonds    =     9
atom_i atom_j   bond type in state 1 state 2
  3052   3054                      1       0
WARNING: Breaking/Forming bond    3052  code    3054  set as harmonic
WARNING: Breaking/Forming bond       1  code       0  set as harmonic
WARNING: Breaking/Forming bond       0  code       0  set as harmonic
WARNING: Breaking/Forming bond    8224  code    8224  set as harmonic
WARNING: Breaking/Forming bond    8224  code    8224  set as harmonic
WARNING: Breaking/Forming bond    8224  code    8224  set as harmonic
WARNING: Breaking/Forming bond       1  code
between atoms    3052    3054
     1          0.00     0.00     0.94
     1                            0.94           1106.00
   730    731                      2       0
   731   3052                      0       1
WARNING: Breaking/Forming bond     731  code    3052  set as harmonic
WARNING: Breaking/Forming bond       0  code       1  set as harmonic
WARNING: Breaking/Forming bond    8224  code    8224  set as harmonic
WARNING: Breaking/Forming bond    8224  code    8224  set as harmonic
WARNING: Breaking/Forming bond    8224  code    8224  set as harmonic
WARNING: Breaking/Forming bond    8224  code    8224  set as harmonic
WARNING: Breaking/Forming bond       1  code
between atoms     731    3052
     2         81.00     1.87     1.32
     2                            1.32              0.00
  1258   3054                      0       3
WARNING: Breaking/Forming bond    1258  code    3054  set as harmonic
WARNING: Breaking/Forming bond       0  code       3  set as harmonic
WARNING: Breaking/Forming bond    8224  code    8224  set as harmonic
WARNING: Breaking/Forming bond    8224  code    8224  set as harmonic
WARNING: Breaking/Forming bond    8224  code    8224  set as harmonic
WARNING: Breaking/Forming bond    8224  code    8224  set as harmonic
WARNING: Breaking/Forming bond       3  code
between atoms    1258    3054
     2         81.00     1.87     1.32
     2                            1.32              0.00
  1257   1259                      4       5
  1257   1258                      6       7
  1254   1257                      8       9
  1259   1260                     10      11
  1259   1261                     10      12

Q-angle types:
type #       force-k   theta0
     1        160.00   102.22
     2         88.00    96.00
     3        140.00   105.55
     4        100.00   108.60
     5        100.00   114.70
     6        126.00   111.10
     7        140.00   109.02
     8         70.00   119.80
     9         90.00   118.89
    10         90.00   118.89
    11        140.00   116.60
    12        140.00   120.65
    13        160.00   120.40
    14        170.00   110.81
    15         70.00   120.00
    16         60.00   117.83
    17         70.00   109.50
    18         90.00   109.33
    19         90.00   109.33
    20        160.00   122.90
    21        200.00   117.62


No. of changing angles   =    14
atom_i atom_j atom_k    angle type in state 1 state 2
  3053   3052   3054                        1       0
   727    730    731                        2       0
   731   3052   3053                        0       1
  1257   1258   3054                        0       3
   725    727    730                        4       5
  1251   1254   1257                        6       7
  1257   1259   1260                        8       9
  1257   1259   1261                        8      10
  1254   1257   1259                       11      12
  1254   1257   1258                       13      14
  1260   1259   1261                       15      16
  1255   1254   1257                       17      18
  1256   1254   1257                       17      19
  1258   1257   1259                       20      21

Q-torsion types:
type #       force-k     mult    delta
     1         -2.50     2.00   180.00
     2         -0.38     1.00     0.00
     3         -0.14     2.00   180.00
     4          0.34     3.00     0.00
     5          0.24     3.00     0.00
     6          1.50     2.00   180.00
     7          1.50     2.00   180.00
     8          0.23     3.00     0.00
     9          0.15     3.00     0.00
    10          1.03     1.00     0.00
    11          0.27     2.00   180.00
    12          0.27     3.00     0.00
    13          0.71     1.00     0.00
    14          0.04     2.00   180.00
    15          0.01     3.00     0.00
    16          1.42     1.00     0.00
    17         -0.18     2.00   180.00
    18         -0.16     3.00     0.00
    19          0.00     1.00     0.00
    20          0.20     1.00     0.00
    21          0.65     2.00   180.00
    22          0.07     3.00     0.00
    23          0.00     1.00     0.00
    24          2.45     2.00   180.00
    25          2.00     2.00   180.00
    26          2.00     2.00   180.00
    27         -0.05     3.00     0.00
    28          0.15     3.00     0.00
    29          0.15     3.00     0.00
    30          2.45     2.00   180.00
    31          2.00     2.00   180.00
    32          2.00     2.00   180.00


No. of changing torsions =    37
atom_i atom_j atom_k atom_l    torsion type in state 1 state 2
  3054   3052   3053   3055                          1       0
   725    727    730    731                          2       0
   725    727    730    731                          3       0
   725    727    730    731                          4       0
   728    727    730    731                          5       0
   729    727    730    731                          5       0
   731   3052   3053   3055                          0       1
  1254   1257   1258   3054                          0       6
  1259   1257   1258   3054                          0       7
   726    725    727    730                          8       0
   726    725    727    730                          0       9
   723    725    727    730                         10       0
   723    725    727    730                         11       0
   723    725    727    730                         12       0
   723    725    727    730                          0      13
   723    725    727    730                          0      14
   723    725    727    730                          0      15
  1251   1254   1257   1259                         16       0
  1251   1254   1257   1259                         17       0
  1251   1254   1257   1259                         18       0
  1251   1254   1257   1259                          0      19
  1251   1254   1257   1258                         20       0
  1251   1254   1257   1258                         21       0
  1251   1254   1257   1258                         22       0
  1251   1254   1257   1258                          0      23
  1254   1257   1259   1260                         24       0
  1254   1257   1259   1260                          0      25
  1254   1257   1259   1261                         24       0
  1254   1257   1259   1261                          0      26
  1252   1251   1254   1257                         27       0
  1252   1251   1254   1257                          0      28
  1253   1251   1254   1257                         27       0
  1253   1251   1254   1257                          0      29
  1258   1257   1259   1260                         30       0
  1258   1257   1259   1260                          0      31
  1258   1257   1259   1261                         30       0
  1258   1257   1259   1261                          0      32

Q-improper types:
type #       force-k     imp0
     1          2.50   180.00
     2          1.00   180.00


No. of changing impropers=     1
atom_i atom_j atom_k atom_l    improper type in state 1 state 2
  1257   1259   1260   1261                           1       2

No. of offdiagonal (Hij) functions =     1
state_i state_j atom_k atom_l     Aij mu_ij
      1       2      1     12    0.00  0.00
No softcore section found. Using normal LJ potentials.

---------------- Removing redefined interactions from topology ---------------
type      atom1 atom2 atom3 atom4
bond        730   731
bond       1257  1254
bond       1259  1257
bond       1259  1260
bond       1259  1261
bond       1257  1258
bond       3054  3052
angle       725   727   730
angle       727   730   731
angle      1251  1254  1257
angle      1254  1257  1259
angle      1257  1254  1255
angle      1257  1254  1256
angle      1254  1257  1258
angle      1257  1259  1260
angle      1257  1259  1261
angle      1259  1257  1258
angle      1260  1259  1261
angle      3054  3052  3053
torsion     730   727   725   723
torsion     730   727   725   723
torsion     730   727   725   723
torsion     730   727   725   726
torsion     731   730   727   725
torsion     731   730   727   725
torsion     731   730   727   725
torsion     731   730   727   728
torsion     731   730   727   729
torsion    1257  1254  1251  1252
torsion    1257  1254  1251  1253
torsion    1259  1257  1254  1251
torsion    1259  1257  1254  1251
torsion    1259  1257  1254  1251
torsion    1258  1257  1254  1251
torsion    1258  1257  1254  1251
torsion    1258  1257  1254  1251
torsion    1260  1259  1257  1254
torsion    1260  1259  1257  1258
torsion    1261  1259  1257  1254
torsion    1261  1259  1257  1258
torsion    3054  3052  3053  3055
improper   1261  1259  1257  1260

---------------------------- Initialising dynamics ---------------------------
Total charge of non-Q atoms             =      -4.00
Total charge of excluded atoms          =       0.00
Total charge of system                  =      -4.00
Target water sphere radius              =      23.98
Surface inward harmonic force constant  =      60.00
Surface attraction well depth           =       0.79
Surface attraction well width           =       0.42
Water polarisation restraints           : ON, Born correction enabled
Radial polarisation force constant      =      20.00

Setting up 3 water shells for polarisation restraints.
Loaded polarisation restraint data from restart file.
Shell #    outer radius    inner radius
      1           23.98           23.48
      2           23.48           22.48
      3           22.48           20.98

Number of shake constraints             =          0
No. molecules with shake constraints    =          1
No. of Rcq indep. nb pairs involving q-atoms =   449 in state :  1
No. of Rcq indep. nb pairs involving q-atoms =   449 in state :  2

Coordinates for  6805 atoms will be written to the trajectory.
Initial x-shaking required   0 interations per molecule on average.
Initial v-shaking required   0 interations per molecule on average.
------------------------ Distribution of charge groups -----------------------
node value solute-solute solute-water  water-water     Q-solute      Q-water       #Shake       #Atoms   #Molecules
     total           748          748         1250          748         1250            1         6805         1252
----------------------------- End of distribution ----------------------------

Initial temperatures are : Ttot =      0.10 Tfree =      0.10
Solvent temperatures are : Ttot =      0.10 Tfree =      0.10
 Solute temperatures are : Ttot =      0.10 Tfree =      0.10

------------------------ Nonbonded pair list generation -----------------------
=======================  Energy summary at step      0 ========================
                        el       vdW      bond     angle   torsion  improper
solute              -5667.60     -178.69      601.90      881.40     1749.27      207.10
solvent               162.45     -390.63       19.91        7.58        0.00        0.00
solute-solvent        -11.67      463.85
LRF                    58.89
Q-atom                -46.69      -22.76      -79.54        2.86       17.26        0.27

                     total       fix slvnt_rad slvnt_pol     shell    solute
restraints            241.83        0.42      158.36       83.01        0.00        0.03

                     total potential   kinetic
SUM                 -1979.19    -1983.02        3.82
======================= Q-atom energies at step      0 ========================
type   st lambda        el       vdW      bond     angle   torsion  improper
Q-Q     1 1.0000    -17.33     -1.93
Q-Q     2 0.0000   -180.13     31.20

Q-prot  1 1.0000    -29.16    -17.46
Q-prot  2 0.0000    -18.41    -17.02

Q-wat   1 1.0000     -0.20     -3.37
Q-wat   2 0.0000      3.78     -3.35

Q-surr. 1 1.0000    -29.36    -20.83
Q-surr. 2 0.0000    -14.63    -20.37

Q-any   1 1.0000    -46.69    -22.76    -79.54      2.86     17.26      0.27
Q-any   2 0.0000   -194.77     10.83  14547.48     53.19     18.18      0.11

type   st lambda     total restraint
Q-SUM   1 1.0000   -128.60      0.00
Q-SUM   2 0.0000  14435.02      0.00
H( 1, 2) =    0.00 dist. between Q-atoms   1  12 =    3.79
===============================================================================
Temperature at step       0:         T_tot=       0.2         T_free=       0.2
                             T_free_solute=       0.3 T_free_solvent=       0.1
Temperature at step       1:         T_tot=       0.2         T_free=       0.2
                             T_free_solute=       0.3 T_free_solvent=       0.2
Temperature at step       2:         T_tot=       0.2         T_free=       0.2
                             T_free_solute=       0.3 T_free_solvent=       0.2
Temperature at step       4:         T_tot=       0.2         T_free=       0.2
                             T_free_solute=       0.3 T_free_solvent=       0.2
=======================  Energy summary at step     10 ========================
                        el       vdW      bond     angle   torsion  improper
solute              -5668.60     -181.26      599.48      878.07     1744.97      206.08
solvent               144.74     -390.60       22.26        8.86        0.00        0.00
solute-solvent        -13.84      444.38
LRF                    58.80
Q-atom                -46.73      -22.75      -79.56        2.85       17.24        0.28

                     total       fix slvnt_rad slvnt_pol     shell    solute
restraints            244.20        0.52      161.10       82.54        0.00        0.04

                     total potential   kinetic
SUM                 -2026.45    -2031.13        4.68
======================= Q-atom energies at step     10 ========================
type   st lambda        el       vdW      bond     angle   torsion  improper
Q-Q     1 1.0000    -17.33     -1.93
Q-Q     2 0.0000   -180.14     31.16

Q-prot  1 1.0000    -29.18    -17.45
Q-prot  2 0.0000    -18.44    -17.01

Q-wat   1 1.0000     -0.21     -3.37
Q-wat   2 0.0000      3.76     -3.35

Q-surr. 1 1.0000    -29.39    -20.82
Q-surr. 2 0.0000    -14.68    -20.36

Q-any   1 1.0000    -46.73    -22.75    -79.56      2.85     17.24      0.28
Q-any   2 0.0000   -194.82     10.80  14549.49     53.16     18.18      0.11

type   st lambda     total restraint
Q-SUM   1 1.0000   -128.67      0.00
Q-SUM   2 0.0000  14436.92      0.00
H( 1, 2) =    0.00 dist. between Q-atoms   1  12 =    3.79
===============================================================================
Temperature at step      10:         T_tot=       0.2         T_free=       0.2
                             T_free_solute=       0.3 T_free_solvent=       0.2
=======================  Energy summary at step     20 ========================
                        el       vdW      bond     angle   torsion  improper
solute              -5669.65     -183.89      596.77      874.58     1740.41      204.99
solvent               125.36     -390.57       24.76       10.34        0.00        0.00
solute-solvent        -16.18      425.79
LRF                    58.70
Q-atom                -46.77      -22.75      -79.57        2.84       17.23        0.28

                     total       fix slvnt_rad slvnt_pol     shell    solute
restraints            243.41        0.64      160.70       82.02        0.00        0.05

                     total potential   kinetic
SUM                 -2079.29    -2083.92        4.62
======================= Q-atom energies at step     20 ========================
type   st lambda        el       vdW      bond     angle   torsion  improper
Q-Q     1 1.0000    -17.34     -1.93
Q-Q     2 0.0000   -180.16     31.13

Q-prot  1 1.0000    -29.20    -17.44
Q-prot  2 0.0000    -18.47    -17.00

Q-wat   1 1.0000     -0.23     -3.37
Q-wat   2 0.0000      3.75     -3.35

Q-surr. 1 1.0000    -29.43    -20.81
Q-surr. 2 0.0000    -14.72    -20.35

Q-any   1 1.0000    -46.77    -22.75    -79.57      2.84     17.23      0.28
Q-any   2 0.0000   -194.88     10.78  14552.27     53.14     18.17      0.11

type   st lambda     total restraint
Q-SUM   1 1.0000   -128.74      0.00
Q-SUM   2 0.0000  14439.59      0.00
H( 1, 2) =    0.00 dist. between Q-atoms   1  12 =    3.79
===============================================================================
Temperature at step      20:         T_tot=       0.2         T_free=       0.2
                             T_free_solute=       0.3 T_free_solvent=       0.2
------------------------ Nonbonded pair list generation -----------------------
=======================  Energy summary at step     30 ========================
                        el       vdW      bond     angle   torsion  improper
solute              -5670.70     -186.48      593.79      871.10     1735.77      203.88
solvent               106.27     -390.54       27.14       11.88        0.00        0.00
solute-solvent        -18.51      408.96
LRF                    58.39
Q-atom                -46.80      -22.74      -79.59        2.82       17.21        0.28

                     total       fix slvnt_rad slvnt_pol     shell    solute
restraints            242.64        0.77      160.31       81.50        0.00        0.06

                     total potential   kinetic
SUM                 -2130.66    -2135.23        4.57
======================= Q-atom energies at step     30 ========================
type   st lambda        el       vdW      bond     angle   torsion  improper
Q-Q     1 1.0000    -17.34     -1.94
Q-Q     2 0.0000   -180.18     31.11

Q-prot  1 1.0000    -29.22    -17.44
Q-prot  2 0.0000    -18.50    -16.99

Q-wat   1 1.0000     -0.24     -3.36
Q-wat   2 0.0000      3.73     -3.35

Q-surr. 1 1.0000    -29.46    -20.80
Q-surr. 2 0.0000    -14.77    -20.34

Q-any   1 1.0000    -46.80    -22.74    -79.59      2.82     17.21      0.28
Q-any   2 0.0000   -194.95     10.77  14555.11     53.11     18.17      0.11

type   st lambda     total restraint
Q-SUM   1 1.0000   -128.82      0.00
Q-SUM   2 0.0000  14442.33      0.00
H( 1, 2) =    0.00 dist. between Q-atoms   1  12 =    3.79
===============================================================================
Temperature at step      30:         T_tot=       0.2         T_free=       0.2
                             T_free_solute=       0.3 T_free_solvent=       0.2
=======================  Energy summary at step     40 ========================
                        el       vdW      bond     angle   torsion  improper
solute              -5671.76     -189.03      590.52      867.64     1731.05      202.76
solvent                87.48     -390.51       29.37       13.47        0.00        0.00
solute-solvent        -20.78      393.65
LRF                    58.29
Q-atom                -46.84      -22.73      -79.61        2.81       17.20        0.28

                     total       fix slvnt_rad slvnt_pol     shell    solute
restraints            241.90        0.92      159.91       81.00        0.00        0.07

                     total potential   kinetic
SUM                 -2180.31    -2184.84        4.52
======================= Q-atom energies at step     40 ========================
type   st lambda        el       vdW      bond     angle   torsion  improper
Q-Q     1 1.0000    -17.35     -1.94
Q-Q     2 0.0000   -180.20     31.08

Q-prot  1 1.0000    -29.24    -17.43
Q-prot  2 0.0000    -18.53    -16.99

Q-wat   1 1.0000     -0.25     -3.36
Q-wat   2 0.0000      3.71     -3.34

Q-surr. 1 1.0000    -29.49    -20.79
Q-surr. 2 0.0000    -14.82    -20.33

Q-any   1 1.0000    -46.84    -22.73    -79.61      2.81     17.20      0.28
Q-any   2 0.0000   -195.02     10.75  14558.01     53.09     18.17      0.11

type   st lambda     total restraint
Q-SUM   1 1.0000   -128.89      0.00
Q-SUM   2 0.0000  14445.11      0.00
H( 1, 2) =    0.00 dist. between Q-atoms   1  12 =    3.79
===============================================================================
Temperature at step      40:         T_tot=       0.2         T_free=       0.2
                             T_free_solute=       0.3 T_free_solvent=       0.2
------------------------ Nonbonded pair list generation -----------------------
=======================  Energy summary at step     50 ========================
                        el       vdW      bond     angle   torsion  improper
solute              -5672.05     -191.51      586.99      864.20     1726.27      201.62
solvent                68.97     -390.48       31.45       15.10        0.00        0.00
solute-solvent        -23.00      379.67
LRF                    57.17
Q-atom                -46.88      -22.72      -79.63        2.80       17.18        0.28

                     total       fix slvnt_rad slvnt_pol     shell    solute
restraints            241.18        1.08      159.52       80.50        0.00        0.09

                     total potential   kinetic
SUM                 -2228.91    -2233.39        4.49
======================= Q-atom energies at step     50 ========================
type   st lambda        el       vdW      bond     angle   torsion  improper
Q-Q     1 1.0000    -17.36     -1.94
Q-Q     2 0.0000   -180.22     31.06

Q-prot  1 1.0000    -29.26    -17.42
Q-prot  2 0.0000    -18.56    -16.98

Q-wat   1 1.0000     -0.27     -3.36
Q-wat   2 0.0000      3.69     -3.34

Q-surr. 1 1.0000    -29.53    -20.78
Q-surr. 2 0.0000    -14.86    -20.32

Q-any   1 1.0000    -46.88    -22.72    -79.63      2.80     17.18      0.28
Q-any   2 0.0000   -195.08     10.74  14560.94     53.07     18.16      0.11

type   st lambda     total restraint
Q-SUM   1 1.0000   -128.97      0.00
Q-SUM   2 0.0000  14447.94      0.00
H( 1, 2) =    0.00 dist. between Q-atoms   1  12 =    3.79
===============================================================================
Temperature at step      50:         T_tot=       0.2         T_free=       0.2
                             T_free_solute=       0.3 T_free_solvent=       0.2
=======================  Energy summary at step     60 ========================
                        el       vdW      bond     angle   torsion  improper
solute              -5673.11     -193.95      583.19      860.79     1721.44      200.47
solvent                50.73     -390.45       33.36       16.75        0.00        0.00
solute-solvent        -25.20      366.86
LRF                    57.08
Q-atom                -46.92      -22.72      -79.64        2.79       17.17        0.29

                     total       fix slvnt_rad slvnt_pol     shell    solute
restraints            240.49        1.25      159.13       80.01        0.00        0.10

                     total potential   kinetic
SUM                 -2276.15    -2280.59        4.45
======================= Q-atom energies at step     60 ========================
type   st lambda        el       vdW      bond     angle   torsion  improper
Q-Q     1 1.0000    -17.36     -1.95
Q-Q     2 0.0000   -180.24     31.04

Q-prot  1 1.0000    -29.28    -17.41
Q-prot  2 0.0000    -18.59    -16.97

Q-wat   1 1.0000     -0.28     -3.36
Q-wat   2 0.0000      3.67     -3.34

Q-surr. 1 1.0000    -29.56    -20.77
Q-surr. 2 0.0000    -14.91    -20.31

Q-any   1 1.0000    -46.92    -22.72    -79.64      2.79     17.17      0.29
Q-any   2 0.0000   -195.15     10.73  14563.92     53.04     18.16      0.11

type   st lambda     total restraint
Q-SUM   1 1.0000   -129.04      0.00
Q-SUM   2 0.0000  14450.82      0.00
H( 1, 2) =    0.00 dist. between Q-atoms   1  12 =    3.79
===============================================================================
Temperature at step      60:         T_tot=       0.2         T_free=       0.2
                             T_free_solute=       0.3 T_free_solvent=       0.2
=======================  Energy summary at step     70 ========================
                        el       vdW      bond     angle   torsion  improper
solute              -5674.16     -196.33      579.14      857.42     1716.56      199.31
solvent                32.75     -390.42       35.11       18.41        0.00        0.00
solute-solvent        -27.36      355.08
LRF                    56.99
Q-atom                -46.96      -22.71      -79.66        2.78       17.15        0.29

                     total       fix slvnt_rad slvnt_pol     shell    solute
restraints            239.82        1.44      158.73       79.52        0.00        0.12

                     total potential   kinetic
SUM                 -2322.39    -2326.81        4.42
======================= Q-atom energies at step     70 ========================
type   st lambda        el       vdW      bond     angle   torsion  improper
Q-Q     1 1.0000    -17.37     -1.95
Q-Q     2 0.0000   -180.25     31.02

Q-prot  1 1.0000    -29.30    -17.41
Q-prot  2 0.0000    -18.62    -16.96

Q-wat   1 1.0000     -0.29     -3.35
Q-wat   2 0.0000      3.66     -3.34

Q-surr. 1 1.0000    -29.59    -20.76
Q-surr. 2 0.0000    -14.96    -20.30

Q-any   1 1.0000    -46.96    -22.71    -79.66      2.78     17.15      0.29
Q-any   2 0.0000   -195.21     10.72  14566.93     53.02     18.15      0.12

type   st lambda     total restraint
Q-SUM   1 1.0000   -129.12      0.00
Q-SUM   2 0.0000  14453.72      0.00
H( 1, 2) =    0.00 dist. between Q-atoms   1  12 =    3.79
===============================================================================
Temperature at step      70:         T_tot=       0.2         T_free=       0.2
                             T_free_solute=       0.3 T_free_solvent=       0.2
------------------------ Nonbonded pair list generation -----------------------
=======================  Energy summary at step     80 ========================
                        el       vdW      bond     angle   torsion  improper
solute              -5675.28     -198.67      574.86      854.09     1711.64      198.15
solvent                15.03     -390.39       36.70       20.09        0.00        0.00
solute-solvent        -29.49      344.21
LRF                    56.73
Q-atom                -47.00      -22.70      -79.68        2.76       17.13        0.29

                     total       fix slvnt_rad slvnt_pol     shell    solute
restraints            239.16        1.64      158.34       79.04        0.00        0.13

                     total potential   kinetic
SUM                 -2367.98    -2372.37        4.39
======================= Q-atom energies at step     80 ========================
type   st lambda        el       vdW      bond     angle   torsion  improper
Q-Q     1 1.0000    -17.38     -1.95
Q-Q     2 0.0000   -180.27     31.00

Q-prot  1 1.0000    -29.32    -17.40
Q-prot  2 0.0000    -18.65    -16.95

Q-wat   1 1.0000     -0.31     -3.35
Q-wat   2 0.0000      3.64     -3.33

Q-surr. 1 1.0000    -29.63    -20.75
Q-surr. 2 0.0000    -15.01    -20.29

Q-any   1 1.0000    -47.00    -22.70    -79.68      2.76     17.13      0.29
Q-any   2 0.0000   -195.28     10.71  14569.97     53.00     18.15      0.12

type   st lambda     total restraint
Q-SUM   1 1.0000   -129.19      0.00
Q-SUM   2 0.0000  14456.66      0.00
H( 1, 2) =    0.00 dist. between Q-atoms   1  12 =    3.79
===============================================================================
Temperature at step      80:         T_tot=       0.2         T_free=       0.2
                             T_free_solute=       0.3 T_free_solvent=       0.2
=======================  Energy summary at step     90 ========================
                        el       vdW      bond     angle   torsion  improper
solute              -5676.33     -200.95      570.36      850.81     1706.69      196.97
solvent                -2.46     -390.36       38.14       21.76        0.00        0.00
solute-solvent        -31.58      334.14
LRF                    56.65
Q-atom                -47.04      -22.69      -79.69        2.75       17.12        0.29

                     total       fix slvnt_rad slvnt_pol     shell    solute
restraints            238.53        1.86      157.95       78.57        0.00        0.15

                     total potential   kinetic
SUM                 -2412.54    -2416.90        4.36
======================= Q-atom energies at step     90 ========================
type   st lambda        el       vdW      bond     angle   torsion  improper
Q-Q     1 1.0000    -17.38     -1.95
Q-Q     2 0.0000   -180.29     30.98

Q-prot  1 1.0000    -29.34    -17.39
Q-prot  2 0.0000    -18.68    -16.94

Q-wat   1 1.0000     -0.32     -3.35
Q-wat   2 0.0000      3.62     -3.33

Q-surr. 1 1.0000    -29.66    -20.74
Q-surr. 2 0.0000    -15.06    -20.28

Q-any   1 1.0000    -47.04    -22.69    -79.69      2.75     17.12      0.29
Q-any   2 0.0000   -195.34     10.70  14573.04     52.97     18.14      0.12

type   st lambda     total restraint
Q-SUM   1 1.0000   -129.27      0.00
Q-SUM   2 0.0000  14459.63      0.00
H( 1, 2) =    0.00 dist. between Q-atoms   1  12 =    3.79
===============================================================================
Temperature at step      90:         T_tot=       0.2         T_free=       0.2
                             T_free_solute=       0.3 T_free_solvent=       0.2
------------------------ Nonbonded pair list generation -----------------------
---------------------- Water polarisation restraint data ---------------------
shell    <n>    <theta>    theta_0 theta_corr
    1  211.0     86.502     90.000     -7.131
    2  201.0     86.886     90.000     -6.472
    3  192.0     88.294     90.000     -3.492
=======================  Energy summary at step    100 ========================
                        el       vdW      bond     angle   torsion  improper
solute              -5677.33     -203.18      565.66      847.57     1701.72      195.79
solvent               -19.73     -390.33       39.44       23.42        0.00        0.00
solute-solvent        -33.65      324.80
LRF                    56.30
Q-atom                -47.08      -22.68      -79.71        2.74       17.10        0.29

                     total       fix slvnt_rad slvnt_pol     shell    solute
restraints            316.08        2.08      157.55      156.28        0.00        0.17

                     total potential   kinetic
SUM                 -2378.41    -2382.76        4.35
======================= Q-atom energies at step    100 ========================
type   st lambda        el       vdW      bond     angle   torsion  improper
Q-Q     1 1.0000    -17.39     -1.96
Q-Q     2 0.0000   -180.30     30.96

Q-prot  1 1.0000    -29.36    -17.38
Q-prot  2 0.0000    -18.71    -16.94

Q-wat   1 1.0000     -0.33     -3.35
Q-wat   2 0.0000      3.60     -3.33

Q-surr. 1 1.0000    -29.69    -20.73
Q-surr. 2 0.0000    -15.10    -20.26

Q-any   1 1.0000    -47.08    -22.68    -79.71      2.74     17.10      0.29
Q-any   2 0.0000   -195.41     10.69  14576.14     52.95     18.14      0.12

type   st lambda     total restraint
Q-SUM   1 1.0000   -129.34      0.00
Q-SUM   2 0.0000  14462.63      0.00
H( 1, 2) =    0.00 dist. between Q-atoms   1  12 =    3.79
===============================================================================
Temperature at step     100:         T_tot=       0.2         T_free=       0.2
                             T_free_solute=       0.3 T_free_solvent=       0.2
=======================  Energy summary at step    110 ========================
                        el       vdW      bond     angle   torsion  improper
solute              -5678.36     -205.36      560.79      844.39     1696.73      194.61
solvent               -36.70     -390.30       40.64       25.06        0.00        0.00
solute-solvent        -35.68      316.10
LRF                    56.20
Q-atom                -47.12      -22.68      -79.73        2.73       17.08        0.30

                     total       fix slvnt_rad slvnt_pol     shell    solute
restraints            315.10        2.32      157.20      155.39        0.00        0.19

                     total potential   kinetic
SUM                 -2421.87    -2426.20        4.33
======================= Q-atom energies at step    110 ========================
type   st lambda        el       vdW      bond     angle   torsion  improper
Q-Q     1 1.0000    -17.39     -1.96
Q-Q     2 0.0000   -180.32     30.94

Q-prot  1 1.0000    -29.38    -17.37
Q-prot  2 0.0000    -18.74    -16.93

Q-wat   1 1.0000     -0.35     -3.34
Q-wat   2 0.0000      3.59     -3.33

Q-surr. 1 1.0000    -29.73    -20.72
Q-surr. 2 0.0000    -15.15    -20.25

Q-any   1 1.0000    -47.12    -22.68    -79.73      2.73     17.08      0.30
Q-any   2 0.0000   -195.47     10.69  14579.26     52.92     18.13      0.12

type   st lambda     total restraint
Q-SUM   1 1.0000   -129.41      0.00
Q-SUM   2 0.0000  14465.65      0.00
H( 1, 2) =    0.00 dist. between Q-atoms   1  12 =    3.79
===============================================================================
Temperature at step     110:         T_tot=       0.2         T_free=       0.2
                             T_free_solute=       0.3 T_free_solvent=       0.2
=======================  Energy summary at step    120 ========================
                        el       vdW      bond     angle   torsion  improper
solute              -5679.40     -207.50      555.76      841.26     1691.72      193.43
solvent               -53.44     -390.27       41.74       26.67        0.00        0.00
solute-solvent        -37.69      307.97
LRF                    56.10
Q-atom                -47.16      -22.67      -79.74        2.72       17.07        0.30

                     total       fix slvnt_rad slvnt_pol     shell    solute
restraints            314.08        2.57      156.84      154.46        0.00        0.22

                     total potential   kinetic
SUM                 -2464.74    -2469.04        4.30
======================= Q-atom energies at step    120 ========================
type   st lambda        el       vdW      bond     angle   torsion  improper
Q-Q     1 1.0000    -17.40     -1.96
Q-Q     2 0.0000   -180.33     30.92

Q-prot  1 1.0000    -29.40    -17.36
Q-prot  2 0.0000    -18.77    -16.92

Q-wat   1 1.0000     -0.36     -3.34
Q-wat   2 0.0000      3.57     -3.32

Q-surr. 1 1.0000    -29.76    -20.70
Q-surr. 2 0.0000    -15.20    -20.24

Q-any   1 1.0000    -47.16    -22.67    -79.74      2.72     17.07      0.30
Q-any   2 0.0000   -195.53     10.68  14582.39     52.90     18.13      0.12

type   st lambda     total restraint
Q-SUM   1 1.0000   -129.48      0.00
Q-SUM   2 0.0000  14468.69      0.00
H( 1, 2) =    0.00 dist. between Q-atoms   1  12 =    3.79
===============================================================================
Temperature at step     120:         T_tot=       0.2         T_free=       0.2
                             T_free_solute=       0.2 T_free_solvent=       0.2
------------------------ Nonbonded pair list generation -----------------------
=======================  Energy summary at step    130 ========================
                        el       vdW      bond     angle   torsion  improper
solute              -5680.43     -209.59      550.58      838.18     1686.71      192.24
solvent               -69.99     -390.24       42.72       28.26        0.00        0.00
solute-solvent        -39.69      300.35
LRF                    55.80
Q-atom                -47.20      -22.66      -79.76        2.71       17.05        0.30

                     total       fix slvnt_rad slvnt_pol     shell    solute
restraints            313.08        2.83      156.47      153.54        0.00        0.24

                     total potential   kinetic
SUM                 -2507.29    -2511.57        4.28
======================= Q-atom energies at step    130 ========================
type   st lambda        el       vdW      bond     angle   torsion  improper
Q-Q     1 1.0000    -17.41     -1.97
Q-Q     2 0.0000   -180.34     30.91

Q-prot  1 1.0000    -29.42    -17.35
Q-prot  2 0.0000    -18.80    -16.91

Q-wat   1 1.0000     -0.37     -3.34
Q-wat   2 0.0000      3.55     -3.32

Q-surr. 1 1.0000    -29.80    -20.69
Q-surr. 2 0.0000    -15.25    -20.23

Q-any   1 1.0000    -47.20    -22.66    -79.76      2.71     17.05      0.30
Q-any   2 0.0000   -195.59     10.68  14585.55     52.87     18.12      0.12

type   st lambda     total restraint
Q-SUM   1 1.0000   -129.56      0.00
Q-SUM   2 0.0000  14471.75      0.00
H( 1, 2) =    0.00 dist. between Q-atoms   1  12 =    3.79
===============================================================================
Temperature at step     130:         T_tot=       0.2         T_free=       0.2
                             T_free_solute=       0.2 T_free_solvent=       0.2
=======================  Energy summary at step    140 ========================
                        el       vdW      bond     angle   torsion  improper
solute              -5681.45     -211.63      545.28      835.16     1681.68      191.05
solvent               -86.37     -390.22       43.59       29.82        0.00        0.00
solute-solvent        -41.64      293.20
LRF                    55.71
Q-atom                -47.24      -22.65      -79.77        2.70       17.03        0.30

                     total       fix slvnt_rad slvnt_pol     shell    solute
restraints            312.11        3.10      156.11      152.65        0.00        0.26

                     total potential   kinetic
SUM                 -2549.07    -2553.33        4.26
======================= Q-atom energies at step    140 ========================
type   st lambda        el       vdW      bond     angle   torsion  improper
Q-Q     1 1.0000    -17.41     -1.97
Q-Q     2 0.0000   -180.35     30.89

Q-prot  1 1.0000    -29.44    -17.34
Q-prot  2 0.0000    -18.83    -16.90

Q-wat   1 1.0000     -0.39     -3.33
Q-wat   2 0.0000      3.54     -3.32

Q-surr. 1 1.0000    -29.83    -20.68
Q-surr. 2 0.0000    -15.29    -20.21

Q-any   1 1.0000    -47.24    -22.65    -79.77      2.70     17.03      0.30
Q-any   2 0.0000   -195.65     10.68  14588.72     52.85     18.12      0.12

type   st lambda     total restraint
Q-SUM   1 1.0000   -129.63      0.00
Q-SUM   2 0.0000  14474.84      0.00
H( 1, 2) =    0.00 dist. between Q-atoms   1  12 =    3.79
===============================================================================
Temperature at step     140:         T_tot=       0.2         T_free=       0.2
                             T_free_solute=       0.2 T_free_solvent=       0.2
------------------------ Nonbonded pair list generation -----------------------
=======================  Energy summary at step    150 ========================
                        el       vdW      bond     angle   torsion  improper
solute              -5682.46     -213.64      539.88      832.20     1676.65      189.86
solvent              -102.59     -390.19       44.36       31.35        0.00        0.00
solute-solvent        -43.57      286.45
LRF                    55.38
Q-atom                -47.28      -22.64      -79.79        2.69       17.02        0.31

                     total       fix slvnt_rad slvnt_pol     shell    solute
restraints            311.17        3.38      155.74      151.76        0.00        0.29

                     total potential   kinetic
SUM                 -2590.60    -2594.84        4.25
======================= Q-atom energies at step    150 ========================
type   st lambda        el       vdW      bond     angle   torsion  improper
Q-Q     1 1.0000    -17.42     -1.97
Q-Q     2 0.0000   -180.36     30.87

Q-prot  1 1.0000    -29.47    -17.33
Q-prot  2 0.0000    -18.86    -16.89

Q-wat   1 1.0000     -0.40     -3.33
Q-wat   2 0.0000      3.52     -3.31

Q-surr. 1 1.0000    -29.86    -20.67
Q-surr. 2 0.0000    -15.34    -20.20

Q-any   1 1.0000    -47.28    -22.64    -79.79      2.69     17.02      0.31
Q-any   2 0.0000   -195.70     10.67  14591.92     52.82     18.11      0.12

type   st lambda     total restraint
Q-SUM   1 1.0000   -129.70      0.00
Q-SUM   2 0.0000  14477.94      0.00
H( 1, 2) =    0.00 dist. between Q-atoms   1  12 =    3.79
===============================================================================
Temperature at step     150:         T_tot=       0.2         T_free=       0.2
                             T_free_solute=       0.2 T_free_solvent=       0.2
=======================  Energy summary at step    160 ========================
                        el       vdW      bond     angle   torsion  improper
solute              -5683.46     -215.60      534.39      829.29     1671.62      188.68
solvent              -118.66     -390.16       45.03       32.85        0.00        0.00
solute-solvent        -45.49      280.08
LRF                    55.29
Q-atom                -47.32      -22.63      -79.80        2.68       17.00        0.31

                     total       fix slvnt_rad slvnt_pol     shell    solute
restraints            310.25        3.66      155.37      150.90        0.00        0.32

                     total potential   kinetic
SUM                 -2631.43    -2635.65        4.23
======================= Q-atom energies at step    160 ========================
type   st lambda        el       vdW      bond     angle   torsion  improper
Q-Q     1 1.0000    -17.43     -1.98
Q-Q     2 0.0000   -180.37     30.86

Q-prot  1 1.0000    -29.49    -17.32
Q-prot  2 0.0000    -18.89    -16.88

Q-wat   1 1.0000     -0.41     -3.33
Q-wat   2 0.0000      3.51     -3.31

Q-surr. 1 1.0000    -29.90    -20.65
Q-surr. 2 0.0000    -15.39    -20.19

Q-any   1 1.0000    -47.32    -22.63    -79.80      2.68     17.00      0.31
Q-any   2 0.0000   -195.76     10.67  14595.12     52.80     18.11      0.12

type   st lambda     total restraint
Q-SUM   1 1.0000   -129.77      0.00
Q-SUM   2 0.0000  14481.06      0.00
H( 1, 2) =    0.00 dist. between Q-atoms   1  12 =    3.79
===============================================================================
Temperature at step     160:         T_tot=       0.2         T_free=       0.2
                             T_free_solute=       0.2 T_free_solvent=       0.2
=======================  Energy summary at step    170 ========================
                        el       vdW      bond     angle   torsion  improper
solute              -5684.46     -217.51      528.82      826.44     1666.58      187.49
solvent              -134.59     -390.13       45.63       34.31        0.00        0.00
solute-solvent        -47.38      274.04
LRF                    55.20
Q-atom                -47.36      -22.62      -79.81        2.67       16.98        0.31

                     total       fix slvnt_rad slvnt_pol     shell    solute
restraints            309.35        3.96      155.00      150.05        0.00        0.34

                     total potential   kinetic
SUM                 -2671.82    -2676.03        4.21
======================= Q-atom energies at step    170 ========================
type   st lambda        el       vdW      bond     angle   torsion  improper
Q-Q     1 1.0000    -17.43     -1.98
Q-Q     2 0.0000   -180.38     30.85

Q-prot  1 1.0000    -29.51    -17.31
Q-prot  2 0.0000    -18.93    -16.87

Q-wat   1 1.0000     -0.42     -3.33
Q-wat   2 0.0000      3.49     -3.31

Q-surr. 1 1.0000    -29.93    -20.64
Q-surr. 2 0.0000    -15.43    -20.18

Q-any   1 1.0000    -47.36    -22.62    -79.81      2.67     16.98      0.31
Q-any   2 0.0000   -195.82     10.67  14598.35     52.77     18.10      0.12

type   st lambda     total restraint
Q-SUM   1 1.0000   -129.84      0.00
Q-SUM   2 0.0000  14484.20      0.00
H( 1, 2) =    0.00 dist. between Q-atoms   1  12 =    3.79
===============================================================================
Temperature at step     170:         T_tot=       0.2         T_free=       0.2
                             T_free_solute=       0.2 T_free_solvent=       0.2
------------------------ Nonbonded pair list generation -----------------------
=======================  Energy summary at step    180 ========================
                        el       vdW      bond     angle   torsion  improper
solute              -5685.47     -219.39      523.20      823.64     1661.55      186.31
solvent              -150.38     -390.10       46.15       35.73        0.00        0.00
solute-solvent        -49.23      268.32
LRF                    54.88
Q-atom                -47.40      -22.61      -79.83        2.66       16.96        0.31

                     total       fix slvnt_rad slvnt_pol     shell    solute
restraints            308.48        4.27      154.63      149.21        0.00        0.37

                     total potential   kinetic
SUM                 -2712.04    -2716.23        4.19
======================= Q-atom energies at step    180 ========================
type   st lambda        el       vdW      bond     angle   torsion  improper
Q-Q     1 1.0000    -17.44     -1.98
Q-Q     2 0.0000   -180.39     30.83

Q-prot  1 1.0000    -29.53    -17.30
Q-prot  2 0.0000    -18.96    -16.86

Q-wat   1 1.0000     -0.44     -3.32
Q-wat   2 0.0000      3.47     -3.30

Q-surr. 1 1.0000    -29.96    -20.63
Q-surr. 2 0.0000    -15.48    -20.16

Q-any   1 1.0000    -47.40    -22.61    -79.83      2.66     16.96      0.31
Q-any   2 0.0000   -195.87     10.67  14601.59     52.75     18.09      0.13

type   st lambda     total restraint
Q-SUM   1 1.0000   -129.91      0.00
Q-SUM   2 0.0000  14487.35      0.00
H( 1, 2) =    0.00 dist. between Q-atoms   1  12 =    3.79
===============================================================================
Temperature at step     180:         T_tot=       0.2         T_free=       0.2
                             T_free_solute=       0.2 T_free_solvent=       0.2
=======================  Energy summary at step    190 ========================
                        el       vdW      bond     angle   torsion  improper
solute              -5686.46     -221.24      517.53      820.90     1656.52      185.12
solvent              -166.05     -390.07       46.60       37.11        0.00        0.00
solute-solvent        -51.09      262.86
LRF                    54.80
Q-atom                -47.44      -22.60      -79.84        2.65       16.94        0.32

                     total       fix slvnt_rad slvnt_pol     shell    solute
restraints            307.62        4.59      154.25      148.38        0.00        0.40

                     total potential   kinetic
SUM                 -2751.63    -2755.81        4.18
======================= Q-atom energies at step    190 ========================
type   st lambda        el       vdW      bond     angle   torsion  improper
Q-Q     1 1.0000    -17.45     -1.98
Q-Q     2 0.0000   -180.40     30.82

Q-prot  1 1.0000    -29.55    -17.29
Q-prot  2 0.0000    -18.99    -16.85

Q-wat   1 1.0000     -0.45     -3.32
Q-wat   2 0.0000      3.46     -3.30

Q-surr. 1 1.0000    -30.00    -20.61
Q-surr. 2 0.0000    -15.53    -20.15

Q-any   1 1.0000    -47.44    -22.60    -79.84      2.65     16.94      0.32
Q-any   2 0.0000   -195.93     10.67  14604.84     52.72     18.09      0.13

type   st lambda     total restraint
Q-SUM   1 1.0000   -129.97      0.00
Q-SUM   2 0.0000  14490.52      0.00
H( 1, 2) =    0.00 dist. between Q-atoms   1  12 =    3.79
===============================================================================
