
Build and version information

Build number 5.10.22
Build date   20240304
Built:       
      by     nayanika
      on     nayanika-HP-Pavilion-Gaming-Laptop-15-ec0xxx
      git id 9325b9c29ad62a733df16f540968e33ee6c78260
      with   GNU Fortran Ubuntu 9.4.0-1ubuntu1~20.04.2 9.4.0
Current date 2024- 3-19 and time 17:25:27

----------------------- Reading input from relax_001.inp ----------------------
Boundary: sphere
Number of MD steps =       100  Stepsize (fs)    =     0.100
Target temperature =      0.10  T-relax time     =      0.10
 No thermostat chosen. Berendsen thermostat will be used.
 Leap frog integrator used by default.
Solute and solvent atoms coupled separately to heat bath.
Initial velocities will be generated from Maxwell distribution:
Maxwell temperature=      0.10 Random number seed=     37776
Shake constaints on all solvent bonds    : off
Shake constaints on all solute bonds     : off
Shake constaints on all bonds to hydrogen: off
Nonbonded method   = LRF Taylor expansion outside cut-off
Cut-off radii for non-bonded interactions:
Solute-solute:     10.00
Solvent-solvent:   10.00
Solute-solvent:    10.00
Q-atom-non-Q-atom: 99.00
LRF:               99.00
Radius of inner restrained shell       =      20.000
Excluded atoms force constant set to default
Excluded atom restraint force constant         =  200.00
Non-bonded pair list update interval   =      25
Energy summary print-out interval      =      10
Temperature print-out interval         =      10
Trajectory write interval              =      10
No energy file written.
All atoms will be included in the trajectory.
Topology file      = GPX6cys_mouse.top
Initial coordinates taken from topology.
Final coord. file  = relax_001.re
Trajectory file    = relax_001.dcd
FEP input file     = GPX6_wtmousecys.fep

lambda-values      =  1.00000 0.00000

List of excluded atom groups

Listing of restraining data:

No. of sequence restraints =         1
  atom_i  atom_j      fc  H-flag to_centre
       1    3051   20.00       0         0

No. of distance restraints =         1
atom_i atom_j   dist1   dist2   fc        state
  3052   3053    0.00    3.50   10.00       0
---------------------------- Reading topology file ---------------------------
GPX6cys_mouse.top                                                               

No. of solute atoms     =       3055
No. of solvent atoms    =       3750
No. of coordinates      =      20415
No. of atom type codes  =       6805
No. of solute bonds     =       3101
No. of solvent bonds    =       3750
No. of solute angles    =       5596
No. of solvent angles   =       1250
No. of solute torsions  =      11365
No. of solvent torsions =          0
No. of solute impropers =        658
No. of solvent impropers=          0
No. of atomic charges   =       6805
No. of solute chargegrps=        748
No. of solvent chargegps=       1250
Charge group cut-off    : Switching atoms
vdW  rule [ 1=G / 2=A ] =          1
El-static 1-4 damping   =      0.500
Coulomb constant        =   332.0716
No. of atom types       =        171
No. of LJ type 2 pairs  =          0
No. of heavy atoms      =       2808
No. of 1-4 neighbours   =       8175
No. long-range 1-4 nbrs =          1
No. of nbor exclusions  =      13697
No. of long-range excls =          0
No. of residues         =       1446
No of solute residues   =        196
No. of molecules        =       1252
Atom type names         =        171
SYBYL atom types        =        171
Boundary: sphere
Exclusion radius        =     25.000
Eff. solvent radius     =     23.980
Solute centre           =     37.914    31.866    49.100
Solvent centre          =     37.914    31.866    49.100
No. of excluded atoms   =        589
Molecular topology read successfully.

Found      702 solute atoms in the restrained shell region ( 20.00 to  25.00)
----------------------------- Reading Q atom list ----------------------------
No. of fep/evb states    =     2
No. of fep/evb atoms     =    24
Atom nos.:   730   731   727   728   729   725   726   723   724  3052
Atom nos.:  3053  3054  3055  1259  1260  1261  1257  1258  1251  1252
Atom nos.:  1253  1254  1255  1256
--------------------------- Reading fep/evb strategy --------------------------

No. of changing charges  =    24
Effective Q-atom charges for all Q-atoms
Q atom    charge in state 1 state 2
     1               -0.335  -0.900
     2                0.155   0.418
     3                0.060  -0.300
     4                0.060   0.100
     5                0.060   0.100
     6                0.140   0.140
     7                0.060   0.060
     8               -0.500  -0.500
     9                0.300   0.300
    10               -0.418  -0.418
    11               -0.418  -0.418
    12                0.418   0.418
    13                0.418   0.418
    14               -0.760  -0.496
    15                0.380   0.480
    16                0.380   0.480
    17                0.500   0.286
    18               -0.500  -0.503
    19               -0.120  -0.120
    20                0.060   0.060
    21                0.060   0.060
    22               -0.120   0.216
    23                0.060   0.060
    24                0.060   0.060

   SUM               -0.000  -0.000

No. of Q-atom types  =    34
Name            Ai      Bi      Ci     ai Ai(1-4) Bi(1-4)    Mass
S200       2838.18   60.83  165.00  2.50  2006.89   43.01   32.06
sul.SG     2593.94   55.60  165.00  2.50  1834.19   39.31   32.06
H204          0.00    0.00    0.00  2.50     0.00    0.00    1.01
prx.H         0.01    0.04    1.00  2.50     0.00    0.03    1.01
C206        944.52   22.03    1.00  2.50   667.88   15.58   12.01
sul.CB      944.52   22.03    1.00  2.50   667.88   15.58   12.01
H140         84.57    5.41    1.00  2.50    59.80    3.83    1.01
sul.HB2      84.57    5.41    1.00  2.50    59.80    3.83    1.01
sul.HB3      84.57    5.41    1.00  2.50    59.80    3.83    1.01
C224        944.52   22.03    1.00  2.50   667.88   15.58   12.01
sul.CA      944.52   22.03    1.00  2.50   667.88   15.58   12.01
sul.HA       84.57    5.41    1.00  2.50    59.80    3.83    1.01
N238        971.75   28.31    1.00  2.50   687.13   20.02   14.01
sul.N       971.75   28.31    1.00  2.50   687.13   20.02   14.01
H241          0.00    0.00    1.00  2.50     0.00    0.00    1.01
sul.H         0.01    0.04    1.00  2.50     0.00    0.03    1.01
prx.O       760.64   25.04  110.00  2.50   537.86   17.71   16.00
glp.HE1       0.01    0.04  110.00  2.50     0.00    0.03    1.01
N237        971.75   28.31    1.00  2.50   687.13   20.02   14.01
glp.NE2     971.75   28.31    1.00  2.50   687.13   20.02   14.01
H240          0.00    0.00    1.00  2.50     0.00    0.00    1.01
glp.HE21      0.01    0.04    1.00  2.50     0.00    0.03    1.01
glp.HE22      0.01    0.04    1.00  2.50     0.00    0.03    1.01
C235       1802.24   34.18    1.00  2.50  1274.37   24.17   12.01
glp.CD     1802.24   34.18    1.00  2.50  1274.38   24.17   12.01
O236        616.44   23.77  110.00  2.50   435.89   16.81   16.00
glp.OE1     760.64   25.04  110.00  2.50   537.86   17.71   16.00
C136        944.52   22.03    1.00  2.50   667.88   15.58   12.01
glp.CB      944.52   22.03    1.00  2.50   667.88   15.58   12.01
glp.HB2      84.57    5.41    1.00  2.50    59.80    3.83    1.01
glp.HB3      84.57    5.41    1.00  2.50    59.80    3.83    1.01
glp.CG      944.52   22.03    1.00  2.50   667.88   15.58   12.01
glp.HG2      84.57    5.41    1.00  2.50    59.80    3.83    1.01
glp.HG3      84.57    5.41    1.00  2.50    59.80    3.83    1.01

Assigning Q-atom types to all Q atoms:
Q atom    atom type in  state 1  state 2
     1                  S200     sul.SG  
     2                  H204     prx.H   
     3                  C206     sul.CB  
     4                  H140     sul.HB2 
     5                  H140     sul.HB3 
     6                  C224     sul.CA  
     7                  H140     sul.HA  
     8                  N238     sul.N   
     9                  H241     sul.H   
    10                  prx.O    prx.O   
    11                  prx.O    prx.O   
    12                  prx.H    glp.HE1 
    13                  prx.H    prx.H   
    14                  N237     glp.NE2 
    15                  H240     glp.HE21
    16                  H240     glp.HE22
    17                  C235     glp.CD  
    18                  O236     glp.OE1 
    19                  C136     glp.CB  
    20                  H140     glp.HB2 
    21                  H140     glp.HB3 
    22                  C136     glp.CG  
    23                  H140     glp.HG2 
    24                  H140     glp.HG3 

No. of soft repulsion non-bonded pairs =     4
q-atom_i q-atom_j
      10       12
       1        2
      10        2
      18       12

Q-bond types:
type #  Morse E_diss    alpha       b0  Harmonic force_k 
     1                            0.94           1106.00
     2         81.00     1.87     1.32
     3                            0.94           1106.00
     4                            1.33            980.00
     5                            1.29           1270.00
     6                            1.23           1140.00
     7                            1.37            880.00
     8                            1.52            634.00
     9                            1.49            580.00
    10                            1.01            868.00
    11                            1.01            980.00
    12                            1.01            980.00


No. of changing bonds    =     9
atom_i atom_j   bond type in state 1 state 2
  3052   3054                      1       0
WARNING: Breaking/Forming bond    3052  code    3054  set as harmonic
WARNING: Breaking/Forming bond       1  code       0  set as harmonic
WARNING: Breaking/Forming bond       0  code       0  set as harmonic
WARNING: Breaking/Forming bond    8224  code    8224  set as harmonic
WARNING: Breaking/Forming bond    8224  code    8224  set as harmonic
WARNING: Breaking/Forming bond    8224  code    8224  set as harmonic
WARNING: Breaking/Forming bond       1  code
between atoms    3052    3054
     1          0.00     0.00     0.94
     1                            0.94           1106.00
   730    731                      2       0
   731   3052                      0       1
WARNING: Breaking/Forming bond     731  code    3052  set as harmonic
WARNING: Breaking/Forming bond       0  code       1  set as harmonic
WARNING: Breaking/Forming bond    8224  code    8224  set as harmonic
WARNING: Breaking/Forming bond    8224  code    8224  set as harmonic
WARNING: Breaking/Forming bond    8224  code    8224  set as harmonic
WARNING: Breaking/Forming bond    8224  code    8224  set as harmonic
WARNING: Breaking/Forming bond       1  code
between atoms     731    3052
     2         81.00     1.87     1.32
     2                            1.32              0.00
  1258   3054                      0       3
WARNING: Breaking/Forming bond    1258  code    3054  set as harmonic
WARNING: Breaking/Forming bond       0  code       3  set as harmonic
WARNING: Breaking/Forming bond    8224  code    8224  set as harmonic
WARNING: Breaking/Forming bond    8224  code    8224  set as harmonic
WARNING: Breaking/Forming bond    8224  code    8224  set as harmonic
WARNING: Breaking/Forming bond    8224  code    8224  set as harmonic
WARNING: Breaking/Forming bond       3  code
between atoms    1258    3054
     2         81.00     1.87     1.32
     2                            1.32              0.00
  1257   1259                      4       5
  1257   1258                      6       7
  1254   1257                      8       9
  1259   1260                     10      11
  1259   1261                     10      12

Q-angle types:
type #       force-k   theta0
     1        160.00   102.22
     2         88.00    96.00
     3        140.00   105.55
     4        100.00   108.60
     5        100.00   114.70
     6        126.00   111.10
     7        140.00   109.02
     8         70.00   119.80
     9         90.00   118.89
    10         90.00   118.89
    11        140.00   116.60
    12        140.00   120.65
    13        160.00   120.40
    14        170.00   110.81
    15         70.00   120.00
    16         60.00   117.83
    17         70.00   109.50
    18         90.00   109.33
    19         90.00   109.33
    20        160.00   122.90
    21        200.00   117.62


No. of changing angles   =    14
atom_i atom_j atom_k    angle type in state 1 state 2
  3053   3052   3054                        1       0
   727    730    731                        2       0
   731   3052   3053                        0       1
  1257   1258   3054                        0       3
   725    727    730                        4       5
  1251   1254   1257                        6       7
  1257   1259   1260                        8       9
  1257   1259   1261                        8      10
  1254   1257   1259                       11      12
  1254   1257   1258                       13      14
  1260   1259   1261                       15      16
  1255   1254   1257                       17      18
  1256   1254   1257                       17      19
  1258   1257   1259                       20      21

Q-torsion types:
type #       force-k     mult    delta
     1         -2.50     2.00   180.00
     2         -0.38     1.00     0.00
     3         -0.14     2.00   180.00
     4          0.34     3.00     0.00
     5          0.24     3.00     0.00
     6          1.50     2.00   180.00
     7          1.50     2.00   180.00
     8          0.23     3.00     0.00
     9          0.15     3.00     0.00
    10          1.03     1.00     0.00
    11          0.27     2.00   180.00
    12          0.27     3.00     0.00
    13          0.71     1.00     0.00
    14          0.04     2.00   180.00
    15          0.01     3.00     0.00
    16          1.42     1.00     0.00
    17         -0.18     2.00   180.00
    18         -0.16     3.00     0.00
    19          0.00     1.00     0.00
    20          0.20     1.00     0.00
    21          0.65     2.00   180.00
    22          0.07     3.00     0.00
    23          0.00     1.00     0.00
    24          2.45     2.00   180.00
    25          2.00     2.00   180.00
    26          2.00     2.00   180.00
    27         -0.05     3.00     0.00
    28          0.15     3.00     0.00
    29          0.15     3.00     0.00
    30          2.45     2.00   180.00
    31          2.00     2.00   180.00
    32          2.00     2.00   180.00


No. of changing torsions =    37
atom_i atom_j atom_k atom_l    torsion type in state 1 state 2
  3054   3052   3053   3055                          1       0
   725    727    730    731                          2       0
   725    727    730    731                          3       0
   725    727    730    731                          4       0
   728    727    730    731                          5       0
   729    727    730    731                          5       0
   731   3052   3053   3055                          0       1
  1254   1257   1258   3054                          0       6
  1259   1257   1258   3054                          0       7
   726    725    727    730                          8       0
   726    725    727    730                          0       9
   723    725    727    730                         10       0
   723    725    727    730                         11       0
   723    725    727    730                         12       0
   723    725    727    730                          0      13
   723    725    727    730                          0      14
   723    725    727    730                          0      15
  1251   1254   1257   1259                         16       0
  1251   1254   1257   1259                         17       0
  1251   1254   1257   1259                         18       0
  1251   1254   1257   1259                          0      19
  1251   1254   1257   1258                         20       0
  1251   1254   1257   1258                         21       0
  1251   1254   1257   1258                         22       0
  1251   1254   1257   1258                          0      23
  1254   1257   1259   1260                         24       0
  1254   1257   1259   1260                          0      25
  1254   1257   1259   1261                         24       0
  1254   1257   1259   1261                          0      26
  1252   1251   1254   1257                         27       0
  1252   1251   1254   1257                          0      28
  1253   1251   1254   1257                         27       0
  1253   1251   1254   1257                          0      29
  1258   1257   1259   1260                         30       0
  1258   1257   1259   1260                          0      31
  1258   1257   1259   1261                         30       0
  1258   1257   1259   1261                          0      32

Q-improper types:
type #       force-k     imp0
     1          2.50   180.00
     2          1.00   180.00


No. of changing impropers=     1
atom_i atom_j atom_k atom_l    improper type in state 1 state 2
  1257   1259   1260   1261                           1       2

No. of offdiagonal (Hij) functions =     1
state_i state_j atom_k atom_l     Aij mu_ij
      1       2      1     12    0.00  0.00
No softcore section found. Using normal LJ potentials.

---------------- Removing redefined interactions from topology ---------------
type      atom1 atom2 atom3 atom4
bond        730   731
bond       1257  1254
bond       1259  1257
bond       1259  1260
bond       1259  1261
bond       1257  1258
bond       3054  3052
angle       725   727   730
angle       727   730   731
angle      1251  1254  1257
angle      1254  1257  1259
angle      1257  1254  1255
angle      1257  1254  1256
angle      1254  1257  1258
angle      1257  1259  1260
angle      1257  1259  1261
angle      1259  1257  1258
angle      1260  1259  1261
angle      3054  3052  3053
torsion     730   727   725   723
torsion     730   727   725   723
torsion     730   727   725   723
torsion     730   727   725   726
torsion     731   730   727   725
torsion     731   730   727   725
torsion     731   730   727   725
torsion     731   730   727   728
torsion     731   730   727   729
torsion    1257  1254  1251  1252
torsion    1257  1254  1251  1253
torsion    1259  1257  1254  1251
torsion    1259  1257  1254  1251
torsion    1259  1257  1254  1251
torsion    1258  1257  1254  1251
torsion    1258  1257  1254  1251
torsion    1258  1257  1254  1251
torsion    1260  1259  1257  1254
torsion    1260  1259  1257  1258
torsion    1261  1259  1257  1254
torsion    1261  1259  1257  1258
torsion    3054  3052  3053  3055
improper   1261  1259  1257  1260

---------------------------- Initialising dynamics ---------------------------
Total charge of non-Q atoms             =      -4.00
Total charge of excluded atoms          =       0.00
Total charge of system                  =      -4.00
Target water sphere radius              =      23.98
Surface inward harmonic force constant  =      60.00
Surface attraction well depth           =       0.79
Surface attraction well width           =       0.42
Water polarisation restraints           : ON, Born correction enabled
Radial polarisation force constant      =      20.00

Setting up 3 water shells for polarisation restraints.
Shell #    outer radius    inner radius
      1           23.98           23.48
      2           23.48           22.48
      3           22.48           20.98

Number of shake constraints             =          0
No. molecules with shake constraints    =          1
No. of Rcq indep. nb pairs involving q-atoms =   449 in state :  1
No. of Rcq indep. nb pairs involving q-atoms =   449 in state :  2

Coordinates for  6805 atoms will be written to the trajectory.
Initial x-shaking required   0 interations per molecule on average.
Initial v-shaking required   0 interations per molecule on average.
------------------------ Distribution of charge groups -----------------------
node value solute-solute solute-water  water-water     Q-solute      Q-water       #Shake       #Atoms   #Molecules
     total           748          748         1250          748         1250            1         6805         1252
----------------------------- End of distribution ----------------------------

Initial temperatures are : Ttot =      0.10 Tfree =      0.10
Solvent temperatures are : Ttot =      0.10 Tfree =      0.10
 Solute temperatures are : Ttot =      0.10 Tfree =      0.10

------------------------ Nonbonded pair list generation -----------------------
>>> WARNING: hot atom, i =         6 Temp(i)=    317.49
>>> WARNING: hot atom, i =       781 Temp(i)=    327.11
>>> WARNING: hot atom, i =      1568 Temp(i)=    453.89
>>> WARNING: hot atom, i =      2027 Temp(i)=    663.45
=======================  Energy summary at step      0 ========================
                        el       vdW      bond     angle   torsion  improper
solute              -5658.65     -151.52      623.75      912.51     1785.07      215.71
solvent               369.58     -390.98        0.21        0.06        0.00        0.00
solute-solvent         13.07      944.54
LRF                    60.85
Q-atom                -46.36      -22.80      -79.38        2.96       17.36        0.26

                     total       fix slvnt_rad slvnt_pol     shell    solute
restraints            195.45        0.00      161.49       33.96        0.00        0.00

                     total potential   kinetic
SUM                 -1197.67    -1208.32       10.65
======================= Q-atom energies at step      0 ========================
type   st lambda        el       vdW      bond     angle   torsion  improper
Q-Q     1 1.0000    -17.27     -1.91
Q-Q     2 0.0000   -179.95     31.48

Q-prot  1 1.0000    -29.01    -17.51
Q-prot  2 0.0000    -18.18    -17.06

Q-wat   1 1.0000     -0.08     -3.39
Q-wat   2 0.0000      3.95     -3.37

Q-surr. 1 1.0000    -29.09    -20.90
Q-surr. 2 0.0000    -14.23    -20.44

Q-any   1 1.0000    -46.36    -22.80    -79.38      2.96     17.36      0.26
Q-any   2 0.0000   -194.18     11.05  14525.53     53.36     18.21      0.10

type   st lambda     total restraint
Q-SUM   1 1.0000   -127.95      0.00
Q-SUM   2 0.0000  14414.09      0.00
H( 1, 2) =    0.00 dist. between Q-atoms   1  12 =    3.78
===============================================================================
Temperature at step       0:         T_tot=       0.5         T_free=       0.6
                             T_free_solute=       1.1 T_free_solvent=       0.2
>>> WARNING: hot atom, i =         6 Temp(i)=    114.37
>>> WARNING: hot atom, i =       781 Temp(i)=    115.43
>>> WARNING: hot atom, i =      1568 Temp(i)=    160.32
>>> WARNING: hot atom, i =      2027 Temp(i)=    233.26
Temperature at step       1:         T_tot=       0.3         T_free=       0.3
                             T_free_solute=       0.4 T_free_solvent=       0.3
>>> WARNING: hot atom, i =         6 Temp(i)=    215.13
>>> WARNING: hot atom, i =       781 Temp(i)=    214.33
>>> WARNING: hot atom, i =      1568 Temp(i)=    296.88
>>> WARNING: hot atom, i =      2027 Temp(i)=    428.44
Temperature at step       2:         T_tot=       0.4         T_free=       0.4
                             T_free_solute=       0.7 T_free_solvent=       0.3
>>> WARNING: hot atom, i =         6 Temp(i)=    149.61
>>> WARNING: hot atom, i =       781 Temp(i)=    148.42
>>> WARNING: hot atom, i =      1568 Temp(i)=    204.63
>>> WARNING: hot atom, i =      2027 Temp(i)=    292.80
Temperature at step       3:         T_tot=       0.3         T_free=       0.3
                             T_free_solute=       0.5 T_free_solvent=       0.3
>>> WARNING: hot atom, i =         6 Temp(i)=    179.66
>>> WARNING: hot atom, i =       781 Temp(i)=    177.89
>>> WARNING: hot atom, i =      1568 Temp(i)=    243.87
>>> WARNING: hot atom, i =      2027 Temp(i)=    345.63
Temperature at step       4:         T_tot=       0.3         T_free=       0.4
                             T_free_solute=       0.6 T_free_solvent=       0.3
>>> WARNING: hot atom, i =         6 Temp(i)=    158.08
>>> WARNING: hot atom, i =       781 Temp(i)=    156.41
>>> WARNING: hot atom, i =      1568 Temp(i)=    213.21
>>> WARNING: hot atom, i =      2027 Temp(i)=    299.44
Temperature at step       5:         T_tot=       0.3         T_free=       0.4
                             T_free_solute=       0.5 T_free_solvent=       0.3
>>> WARNING: hot atom, i =         6 Temp(i)=    165.45
>>> WARNING: hot atom, i =       781 Temp(i)=    163.67
>>> WARNING: hot atom, i =      1568 Temp(i)=    221.83
>>> WARNING: hot atom, i =      2027 Temp(i)=    308.69
Temperature at step       6:         T_tot=       0.3         T_free=       0.4
                             T_free_solute=       0.5 T_free_solvent=       0.3
>>> WARNING: hot atom, i =         6 Temp(i)=    157.08
>>> WARNING: hot atom, i =       781 Temp(i)=    155.40
>>> WARNING: hot atom, i =      1568 Temp(i)=    209.44
>>> WARNING: hot atom, i =      2027 Temp(i)=    288.90
Temperature at step       7:         T_tot=       0.3         T_free=       0.4
                             T_free_solute=       0.5 T_free_solvent=       0.3
>>> WARNING: hot atom, i =         6 Temp(i)=    157.39
>>> WARNING: hot atom, i =       781 Temp(i)=    155.73
>>> WARNING: hot atom, i =      1568 Temp(i)=    208.74
>>> WARNING: hot atom, i =      2027 Temp(i)=    285.46
>>> WARNING: hot atom, i =         6 Temp(i)=    153.02
>>> WARNING: hot atom, i =       781 Temp(i)=    151.44
>>> WARNING: hot atom, i =      1568 Temp(i)=    201.93
>>> WARNING: hot atom, i =      2027 Temp(i)=    273.86
>>> WARNING: hot atom, i =         6 Temp(i)=    151.24
>>> WARNING: hot atom, i =       781 Temp(i)=    149.70
>>> WARNING: hot atom, i =      1568 Temp(i)=    198.59
>>> WARNING: hot atom, i =      2027 Temp(i)=    267.16
=======================  Energy summary at step     10 ========================
                        el       vdW      bond     angle   torsion  improper
solute              -5659.33     -154.06      620.01      909.94     1782.43      215.06
solvent               350.00     -390.94        0.47        0.13        0.00        0.00
solute-solvent         10.71      845.85
LRF                    60.75
Q-atom                -46.39      -22.80      -79.39        2.96       17.36        0.26

                     total       fix slvnt_rad slvnt_pol     shell    solute
restraints            199.67        0.00      165.90       33.77        0.00        0.00

                     total potential   kinetic
SUM                 -1330.86    -1337.33        6.47
======================= Q-atom energies at step     10 ========================
type   st lambda        el       vdW      bond     angle   torsion  improper
Q-Q     1 1.0000    -17.28     -1.91
Q-Q     2 0.0000   -179.97     31.46

Q-prot  1 1.0000    -29.02    -17.50
Q-prot  2 0.0000    -18.20    -17.06

Q-wat   1 1.0000     -0.09     -3.39
Q-wat   2 0.0000      3.94     -3.37

Q-surr. 1 1.0000    -29.11    -20.89
Q-surr. 2 0.0000    -14.26    -20.43

Q-any   1 1.0000    -46.39    -22.80    -79.39      2.96     17.36      0.26
Q-any   2 0.0000   -194.22     11.03  14527.35     53.35     18.21      0.10

type   st lambda     total restraint
Q-SUM   1 1.0000   -128.00      0.00
Q-SUM   2 0.0000  14415.82      0.00
H( 1, 2) =    0.00 dist. between Q-atoms   1  12 =    3.78
===============================================================================
Temperature at step      10:         T_tot=       0.3         T_free=       0.3
                             T_free_solute=       0.5 T_free_solvent=       0.3
>>> WARNING: hot atom, i =         6 Temp(i)=    148.11
>>> WARNING: hot atom, i =       781 Temp(i)=    146.63
>>> WARNING: hot atom, i =      1568 Temp(i)=    193.56
>>> WARNING: hot atom, i =      2027 Temp(i)=    258.37
>>> WARNING: hot atom, i =         6 Temp(i)=    145.75
>>> WARNING: hot atom, i =       781 Temp(i)=    144.32
>>> WARNING: hot atom, i =      1568 Temp(i)=    189.61
>>> WARNING: hot atom, i =      2027 Temp(i)=    251.18
>>> WARNING: hot atom, i =         6 Temp(i)=    143.03
>>> WARNING: hot atom, i =       781 Temp(i)=    141.65
>>> WARNING: hot atom, i =      1568 Temp(i)=    185.24
>>> WARNING: hot atom, i =      2027 Temp(i)=    243.61
Temperature at step      13:         T_tot=       0.3         T_free=       0.3
                             T_free_solute=       0.5 T_free_solvent=       0.3
>>> WARNING: hot atom, i =         6 Temp(i)=    140.55
>>> WARNING: hot atom, i =       781 Temp(i)=    139.21
>>> WARNING: hot atom, i =      1568 Temp(i)=    181.25
>>> WARNING: hot atom, i =      2027 Temp(i)=    236.67
>>> WARNING: hot atom, i =         6 Temp(i)=    137.99
>>> WARNING: hot atom, i =       781 Temp(i)=    136.70
>>> WARNING: hot atom, i =      1568 Temp(i)=    177.22
>>> WARNING: hot atom, i =      2027 Temp(i)=    229.81
>>> WARNING: hot atom, i =         6 Temp(i)=    135.53
>>> WARNING: hot atom, i =       781 Temp(i)=    134.28
>>> WARNING: hot atom, i =      1568 Temp(i)=    173.37
>>> WARNING: hot atom, i =      2027 Temp(i)=    223.30
Temperature at step      16:         T_tot=       0.3         T_free=       0.3
                             T_free_solute=       0.5 T_free_solvent=       0.2
>>> WARNING: hot atom, i =         6 Temp(i)=    133.07
>>> WARNING: hot atom, i =       781 Temp(i)=    131.85
>>> WARNING: hot atom, i =      1568 Temp(i)=    169.56
>>> WARNING: hot atom, i =      2027 Temp(i)=    216.97
>>> WARNING: hot atom, i =         6 Temp(i)=    130.66
>>> WARNING: hot atom, i =       781 Temp(i)=    129.48
>>> WARNING: hot atom, i =      1568 Temp(i)=    165.87
>>> WARNING: hot atom, i =      2027 Temp(i)=    210.91
>>> WARNING: hot atom, i =         6 Temp(i)=    128.28
>>> WARNING: hot atom, i =       781 Temp(i)=    127.13
>>> WARNING: hot atom, i =      1568 Temp(i)=    162.26
>>> WARNING: hot atom, i =      2027 Temp(i)=    205.04
>>> WARNING: hot atom, i =         6 Temp(i)=    125.94
>>> WARNING: hot atom, i =       781 Temp(i)=    124.82
>>> WARNING: hot atom, i =      1568 Temp(i)=    158.75
>>> WARNING: hot atom, i =      2027 Temp(i)=    199.39
=======================  Energy summary at step     20 ========================
                        el       vdW      bond     angle   torsion  improper
solute              -5660.06     -156.66      617.19      907.24     1779.58      214.37
solvent               328.91     -390.91        1.33        0.36        0.00        0.00
solute-solvent          8.20      769.47
LRF                    60.64
Q-atom                -46.42      -22.80      -79.40        2.95       17.35        0.26

                     total       fix slvnt_rad slvnt_pol     shell    solute
restraints            198.86        0.01      165.28       33.57        0.00        0.00

                     total potential   kinetic
SUM                 -1443.48    -1449.53        6.05
======================= Q-atom energies at step     20 ========================
type   st lambda        el       vdW      bond     angle   torsion  improper
Q-Q     1 1.0000    -17.28     -1.91
Q-Q     2 0.0000   -179.98     31.43

Q-prot  1 1.0000    -29.03    -17.50
Q-prot  2 0.0000    -18.22    -17.06

Q-wat   1 1.0000     -0.10     -3.39
Q-wat   2 0.0000      3.92     -3.37

Q-surr. 1 1.0000    -29.13    -20.89
Q-surr. 2 0.0000    -14.29    -20.43

Q-any   1 1.0000    -46.42    -22.80    -79.40      2.95     17.35      0.26
Q-any   2 0.0000   -194.28     11.01  14529.08     53.34     18.21      0.10

type   st lambda     total restraint
Q-SUM   1 1.0000   -128.06      0.00
Q-SUM   2 0.0000  14417.46      0.00
H( 1, 2) =    0.00 dist. between Q-atoms   1  12 =    3.78
===============================================================================
Temperature at step      20:         T_tot=       0.3         T_free=       0.3
                             T_free_solute=       0.4 T_free_solvent=       0.2
>>> WARNING: hot atom, i =         6 Temp(i)=    123.64
>>> WARNING: hot atom, i =       781 Temp(i)=    122.54
>>> WARNING: hot atom, i =      1568 Temp(i)=    155.31
>>> WARNING: hot atom, i =      2027 Temp(i)=    193.93
>>> WARNING: hot atom, i =         6 Temp(i)=    121.37
>>> WARNING: hot atom, i =       781 Temp(i)=    120.29
>>> WARNING: hot atom, i =      1568 Temp(i)=    151.96
>>> WARNING: hot atom, i =      2027 Temp(i)=    188.66
>>> WARNING: hot atom, i =         6 Temp(i)=    119.13
>>> WARNING: hot atom, i =       781 Temp(i)=    118.07
>>> WARNING: hot atom, i =      1568 Temp(i)=    148.69
>>> WARNING: hot atom, i =      2027 Temp(i)=    183.57
>>> WARNING: hot atom, i =         6 Temp(i)=    116.93
>>> WARNING: hot atom, i =       781 Temp(i)=    115.89
>>> WARNING: hot atom, i =      1568 Temp(i)=    145.50
>>> WARNING: hot atom, i =      2027 Temp(i)=    178.64
Temperature at step      24:         T_tot=       0.3         T_free=       0.3
                             T_free_solute=       0.4 T_free_solvent=       0.2
------------------------ Nonbonded pair list generation -----------------------
>>> WARNING: hot atom, i =         6 Temp(i)=    114.77
>>> WARNING: hot atom, i =       781 Temp(i)=    113.75
>>> WARNING: hot atom, i =      1568 Temp(i)=    142.39
>>> WARNING: hot atom, i =      2027 Temp(i)=    173.89
>>> WARNING: hot atom, i =         6 Temp(i)=    112.64
>>> WARNING: hot atom, i =       781 Temp(i)=    111.63
>>> WARNING: hot atom, i =      1568 Temp(i)=    139.35
>>> WARNING: hot atom, i =      2027 Temp(i)=    169.28
>>> WARNING: hot atom, i =         6 Temp(i)=    110.55
>>> WARNING: hot atom, i =       781 Temp(i)=    109.55
>>> WARNING: hot atom, i =      1568 Temp(i)=    136.39
>>> WARNING: hot atom, i =      2027 Temp(i)=    164.83
>>> WARNING: hot atom, i =         6 Temp(i)=    108.49
>>> WARNING: hot atom, i =       781 Temp(i)=    107.51
>>> WARNING: hot atom, i =      1568 Temp(i)=    133.49
>>> WARNING: hot atom, i =      2027 Temp(i)=    160.52
Temperature at step      28:         T_tot=       0.3         T_free=       0.3
                             T_free_solute=       0.4 T_free_solvent=       0.2
>>> WARNING: hot atom, i =         6 Temp(i)=    106.47
>>> WARNING: hot atom, i =       781 Temp(i)=    105.49
>>> WARNING: hot atom, i =      1568 Temp(i)=    130.66
>>> WARNING: hot atom, i =      2027 Temp(i)=    156.35
>>> WARNING: hot atom, i =         6 Temp(i)=    104.48
>>> WARNING: hot atom, i =       781 Temp(i)=    103.51
>>> WARNING: hot atom, i =      1568 Temp(i)=    127.90
>>> WARNING: hot atom, i =      2027 Temp(i)=    152.31
=======================  Energy summary at step     30 ========================
                        el       vdW      bond     angle   torsion  improper
solute              -5660.80     -159.35      614.93      904.37     1776.48      213.63
solvent               307.66     -390.88        2.74        0.76        0.00        0.00
solute-solvent          5.66      707.44
LRF                    60.24
Q-atom                -46.45      -22.79      -79.42        2.94       17.34        0.26

                     total       fix slvnt_rad slvnt_pol     shell    solute
restraints            198.11        0.03      164.72       33.36        0.00        0.00

                     total potential   kinetic
SUM                 -1541.41    -1547.14        5.73
======================= Q-atom energies at step     30 ========================
type   st lambda        el       vdW      bond     angle   torsion  improper
Q-Q     1 1.0000    -17.29     -1.91
Q-Q     2 0.0000   -180.00     31.41

Q-prot  1 1.0000    -29.05    -17.50
Q-prot  2 0.0000    -18.24    -17.05

Q-wat   1 1.0000     -0.11     -3.39
Q-wat   2 0.0000      3.91     -3.37

Q-surr. 1 1.0000    -29.16    -20.88
Q-surr. 2 0.0000    -14.33    -20.42

Q-any   1 1.0000    -46.45    -22.79    -79.42      2.94     17.34      0.26
Q-any   2 0.0000   -194.33     10.98  14530.96     53.32     18.21      0.11

type   st lambda     total restraint
Q-SUM   1 1.0000   -128.12      0.00
Q-SUM   2 0.0000  14419.25      0.00
H( 1, 2) =    0.00 dist. between Q-atoms   1  12 =    3.78
===============================================================================
Temperature at step      30:         T_tot=       0.3         T_free=       0.3
                             T_free_solute=       0.4 T_free_solvent=       0.2
>>> WARNING: hot atom, i =         6 Temp(i)=    102.52
>>> WARNING: hot atom, i =       781 Temp(i)=    101.56
>>> WARNING: hot atom, i =      1568 Temp(i)=    125.21
>>> WARNING: hot atom, i =      2027 Temp(i)=    148.39
>>> WARNING: hot atom, i =         6 Temp(i)=    100.60
>>> WARNING: hot atom, i =      1568 Temp(i)=    122.58
>>> WARNING: hot atom, i =      2027 Temp(i)=    144.60
>>> WARNING: hot atom, i =      1568 Temp(i)=    120.01
>>> WARNING: hot atom, i =      2027 Temp(i)=    140.92
>>> WARNING: hot atom, i =      1568 Temp(i)=    117.50
>>> WARNING: hot atom, i =      2027 Temp(i)=    137.36
>>> WARNING: hot atom, i =      1568 Temp(i)=    115.05
>>> WARNING: hot atom, i =      2027 Temp(i)=    133.90
Temperature at step      35:         T_tot=       0.3         T_free=       0.3
                             T_free_solute=       0.4 T_free_solvent=       0.2
>>> WARNING: hot atom, i =      1568 Temp(i)=    112.66
>>> WARNING: hot atom, i =      2027 Temp(i)=    130.54
>>> WARNING: hot atom, i =      1568 Temp(i)=    110.32
>>> WARNING: hot atom, i =      2027 Temp(i)=    127.29
>>> WARNING: hot atom, i =      1568 Temp(i)=    108.04
>>> WARNING: hot atom, i =      2027 Temp(i)=    124.13
>>> WARNING: hot atom, i =      1568 Temp(i)=    105.80
>>> WARNING: hot atom, i =      2027 Temp(i)=    121.06
>>> WARNING: hot atom, i =      1568 Temp(i)=    103.63
>>> WARNING: hot atom, i =      2027 Temp(i)=    118.08
=======================  Energy summary at step     40 ========================
                        el       vdW      bond     angle   torsion  improper
solute              -5661.64     -162.09      613.02      901.36     1773.14      212.82
solvent               286.39     -390.84        4.59        1.32        0.00        0.00
solute-solvent          3.11      655.78
LRF                    60.14
Q-atom                -46.48      -22.79      -79.44        2.93       17.33        0.26

                     total       fix slvnt_rad slvnt_pol     shell    solute
restraints            197.41        0.05      164.20       33.15        0.00        0.00

                     total potential   kinetic
SUM                 -1628.19    -1633.68        5.49
======================= Q-atom energies at step     40 ========================
type   st lambda        el       vdW      bond     angle   torsion  improper
Q-Q     1 1.0000    -17.29     -1.91
Q-Q     2 0.0000   -180.02     31.38

Q-prot  1 1.0000    -29.06    -17.49
Q-prot  2 0.0000    -18.26    -17.05

Q-wat   1 1.0000     -0.12     -3.38
Q-wat   2 0.0000      3.89     -3.37

Q-surr. 1 1.0000    -29.18    -20.88
Q-surr. 2 0.0000    -14.37    -20.42

Q-any   1 1.0000    -46.48    -22.79    -79.44      2.93     17.33      0.26
Q-any   2 0.0000   -194.39     10.96  14532.98     53.31     18.20      0.11

type   st lambda     total restraint
Q-SUM   1 1.0000   -128.18      0.00
Q-SUM   2 0.0000  14421.17      0.00
H( 1, 2) =    0.00 dist. between Q-atoms   1  12 =    3.78
===============================================================================
Temperature at step      40:         T_tot=       0.3         T_free=       0.3
                             T_free_solute=       0.4 T_free_solvent=       0.2
>>> WARNING: hot atom, i =      1568 Temp(i)=    101.50
>>> WARNING: hot atom, i =      2027 Temp(i)=    115.18
>>> WARNING: hot atom, i =      2027 Temp(i)=    112.37
>>> WARNING: hot atom, i =      2027 Temp(i)=    109.64
>>> WARNING: hot atom, i =      2027 Temp(i)=    106.99
>>> WARNING: hot atom, i =      2027 Temp(i)=    104.41
>>> WARNING: hot atom, i =      2027 Temp(i)=    101.90
Temperature at step      46:         T_tot=       0.3         T_free=       0.3
                             T_free_solute=       0.4 T_free_solvent=       0.2
------------------------ Nonbonded pair list generation -----------------------
=======================  Energy summary at step     50 ========================
                        el       vdW      bond     angle   torsion  improper
solute              -5662.55     -164.87      611.29      898.23     1769.59      211.97
solvent               265.21     -390.81        6.79        2.03        0.00        0.00
solute-solvent          0.61      611.94
LRF                    59.77
Q-atom                -46.51      -22.78      -79.45        2.92       17.32        0.27

                     total       fix slvnt_rad slvnt_pol     shell    solute
restraints            196.74        0.08      163.71       32.95        0.00        0.01

                     total potential   kinetic
SUM                 -1707.01    -1712.31        5.30
======================= Q-atom energies at step     50 ========================
type   st lambda        el       vdW      bond     angle   torsion  improper
Q-Q     1 1.0000    -17.30     -1.92
Q-Q     2 0.0000   -180.04     31.35

Q-prot  1 1.0000    -29.08    -17.49
Q-prot  2 0.0000    -18.28    -17.05

Q-wat   1 1.0000     -0.14     -3.38
Q-wat   2 0.0000      3.87     -3.36

Q-surr. 1 1.0000    -29.21    -20.87
Q-surr. 2 0.0000    -14.41    -20.41

Q-any   1 1.0000    -46.51    -22.78    -79.45      2.92     17.32      0.27
Q-any   2 0.0000   -194.45     10.94  14535.14     53.29     18.20      0.11

type   st lambda     total restraint
Q-SUM   1 1.0000   -128.25      0.00
Q-SUM   2 0.0000  14423.22      0.00
H( 1, 2) =    0.00 dist. between Q-atoms   1  12 =    3.78
===============================================================================
Temperature at step      50:         T_tot=       0.3         T_free=       0.3
                             T_free_solute=       0.4 T_free_solvent=       0.2
Temperature at step      57:         T_tot=       0.3         T_free=       0.3
                             T_free_solute=       0.3 T_free_solvent=       0.2
=======================  Energy summary at step     60 ========================
                        el       vdW      bond     angle   torsion  improper
solute              -5663.47     -167.66      609.63      895.00     1765.85      211.07
solvent               244.18     -390.77        9.23        2.89        0.00        0.00
solute-solvent         -1.92      574.18
LRF                    59.67
Q-atom                -46.54      -22.78      -79.47        2.90       17.31        0.27

                     total       fix slvnt_rad slvnt_pol     shell    solute
restraints            196.11        0.12      163.23       32.75        0.00        0.01

                     total potential   kinetic
SUM                 -1779.19    -1784.33        5.14
======================= Q-atom energies at step     60 ========================
type   st lambda        el       vdW      bond     angle   torsion  improper
Q-Q     1 1.0000    -17.30     -1.92
Q-Q     2 0.0000   -180.06     31.32

Q-prot  1 1.0000    -29.09    -17.48
Q-prot  2 0.0000    -18.31    -17.04

Q-wat   1 1.0000     -0.15     -3.38
Q-wat   2 0.0000      3.85     -3.36

Q-surr. 1 1.0000    -29.24    -20.86
Q-surr. 2 0.0000    -14.45    -20.40

Q-any   1 1.0000    -46.54    -22.78    -79.47      2.90     17.31      0.27
Q-any   2 0.0000   -194.51     10.91  14537.41     53.27     18.20      0.11

type   st lambda     total restraint
Q-SUM   1 1.0000   -128.32      0.00
Q-SUM   2 0.0000  14425.39      0.00
H( 1, 2) =    0.00 dist. between Q-atoms   1  12 =    3.78
===============================================================================
Temperature at step      60:         T_tot=       0.3         T_free=       0.3
                             T_free_solute=       0.3 T_free_solvent=       0.2
Temperature at step      68:         T_tot=       0.2         T_free=       0.3
                             T_free_solute=       0.3 T_free_solvent=       0.2
=======================  Energy summary at step     70 ========================
                        el       vdW      bond     angle   torsion  improper
solute              -5664.42     -170.45      607.92      891.68     1761.93      210.13
solvent               223.36     -390.74       11.84        3.89        0.00        0.00
solute-solvent         -4.43      541.29
LRF                    59.58
Q-atom                -46.58      -22.78      -79.49        2.89       17.29        0.27

                     total       fix slvnt_rad slvnt_pol     shell    solute
restraints            195.51        0.18      162.78       32.54        0.00        0.01

                     total potential   kinetic
SUM                 -1846.29    -1851.30        5.01
======================= Q-atom energies at step     70 ========================
type   st lambda        el       vdW      bond     angle   torsion  improper
Q-Q     1 1.0000    -17.31     -1.92
Q-Q     2 0.0000   -180.07     31.29

Q-prot  1 1.0000    -29.11    -17.48
Q-prot  2 0.0000    -18.33    -17.03

Q-wat   1 1.0000     -0.16     -3.38
Q-wat   2 0.0000      3.84     -3.36

Q-surr. 1 1.0000    -29.27    -20.86
Q-surr. 2 0.0000    -14.50    -20.40

Q-any   1 1.0000    -46.58    -22.78    -79.49      2.89     17.29      0.27
Q-any   2 0.0000   -194.57     10.89  14539.79     53.25     18.19      0.11

type   st lambda     total restraint
Q-SUM   1 1.0000   -128.38      0.00
Q-SUM   2 0.0000  14427.66      0.00
H( 1, 2) =    0.00 dist. between Q-atoms   1  12 =    3.78
===============================================================================
Temperature at step      70:         T_tot=       0.2         T_free=       0.3
                             T_free_solute=       0.3 T_free_solvent=       0.2
------------------------ Nonbonded pair list generation -----------------------
Temperature at step      79:         T_tot=       0.2         T_free=       0.3
                             T_free_solute=       0.3 T_free_solvent=       0.2
=======================  Energy summary at step     80 ========================
                        el       vdW      bond     angle   torsion  improper
solute              -5665.40     -173.22      606.11      888.30     1757.84      209.15
solvent               202.78     -390.70       14.53        5.01        0.00        0.00
solute-solvent         -6.91      512.36
LRF                    59.24
Q-atom                -46.62      -22.77      -79.50        2.88       17.28        0.27

                     total       fix slvnt_rad slvnt_pol     shell    solute
restraints            194.94        0.24      162.33       32.34        0.00        0.02

                     total potential   kinetic
SUM                 -1909.54    -1914.44        4.90
======================= Q-atom energies at step     80 ========================
type   st lambda        el       vdW      bond     angle   torsion  improper
Q-Q     1 1.0000    -17.31     -1.92
Q-Q     2 0.0000   -180.09     31.26

Q-prot  1 1.0000    -29.13    -17.47
Q-prot  2 0.0000    -18.36    -17.03

Q-wat   1 1.0000     -0.17     -3.38
Q-wat   2 0.0000      3.82     -3.36

Q-surr. 1 1.0000    -29.30    -20.85
Q-surr. 2 0.0000    -14.54    -20.39

Q-any   1 1.0000    -46.62    -22.77    -79.50      2.88     17.28      0.27
Q-any   2 0.0000   -194.63     10.87  14542.26     53.23     18.19      0.11

type   st lambda     total restraint
Q-SUM   1 1.0000   -128.46      0.00
Q-SUM   2 0.0000  14430.03      0.00
H( 1, 2) =    0.00 dist. between Q-atoms   1  12 =    3.78
===============================================================================
Temperature at step      80:         T_tot=       0.2         T_free=       0.3
                             T_free_solute=       0.3 T_free_solvent=       0.2
=======================  Energy summary at step     90 ========================
                        el       vdW      bond     angle   torsion  improper
solute              -5666.41     -175.97      604.11      884.87     1753.62      208.14
solvent               182.47     -390.67       17.24        6.25        0.00        0.00
solute-solvent         -9.36      486.72
LRF                    59.15
Q-atom                -46.65      -22.76      -79.52        2.87       17.27        0.27

                     total       fix slvnt_rad slvnt_pol     shell    solute
restraints            194.38        0.32      161.89       32.14        0.00        0.03

                     total potential   kinetic
SUM                 -1969.18    -1973.99        4.81
======================= Q-atom energies at step     90 ========================
type   st lambda        el       vdW      bond     angle   torsion  improper
Q-Q     1 1.0000    -17.32     -1.92
Q-Q     2 0.0000   -180.11     31.23

Q-prot  1 1.0000    -29.15    -17.47
Q-prot  2 0.0000    -18.38    -17.02

Q-wat   1 1.0000     -0.19     -3.37
Q-wat   2 0.0000      3.80     -3.36

Q-surr. 1 1.0000    -29.33    -20.84
Q-surr. 2 0.0000    -14.59    -20.38

Q-any   1 1.0000    -46.65    -22.76    -79.52      2.87     17.27      0.27
Q-any   2 0.0000   -194.70     10.85  14544.83     53.21     18.19      0.11

type   st lambda     total restraint
Q-SUM   1 1.0000   -128.53      0.00
Q-SUM   2 0.0000  14432.48      0.00
H( 1, 2) =    0.00 dist. between Q-atoms   1  12 =    3.78
===============================================================================
Temperature at step      90:         T_tot=       0.2         T_free=       0.2
                             T_free_solute=       0.3 T_free_solvent=       0.2
---------------------- Water polarisation restraint data ---------------------
shell    <n>    <theta>    theta_0 theta_corr
    1  211.0     86.367     90.000     -3.633
    2  201.0     86.641     90.000     -3.359
    3  192.0     88.214     90.000     -1.786

=========================== FINAL  Energy summary =============================
                        el       vdW      bond     angle   torsion  improper
solute              -5667.60     -178.69      601.90      881.40     1749.27      207.10
solvent               162.45     -390.63       19.91        7.58        0.00        0.00
solute-solvent        -11.67      463.85
LRF                    58.89
Q-atom                -46.69      -22.76      -79.54        2.86       17.26        0.27

                     total       fix slvnt_rad slvnt_pol     shell    solute
restraints            244.92        0.42      161.45       83.01        0.00        0.03

                     total potential   kinetic
SUM                 -1975.18    -1979.92        4.74
=========================== FINAL Q-atom energies =============================
type   st lambda        el       vdW      bond     angle   torsion  improper
Q-Q     1 1.0000    -17.33     -1.93
Q-Q     2 0.0000   -180.13     31.20

Q-prot  1 1.0000    -29.16    -17.46
Q-prot  2 0.0000    -18.41    -17.02

Q-wat   1 1.0000     -0.20     -3.37
Q-wat   2 0.0000      3.78     -3.35

Q-surr. 1 1.0000    -29.36    -20.83
Q-surr. 2 0.0000    -14.63    -20.37

Q-any   1 1.0000    -46.69    -22.76    -79.54      2.86     17.26      0.27
Q-any   2 0.0000   -194.77     10.83  14547.48     53.19     18.18      0.11

type   st lambda     total restraint
Q-SUM   1 1.0000   -128.60      0.00
Q-SUM   2 0.0000  14435.02      0.00
H( 1, 2) =    0.00 dist. between Q-atoms   1  12 =    3.79
===============================================================================
Total time of main loop:                                38.4(s)
 QDyn version 5.10.22 , git id=9325b9c29ad62a733df16f540968e33ee6c78260 terminated normally.
###############################################################################
