
Build and version information

Build number 5.10.21
Build date   20240304
Built:       
      by     nayanika
      on     nayanika-HP-Pavilion-Gaming-Laptop-15-ec0xxx
      git id 9325b9c29ad62a733df16f540968e33ee6c78260
      with   GNU Fortran Ubuntu 9.4.0-1ubuntu1~20.04.2 9.4.0
Current date 2024- 4-11 and time 20: 8:54

Welcome in qprep modification date 20240304


Qprep> 
Reading molecular library qoplsaa.lib

name  atoms  net Q  bonds  rules   imps Q-grps
ALA      10   0.00      9      0      2      3
NAL      12   1.00     11      0      1      3
ALC      12   0.00     11      0      1      3
ARG      24   1.00     23      0      6      4
ARN      23   0.00     22      0      5      5
ASH      13   0.00     12      0      3      3
ASN      14   0.00     13      0      4      5
ASP      12  -1.00     11      0      3      3
CLA       1  -1.00      0      0      0    none, creating default
CYS      11   0.00     10      0      2      3
CYX      10   0.00      9      0      2      3
GLH      16   0.00     15      0      3      4
GLN      17   0.00     16      0      4      6
GLU      15  -1.00     14      0      3      4
GLY       7   0.00      6      0      2      2
NGL       9   1.00      8      0      1      2
GLC       9   0.00      8      0      1      2
HID      17   0.00     17      0      6      3
HIE      17   0.00     17      0      6      3
HIP      18   1.00     18      0      7      3
ILE      19   0.00     18      0      2      6
LEU      19   0.00     18      0      2      6
LYN      21   0.00     20      0      2      6
LYS      22   1.00     21      0      2      6
MET      17  -0.00     16      0      2      4
PHE      20   0.00     20      0      8      8
PRO      14   0.00     14      0      2      4
SER      11  -0.00     10      0      2      3
SOD       1   1.00      0      0      0      1
THR      14  -0.00     13      0      2      4
HOH       3   0.00      3      0      0      1
TRP      24   0.00     25      0     11      8
TYR      21   0.00     21      0      8      8
VAL      16   0.00     15      0      2      5
NME       6  -0.00      5      0      1      1
ACE       6   0.00      5      0      1      2

Accumulated no. of library entries loaded =  36

Qprep> 
Reading molecular library GPX.lib

name  atoms  net Q  bonds  rules   imps Q-grps
PRX       4   0.00      3      0      0      1
SEC      11   0.00     10      0      2      3
SNN      12   0.00     11      0      2      3
SEN      12   0.00     11      0      2      3
GLP      18   1.00     17      0      4      1
SUL      10  -1.00      9      0      2      1

Accumulated no. of library entries loaded =  42

Qprep> 
Reading force field parameter file.
Forcefield name:               OPLS-AA
Forcefield type:               AMBER
Lennard-Jones combination rule:GEOMETRIC
Scaling of 1-4 electrostatics: 0.500
Cut-off rule:                  switching atoms
Improper potential:            PERIODIC
Improper generation:           EXPLICIT
Coulomb constant:              332.0716
Read  171 atom types
>>>>> WARNING: No SYBYL name for one or more atom types.
Read    0 atom type alias names
Read    0 LJ type 2 pairs
Read  261 bond types
Read   46 unique bond parameters
>>>>> WARNING: No SYBYL bond type for one or more bond types.
Read  626 angle types
Read   82  unique angle parameters
Read 1867 torsion types
Read  250 unique torsion parameters
Read   83 improper types
Force field parameters successfully read.

Qprep> ---------------------------- Reading topology file ---------------------------
GPX6cys_mouse.top                                                               

No. of solute atoms     =       3055
No. of solvent atoms    =       3789
No. of coordinates      =      20532
No. of atom type codes  =       6844
No. of solute bonds     =       3101
No. of solvent bonds    =       3789
No. of solute angles    =       5596
No. of solvent angles   =       1263
No. of solute torsions  =      11365
No. of solvent torsions =          0
No. of solute impropers =        658
No. of solvent impropers=          0
No. of atomic charges   =       6844
No. of solute chargegrps=        759
No. of solvent chargegps=       1263
Charge group cut-off    : Switching atoms
vdW  rule [ 1=G / 2=A ] =          1
El-static 1-4 damping   =      0.500
Coulomb constant        =   332.0716
No. of atom types       =        171
No. of LJ type 2 pairs  =          0
No. of heavy atoms      =       2821
No. of 1-4 neighbours   =       8175
No. long-range 1-4 nbrs =          1
No. of nbor exclusions  =      13749
No. of long-range excls =          0
No. of residues         =       1459
No of solute residues   =        196
No. of molecules        =       1265
Atom type names         =        171
SYBYL atom types        =        171
Boundary: sphere
Exclusion radius        =     25.000
Eff. solvent radius     =     24.110
Solute centre           =     37.629    31.841    48.721
Solvent centre          =     37.629    31.841    48.721
No. of excluded atoms   =        555
Molecular topology read successfully.

Qprep> Coordinate file successfully read.

Qprep> 

PDB file successfully written.

Qprep> 