
Build and version information

Build number 5.10.21
Build date   20240304
Built:       
      by     nayanika
      on     nayanika-HP-Pavilion-Gaming-Laptop-15-ec0xxx
      git id 9325b9c29ad62a733df16f540968e33ee6c78260
      with   GNU Fortran Ubuntu 9.4.0-1ubuntu1~20.04.2 9.4.0
Current date 2024- 5- 2 and time 17:44: 8

Welcome in qprep modification date 20240304


Qprep> 
Reading molecular library qoplsaa.lib

name  atoms  net Q  bonds  rules   imps Q-grps
ALA      10   0.00      9      0      2      3
NAL      12   1.00     11      0      1      3
ALC      12   0.00     11      0      1      3
ARG      24   1.00     23      0      6      4
ARN      23   0.00     22      0      5      5
ASH      13   0.00     12      0      3      3
ASN      14   0.00     13      0      4      5
ASP      12  -1.00     11      0      3      3
CLA       1  -1.00      0      0      0    none, creating default
CYS      11   0.00     10      0      2      3
CYX      10   0.00      9      0      2      3
GLH      16   0.00     15      0      3      4
GLN      17   0.00     16      0      4      6
GLU      15  -1.00     14      0      3      4
GLY       7   0.00      6      0      2      2
NGL       9   1.00      8      0      1      2
GLC       9   0.00      8      0      1      2
HID      17   0.00     17      0      6      3
HIE      17   0.00     17      0      6      3
HIP      18   1.00     18      0      7      3
ILE      19   0.00     18      0      2      6
LEU      19   0.00     18      0      2      6
LYN      21   0.00     20      0      2      6
LYS      22   1.00     21      0      2      6
MET      17  -0.00     16      0      2      4
PHE      20   0.00     20      0      8      8
PRO      14   0.00     14      0      2      4
SER      11  -0.00     10      0      2      3
SOD       1   1.00      0      0      0      1
THR      14  -0.00     13      0      2      4
HOH       3   0.00      3      0      0      1
TRP      24   0.00     25      0     11      8
TYR      21   0.00     21      0      8      8
VAL      16   0.00     15      0      2      5
NME       6  -0.00      5      0      1      1
ACE       6   0.00      5      0      1      2

Accumulated no. of library entries loaded =  36

Qprep> 
Reading molecular library GPX.lib

name  atoms  net Q  bonds  rules   imps Q-grps
PRX       4   0.00      3      0      0      1
SEC      11   0.00     10      0      2      3
SNN      12   0.00     11      0      2      3
SEN      12   0.00     11      0      2      3
GLP      18   1.00     17      0      4      1
SUL      10  -1.00      9      0      2      1

Accumulated no. of library entries loaded =  42

Qprep> Qprep> 
Reading force field parameter file.
Forcefield name:               OPLS-AA
Forcefield type:               AMBER
Lennard-Jones combination rule:GEOMETRIC
Scaling of 1-4 electrostatics: 0.500
Cut-off rule:                  switching atoms
Improper potential:            PERIODIC
Improper generation:           EXPLICIT
Coulomb constant:              332.0716
Read  181 atom types
>>>>> WARNING: No SYBYL name for one or more atom types.
Read    0 atom type alias names
Read    0 LJ type 2 pairs
Read  274 bond types
Read   46 unique bond parameters
>>>>> WARNING: No SYBYL bond type for one or more bond types.
Read  656 angle types
Read   83  unique angle parameters
Read 1943 torsion types
Read  250 unique torsion parameters
Read   91 improper types
Force field parameters successfully read.

Qprep> Qprep> 
>>>WARNING: ignoring unrecognised line in PDB file
END
PDB file contains  1559 atoms.
The number of atoms in the topology will be  3058
molecule    1: PRO     1 - SER   195
molecule    2: PRX   196

Successfully read PDB file with    2 molecules,
  196 residues totally (  196 in solute).
 3058 atoms totally ( 3058 in solute).

Sequence listing:

PRO  GLN  LYS  SER  LYS  VAL  ASP  CYS  ASN  LYS  GLY  VAL  THR  GLY  THR  VAL 
TYR  GLU  TYR  GLY  ALA  ASN  THR  ILE  ASP  GLY  GLY  GLU  PHE  VAL  ASN  PHE 
GLN  GLN  TYR  ALA  GLY  LYS  HID  ILE  LEU  PHE  VAL  ASN  VAL  ALA  SER  PHE 
CYS  GLY  LEU  THR  ALA  THR  TYR  PRO  GLU  LEU  ASN  THR  LEU  GLN  GLU  GLU 
LEU  LYS  PRO  PHE  ASN  VAL  THR  VAL  LEU  GLY  PHE  PRO  CYS  ASN  GLN  PHE 
GLY  LYS  GLP  GLU  PRO  GLY  LYS  ASN  SER  GLU  ILE  LEU  LEU  GLY  LEU  LYS 
TYR  VAL  ARG  PRO  GLY  GLY  GLY  TYR  VAL  PRO  ASN  PHE  GLN  LEU  PHE  GLU 
LYS  GLY  ASP  VAL  ASN  GLY  ASP  ASN  GLU  GLN  LYS  VAL  PHE  SER  PHE  LEU 
LYS  ASN  SER  CYS  PRO  PRO  THR  SER  GLU  LEU  PHE  GLY  SER  PRO  GLU  HID 
LEU  PHE  TRP  ASP  PRO  MET  LYS  VAL  HID  ASP  ILE  ARG  TRP  ASN  PHE  GLU 
LYS  PHE  LEU  VAL  GLY  PRO  ASP  GLY  VAL  PRO  VAL  MET  ARG  TRP  PHE  HID 
HID  THR  PRO  VAL  ARG  ILE  VAL  GLN  SER  ASP  ILE  MET  GLU  TYR  LEU  ASN 
GLN  THR  SER  PRX 

Qprep> Qprep> Qprep> Qprep> 
Simulation sphere centre                   :     37.914  31.866  49.100
Simulation radius                          :     25.000
Qprep> 
Solvation sphere centre                   :     37.914  31.866  49.100
Library entry used to generate solvent  :       HOH 
Radius of solvent sphere                =      25.00 A
Grid spacing                            =       3.10 A 
No. of solvent molecules in the sphere:  2109
Minimum distance to solute heavy atoms:  2.70 A
No. of solvent molecules to add to the system:  1250
Qprep> Qprep> Assigned  6808 atom types.
Assigned  6808 atomic charges.
Made      3104 solute bonds.
Made         0 extra bonds.
Made      3750 solvent bonds.
Made      5599 solute angles.
Made      1250 solvent angles.
Made     11355 solute torsions.
Made         0 solvent torsions.
Made       658 solute impropers.
Made         0 solvent impropers.
Made      8181 entries in the 1-4 neighbour list.
Made         3 entries in the long-range 1-4 neighbour list.
Made     13703 entries in list of excluded neighbours.
Made         0 entries in list of long-range excluded neighbours.
>>> WARNING: Positioning of hydrogen  1535 bound to atom  1534 didn't converge.
Potential is    3.487 kcal/mol.
>>> WARNING: Positioning of hydrogen  2431 bound to atom  2430 didn't converge.
Potential is    8.500 kcal/mol.
Made      1499 solute hydrogens.
Made      2500 solvent hydrogens.
Made      743 solute  charge groups comprising a total of   2469 atoms.
Made     1250 solvent charge groups comprising a total of   3750 atoms.
Skipped   189excluded charge groups comprising a total of    589 atoms.
Effective water radius                     : 23.98
Topology successfully generated.
Qprep> 
---------------------------- Writing topology file ---------------------------
solute atoms                :   3058
solvent atoms               :   3750
solvent mol atoms           :      3
co-ordinates                :  20424
integer atom codes          :   6808
solute bonds                :   3104
solvent bonds               :   3750
bond parameters             :     39
solute angles               :   5599
solvent angles              :   1250
angle parameters            :     64
torsions                    :  11355
torsion parameters          :    187
impropers                   :    658
improper parameters         :     36
charges                     :   6808
total charge of not excluded:  -3.00
charge groups               :   1993
atom type parameters        :    181
polar LJ pairs              :      0
neighbour list              :   8181
long-range neighbour list   :      3
neighbour exclusion list    :  13703
long-range exclusions       :      0
residues                    :   1446
molecules                   :   1252
Atom type names             :    181
SYBYL type information      :    181
excluded atom list          :    589

Qprep> 

PDB file successfully written.

Qprep> 