# Qfep                       version 5.10.24 , gi(modified on 20240701                                                                        )

--> Number of energy files: # Number of files                 =    51
--> No. of states, no. of predefined off-diag elements: # Number of states                 =     2
# Number of off-diagonal elements =     0
--> Give kT & no, of pts to skip   & calculation mode: # kT                              = 0.596
# Number of data points to skip   =   100
# Only QQ interactions will be considered   =   0
--> Give number of gap-bins: # Number of gap-bins              =    50
--> Give minimum # pts/bin: # Minimum number of points per bin=    10
--> Give alpha for state  2:                                                    # Alpha for state  2              =    40.00
--> Number of off-diagonal elements:# Number of off-diagonal elements =     1
#   i   j   A(i,j)  mu(i,j) eta(i,j) rxy0(i,j)
--> i, j, A_ij, mu_ij, eta_ij, r_xy0: #   1   2     25.00      0.00      0.00      0.00
--> linear combination of states defining reaction coord: # Linear combination co-efficients=  1.00 -1.00


# Part 0: Average energies for all states in all files
# file             state   pts   lambda    EQtot   EQbond  EQang   EQtor   EQimp    EQel   EQvdW  Eel_qq  EvdW_qq Eel_qp  EvdW_qp Eel_qw EvdW_qw Eqrstr
--> Name of file number   1:                                                     
# Energy files from Qdyn, version: 5.10.17 , git id=9325b9c29ad62a733df16f540968e33ee6c78260                       
rep1_fep_000_1.000.en   1      1899  1.000000  -300.87  -179.57     2.95    -3.67     0.15  -103.90   -18.13   -15.84    -1.46   -52.99   -18.01   -35.07     1.34     1.30
rep1_fep_000_1.000.en   2      1899  0.000000  -154.12     5.43    52.60     3.45     0.06  -244.64     7.67  -148.20    23.68   -47.67   -17.35   -48.77     1.33    21.32
--> Name of file number   2:                                                     
# Energy files from Qdyn, version: 5.10.17 , git id=9325b9c29ad62a733df16f540968e33ee6c78260                       
rep1_fep_001_0.980.en   1      1899  0.980000  -302.25  -180.57     2.55    -3.18     0.16  -103.72   -18.67   -15.97    -1.57   -52.98   -18.14   -34.77     1.04     1.18
rep1_fep_001_0.980.en   2      1899  0.020000  -161.24     6.50    46.90     4.06     0.06  -247.54     6.71  -150.69    23.22   -49.41   -17.55   -47.45     1.04    22.06
--> Name of file number   3:                                                     
# Energy files from Qdyn, version: 5.10.17 , git id=9325b9c29ad62a733df16f540968e33ee6c78260                       
rep1_fep_002_0.960.en   1      1899  0.960000  -301.03  -180.64     3.17    -3.31     0.17  -103.05   -18.34   -16.02    -1.50   -53.48   -17.95   -33.56     1.12     0.98
rep1_fep_002_0.960.en   2      1899  0.040000  -165.70     6.36    43.05     3.72     0.07  -247.15     6.83  -150.45    23.11   -51.08   -17.39   -45.61     1.12    21.41
--> Name of file number   4:                                                     
# Energy files from Qdyn, version: 5.10.17 , git id=9325b9c29ad62a733df16f540968e33ee6c78260                       
rep1_fep_003_0.940.en   1      1899  0.940000  -299.74  -180.49     3.73    -2.91     0.19  -103.08   -18.19   -15.96    -1.48   -54.00   -17.50   -33.12     0.80     1.01
rep1_fep_003_0.940.en   2      1899  0.060000  -165.17     7.01    43.70     4.13     0.08  -248.88     7.03  -151.32    23.14   -51.76   -16.90   -45.80     0.79    21.76
--> Name of file number   5:                                                     
# Energy files from Qdyn, version: 5.10.17 , git id=9325b9c29ad62a733df16f540968e33ee6c78260                       
rep1_fep_004_0.920.en   1      1899  0.920000  -301.38  -180.74     2.73    -3.19     0.21  -103.95   -17.37   -16.32    -1.44   -54.49   -17.12   -33.14     1.19     0.92
rep1_fep_004_0.920.en   2      1899  0.080000  -172.74     5.85    38.65     4.13     0.08  -250.09     7.47  -151.63    22.78   -53.65   -16.50   -44.81     1.18    21.17
--> Name of file number   6:                                                     
# Energy files from Qdyn, version: 5.10.17 , git id=9325b9c29ad62a733df16f540968e33ee6c78260                       
rep1_fep_005_0.900.en   1      1899  0.900000  -300.43  -180.87     3.02    -3.07     0.24  -102.48   -18.23   -16.56    -1.45   -52.38   -18.15   -33.53     1.37     0.95
rep1_fep_005_0.900.en   2      1899  0.100000  -181.13     0.07    35.34     3.76     0.09  -245.35     5.99  -147.66    22.21   -49.83   -17.59   -47.86     1.37    18.97
--> Name of file number   7:                                                     
# Energy files from Qdyn, version: 5.10.17 , git id=9325b9c29ad62a733df16f540968e33ee6c78260                       
rep1_fep_006_0.880.en   1      1899  0.880000  -298.71  -179.91     3.30    -3.16     0.21  -103.15   -16.77   -16.21    -1.59   -53.92   -16.94   -33.02     1.77     0.76
rep1_fep_006_0.880.en   2      1899  0.120000  -180.51     3.39    31.91     3.85     0.08  -246.23     6.61  -148.66    21.26   -51.39   -16.42   -46.18     1.76    19.87
--> Name of file number   8:                                                     
# Energy files from Qdyn, version: 5.10.17 , git id=9325b9c29ad62a733df16f540968e33ee6c78260                       
rep1_fep_007_0.860.en   1      1899  0.860000  -299.19  -179.35     3.79    -2.91     0.12  -106.01   -15.14   -15.77    -1.07   -50.14   -17.10   -40.11     3.03     0.32
rep1_fep_007_0.860.en   2      1899  0.140000  -200.45    -5.33    22.42     3.15     0.05  -242.76     7.03  -138.50    20.60   -47.66   -16.58   -56.61     3.01    14.99
--> Name of file number   9:                                                     
# Energy files from Qdyn, version: 5.10.17 , git id=9325b9c29ad62a733df16f540968e33ee6c78260                       
rep1_fep_008_0.840.en   1      1899  0.840000  -299.25  -179.10     3.65    -3.24     0.20  -105.36   -15.63   -17.01    -0.97   -49.44   -17.29   -38.92     2.64     0.23
rep1_fep_008_0.840.en   2      1899  0.160000  -212.25    -9.58    17.29     3.25     0.08  -242.49     5.89  -137.74    20.13   -48.27   -16.87   -56.49     2.63    13.32
--> Name of file number  10:                                                     
# Energy files from Qdyn, version: 5.10.17 , git id=9325b9c29ad62a733df16f540968e33ee6c78260                       
rep1_fep_009_0.820.en   1      1899  0.820000  -298.76  -179.04     3.49    -3.15     0.19  -105.01   -15.51   -16.47    -1.27   -50.21   -16.82   -38.33     2.58     0.27
rep1_fep_009_0.820.en   2      1899  0.180000  -203.91    -4.34    20.08     4.66     0.08  -243.87     5.92  -142.14    19.61   -48.30   -16.25   -53.43     2.57    13.57
--> Name of file number  11:                                                     
# Energy files from Qdyn, version: 5.10.17 , git id=9325b9c29ad62a733df16f540968e33ee6c78260                       
rep1_fep_010_0.800.en   1      1899  0.800000  -296.13  -178.50     3.98    -3.25     0.15  -103.11   -15.48   -16.26    -0.03   -48.58   -17.54   -38.26     2.09     0.08
rep1_fep_010_0.800.en   2      1899  0.200000  -222.03   -22.71    13.26     2.66     0.06  -230.69     5.28  -128.96    20.21   -46.81   -17.00   -54.92     2.07    10.12
--> Name of file number  12:                                                     
# Energy files from Qdyn, version: 5.10.17 , git id=9325b9c29ad62a733df16f540968e33ee6c78260                       
rep1_fep_011_0.780.en   1      1899  0.780000  -296.30  -178.03     3.66    -2.99     0.10  -105.33   -13.89   -15.90     1.61   -49.06   -17.50   -40.38     2.01     0.19
rep1_fep_011_0.780.en   2      1899  0.220000  -243.56   -33.48     7.67    -0.58     0.04  -231.29     5.93  -120.36    21.09   -48.32   -17.15   -62.62     1.99     8.15
--> Name of file number  13:                                                     
# Energy files from Qdyn, version: 5.10.17 , git id=9325b9c29ad62a733df16f540968e33ee6c78260                       
rep1_fep_012_0.760.en   1      1899  0.760000  -296.12  -177.93     3.64    -3.11     0.06  -104.38   -14.42   -16.09     2.04   -49.14   -17.29   -39.15     0.83     0.03
rep1_fep_012_0.760.en   2      1899  0.240000  -249.71   -35.68     6.66    -0.72     0.02  -231.24     4.83  -119.28    20.96   -48.14   -16.95   -63.82     0.82     6.40
--> Name of file number  14:                                                     
# Energy files from Qdyn, version: 5.10.17 , git id=9325b9c29ad62a733df16f540968e33ee6c78260                       
rep1_fep_013_0.740.en   1      1899  0.740000  -295.58  -177.54     3.06    -3.37     0.06  -105.57   -12.27   -15.12     1.90   -49.53   -16.61   -40.92     2.44     0.05
rep1_fep_013_0.740.en   2      1899  0.260000  -247.85   -37.66     7.48    -1.52     0.02  -230.57     7.07  -116.97    20.94   -50.00   -16.28   -63.60     2.41     7.34
--> Name of file number  15:                                                     
# Energy files from Qdyn, version: 5.10.17 , git id=9325b9c29ad62a733df16f540968e33ee6c78260                       
rep1_fep_014_0.720.en   1      1899  0.720000  -292.31  -176.99     3.50    -3.27     0.09  -103.63   -12.02   -15.80     2.78   -47.17   -16.99   -40.65     2.19     0.00
rep1_fep_014_0.720.en   2      1899  0.280000  -251.15   -42.04     6.62    -0.31     0.04  -228.68     6.80  -117.15    21.30   -45.37   -16.67   -66.15     2.17     6.41
--> Name of file number  16:                                                     
# Energy files from Qdyn, version: 5.10.17 , git id=9325b9c29ad62a733df16f540968e33ee6c78260                       
rep1_fep_015_0.700.en   1      1899  0.700000  -293.18  -175.94     3.83    -3.31     0.07  -106.56   -11.41   -16.98     2.96   -46.92   -16.98   -42.65     2.60     0.14
rep1_fep_015_0.700.en   2      1899  0.300000  -260.65   -42.68     6.48    -2.40     0.03  -235.16     6.95  -119.00    20.97   -43.77   -16.59   -72.39     2.56     6.14
--> Name of file number  17:                                                     
# Energy files from Qdyn, version: 5.10.17 , git id=9325b9c29ad62a733df16f540968e33ee6c78260                       
rep1_fep_016_0.680.en   1      1899  0.680000  -293.92  -176.80     3.96    -3.04     0.08  -107.08   -11.08   -18.04     3.85   -47.50   -16.94   -41.53     2.01     0.04
rep1_fep_016_0.680.en   2      1899  0.320000  -271.14   -48.28     6.56    -3.58     0.03  -239.07     7.31  -119.27    21.85   -48.24   -16.52   -71.57     1.98     5.89
--> Name of file number  18:                                                     
# Energy files from Qdyn, version: 5.10.17 , git id=9325b9c29ad62a733df16f540968e33ee6c78260                       
rep1_fep_017_0.660.en   1      1899  0.660000  -296.40  -175.69     3.91    -3.17     0.08  -111.49   -10.07   -17.04     3.73   -48.82   -16.53   -45.63     2.74     0.02
rep1_fep_017_0.660.en   2      1899  0.340000  -273.57   -48.22     5.91    -3.29     0.03  -242.30     7.55  -118.37    20.93   -50.68   -16.07   -73.24     2.70     6.76
--> Name of file number  19:                                                     
# Energy files from Qdyn, version: 5.10.17 , git id=9325b9c29ad62a733df16f540968e33ee6c78260                       
rep1_fep_018_0.640.en   1      1899  0.640000  -291.18  -174.67     4.10    -3.25     0.08  -108.67    -8.88   -17.57     4.50   -47.42   -16.09   -43.68     2.70     0.11
rep1_fep_018_0.640.en   2      1899  0.360000  -271.50   -50.42     6.52    -3.24     0.03  -239.17     8.16  -116.63    21.20   -49.28   -15.71   -73.27     2.66     6.63
--> Name of file number  20:                                                     
# Energy files from Qdyn, version: 5.10.17 , git id=9325b9c29ad62a733df16f540968e33ee6c78260                       
rep1_fep_019_0.620.en   1      1899  0.620000  -292.51  -175.01     4.07    -3.51     0.07  -108.41    -9.78   -17.40     4.88   -48.04   -17.04   -42.96     2.37     0.06
rep1_fep_019_0.620.en   2      1899  0.380000  -271.20   -53.52     5.68    -3.23     0.03  -233.28     6.62  -115.27    20.89   -49.00   -16.60   -69.00     2.33     6.50
--> Name of file number  21:                                                     
# Energy files from Qdyn, version: 5.10.17 , git id=9325b9c29ad62a733df16f540968e33ee6c78260                       
rep1_fep_020_0.600.en   1      1899  0.600000  -291.71  -174.12     4.11    -3.12     0.09  -109.62    -9.08   -17.56     5.36   -47.36   -16.67   -44.70     2.23     0.03
rep1_fep_020_0.600.en   2      1899  0.400000  -277.55   -57.17     4.88    -2.84     0.04  -235.60     6.72  -113.92    20.81   -50.41   -16.28   -71.27     2.19     6.42
--> Name of file number  22:                                                     
# Energy files from Qdyn, version: 5.10.17 , git id=9325b9c29ad62a733df16f540968e33ee6c78260                       
rep1_fep_021_0.580.en   1      1899  0.580000  -287.18  -172.63     4.43    -3.38     0.08  -106.51    -9.18   -18.65     6.26   -47.64   -16.25   -40.23     0.81     0.01
rep1_fep_021_0.580.en   2      1899  0.420000  -280.25   -63.06     4.74    -3.15     0.03  -230.61     6.61  -110.77    21.70   -51.35   -15.87   -68.48     0.78     5.19
--> Name of file number  23:                                                     
# Energy files from Qdyn, version: 5.10.17 , git id=9325b9c29ad62a733df16f540968e33ee6c78260                       
rep1_fep_022_0.560.en   1      1899  0.560000  -290.14  -171.35     4.19    -3.27     0.07  -113.20    -6.64   -18.54     6.51   -48.43   -15.62   -46.23     2.47     0.06
rep1_fep_022_0.560.en   2      1899  0.440000  -286.86   -64.42     5.27    -3.58     0.03  -238.80     7.93  -110.25    20.75   -53.66   -15.25   -74.89     2.43     6.73
--> Name of file number  24:                                                     
# Energy files from Qdyn, version: 5.10.17 , git id=9325b9c29ad62a733df16f540968e33ee6c78260                       
rep1_fep_023_0.540.en   1      1899  0.540000  -273.30  -156.89     5.46    -2.11     0.16  -118.50    -1.43   -31.78    11.14   -48.73   -14.74   -37.98     2.18     0.01
rep1_fep_023_0.540.en   2      1899  0.460000  -312.69  -103.76     6.30    -3.21     0.06  -224.21     9.63  -103.89    21.88   -53.54   -14.39   -66.78     2.14     2.50
--> Name of file number  25:                                                     
# Energy files from Qdyn, version: 5.10.17 , git id=9325b9c29ad62a733df16f540968e33ee6c78260                       
rep1_fep_024_0.520.en   1      1899  0.520000  -249.22  -129.51     5.91    -1.69     0.09  -125.63     1.59   -56.23    17.11   -45.34   -15.00   -24.06    -0.52     0.00
rep1_fep_024_0.520.en   2      1899  0.480000  -358.96  -171.37     6.34    -2.93     0.04  -196.17     5.13   -98.94    20.37   -46.48   -14.69   -50.75    -0.55     0.00
--> Name of file number  26:                                                     
# Energy files from Qdyn, version: 5.10.17 , git id=9325b9c29ad62a733df16f540968e33ee6c78260                       
rep1_fep_025_0.500.en   1      1899  0.500000  -247.88  -128.74     5.46    -1.75     0.06  -124.81     1.90   -57.12    17.51   -44.97   -14.61   -22.72    -1.00     0.00
rep1_fep_025_0.500.en   2      1899  0.500000  -357.99  -175.08     5.75    -3.61     0.03  -190.43     5.35   -97.53    20.68   -45.31   -14.31   -47.59    -1.02     0.00
--> Name of file number  27:                                                     
# Energy files from Qdyn, version: 5.10.17 , git id=9325b9c29ad62a733df16f540968e33ee6c78260                       
rep1_fep_026_0.480.en   1      1899  0.480000  -242.66  -124.28     5.33    -1.66     0.06  -123.82     1.69   -59.14    17.58   -44.70   -14.05   -19.98    -1.84     0.01
rep1_fep_026_0.480.en   2      1899  0.520000  -359.41  -179.68     5.47    -3.35     0.02  -186.56     4.69   -96.21    20.33   -50.19   -13.78   -40.16    -1.86     0.00
--> Name of file number  28:                                                     
# Energy files from Qdyn, version: 5.10.17 , git id=9325b9c29ad62a733df16f540968e33ee6c78260                       
rep1_fep_027_0.460.en   1      1899  0.460000  -245.03  -120.05     4.18    -1.88     0.06  -127.21    -0.15   -58.14    16.85   -45.98   -14.12   -23.09    -2.88     0.02
rep1_fep_027_0.460.en   2      1899  0.540000  -369.08  -183.77     4.99    -3.17     0.02  -189.88     2.72   -87.12    19.53   -56.82   -13.93   -45.94    -2.88     0.00
--> Name of file number  29:                                                     
# Energy files from Qdyn, version: 5.10.17 , git id=9325b9c29ad62a733df16f540968e33ee6c78260                       
rep1_fep_028_0.440.en   1      1899  0.440000  -249.56  -116.53     4.65    -3.08     0.05  -137.65     2.96   -57.95    16.89   -43.63   -15.20   -36.06     1.28     0.03
rep1_fep_028_0.440.en   2      1899  0.560000  -386.30  -187.40     5.15    -2.97     0.02  -206.50     5.40   -82.85    19.16   -52.01   -14.96   -71.65     1.20     0.00
--> Name of file number  30:                                                     
# Energy files from Qdyn, version: 5.10.17 , git id=9325b9c29ad62a733df16f540968e33ee6c78260                       
rep1_fep_029_0.420.en   1      1899  0.420000  -252.31  -112.11     4.94    -2.85     0.11  -144.53     2.09   -58.06    15.24   -48.95   -14.12   -37.52     0.96     0.03
rep1_fep_029_0.420.en   2      1899  0.580000  -394.93  -188.55     5.51    -2.45     0.04  -213.66     4.18   -79.50    17.11   -56.24   -13.83   -77.92     0.89     0.00
--> Name of file number  31:                                                     
# Energy files from Qdyn, version: 5.10.17 , git id=9325b9c29ad62a733df16f540968e33ee6c78260                       
rep1_fep_030_0.400.en   1      1899  0.400000  -249.33  -107.71     5.53    -2.78     0.09  -145.30     0.78   -59.01    14.85   -48.13   -14.54   -38.15     0.47     0.06
rep1_fep_030_0.400.en   2      1899  0.600000  -399.41  -190.12     5.29    -2.50     0.03  -214.74     2.63   -77.63    16.52   -56.81   -14.29   -80.30     0.40     0.00
--> Name of file number  32:                                                     
# Energy files from Qdyn, version: 5.10.17 , git id=9325b9c29ad62a733df16f540968e33ee6c78260                       
rep1_fep_031_0.380.en   1      1899  0.380000  -246.87  -105.81     5.38    -2.70     0.16  -145.02     1.05   -59.29    14.67   -47.72   -14.50   -38.01     0.88     0.07
rep1_fep_031_0.380.en   2      1899  0.620000  -399.91  -192.25     4.62    -2.03     0.06  -213.18     2.85   -76.83    16.25   -56.14   -14.23   -80.20     0.83     0.00
--> Name of file number  33:                                                     
# Energy files from Qdyn, version: 5.10.17 , git id=9325b9c29ad62a733df16f540968e33ee6c78260                       
rep1_fep_032_0.360.en   1      1899  0.360000  -244.69  -102.63     5.03    -2.74     0.14  -144.64     0.05   -59.76    14.08   -45.65   -15.16   -39.23     1.14     0.10
rep1_fep_032_0.360.en   2      1899  0.640000  -400.45  -193.20     4.87    -2.07     0.06  -211.92     1.82   -75.35    15.58   -55.18   -14.85   -81.39     1.08     0.00
--> Name of file number  34:                                                     
# Energy files from Qdyn, version: 5.10.17 , git id=9325b9c29ad62a733df16f540968e33ee6c78260                       
rep1_fep_033_0.340.en   1      1899  0.340000  -243.39  -102.52     5.28    -2.47     0.14  -145.87     1.96   -60.08    14.11   -47.99   -14.16   -37.80     2.02     0.08
rep1_fep_033_0.340.en   2      1899  0.660000  -398.10  -194.60     4.63    -1.88     0.05  -209.91     3.61   -75.92    15.55   -56.37   -13.91   -77.62     1.97     0.00
--> Name of file number  35:                                                     
# Energy files from Qdyn, version: 5.10.17 , git id=9325b9c29ad62a733df16f540968e33ee6c78260                       
rep1_fep_034_0.320.en   1      1899  0.320000  -241.68   -96.94     6.13    -2.77     0.14  -148.53     0.17   -60.56    12.79   -46.26   -15.21   -41.71     2.59     0.13
rep1_fep_034_0.320.en   2      1899  0.680000  -405.97  -194.90     5.23    -2.01     0.05  -215.83     1.50   -73.21    13.97   -55.00   -14.96   -87.62     2.48     0.00
--> Name of file number  36:                                                     
# Energy files from Qdyn, version: 5.10.17 , git id=9325b9c29ad62a733df16f540968e33ee6c78260                       
rep1_fep_035_0.300.en   1      1899  0.300000  -242.38   -98.04     6.36    -2.62     0.14  -151.48     3.13   -60.42    13.22   -48.50   -14.09   -42.56     4.00     0.13
rep1_fep_035_0.300.en   2      1899  0.700000  -404.76  -192.32     5.39    -2.07     0.06  -220.25     4.43   -74.58    14.39   -56.95   -13.85   -88.71     3.89     0.00
--> Name of file number  37:                                                     
# Energy files from Qdyn, version: 5.10.17 , git id=9325b9c29ad62a733df16f540968e33ee6c78260                       
rep1_fep_036_0.280.en   1      1899  0.280000  -236.10   -91.68     6.85    -1.89     0.10  -150.14     0.49   -60.85    12.25   -48.61   -15.56   -40.68     3.80     0.18
rep1_fep_036_0.280.en   2      1899  0.720000  -405.77  -194.27     5.57    -2.89     0.04  -215.92     1.70   -69.32    13.25   -59.87   -15.25   -86.73     3.69     0.00
--> Name of file number  38:                                                     
# Energy files from Qdyn, version: 5.10.17 , git id=9325b9c29ad62a733df16f540968e33ee6c78260                       
rep1_fep_037_0.260.en   1      1899  0.260000  -236.96   -92.40     6.53    -2.52     0.09  -149.78     0.94   -60.79    12.42   -49.29   -14.33   -39.69     2.86     0.17
rep1_fep_037_0.260.en   2      1899  0.740000  -409.28  -194.59     5.04    -2.68     0.04  -219.18     2.09   -69.45    13.47   -63.73   -14.13   -86.00     2.75     0.00
--> Name of file number  39:                                                     
# Energy files from Qdyn, version: 5.10.17 , git id=9325b9c29ad62a733df16f540968e33ee6c78260                       
rep1_fep_038_0.240.en   1      1899  0.240000  -228.15   -83.11     8.44    -1.56     0.14  -152.79     0.43   -62.48    11.15   -47.14   -14.69   -43.17     3.98     0.29
rep1_fep_038_0.240.en   2      1899  0.760000  -416.58  -197.72     4.87    -2.59     0.06  -222.57     1.37   -66.31    11.99   -63.28   -14.46   -92.98     3.84     0.00
--> Name of file number  40:                                                     
# Energy files from Qdyn, version: 5.10.17 , git id=9325b9c29ad62a733df16f540968e33ee6c78260                       
rep1_fep_039_0.220.en   1      1899  0.220000  -225.34   -83.06     8.41    -1.59     0.17  -148.17    -1.38   -62.27    10.86   -46.43   -15.29   -39.47     3.05     0.29
rep1_fep_039_0.220.en   2      1899  0.780000  -412.55  -198.04     5.88    -1.90     0.07  -218.23    -0.34   -67.60    11.84   -61.33   -15.07   -89.30     2.89     0.00
--> Name of file number  41:                                                     
# Energy files from Qdyn, version: 5.10.17 , git id=9325b9c29ad62a733df16f540968e33ee6c78260                       
rep1_fep_040_0.200.en   1      1899  0.200000  -218.44   -79.86     7.71    -0.39     0.11  -141.82    -4.54   -64.55     9.62   -45.02   -14.51   -32.26     0.35     0.34
rep1_fep_040_0.200.en   2      1899  0.800000  -405.62  -199.21     5.78    -2.85     0.04  -205.74    -3.64   -70.30    10.44   -60.06   -14.32   -75.38     0.24     0.00
--> Name of file number  42:                                                     
# Energy files from Qdyn, version: 5.10.17 , git id=9325b9c29ad62a733df16f540968e33ee6c78260                       
rep1_fep_041_0.180.en   1      1899  0.180000  -221.40   -78.57     6.03     0.11     0.16  -145.37    -4.08   -62.93     8.84   -45.18   -14.67   -37.26     1.74     0.33
rep1_fep_041_0.180.en   2      1899  0.820000  -412.52  -199.80     4.95    -1.68     0.06  -212.93    -3.13   -66.32     9.69   -61.83   -14.43   -84.79     1.61     0.00
--> Name of file number  43:                                                     
# Energy files from Qdyn, version: 5.10.17 , git id=9325b9c29ad62a733df16f540968e33ee6c78260                       
rep1_fep_042_0.160.en   1      1899  0.160000  -215.27   -74.92     7.25     0.78     0.13  -144.72    -4.17   -65.38     8.34   -44.15   -14.05   -35.19     1.54     0.38
rep1_fep_042_0.160.en   2      1899  0.840000  -415.44  -200.36     4.79    -2.79     0.05  -213.65    -3.48   -69.71     9.00   -60.75   -13.89   -83.19     1.41     0.00
--> Name of file number  44:                                                     
# Energy files from Qdyn, version: 5.10.17 , git id=9325b9c29ad62a733df16f540968e33ee6c78260                       
rep1_fep_043_0.140.en   1      1899  0.140000  -189.96   -50.66     8.68     1.51     0.09  -145.39    -6.27   -76.81     7.54   -41.19   -13.99   -27.40     0.18     2.09
rep1_fep_043_0.140.en   2      1899  0.860000  -415.03  -200.74     4.80    -2.78     0.04  -210.31    -6.07   -81.21     7.70   -58.43   -13.81   -70.67     0.05     0.04
--> Name of file number  45:                                                     
# Energy files from Qdyn, version: 5.10.17 , git id=9325b9c29ad62a733df16f540968e33ee6c78260                       
rep1_fep_044_0.120.en   1      1899  0.120000  -177.30   -42.77    12.85     1.33     0.11  -145.21    -6.75   -80.86     7.43   -38.60   -14.60   -25.75     0.42     3.15
rep1_fep_044_0.120.en   2      1899  0.880000  -410.87  -200.98     4.09    -2.17     0.04  -205.37    -6.52   -87.61     7.54   -53.68   -14.37   -64.08     0.30     0.04
--> Name of file number  46:                                                     
# Energy files from Qdyn, version: 5.10.17 , git id=9325b9c29ad62a733df16f540968e33ee6c78260                       
rep1_fep_045_0.100.en   1      1899  0.100000  -177.71   -40.55    10.70     1.61     0.12  -146.72    -6.54   -82.44     7.58   -38.56   -13.95   -25.73    -0.18     3.68
rep1_fep_045_0.100.en   2      1899  0.900000  -413.21  -201.03     5.19    -2.79     0.05  -208.61    -6.18   -90.90     7.67   -56.62   -13.56   -61.09    -0.29     0.15
--> Name of file number  47:                                                     
# Energy files from Qdyn, version: 5.10.17 , git id=9325b9c29ad62a733df16f540968e33ee6c78260                       
rep1_fep_046_0.080.en   1      1899  0.080000  -174.43   -37.24    10.74     1.74     0.10  -146.81    -6.69   -83.16     6.95   -39.26   -14.30   -24.39     0.66     3.73
rep1_fep_046_0.080.en   2      1899  0.920000  -411.66  -200.62     5.07    -2.64     0.04  -207.28    -6.35   -90.28     6.99   -58.22   -13.90   -58.79     0.56     0.13
--> Name of file number  48:                                                     
# Energy files from Qdyn, version: 5.10.17 , git id=9325b9c29ad62a733df16f540968e33ee6c78260                       
rep1_fep_047_0.060.en   1      1899  0.060000  -165.97   -33.30    15.12     2.02     0.10  -148.15    -6.53   -85.55     7.18   -38.53   -14.24   -24.07     0.53     4.77
rep1_fep_047_0.060.en   2      1899  0.940000  -414.87  -200.84     4.69    -2.18     0.04  -210.71    -6.09   -94.12     7.31   -58.21   -13.80   -58.38     0.39     0.22
--> Name of file number  49:                                                     
# Energy files from Qdyn, version: 5.10.17 , git id=9325b9c29ad62a733df16f540968e33ee6c78260                       
rep1_fep_048_0.040.en   1      1899  0.040000  -165.85   -32.83    14.37     1.59     0.07  -147.26    -6.15   -84.43     6.74   -36.48   -14.36   -26.35     1.46     4.35
rep1_fep_048_0.040.en   2      1899  0.960000  -416.82  -200.60     4.44    -2.39     0.03  -212.61    -5.87   -92.69     6.85   -54.18   -13.99   -65.75     1.27     0.19
--> Name of file number  50:                                                     
# Energy files from Qdyn, version: 5.10.17 , git id=9325b9c29ad62a733df16f540968e33ee6c78260                       
rep1_fep_049_0.020.en   1      1899  0.020000  -157.38   -24.98    15.74     1.58     0.06  -149.62    -5.68   -86.38     6.62   -36.48   -14.20   -26.76     1.90     5.52
rep1_fep_049_0.020.en   2      1899  0.980000  -419.50  -200.72     4.42    -2.57     0.02  -215.79    -5.15   -94.10     6.91   -55.77   -13.78   -65.92     1.73     0.28
--> Name of file number  51:                                                     
# Energy files from Qdyn, version: 5.10.17 , git id=9325b9c29ad62a733df16f540968e33ee6c78260                       
rep1_fep_050_0.000.en   1      1899  0.000000  -153.38   -22.70    17.37     2.01     0.09  -148.55    -7.65   -86.45     5.72   -36.88   -14.68   -25.22     1.30     6.05
rep1_fep_050_0.000.en   2      1899  1.000000  -415.81  -200.78     4.44    -2.24     0.04  -210.49    -7.18   -92.53     5.95   -55.89   -14.31   -62.07     1.19     0.40


# Part 1: Free energy perturbation summary:

# Calculation for full system
# lambda(1)      dGf sum(dGf)      dGr sum(dGr)     <dG>
   1.000000     0.000     0.000    -3.668    27.825     0.000
   0.980000     3.703     3.703    -3.556    31.493     3.685
   0.960000     3.577     7.280    -3.532    35.049     7.252
   0.940000     3.461    10.741    -3.404    38.581    10.748
   0.920000     3.452    14.194    -3.261    41.985    14.177
   0.900000     3.341    17.535    -3.215    45.246    17.478
   0.880000     3.117    20.651    -2.842    48.461    20.644
   0.860000     3.116    23.768    -2.614    51.303    23.623
   0.840000     2.698    26.466    -2.733    53.917    26.279
   0.820000     2.472    28.938    -2.315    56.649    28.881
   0.800000     2.660    31.598    -1.894    58.964    31.369
   0.780000     2.251    33.849    -1.748    60.858    33.441
   0.760000     1.818    35.667    -1.773    62.606    35.224
   0.740000     1.708    37.375    -1.650    64.379    36.964
   0.720000     1.735    39.110    -1.497    66.029    38.657
   0.700000     1.596    40.706    -1.282    67.526    40.203
   0.680000     1.405    42.110    -1.285    68.808    41.546
   0.660000     1.230    43.340    -1.239    70.093    42.804
   0.640000     1.228    44.568    -1.244    71.332    44.037
   0.620000     1.151    45.719    -1.108    72.576    45.235
   0.600000     1.207    46.926    -0.966    73.684    46.392
   0.580000     1.058    47.985    -0.899    74.650    47.405
   0.560000     0.910    48.895    -0.514    75.549    48.309
   0.540000     0.835    49.729     1.346    76.063    48.983
   0.520000    -0.755    48.974     1.363    74.716    47.933
   0.500000    -1.445    47.529     1.491    73.353    46.529
   0.480000    -1.441    46.088     1.643    71.862    45.062
   0.460000    -1.577    44.511     1.902    70.219    43.452
   0.440000    -1.721    42.790     2.021    68.317    41.641
   0.420000    -1.966    40.824     2.170    66.296    39.647
   0.400000    -2.086    38.738     2.236    64.126    37.519
   0.380000    -2.234    36.504     2.277    61.889    35.284
   0.360000    -2.284    34.220     2.274    59.613    33.004
   0.340000    -2.355    31.865     2.463    57.338    30.689
   0.320000    -2.314    29.551     2.377    54.875    28.300
   0.300000    -2.507    27.044     2.564    52.498    25.858
   0.280000    -2.514    24.530     2.616    49.934    23.319
   0.260000    -2.623    21.908     2.932    47.318    20.700
   0.240000    -2.677    19.231     2.910    44.386    17.896
   0.220000    -3.007    16.223     2.882    41.476    14.937
   0.200000    -2.977    13.246     2.993    38.594    12.007
   0.180000    -3.008    10.238     3.170    35.601     9.007
   0.160000    -3.054     7.184     3.658    32.432     5.895
   0.140000    -3.238     3.946     3.836    28.773     2.447
   0.120000    -3.741     0.205     3.879    24.937    -1.342
   0.100000    -3.902    -3.697     3.921    21.058    -5.232
   0.080000    -3.942    -7.639     4.142    17.137    -9.164
   0.060000    -3.967   -11.607     4.188    12.995   -13.218
   0.040000    -4.217   -15.824     4.400     8.807   -17.421
   0.020000    -4.252   -20.076     4.407     4.407   -21.747
   0.000000    -4.484   -24.560     0.000     0.000   -26.192

# Min energy-gap is:   -218.53
# Max energy-gap is:    253.46



# Part 2: Reaction free energy summary:
# Lambda(1)  bin Energy gap      dGa     dGb     dGg    # pts    c1**2    c2**2
   1.000000    1    -213.81       0.00     210.49      -2.89     33     0.987     0.013
   1.000000    2    -204.37       0.00     200.75      -3.04    169     0.985     0.015
   1.000000    3    -194.93       0.00     191.56      -3.17    436     0.984     0.016
   1.000000    4    -185.49       0.00     182.48      -3.30    697     0.983     0.017
   1.000000    5    -176.05       0.00     173.50      -3.47    467     0.981     0.019
   1.000000    6    -166.61       0.00     165.21      -3.65     97     0.979     0.021
   0.980000    1    -213.81      -0.58     209.76      -3.47     22     0.987     0.013
   0.980000    2    -204.37      -0.38     200.82      -3.41    137     0.986     0.014
   0.980000    3    -194.93      -0.20     191.36      -3.37    212     0.984     0.016
   0.980000    4    -185.49      -0.03     182.64      -3.34    495     0.983     0.017
   0.980000    5    -176.05       0.16     173.25      -3.32    624     0.981     0.019
   0.980000    6    -166.61       0.33     164.36      -3.32    353     0.979     0.021
   0.980000    7    -157.17       0.51     157.04      -3.33     56     0.977     0.023
   0.960000    2    -204.37      -0.91     201.13      -3.93     63     0.986     0.014
   0.960000    3    -194.93      -0.50     191.24      -3.67    152     0.984     0.016
   0.960000    4    -185.49      -0.13     182.26      -3.46    449     0.983     0.017
   0.960000    5    -176.05       0.20     173.31      -3.28    446     0.981     0.019
   0.960000    6    -166.61       0.56     164.52      -3.09    524     0.979     0.021
   0.960000    7    -157.17       0.92     155.85      -2.93    262     0.977     0.023
   0.940000    2    -204.37      -1.38     199.44      -4.43     29     0.985     0.015
   0.940000    3    -194.93      -0.90     190.93      -4.07    138     0.984     0.016
   0.940000    4    -185.49      -0.37     182.15      -3.68    374     0.983     0.017
   0.940000    5    -176.05       0.18     173.36      -3.30    552     0.981     0.019
   0.940000    6    -166.61       0.69     164.60      -2.95    591     0.979     0.021
   0.940000    7    -157.17       1.23     156.37      -2.62    192     0.977     0.023
   0.940000    8    -147.73       1.78     146.85      -2.28     19     0.974     0.026
   0.920000    3    -194.93      -1.28     190.94      -4.46     10     0.984     0.016
   0.920000    4    -185.49      -0.60     181.89      -3.92    186     0.983     0.017
   0.920000    5    -176.05       0.07     173.40      -3.40    575     0.981     0.019
   0.920000    6    -166.61       0.81     164.73      -2.84    654     0.979     0.021
   0.920000    7    -157.17       1.53     156.22      -2.32    383     0.977     0.023
   0.920000    8    -147.73       2.22     148.21      -1.85     91     0.974     0.026
   0.900000    3    -194.93      -2.16     190.63      -5.29     36     0.984     0.016
   0.900000    4    -185.49      -1.06     181.41      -4.36    153     0.983     0.017
   0.900000    5    -176.05      -0.18     172.97      -3.64    186     0.981     0.019
   0.900000    6    -166.61       0.76     164.81      -2.89    381     0.979     0.021
   0.900000    7    -157.17       1.73     156.25      -2.13    484     0.976     0.024
   0.900000    8    -147.73       2.60     147.95      -1.48    466     0.974     0.026
   0.900000    9    -138.29       3.48     139.48      -0.84    110     0.971     0.029
   0.900000   10    -128.85       4.47     131.24      -0.16     78     0.966     0.034
   0.880000    4    -185.49      -1.45     180.90      -4.78     66     0.982     0.018
   0.880000    5    -176.05      -0.55     173.09      -4.01    256     0.981     0.019
   0.880000    6    -166.61       0.63     164.57      -3.03    341     0.979     0.021
   0.880000    7    -157.17       1.75     156.40      -2.12    570     0.976     0.024
   0.880000    8    -147.73       2.81     148.24      -1.27    485     0.974     0.026
   0.880000    9    -138.29       3.84     140.32      -0.48    162     0.971     0.029
   0.880000   10    -128.85       4.88     135.00       0.29     13     0.967     0.033
   0.860000    6    -166.61       0.44     164.04      -3.24     54     0.978     0.022
   0.860000    7    -157.17       1.62     156.06      -2.25    248     0.976     0.024
   0.860000    8    -147.73       2.85     148.15      -1.23    519     0.974     0.026
   0.860000    9    -138.29       4.05     140.46      -0.28    455     0.971     0.029
   0.860000   10    -128.85       5.44     132.17       0.81    269     0.966     0.034
   0.860000   11    -119.41       6.81     124.01       1.83    195     0.961     0.039
   0.860000   12    -109.97       8.10     115.72       2.74    126     0.955     0.045
   0.860000   13    -100.53       9.03     112.76       3.35     25     0.951     0.049
   0.840000    7    -157.17       1.11     155.54      -2.75     87     0.976     0.024
   0.840000    8    -147.73       2.64     147.77      -1.46    229     0.973     0.027
   0.840000    9    -138.29       4.00     140.16      -0.33    304     0.970     0.030
   0.840000   10    -128.85       5.65     131.87       1.00    372     0.966     0.034
   0.840000   11    -119.41       6.98     124.43       2.02    507     0.961     0.039
   0.840000   12    -109.97       8.48     116.50       3.14    286     0.955     0.045
   0.840000   13    -100.53       9.92     108.68       4.16    100     0.948     0.052
   0.820000    7    -157.17       0.62     155.15      -3.25     60     0.976     0.024
   0.820000    8    -147.73       2.28     147.52      -1.82    381     0.973     0.027
   0.820000    9    -138.29       3.79     139.98      -0.53    593     0.970     0.030
   0.820000   10    -128.85       5.47     132.34       0.86    567     0.966     0.034
   0.820000   11    -119.41       7.02     124.87       2.09    250     0.962     0.038
   0.820000   12    -109.97       8.67     117.29       3.38     34     0.956     0.044
   0.820000   13    -100.53      10.50     111.42       4.72     11     0.949     0.051
   0.800000    9    -138.29       3.88     139.28      -0.51     60     0.970     0.030
   0.800000   10    -128.85       5.41     132.10       0.79    244     0.966     0.034
   0.800000   11    -119.41       7.32     124.47       2.37    524     0.961     0.039
   0.800000   12    -109.97       9.10     117.22       3.77    698     0.955     0.045
   0.800000   13    -100.53      10.85     110.42       5.11    344     0.949     0.051
   0.800000   14     -91.09      12.62     105.25       6.38     29     0.941     0.059
   0.780000   10    -128.85       5.88     130.80       1.08     11     0.964     0.036
   0.780000   11    -119.41       6.98     124.43       2.02     39     0.961     0.039
   0.780000   12    -109.97       8.99     117.05       3.67    162     0.955     0.045
   0.780000   13    -100.53      11.33     109.52       5.50    502     0.947     0.053
   0.780000   14     -91.09      13.20     102.30       6.89    691     0.938     0.062
   0.780000   15     -81.65      15.00      95.30       8.14    379     0.928     0.072
   0.780000   16     -72.21      17.08      87.83       9.50    100     0.913     0.087
   0.780000   17     -62.77      19.41      81.06      10.83     15     0.891     0.109
   0.760000   13    -100.53      11.35     109.00       5.47    281     0.946     0.054
   0.760000   14     -91.09      13.14     102.09       6.85    620     0.937     0.063
   0.760000   15     -81.65      15.14      95.78       8.28    791     0.928     0.072
   0.760000   16     -72.21      17.51      88.25       9.89    195     0.911     0.089
   0.760000   17     -62.77      19.15      86.09      10.85     11     0.901     0.099
   0.740000   13    -100.53      10.98     108.92       5.13    270     0.946     0.054
   0.740000   14     -91.09      13.04     102.21       6.75    893     0.938     0.062
   0.740000   15     -81.65      15.15      95.79       8.31    554     0.928     0.072
   0.740000   16     -72.21      17.58      88.90      10.01    169     0.914     0.086
   0.740000   17     -62.77      19.98      83.44      11.56     13     0.895     0.105
   0.720000   13    -100.53      10.87     108.32       5.02     65     0.945     0.055
   0.720000   14     -91.09      12.88     102.15       6.59    523     0.938     0.062
   0.720000   15     -81.65      15.42      95.38       8.55    684     0.926     0.074
   0.720000   16     -72.21      17.87      88.98      10.30    506     0.912     0.088
   0.720000   17     -62.77      20.30      82.60      11.90     96     0.895     0.105
   0.720000   18     -53.33      22.92      78.65      13.43     18     0.873     0.127
   0.700000   13    -100.53      10.56     108.04       4.64     27     0.945     0.055
   0.700000   14     -91.09      12.72     101.82       6.42    233     0.937     0.063
   0.700000   15     -81.65      15.21      95.46       8.36    477     0.926     0.074
   0.700000   16     -72.21      18.11      88.82      10.51    462     0.911     0.089
   0.700000   17     -62.77      20.85      82.39      12.38    461     0.891     0.109
   0.700000   18     -53.33      23.49      76.35      13.98    221     0.869     0.131
   0.700000   19     -43.89      26.02      72.80      15.27     18     0.843     0.157
   0.680000   14     -91.09      12.60     101.32       6.20     22     0.936     0.064
   0.680000   15     -81.65      14.91      94.99       8.07     64     0.925     0.075
   0.680000   16     -72.21      18.16      88.60      10.52    433     0.909     0.091
   0.680000   17     -62.77      20.94      82.49      12.47    837     0.891     0.109
   0.680000   18     -53.33      23.68      76.30      14.20    440     0.868     0.132
   0.680000   19     -43.89      26.50      70.13      15.75     93     0.838     0.162
   0.680000   20     -34.45      29.41      67.22      17.00     10     0.802     0.198
   0.660000   15     -81.65      15.05      94.55       8.10     83     0.924     0.076
   0.660000   16     -72.21      17.86      88.66      10.24    513     0.910     0.090
   0.660000   17     -62.77      20.90      82.63      12.43    749     0.891     0.109
   0.660000   18     -53.33      23.99      76.47      14.47    403     0.866     0.134
   0.660000   19     -43.89      26.99      70.61      16.17    136     0.835     0.165
   0.640000   14     -91.09      12.42      99.84       5.82     29     0.934     0.066
   0.640000   15     -81.65      14.22      94.13       7.36    109     0.924     0.076
   0.640000   16     -72.21      17.53      88.51       9.94    362     0.910     0.090
   0.640000   17     -62.77      20.80      82.52      12.36    483     0.891     0.109
   0.640000   18     -53.33      24.13      76.67      14.61    589     0.865     0.135
   0.640000   19     -43.89      27.34      70.86      16.52    271     0.834     0.166
   0.640000   20     -34.45      30.61      66.35      18.13     56     0.794     0.206
   0.620000   16     -72.21      17.83      88.16      10.11    447     0.908     0.092
   0.620000   17     -62.77      20.69      82.48      12.25    797     0.891     0.109
   0.620000   18     -53.33      24.08      77.20      14.59    560     0.868     0.132
   0.620000   19     -43.89      27.39      71.48      16.63     84     0.838     0.162
   0.600000   16     -72.21      17.01      87.88       9.43    111     0.909     0.091
   0.600000   17     -62.77      20.67      82.35      12.23    486     0.889     0.111
   0.600000   18     -53.33      24.31      77.01      14.79    825     0.865     0.135
   0.600000   19     -43.89      27.89      71.48      17.08    391     0.832     0.168
   0.600000   20     -34.45      31.45      66.45      18.99     81     0.794     0.206
   0.580000   17     -62.77      20.69      82.03      12.21    222     0.887     0.113
   0.580000   18     -53.33      24.26      76.80      14.75    638     0.863     0.137
   0.580000   19     -43.89      28.05      71.42      17.24    638     0.830     0.170
   0.580000   20     -34.45      31.94      66.40      19.44    338     0.787     0.213
   0.580000   21     -25.01      35.60      61.29      21.06     60     0.736     0.264
   0.560000   16     -72.21      16.52      87.39       8.76     21     0.909     0.091
   0.560000   17     -62.77      19.87      82.45      11.41     99     0.892     0.108
   0.560000   18     -53.33      24.41      76.56      14.83    432     0.860     0.140
   0.560000   19     -43.89      28.04      71.62      17.22    665     0.830     0.170
   0.560000   20     -34.45      32.10      66.52      19.61    524     0.787     0.213
   0.560000   21     -25.01      36.08      61.64      21.47    157     0.734     0.266
   0.540000   17     -62.77      20.15      81.44      11.48     20     0.888     0.112
   0.540000   18     -53.33      24.17      76.37      14.52    178     0.860     0.140
   0.540000   19     -43.89      27.94      71.34      17.10    338     0.828     0.172
   0.540000   20     -34.45      32.00      66.59      19.52    317     0.787     0.213
   0.540000   21     -25.01      36.34      61.68      21.69    197     0.730     0.270
   0.540000   22     -15.57      40.96      56.13      23.34     83     0.647     0.353
   0.540000   23      -6.13      44.94      50.92      23.98     51     0.567     0.433
   0.540000   24       3.31      49.10      46.37      23.85     39     0.484     0.516
   0.540000   25      12.75      53.97      40.65      22.39     21     0.373     0.627
   0.540000   26      22.19      58.03      36.28      20.70     24     0.307     0.693
   0.540000   27      31.63      62.37      30.80      17.69     11     0.235     0.765
   0.540000   28      41.06      67.56      25.32      14.14     61     0.179     0.821
   0.540000   29      50.50      71.52      20.42      10.62     95     0.144     0.856
   0.540000   30      59.94      75.59      15.27       6.61    102     0.116     0.884
   0.540000   31      69.38      79.95      10.36       2.61    174     0.095     0.905
   0.540000   32      78.82      84.20       5.26      -1.73    130     0.079     0.921
   0.540000   33      88.26      88.31       1.33      -5.21     58     0.067     0.933
   0.520000   28      41.06      68.36      25.00      13.79     48     0.173     0.827
   0.520000   29      50.50      71.32      20.29      10.49    136     0.142     0.858
   0.520000   30      59.94      75.80      15.47       6.80    505     0.115     0.885
   0.520000   31      69.38      80.13      10.68       2.92    563     0.095     0.905
   0.520000   32      78.82      84.59       5.93      -1.08    358     0.079     0.921
   0.520000   33      88.26      89.17       1.01      -5.37    241     0.065     0.935
   0.520000   34      97.70      93.29      -3.68      -9.55     41     0.056     0.944
   0.500000   29      50.50      70.89      20.14      10.31    183     0.144     0.856
   0.500000   30      59.94      75.58      15.33       6.66    403     0.115     0.885
   0.500000   31      69.38      80.10      10.74       2.97    612     0.095     0.905
   0.500000   32      78.82      84.69       6.02      -0.98    482     0.078     0.922
   0.500000   33      88.26      89.24       1.72      -4.67    198     0.067     0.933
   0.500000   34      97.70      93.60      -0.98      -7.13     21     0.058     0.942
   0.480000   29      50.50      70.88      19.58       9.74     48     0.140     0.860
   0.480000   30      59.94      75.39      15.02       6.35    217     0.114     0.886
   0.480000   31      69.38      79.99      10.62       2.87    481     0.094     0.906
   0.480000   32      78.82      84.87       6.22      -0.79    638     0.078     0.922
   0.480000   33      88.26      89.76       1.70      -4.68    342     0.065     0.935
   0.480000   34      97.70      94.38      -2.47      -8.34    165     0.056     0.944
   0.460000   30      59.94      76.78      14.29       5.65     50     0.109     0.891
   0.460000   31      69.38      79.90      10.52       2.74    286     0.094     0.906
   0.460000   32      78.82      84.87       6.22      -0.79    632     0.078     0.922
   0.460000   33      88.26      89.81       1.99      -4.40    525     0.065     0.935
   0.460000   34      97.70      94.64      -2.34      -8.19    285     0.056     0.944
   0.460000   35     107.14      99.83      -6.03     -11.49    117     0.048     0.952
   0.440000   31      69.38      81.74       9.82       2.04     23     0.089     0.911
   0.440000   32      78.82      84.86       5.87      -1.14    165     0.076     0.924
   0.440000   33      88.26      89.85       1.76      -4.62    469     0.065     0.935
   0.440000   34      97.70      95.07      -2.28      -8.14    670     0.055     0.945
   0.440000   35     107.14     100.13      -6.10     -11.52    478     0.047     0.953
   0.440000   36     116.58     105.26      -9.80     -14.85     94     0.042     0.958
   0.420000   32      78.82      87.15       5.04      -1.94     26     0.073     0.927
   0.420000   33      88.26      89.91       1.54      -4.84    288     0.064     0.936
   0.420000   34      97.70      95.17      -2.30      -8.15    701     0.055     0.945
   0.420000   35     107.14     100.18      -6.13     -11.53    550     0.047     0.953
   0.420000   36     116.58     105.72     -10.17     -15.17    264     0.041     0.959
   0.420000   37     126.02     110.82     -13.57     -18.27     65     0.036     0.964
   0.400000   33      88.26      90.18       1.22      -5.17     57     0.064     0.936
   0.400000   34      97.70      95.12      -2.57      -8.42    377     0.054     0.946
   0.400000   35     107.14     100.53      -6.20     -11.60    689     0.047     0.953
   0.400000   36     116.58     105.74      -9.75     -14.77    524     0.041     0.959
   0.400000   37     126.02     111.52     -13.45     -18.13    211     0.036     0.964
   0.400000   38     135.46     116.63     -16.48     -20.91     41     0.032     0.968
   0.380000   33      88.26      91.39       0.52      -5.85     29     0.062     0.938
   0.380000   34      97.70      95.09      -2.88      -8.72    192     0.053     0.947
   0.380000   35     107.14     100.33      -6.23     -11.64    596     0.047     0.953
   0.380000   36     116.58     106.07      -9.73     -14.75    782     0.040     0.960
   0.380000   37     126.02     111.39     -12.95     -17.63    266     0.036     0.964
   0.380000   38     135.46     116.83     -14.81     -19.39     34     0.033     0.967
   0.360000   33      88.26      88.83       0.22      -6.13     20     0.064     0.936
   0.360000   34      97.70      94.63      -2.96      -8.82    203     0.054     0.946
   0.360000   35     107.14     100.19      -6.35     -11.75    468     0.046     0.954
   0.360000   36     116.58     105.96      -9.62     -14.64    627     0.041     0.959
   0.360000   37     126.02     111.78     -12.69     -17.39    415     0.036     0.964
   0.360000   38     135.46     117.88     -16.26     -20.65    145     0.031     0.969
   0.360000   39     144.90     123.59     -18.84     -23.04     21     0.028     0.972
   0.340000   34      97.70      94.10      -3.64      -9.47     94     0.053     0.947
   0.340000   35     107.14     100.03      -6.45     -11.85    570     0.047     0.953
   0.340000   36     116.58     105.87      -9.52     -14.54    833     0.041     0.959
   0.340000   37     126.02     111.80     -12.09     -16.83    366     0.036     0.964
   0.340000   38     135.46     117.86     -14.70     -19.21     32     0.032     0.968
   0.320000   35     107.14     100.27      -6.72     -12.13    124     0.046     0.954
   0.320000   36     116.58     106.04      -9.67     -14.69    573     0.040     0.960
   0.320000   37     126.02     112.31     -12.60     -17.28    765     0.035     0.965
   0.320000   38     135.46     118.33     -15.21     -19.61    407     0.031     0.969
   0.320000   39     144.90     124.44     -17.07     -21.35     30     0.029     0.971
   0.300000   33      88.26      85.59      -1.28      -7.66     48     0.065     0.935
   0.300000   34      97.70      92.89      -4.12      -9.99    128     0.054     0.946
   0.300000   35     107.14      99.14      -6.89     -12.30    248     0.047     0.953
   0.300000   36     116.58     105.64      -9.56     -14.59    382     0.041     0.959
   0.300000   37     126.02     112.32     -12.38     -17.07    580     0.035     0.965
   0.300000   38     135.46     118.71     -15.17     -19.55    321     0.031     0.969
   0.300000   39     144.90     125.20     -18.11     -22.23    139     0.027     0.973
   0.300000   40     154.34     131.63     -20.26     -24.21     48     0.025     0.975
   0.280000   35     107.14      98.86      -7.04     -12.49     27     0.047     0.953
   0.280000   36     116.58     105.89     -10.01     -15.02    352     0.040     0.960
   0.280000   37     126.02     112.16     -12.46     -17.14    651     0.035     0.965
   0.280000   38     135.46     118.91     -14.90     -19.30    605     0.031     0.969
   0.280000   39     144.90     125.49     -17.37     -21.52    233     0.028     0.972
   0.280000   40     154.34     131.86     -19.82     -23.75     24     0.025     0.975
   0.260000   35     107.14     102.06      -8.04     -13.43     25     0.045     0.955
   0.260000   36     116.58     105.38     -10.23     -15.24    218     0.040     0.960
   0.260000   37     126.02     112.00     -12.45     -17.14    594     0.035     0.965
   0.260000   38     135.46     118.97     -14.89     -19.29    640     0.031     0.969
   0.260000   39     144.90     125.66     -17.08     -21.23    362     0.028     0.972
   0.260000   40     154.34     132.75     -19.23     -23.18     60     0.025     0.975
   0.240000   37     126.02     114.67     -13.07     -17.73     71     0.034     0.966
   0.240000   38     135.46     119.15     -15.07     -19.46    382     0.031     0.969
   0.240000   39     144.90     125.90     -17.24     -21.36    612     0.027     0.973
   0.240000   40     154.34     132.93     -19.40     -23.30    517     0.024     0.976
   0.240000   41     163.78     140.16     -21.56     -25.26    246     0.022     0.978
   0.240000   42     173.22     146.90     -23.56     -27.08     64     0.020     0.980
   0.220000   36     116.58     103.74     -11.09     -16.11     18     0.041     0.959
   0.220000   37     126.02     111.57     -13.29     -17.97     81     0.035     0.965
   0.220000   38     135.46     119.16     -15.38     -19.76    394     0.030     0.970
   0.220000   39     144.90     125.81     -17.24     -21.37    587     0.027     0.973
   0.220000   40     154.34     132.96     -19.19     -23.09    606     0.025     0.975
   0.220000   41     163.78     140.14     -21.18     -24.88    185     0.022     0.978
   0.220000   42     173.22     147.25     -22.56     -26.15     28     0.020     0.980
   0.200000   36     116.58     103.48     -11.52     -16.59     64     0.040     0.960
   0.200000   37     126.02     110.56     -13.55     -18.24    153     0.035     0.965
   0.200000   38     135.46     118.27     -15.42     -19.81    291     0.031     0.969
   0.200000   39     144.90     125.77     -17.21     -21.35    624     0.027     0.973
   0.200000   40     154.34     133.03     -18.93     -22.85    432     0.025     0.975
   0.200000   41     163.78     140.55     -20.86     -24.56    204     0.022     0.978
   0.200000   42     173.22     147.90     -22.49     -26.02     89     0.020     0.980
   0.200000   43     182.66     156.04     -24.89     -28.20     42     0.018     0.982
   0.180000   37     126.02     113.71     -14.24     -18.90     14     0.034     0.966
   0.180000   38     135.46     118.80     -15.86     -20.24    257     0.030     0.970
   0.180000   39     144.90     125.53     -17.27     -21.41    586     0.027     0.973
   0.180000   40     154.34     133.19     -18.90     -22.82    630     0.024     0.976
   0.180000   41     163.78     140.95     -20.54     -24.25    349     0.022     0.978
   0.180000   42     173.22     148.14     -22.02     -25.55     56     0.020     0.980
   0.160000   38     135.46     120.42     -16.27     -20.64     32     0.030     0.970
   0.160000   39     144.90     125.88     -17.59     -21.72    310     0.027     0.973
   0.160000   40     154.34     133.47     -19.06     -22.95    516     0.024     0.976
   0.160000   41     163.78     140.89     -20.41     -24.11    657     0.022     0.978
   0.160000   42     173.22     148.72     -21.82     -25.34    284     0.020     0.980
   0.160000   43     182.66     156.69     -23.16     -26.53    100     0.018     0.982
   0.140000   40     154.34     137.38     -19.60     -23.47     23     0.023     0.977
   0.140000   41     163.78     141.00     -20.76     -24.44    153     0.021     0.979
   0.140000   42     173.22     149.05     -22.00     -25.50    318     0.019     0.981
   0.140000   43     182.66     157.11     -23.26     -26.59    547     0.018     0.982
   0.140000   44     192.10     165.14     -24.54     -27.72    567     0.016     0.984
   0.140000   45     201.54     173.04     -25.76     -28.81    273     0.015     0.985
   0.140000   46     210.98     180.18     -26.49     -29.47     18     0.014     0.986
   0.120000   42     173.22     148.94     -22.28     -25.78    170     0.019     0.981
   0.120000   43     182.66     157.16     -23.37     -26.71    320     0.018     0.982
   0.120000   44     192.10     165.50     -24.58     -27.75    552     0.016     0.984
   0.120000   45     201.54     173.37     -25.55     -28.59    730     0.015     0.985
   0.120000   46     210.98     181.09     -26.47     -29.40    118     0.014     0.986
   0.100000   42     173.22     151.00     -22.83     -26.31     65     0.019     0.981
   0.100000   43     182.66     156.97     -23.63     -26.96    332     0.018     0.982
   0.100000   44     192.10     165.10     -24.52     -27.70    675     0.016     0.984
   0.100000   45     201.54     173.30     -25.42     -28.46    538     0.015     0.985
   0.100000   46     210.98     181.60     -26.29     -29.21    265     0.014     0.986
   0.100000   47     220.42     190.08     -27.07     -29.89     24     0.013     0.987
   0.080000   42     173.22     149.47     -23.15     -26.65     15     0.019     0.981
   0.080000   43     182.66     156.76     -23.94     -27.26    233     0.017     0.983
   0.080000   44     192.10     165.02     -24.61     -27.79    650     0.016     0.984
   0.080000   45     201.54     173.33     -25.29     -28.34    725     0.015     0.985
   0.080000   46     210.98     181.89     -25.98     -28.91    263     0.014     0.986
   0.080000   47     220.42     190.15     -26.52     -29.37     13     0.013     0.987
   0.060000   44     192.10     165.52     -24.83     -28.00    254     0.016     0.984
   0.060000   45     201.54     173.70     -25.37     -28.41    574     0.015     0.985
   0.060000   46     210.98     182.29     -25.92     -28.83    609     0.013     0.987
   0.060000   47     220.42     190.89     -26.41     -29.21    304     0.012     0.988
   0.060000   48     229.86     200.30     -27.02     -29.71    128     0.011     0.989
   0.060000   49     239.30     207.81     -27.33     -29.96     23     0.011     0.989
   0.040000   44     192.10     165.71     -25.20     -28.36    154     0.016     0.984
   0.040000   45     201.54     173.33     -25.51     -28.55    418     0.015     0.985
   0.040000   46     210.98     182.24     -25.88     -28.79    747     0.013     0.987
   0.040000   47     220.42     191.02     -26.20     -29.01    416     0.013     0.987
   0.040000   48     229.86     200.21     -26.58     -29.28    129     0.012     0.988
   0.040000   49     239.30     209.01     -26.92     -29.52     26     0.011     0.989
   0.020000   44     192.10     165.57     -25.62     -28.80     28     0.016     0.984
   0.020000   45     201.54     173.39     -25.80     -28.84    117     0.015     0.985
   0.020000   46     210.98     182.41     -25.97     -28.89    401     0.013     0.987
   0.020000   47     220.42     191.43     -26.16     -28.96    563     0.012     0.988
   0.020000   48     229.86     200.39     -26.33     -29.03    551     0.011     0.989
   0.020000   49     239.30     209.44     -26.52     -29.11    199     0.011     0.989
   0.020000   50     248.74     218.82     -26.71     -29.20     39     0.010     0.990
   0.000000   44     192.10     165.53     -26.19     -29.37     21     0.016     0.984
   0.000000   45     201.54     172.62     -26.19     -29.24     90     0.015     0.985
   0.000000   46     210.98     181.98     -26.19     -29.11    442     0.013     0.987
   0.000000   47     220.42     191.42     -26.19     -28.99    591     0.012     0.988
   0.000000   48     229.86     200.38     -26.19     -28.89    453     0.011     0.989
   0.000000   49     239.30     209.97     -26.19     -28.79    259     0.011     0.989
   0.000000   50     248.74     219.18     -26.19     -28.70     43     0.010     0.990


# Part 3: Bin-averaged summary:
# bin  energy gap  <dGg> <dGg norm> pts  <c1**2> <c2**2> <r_xy>
   1   -213.81     -3.12     25.95         55    0.987    0.013    4.047
   2   -204.37     -3.41     25.66        398    0.985    0.015    4.122
   3   -194.93     -3.50     25.57        984    0.984    0.016    4.075
   4   -185.49     -3.55     25.52       2420    0.983    0.017    4.115
   5   -176.05     -3.42     25.65       3106    0.981    0.019    4.121
   6   -166.61     -3.03     26.05       2995    0.979    0.021    4.140
   7   -157.17     -2.38     26.69       2342    0.976    0.024    4.085
   8   -147.73     -1.45     27.62       2190    0.974    0.026    4.024
   9   -138.29     -0.44     28.63       1684    0.970    0.030    3.991
  10   -128.85      0.82     29.89       1554    0.966    0.034    3.871
  11   -119.41      2.13     31.20       1515    0.961    0.039    3.794
  12   -109.97      3.51     32.58       1306    0.955    0.045    3.759
  13   -100.53      5.20     34.27       1625    0.947    0.053    3.768
  14    -91.09      6.73     35.81       3040    0.938    0.062    3.776
  15    -81.65      8.30     37.37       3141    0.927    0.073    3.750
  16    -72.21     10.18     39.25       3319    0.910    0.090    3.704
  17    -62.77     12.30     41.37       4289    0.891    0.109    3.687
  18    -53.33     14.59     43.66       4304    0.865    0.135    3.656
  19    -43.89     16.98     46.05       2634    0.831    0.169    3.639
  20    -34.45     19.42     48.50       1326    0.788    0.212    3.650
  21    -25.01     21.51     50.59        414    0.732    0.268    3.618
  22    -15.57     23.34     52.41         83    0.647    0.353    3.582
  23     -6.13     23.98     53.05         51    0.567    0.433    3.547
  24      3.31     23.85     52.92         39    0.484    0.516    3.471
  25     12.75     22.39     51.46         21    0.373    0.627    3.461
  26     22.19     20.70     49.78         24    0.307    0.693    3.502
  27     31.63     17.69     46.76         11    0.235    0.765    3.524
  28     41.06     13.99     43.06        109    0.176    0.824    3.487
  29     50.50     10.37     39.44        462    0.143    0.857    3.569
  30     59.94      6.62     35.69       1277    0.115    0.885    3.552
  31     69.38      2.87     31.94       2139    0.094    0.906    3.541
  32     78.82     -0.96     28.11       2431    0.078    0.922    3.540
  33     88.26     -4.81     24.26       2275    0.065    0.935    3.565
  34     97.70     -8.42     20.65       2877    0.055    0.945    3.636
  35    107.14    -11.72     17.35       3892    0.047    0.953    3.732
  36    116.58    -14.78     14.29       4731    0.040    0.960    3.800
  37    126.02    -17.32     11.75       4232    0.035    0.965    3.836
  38    135.46    -19.62      9.46       3581    0.031    0.969    3.827
  39    144.90    -21.44      7.63       3504    0.027    0.973    3.747
  40    154.34    -23.04      6.04       2856    0.024    0.976    3.638
  41    163.78    -24.45      4.62       1794    0.022    0.978    3.459
  42    173.22    -25.72      3.35       1089    0.020    0.980    3.057
  43    182.66    -26.83      2.24       1574    0.018    0.982    2.586
  44    192.10    -27.82      1.26       2901    0.016    0.984    2.392
  45    201.54    -28.53      0.55       3465    0.015    0.985    2.341
  46    210.98    -28.94      0.13       2863    0.013    0.987    2.219
  47    220.42    -29.03      0.04       1911    0.012    0.988    2.145
  48    229.86    -29.07      0.00       1261    0.011    0.989    2.121
  49    239.30    -29.00      0.07        507    0.011    0.989    2.071
  50    248.74    -28.94      0.13         82    0.010    0.990    2.060
