
Build and version information

Build number 5.10.19
Build date   20210903
Built:       
      by     florian
      on     desktop
      git id 9325b9c29ad62a733df16f540968e33ee6c78260
      with   GNU Fortran Ubuntu 9.3.0-17ubuntu1~20.04 9.3.0
Current date 2024- 3- 6 and time 13:50:39

----------------------- Reading input from relax_001.inp ----------------------
Boundary: sphere
Number of MD steps =       100  Stepsize (fs)    =     0.100
Target temperature =      0.10  T-relax time     =      0.10
 No thermostat chosen. Berendsen thermostat will be used.
 Leap frog integrator used by default.
Solute and solvent atoms coupled separately to heat bath.
Initial velocities will be generated from Maxwell distribution:
Maxwell temperature=      0.10 Random number seed=     23490
Shake constaints on all solvent bonds    : off
Shake constaints on all solute bonds     : off
Shake constaints on all bonds to hydrogen: off
Nonbonded method   = LRF Taylor expansion outside cut-off
Cut-off radii for non-bonded interactions:
Solute-solute:     10.00
Solvent-solvent:   10.00
Solute-solvent:    10.00
Q-atom-non-Q-atom: 99.00
LRF:               99.00
Radius of inner restrained shell       =      20.000
Excluded atoms force constant set to default
Excluded atom restraint force constant         =  200.00
Non-bonded pair list update interval   =      25
Energy summary print-out interval      =      10
Temperature print-out interval         =      10
Trajectory write interval              =      10
No energy file written.
All atoms will be included in the trajectory.
Topology file      = GPX6_cysM.top
Initial coordinates taken from topology.
Final coord. file  = relax_001.re
Trajectory file    = relax_001.dcd
FEP input file     = GPX6_cysM.fep

lambda-values      =  1.00000 0.00000

List of excluded atom groups

Listing of restraining data:

No. of sequence restraints =         1
  atom_i  atom_j      fc  H-flag to_centre
       1    3051   20.00       0         0
---------------------------- Reading topology file ---------------------------
GPX6_cysM                                                                       

No. of solute atoms     =       3058
No. of solvent atoms    =       1593
No. of coordinates      =      13953
No. of atom type codes  =       4651
No. of solute bonds     =       3103
No. of solvent bonds    =       1593
No. of solute angles    =       5597
No. of solvent angles   =        531
No. of solute torsions  =      10854
No. of solvent torsions =          0
No. of solute impropers =        650
No. of solvent impropers=          0
No. of atomic charges   =       4651
No. of solute chargegrps=        900
No. of solvent chargegps=        531
Charge group cut-off    : Switching atoms
vdW  rule [ 1=G / 2=A ] =          1
El-static 1-4 damping   =      0.500
Coulomb constant        =   332.0000
No. of atom types       =         86
No. of LJ type 2 pairs  =          0
No. of heavy atoms      =       2090
No. of 1-4 neighbours   =       8172
No. long-range 1-4 nbrs =          4
No. of nbor exclusions  =      10824
No. of long-range excls =          0
No. of residues         =        728
No of solute residues   =        197
No. of molecules        =        534
Atom type names         =         86
SYBYL atom types        =         86
Boundary: sphere
Exclusion radius        =     30.000
Eff. solvent radius     =     19.360
Solute centre           =     43.704    34.968    42.174
Solvent centre          =     43.704    34.968    42.174
No. of excluded atoms   =        127
Molecular topology read successfully.

Found     1141 solute atoms in the restrained shell region ( 20.00 to  30.00)
----------------------------- Reading Q atom list ----------------------------
No. of fep/evb states    =     2
No. of fep/evb atoms     =    12
Atom nos.:   730   731   727   728   729  3052  3053  3054  3055  3056
Atom nos.:  3057  3058
--------------------------- Reading fep/evb strategy --------------------------

No. of changing charges  =    12
Effective Q-atom charges for all Q-atoms
Q atom    charge in state 1 state 2
     1               -0.335   0.121
     2                0.155   0.400
     3                0.060  -0.018
     4                0.060   0.060
     5                0.060   0.060
     6               -0.418  -0.800
     7               -0.418  -0.640
     8                0.418   0.400
     9                0.418   0.418
    10               -0.800  -0.800
    11                0.400   0.400
    12                0.400   0.400

   SUM               -0.000   0.000

No. of Q-atom types  =    14
Name            Ai      Bi      Ci     ai Ai(1-4) Bi(1-4)    Mass
SH         2001.57   44.74  165.00  1.58  1415.32   31.64   32.06
snn.SG     2593.94   55.60  165.00  1.58  1834.19   39.31   32.06
HS            0.00    0.00    0.00  0.00     0.00    0.00    1.01
HO2.hw        0.00    0.00    0.00  0.00     0.00    0.00    1.01
CT          944.52   22.03    1.00  2.50   667.88   15.58   12.01
snn.CB      944.52   22.03    1.00  2.50   667.88   15.58   12.01
HC           84.57    5.41    1.00  2.50    59.80    3.83    1.01
snn.HB2      84.57    5.41    1.00  2.50    59.80    3.83    1.01
snn.HB3      84.57    5.41    1.00  2.50    59.80    3.83    1.01
prx.O       760.64   25.04  110.00  1.58   537.86   17.71   16.00
HO2.ow      762.89   24.39  110.00  1.58   539.44   17.25   16.00
snn.OS      760.64   25.04  110.00  1.58   537.86   17.71   16.00
prx.H         0.01    0.04    1.00  2.50     0.00    0.03    1.01
snn.HG        0.01    0.04    1.00  2.50     0.00    0.03    1.01

Assigning Q-atom types to all Q atoms:
Q atom    atom type in  state 1  state 2
     1                  SH       snn.SG  
     2                  HS       HO2.hw  
     3                  CT       snn.CB  
     4                  HC       snn.HB2 
     5                  HC       snn.HB3 
     6                  prx.O    HO2.ow  
     7                  prx.O    snn.OS  
     8                  prx.H    HO2.hw  
     9                  prx.H    snn.HG  
    10                  HO2.ow   HO2.ow  
    11                  HO2.hw   HO2.hw  
    12                  HO2.hw   HO2.hw  

No. of soft repulsion non-bonded pairs =     6
q-atom_i q-atom_j
       6        7
      10       12
       1        2
       6       12
      10        2
       1        7

Q-bond types:
type #  Morse E_diss    alpha       b0  Harmonic force_k 
     1         54.00     2.32     1.32
     2        102.00     2.26     0.96
     3         81.00     1.87     1.32
     4         81.00     1.87     1.32
     5                            0.94           1106.00
     6                            0.96           1106.00


No. of changing bonds    =     7
atom_i atom_j   bond type in state 1 state 2
  3052   3053                      1       0
  3056   3058                      2       0
   730    731                      3       0
  3052   3058                      0       2
   731   3056                      0       2
   730   3053                      0       4
  3052   3054                      5       6

Q-angle types:
type #       force-k   theta0
     1        160.00   102.22
     2        200.00   104.52
     3         88.00    96.00
     4        220.00   100.78
     5        130.00   106.24


No. of changing angles   =     8
atom_i atom_j atom_k    angle type in state 1 state 2
  3052   3053   3055                        1       0
  3053   3052   3054                        1       0
  3057   3056   3058                        2       0
   727    730    731                        3       0
  3054   3052   3058                        0       2
   727    730   3053                        0       4
   731   3056   3057                        0       2
   730   3053   3055                        0       5

Q-torsion types:
type #       force-k     mult    delta
     1         -2.50     2.00   180.00
     2          0.24     3.00     0.00
     3         -2.50     2.00   180.00
     4          0.24     3.00     0.00
     5          0.24     3.00     0.00


No. of changing torsions =     6
atom_i atom_j atom_k atom_l    torsion type in state 1 state 2
  3054   3052   3053   3055                          1       0
   728    727    730    731                          2       0
   729    727    730    731                          2       0
   727    730   3053   3055                          0       3
   728    727    730   3053                          0       4
   729    727    730   3053                          0       5
!!!WARNING!!! Torsion to broken bond is not set to zero!!
between atoms     725     727     730     731
in state       2  torsion    2535  torsion code      82
Trying to get parameters from Topology!

Q-torsion types:
type #       force-k     mult    delta
     6         -0.38    -1.00     0.00
atom_i atom_j atom_k atom_l    torsion type in state 1 state 2
   725    727    730    731                          6       0

No. of offdiagonal (Hij) functions =     1
state_i state_j atom_k atom_l     Aij mu_ij
      1       2      6      7    0.00  0.00
No softcore section found. Using normal LJ potentials.

---------------- Removing redefined interactions from topology ---------------
type      atom1 atom2 atom3 atom4
bond        730   731
bond       3054  3052
bond       3052  3053
bond       3056  3058
angle       727   730   731
angle      3054  3052  3053
angle      3052  3053  3055
angle      3057  3056  3058
torsion     725   727   730   731
torsion     725   727   730   731
torsion     725   727   730   731
torsion     728   727   730   731
torsion     729   727   730   731
torsion    3054  3052  3053  3055

---------------------------- Initialising dynamics ---------------------------
Total charge of non-Q atoms             =      -3.00
Total charge of excluded atoms          =      -1.00
Total charge of system                  =      -3.00
Target water sphere radius              =      19.36
Surface inward harmonic force constant  =      60.00
Surface attraction well depth           =       0.85
Surface attraction well width           =       0.48
Water polarisation restraints           : ON, Born correction enabled
Radial polarisation force constant      =      20.00

Setting up 3 water shells for polarisation restraints.
Shell #    outer radius    inner radius
      1           19.36           18.86
      2           18.86           17.86
      3           17.86           16.36

Number of shake constraints             =          0
No. molecules with shake constraints    =          1
No. of Rcq indep. nb pairs involving q-atoms =    91 in state :  1
No. of Rcq indep. nb pairs involving q-atoms =    91 in state :  2

Coordinates for  4651 atoms will be written to the trajectory.
Initial x-shaking required   0 interations per molecule on average.
Initial v-shaking required   0 interations per molecule on average.
------------------------ Distribution of charge groups -----------------------
node value solute-solute solute-water  water-water     Q-solute      Q-water       #Shake       #Atoms   #Molecules
     total           900          900          531          900          531            1         4651          534
----------------------------- End of distribution ----------------------------

Initial temperatures are : Ttot =      0.10 Tfree =      0.10
Solvent temperatures are : Ttot =      0.10 Tfree =      0.10
 Solute temperatures are : Ttot =      0.10 Tfree =      0.10

------------------------ Nonbonded pair list generation -----------------------
>>> WARNING: hot atom, i =      1472 Temp(i)=    116.00
=======================  Energy summary at step      0 ========================
                        el       vdW      bond     angle   torsion  improper
solute              -6766.12     -355.71      529.02     1316.80      598.67       82.81
solvent                14.09     -145.98        0.08        0.02        0.00        0.00
solute-solvent        -96.28      203.11
LRF                  -219.86
Q-atom                  7.71      -10.08     -143.04        0.50       -3.10        0.00

                     total       fix slvnt_rad slvnt_pol     shell    solute
restraints            265.50        0.00      254.36       11.14        0.00        0.00

                     total potential   kinetic
SUM                 -4718.40    -4721.85        3.45
======================= Q-atom energies at step      0 ========================
type   st lambda        el       vdW      bond     angle   torsion  improper
Q-Q     1 1.0000     17.36     -0.09
Q-Q     2 0.0000     13.96   1108.21

Q-prot  1 1.0000     -9.07     -7.34
Q-prot  2 0.0000     -5.59     -7.57

Q-wat   1 1.0000     -0.58     -2.64
Q-wat   2 0.0000      7.78     -2.65

Q-surr. 1 1.0000     -9.65     -9.99
Q-surr. 2 0.0000      2.19    -10.22

Q-any   1 1.0000      7.71    -10.08   -143.04      0.50     -3.10      0.00
Q-any   2 0.0000     16.15   1097.99    -20.99    258.58     -1.63      0.00

type   st lambda     total restraint
Q-SUM   1 1.0000   -148.00      0.00
Q-SUM   2 0.0000   1350.11      0.00
H( 1, 2) =    0.00 dist. between Q-atoms   6   7 =    0.96
===============================================================================
Temperature at step       0:         T_tot=       0.2         T_free=       0.3
                             T_free_solute=       0.3 T_free_solvent=       0.2
>>> WARNING: hot atom, i =      1472 Temp(i)=    149.13
Temperature at step       1:         T_tot=       0.3         T_free=       0.3
                             T_free_solute=       0.3 T_free_solvent=       0.2
>>> WARNING: hot atom, i =      1472 Temp(i)=    166.21
Temperature at step       2:         T_tot=       0.3         T_free=       0.3
                             T_free_solute=       0.3 T_free_solvent=       0.2
>>> WARNING: hot atom, i =      1472 Temp(i)=    163.91
>>> WARNING: hot atom, i =      1472 Temp(i)=    161.72
>>> WARNING: hot atom, i =      1472 Temp(i)=    157.14
>>> WARNING: hot atom, i =      1472 Temp(i)=    153.05
>>> WARNING: hot atom, i =      1472 Temp(i)=    148.79
>>> WARNING: hot atom, i =      1472 Temp(i)=    144.77
>>> WARNING: hot atom, i =      1472 Temp(i)=    140.86
>>> WARNING: hot atom, i =      1472 Temp(i)=    137.10
=======================  Energy summary at step     10 ========================
                        el       vdW      bond     angle   torsion  improper
solute              -6767.20     -357.13      522.65     1307.09      597.71       82.50
solvent                 5.76     -145.96        0.22        0.06        0.00        0.00
solute-solvent        -97.64      185.11
LRF                  -219.89
Q-atom                  7.64      -10.07     -146.78        0.50       -3.10        0.00

                     total       fix slvnt_rad slvnt_pol     shell    solute
restraints            267.68        0.00      256.60       11.07        0.00        0.00

                     total potential   kinetic
SUM                 -4767.05    -4770.86        3.81
======================= Q-atom energies at step     10 ========================
type   st lambda        el       vdW      bond     angle   torsion  improper
Q-Q     1 1.0000     17.34     -0.09
Q-Q     2 0.0000     13.31   1094.57

Q-prot  1 1.0000     -9.11     -7.34
Q-prot  2 0.0000     -5.63     -7.57

Q-wat   1 1.0000     -0.59     -2.64
Q-wat   2 0.0000      7.77     -2.65

Q-surr. 1 1.0000     -9.70     -9.98
Q-surr. 2 0.0000      2.13    -10.22

Q-any   1 1.0000      7.64    -10.07   -146.78      0.50     -3.10      0.00
Q-any   2 0.0000     15.45   1084.35    -21.05    257.92     -1.63      0.00

type   st lambda     total restraint
Q-SUM   1 1.0000   -151.81      0.00
Q-SUM   2 0.0000   1335.03      0.00
H( 1, 2) =    0.00 dist. between Q-atoms   6   7 =    0.96
===============================================================================
Temperature at step      10:         T_tot=       0.3         T_free=       0.3
                             T_free_solute=       0.3 T_free_solvent=       0.2
>>> WARNING: hot atom, i =      1472 Temp(i)=    133.48
>>> WARNING: hot atom, i =      1472 Temp(i)=    129.98
>>> WARNING: hot atom, i =      1472 Temp(i)=    126.61
>>> WARNING: hot atom, i =      1472 Temp(i)=    123.35
>>> WARNING: hot atom, i =      1472 Temp(i)=    120.20
>>> WARNING: hot atom, i =      1472 Temp(i)=    117.16
>>> WARNING: hot atom, i =      1472 Temp(i)=    114.22
>>> WARNING: hot atom, i =      1472 Temp(i)=    111.37
Temperature at step      18:         T_tot=       0.3         T_free=       0.3
                             T_free_solute=       0.3 T_free_solvent=       0.2
>>> WARNING: hot atom, i =      1472 Temp(i)=    108.63
>>> WARNING: hot atom, i =      1472 Temp(i)=    105.97
=======================  Energy summary at step     20 ========================
                        el       vdW      bond     angle   torsion  improper
solute              -6768.34     -358.63      516.37     1296.78      596.69       82.17
solvent                -3.14     -145.93        0.66        0.17        0.00        0.00
solute-solvent        -99.10      169.33
LRF                  -219.92
Q-atom                  7.57      -10.06     -150.58        0.50       -3.09        0.00

                     total       fix slvnt_rad slvnt_pol     shell    solute
restraints            267.24        0.01      256.24       10.99        0.00        0.00

                     total potential   kinetic
SUM                 -4817.61    -4821.32        3.71
======================= Q-atom energies at step     20 ========================
type   st lambda        el       vdW      bond     angle   torsion  improper
Q-Q     1 1.0000     17.32     -0.08
Q-Q     2 0.0000     12.64   1080.47

Q-prot  1 1.0000     -9.14     -7.33
Q-prot  2 0.0000     -5.67     -7.56

Q-wat   1 1.0000     -0.61     -2.64
Q-wat   2 0.0000      7.75     -2.65

Q-surr. 1 1.0000     -9.75     -9.97
Q-surr. 2 0.0000      2.08    -10.21

Q-any   1 1.0000      7.57    -10.06   -150.58      0.50     -3.09      0.00
Q-any   2 0.0000     14.72   1070.26    -21.11    257.18     -1.63      0.00

type   st lambda     total restraint
Q-SUM   1 1.0000   -155.66      0.00
Q-SUM   2 0.0000   1319.41      0.00
H( 1, 2) =    0.00 dist. between Q-atoms   6   7 =    0.97
===============================================================================
Temperature at step      20:         T_tot=       0.3         T_free=       0.3
                             T_free_solute=       0.3 T_free_solvent=       0.2
>>> WARNING: hot atom, i =      1472 Temp(i)=    103.39
>>> WARNING: hot atom, i =      1472 Temp(i)=    100.90
------------------------ Nonbonded pair list generation -----------------------
Temperature at step      29:         T_tot=       0.3         T_free=       0.3
                             T_free_solute=       0.3 T_free_solvent=       0.2
=======================  Energy summary at step     30 ========================
                        el       vdW      bond     angle   torsion  improper
solute              -6769.60     -360.14      510.30     1286.32      595.64       81.82
solvent               -11.94     -145.91        1.34        0.36        0.00        0.00
solute-solvent       -100.55      155.81
LRF                  -219.90
Q-atom                  7.50      -10.04     -154.24        0.50       -3.09        0.00

                     total       fix slvnt_rad slvnt_pol     shell    solute
restraints            266.82        0.01      255.88       10.92        0.00        0.00

                     total potential   kinetic
SUM                 -4865.38    -4869.00        3.63
======================= Q-atom energies at step     30 ========================
type   st lambda        el       vdW      bond     angle   torsion  improper
Q-Q     1 1.0000     17.29     -0.07
Q-Q     2 0.0000     11.98   1066.55

Q-prot  1 1.0000     -9.17     -7.32
Q-prot  2 0.0000     -5.71     -7.55

Q-wat   1 1.0000     -0.63     -2.64
Q-wat   2 0.0000      7.74     -2.65

Q-surr. 1 1.0000     -9.80     -9.97
Q-surr. 2 0.0000      2.03    -10.20

Q-any   1 1.0000      7.50    -10.04   -154.24      0.50     -3.09      0.00
Q-any   2 0.0000     14.01   1056.35    -21.18    256.44     -1.63      0.00

type   st lambda     total restraint
Q-SUM   1 1.0000   -159.38      0.00
Q-SUM   2 0.0000   1303.98      0.00
H( 1, 2) =    0.00 dist. between Q-atoms   6   7 =    0.97
===============================================================================
Temperature at step      30:         T_tot=       0.3         T_free=       0.3
                             T_free_solute=       0.3 T_free_solvent=       0.2
=======================  Energy summary at step     40 ========================
                        el       vdW      bond     angle   torsion  improper
solute              -6770.73     -361.68      504.42     1275.77      594.58       81.47
solvent               -20.64     -145.88        2.20        0.63        0.00        0.00
solute-solvent       -101.98      144.07
LRF                  -219.94
Q-atom                  7.42      -10.03     -157.77        0.50       -3.09        0.00

                     total       fix slvnt_rad slvnt_pol     shell    solute
restraints            266.40        0.03      255.53       10.84        0.00        0.01

                     total potential   kinetic
SUM                 -4910.70    -4914.26        3.56
======================= Q-atom energies at step     40 ========================
type   st lambda        el       vdW      bond     angle   torsion  improper
Q-Q     1 1.0000     17.27     -0.07
Q-Q     2 0.0000     11.33   1052.88

Q-prot  1 1.0000     -9.20     -7.31
Q-prot  2 0.0000     -5.74     -7.54

Q-wat   1 1.0000     -0.64     -2.65
Q-wat   2 0.0000      7.72     -2.66

Q-surr. 1 1.0000     -9.84     -9.96
Q-surr. 2 0.0000      1.98    -10.20

Q-any   1 1.0000      7.42    -10.03   -157.77      0.50     -3.09      0.00
Q-any   2 0.0000     13.31   1042.69    -21.24    255.70     -1.64      0.00

type   st lambda     total restraint
Q-SUM   1 1.0000   -162.95      0.00
Q-SUM   2 0.0000   1288.82      0.00
H( 1, 2) =    0.00 dist. between Q-atoms   6   7 =    0.98
===============================================================================
Temperature at step      40:         T_tot=       0.3         T_free=       0.3
                             T_free_solute=       0.3 T_free_solvent=       0.2
------------------------ Nonbonded pair list generation -----------------------
=======================  Energy summary at step     50 ========================
                        el       vdW      bond     angle   torsion  improper
solute              -6771.86     -363.23      498.67     1265.16      593.49       81.11
solvent               -29.21     -145.86        3.20        0.97        0.00        0.00
solute-solvent       -103.39      133.77
LRF                  -220.04
Q-atom                  7.35      -10.01     -161.15        0.51       -3.08        0.00

                     total       fix slvnt_rad slvnt_pol     shell    solute
restraints            265.99        0.04      255.18       10.76        0.00        0.01

                     total potential   kinetic
SUM                 -4954.11    -4957.60        3.49
======================= Q-atom energies at step     50 ========================
type   st lambda        el       vdW      bond     angle   torsion  improper
Q-Q     1 1.0000     17.24     -0.06
Q-Q     2 0.0000     10.70   1039.50

Q-prot  1 1.0000     -9.23     -7.31
Q-prot  2 0.0000     -5.78     -7.53

Q-wat   1 1.0000     -0.66     -2.65
Q-wat   2 0.0000      7.71     -2.66

Q-surr. 1 1.0000     -9.89     -9.95
Q-surr. 2 0.0000      1.93    -10.19

Q-any   1 1.0000      7.35    -10.01   -161.15      0.51     -3.08      0.00
Q-any   2 0.0000     12.62   1029.31    -21.30    254.96     -1.64      0.00

type   st lambda     total restraint
Q-SUM   1 1.0000   -166.38      0.00
Q-SUM   2 0.0000   1273.96      0.00
H( 1, 2) =    0.00 dist. between Q-atoms   6   7 =    0.98
===============================================================================
Temperature at step      50:         T_tot=       0.3         T_free=       0.3
                             T_free_solute=       0.3 T_free_solvent=       0.2
=======================  Energy summary at step     60 ========================
                        el       vdW      bond     angle   torsion  improper
solute              -6772.97     -364.78      493.04     1254.52      592.40       80.74
solvent               -37.66     -145.83        4.30        1.38        0.00        0.00
solute-solvent       -104.78      124.64
LRF                  -220.07
Q-atom                  7.28      -10.00     -164.38        0.52       -3.08        0.00

                     total       fix slvnt_rad slvnt_pol     shell    solute
restraints            265.59        0.06      254.82       10.68        0.00        0.02

                     total potential   kinetic
SUM                 -4995.72    -4999.16        3.44
======================= Q-atom energies at step     60 ========================
type   st lambda        el       vdW      bond     angle   torsion  improper
Q-Q     1 1.0000     17.22     -0.05
Q-Q     2 0.0000     10.08   1026.44

Q-prot  1 1.0000     -9.26     -7.30
Q-prot  2 0.0000     -5.81     -7.53

Q-wat   1 1.0000     -0.67     -2.65
Q-wat   2 0.0000      7.69     -2.66

Q-surr. 1 1.0000     -9.93     -9.95
Q-surr. 2 0.0000      1.88    -10.18

Q-any   1 1.0000      7.28    -10.00   -164.38      0.52     -3.08      0.00
Q-any   2 0.0000     11.96   1016.26    -21.36    254.24     -1.64      0.00

type   st lambda     total restraint
Q-SUM   1 1.0000   -169.66      0.00
Q-SUM   2 0.0000   1259.45      0.00
H( 1, 2) =    0.00 dist. between Q-atoms   6   7 =    0.99
===============================================================================
Temperature at step      60:         T_tot=       0.2         T_free=       0.3
                             T_free_solute=       0.3 T_free_solvent=       0.2
=======================  Energy summary at step     70 ========================
                        el       vdW      bond     angle   torsion  improper
solute              -6774.07     -366.33      487.49     1243.87      591.29       80.37
solvent               -45.97     -145.81        5.44        1.84        0.00        0.00
solute-solvent       -106.15      116.48
LRF                  -220.11
Q-atom                  7.21       -9.98     -167.47        0.53       -3.08        0.00

                     total       fix slvnt_rad slvnt_pol     shell    solute
restraints            265.19        0.08      254.47       10.61        0.00        0.03

                     total potential   kinetic
SUM                 -5035.84    -5039.23        3.39
======================= Q-atom energies at step     70 ========================
type   st lambda        el       vdW      bond     angle   torsion  improper
Q-Q     1 1.0000     17.19     -0.05
Q-Q     2 0.0000      9.48   1013.71

Q-prot  1 1.0000     -9.29     -7.29
Q-prot  2 0.0000     -5.85     -7.52

Q-wat   1 1.0000     -0.69     -2.65
Q-wat   2 0.0000      7.68     -2.66

Q-surr. 1 1.0000     -9.98     -9.94
Q-surr. 2 0.0000      1.83    -10.18

Q-any   1 1.0000      7.21     -9.98   -167.47      0.53     -3.08      0.00
Q-any   2 0.0000     11.31   1003.53    -21.42    253.52     -1.64      0.00

type   st lambda     total restraint
Q-SUM   1 1.0000   -172.78      0.00
Q-SUM   2 0.0000   1245.30      0.00
H( 1, 2) =    0.00 dist. between Q-atoms   6   7 =    0.99
===============================================================================
Temperature at step      70:         T_tot=       0.2         T_free=       0.2
                             T_free_solute=       0.3 T_free_solvent=       0.2
------------------------ Nonbonded pair list generation -----------------------
=======================  Energy summary at step     80 ========================
                        el       vdW      bond     angle   torsion  improper
solute              -6775.07     -367.91      482.02     1233.24      590.17       80.00
solvent               -54.14     -145.78        6.61        2.36        0.00        0.00
solute-solvent       -107.45      109.16
LRF                  -220.34
Q-atom                  7.14       -9.97     -170.41        0.54       -3.07        0.00

                     total       fix slvnt_rad slvnt_pol     shell    solute
restraints            264.80        0.11      254.12       10.53        0.00        0.04

                     total potential   kinetic
SUM                 -5074.76    -5078.11        3.35
======================= Q-atom energies at step     80 ========================
type   st lambda        el       vdW      bond     angle   torsion  improper
Q-Q     1 1.0000     17.16     -0.04
Q-Q     2 0.0000      8.90   1001.32

Q-prot  1 1.0000     -9.32     -7.28
Q-prot  2 0.0000     -5.88     -7.51

Q-wat   1 1.0000     -0.70     -2.65
Q-wat   2 0.0000      7.66     -2.66

Q-surr. 1 1.0000    -10.02     -9.93
Q-surr. 2 0.0000      1.78    -10.17

Q-any   1 1.0000      7.14     -9.97   -170.41      0.54     -3.07      0.00
Q-any   2 0.0000     10.69    991.15    -21.48    252.81     -1.65      0.00

type   st lambda     total restraint
Q-SUM   1 1.0000   -175.76      0.00
Q-SUM   2 0.0000   1231.52      0.00
H( 1, 2) =    0.00 dist. between Q-atoms   6   7 =    1.00
===============================================================================
Temperature at step      80:         T_tot=       0.2         T_free=       0.2
                             T_free_solute=       0.3 T_free_solvent=       0.2
=======================  Energy summary at step     90 ========================
                        el       vdW      bond     angle   torsion  improper
solute              -6776.14     -369.46      476.59     1222.65      589.05       79.62
solvent               -62.17     -145.76        7.76        2.94        0.00        0.00
solute-solvent       -108.77      102.54
LRF                  -220.37
Q-atom                  7.07       -9.95     -173.21        0.56       -3.07        0.00

                     total       fix slvnt_rad slvnt_pol     shell    solute
restraints            264.41        0.14      253.76       10.46        0.00        0.05

                     total potential   kinetic
SUM                 -5112.41    -5115.72        3.31
======================= Q-atom energies at step     90 ========================
type   st lambda        el       vdW      bond     angle   torsion  improper
Q-Q     1 1.0000     17.13     -0.03
Q-Q     2 0.0000      8.34    989.27

Q-prot  1 1.0000     -9.35     -7.27
Q-prot  2 0.0000     -5.91     -7.50

Q-wat   1 1.0000     -0.71     -2.65
Q-wat   2 0.0000      7.65     -2.66

Q-surr. 1 1.0000    -10.06     -9.92
Q-surr. 2 0.0000      1.74    -10.16

Q-any   1 1.0000      7.07     -9.95   -173.21      0.56     -3.07      0.00
Q-any   2 0.0000     10.08    979.11    -21.54    252.12     -1.65      0.00

type   st lambda     total restraint
Q-SUM   1 1.0000   -178.60      0.00
Q-SUM   2 0.0000   1218.12      0.00
H( 1, 2) =    0.00 dist. between Q-atoms   6   7 =    1.00
===============================================================================
Temperature at step      90:         T_tot=       0.2         T_free=       0.2
                             T_free_solute=       0.3 T_free_solvent=       0.2
---------------------- Water polarisation restraint data ---------------------
shell    <n>    <theta>    theta_0 theta_corr
    1  132.0     91.098     90.000      1.098
    2   70.0     89.076     90.000     -0.924
    3   97.0     89.432     90.000     -0.568

=========================== FINAL  Energy summary =============================
                        el       vdW      bond     angle   torsion  improper
solute              -6776.49     -371.00      471.21     1212.10      587.91       79.24
solvent               -70.05     -145.73        8.87        3.55        0.00        0.00
solute-solvent       -110.46       96.52
LRF                  -220.80
Q-atom                  7.00       -9.94     -175.87        0.57       -3.06        0.00

                     total       fix slvnt_rad slvnt_pol     shell    solute
restraints            266.31        0.17      253.40       12.67        0.00        0.06

                     total potential   kinetic
SUM                 -5146.84    -5150.11        3.27
=========================== FINAL Q-atom energies =============================
type   st lambda        el       vdW      bond     angle   torsion  improper
Q-Q     1 1.0000     17.10     -0.02
Q-Q     2 0.0000      7.80    977.57

Q-prot  1 1.0000     -9.37     -7.27
Q-prot  2 0.0000     -5.95     -7.49

Q-wat   1 1.0000     -0.73     -2.65
Q-wat   2 0.0000      7.64     -2.66

Q-surr. 1 1.0000    -10.10     -9.92
Q-surr. 2 0.0000      1.69    -10.15

Q-any   1 1.0000      7.00     -9.94   -175.87      0.57     -3.06      0.00
Q-any   2 0.0000      9.49    967.42    -21.60    251.43     -1.65      0.00

type   st lambda     total restraint
Q-SUM   1 1.0000   -181.30      0.00
Q-SUM   2 0.0000   1205.09      0.00
H( 1, 2) =    0.00 dist. between Q-atoms   6   7 =    1.01
===============================================================================
Total time of main loop:                                 2.1(s)
 QDyn version 5.10.19 , git id=9325b9c29ad62a733df16f540968e33ee6c78260 terminated normally.
###############################################################################
