
Build and version information

Build number 5.10.18
Build date   20210903
Built:       
      by     florian
      on     desktop
      git id 9325b9c29ad62a733df16f540968e33ee6c78260
      with   GNU Fortran Ubuntu 9.3.0-17ubuntu1~20.04 9.3.0
Current date 2024- 3- 4 and time 17: 4: 3

Welcome in qprep modification date 20210903


Qprep> 
Reading molecular library 1-params/qoplsaa.lib

name  atoms  net Q  bonds  rules   imps Q-grps
ALA      10   0.00      9      0      0      3
ARG      24   1.00     23      2      6      4
ARN      23   0.00     22      2      5      5
ASN      14   0.00     13      1      4      5
ASP      12  -1.00     11      0      3      3
ASH      13   0.00     12      1      3      4
CYS      11   0.00     10      0      2      3
CYX      10   0.00      9      0      2      3
GLN      17   0.00     16      1      4      6
GLU      15  -1.00     14      0      3      4
GLH      16   0.00     15      1      3      5
GLY       7   0.00      6      0      2      2
HIP      18   1.00     18      0      7      3
HID      17   0.00     17      0      6      3
HIE      17   0.00     17      0      6      3
ILE      19   0.00     18      0      2      6
LEU      19   0.00     18      0      2      6
LYS      22   1.00     21      0      2      6
LYN      21   0.00     20      0      2      6
MET      17   0.00     16      0      2      4
PHE      20   0.00     20      0      8      8
PRO      14   0.00     14      0      2      4
SER      11  -0.00     10      0      2      3
THR      14  -0.00     13      0      2      4
TRP      24   0.00     25      0     11      8
TYR      21   0.00     21      0      8      8
VAL      16   0.00     15      0      2      5
NTE      21   1.00     20      0      1      6
HOH       3   0.00      3      0      0      1
SPC       3   0.00      3      0      0      1
K+        1   1.00      0      0      0    none, creating default
MG2+      1   2.00      0      0      0    none, creating default

Accumulated no. of library entries loaded =  32

Qprep> 
Reading molecular library 1-params/GPX.lib

name  atoms  net Q  bonds  rules   imps Q-grps
PRX       4   0.00      3      0      0      1
SEC      11   0.00     10      0      2      3
SNN      12   0.00     11      0      2      3
SEN      12   0.00     11      0      2      3
HO2       3   0.00      2      0      0      1
HO3       3   0.00      2      0      0      1

Accumulated no. of library entries loaded =  38

Qprep> Qprep> 
Reading force field parameter file.
Forcefield name:               Q-OPLSAA
Forcefield type:               AMBER
Lennard-Jones combination rule:GEOMETRIC
Scaling of 1-4 electrostatics: 0.500
Cut-off rule:                  switching atoms
Improper potential:            PERIODIC
Improper generation:           EXPLICIT
 Coulomb constant is set to the default value of 332.
Read   86 atom types
>>>>> WARNING: No SYBYL name for one or more atom types.
Read    0 atom type alias names
Read    0 LJ type 2 pairs
Read  124 bond types
Read   45 unique bond parameters
>>>>> WARNING: No SYBYL bond type for one or more bond types.
Read  246 angle types
Read   80  unique angle parameters
Read  587 torsion types
Read  166 unique torsion parameters
Read   61 improper types
Force field parameters successfully read.

Qprep> Qprep> 
PDB file contains  4651 atoms.
The number of atoms in the topology will be  4651
molecule    1: PRO     1 - SER   195
molecule    2: PRX   196
molecule    3: HO2   197
molecule    4: HOH   198
molecule    5: HOH   199
molecule    6: HOH   200
molecule    7: HOH   201
molecule    8: HOH   202
molecule    9: HOH   203
molecule   10: HOH   204
molecule   11: HOH   205
molecule   12: HOH   206
molecule   13: HOH   207
molecule   14: HOH   208
molecule   15: HOH   209
molecule   16: HOH   210
molecule   17: HOH   211
molecule   18: HOH   212
molecule   19: HOH   213
molecule   20: HOH   214
molecule   21: HOH   215
molecule   22: HOH   216
molecule   23: HOH   217
molecule   24: HOH   218
molecule   25: HOH   219
molecule   26: HOH   220
molecule   27: HOH   221
molecule   28: HOH   222
molecule   29: HOH   223
molecule   30: HOH   224
molecule   31: HOH   225
molecule   32: HOH   226
molecule   33: HOH   227
molecule   34: HOH   228
molecule   35: HOH   229
molecule   36: HOH   230
molecule   37: HOH   231
molecule   38: HOH   232
molecule   39: HOH   233
molecule   40: HOH   234
molecule   41: HOH   235
molecule   42: HOH   236
molecule   43: HOH   237
molecule   44: HOH   238
molecule   45: HOH   239
molecule   46: HOH   240
molecule   47: HOH   241
molecule   48: HOH   242
molecule   49: HOH   243
molecule   50: HOH   244
molecule   51: HOH   245
molecule   52: HOH   246
molecule   53: HOH   247
molecule   54: HOH   248
molecule   55: HOH   249
molecule   56: HOH   250
molecule   57: HOH   251
molecule   58: HOH   252
molecule   59: HOH   253
molecule   60: HOH   254
molecule   61: HOH   255
molecule   62: HOH   256
molecule   63: HOH   257
molecule   64: HOH   258
molecule   65: HOH   259
molecule   66: HOH   260
molecule   67: HOH   261
molecule   68: HOH   262
molecule   69: HOH   263
molecule   70: HOH   264
molecule   71: HOH   265
molecule   72: HOH   266
molecule   73: HOH   267
molecule   74: HOH   268
molecule   75: HOH   269
molecule   76: HOH   270
molecule   77: HOH   271
molecule   78: HOH   272
molecule   79: HOH   273
molecule   80: HOH   274
molecule   81: HOH   275
molecule   82: HOH   276
molecule   83: HOH   277
molecule   84: HOH   278
molecule   85: HOH   279
molecule   86: HOH   280
molecule   87: HOH   281
molecule   88: HOH   282
molecule   89: HOH   283
molecule   90: HOH   284
molecule   91: HOH   285
molecule   92: HOH   286
molecule   93: HOH   287
molecule   94: HOH   288
molecule   95: HOH   289
molecule   96: HOH   290
molecule   97: HOH   291
molecule   98: HOH   292
molecule   99: HOH   293
molecule  100: HOH   294
molecule  101: HOH   295
molecule  102: HOH   296
molecule  103: HOH   297
molecule  104: HOH   298
molecule  105: HOH   299
molecule  106: HOH   300
molecule  107: HOH   301
molecule  108: HOH   302
molecule  109: HOH   303
molecule  110: HOH   304
molecule  111: HOH   305
molecule  112: HOH   306
molecule  113: HOH   307
molecule  114: HOH   308
molecule  115: HOH   309
molecule  116: HOH   310
molecule  117: HOH   311
molecule  118: HOH   312
molecule  119: HOH   313
molecule  120: HOH   314
molecule  121: HOH   315
molecule  122: HOH   316
molecule  123: HOH   317
molecule  124: HOH   318
molecule  125: HOH   319
molecule  126: HOH   320
molecule  127: HOH   321
molecule  128: HOH   322
molecule  129: HOH   323
molecule  130: HOH   324
molecule  131: HOH   325
molecule  132: HOH   326
molecule  133: HOH   327
molecule  134: HOH   328
molecule  135: HOH   329
molecule  136: HOH   330
molecule  137: HOH   331
molecule  138: HOH   332
molecule  139: HOH   333
molecule  140: HOH   334
molecule  141: HOH   335
molecule  142: HOH   336
molecule  143: HOH   337
molecule  144: HOH   338
molecule  145: HOH   339
molecule  146: HOH   340
molecule  147: HOH   341
molecule  148: HOH   342
molecule  149: HOH   343
molecule  150: HOH   344
molecule  151: HOH   345
molecule  152: HOH   346
molecule  153: HOH   347
molecule  154: HOH   348
molecule  155: HOH   349
molecule  156: HOH   350
molecule  157: HOH   351
molecule  158: HOH   352
molecule  159: HOH   353
molecule  160: HOH   354
molecule  161: HOH   355
molecule  162: HOH   356
molecule  163: HOH   357
molecule  164: HOH   358
molecule  165: HOH   359
molecule  166: HOH   360
molecule  167: HOH   361
molecule  168: HOH   362
molecule  169: HOH   363
molecule  170: HOH   364
molecule  171: HOH   365
molecule  172: HOH   366
molecule  173: HOH   367
molecule  174: HOH   368
molecule  175: HOH   369
molecule  176: HOH   370
molecule  177: HOH   371
molecule  178: HOH   372
molecule  179: HOH   373
molecule  180: HOH   374
molecule  181: HOH   375
molecule  182: HOH   376
molecule  183: HOH   377
molecule  184: HOH   378
molecule  185: HOH   379
molecule  186: HOH   380
molecule  187: HOH   381
molecule  188: HOH   382
molecule  189: HOH   383
molecule  190: HOH   384
molecule  191: HOH   385
molecule  192: HOH   386
molecule  193: HOH   387
molecule  194: HOH   388
molecule  195: HOH   389
molecule  196: HOH   390
molecule  197: HOH   391
molecule  198: HOH   392
molecule  199: HOH   393
molecule  200: HOH   394
molecule  201: HOH   395
molecule  202: HOH   396
molecule  203: HOH   397
molecule  204: HOH   398
molecule  205: HOH   399
molecule  206: HOH   400
molecule  207: HOH   401
molecule  208: HOH   402
molecule  209: HOH   403
molecule  210: HOH   404
molecule  211: HOH   405
molecule  212: HOH   406
molecule  213: HOH   407
molecule  214: HOH   408
molecule  215: HOH   409
molecule  216: HOH   410
molecule  217: HOH   411
molecule  218: HOH   412
molecule  219: HOH   413
molecule  220: HOH   414
molecule  221: HOH   415
molecule  222: HOH   416
molecule  223: HOH   417
molecule  224: HOH   418
molecule  225: HOH   419
molecule  226: HOH   420
molecule  227: HOH   421
molecule  228: HOH   422
molecule  229: HOH   423
molecule  230: HOH   424
molecule  231: HOH   425
molecule  232: HOH   426
molecule  233: HOH   427
molecule  234: HOH   428
molecule  235: HOH   429
molecule  236: HOH   430
molecule  237: HOH   431
molecule  238: HOH   432
molecule  239: HOH   433
molecule  240: HOH   434
molecule  241: HOH   435
molecule  242: HOH   436
molecule  243: HOH   437
molecule  244: HOH   438
molecule  245: HOH   439
molecule  246: HOH   440
molecule  247: HOH   441
molecule  248: HOH   442
molecule  249: HOH   443
molecule  250: HOH   444
molecule  251: HOH   445
molecule  252: HOH   446
molecule  253: HOH   447
molecule  254: HOH   448
molecule  255: HOH   449
molecule  256: HOH   450
molecule  257: HOH   451
molecule  258: HOH   452
molecule  259: HOH   453
molecule  260: HOH   454
molecule  261: HOH   455
molecule  262: HOH   456
molecule  263: HOH   457
molecule  264: HOH   458
molecule  265: HOH   459
molecule  266: HOH   460
molecule  267: HOH   461
molecule  268: HOH   462
molecule  269: HOH   463
molecule  270: HOH   464
molecule  271: HOH   465
molecule  272: HOH   466
molecule  273: HOH   467
molecule  274: HOH   468
molecule  275: HOH   469
molecule  276: HOH   470
molecule  277: HOH   471
molecule  278: HOH   472
molecule  279: HOH   473
molecule  280: HOH   474
molecule  281: HOH   475
molecule  282: HOH   476
molecule  283: HOH   477
molecule  284: HOH   478
molecule  285: HOH   479
molecule  286: HOH   480
molecule  287: HOH   481
molecule  288: HOH   482
molecule  289: HOH   483
molecule  290: HOH   484
molecule  291: HOH   485
molecule  292: HOH   486
molecule  293: HOH   487
molecule  294: HOH   488
molecule  295: HOH   489
molecule  296: HOH   490
molecule  297: HOH   491
molecule  298: HOH   492
molecule  299: HOH   493
molecule  300: HOH   494
molecule  301: HOH   495
molecule  302: HOH   496
molecule  303: HOH   497
molecule  304: HOH   498
molecule  305: HOH   499
molecule  306: HOH   500
molecule  307: HOH   501
molecule  308: HOH   502
molecule  309: HOH   503
molecule  310: HOH   504
molecule  311: HOH   505
molecule  312: HOH   506
molecule  313: HOH   507
molecule  314: HOH   508
molecule  315: HOH   509
molecule  316: HOH   510
molecule  317: HOH   511
molecule  318: HOH   512
molecule  319: HOH   513
molecule  320: HOH   514
molecule  321: HOH   515
molecule  322: HOH   516
molecule  323: HOH   517
molecule  324: HOH   518
molecule  325: HOH   519
molecule  326: HOH   520
molecule  327: HOH   521
molecule  328: HOH   522
molecule  329: HOH   523
molecule  330: HOH   524
molecule  331: HOH   525
molecule  332: HOH   526
molecule  333: HOH   527
molecule  334: HOH   528
molecule  335: HOH   529
molecule  336: HOH   530
molecule  337: HOH   531
molecule  338: HOH   532
molecule  339: HOH   533
molecule  340: HOH   534
molecule  341: HOH   535
molecule  342: HOH   536
molecule  343: HOH   537
molecule  344: HOH   538
molecule  345: HOH   539
molecule  346: HOH   540
molecule  347: HOH   541
molecule  348: HOH   542
molecule  349: HOH   543
molecule  350: HOH   544
molecule  351: HOH   545
molecule  352: HOH   546
molecule  353: HOH   547
molecule  354: HOH   548
molecule  355: HOH   549
molecule  356: HOH   550
molecule  357: HOH   551
molecule  358: HOH   552
molecule  359: HOH   553
molecule  360: HOH   554
molecule  361: HOH   555
molecule  362: HOH   556
molecule  363: HOH   557
molecule  364: HOH   558
molecule  365: HOH   559
molecule  366: HOH   560
molecule  367: HOH   561
molecule  368: HOH   562
molecule  369: HOH   563
molecule  370: HOH   564
molecule  371: HOH   565
molecule  372: HOH   566
molecule  373: HOH   567
molecule  374: HOH   568
molecule  375: HOH   569
molecule  376: HOH   570
molecule  377: HOH   571
molecule  378: HOH   572
molecule  379: HOH   573
molecule  380: HOH   574
molecule  381: HOH   575
molecule  382: HOH   576
molecule  383: HOH   577
molecule  384: HOH   578
molecule  385: HOH   579
molecule  386: HOH   580
molecule  387: HOH   581
molecule  388: HOH   582
molecule  389: HOH   583
molecule  390: HOH   584
molecule  391: HOH   585
molecule  392: HOH   586
molecule  393: HOH   587
molecule  394: HOH   588
molecule  395: HOH   589
molecule  396: HOH   590
molecule  397: HOH   591
molecule  398: HOH   592
molecule  399: HOH   593
molecule  400: HOH   594
molecule  401: HOH   595
molecule  402: HOH   596
molecule  403: HOH   597
molecule  404: HOH   598
molecule  405: HOH   599
molecule  406: HOH   600
molecule  407: HOH   601
molecule  408: HOH   602
molecule  409: HOH   603
molecule  410: HOH   604
molecule  411: HOH   605
molecule  412: HOH   606
molecule  413: HOH   607
molecule  414: HOH   608
molecule  415: HOH   609
molecule  416: HOH   610
molecule  417: HOH   611
molecule  418: HOH   612
molecule  419: HOH   613
molecule  420: HOH   614
molecule  421: HOH   615
molecule  422: HOH   616
molecule  423: HOH   617
molecule  424: HOH   618
molecule  425: HOH   619
molecule  426: HOH   620
molecule  427: HOH   621
molecule  428: HOH   622
molecule  429: HOH   623
molecule  430: HOH   624
molecule  431: HOH   625
molecule  432: HOH   626
molecule  433: HOH   627
molecule  434: HOH   628
molecule  435: HOH   629
molecule  436: HOH   630
molecule  437: HOH   631
molecule  438: HOH   632
molecule  439: HOH   633
molecule  440: HOH   634
molecule  441: HOH   635
molecule  442: HOH   636
molecule  443: HOH   637
molecule  444: HOH   638
molecule  445: HOH   639
molecule  446: HOH   640
molecule  447: HOH   641
molecule  448: HOH   642
molecule  449: HOH   643
molecule  450: HOH   644
molecule  451: HOH   645
molecule  452: HOH   646
molecule  453: HOH   647
molecule  454: HOH   648
molecule  455: HOH   649
molecule  456: HOH   650
molecule  457: HOH   651
molecule  458: HOH   652
molecule  459: HOH   653
molecule  460: HOH   654
molecule  461: HOH   655
molecule  462: HOH   656
molecule  463: HOH   657
molecule  464: HOH   658
molecule  465: HOH   659
molecule  466: HOH   660
molecule  467: HOH   661
molecule  468: HOH   662
molecule  469: HOH   663
molecule  470: HOH   664
molecule  471: HOH   665
molecule  472: HOH   666
molecule  473: HOH   667
molecule  474: HOH   668
molecule  475: HOH   669
molecule  476: HOH   670
molecule  477: HOH   671
molecule  478: HOH   672
molecule  479: HOH   673
molecule  480: HOH   674
molecule  481: HOH   675
molecule  482: HOH   676
molecule  483: HOH   677
molecule  484: HOH   678
molecule  485: HOH   679
molecule  486: HOH   680
molecule  487: HOH   681
molecule  488: HOH   682
molecule  489: HOH   683
molecule  490: HOH   684
molecule  491: HOH   685
molecule  492: HOH   686
molecule  493: HOH   687
molecule  494: HOH   688
molecule  495: HOH   689
molecule  496: HOH   690
molecule  497: HOH   691
molecule  498: HOH   692
molecule  499: HOH   693
molecule  500: HOH   694
molecule  501: HOH   695
molecule  502: HOH   696
molecule  503: HOH   697
molecule  504: HOH   698
molecule  505: HOH   699
molecule  506: HOH   700
molecule  507: HOH   701
molecule  508: HOH   702
molecule  509: HOH   703
molecule  510: HOH   704
molecule  511: HOH   705
molecule  512: HOH   706
molecule  513: HOH   707
molecule  514: HOH   708
molecule  515: HOH   709
molecule  516: HOH   710
molecule  517: HOH   711
molecule  518: HOH   712
molecule  519: HOH   713
molecule  520: HOH   714
molecule  521: HOH   715
molecule  522: HOH   716
molecule  523: HOH   717
molecule  524: HOH   718
molecule  525: HOH   719
molecule  526: HOH   720
molecule  527: HOH   721
molecule  528: HOH   722
molecule  529: HOH   723
molecule  530: HOH   724
molecule  531: HOH   725
molecule  532: HOH   726
molecule  533: HOH   727
molecule  534: HOH   728

Successfully read PDB file with  534 molecules,
  728 residues totally (  197 in solute).
 4651 atoms totally ( 3058 in solute).

Sequence listing:

PRO  GLN  LYS  SER  LYS  VAL  ASP  CYX  ASN  LYS  GLY  VAL  THR  GLY  THR  VAL 
TYR  GLU  TYR  GLY  ALA  ASN  THR  ILE  ASP  GLY  GLY  GLU  PHE  VAL  ASN  PHE 
GLN  GLN  TYR  ALA  GLY  LYS  HID  ILE  LEU  PHE  VAL  ASN  VAL  ALA  SER  PHE 
CYS  GLY  LEU  THR  ALA  THR  TYR  PRO  GLU  LEU  ASN  THR  LEU  GLN  GLU  GLU 
LEU  LYS  PRO  PHE  ASN  VAL  THR  VAL  LEU  GLY  PHE  PRO  CYS  ASN  GLN  PHE 
GLY  LYS  GLN  GLU  PRO  GLY  LYS  ASN  SER  GLU  ILE  LEU  LEU  GLY  LEU  LYS 
TYR  VAL  ARG  PRO  GLY  GLY  GLY  TYR  VAL  PRO  ASN  PHE  GLN  LEU  PHE  GLU 
LYS  GLY  ASP  VAL  ASN  GLY  ASP  ASN  GLU  GLN  LYS  VAL  PHE  SER  PHE  LEU 
LYS  ASN  SER  CYX  PRO  PRO  THR  SER  GLU  LEU  PHE  GLY  SER  PRO  GLU  HID 
LEU  PHE  TRP  ASP  PRO  MET  LYS  VAL  HID  ASP  ILE  ARG  TRP  ASN  PHE  GLU 
LYS  PHE  LEU  VAL  GLY  PRO  ASP  GLY  VAL  PRO  VAL  MET  ARG  TRP  PHE  HID 
HID  THR  PRO  VAL  ARG  ILE  VAL  GLN  SER  ASP  ILE  MET  GLU  TYR  LEU  ASN 
GLN  THR  SER  PRX  HO2  HOH  HOH  HOH  HOH  HOH  HOH  HOH  HOH  HOH  HOH  HOH 
HOH  HOH  HOH  HOH  HOH  HOH  HOH  HOH  HOH  HOH  HOH  HOH  HOH  HOH  HOH  HOH 
HOH  HOH  HOH  HOH  HOH  HOH  HOH  HOH  HOH  HOH  HOH  HOH  HOH  HOH  HOH  HOH 
HOH  HOH  HOH  HOH  HOH  HOH  HOH  HOH  HOH  HOH  HOH  HOH  HOH  HOH  HOH  HOH 
HOH  HOH  HOH  HOH  HOH  HOH  HOH  HOH  HOH  HOH  HOH  HOH  HOH  HOH  HOH  HOH 
HOH  HOH  HOH  HOH  HOH  HOH  HOH  HOH  HOH  HOH  HOH  HOH  HOH  HOH  HOH  HOH 
HOH  HOH  HOH  HOH  HOH  HOH  HOH  HOH  HOH  HOH  HOH  HOH  HOH  HOH  HOH  HOH 
HOH  HOH  HOH  HOH  HOH  HOH  HOH  HOH  HOH  HOH  HOH  HOH  HOH  HOH  HOH  HOH 
HOH  HOH  HOH  HOH  HOH  HOH  HOH  HOH  HOH  HOH  HOH  HOH  HOH  HOH  HOH  HOH 
HOH  HOH  HOH  HOH  HOH  HOH  HOH  HOH  HOH  HOH  HOH  HOH  HOH  HOH  HOH  HOH 
HOH  HOH  HOH  HOH  HOH  HOH  HOH  HOH  HOH  HOH  HOH  HOH  HOH  HOH  HOH  HOH 
HOH  HOH  HOH  HOH  HOH  HOH  HOH  HOH  HOH  HOH  HOH  HOH  HOH  HOH  HOH  HOH 
HOH  HOH  HOH  HOH  HOH  HOH  HOH  HOH  HOH  HOH  HOH  HOH  HOH  HOH  HOH  HOH 
HOH  HOH  HOH  HOH  HOH  HOH  HOH  HOH  HOH  HOH  HOH  HOH  HOH  HOH  HOH  HOH 
HOH  HOH  HOH  HOH  HOH  HOH  HOH  HOH  HOH  HOH  HOH  HOH  HOH  HOH  HOH  HOH 
HOH  HOH  HOH  HOH  HOH  HOH  HOH  HOH  HOH  HOH  HOH  HOH  HOH  HOH  HOH  HOH 
HOH  HOH  HOH  HOH  HOH  HOH  HOH  HOH  HOH  HOH  HOH  HOH  HOH  HOH  HOH  HOH 
HOH  HOH  HOH  HOH  HOH  HOH  HOH  HOH  HOH  HOH  HOH  HOH  HOH  HOH  HOH  HOH 
HOH  HOH  HOH  HOH  HOH  HOH  HOH  HOH  HOH  HOH  HOH  HOH  HOH  HOH  HOH  HOH 
HOH  HOH  HOH  HOH  HOH  HOH  HOH  HOH  HOH  HOH  HOH  HOH  HOH  HOH  HOH  HOH 
HOH  HOH  HOH  HOH  HOH  HOH  HOH  HOH  HOH  HOH  HOH  HOH  HOH  HOH  HOH  HOH 
HOH  HOH  HOH  HOH  HOH  HOH  HOH  HOH  HOH  HOH  HOH  HOH  HOH  HOH  HOH  HOH 
HOH  HOH  HOH  HOH  HOH  HOH  HOH  HOH  HOH  HOH  HOH  HOH  HOH  HOH  HOH  HOH 
HOH  HOH  HOH  HOH  HOH  HOH  HOH  HOH  HOH  HOH  HOH  HOH  HOH  HOH  HOH  HOH 
HOH  HOH  HOH  HOH  HOH  HOH  HOH  HOH  HOH  HOH  HOH  HOH  HOH  HOH  HOH  HOH 
HOH  HOH  HOH  HOH  HOH  HOH  HOH  HOH  HOH  HOH  HOH  HOH  HOH  HOH  HOH  HOH 
HOH  HOH  HOH  HOH  HOH  HOH  HOH  HOH  HOH  HOH  HOH  HOH  HOH  HOH  HOH  HOH 
HOH  HOH  HOH  HOH  HOH  HOH  HOH  HOH  HOH  HOH  HOH  HOH  HOH  HOH  HOH  HOH 
HOH  HOH  HOH  HOH  HOH  HOH  HOH  HOH  HOH  HOH  HOH  HOH  HOH  HOH  HOH  HOH 
HOH  HOH  HOH  HOH  HOH  HOH  HOH  HOH  HOH  HOH  HOH  HOH  HOH  HOH  HOH  HOH 
HOH  HOH  HOH  HOH  HOH  HOH  HOH  HOH  HOH  HOH  HOH  HOH  HOH  HOH  HOH  HOH 
HOH  HOH  HOH  HOH  HOH  HOH  HOH  HOH  HOH  HOH  HOH  HOH  HOH  HOH  HOH  HOH 
HOH  HOH  HOH  HOH  HOH  HOH  HOH  HOH  HOH  HOH  HOH  HOH  HOH  HOH  HOH  HOH 
HOH  HOH  HOH  HOH  HOH  HOH  HOH  HOH 

Qprep> Qprep> Qprep> Qprep> 
Simulation sphere centre                   :     43.704  34.968  42.174
Simulation radius                          :     20.000
Qprep> Qprep> >>>>> WARNING: System has not been solvated.
Using boundary center as solvent center.
Assigned  4651 atom types.
Assigned  4651 atomic charges.
Made      3103 solute bonds.
Made         0 extra bonds.
Made      1593 solvent bonds.
Made      5597 solute angles.
Made       531 solvent angles.
Made     10854 solute torsions.
Made         0 solvent torsions.
Made       650 solute impropers.
Made         0 solvent impropers.
Made      8172 entries in the 1-4 neighbour list.
Made         4 entries in the long-range 1-4 neighbour list.
Made     10824 entries in list of excluded neighbours.
Made         0 entries in list of long-range excluded neighbours.
Made         0 solute hydrogens.
Made         0 solvent hydrogens.
Made      549 solute  charge groups comprising a total of   1790 atoms.
Made      531 solvent charge groups comprising a total of   1593 atoms.
Skipped   389excluded charge groups comprising a total of   1268 atoms.
Effective water radius                     : 19.35
Topology successfully generated.
Qprep> 

PDB file successfully written.

Qprep> 
---------------------------- Writing topology file ---------------------------
solute atoms                :   3058
solvent atoms               :   1593
solvent mol atoms           :      3
co-ordinates                :  13953
integer atom codes          :   4651
solute bonds                :   3103
solvent bonds               :   1593
bond parameters             :     35
solute angles               :   5597
solvent angles              :    531
angle parameters            :     54
torsions                    :  10854
torsion parameters          :    112
impropers                   :    650
improper parameters         :     25
charges                     :   4651
total charge of not excluded:  -0.70
charge groups               :   1080
atom type parameters        :     86
polar LJ pairs              :      0
neighbour list              :   8172
long-range neighbour list   :      4
neighbour exclusion list    :  10824
long-range exclusions       :      0
residues                    :    728
molecules                   :    534
Atom type names             :     86
SYBYL type information      :     86
excluded atom list          :   1268

Qprep> Qprep> 